[2023-03-03T00:01:15.993+0000] {processor.py:153} INFO - Started process (PID=2477) to work on /home/airflow/.local/lib/python3.7/site-packages/airflow/example_dags/example_short_circuit_decorator.py
[2023-03-03T00:01:18.313+0000] {processor.py:743} INFO - Processing file /home/airflow/.local/lib/python3.7/site-packages/airflow/example_dags/example_short_circuit_decorator.py for tasks to queue
[2023-03-03T00:01:18.528+0000] {logging_mixin.py:137} INFO - [2023-03-03T00:01:18.492+0000] {dagbag.py:538} INFO - Filling up the DagBag from /home/airflow/.local/lib/python3.7/site-packages/airflow/example_dags/example_short_circuit_decorator.py
[2023-03-03T01:02:33.793+0000] {processor.py:753} INFO - DAG(s) dict_keys(['example_short_circuit_decorator']) retrieved from /home/airflow/.local/lib/python3.7/site-packages/airflow/example_dags/example_short_circuit_decorator.py
[2023-03-03T04:51:26.021+0000] {processor.py:153} INFO - Started process (PID=2569) to work on /home/airflow/.local/lib/python3.7/site-packages/airflow/example_dags/example_short_circuit_decorator.py
[2023-03-03T04:51:26.023+0000] {processor.py:743} INFO - Processing file /home/airflow/.local/lib/python3.7/site-packages/airflow/example_dags/example_short_circuit_decorator.py for tasks to queue
[2023-03-03T04:51:26.026+0000] {logging_mixin.py:137} INFO - [2023-03-03T04:51:26.026+0000] {dagbag.py:538} INFO - Filling up the DagBag from /home/airflow/.local/lib/python3.7/site-packages/airflow/example_dags/example_short_circuit_decorator.py
[2023-03-03T04:51:26.066+0000] {processor.py:753} INFO - DAG(s) dict_keys(['example_short_circuit_decorator']) retrieved from /home/airflow/.local/lib/python3.7/site-packages/airflow/example_dags/example_short_circuit_decorator.py
[2023-03-03T04:51:26.126+0000] {logging_mixin.py:137} INFO - [2023-03-03T04:51:26.126+0000] {dag.py:2690} INFO - Sync 1 DAGs
[2023-03-03T04:51:26.151+0000] {logging_mixin.py:137} INFO - [2023-03-03T04:51:26.151+0000] {dag.py:3441} INFO - Setting next_dagrun for example_short_circuit_decorator to 2023-03-02T04:51:26.151356+00:00, run_after=2023-03-03T04:51:26.151356+00:00
[2023-03-03T04:51:26.185+0000] {processor.py:175} INFO - Processing /home/airflow/.local/lib/python3.7/site-packages/airflow/example_dags/example_short_circuit_decorator.py took 0.167 seconds
[2023-03-03T06:08:17.293+0000] {processor.py:153} INFO - Started process (PID=2624) to work on /home/airflow/.local/lib/python3.7/site-packages/airflow/example_dags/example_short_circuit_decorator.py
[2023-03-03T06:08:17.295+0000] {processor.py:743} INFO - Processing file /home/airflow/.local/lib/python3.7/site-packages/airflow/example_dags/example_short_circuit_decorator.py for tasks to queue
[2023-03-03T06:08:17.297+0000] {logging_mixin.py:137} INFO - [2023-03-03T06:08:17.296+0000] {dagbag.py:538} INFO - Filling up the DagBag from /home/airflow/.local/lib/python3.7/site-packages/airflow/example_dags/example_short_circuit_decorator.py
[2023-03-03T06:08:17.320+0000] {processor.py:753} INFO - DAG(s) dict_keys(['example_short_circuit_decorator']) retrieved from /home/airflow/.local/lib/python3.7/site-packages/airflow/example_dags/example_short_circuit_decorator.py
[2023-03-03T06:08:17.345+0000] {logging_mixin.py:137} INFO - [2023-03-03T06:08:17.345+0000] {dag.py:2690} INFO - Sync 1 DAGs
[2023-03-03T06:08:17.361+0000] {logging_mixin.py:137} INFO - [2023-03-03T06:08:17.361+0000] {dag.py:3441} INFO - Setting next_dagrun for example_short_circuit_decorator to 2023-03-02T06:08:17.361144+00:00, run_after=2023-03-03T06:08:17.361144+00:00
[2023-03-03T06:08:17.373+0000] {processor.py:175} INFO - Processing /home/airflow/.local/lib/python3.7/site-packages/airflow/example_dags/example_short_circuit_decorator.py took 0.084 seconds
[2023-03-03T06:59:15.454+0000] {processor.py:153} INFO - Started process (PID=2688) to work on /home/airflow/.local/lib/python3.7/site-packages/airflow/example_dags/example_short_circuit_decorator.py
[2023-03-03T06:59:15.459+0000] {processor.py:743} INFO - Processing file /home/airflow/.local/lib/python3.7/site-packages/airflow/example_dags/example_short_circuit_decorator.py for tasks to queue
[2023-03-03T06:59:15.473+0000] {logging_mixin.py:137} INFO - [2023-03-03T06:59:15.472+0000] {dagbag.py:538} INFO - Filling up the DagBag from /home/airflow/.local/lib/python3.7/site-packages/airflow/example_dags/example_short_circuit_decorator.py
[2023-03-03T06:59:15.514+0000] {processor.py:753} INFO - DAG(s) dict_keys(['example_short_circuit_decorator']) retrieved from /home/airflow/.local/lib/python3.7/site-packages/airflow/example_dags/example_short_circuit_decorator.py
[2023-03-03T06:59:15.566+0000] {logging_mixin.py:137} INFO - [2023-03-03T06:59:15.566+0000] {dag.py:2690} INFO - Sync 1 DAGs
[2023-03-03T06:59:15.593+0000] {logging_mixin.py:137} INFO - [2023-03-03T06:59:15.593+0000] {dag.py:3441} INFO - Setting next_dagrun for example_short_circuit_decorator to 2023-03-02T06:59:15.592891+00:00, run_after=2023-03-03T06:59:15.592891+00:00
[2023-03-03T06:59:15.620+0000] {processor.py:175} INFO - Processing /home/airflow/.local/lib/python3.7/site-packages/airflow/example_dags/example_short_circuit_decorator.py took 0.174 seconds
[2023-03-03T08:22:06.177+0000] {processor.py:153} INFO - Started process (PID=2751) to work on /home/airflow/.local/lib/python3.7/site-packages/airflow/example_dags/example_short_circuit_decorator.py
[2023-03-03T08:22:06.183+0000] {processor.py:743} INFO - Processing file /home/airflow/.local/lib/python3.7/site-packages/airflow/example_dags/example_short_circuit_decorator.py for tasks to queue
[2023-03-03T08:22:06.188+0000] {logging_mixin.py:137} INFO - [2023-03-03T08:22:06.188+0000] {dagbag.py:538} INFO - Filling up the DagBag from /home/airflow/.local/lib/python3.7/site-packages/airflow/example_dags/example_short_circuit_decorator.py
[2023-03-03T08:22:06.263+0000] {processor.py:753} INFO - DAG(s) dict_keys(['example_short_circuit_decorator']) retrieved from /home/airflow/.local/lib/python3.7/site-packages/airflow/example_dags/example_short_circuit_decorator.py
[2023-03-03T08:22:06.325+0000] {logging_mixin.py:137} INFO - [2023-03-03T08:22:06.325+0000] {dag.py:2690} INFO - Sync 1 DAGs
[2023-03-03T08:22:06.358+0000] {logging_mixin.py:137} INFO - [2023-03-03T08:22:06.357+0000] {dag.py:3441} INFO - Setting next_dagrun for example_short_circuit_decorator to 2023-03-02T08:22:06.357512+00:00, run_after=2023-03-03T08:22:06.357512+00:00
[2023-03-03T08:22:06.410+0000] {processor.py:175} INFO - Processing /home/airflow/.local/lib/python3.7/site-packages/airflow/example_dags/example_short_circuit_decorator.py took 0.241 seconds
[2023-03-03T08:57:39.560+0000] {processor.py:153} INFO - Started process (PID=2823) to work on /home/airflow/.local/lib/python3.7/site-packages/airflow/example_dags/example_short_circuit_decorator.py
[2023-03-03T08:57:39.594+0000] {processor.py:743} INFO - Processing file /home/airflow/.local/lib/python3.7/site-packages/airflow/example_dags/example_short_circuit_decorator.py for tasks to queue
[2023-03-03T08:57:39.600+0000] {logging_mixin.py:137} INFO - [2023-03-03T08:57:39.600+0000] {dagbag.py:538} INFO - Filling up the DagBag from /home/airflow/.local/lib/python3.7/site-packages/airflow/example_dags/example_short_circuit_decorator.py
[2023-03-03T08:57:39.915+0000] {processor.py:753} INFO - DAG(s) dict_keys(['example_short_circuit_decorator']) retrieved from /home/airflow/.local/lib/python3.7/site-packages/airflow/example_dags/example_short_circuit_decorator.py
[2023-03-03T08:57:40.126+0000] {logging_mixin.py:137} INFO - [2023-03-03T08:57:40.125+0000] {dag.py:2690} INFO - Sync 1 DAGs
[2023-03-03T08:57:40.292+0000] {logging_mixin.py:137} INFO - [2023-03-03T08:57:40.292+0000] {dag.py:3441} INFO - Setting next_dagrun for example_short_circuit_decorator to 2023-03-02T08:57:40.289490+00:00, run_after=2023-03-03T08:57:40.289490+00:00
[2023-03-03T08:57:40.397+0000] {processor.py:175} INFO - Processing /home/airflow/.local/lib/python3.7/site-packages/airflow/example_dags/example_short_circuit_decorator.py took 1.004 seconds
[2023-03-03T09:55:34.664+0000] {processor.py:153} INFO - Started process (PID=2889) to work on /home/airflow/.local/lib/python3.7/site-packages/airflow/example_dags/example_short_circuit_decorator.py
[2023-03-03T09:55:34.671+0000] {processor.py:743} INFO - Processing file /home/airflow/.local/lib/python3.7/site-packages/airflow/example_dags/example_short_circuit_decorator.py for tasks to queue
[2023-03-03T09:55:34.676+0000] {logging_mixin.py:137} INFO - [2023-03-03T09:55:34.675+0000] {dagbag.py:538} INFO - Filling up the DagBag from /home/airflow/.local/lib/python3.7/site-packages/airflow/example_dags/example_short_circuit_decorator.py
[2023-03-03T09:55:34.858+0000] {processor.py:753} INFO - DAG(s) dict_keys(['example_short_circuit_decorator']) retrieved from /home/airflow/.local/lib/python3.7/site-packages/airflow/example_dags/example_short_circuit_decorator.py
[2023-03-03T09:55:35.004+0000] {logging_mixin.py:137} INFO - [2023-03-03T09:55:35.002+0000] {dag.py:2690} INFO - Sync 1 DAGs
[2023-03-03T09:55:35.135+0000] {logging_mixin.py:137} INFO - [2023-03-03T09:55:35.134+0000] {dag.py:3441} INFO - Setting next_dagrun for example_short_circuit_decorator to 2023-03-02T09:55:35.133994+00:00, run_after=2023-03-03T09:55:35.133994+00:00
[2023-03-03T09:55:35.193+0000] {processor.py:175} INFO - Processing /home/airflow/.local/lib/python3.7/site-packages/airflow/example_dags/example_short_circuit_decorator.py took 0.550 seconds
[2023-03-03T10:18:25.225+0000] {processor.py:153} INFO - Started process (PID=2948) to work on /home/airflow/.local/lib/python3.7/site-packages/airflow/example_dags/example_short_circuit_decorator.py
[2023-03-03T10:18:25.226+0000] {processor.py:743} INFO - Processing file /home/airflow/.local/lib/python3.7/site-packages/airflow/example_dags/example_short_circuit_decorator.py for tasks to queue
[2023-03-03T10:18:25.228+0000] {logging_mixin.py:137} INFO - [2023-03-03T10:18:25.228+0000] {dagbag.py:538} INFO - Filling up the DagBag from /home/airflow/.local/lib/python3.7/site-packages/airflow/example_dags/example_short_circuit_decorator.py
[2023-03-03T10:18:25.255+0000] {processor.py:753} INFO - DAG(s) dict_keys(['example_short_circuit_decorator']) retrieved from /home/airflow/.local/lib/python3.7/site-packages/airflow/example_dags/example_short_circuit_decorator.py
[2023-03-03T10:18:25.281+0000] {logging_mixin.py:137} INFO - [2023-03-03T10:18:25.281+0000] {dag.py:2690} INFO - Sync 1 DAGs
[2023-03-03T10:18:25.351+0000] {logging_mixin.py:137} INFO - [2023-03-03T10:18:25.351+0000] {dag.py:3441} INFO - Setting next_dagrun for example_short_circuit_decorator to 2023-03-02T10:18:25.350617+00:00, run_after=2023-03-03T10:18:25.350617+00:00
[2023-03-03T10:18:25.409+0000] {processor.py:175} INFO - Processing /home/airflow/.local/lib/python3.7/site-packages/airflow/example_dags/example_short_circuit_decorator.py took 0.188 seconds
[2023-03-03T10:57:06.617+0000] {processor.py:153} INFO - Started process (PID=3014) to work on /home/airflow/.local/lib/python3.7/site-packages/airflow/example_dags/example_short_circuit_decorator.py
[2023-03-03T10:57:06.648+0000] {processor.py:743} INFO - Processing file /home/airflow/.local/lib/python3.7/site-packages/airflow/example_dags/example_short_circuit_decorator.py for tasks to queue
[2023-03-03T10:57:06.659+0000] {logging_mixin.py:137} INFO - [2023-03-03T10:57:06.659+0000] {dagbag.py:538} INFO - Filling up the DagBag from /home/airflow/.local/lib/python3.7/site-packages/airflow/example_dags/example_short_circuit_decorator.py
[2023-03-03T10:57:06.758+0000] {processor.py:753} INFO - DAG(s) dict_keys(['example_short_circuit_decorator']) retrieved from /home/airflow/.local/lib/python3.7/site-packages/airflow/example_dags/example_short_circuit_decorator.py
[2023-03-03T10:57:07.145+0000] {logging_mixin.py:137} INFO - [2023-03-03T10:57:07.145+0000] {dag.py:2690} INFO - Sync 1 DAGs
[2023-03-03T10:57:09.073+0000] {logging_mixin.py:137} INFO - [2023-03-03T10:57:09.070+0000] {dag.py:3441} INFO - Setting next_dagrun for example_short_circuit_decorator to 2023-03-02T10:57:09.066967+00:00, run_after=2023-03-03T10:57:09.066967+00:00
[2023-03-03T10:57:09.643+0000] {processor.py:175} INFO - Processing /home/airflow/.local/lib/python3.7/site-packages/airflow/example_dags/example_short_circuit_decorator.py took 3.032 seconds
[2023-03-03T11:18:58.785+0000] {processor.py:153} INFO - Started process (PID=3064) to work on /home/airflow/.local/lib/python3.7/site-packages/airflow/example_dags/example_short_circuit_decorator.py
[2023-03-03T11:18:58.787+0000] {processor.py:743} INFO - Processing file /home/airflow/.local/lib/python3.7/site-packages/airflow/example_dags/example_short_circuit_decorator.py for tasks to queue
[2023-03-03T11:18:58.788+0000] {logging_mixin.py:137} INFO - [2023-03-03T11:18:58.788+0000] {dagbag.py:538} INFO - Filling up the DagBag from /home/airflow/.local/lib/python3.7/site-packages/airflow/example_dags/example_short_circuit_decorator.py
[2023-03-03T11:18:58.808+0000] {processor.py:753} INFO - DAG(s) dict_keys(['example_short_circuit_decorator']) retrieved from /home/airflow/.local/lib/python3.7/site-packages/airflow/example_dags/example_short_circuit_decorator.py
[2023-03-03T11:18:58.844+0000] {logging_mixin.py:137} INFO - [2023-03-03T11:18:58.844+0000] {dag.py:2690} INFO - Sync 1 DAGs
[2023-03-03T11:18:58.864+0000] {logging_mixin.py:137} INFO - [2023-03-03T11:18:58.864+0000] {dag.py:3441} INFO - Setting next_dagrun for example_short_circuit_decorator to 2023-03-02T11:18:58.864159+00:00, run_after=2023-03-03T11:18:58.864159+00:00
[2023-03-03T11:18:58.889+0000] {processor.py:175} INFO - Processing /home/airflow/.local/lib/python3.7/site-packages/airflow/example_dags/example_short_circuit_decorator.py took 0.107 seconds
[2023-03-03T11:19:29.485+0000] {processor.py:153} INFO - Started process (PID=3140) to work on /home/airflow/.local/lib/python3.7/site-packages/airflow/example_dags/example_short_circuit_decorator.py
[2023-03-03T11:19:29.487+0000] {processor.py:743} INFO - Processing file /home/airflow/.local/lib/python3.7/site-packages/airflow/example_dags/example_short_circuit_decorator.py for tasks to queue
[2023-03-03T11:19:29.488+0000] {logging_mixin.py:137} INFO - [2023-03-03T11:19:29.488+0000] {dagbag.py:538} INFO - Filling up the DagBag from /home/airflow/.local/lib/python3.7/site-packages/airflow/example_dags/example_short_circuit_decorator.py
[2023-03-03T11:19:29.506+0000] {processor.py:753} INFO - DAG(s) dict_keys(['example_short_circuit_decorator']) retrieved from /home/airflow/.local/lib/python3.7/site-packages/airflow/example_dags/example_short_circuit_decorator.py
[2023-03-03T11:19:29.527+0000] {logging_mixin.py:137} INFO - [2023-03-03T11:19:29.527+0000] {dag.py:2690} INFO - Sync 1 DAGs
[2023-03-03T11:19:29.549+0000] {logging_mixin.py:137} INFO - [2023-03-03T11:19:29.549+0000] {dag.py:3441} INFO - Setting next_dagrun for example_short_circuit_decorator to 2023-03-02T11:19:29.548882+00:00, run_after=2023-03-03T11:19:29.548882+00:00
[2023-03-03T11:19:29.560+0000] {processor.py:175} INFO - Processing /home/airflow/.local/lib/python3.7/site-packages/airflow/example_dags/example_short_circuit_decorator.py took 0.078 seconds
[2023-03-03T11:20:00.169+0000] {processor.py:153} INFO - Started process (PID=3202) to work on /home/airflow/.local/lib/python3.7/site-packages/airflow/example_dags/example_short_circuit_decorator.py
[2023-03-03T11:20:00.171+0000] {processor.py:743} INFO - Processing file /home/airflow/.local/lib/python3.7/site-packages/airflow/example_dags/example_short_circuit_decorator.py for tasks to queue
[2023-03-03T11:20:00.172+0000] {logging_mixin.py:137} INFO - [2023-03-03T11:20:00.172+0000] {dagbag.py:538} INFO - Filling up the DagBag from /home/airflow/.local/lib/python3.7/site-packages/airflow/example_dags/example_short_circuit_decorator.py
[2023-03-03T11:20:00.194+0000] {processor.py:753} INFO - DAG(s) dict_keys(['example_short_circuit_decorator']) retrieved from /home/airflow/.local/lib/python3.7/site-packages/airflow/example_dags/example_short_circuit_decorator.py
[2023-03-03T11:20:00.222+0000] {logging_mixin.py:137} INFO - [2023-03-03T11:20:00.222+0000] {dag.py:2690} INFO - Sync 1 DAGs
[2023-03-03T11:20:00.240+0000] {logging_mixin.py:137} INFO - [2023-03-03T11:20:00.240+0000] {dag.py:3441} INFO - Setting next_dagrun for example_short_circuit_decorator to 2023-03-02T11:20:00.240131+00:00, run_after=2023-03-03T11:20:00.240131+00:00
[2023-03-03T11:20:00.253+0000] {processor.py:175} INFO - Processing /home/airflow/.local/lib/python3.7/site-packages/airflow/example_dags/example_short_circuit_decorator.py took 0.088 seconds
[2023-03-03T11:37:11.265+0000] {processor.py:153} INFO - Started process (PID=3253) to work on /home/airflow/.local/lib/python3.7/site-packages/airflow/example_dags/example_short_circuit_decorator.py
[2023-03-03T11:37:11.266+0000] {processor.py:743} INFO - Processing file /home/airflow/.local/lib/python3.7/site-packages/airflow/example_dags/example_short_circuit_decorator.py for tasks to queue
[2023-03-03T11:37:11.267+0000] {logging_mixin.py:137} INFO - [2023-03-03T11:37:11.267+0000] {dagbag.py:538} INFO - Filling up the DagBag from /home/airflow/.local/lib/python3.7/site-packages/airflow/example_dags/example_short_circuit_decorator.py
[2023-03-03T11:37:11.288+0000] {processor.py:753} INFO - DAG(s) dict_keys(['example_short_circuit_decorator']) retrieved from /home/airflow/.local/lib/python3.7/site-packages/airflow/example_dags/example_short_circuit_decorator.py
[2023-03-03T11:37:11.317+0000] {logging_mixin.py:137} INFO - [2023-03-03T11:37:11.316+0000] {dag.py:2690} INFO - Sync 1 DAGs
[2023-03-03T11:37:11.348+0000] {logging_mixin.py:137} INFO - [2023-03-03T11:37:11.348+0000] {dag.py:3441} INFO - Setting next_dagrun for example_short_circuit_decorator to 2023-03-02T11:37:11.347764+00:00, run_after=2023-03-03T11:37:11.347764+00:00
[2023-03-03T11:37:11.381+0000] {processor.py:175} INFO - Processing /home/airflow/.local/lib/python3.7/site-packages/airflow/example_dags/example_short_circuit_decorator.py took 0.119 seconds
[2023-03-03T11:37:42.341+0000] {processor.py:153} INFO - Started process (PID=3328) to work on /home/airflow/.local/lib/python3.7/site-packages/airflow/example_dags/example_short_circuit_decorator.py
[2023-03-03T11:37:42.342+0000] {processor.py:743} INFO - Processing file /home/airflow/.local/lib/python3.7/site-packages/airflow/example_dags/example_short_circuit_decorator.py for tasks to queue
[2023-03-03T11:37:42.343+0000] {logging_mixin.py:137} INFO - [2023-03-03T11:37:42.343+0000] {dagbag.py:538} INFO - Filling up the DagBag from /home/airflow/.local/lib/python3.7/site-packages/airflow/example_dags/example_short_circuit_decorator.py
[2023-03-03T11:37:42.364+0000] {processor.py:753} INFO - DAG(s) dict_keys(['example_short_circuit_decorator']) retrieved from /home/airflow/.local/lib/python3.7/site-packages/airflow/example_dags/example_short_circuit_decorator.py
[2023-03-03T11:37:42.402+0000] {logging_mixin.py:137} INFO - [2023-03-03T11:37:42.399+0000] {dag.py:2690} INFO - Sync 1 DAGs
[2023-03-03T11:37:42.460+0000] {logging_mixin.py:137} INFO - [2023-03-03T11:37:42.460+0000] {dag.py:3441} INFO - Setting next_dagrun for example_short_circuit_decorator to 2023-03-02T11:37:42.460379+00:00, run_after=2023-03-03T11:37:42.460379+00:00
[2023-03-03T11:37:42.478+0000] {processor.py:175} INFO - Processing /home/airflow/.local/lib/python3.7/site-packages/airflow/example_dags/example_short_circuit_decorator.py took 0.142 seconds
[2023-03-03T11:38:12.565+0000] {processor.py:153} INFO - Started process (PID=3391) to work on /home/airflow/.local/lib/python3.7/site-packages/airflow/example_dags/example_short_circuit_decorator.py
[2023-03-03T11:38:12.567+0000] {processor.py:743} INFO - Processing file /home/airflow/.local/lib/python3.7/site-packages/airflow/example_dags/example_short_circuit_decorator.py for tasks to queue
[2023-03-03T11:38:12.568+0000] {logging_mixin.py:137} INFO - [2023-03-03T11:38:12.567+0000] {dagbag.py:538} INFO - Filling up the DagBag from /home/airflow/.local/lib/python3.7/site-packages/airflow/example_dags/example_short_circuit_decorator.py
[2023-03-03T11:38:12.597+0000] {processor.py:753} INFO - DAG(s) dict_keys(['example_short_circuit_decorator']) retrieved from /home/airflow/.local/lib/python3.7/site-packages/airflow/example_dags/example_short_circuit_decorator.py
[2023-03-03T11:38:12.622+0000] {logging_mixin.py:137} INFO - [2023-03-03T11:38:12.622+0000] {dag.py:2690} INFO - Sync 1 DAGs
[2023-03-03T11:38:12.638+0000] {logging_mixin.py:137} INFO - [2023-03-03T11:38:12.638+0000] {dag.py:3441} INFO - Setting next_dagrun for example_short_circuit_decorator to 2023-03-02T11:38:12.638657+00:00, run_after=2023-03-03T11:38:12.638657+00:00
[2023-03-03T11:38:12.650+0000] {processor.py:175} INFO - Processing /home/airflow/.local/lib/python3.7/site-packages/airflow/example_dags/example_short_circuit_decorator.py took 0.087 seconds
[2023-03-03T11:38:42.858+0000] {processor.py:153} INFO - Started process (PID=3466) to work on /home/airflow/.local/lib/python3.7/site-packages/airflow/example_dags/example_short_circuit_decorator.py
[2023-03-03T11:38:42.860+0000] {processor.py:743} INFO - Processing file /home/airflow/.local/lib/python3.7/site-packages/airflow/example_dags/example_short_circuit_decorator.py for tasks to queue
[2023-03-03T11:38:42.860+0000] {logging_mixin.py:137} INFO - [2023-03-03T11:38:42.860+0000] {dagbag.py:538} INFO - Filling up the DagBag from /home/airflow/.local/lib/python3.7/site-packages/airflow/example_dags/example_short_circuit_decorator.py
[2023-03-03T11:38:42.877+0000] {processor.py:753} INFO - DAG(s) dict_keys(['example_short_circuit_decorator']) retrieved from /home/airflow/.local/lib/python3.7/site-packages/airflow/example_dags/example_short_circuit_decorator.py
[2023-03-03T11:38:42.903+0000] {logging_mixin.py:137} INFO - [2023-03-03T11:38:42.902+0000] {dag.py:2690} INFO - Sync 1 DAGs
[2023-03-03T11:38:42.921+0000] {logging_mixin.py:137} INFO - [2023-03-03T11:38:42.921+0000] {dag.py:3441} INFO - Setting next_dagrun for example_short_circuit_decorator to 2023-03-02T11:38:42.920904+00:00, run_after=2023-03-03T11:38:42.920904+00:00
[2023-03-03T11:38:42.937+0000] {processor.py:175} INFO - Processing /home/airflow/.local/lib/python3.7/site-packages/airflow/example_dags/example_short_circuit_decorator.py took 0.082 seconds
[2023-03-03T11:39:13.094+0000] {processor.py:153} INFO - Started process (PID=3529) to work on /home/airflow/.local/lib/python3.7/site-packages/airflow/example_dags/example_short_circuit_decorator.py
[2023-03-03T11:39:13.095+0000] {processor.py:743} INFO - Processing file /home/airflow/.local/lib/python3.7/site-packages/airflow/example_dags/example_short_circuit_decorator.py for tasks to queue
[2023-03-03T11:39:13.096+0000] {logging_mixin.py:137} INFO - [2023-03-03T11:39:13.096+0000] {dagbag.py:538} INFO - Filling up the DagBag from /home/airflow/.local/lib/python3.7/site-packages/airflow/example_dags/example_short_circuit_decorator.py
[2023-03-03T11:39:13.119+0000] {processor.py:753} INFO - DAG(s) dict_keys(['example_short_circuit_decorator']) retrieved from /home/airflow/.local/lib/python3.7/site-packages/airflow/example_dags/example_short_circuit_decorator.py
[2023-03-03T11:39:13.139+0000] {logging_mixin.py:137} INFO - [2023-03-03T11:39:13.139+0000] {dag.py:2690} INFO - Sync 1 DAGs
[2023-03-03T11:39:13.154+0000] {logging_mixin.py:137} INFO - [2023-03-03T11:39:13.154+0000] {dag.py:3441} INFO - Setting next_dagrun for example_short_circuit_decorator to 2023-03-02T11:39:13.154208+00:00, run_after=2023-03-03T11:39:13.154208+00:00
[2023-03-03T11:39:13.165+0000] {processor.py:175} INFO - Processing /home/airflow/.local/lib/python3.7/site-packages/airflow/example_dags/example_short_circuit_decorator.py took 0.076 seconds
[2023-03-03T11:39:44.083+0000] {processor.py:153} INFO - Started process (PID=3605) to work on /home/airflow/.local/lib/python3.7/site-packages/airflow/example_dags/example_short_circuit_decorator.py
[2023-03-03T11:39:44.086+0000] {processor.py:743} INFO - Processing file /home/airflow/.local/lib/python3.7/site-packages/airflow/example_dags/example_short_circuit_decorator.py for tasks to queue
[2023-03-03T11:39:44.089+0000] {logging_mixin.py:137} INFO - [2023-03-03T11:39:44.088+0000] {dagbag.py:538} INFO - Filling up the DagBag from /home/airflow/.local/lib/python3.7/site-packages/airflow/example_dags/example_short_circuit_decorator.py
[2023-03-03T11:39:44.135+0000] {processor.py:753} INFO - DAG(s) dict_keys(['example_short_circuit_decorator']) retrieved from /home/airflow/.local/lib/python3.7/site-packages/airflow/example_dags/example_short_circuit_decorator.py
[2023-03-03T11:39:44.191+0000] {logging_mixin.py:137} INFO - [2023-03-03T11:39:44.190+0000] {dag.py:2690} INFO - Sync 1 DAGs
[2023-03-03T11:39:44.218+0000] {logging_mixin.py:137} INFO - [2023-03-03T11:39:44.218+0000] {dag.py:3441} INFO - Setting next_dagrun for example_short_circuit_decorator to 2023-03-02T11:39:44.218052+00:00, run_after=2023-03-03T11:39:44.218052+00:00
[2023-03-03T11:39:44.250+0000] {processor.py:175} INFO - Processing /home/airflow/.local/lib/python3.7/site-packages/airflow/example_dags/example_short_circuit_decorator.py took 0.182 seconds
[2023-03-03T11:55:24.090+0000] {processor.py:153} INFO - Started process (PID=3667) to work on /home/airflow/.local/lib/python3.7/site-packages/airflow/example_dags/example_short_circuit_decorator.py
[2023-03-03T11:55:24.091+0000] {processor.py:743} INFO - Processing file /home/airflow/.local/lib/python3.7/site-packages/airflow/example_dags/example_short_circuit_decorator.py for tasks to queue
[2023-03-03T11:55:24.092+0000] {logging_mixin.py:137} INFO - [2023-03-03T11:55:24.092+0000] {dagbag.py:538} INFO - Filling up the DagBag from /home/airflow/.local/lib/python3.7/site-packages/airflow/example_dags/example_short_circuit_decorator.py
[2023-03-03T11:55:24.112+0000] {processor.py:753} INFO - DAG(s) dict_keys(['example_short_circuit_decorator']) retrieved from /home/airflow/.local/lib/python3.7/site-packages/airflow/example_dags/example_short_circuit_decorator.py
[2023-03-03T11:55:24.168+0000] {logging_mixin.py:137} INFO - [2023-03-03T11:55:24.168+0000] {dag.py:2690} INFO - Sync 1 DAGs
[2023-03-03T11:55:24.215+0000] {logging_mixin.py:137} INFO - [2023-03-03T11:55:24.215+0000] {dag.py:3441} INFO - Setting next_dagrun for example_short_circuit_decorator to 2023-03-02T11:55:24.214565+00:00, run_after=2023-03-03T11:55:24.214565+00:00
[2023-03-03T11:55:24.236+0000] {processor.py:175} INFO - Processing /home/airflow/.local/lib/python3.7/site-packages/airflow/example_dags/example_short_circuit_decorator.py took 0.150 seconds
[2023-03-03T12:52:42.383+0000] {processor.py:153} INFO - Started process (PID=3729) to work on /home/airflow/.local/lib/python3.7/site-packages/airflow/example_dags/example_short_circuit_decorator.py
[2023-03-03T12:52:42.385+0000] {processor.py:743} INFO - Processing file /home/airflow/.local/lib/python3.7/site-packages/airflow/example_dags/example_short_circuit_decorator.py for tasks to queue
[2023-03-03T12:52:42.385+0000] {logging_mixin.py:137} INFO - [2023-03-03T12:52:42.385+0000] {dagbag.py:538} INFO - Filling up the DagBag from /home/airflow/.local/lib/python3.7/site-packages/airflow/example_dags/example_short_circuit_decorator.py
[2023-03-03T12:52:42.404+0000] {processor.py:753} INFO - DAG(s) dict_keys(['example_short_circuit_decorator']) retrieved from /home/airflow/.local/lib/python3.7/site-packages/airflow/example_dags/example_short_circuit_decorator.py
[2023-03-03T12:52:42.427+0000] {logging_mixin.py:137} INFO - [2023-03-03T12:52:42.427+0000] {dag.py:2690} INFO - Sync 1 DAGs
[2023-03-03T12:52:42.444+0000] {logging_mixin.py:137} INFO - [2023-03-03T12:52:42.444+0000] {dag.py:3441} INFO - Setting next_dagrun for example_short_circuit_decorator to 2023-03-02T12:52:42.444341+00:00, run_after=2023-03-03T12:52:42.444341+00:00
[2023-03-03T12:52:42.461+0000] {processor.py:175} INFO - Processing /home/airflow/.local/lib/python3.7/site-packages/airflow/example_dags/example_short_circuit_decorator.py took 0.081 seconds
[2023-03-03T14:00:49.637+0000] {processor.py:153} INFO - Started process (PID=3801) to work on /home/airflow/.local/lib/python3.7/site-packages/airflow/example_dags/example_short_circuit_decorator.py
[2023-03-03T14:00:49.647+0000] {processor.py:743} INFO - Processing file /home/airflow/.local/lib/python3.7/site-packages/airflow/example_dags/example_short_circuit_decorator.py for tasks to queue
[2023-03-03T14:00:49.660+0000] {logging_mixin.py:137} INFO - [2023-03-03T14:00:49.659+0000] {dagbag.py:538} INFO - Filling up the DagBag from /home/airflow/.local/lib/python3.7/site-packages/airflow/example_dags/example_short_circuit_decorator.py
[2023-03-03T14:00:51.399+0000] {processor.py:753} INFO - DAG(s) dict_keys(['example_short_circuit_decorator']) retrieved from /home/airflow/.local/lib/python3.7/site-packages/airflow/example_dags/example_short_circuit_decorator.py
[2023-03-03T14:00:55.221+0000] {logging_mixin.py:137} INFO - [2023-03-03T14:00:55.219+0000] {dag.py:2690} INFO - Sync 1 DAGs
[2023-03-03T14:00:55.508+0000] {logging_mixin.py:137} INFO - [2023-03-03T14:00:55.506+0000] {dag.py:3441} INFO - Setting next_dagrun for example_short_circuit_decorator to 2023-03-02T14:00:55.505079+00:00, run_after=2023-03-03T14:00:55.505079+00:00
[2023-03-03T14:00:55.636+0000] {processor.py:175} INFO - Processing /home/airflow/.local/lib/python3.7/site-packages/airflow/example_dags/example_short_circuit_decorator.py took 6.095 seconds
[2023-03-03T14:44:30.559+0000] {processor.py:153} INFO - Started process (PID=3855) to work on /home/airflow/.local/lib/python3.7/site-packages/airflow/example_dags/example_short_circuit_decorator.py
[2023-03-03T14:44:30.565+0000] {processor.py:743} INFO - Processing file /home/airflow/.local/lib/python3.7/site-packages/airflow/example_dags/example_short_circuit_decorator.py for tasks to queue
[2023-03-03T14:44:30.568+0000] {logging_mixin.py:137} INFO - [2023-03-03T14:44:30.568+0000] {dagbag.py:538} INFO - Filling up the DagBag from /home/airflow/.local/lib/python3.7/site-packages/airflow/example_dags/example_short_circuit_decorator.py
[2023-03-03T14:44:30.624+0000] {processor.py:753} INFO - DAG(s) dict_keys(['example_short_circuit_decorator']) retrieved from /home/airflow/.local/lib/python3.7/site-packages/airflow/example_dags/example_short_circuit_decorator.py
[2023-03-03T14:44:30.667+0000] {logging_mixin.py:137} INFO - [2023-03-03T14:44:30.666+0000] {dag.py:2690} INFO - Sync 1 DAGs
[2023-03-03T14:44:30.698+0000] {logging_mixin.py:137} INFO - [2023-03-03T14:44:30.698+0000] {dag.py:3441} INFO - Setting next_dagrun for example_short_circuit_decorator to 2023-03-02T14:44:30.697139+00:00, run_after=2023-03-03T14:44:30.697139+00:00
[2023-03-03T14:44:30.730+0000] {processor.py:175} INFO - Processing /home/airflow/.local/lib/python3.7/site-packages/airflow/example_dags/example_short_circuit_decorator.py took 0.181 seconds
[2023-03-03T15:49:32.322+0000] {processor.py:153} INFO - Started process (PID=3918) to work on /home/airflow/.local/lib/python3.7/site-packages/airflow/example_dags/example_short_circuit_decorator.py
[2023-03-03T15:49:32.325+0000] {processor.py:743} INFO - Processing file /home/airflow/.local/lib/python3.7/site-packages/airflow/example_dags/example_short_circuit_decorator.py for tasks to queue
[2023-03-03T15:49:32.327+0000] {logging_mixin.py:137} INFO - [2023-03-03T15:49:32.327+0000] {dagbag.py:538} INFO - Filling up the DagBag from /home/airflow/.local/lib/python3.7/site-packages/airflow/example_dags/example_short_circuit_decorator.py
[2023-03-03T15:49:32.401+0000] {processor.py:753} INFO - DAG(s) dict_keys(['example_short_circuit_decorator']) retrieved from /home/airflow/.local/lib/python3.7/site-packages/airflow/example_dags/example_short_circuit_decorator.py
[2023-03-03T15:49:32.569+0000] {logging_mixin.py:137} INFO - [2023-03-03T15:49:32.568+0000] {dag.py:2690} INFO - Sync 1 DAGs
[2023-03-03T15:49:32.643+0000] {logging_mixin.py:137} INFO - [2023-03-03T15:49:32.643+0000] {dag.py:3441} INFO - Setting next_dagrun for example_short_circuit_decorator to 2023-03-02T15:49:32.642631+00:00, run_after=2023-03-03T15:49:32.642631+00:00
[2023-03-03T15:49:32.695+0000] {processor.py:175} INFO - Processing /home/airflow/.local/lib/python3.7/site-packages/airflow/example_dags/example_short_circuit_decorator.py took 0.381 seconds
[2023-03-03T16:32:31.605+0000] {processor.py:153} INFO - Started process (PID=3968) to work on /home/airflow/.local/lib/python3.7/site-packages/airflow/example_dags/example_short_circuit_decorator.py
[2023-03-03T16:32:31.622+0000] {processor.py:743} INFO - Processing file /home/airflow/.local/lib/python3.7/site-packages/airflow/example_dags/example_short_circuit_decorator.py for tasks to queue
[2023-03-03T16:32:31.628+0000] {logging_mixin.py:137} INFO - [2023-03-03T16:32:31.628+0000] {dagbag.py:538} INFO - Filling up the DagBag from /home/airflow/.local/lib/python3.7/site-packages/airflow/example_dags/example_short_circuit_decorator.py
[2023-03-03T16:32:31.694+0000] {processor.py:753} INFO - DAG(s) dict_keys(['example_short_circuit_decorator']) retrieved from /home/airflow/.local/lib/python3.7/site-packages/airflow/example_dags/example_short_circuit_decorator.py
[2023-03-03T16:32:31.753+0000] {logging_mixin.py:137} INFO - [2023-03-03T16:32:31.753+0000] {dag.py:2690} INFO - Sync 1 DAGs
[2023-03-03T16:32:31.815+0000] {logging_mixin.py:137} INFO - [2023-03-03T16:32:31.814+0000] {dag.py:3441} INFO - Setting next_dagrun for example_short_circuit_decorator to 2023-03-02T16:32:31.811199+00:00, run_after=2023-03-03T16:32:31.811199+00:00
[2023-03-03T16:32:31.887+0000] {processor.py:175} INFO - Processing /home/airflow/.local/lib/python3.7/site-packages/airflow/example_dags/example_short_circuit_decorator.py took 0.303 seconds
[2023-03-03T16:34:14.843+0000] {processor.py:153} INFO - Started process (PID=4032) to work on /home/airflow/.local/lib/python3.7/site-packages/airflow/example_dags/example_short_circuit_decorator.py
[2023-03-03T16:34:14.845+0000] {processor.py:743} INFO - Processing file /home/airflow/.local/lib/python3.7/site-packages/airflow/example_dags/example_short_circuit_decorator.py for tasks to queue
[2023-03-03T16:34:14.845+0000] {logging_mixin.py:137} INFO - [2023-03-03T16:34:14.845+0000] {dagbag.py:538} INFO - Filling up the DagBag from /home/airflow/.local/lib/python3.7/site-packages/airflow/example_dags/example_short_circuit_decorator.py
[2023-03-03T16:34:14.864+0000] {processor.py:753} INFO - DAG(s) dict_keys(['example_short_circuit_decorator']) retrieved from /home/airflow/.local/lib/python3.7/site-packages/airflow/example_dags/example_short_circuit_decorator.py
[2023-03-03T16:34:14.890+0000] {logging_mixin.py:137} INFO - [2023-03-03T16:34:14.890+0000] {dag.py:2690} INFO - Sync 1 DAGs
[2023-03-03T16:34:14.911+0000] {logging_mixin.py:137} INFO - [2023-03-03T16:34:14.911+0000] {dag.py:3441} INFO - Setting next_dagrun for example_short_circuit_decorator to 2023-03-02T16:34:14.910813+00:00, run_after=2023-03-03T16:34:14.910813+00:00
[2023-03-03T16:34:14.923+0000] {processor.py:175} INFO - Processing /home/airflow/.local/lib/python3.7/site-packages/airflow/example_dags/example_short_circuit_decorator.py took 0.083 seconds
[2023-03-03T16:51:20.009+0000] {processor.py:153} INFO - Started process (PID=4105) to work on /home/airflow/.local/lib/python3.7/site-packages/airflow/example_dags/example_short_circuit_decorator.py
[2023-03-03T16:51:20.011+0000] {processor.py:743} INFO - Processing file /home/airflow/.local/lib/python3.7/site-packages/airflow/example_dags/example_short_circuit_decorator.py for tasks to queue
[2023-03-03T16:51:20.012+0000] {logging_mixin.py:137} INFO - [2023-03-03T16:51:20.012+0000] {dagbag.py:538} INFO - Filling up the DagBag from /home/airflow/.local/lib/python3.7/site-packages/airflow/example_dags/example_short_circuit_decorator.py
[2023-03-03T16:51:20.059+0000] {processor.py:753} INFO - DAG(s) dict_keys(['example_short_circuit_decorator']) retrieved from /home/airflow/.local/lib/python3.7/site-packages/airflow/example_dags/example_short_circuit_decorator.py
[2023-03-03T16:51:20.096+0000] {logging_mixin.py:137} INFO - [2023-03-03T16:51:20.096+0000] {dag.py:2690} INFO - Sync 1 DAGs
[2023-03-03T16:51:20.125+0000] {logging_mixin.py:137} INFO - [2023-03-03T16:51:20.124+0000] {dag.py:3441} INFO - Setting next_dagrun for example_short_circuit_decorator to 2023-03-02T16:51:20.123440+00:00, run_after=2023-03-03T16:51:20.123440+00:00
[2023-03-03T16:51:20.159+0000] {processor.py:175} INFO - Processing /home/airflow/.local/lib/python3.7/site-packages/airflow/example_dags/example_short_circuit_decorator.py took 0.154 seconds
[2023-03-03T17:25:22.528+0000] {processor.py:153} INFO - Started process (PID=4171) to work on /home/airflow/.local/lib/python3.7/site-packages/airflow/example_dags/example_short_circuit_decorator.py
[2023-03-03T17:25:22.530+0000] {processor.py:743} INFO - Processing file /home/airflow/.local/lib/python3.7/site-packages/airflow/example_dags/example_short_circuit_decorator.py for tasks to queue
[2023-03-03T17:25:22.531+0000] {logging_mixin.py:137} INFO - [2023-03-03T17:25:22.531+0000] {dagbag.py:538} INFO - Filling up the DagBag from /home/airflow/.local/lib/python3.7/site-packages/airflow/example_dags/example_short_circuit_decorator.py
[2023-03-03T17:25:22.564+0000] {processor.py:753} INFO - DAG(s) dict_keys(['example_short_circuit_decorator']) retrieved from /home/airflow/.local/lib/python3.7/site-packages/airflow/example_dags/example_short_circuit_decorator.py
[2023-03-03T17:25:22.591+0000] {logging_mixin.py:137} INFO - [2023-03-03T17:25:22.591+0000] {dag.py:2690} INFO - Sync 1 DAGs
[2023-03-03T17:25:22.618+0000] {logging_mixin.py:137} INFO - [2023-03-03T17:25:22.617+0000] {dag.py:3441} INFO - Setting next_dagrun for example_short_circuit_decorator to 2023-03-02T17:25:22.617645+00:00, run_after=2023-03-03T17:25:22.617645+00:00
[2023-03-03T17:25:22.631+0000] {processor.py:175} INFO - Processing /home/airflow/.local/lib/python3.7/site-packages/airflow/example_dags/example_short_circuit_decorator.py took 0.106 seconds
[2023-03-03T18:12:16.314+0000] {processor.py:153} INFO - Started process (PID=4233) to work on /home/airflow/.local/lib/python3.7/site-packages/airflow/example_dags/example_short_circuit_decorator.py
[2023-03-03T18:12:16.317+0000] {processor.py:743} INFO - Processing file /home/airflow/.local/lib/python3.7/site-packages/airflow/example_dags/example_short_circuit_decorator.py for tasks to queue
[2023-03-03T18:12:16.319+0000] {logging_mixin.py:137} INFO - [2023-03-03T18:12:16.319+0000] {dagbag.py:538} INFO - Filling up the DagBag from /home/airflow/.local/lib/python3.7/site-packages/airflow/example_dags/example_short_circuit_decorator.py
[2023-03-03T18:12:16.348+0000] {processor.py:753} INFO - DAG(s) dict_keys(['example_short_circuit_decorator']) retrieved from /home/airflow/.local/lib/python3.7/site-packages/airflow/example_dags/example_short_circuit_decorator.py
[2023-03-03T18:12:16.393+0000] {logging_mixin.py:137} INFO - [2023-03-03T18:12:16.393+0000] {dag.py:2690} INFO - Sync 1 DAGs
[2023-03-03T18:12:16.423+0000] {logging_mixin.py:137} INFO - [2023-03-03T18:12:16.423+0000] {dag.py:3441} INFO - Setting next_dagrun for example_short_circuit_decorator to 2023-03-02T18:12:16.423425+00:00, run_after=2023-03-03T18:12:16.423425+00:00
[2023-03-03T18:12:16.439+0000] {processor.py:175} INFO - Processing /home/airflow/.local/lib/python3.7/site-packages/airflow/example_dags/example_short_circuit_decorator.py took 0.138 seconds
[2023-03-03T18:42:09.378+0000] {processor.py:153} INFO - Started process (PID=4306) to work on /home/airflow/.local/lib/python3.7/site-packages/airflow/example_dags/example_short_circuit_decorator.py
[2023-03-03T18:42:09.457+0000] {processor.py:743} INFO - Processing file /home/airflow/.local/lib/python3.7/site-packages/airflow/example_dags/example_short_circuit_decorator.py for tasks to queue
[2023-03-03T18:42:09.468+0000] {logging_mixin.py:137} INFO - [2023-03-03T18:42:09.467+0000] {dagbag.py:538} INFO - Filling up the DagBag from /home/airflow/.local/lib/python3.7/site-packages/airflow/example_dags/example_short_circuit_decorator.py
[2023-03-03T18:42:10.099+0000] {processor.py:753} INFO - DAG(s) dict_keys(['example_short_circuit_decorator']) retrieved from /home/airflow/.local/lib/python3.7/site-packages/airflow/example_dags/example_short_circuit_decorator.py
[2023-03-03T18:42:10.455+0000] {logging_mixin.py:137} INFO - [2023-03-03T18:42:10.455+0000] {dag.py:2690} INFO - Sync 1 DAGs
[2023-03-03T18:42:11.032+0000] {logging_mixin.py:137} INFO - [2023-03-03T18:42:11.029+0000] {dag.py:3441} INFO - Setting next_dagrun for example_short_circuit_decorator to 2023-03-02T18:42:11.017865+00:00, run_after=2023-03-03T18:42:11.017865+00:00
[2023-03-03T18:42:11.515+0000] {processor.py:175} INFO - Processing /home/airflow/.local/lib/python3.7/site-packages/airflow/example_dags/example_short_circuit_decorator.py took 2.269 seconds
[2023-03-03T18:58:49.967+0000] {processor.py:153} INFO - Started process (PID=4366) to work on /home/airflow/.local/lib/python3.7/site-packages/airflow/example_dags/example_short_circuit_decorator.py
[2023-03-03T18:58:49.971+0000] {processor.py:743} INFO - Processing file /home/airflow/.local/lib/python3.7/site-packages/airflow/example_dags/example_short_circuit_decorator.py for tasks to queue
[2023-03-03T18:58:49.974+0000] {logging_mixin.py:137} INFO - [2023-03-03T18:58:49.974+0000] {dagbag.py:538} INFO - Filling up the DagBag from /home/airflow/.local/lib/python3.7/site-packages/airflow/example_dags/example_short_circuit_decorator.py
[2023-03-03T18:58:50.033+0000] {processor.py:753} INFO - DAG(s) dict_keys(['example_short_circuit_decorator']) retrieved from /home/airflow/.local/lib/python3.7/site-packages/airflow/example_dags/example_short_circuit_decorator.py
[2023-03-03T18:58:50.105+0000] {logging_mixin.py:137} INFO - [2023-03-03T18:58:50.105+0000] {dag.py:2690} INFO - Sync 1 DAGs
[2023-03-03T18:58:50.174+0000] {logging_mixin.py:137} INFO - [2023-03-03T18:58:50.174+0000] {dag.py:3441} INFO - Setting next_dagrun for example_short_circuit_decorator to 2023-03-02T18:58:50.173395+00:00, run_after=2023-03-03T18:58:50.173395+00:00
[2023-03-03T18:58:50.260+0000] {processor.py:175} INFO - Processing /home/airflow/.local/lib/python3.7/site-packages/airflow/example_dags/example_short_circuit_decorator.py took 0.308 seconds
[2023-03-03T19:43:52.467+0000] {processor.py:153} INFO - Started process (PID=4392) to work on /home/airflow/.local/lib/python3.7/site-packages/airflow/example_dags/example_short_circuit_decorator.py
[2023-03-03T19:43:52.471+0000] {processor.py:743} INFO - Processing file /home/airflow/.local/lib/python3.7/site-packages/airflow/example_dags/example_short_circuit_decorator.py for tasks to queue
[2023-03-03T19:43:52.474+0000] {logging_mixin.py:137} INFO - [2023-03-03T19:43:52.474+0000] {dagbag.py:538} INFO - Filling up the DagBag from /home/airflow/.local/lib/python3.7/site-packages/airflow/example_dags/example_short_circuit_decorator.py
[2023-03-03T19:43:52.571+0000] {processor.py:753} INFO - DAG(s) dict_keys(['example_short_circuit_decorator']) retrieved from /home/airflow/.local/lib/python3.7/site-packages/airflow/example_dags/example_short_circuit_decorator.py
[2023-03-03T19:43:52.675+0000] {logging_mixin.py:137} INFO - [2023-03-03T19:43:52.674+0000] {dag.py:2690} INFO - Sync 1 DAGs
[2023-03-03T19:43:52.788+0000] {logging_mixin.py:137} INFO - [2023-03-03T19:43:52.787+0000] {dag.py:3441} INFO - Setting next_dagrun for example_short_circuit_decorator to 2023-03-02T19:43:52.782709+00:00, run_after=2023-03-03T19:43:52.782709+00:00
[2023-03-03T19:43:52.890+0000] {processor.py:175} INFO - Processing /home/airflow/.local/lib/python3.7/site-packages/airflow/example_dags/example_short_circuit_decorator.py took 0.433 seconds
[2023-03-03T21:15:51.549+0000] {processor.py:153} INFO - Started process (PID=4471) to work on /home/airflow/.local/lib/python3.7/site-packages/airflow/example_dags/example_short_circuit_decorator.py
[2023-03-03T21:15:51.556+0000] {processor.py:743} INFO - Processing file /home/airflow/.local/lib/python3.7/site-packages/airflow/example_dags/example_short_circuit_decorator.py for tasks to queue
[2023-03-03T21:15:51.567+0000] {logging_mixin.py:137} INFO - [2023-03-03T21:15:51.567+0000] {dagbag.py:538} INFO - Filling up the DagBag from /home/airflow/.local/lib/python3.7/site-packages/airflow/example_dags/example_short_circuit_decorator.py
[2023-03-03T21:15:51.950+0000] {processor.py:753} INFO - DAG(s) dict_keys(['example_short_circuit_decorator']) retrieved from /home/airflow/.local/lib/python3.7/site-packages/airflow/example_dags/example_short_circuit_decorator.py
[2023-03-03T21:15:52.211+0000] {logging_mixin.py:137} INFO - [2023-03-03T21:15:52.208+0000] {dag.py:2690} INFO - Sync 1 DAGs
[2023-03-03T21:15:54.370+0000] {logging_mixin.py:137} INFO - [2023-03-03T21:15:54.341+0000] {dag.py:3441} INFO - Setting next_dagrun for example_short_circuit_decorator to 2023-03-02T21:15:54.298397+00:00, run_after=2023-03-03T21:15:54.298397+00:00
[2023-03-03T21:15:55.257+0000] {processor.py:175} INFO - Processing /home/airflow/.local/lib/python3.7/site-packages/airflow/example_dags/example_short_circuit_decorator.py took 3.900 seconds
