[2023-03-03T04:51:25.293+0000] {processor.py:153} INFO - Started process (PID=2561) to work on /home/airflow/.local/lib/python3.7/site-packages/airflow/example_dags/example_latest_only.py
[2023-03-03T04:51:25.295+0000] {processor.py:743} INFO - Processing file /home/airflow/.local/lib/python3.7/site-packages/airflow/example_dags/example_latest_only.py for tasks to queue
[2023-03-03T04:51:25.297+0000] {logging_mixin.py:137} INFO - [2023-03-03T04:51:25.297+0000] {dagbag.py:538} INFO - Filling up the DagBag from /home/airflow/.local/lib/python3.7/site-packages/airflow/example_dags/example_latest_only.py
[2023-03-03T04:51:25.310+0000] {processor.py:753} INFO - DAG(s) dict_keys(['latest_only']) retrieved from /home/airflow/.local/lib/python3.7/site-packages/airflow/example_dags/example_latest_only.py
[2023-03-03T04:51:25.338+0000] {logging_mixin.py:137} INFO - [2023-03-03T04:51:25.338+0000] {dag.py:2690} INFO - Sync 1 DAGs
[2023-03-03T04:51:25.378+0000] {logging_mixin.py:137} INFO - [2023-03-03T04:51:25.378+0000] {dag.py:3441} INFO - Setting next_dagrun for latest_only to 2023-03-03T00:51:25.377779+00:00, run_after=2023-03-03T04:51:25.377779+00:00
[2023-03-03T04:51:25.400+0000] {processor.py:175} INFO - Processing /home/airflow/.local/lib/python3.7/site-packages/airflow/example_dags/example_latest_only.py took 0.112 seconds
[2023-03-03T06:08:15.582+0000] {processor.py:153} INFO - Started process (PID=2616) to work on /home/airflow/.local/lib/python3.7/site-packages/airflow/example_dags/example_latest_only.py
[2023-03-03T06:08:15.590+0000] {processor.py:743} INFO - Processing file /home/airflow/.local/lib/python3.7/site-packages/airflow/example_dags/example_latest_only.py for tasks to queue
[2023-03-03T06:08:15.594+0000] {logging_mixin.py:137} INFO - [2023-03-03T06:08:15.594+0000] {dagbag.py:538} INFO - Filling up the DagBag from /home/airflow/.local/lib/python3.7/site-packages/airflow/example_dags/example_latest_only.py
[2023-03-03T06:08:15.670+0000] {processor.py:753} INFO - DAG(s) dict_keys(['latest_only']) retrieved from /home/airflow/.local/lib/python3.7/site-packages/airflow/example_dags/example_latest_only.py
[2023-03-03T06:08:15.783+0000] {logging_mixin.py:137} INFO - [2023-03-03T06:08:15.782+0000] {dag.py:2690} INFO - Sync 1 DAGs
[2023-03-03T06:08:15.833+0000] {logging_mixin.py:137} INFO - [2023-03-03T06:08:15.833+0000] {dag.py:3441} INFO - Setting next_dagrun for latest_only to 2023-03-03T02:08:15.831926+00:00, run_after=2023-03-03T06:08:15.831926+00:00
[2023-03-03T06:08:15.911+0000] {processor.py:175} INFO - Processing /home/airflow/.local/lib/python3.7/site-packages/airflow/example_dags/example_latest_only.py took 0.352 seconds
[2023-03-03T06:59:13.568+0000] {processor.py:153} INFO - Started process (PID=2680) to work on /home/airflow/.local/lib/python3.7/site-packages/airflow/example_dags/example_latest_only.py
[2023-03-03T06:59:13.571+0000] {processor.py:743} INFO - Processing file /home/airflow/.local/lib/python3.7/site-packages/airflow/example_dags/example_latest_only.py for tasks to queue
[2023-03-03T06:59:13.585+0000] {logging_mixin.py:137} INFO - [2023-03-03T06:59:13.584+0000] {dagbag.py:538} INFO - Filling up the DagBag from /home/airflow/.local/lib/python3.7/site-packages/airflow/example_dags/example_latest_only.py
[2023-03-03T06:59:13.647+0000] {processor.py:753} INFO - DAG(s) dict_keys(['latest_only']) retrieved from /home/airflow/.local/lib/python3.7/site-packages/airflow/example_dags/example_latest_only.py
[2023-03-03T06:59:13.724+0000] {logging_mixin.py:137} INFO - [2023-03-03T06:59:13.724+0000] {dag.py:2690} INFO - Sync 1 DAGs
[2023-03-03T06:59:13.860+0000] {logging_mixin.py:137} INFO - [2023-03-03T06:59:13.860+0000] {dag.py:3441} INFO - Setting next_dagrun for latest_only to 2023-03-03T02:59:13.860034+00:00, run_after=2023-03-03T06:59:13.860034+00:00
[2023-03-03T06:59:13.893+0000] {processor.py:175} INFO - Processing /home/airflow/.local/lib/python3.7/site-packages/airflow/example_dags/example_latest_only.py took 0.333 seconds
[2023-03-03T08:22:03.547+0000] {processor.py:153} INFO - Started process (PID=2743) to work on /home/airflow/.local/lib/python3.7/site-packages/airflow/example_dags/example_latest_only.py
[2023-03-03T08:22:03.554+0000] {processor.py:743} INFO - Processing file /home/airflow/.local/lib/python3.7/site-packages/airflow/example_dags/example_latest_only.py for tasks to queue
[2023-03-03T08:22:03.558+0000] {logging_mixin.py:137} INFO - [2023-03-03T08:22:03.557+0000] {dagbag.py:538} INFO - Filling up the DagBag from /home/airflow/.local/lib/python3.7/site-packages/airflow/example_dags/example_latest_only.py
[2023-03-03T08:22:03.622+0000] {processor.py:753} INFO - DAG(s) dict_keys(['latest_only']) retrieved from /home/airflow/.local/lib/python3.7/site-packages/airflow/example_dags/example_latest_only.py
[2023-03-03T08:22:03.779+0000] {logging_mixin.py:137} INFO - [2023-03-03T08:22:03.778+0000] {dag.py:2690} INFO - Sync 1 DAGs
[2023-03-03T08:22:03.855+0000] {logging_mixin.py:137} INFO - [2023-03-03T08:22:03.854+0000] {dag.py:3441} INFO - Setting next_dagrun for latest_only to 2023-03-03T04:22:03.853382+00:00, run_after=2023-03-03T08:22:03.853382+00:00
[2023-03-03T08:22:03.918+0000] {processor.py:175} INFO - Processing /home/airflow/.local/lib/python3.7/site-packages/airflow/example_dags/example_latest_only.py took 0.385 seconds
[2023-03-03T08:57:36.494+0000] {processor.py:153} INFO - Started process (PID=2808) to work on /home/airflow/.local/lib/python3.7/site-packages/airflow/example_dags/example_latest_only.py
[2023-03-03T08:57:36.505+0000] {processor.py:743} INFO - Processing file /home/airflow/.local/lib/python3.7/site-packages/airflow/example_dags/example_latest_only.py for tasks to queue
[2023-03-03T08:57:36.513+0000] {logging_mixin.py:137} INFO - [2023-03-03T08:57:36.513+0000] {dagbag.py:538} INFO - Filling up the DagBag from /home/airflow/.local/lib/python3.7/site-packages/airflow/example_dags/example_latest_only.py
[2023-03-03T08:57:36.731+0000] {processor.py:753} INFO - DAG(s) dict_keys(['latest_only']) retrieved from /home/airflow/.local/lib/python3.7/site-packages/airflow/example_dags/example_latest_only.py
[2023-03-03T08:57:37.051+0000] {logging_mixin.py:137} INFO - [2023-03-03T08:57:37.050+0000] {dag.py:2690} INFO - Sync 1 DAGs
[2023-03-03T08:57:37.204+0000] {logging_mixin.py:137} INFO - [2023-03-03T08:57:37.204+0000] {dag.py:3441} INFO - Setting next_dagrun for latest_only to 2023-03-03T04:57:37.203473+00:00, run_after=2023-03-03T08:57:37.203473+00:00
[2023-03-03T08:57:37.251+0000] {processor.py:175} INFO - Processing /home/airflow/.local/lib/python3.7/site-packages/airflow/example_dags/example_latest_only.py took 0.770 seconds
[2023-03-03T09:55:31.208+0000] {processor.py:153} INFO - Started process (PID=2878) to work on /home/airflow/.local/lib/python3.7/site-packages/airflow/example_dags/example_latest_only.py
[2023-03-03T09:55:31.209+0000] {processor.py:743} INFO - Processing file /home/airflow/.local/lib/python3.7/site-packages/airflow/example_dags/example_latest_only.py for tasks to queue
[2023-03-03T09:55:31.211+0000] {logging_mixin.py:137} INFO - [2023-03-03T09:55:31.211+0000] {dagbag.py:538} INFO - Filling up the DagBag from /home/airflow/.local/lib/python3.7/site-packages/airflow/example_dags/example_latest_only.py
[2023-03-03T09:55:31.253+0000] {processor.py:753} INFO - DAG(s) dict_keys(['latest_only']) retrieved from /home/airflow/.local/lib/python3.7/site-packages/airflow/example_dags/example_latest_only.py
[2023-03-03T09:55:31.430+0000] {logging_mixin.py:137} INFO - [2023-03-03T09:55:31.430+0000] {dag.py:2690} INFO - Sync 1 DAGs
[2023-03-03T09:55:31.585+0000] {logging_mixin.py:137} INFO - [2023-03-03T09:55:31.585+0000] {dag.py:3441} INFO - Setting next_dagrun for latest_only to 2023-03-03T05:55:31.581853+00:00, run_after=2023-03-03T09:55:31.581853+00:00
[2023-03-03T09:55:31.740+0000] {processor.py:175} INFO - Processing /home/airflow/.local/lib/python3.7/site-packages/airflow/example_dags/example_latest_only.py took 0.537 seconds
[2023-03-03T10:18:23.598+0000] {processor.py:153} INFO - Started process (PID=2938) to work on /home/airflow/.local/lib/python3.7/site-packages/airflow/example_dags/example_latest_only.py
[2023-03-03T10:18:23.603+0000] {processor.py:743} INFO - Processing file /home/airflow/.local/lib/python3.7/site-packages/airflow/example_dags/example_latest_only.py for tasks to queue
[2023-03-03T10:18:23.605+0000] {logging_mixin.py:137} INFO - [2023-03-03T10:18:23.604+0000] {dagbag.py:538} INFO - Filling up the DagBag from /home/airflow/.local/lib/python3.7/site-packages/airflow/example_dags/example_latest_only.py
[2023-03-03T10:18:23.664+0000] {processor.py:753} INFO - DAG(s) dict_keys(['latest_only']) retrieved from /home/airflow/.local/lib/python3.7/site-packages/airflow/example_dags/example_latest_only.py
[2023-03-03T10:18:23.739+0000] {logging_mixin.py:137} INFO - [2023-03-03T10:18:23.738+0000] {dag.py:2690} INFO - Sync 1 DAGs
[2023-03-03T10:18:23.808+0000] {logging_mixin.py:137} INFO - [2023-03-03T10:18:23.807+0000] {dag.py:3441} INFO - Setting next_dagrun for latest_only to 2023-03-03T06:18:23.807517+00:00, run_after=2023-03-03T10:18:23.807517+00:00
[2023-03-03T10:18:23.867+0000] {processor.py:175} INFO - Processing /home/airflow/.local/lib/python3.7/site-packages/airflow/example_dags/example_latest_only.py took 0.288 seconds
[2023-03-03T10:57:05.181+0000] {processor.py:153} INFO - Started process (PID=3003) to work on /home/airflow/.local/lib/python3.7/site-packages/airflow/example_dags/example_latest_only.py
[2023-03-03T10:57:05.183+0000] {processor.py:743} INFO - Processing file /home/airflow/.local/lib/python3.7/site-packages/airflow/example_dags/example_latest_only.py for tasks to queue
[2023-03-03T10:57:05.186+0000] {logging_mixin.py:137} INFO - [2023-03-03T10:57:05.186+0000] {dagbag.py:538} INFO - Filling up the DagBag from /home/airflow/.local/lib/python3.7/site-packages/airflow/example_dags/example_latest_only.py
[2023-03-03T10:57:05.219+0000] {processor.py:753} INFO - DAG(s) dict_keys(['latest_only']) retrieved from /home/airflow/.local/lib/python3.7/site-packages/airflow/example_dags/example_latest_only.py
[2023-03-03T10:57:05.323+0000] {logging_mixin.py:137} INFO - [2023-03-03T10:57:05.322+0000] {dag.py:2690} INFO - Sync 1 DAGs
[2023-03-03T10:57:05.359+0000] {logging_mixin.py:137} INFO - [2023-03-03T10:57:05.359+0000] {dag.py:3441} INFO - Setting next_dagrun for latest_only to 2023-03-03T06:57:05.358930+00:00, run_after=2023-03-03T10:57:05.358930+00:00
[2023-03-03T10:57:05.402+0000] {processor.py:175} INFO - Processing /home/airflow/.local/lib/python3.7/site-packages/airflow/example_dags/example_latest_only.py took 0.225 seconds
[2023-03-03T11:18:57.847+0000] {processor.py:153} INFO - Started process (PID=3056) to work on /home/airflow/.local/lib/python3.7/site-packages/airflow/example_dags/example_latest_only.py
[2023-03-03T11:18:57.879+0000] {processor.py:743} INFO - Processing file /home/airflow/.local/lib/python3.7/site-packages/airflow/example_dags/example_latest_only.py for tasks to queue
[2023-03-03T11:18:57.894+0000] {logging_mixin.py:137} INFO - [2023-03-03T11:18:57.892+0000] {dagbag.py:538} INFO - Filling up the DagBag from /home/airflow/.local/lib/python3.7/site-packages/airflow/example_dags/example_latest_only.py
[2023-03-03T11:18:57.947+0000] {processor.py:753} INFO - DAG(s) dict_keys(['latest_only']) retrieved from /home/airflow/.local/lib/python3.7/site-packages/airflow/example_dags/example_latest_only.py
[2023-03-03T11:18:58.101+0000] {logging_mixin.py:137} INFO - [2023-03-03T11:18:58.101+0000] {dag.py:2690} INFO - Sync 1 DAGs
[2023-03-03T11:18:58.154+0000] {logging_mixin.py:137} INFO - [2023-03-03T11:18:58.154+0000] {dag.py:3441} INFO - Setting next_dagrun for latest_only to 2023-03-03T07:18:58.152375+00:00, run_after=2023-03-03T11:18:58.152375+00:00
[2023-03-03T11:18:58.179+0000] {processor.py:175} INFO - Processing /home/airflow/.local/lib/python3.7/site-packages/airflow/example_dags/example_latest_only.py took 0.363 seconds
[2023-03-03T11:19:28.953+0000] {processor.py:153} INFO - Started process (PID=3132) to work on /home/airflow/.local/lib/python3.7/site-packages/airflow/example_dags/example_latest_only.py
[2023-03-03T11:19:28.955+0000] {processor.py:743} INFO - Processing file /home/airflow/.local/lib/python3.7/site-packages/airflow/example_dags/example_latest_only.py for tasks to queue
[2023-03-03T11:19:28.957+0000] {logging_mixin.py:137} INFO - [2023-03-03T11:19:28.956+0000] {dagbag.py:538} INFO - Filling up the DagBag from /home/airflow/.local/lib/python3.7/site-packages/airflow/example_dags/example_latest_only.py
[2023-03-03T11:19:28.981+0000] {processor.py:753} INFO - DAG(s) dict_keys(['latest_only']) retrieved from /home/airflow/.local/lib/python3.7/site-packages/airflow/example_dags/example_latest_only.py
[2023-03-03T11:19:29.020+0000] {logging_mixin.py:137} INFO - [2023-03-03T11:19:29.020+0000] {dag.py:2690} INFO - Sync 1 DAGs
[2023-03-03T11:19:29.043+0000] {logging_mixin.py:137} INFO - [2023-03-03T11:19:29.042+0000] {dag.py:3441} INFO - Setting next_dagrun for latest_only to 2023-03-03T07:19:29.042441+00:00, run_after=2023-03-03T11:19:29.042441+00:00
[2023-03-03T11:19:29.069+0000] {processor.py:175} INFO - Processing /home/airflow/.local/lib/python3.7/site-packages/airflow/example_dags/example_latest_only.py took 0.123 seconds
[2023-03-03T11:19:59.170+0000] {processor.py:153} INFO - Started process (PID=3194) to work on /home/airflow/.local/lib/python3.7/site-packages/airflow/example_dags/example_latest_only.py
[2023-03-03T11:19:59.171+0000] {processor.py:743} INFO - Processing file /home/airflow/.local/lib/python3.7/site-packages/airflow/example_dags/example_latest_only.py for tasks to queue
[2023-03-03T11:19:59.172+0000] {logging_mixin.py:137} INFO - [2023-03-03T11:19:59.172+0000] {dagbag.py:538} INFO - Filling up the DagBag from /home/airflow/.local/lib/python3.7/site-packages/airflow/example_dags/example_latest_only.py
[2023-03-03T11:19:59.182+0000] {processor.py:753} INFO - DAG(s) dict_keys(['latest_only']) retrieved from /home/airflow/.local/lib/python3.7/site-packages/airflow/example_dags/example_latest_only.py
[2023-03-03T11:19:59.206+0000] {logging_mixin.py:137} INFO - [2023-03-03T11:19:59.206+0000] {dag.py:2690} INFO - Sync 1 DAGs
[2023-03-03T11:19:59.225+0000] {logging_mixin.py:137} INFO - [2023-03-03T11:19:59.225+0000] {dag.py:3441} INFO - Setting next_dagrun for latest_only to 2023-03-03T07:19:59.224772+00:00, run_after=2023-03-03T11:19:59.224772+00:00
[2023-03-03T11:19:59.239+0000] {processor.py:175} INFO - Processing /home/airflow/.local/lib/python3.7/site-packages/airflow/example_dags/example_latest_only.py took 0.072 seconds
[2023-03-03T11:37:10.246+0000] {processor.py:153} INFO - Started process (PID=3245) to work on /home/airflow/.local/lib/python3.7/site-packages/airflow/example_dags/example_latest_only.py
[2023-03-03T11:37:10.257+0000] {processor.py:743} INFO - Processing file /home/airflow/.local/lib/python3.7/site-packages/airflow/example_dags/example_latest_only.py for tasks to queue
[2023-03-03T11:37:10.258+0000] {logging_mixin.py:137} INFO - [2023-03-03T11:37:10.258+0000] {dagbag.py:538} INFO - Filling up the DagBag from /home/airflow/.local/lib/python3.7/site-packages/airflow/example_dags/example_latest_only.py
[2023-03-03T11:37:10.312+0000] {processor.py:753} INFO - DAG(s) dict_keys(['latest_only']) retrieved from /home/airflow/.local/lib/python3.7/site-packages/airflow/example_dags/example_latest_only.py
[2023-03-03T11:37:10.408+0000] {logging_mixin.py:137} INFO - [2023-03-03T11:37:10.407+0000] {dag.py:2690} INFO - Sync 1 DAGs
[2023-03-03T11:37:10.501+0000] {logging_mixin.py:137} INFO - [2023-03-03T11:37:10.501+0000] {dag.py:3441} INFO - Setting next_dagrun for latest_only to 2023-03-03T07:37:10.500466+00:00, run_after=2023-03-03T11:37:10.500466+00:00
[2023-03-03T11:37:10.587+0000] {processor.py:175} INFO - Processing /home/airflow/.local/lib/python3.7/site-packages/airflow/example_dags/example_latest_only.py took 0.346 seconds
[2023-03-03T11:37:41.505+0000] {processor.py:153} INFO - Started process (PID=3320) to work on /home/airflow/.local/lib/python3.7/site-packages/airflow/example_dags/example_latest_only.py
[2023-03-03T11:37:41.507+0000] {processor.py:743} INFO - Processing file /home/airflow/.local/lib/python3.7/site-packages/airflow/example_dags/example_latest_only.py for tasks to queue
[2023-03-03T11:37:41.510+0000] {logging_mixin.py:137} INFO - [2023-03-03T11:37:41.510+0000] {dagbag.py:538} INFO - Filling up the DagBag from /home/airflow/.local/lib/python3.7/site-packages/airflow/example_dags/example_latest_only.py
[2023-03-03T11:37:41.561+0000] {processor.py:753} INFO - DAG(s) dict_keys(['latest_only']) retrieved from /home/airflow/.local/lib/python3.7/site-packages/airflow/example_dags/example_latest_only.py
[2023-03-03T11:37:41.628+0000] {logging_mixin.py:137} INFO - [2023-03-03T11:37:41.628+0000] {dag.py:2690} INFO - Sync 1 DAGs
[2023-03-03T11:37:41.707+0000] {logging_mixin.py:137} INFO - [2023-03-03T11:37:41.707+0000] {dag.py:3441} INFO - Setting next_dagrun for latest_only to 2023-03-03T07:37:41.705991+00:00, run_after=2023-03-03T11:37:41.705991+00:00
[2023-03-03T11:37:41.745+0000] {processor.py:175} INFO - Processing /home/airflow/.local/lib/python3.7/site-packages/airflow/example_dags/example_latest_only.py took 0.247 seconds
[2023-03-03T11:38:11.892+0000] {processor.py:153} INFO - Started process (PID=3383) to work on /home/airflow/.local/lib/python3.7/site-packages/airflow/example_dags/example_latest_only.py
[2023-03-03T11:38:11.895+0000] {processor.py:743} INFO - Processing file /home/airflow/.local/lib/python3.7/site-packages/airflow/example_dags/example_latest_only.py for tasks to queue
[2023-03-03T11:38:11.896+0000] {logging_mixin.py:137} INFO - [2023-03-03T11:38:11.896+0000] {dagbag.py:538} INFO - Filling up the DagBag from /home/airflow/.local/lib/python3.7/site-packages/airflow/example_dags/example_latest_only.py
[2023-03-03T11:38:11.914+0000] {processor.py:753} INFO - DAG(s) dict_keys(['latest_only']) retrieved from /home/airflow/.local/lib/python3.7/site-packages/airflow/example_dags/example_latest_only.py
[2023-03-03T11:38:11.948+0000] {logging_mixin.py:137} INFO - [2023-03-03T11:38:11.948+0000] {dag.py:2690} INFO - Sync 1 DAGs
[2023-03-03T11:38:11.980+0000] {logging_mixin.py:137} INFO - [2023-03-03T11:38:11.980+0000] {dag.py:3441} INFO - Setting next_dagrun for latest_only to 2023-03-03T07:38:11.979978+00:00, run_after=2023-03-03T11:38:11.979978+00:00
[2023-03-03T11:38:11.996+0000] {processor.py:175} INFO - Processing /home/airflow/.local/lib/python3.7/site-packages/airflow/example_dags/example_latest_only.py took 0.110 seconds
[2023-03-03T11:38:42.194+0000] {processor.py:153} INFO - Started process (PID=3458) to work on /home/airflow/.local/lib/python3.7/site-packages/airflow/example_dags/example_latest_only.py
[2023-03-03T11:38:42.197+0000] {processor.py:743} INFO - Processing file /home/airflow/.local/lib/python3.7/site-packages/airflow/example_dags/example_latest_only.py for tasks to queue
[2023-03-03T11:38:42.199+0000] {logging_mixin.py:137} INFO - [2023-03-03T11:38:42.199+0000] {dagbag.py:538} INFO - Filling up the DagBag from /home/airflow/.local/lib/python3.7/site-packages/airflow/example_dags/example_latest_only.py
[2023-03-03T11:38:42.247+0000] {processor.py:753} INFO - DAG(s) dict_keys(['latest_only']) retrieved from /home/airflow/.local/lib/python3.7/site-packages/airflow/example_dags/example_latest_only.py
[2023-03-03T11:38:42.308+0000] {logging_mixin.py:137} INFO - [2023-03-03T11:38:42.308+0000] {dag.py:2690} INFO - Sync 1 DAGs
[2023-03-03T11:38:42.345+0000] {logging_mixin.py:137} INFO - [2023-03-03T11:38:42.345+0000] {dag.py:3441} INFO - Setting next_dagrun for latest_only to 2023-03-03T07:38:42.344671+00:00, run_after=2023-03-03T11:38:42.344671+00:00
[2023-03-03T11:38:42.390+0000] {processor.py:175} INFO - Processing /home/airflow/.local/lib/python3.7/site-packages/airflow/example_dags/example_latest_only.py took 0.211 seconds
[2023-03-03T11:39:12.602+0000] {processor.py:153} INFO - Started process (PID=3521) to work on /home/airflow/.local/lib/python3.7/site-packages/airflow/example_dags/example_latest_only.py
[2023-03-03T11:39:12.605+0000] {processor.py:743} INFO - Processing file /home/airflow/.local/lib/python3.7/site-packages/airflow/example_dags/example_latest_only.py for tasks to queue
[2023-03-03T11:39:12.616+0000] {logging_mixin.py:137} INFO - [2023-03-03T11:39:12.616+0000] {dagbag.py:538} INFO - Filling up the DagBag from /home/airflow/.local/lib/python3.7/site-packages/airflow/example_dags/example_latest_only.py
[2023-03-03T11:39:12.636+0000] {processor.py:753} INFO - DAG(s) dict_keys(['latest_only']) retrieved from /home/airflow/.local/lib/python3.7/site-packages/airflow/example_dags/example_latest_only.py
[2023-03-03T11:39:12.668+0000] {logging_mixin.py:137} INFO - [2023-03-03T11:39:12.667+0000] {dag.py:2690} INFO - Sync 1 DAGs
[2023-03-03T11:39:12.689+0000] {logging_mixin.py:137} INFO - [2023-03-03T11:39:12.689+0000] {dag.py:3441} INFO - Setting next_dagrun for latest_only to 2023-03-03T07:39:12.688959+00:00, run_after=2023-03-03T11:39:12.688959+00:00
[2023-03-03T11:39:12.706+0000] {processor.py:175} INFO - Processing /home/airflow/.local/lib/python3.7/site-packages/airflow/example_dags/example_latest_only.py took 0.110 seconds
[2023-03-03T11:39:42.927+0000] {processor.py:153} INFO - Started process (PID=3597) to work on /home/airflow/.local/lib/python3.7/site-packages/airflow/example_dags/example_latest_only.py
[2023-03-03T11:39:42.929+0000] {processor.py:743} INFO - Processing file /home/airflow/.local/lib/python3.7/site-packages/airflow/example_dags/example_latest_only.py for tasks to queue
[2023-03-03T11:39:42.931+0000] {logging_mixin.py:137} INFO - [2023-03-03T11:39:42.930+0000] {dagbag.py:538} INFO - Filling up the DagBag from /home/airflow/.local/lib/python3.7/site-packages/airflow/example_dags/example_latest_only.py
[2023-03-03T11:39:42.968+0000] {processor.py:753} INFO - DAG(s) dict_keys(['latest_only']) retrieved from /home/airflow/.local/lib/python3.7/site-packages/airflow/example_dags/example_latest_only.py
[2023-03-03T11:39:43.000+0000] {logging_mixin.py:137} INFO - [2023-03-03T11:39:43.000+0000] {dag.py:2690} INFO - Sync 1 DAGs
[2023-03-03T11:39:43.022+0000] {logging_mixin.py:137} INFO - [2023-03-03T11:39:43.022+0000] {dag.py:3441} INFO - Setting next_dagrun for latest_only to 2023-03-03T07:39:43.021783+00:00, run_after=2023-03-03T11:39:43.021783+00:00
[2023-03-03T11:39:43.038+0000] {processor.py:175} INFO - Processing /home/airflow/.local/lib/python3.7/site-packages/airflow/example_dags/example_latest_only.py took 0.115 seconds
[2023-03-03T11:55:22.628+0000] {processor.py:153} INFO - Started process (PID=3659) to work on /home/airflow/.local/lib/python3.7/site-packages/airflow/example_dags/example_latest_only.py
[2023-03-03T11:55:22.634+0000] {processor.py:743} INFO - Processing file /home/airflow/.local/lib/python3.7/site-packages/airflow/example_dags/example_latest_only.py for tasks to queue
[2023-03-03T11:55:22.637+0000] {logging_mixin.py:137} INFO - [2023-03-03T11:55:22.637+0000] {dagbag.py:538} INFO - Filling up the DagBag from /home/airflow/.local/lib/python3.7/site-packages/airflow/example_dags/example_latest_only.py
[2023-03-03T11:55:22.686+0000] {processor.py:753} INFO - DAG(s) dict_keys(['latest_only']) retrieved from /home/airflow/.local/lib/python3.7/site-packages/airflow/example_dags/example_latest_only.py
[2023-03-03T11:55:22.797+0000] {logging_mixin.py:137} INFO - [2023-03-03T11:55:22.796+0000] {dag.py:2690} INFO - Sync 1 DAGs
[2023-03-03T11:55:22.873+0000] {logging_mixin.py:137} INFO - [2023-03-03T11:55:22.873+0000] {dag.py:3441} INFO - Setting next_dagrun for latest_only to 2023-03-03T07:55:22.871637+00:00, run_after=2023-03-03T11:55:22.871637+00:00
[2023-03-03T11:55:22.966+0000] {processor.py:175} INFO - Processing /home/airflow/.local/lib/python3.7/site-packages/airflow/example_dags/example_latest_only.py took 0.350 seconds
[2023-03-03T12:52:41.519+0000] {processor.py:153} INFO - Started process (PID=3721) to work on /home/airflow/.local/lib/python3.7/site-packages/airflow/example_dags/example_latest_only.py
[2023-03-03T12:52:41.526+0000] {processor.py:743} INFO - Processing file /home/airflow/.local/lib/python3.7/site-packages/airflow/example_dags/example_latest_only.py for tasks to queue
[2023-03-03T12:52:41.528+0000] {logging_mixin.py:137} INFO - [2023-03-03T12:52:41.528+0000] {dagbag.py:538} INFO - Filling up the DagBag from /home/airflow/.local/lib/python3.7/site-packages/airflow/example_dags/example_latest_only.py
[2023-03-03T12:52:41.574+0000] {processor.py:753} INFO - DAG(s) dict_keys(['latest_only']) retrieved from /home/airflow/.local/lib/python3.7/site-packages/airflow/example_dags/example_latest_only.py
[2023-03-03T12:52:41.683+0000] {logging_mixin.py:137} INFO - [2023-03-03T12:52:41.682+0000] {dag.py:2690} INFO - Sync 1 DAGs
[2023-03-03T12:52:41.716+0000] {logging_mixin.py:137} INFO - [2023-03-03T12:52:41.716+0000] {dag.py:3441} INFO - Setting next_dagrun for latest_only to 2023-03-03T08:52:41.716308+00:00, run_after=2023-03-03T12:52:41.716308+00:00
[2023-03-03T12:52:41.740+0000] {processor.py:175} INFO - Processing /home/airflow/.local/lib/python3.7/site-packages/airflow/example_dags/example_latest_only.py took 0.231 seconds
[2023-03-03T14:00:43.930+0000] {processor.py:153} INFO - Started process (PID=3784) to work on /home/airflow/.local/lib/python3.7/site-packages/airflow/example_dags/example_latest_only.py
[2023-03-03T14:00:43.944+0000] {processor.py:743} INFO - Processing file /home/airflow/.local/lib/python3.7/site-packages/airflow/example_dags/example_latest_only.py for tasks to queue
[2023-03-03T14:00:43.969+0000] {logging_mixin.py:137} INFO - [2023-03-03T14:00:43.966+0000] {dagbag.py:538} INFO - Filling up the DagBag from /home/airflow/.local/lib/python3.7/site-packages/airflow/example_dags/example_latest_only.py
[2023-03-03T14:00:44.330+0000] {processor.py:753} INFO - DAG(s) dict_keys(['latest_only']) retrieved from /home/airflow/.local/lib/python3.7/site-packages/airflow/example_dags/example_latest_only.py
[2023-03-03T14:00:44.605+0000] {logging_mixin.py:137} INFO - [2023-03-03T14:00:44.604+0000] {dag.py:2690} INFO - Sync 1 DAGs
[2023-03-03T14:00:44.720+0000] {logging_mixin.py:137} INFO - [2023-03-03T14:00:44.720+0000] {dag.py:3441} INFO - Setting next_dagrun for latest_only to 2023-03-03T10:00:44.717658+00:00, run_after=2023-03-03T14:00:44.717658+00:00
[2023-03-03T14:00:44.813+0000] {processor.py:175} INFO - Processing /home/airflow/.local/lib/python3.7/site-packages/airflow/example_dags/example_latest_only.py took 0.900 seconds
[2023-03-03T14:44:27.857+0000] {processor.py:153} INFO - Started process (PID=3847) to work on /home/airflow/.local/lib/python3.7/site-packages/airflow/example_dags/example_latest_only.py
[2023-03-03T14:44:27.868+0000] {processor.py:743} INFO - Processing file /home/airflow/.local/lib/python3.7/site-packages/airflow/example_dags/example_latest_only.py for tasks to queue
[2023-03-03T14:44:27.878+0000] {logging_mixin.py:137} INFO - [2023-03-03T14:44:27.877+0000] {dagbag.py:538} INFO - Filling up the DagBag from /home/airflow/.local/lib/python3.7/site-packages/airflow/example_dags/example_latest_only.py
[2023-03-03T14:44:27.996+0000] {processor.py:753} INFO - DAG(s) dict_keys(['latest_only']) retrieved from /home/airflow/.local/lib/python3.7/site-packages/airflow/example_dags/example_latest_only.py
[2023-03-03T14:44:28.532+0000] {logging_mixin.py:137} INFO - [2023-03-03T14:44:28.531+0000] {dag.py:2690} INFO - Sync 1 DAGs
[2023-03-03T14:44:28.868+0000] {logging_mixin.py:137} INFO - [2023-03-03T14:44:28.866+0000] {dag.py:3441} INFO - Setting next_dagrun for latest_only to 2023-03-03T10:44:28.864776+00:00, run_after=2023-03-03T14:44:28.864776+00:00
[2023-03-03T14:44:28.943+0000] {processor.py:175} INFO - Processing /home/airflow/.local/lib/python3.7/site-packages/airflow/example_dags/example_latest_only.py took 1.121 seconds
[2023-03-03T15:49:27.754+0000] {processor.py:153} INFO - Started process (PID=3907) to work on /home/airflow/.local/lib/python3.7/site-packages/airflow/example_dags/example_latest_only.py
[2023-03-03T15:49:27.770+0000] {processor.py:743} INFO - Processing file /home/airflow/.local/lib/python3.7/site-packages/airflow/example_dags/example_latest_only.py for tasks to queue
[2023-03-03T15:49:27.784+0000] {logging_mixin.py:137} INFO - [2023-03-03T15:49:27.784+0000] {dagbag.py:538} INFO - Filling up the DagBag from /home/airflow/.local/lib/python3.7/site-packages/airflow/example_dags/example_latest_only.py
[2023-03-03T15:49:27.972+0000] {processor.py:753} INFO - DAG(s) dict_keys(['latest_only']) retrieved from /home/airflow/.local/lib/python3.7/site-packages/airflow/example_dags/example_latest_only.py
[2023-03-03T15:49:28.118+0000] {logging_mixin.py:137} INFO - [2023-03-03T15:49:28.117+0000] {dag.py:2690} INFO - Sync 1 DAGs
[2023-03-03T15:49:28.261+0000] {logging_mixin.py:137} INFO - [2023-03-03T15:49:28.260+0000] {dag.py:3441} INFO - Setting next_dagrun for latest_only to 2023-03-03T11:49:28.257653+00:00, run_after=2023-03-03T15:49:28.257653+00:00
[2023-03-03T15:49:28.388+0000] {processor.py:175} INFO - Processing /home/airflow/.local/lib/python3.7/site-packages/airflow/example_dags/example_latest_only.py took 0.683 seconds
[2023-03-03T16:32:26.727+0000] {processor.py:153} INFO - Started process (PID=3960) to work on /home/airflow/.local/lib/python3.7/site-packages/airflow/example_dags/example_latest_only.py
[2023-03-03T16:32:26.763+0000] {processor.py:743} INFO - Processing file /home/airflow/.local/lib/python3.7/site-packages/airflow/example_dags/example_latest_only.py for tasks to queue
[2023-03-03T16:32:26.772+0000] {logging_mixin.py:137} INFO - [2023-03-03T16:32:26.772+0000] {dagbag.py:538} INFO - Filling up the DagBag from /home/airflow/.local/lib/python3.7/site-packages/airflow/example_dags/example_latest_only.py
[2023-03-03T16:32:26.942+0000] {processor.py:753} INFO - DAG(s) dict_keys(['latest_only']) retrieved from /home/airflow/.local/lib/python3.7/site-packages/airflow/example_dags/example_latest_only.py
[2023-03-03T16:32:27.270+0000] {logging_mixin.py:137} INFO - [2023-03-03T16:32:27.258+0000] {dag.py:2690} INFO - Sync 1 DAGs
[2023-03-03T16:32:27.376+0000] {logging_mixin.py:137} INFO - [2023-03-03T16:32:27.375+0000] {dag.py:3441} INFO - Setting next_dagrun for latest_only to 2023-03-03T12:32:27.373886+00:00, run_after=2023-03-03T16:32:27.373886+00:00
[2023-03-03T16:32:27.461+0000] {processor.py:175} INFO - Processing /home/airflow/.local/lib/python3.7/site-packages/airflow/example_dags/example_latest_only.py took 0.784 seconds
[2023-03-03T16:34:14.413+0000] {processor.py:153} INFO - Started process (PID=4024) to work on /home/airflow/.local/lib/python3.7/site-packages/airflow/example_dags/example_latest_only.py
[2023-03-03T16:34:14.415+0000] {processor.py:743} INFO - Processing file /home/airflow/.local/lib/python3.7/site-packages/airflow/example_dags/example_latest_only.py for tasks to queue
[2023-03-03T16:34:14.417+0000] {logging_mixin.py:137} INFO - [2023-03-03T16:34:14.416+0000] {dagbag.py:538} INFO - Filling up the DagBag from /home/airflow/.local/lib/python3.7/site-packages/airflow/example_dags/example_latest_only.py
[2023-03-03T16:34:14.428+0000] {processor.py:753} INFO - DAG(s) dict_keys(['latest_only']) retrieved from /home/airflow/.local/lib/python3.7/site-packages/airflow/example_dags/example_latest_only.py
[2023-03-03T16:34:14.447+0000] {logging_mixin.py:137} INFO - [2023-03-03T16:34:14.447+0000] {dag.py:2690} INFO - Sync 1 DAGs
[2023-03-03T16:34:14.463+0000] {logging_mixin.py:137} INFO - [2023-03-03T16:34:14.463+0000] {dag.py:3441} INFO - Setting next_dagrun for latest_only to 2023-03-03T12:34:14.463140+00:00, run_after=2023-03-03T16:34:14.463140+00:00
[2023-03-03T16:34:14.476+0000] {processor.py:175} INFO - Processing /home/airflow/.local/lib/python3.7/site-packages/airflow/example_dags/example_latest_only.py took 0.065 seconds
[2023-03-03T16:51:17.836+0000] {processor.py:153} INFO - Started process (PID=4088) to work on /home/airflow/.local/lib/python3.7/site-packages/airflow/example_dags/example_latest_only.py
[2023-03-03T16:51:17.837+0000] {processor.py:743} INFO - Processing file /home/airflow/.local/lib/python3.7/site-packages/airflow/example_dags/example_latest_only.py for tasks to queue
[2023-03-03T16:51:17.838+0000] {logging_mixin.py:137} INFO - [2023-03-03T16:51:17.838+0000] {dagbag.py:538} INFO - Filling up the DagBag from /home/airflow/.local/lib/python3.7/site-packages/airflow/example_dags/example_latest_only.py
[2023-03-03T16:51:17.850+0000] {processor.py:753} INFO - DAG(s) dict_keys(['latest_only']) retrieved from /home/airflow/.local/lib/python3.7/site-packages/airflow/example_dags/example_latest_only.py
[2023-03-03T16:51:17.935+0000] {logging_mixin.py:137} INFO - [2023-03-03T16:51:17.935+0000] {dag.py:2690} INFO - Sync 1 DAGs
[2023-03-03T16:51:17.970+0000] {logging_mixin.py:137} INFO - [2023-03-03T16:51:17.970+0000] {dag.py:3441} INFO - Setting next_dagrun for latest_only to 2023-03-03T12:51:17.970105+00:00, run_after=2023-03-03T16:51:17.970105+00:00
[2023-03-03T16:51:18.000+0000] {processor.py:175} INFO - Processing /home/airflow/.local/lib/python3.7/site-packages/airflow/example_dags/example_latest_only.py took 0.167 seconds
[2023-03-03T17:25:21.109+0000] {processor.py:153} INFO - Started process (PID=4163) to work on /home/airflow/.local/lib/python3.7/site-packages/airflow/example_dags/example_latest_only.py
[2023-03-03T17:25:21.132+0000] {processor.py:743} INFO - Processing file /home/airflow/.local/lib/python3.7/site-packages/airflow/example_dags/example_latest_only.py for tasks to queue
[2023-03-03T17:25:21.139+0000] {logging_mixin.py:137} INFO - [2023-03-03T17:25:21.138+0000] {dagbag.py:538} INFO - Filling up the DagBag from /home/airflow/.local/lib/python3.7/site-packages/airflow/example_dags/example_latest_only.py
[2023-03-03T17:25:21.191+0000] {processor.py:753} INFO - DAG(s) dict_keys(['latest_only']) retrieved from /home/airflow/.local/lib/python3.7/site-packages/airflow/example_dags/example_latest_only.py
[2023-03-03T17:25:21.270+0000] {logging_mixin.py:137} INFO - [2023-03-03T17:25:21.269+0000] {dag.py:2690} INFO - Sync 1 DAGs
[2023-03-03T17:25:21.348+0000] {logging_mixin.py:137} INFO - [2023-03-03T17:25:21.348+0000] {dag.py:3441} INFO - Setting next_dagrun for latest_only to 2023-03-03T13:25:21.347061+00:00, run_after=2023-03-03T17:25:21.347061+00:00
[2023-03-03T17:25:21.411+0000] {processor.py:175} INFO - Processing /home/airflow/.local/lib/python3.7/site-packages/airflow/example_dags/example_latest_only.py took 0.426 seconds
[2023-03-03T18:12:14.454+0000] {processor.py:153} INFO - Started process (PID=4225) to work on /home/airflow/.local/lib/python3.7/site-packages/airflow/example_dags/example_latest_only.py
[2023-03-03T18:12:14.457+0000] {processor.py:743} INFO - Processing file /home/airflow/.local/lib/python3.7/site-packages/airflow/example_dags/example_latest_only.py for tasks to queue
[2023-03-03T18:12:14.459+0000] {logging_mixin.py:137} INFO - [2023-03-03T18:12:14.458+0000] {dagbag.py:538} INFO - Filling up the DagBag from /home/airflow/.local/lib/python3.7/site-packages/airflow/example_dags/example_latest_only.py
[2023-03-03T18:12:14.518+0000] {processor.py:753} INFO - DAG(s) dict_keys(['latest_only']) retrieved from /home/airflow/.local/lib/python3.7/site-packages/airflow/example_dags/example_latest_only.py
[2023-03-03T18:12:14.625+0000] {logging_mixin.py:137} INFO - [2023-03-03T18:12:14.625+0000] {dag.py:2690} INFO - Sync 1 DAGs
[2023-03-03T18:12:14.687+0000] {logging_mixin.py:137} INFO - [2023-03-03T18:12:14.687+0000] {dag.py:3441} INFO - Setting next_dagrun for latest_only to 2023-03-03T14:12:14.686869+00:00, run_after=2023-03-03T18:12:14.686869+00:00
[2023-03-03T18:12:14.754+0000] {processor.py:175} INFO - Processing /home/airflow/.local/lib/python3.7/site-packages/airflow/example_dags/example_latest_only.py took 0.305 seconds
[2023-03-03T18:41:56.223+0000] {processor.py:153} INFO - Started process (PID=4295) to work on /home/airflow/.local/lib/python3.7/site-packages/airflow/example_dags/example_latest_only.py
[2023-03-03T18:41:56.232+0000] {processor.py:743} INFO - Processing file /home/airflow/.local/lib/python3.7/site-packages/airflow/example_dags/example_latest_only.py for tasks to queue
[2023-03-03T18:41:56.239+0000] {logging_mixin.py:137} INFO - [2023-03-03T18:41:56.239+0000] {dagbag.py:538} INFO - Filling up the DagBag from /home/airflow/.local/lib/python3.7/site-packages/airflow/example_dags/example_latest_only.py
[2023-03-03T18:41:56.436+0000] {processor.py:753} INFO - DAG(s) dict_keys(['latest_only']) retrieved from /home/airflow/.local/lib/python3.7/site-packages/airflow/example_dags/example_latest_only.py
[2023-03-03T18:41:58.287+0000] {logging_mixin.py:137} INFO - [2023-03-03T18:41:58.234+0000] {dag.py:2690} INFO - Sync 1 DAGs
[2023-03-03T18:41:58.681+0000] {logging_mixin.py:137} INFO - [2023-03-03T18:41:58.681+0000] {dag.py:3441} INFO - Setting next_dagrun for latest_only to 2023-03-03T14:41:58.672912+00:00, run_after=2023-03-03T18:41:58.672912+00:00
[2023-03-03T18:41:58.950+0000] {processor.py:175} INFO - Processing /home/airflow/.local/lib/python3.7/site-packages/airflow/example_dags/example_latest_only.py took 2.774 seconds
[2023-03-03T18:58:48.330+0000] {processor.py:153} INFO - Started process (PID=4355) to work on /home/airflow/.local/lib/python3.7/site-packages/airflow/example_dags/example_latest_only.py
[2023-03-03T18:58:48.335+0000] {processor.py:743} INFO - Processing file /home/airflow/.local/lib/python3.7/site-packages/airflow/example_dags/example_latest_only.py for tasks to queue
[2023-03-03T18:58:48.337+0000] {logging_mixin.py:137} INFO - [2023-03-03T18:58:48.337+0000] {dagbag.py:538} INFO - Filling up the DagBag from /home/airflow/.local/lib/python3.7/site-packages/airflow/example_dags/example_latest_only.py
[2023-03-03T18:58:48.374+0000] {processor.py:753} INFO - DAG(s) dict_keys(['latest_only']) retrieved from /home/airflow/.local/lib/python3.7/site-packages/airflow/example_dags/example_latest_only.py
[2023-03-03T18:58:48.433+0000] {logging_mixin.py:137} INFO - [2023-03-03T18:58:48.432+0000] {dag.py:2690} INFO - Sync 1 DAGs
[2023-03-03T18:58:48.499+0000] {logging_mixin.py:137} INFO - [2023-03-03T18:58:48.499+0000] {dag.py:3441} INFO - Setting next_dagrun for latest_only to 2023-03-03T14:58:48.499000+00:00, run_after=2023-03-03T18:58:48.499000+00:00
[2023-03-03T18:58:48.529+0000] {processor.py:175} INFO - Processing /home/airflow/.local/lib/python3.7/site-packages/airflow/example_dags/example_latest_only.py took 0.208 seconds
[2023-03-03T19:43:50.657+0000] {processor.py:153} INFO - Started process (PID=4384) to work on /home/airflow/.local/lib/python3.7/site-packages/airflow/example_dags/example_latest_only.py
[2023-03-03T19:43:50.658+0000] {processor.py:743} INFO - Processing file /home/airflow/.local/lib/python3.7/site-packages/airflow/example_dags/example_latest_only.py for tasks to queue
[2023-03-03T19:43:50.660+0000] {logging_mixin.py:137} INFO - [2023-03-03T19:43:50.660+0000] {dagbag.py:538} INFO - Filling up the DagBag from /home/airflow/.local/lib/python3.7/site-packages/airflow/example_dags/example_latest_only.py
[2023-03-03T19:43:50.710+0000] {processor.py:753} INFO - DAG(s) dict_keys(['latest_only']) retrieved from /home/airflow/.local/lib/python3.7/site-packages/airflow/example_dags/example_latest_only.py
[2023-03-03T19:43:50.820+0000] {logging_mixin.py:137} INFO - [2023-03-03T19:43:50.820+0000] {dag.py:2690} INFO - Sync 1 DAGs
[2023-03-03T19:43:50.874+0000] {logging_mixin.py:137} INFO - [2023-03-03T19:43:50.873+0000] {dag.py:3441} INFO - Setting next_dagrun for latest_only to 2023-03-03T15:43:50.873494+00:00, run_after=2023-03-03T19:43:50.873494+00:00
[2023-03-03T19:43:50.925+0000] {processor.py:175} INFO - Processing /home/airflow/.local/lib/python3.7/site-packages/airflow/example_dags/example_latest_only.py took 0.273 seconds
[2023-03-03T20:19:58.395+0000] {processor.py:153} INFO - Started process (PID=4453) to work on /home/airflow/.local/lib/python3.7/site-packages/airflow/example_dags/example_latest_only.py
[2023-03-03T20:19:58.426+0000] {processor.py:743} INFO - Processing file /home/airflow/.local/lib/python3.7/site-packages/airflow/example_dags/example_latest_only.py for tasks to queue
[2023-03-03T20:19:58.478+0000] {logging_mixin.py:137} INFO - [2023-03-03T20:19:58.477+0000] {dagbag.py:538} INFO - Filling up the DagBag from /home/airflow/.local/lib/python3.7/site-packages/airflow/example_dags/example_latest_only.py
[2023-03-03T20:19:59.102+0000] {processor.py:753} INFO - DAG(s) dict_keys(['latest_only']) retrieved from /home/airflow/.local/lib/python3.7/site-packages/airflow/example_dags/example_latest_only.py
[2023-03-03T20:19:59.909+0000] {logging_mixin.py:137} INFO - [2023-03-03T20:19:59.907+0000] {dag.py:2690} INFO - Sync 1 DAGs
[2023-03-03T20:20:00.323+0000] {logging_mixin.py:137} INFO - [2023-03-03T20:20:00.322+0000] {dag.py:3441} INFO - Setting next_dagrun for latest_only to 2023-03-03T16:20:00.320628+00:00, run_after=2023-03-03T20:20:00.320628+00:00
[2023-03-03T20:20:03.842+0000] {processor.py:175} INFO - Processing /home/airflow/.local/lib/python3.7/site-packages/airflow/example_dags/example_latest_only.py took 5.471 seconds
