[2023-03-03T04:51:24.456+0000] {processor.py:153} INFO - Started process (PID=2555) to work on /home/airflow/.local/lib/python3.7/site-packages/airflow/example_dags/example_external_task_marker_dag.py
[2023-03-03T04:51:24.467+0000] {processor.py:743} INFO - Processing file /home/airflow/.local/lib/python3.7/site-packages/airflow/example_dags/example_external_task_marker_dag.py for tasks to queue
[2023-03-03T04:51:24.484+0000] {logging_mixin.py:137} INFO - [2023-03-03T04:51:24.484+0000] {dagbag.py:538} INFO - Filling up the DagBag from /home/airflow/.local/lib/python3.7/site-packages/airflow/example_dags/example_external_task_marker_dag.py
[2023-03-03T04:51:24.522+0000] {processor.py:753} INFO - DAG(s) dict_keys(['example_external_task_marker_parent', 'example_external_task_marker_child']) retrieved from /home/airflow/.local/lib/python3.7/site-packages/airflow/example_dags/example_external_task_marker_dag.py
[2023-03-03T04:51:24.578+0000] {logging_mixin.py:137} INFO - [2023-03-03T04:51:24.577+0000] {dag.py:2690} INFO - Sync 2 DAGs
[2023-03-03T04:51:24.616+0000] {logging_mixin.py:137} INFO - [2023-03-03T04:51:24.616+0000] {dag.py:3441} INFO - Setting next_dagrun for example_external_task_marker_child to None, run_after=None
[2023-03-03T04:51:24.620+0000] {logging_mixin.py:137} INFO - [2023-03-03T04:51:24.620+0000] {dag.py:3441} INFO - Setting next_dagrun for example_external_task_marker_parent to None, run_after=None
[2023-03-03T04:51:24.657+0000] {processor.py:175} INFO - Processing /home/airflow/.local/lib/python3.7/site-packages/airflow/example_dags/example_external_task_marker_dag.py took 0.210 seconds
[2023-03-03T06:08:18.573+0000] {processor.py:153} INFO - Started process (PID=2645) to work on /home/airflow/.local/lib/python3.7/site-packages/airflow/example_dags/example_external_task_marker_dag.py
[2023-03-03T06:08:18.574+0000] {processor.py:743} INFO - Processing file /home/airflow/.local/lib/python3.7/site-packages/airflow/example_dags/example_external_task_marker_dag.py for tasks to queue
[2023-03-03T06:08:18.575+0000] {logging_mixin.py:137} INFO - [2023-03-03T06:08:18.575+0000] {dagbag.py:538} INFO - Filling up the DagBag from /home/airflow/.local/lib/python3.7/site-packages/airflow/example_dags/example_external_task_marker_dag.py
[2023-03-03T06:08:18.591+0000] {processor.py:753} INFO - DAG(s) dict_keys(['example_external_task_marker_child', 'example_external_task_marker_parent']) retrieved from /home/airflow/.local/lib/python3.7/site-packages/airflow/example_dags/example_external_task_marker_dag.py
[2023-03-03T06:08:18.618+0000] {logging_mixin.py:137} INFO - [2023-03-03T06:08:18.618+0000] {dag.py:2690} INFO - Sync 2 DAGs
[2023-03-03T06:08:18.696+0000] {logging_mixin.py:137} INFO - [2023-03-03T06:08:18.696+0000] {dag.py:3441} INFO - Setting next_dagrun for example_external_task_marker_child to None, run_after=None
[2023-03-03T06:08:18.706+0000] {logging_mixin.py:137} INFO - [2023-03-03T06:08:18.706+0000] {dag.py:3441} INFO - Setting next_dagrun for example_external_task_marker_parent to None, run_after=None
[2023-03-03T06:08:18.731+0000] {processor.py:175} INFO - Processing /home/airflow/.local/lib/python3.7/site-packages/airflow/example_dags/example_external_task_marker_dag.py took 0.162 seconds
[2023-03-03T06:59:18.789+0000] {processor.py:153} INFO - Started process (PID=2709) to work on /home/airflow/.local/lib/python3.7/site-packages/airflow/example_dags/example_external_task_marker_dag.py
[2023-03-03T06:59:18.792+0000] {processor.py:743} INFO - Processing file /home/airflow/.local/lib/python3.7/site-packages/airflow/example_dags/example_external_task_marker_dag.py for tasks to queue
[2023-03-03T06:59:18.793+0000] {logging_mixin.py:137} INFO - [2023-03-03T06:59:18.793+0000] {dagbag.py:538} INFO - Filling up the DagBag from /home/airflow/.local/lib/python3.7/site-packages/airflow/example_dags/example_external_task_marker_dag.py
[2023-03-03T06:59:18.814+0000] {processor.py:753} INFO - DAG(s) dict_keys(['example_external_task_marker_parent', 'example_external_task_marker_child']) retrieved from /home/airflow/.local/lib/python3.7/site-packages/airflow/example_dags/example_external_task_marker_dag.py
[2023-03-03T06:59:18.872+0000] {logging_mixin.py:137} INFO - [2023-03-03T06:59:18.872+0000] {dag.py:2690} INFO - Sync 2 DAGs
[2023-03-03T06:59:18.894+0000] {logging_mixin.py:137} INFO - [2023-03-03T06:59:18.894+0000] {dag.py:3441} INFO - Setting next_dagrun for example_external_task_marker_child to None, run_after=None
[2023-03-03T06:59:18.897+0000] {logging_mixin.py:137} INFO - [2023-03-03T06:59:18.897+0000] {dag.py:3441} INFO - Setting next_dagrun for example_external_task_marker_parent to None, run_after=None
[2023-03-03T06:59:18.917+0000] {processor.py:175} INFO - Processing /home/airflow/.local/lib/python3.7/site-packages/airflow/example_dags/example_external_task_marker_dag.py took 0.132 seconds
[2023-03-03T08:22:08.671+0000] {processor.py:153} INFO - Started process (PID=2772) to work on /home/airflow/.local/lib/python3.7/site-packages/airflow/example_dags/example_external_task_marker_dag.py
[2023-03-03T08:22:08.672+0000] {processor.py:743} INFO - Processing file /home/airflow/.local/lib/python3.7/site-packages/airflow/example_dags/example_external_task_marker_dag.py for tasks to queue
[2023-03-03T08:22:08.673+0000] {logging_mixin.py:137} INFO - [2023-03-03T08:22:08.673+0000] {dagbag.py:538} INFO - Filling up the DagBag from /home/airflow/.local/lib/python3.7/site-packages/airflow/example_dags/example_external_task_marker_dag.py
[2023-03-03T08:22:08.686+0000] {processor.py:753} INFO - DAG(s) dict_keys(['example_external_task_marker_parent', 'example_external_task_marker_child']) retrieved from /home/airflow/.local/lib/python3.7/site-packages/airflow/example_dags/example_external_task_marker_dag.py
[2023-03-03T08:22:08.712+0000] {logging_mixin.py:137} INFO - [2023-03-03T08:22:08.712+0000] {dag.py:2690} INFO - Sync 2 DAGs
[2023-03-03T08:22:08.735+0000] {logging_mixin.py:137} INFO - [2023-03-03T08:22:08.734+0000] {dag.py:3441} INFO - Setting next_dagrun for example_external_task_marker_child to None, run_after=None
[2023-03-03T08:22:08.739+0000] {logging_mixin.py:137} INFO - [2023-03-03T08:22:08.739+0000] {dag.py:3441} INFO - Setting next_dagrun for example_external_task_marker_parent to None, run_after=None
[2023-03-03T08:22:08.753+0000] {processor.py:175} INFO - Processing /home/airflow/.local/lib/python3.7/site-packages/airflow/example_dags/example_external_task_marker_dag.py took 0.085 seconds
[2023-03-03T08:57:43.830+0000] {processor.py:153} INFO - Started process (PID=2847) to work on /home/airflow/.local/lib/python3.7/site-packages/airflow/example_dags/example_external_task_marker_dag.py
[2023-03-03T08:57:43.832+0000] {processor.py:743} INFO - Processing file /home/airflow/.local/lib/python3.7/site-packages/airflow/example_dags/example_external_task_marker_dag.py for tasks to queue
[2023-03-03T08:57:43.833+0000] {logging_mixin.py:137} INFO - [2023-03-03T08:57:43.832+0000] {dagbag.py:538} INFO - Filling up the DagBag from /home/airflow/.local/lib/python3.7/site-packages/airflow/example_dags/example_external_task_marker_dag.py
[2023-03-03T08:57:43.845+0000] {processor.py:753} INFO - DAG(s) dict_keys(['example_external_task_marker_child', 'example_external_task_marker_parent']) retrieved from /home/airflow/.local/lib/python3.7/site-packages/airflow/example_dags/example_external_task_marker_dag.py
[2023-03-03T08:57:43.876+0000] {logging_mixin.py:137} INFO - [2023-03-03T08:57:43.876+0000] {dag.py:2690} INFO - Sync 2 DAGs
[2023-03-03T08:57:43.895+0000] {logging_mixin.py:137} INFO - [2023-03-03T08:57:43.895+0000] {dag.py:3441} INFO - Setting next_dagrun for example_external_task_marker_child to None, run_after=None
[2023-03-03T08:57:43.898+0000] {logging_mixin.py:137} INFO - [2023-03-03T08:57:43.898+0000] {dag.py:3441} INFO - Setting next_dagrun for example_external_task_marker_parent to None, run_after=None
[2023-03-03T08:57:43.909+0000] {processor.py:175} INFO - Processing /home/airflow/.local/lib/python3.7/site-packages/airflow/example_dags/example_external_task_marker_dag.py took 0.082 seconds
[2023-03-03T09:55:37.894+0000] {processor.py:153} INFO - Started process (PID=2910) to work on /home/airflow/.local/lib/python3.7/site-packages/airflow/example_dags/example_external_task_marker_dag.py
[2023-03-03T09:55:37.897+0000] {processor.py:743} INFO - Processing file /home/airflow/.local/lib/python3.7/site-packages/airflow/example_dags/example_external_task_marker_dag.py for tasks to queue
[2023-03-03T09:55:37.898+0000] {logging_mixin.py:137} INFO - [2023-03-03T09:55:37.897+0000] {dagbag.py:538} INFO - Filling up the DagBag from /home/airflow/.local/lib/python3.7/site-packages/airflow/example_dags/example_external_task_marker_dag.py
[2023-03-03T09:55:37.911+0000] {processor.py:753} INFO - DAG(s) dict_keys(['example_external_task_marker_parent', 'example_external_task_marker_child']) retrieved from /home/airflow/.local/lib/python3.7/site-packages/airflow/example_dags/example_external_task_marker_dag.py
[2023-03-03T09:55:37.938+0000] {logging_mixin.py:137} INFO - [2023-03-03T09:55:37.938+0000] {dag.py:2690} INFO - Sync 2 DAGs
[2023-03-03T09:55:37.962+0000] {logging_mixin.py:137} INFO - [2023-03-03T09:55:37.962+0000] {dag.py:3441} INFO - Setting next_dagrun for example_external_task_marker_child to None, run_after=None
[2023-03-03T09:55:37.966+0000] {logging_mixin.py:137} INFO - [2023-03-03T09:55:37.966+0000] {dag.py:3441} INFO - Setting next_dagrun for example_external_task_marker_parent to None, run_after=None
[2023-03-03T09:55:37.984+0000] {processor.py:175} INFO - Processing /home/airflow/.local/lib/python3.7/site-packages/airflow/example_dags/example_external_task_marker_dag.py took 0.094 seconds
[2023-03-03T10:18:27.318+0000] {processor.py:153} INFO - Started process (PID=2972) to work on /home/airflow/.local/lib/python3.7/site-packages/airflow/example_dags/example_external_task_marker_dag.py
[2023-03-03T10:18:27.320+0000] {processor.py:743} INFO - Processing file /home/airflow/.local/lib/python3.7/site-packages/airflow/example_dags/example_external_task_marker_dag.py for tasks to queue
[2023-03-03T10:18:27.322+0000] {logging_mixin.py:137} INFO - [2023-03-03T10:18:27.322+0000] {dagbag.py:538} INFO - Filling up the DagBag from /home/airflow/.local/lib/python3.7/site-packages/airflow/example_dags/example_external_task_marker_dag.py
[2023-03-03T10:18:27.349+0000] {processor.py:753} INFO - DAG(s) dict_keys(['example_external_task_marker_child', 'example_external_task_marker_parent']) retrieved from /home/airflow/.local/lib/python3.7/site-packages/airflow/example_dags/example_external_task_marker_dag.py
[2023-03-03T10:18:27.725+0000] {logging_mixin.py:137} INFO - [2023-03-03T10:18:27.724+0000] {dag.py:2690} INFO - Sync 2 DAGs
[2023-03-03T10:18:28.083+0000] {logging_mixin.py:137} INFO - [2023-03-03T10:18:28.082+0000] {dag.py:3441} INFO - Setting next_dagrun for example_external_task_marker_child to None, run_after=None
[2023-03-03T10:18:28.109+0000] {logging_mixin.py:137} INFO - [2023-03-03T10:18:28.109+0000] {dag.py:3441} INFO - Setting next_dagrun for example_external_task_marker_parent to None, run_after=None
[2023-03-03T10:18:28.218+0000] {processor.py:175} INFO - Processing /home/airflow/.local/lib/python3.7/site-packages/airflow/example_dags/example_external_task_marker_dag.py took 0.904 seconds
[2023-03-03T11:18:55.380+0000] {processor.py:153} INFO - Started process (PID=3046) to work on /home/airflow/.local/lib/python3.7/site-packages/airflow/example_dags/example_external_task_marker_dag.py
[2023-03-03T11:18:55.395+0000] {processor.py:743} INFO - Processing file /home/airflow/.local/lib/python3.7/site-packages/airflow/example_dags/example_external_task_marker_dag.py for tasks to queue
[2023-03-03T11:18:55.401+0000] {logging_mixin.py:137} INFO - [2023-03-03T11:18:55.400+0000] {dagbag.py:538} INFO - Filling up the DagBag from /home/airflow/.local/lib/python3.7/site-packages/airflow/example_dags/example_external_task_marker_dag.py
[2023-03-03T11:18:55.450+0000] {processor.py:753} INFO - DAG(s) dict_keys(['example_external_task_marker_child', 'example_external_task_marker_parent']) retrieved from /home/airflow/.local/lib/python3.7/site-packages/airflow/example_dags/example_external_task_marker_dag.py
[2023-03-03T11:18:55.549+0000] {logging_mixin.py:137} INFO - [2023-03-03T11:18:55.549+0000] {dag.py:2690} INFO - Sync 2 DAGs
[2023-03-03T11:18:55.650+0000] {logging_mixin.py:137} INFO - [2023-03-03T11:18:55.649+0000] {dag.py:3441} INFO - Setting next_dagrun for example_external_task_marker_child to None, run_after=None
[2023-03-03T11:18:55.665+0000] {logging_mixin.py:137} INFO - [2023-03-03T11:18:55.665+0000] {dag.py:3441} INFO - Setting next_dagrun for example_external_task_marker_parent to None, run_after=None
[2023-03-03T11:18:55.714+0000] {processor.py:175} INFO - Processing /home/airflow/.local/lib/python3.7/site-packages/airflow/example_dags/example_external_task_marker_dag.py took 0.358 seconds
[2023-03-03T11:19:25.790+0000] {processor.py:153} INFO - Started process (PID=3110) to work on /home/airflow/.local/lib/python3.7/site-packages/airflow/example_dags/example_external_task_marker_dag.py
[2023-03-03T11:19:25.792+0000] {processor.py:743} INFO - Processing file /home/airflow/.local/lib/python3.7/site-packages/airflow/example_dags/example_external_task_marker_dag.py for tasks to queue
[2023-03-03T11:19:25.795+0000] {logging_mixin.py:137} INFO - [2023-03-03T11:19:25.795+0000] {dagbag.py:538} INFO - Filling up the DagBag from /home/airflow/.local/lib/python3.7/site-packages/airflow/example_dags/example_external_task_marker_dag.py
[2023-03-03T11:19:25.806+0000] {processor.py:753} INFO - DAG(s) dict_keys(['example_external_task_marker_child', 'example_external_task_marker_parent']) retrieved from /home/airflow/.local/lib/python3.7/site-packages/airflow/example_dags/example_external_task_marker_dag.py
[2023-03-03T11:19:25.837+0000] {logging_mixin.py:137} INFO - [2023-03-03T11:19:25.837+0000] {dag.py:2690} INFO - Sync 2 DAGs
[2023-03-03T11:19:25.859+0000] {logging_mixin.py:137} INFO - [2023-03-03T11:19:25.859+0000] {dag.py:3441} INFO - Setting next_dagrun for example_external_task_marker_child to None, run_after=None
[2023-03-03T11:19:25.863+0000] {logging_mixin.py:137} INFO - [2023-03-03T11:19:25.862+0000] {dag.py:3441} INFO - Setting next_dagrun for example_external_task_marker_parent to None, run_after=None
[2023-03-03T11:19:25.875+0000] {processor.py:175} INFO - Processing /home/airflow/.local/lib/python3.7/site-packages/airflow/example_dags/example_external_task_marker_dag.py took 0.088 seconds
[2023-03-03T11:19:56.330+0000] {processor.py:153} INFO - Started process (PID=3184) to work on /home/airflow/.local/lib/python3.7/site-packages/airflow/example_dags/example_external_task_marker_dag.py
[2023-03-03T11:19:56.332+0000] {processor.py:743} INFO - Processing file /home/airflow/.local/lib/python3.7/site-packages/airflow/example_dags/example_external_task_marker_dag.py for tasks to queue
[2023-03-03T11:19:56.333+0000] {logging_mixin.py:137} INFO - [2023-03-03T11:19:56.333+0000] {dagbag.py:538} INFO - Filling up the DagBag from /home/airflow/.local/lib/python3.7/site-packages/airflow/example_dags/example_external_task_marker_dag.py
[2023-03-03T11:19:56.346+0000] {processor.py:753} INFO - DAG(s) dict_keys(['example_external_task_marker_child', 'example_external_task_marker_parent']) retrieved from /home/airflow/.local/lib/python3.7/site-packages/airflow/example_dags/example_external_task_marker_dag.py
[2023-03-03T11:19:56.373+0000] {logging_mixin.py:137} INFO - [2023-03-03T11:19:56.372+0000] {dag.py:2690} INFO - Sync 2 DAGs
[2023-03-03T11:19:56.401+0000] {logging_mixin.py:137} INFO - [2023-03-03T11:19:56.401+0000] {dag.py:3441} INFO - Setting next_dagrun for example_external_task_marker_child to None, run_after=None
[2023-03-03T11:19:56.405+0000] {logging_mixin.py:137} INFO - [2023-03-03T11:19:56.405+0000] {dag.py:3441} INFO - Setting next_dagrun for example_external_task_marker_parent to None, run_after=None
[2023-03-03T11:19:56.417+0000] {processor.py:175} INFO - Processing /home/airflow/.local/lib/python3.7/site-packages/airflow/example_dags/example_external_task_marker_dag.py took 0.090 seconds
[2023-03-03T11:37:13.133+0000] {processor.py:153} INFO - Started process (PID=3274) to work on /home/airflow/.local/lib/python3.7/site-packages/airflow/example_dags/example_external_task_marker_dag.py
[2023-03-03T11:37:13.137+0000] {processor.py:743} INFO - Processing file /home/airflow/.local/lib/python3.7/site-packages/airflow/example_dags/example_external_task_marker_dag.py for tasks to queue
[2023-03-03T11:37:13.138+0000] {logging_mixin.py:137} INFO - [2023-03-03T11:37:13.138+0000] {dagbag.py:538} INFO - Filling up the DagBag from /home/airflow/.local/lib/python3.7/site-packages/airflow/example_dags/example_external_task_marker_dag.py
[2023-03-03T11:37:13.150+0000] {processor.py:753} INFO - DAG(s) dict_keys(['example_external_task_marker_parent', 'example_external_task_marker_child']) retrieved from /home/airflow/.local/lib/python3.7/site-packages/airflow/example_dags/example_external_task_marker_dag.py
[2023-03-03T11:37:13.188+0000] {logging_mixin.py:137} INFO - [2023-03-03T11:37:13.188+0000] {dag.py:2690} INFO - Sync 2 DAGs
[2023-03-03T11:37:13.262+0000] {logging_mixin.py:137} INFO - [2023-03-03T11:37:13.262+0000] {dag.py:3441} INFO - Setting next_dagrun for example_external_task_marker_child to None, run_after=None
[2023-03-03T11:37:13.281+0000] {logging_mixin.py:137} INFO - [2023-03-03T11:37:13.281+0000] {dag.py:3441} INFO - Setting next_dagrun for example_external_task_marker_parent to None, run_after=None
[2023-03-03T11:37:13.307+0000] {processor.py:175} INFO - Processing /home/airflow/.local/lib/python3.7/site-packages/airflow/example_dags/example_external_task_marker_dag.py took 0.178 seconds
[2023-03-03T11:37:43.665+0000] {processor.py:153} INFO - Started process (PID=3349) to work on /home/airflow/.local/lib/python3.7/site-packages/airflow/example_dags/example_external_task_marker_dag.py
[2023-03-03T11:37:43.666+0000] {processor.py:743} INFO - Processing file /home/airflow/.local/lib/python3.7/site-packages/airflow/example_dags/example_external_task_marker_dag.py for tasks to queue
[2023-03-03T11:37:43.667+0000] {logging_mixin.py:137} INFO - [2023-03-03T11:37:43.667+0000] {dagbag.py:538} INFO - Filling up the DagBag from /home/airflow/.local/lib/python3.7/site-packages/airflow/example_dags/example_external_task_marker_dag.py
[2023-03-03T11:37:43.677+0000] {processor.py:753} INFO - DAG(s) dict_keys(['example_external_task_marker_parent', 'example_external_task_marker_child']) retrieved from /home/airflow/.local/lib/python3.7/site-packages/airflow/example_dags/example_external_task_marker_dag.py
[2023-03-03T11:37:43.700+0000] {logging_mixin.py:137} INFO - [2023-03-03T11:37:43.700+0000] {dag.py:2690} INFO - Sync 2 DAGs
[2023-03-03T11:37:43.721+0000] {logging_mixin.py:137} INFO - [2023-03-03T11:37:43.721+0000] {dag.py:3441} INFO - Setting next_dagrun for example_external_task_marker_child to None, run_after=None
[2023-03-03T11:37:43.725+0000] {logging_mixin.py:137} INFO - [2023-03-03T11:37:43.725+0000] {dag.py:3441} INFO - Setting next_dagrun for example_external_task_marker_parent to None, run_after=None
[2023-03-03T11:37:43.738+0000] {processor.py:175} INFO - Processing /home/airflow/.local/lib/python3.7/site-packages/airflow/example_dags/example_external_task_marker_dag.py took 0.076 seconds
[2023-03-03T11:38:14.020+0000] {processor.py:153} INFO - Started process (PID=3412) to work on /home/airflow/.local/lib/python3.7/site-packages/airflow/example_dags/example_external_task_marker_dag.py
[2023-03-03T11:38:14.021+0000] {processor.py:743} INFO - Processing file /home/airflow/.local/lib/python3.7/site-packages/airflow/example_dags/example_external_task_marker_dag.py for tasks to queue
[2023-03-03T11:38:14.022+0000] {logging_mixin.py:137} INFO - [2023-03-03T11:38:14.021+0000] {dagbag.py:538} INFO - Filling up the DagBag from /home/airflow/.local/lib/python3.7/site-packages/airflow/example_dags/example_external_task_marker_dag.py
[2023-03-03T11:38:14.032+0000] {processor.py:753} INFO - DAG(s) dict_keys(['example_external_task_marker_parent', 'example_external_task_marker_child']) retrieved from /home/airflow/.local/lib/python3.7/site-packages/airflow/example_dags/example_external_task_marker_dag.py
[2023-03-03T11:38:14.056+0000] {logging_mixin.py:137} INFO - [2023-03-03T11:38:14.056+0000] {dag.py:2690} INFO - Sync 2 DAGs
[2023-03-03T11:38:14.072+0000] {logging_mixin.py:137} INFO - [2023-03-03T11:38:14.072+0000] {dag.py:3441} INFO - Setting next_dagrun for example_external_task_marker_child to None, run_after=None
[2023-03-03T11:38:14.075+0000] {logging_mixin.py:137} INFO - [2023-03-03T11:38:14.074+0000] {dag.py:3441} INFO - Setting next_dagrun for example_external_task_marker_parent to None, run_after=None
[2023-03-03T11:38:14.084+0000] {processor.py:175} INFO - Processing /home/airflow/.local/lib/python3.7/site-packages/airflow/example_dags/example_external_task_marker_dag.py took 0.068 seconds
[2023-03-03T11:38:45.265+0000] {processor.py:153} INFO - Started process (PID=3487) to work on /home/airflow/.local/lib/python3.7/site-packages/airflow/example_dags/example_external_task_marker_dag.py
[2023-03-03T11:38:45.266+0000] {processor.py:743} INFO - Processing file /home/airflow/.local/lib/python3.7/site-packages/airflow/example_dags/example_external_task_marker_dag.py for tasks to queue
[2023-03-03T11:38:45.267+0000] {logging_mixin.py:137} INFO - [2023-03-03T11:38:45.267+0000] {dagbag.py:538} INFO - Filling up the DagBag from /home/airflow/.local/lib/python3.7/site-packages/airflow/example_dags/example_external_task_marker_dag.py
[2023-03-03T11:38:45.281+0000] {processor.py:753} INFO - DAG(s) dict_keys(['example_external_task_marker_child', 'example_external_task_marker_parent']) retrieved from /home/airflow/.local/lib/python3.7/site-packages/airflow/example_dags/example_external_task_marker_dag.py
[2023-03-03T11:38:45.309+0000] {logging_mixin.py:137} INFO - [2023-03-03T11:38:45.308+0000] {dag.py:2690} INFO - Sync 2 DAGs
[2023-03-03T11:38:45.330+0000] {logging_mixin.py:137} INFO - [2023-03-03T11:38:45.329+0000] {dag.py:3441} INFO - Setting next_dagrun for example_external_task_marker_child to None, run_after=None
[2023-03-03T11:38:45.333+0000] {logging_mixin.py:137} INFO - [2023-03-03T11:38:45.333+0000] {dag.py:3441} INFO - Setting next_dagrun for example_external_task_marker_parent to None, run_after=None
[2023-03-03T11:38:45.347+0000] {processor.py:175} INFO - Processing /home/airflow/.local/lib/python3.7/site-packages/airflow/example_dags/example_external_task_marker_dag.py took 0.086 seconds
[2023-03-03T11:39:15.414+0000] {processor.py:153} INFO - Started process (PID=3550) to work on /home/airflow/.local/lib/python3.7/site-packages/airflow/example_dags/example_external_task_marker_dag.py
[2023-03-03T11:39:15.416+0000] {processor.py:743} INFO - Processing file /home/airflow/.local/lib/python3.7/site-packages/airflow/example_dags/example_external_task_marker_dag.py for tasks to queue
[2023-03-03T11:39:15.416+0000] {logging_mixin.py:137} INFO - [2023-03-03T11:39:15.416+0000] {dagbag.py:538} INFO - Filling up the DagBag from /home/airflow/.local/lib/python3.7/site-packages/airflow/example_dags/example_external_task_marker_dag.py
[2023-03-03T11:39:15.429+0000] {processor.py:753} INFO - DAG(s) dict_keys(['example_external_task_marker_child', 'example_external_task_marker_parent']) retrieved from /home/airflow/.local/lib/python3.7/site-packages/airflow/example_dags/example_external_task_marker_dag.py
[2023-03-03T11:39:15.451+0000] {logging_mixin.py:137} INFO - [2023-03-03T11:39:15.451+0000] {dag.py:2690} INFO - Sync 2 DAGs
[2023-03-03T11:39:15.471+0000] {logging_mixin.py:137} INFO - [2023-03-03T11:39:15.471+0000] {dag.py:3441} INFO - Setting next_dagrun for example_external_task_marker_child to None, run_after=None
[2023-03-03T11:39:15.475+0000] {logging_mixin.py:137} INFO - [2023-03-03T11:39:15.475+0000] {dag.py:3441} INFO - Setting next_dagrun for example_external_task_marker_parent to None, run_after=None
[2023-03-03T11:39:15.498+0000] {processor.py:175} INFO - Processing /home/airflow/.local/lib/python3.7/site-packages/airflow/example_dags/example_external_task_marker_dag.py took 0.088 seconds
[2023-03-03T11:39:45.649+0000] {processor.py:153} INFO - Started process (PID=3626) to work on /home/airflow/.local/lib/python3.7/site-packages/airflow/example_dags/example_external_task_marker_dag.py
[2023-03-03T11:39:45.650+0000] {processor.py:743} INFO - Processing file /home/airflow/.local/lib/python3.7/site-packages/airflow/example_dags/example_external_task_marker_dag.py for tasks to queue
[2023-03-03T11:39:45.651+0000] {logging_mixin.py:137} INFO - [2023-03-03T11:39:45.651+0000] {dagbag.py:538} INFO - Filling up the DagBag from /home/airflow/.local/lib/python3.7/site-packages/airflow/example_dags/example_external_task_marker_dag.py
[2023-03-03T11:39:45.663+0000] {processor.py:753} INFO - DAG(s) dict_keys(['example_external_task_marker_child', 'example_external_task_marker_parent']) retrieved from /home/airflow/.local/lib/python3.7/site-packages/airflow/example_dags/example_external_task_marker_dag.py
[2023-03-03T11:39:45.684+0000] {logging_mixin.py:137} INFO - [2023-03-03T11:39:45.684+0000] {dag.py:2690} INFO - Sync 2 DAGs
[2023-03-03T11:39:45.700+0000] {logging_mixin.py:137} INFO - [2023-03-03T11:39:45.700+0000] {dag.py:3441} INFO - Setting next_dagrun for example_external_task_marker_child to None, run_after=None
[2023-03-03T11:39:45.703+0000] {logging_mixin.py:137} INFO - [2023-03-03T11:39:45.703+0000] {dag.py:3441} INFO - Setting next_dagrun for example_external_task_marker_parent to None, run_after=None
[2023-03-03T11:39:45.714+0000] {processor.py:175} INFO - Processing /home/airflow/.local/lib/python3.7/site-packages/airflow/example_dags/example_external_task_marker_dag.py took 0.068 seconds
[2023-03-03T11:55:26.020+0000] {processor.py:153} INFO - Started process (PID=3688) to work on /home/airflow/.local/lib/python3.7/site-packages/airflow/example_dags/example_external_task_marker_dag.py
[2023-03-03T11:55:26.022+0000] {processor.py:743} INFO - Processing file /home/airflow/.local/lib/python3.7/site-packages/airflow/example_dags/example_external_task_marker_dag.py for tasks to queue
[2023-03-03T11:55:26.024+0000] {logging_mixin.py:137} INFO - [2023-03-03T11:55:26.024+0000] {dagbag.py:538} INFO - Filling up the DagBag from /home/airflow/.local/lib/python3.7/site-packages/airflow/example_dags/example_external_task_marker_dag.py
[2023-03-03T11:55:26.045+0000] {processor.py:753} INFO - DAG(s) dict_keys(['example_external_task_marker_child', 'example_external_task_marker_parent']) retrieved from /home/airflow/.local/lib/python3.7/site-packages/airflow/example_dags/example_external_task_marker_dag.py
[2023-03-03T11:55:26.082+0000] {logging_mixin.py:137} INFO - [2023-03-03T11:55:26.081+0000] {dag.py:2690} INFO - Sync 2 DAGs
[2023-03-03T11:55:26.120+0000] {logging_mixin.py:137} INFO - [2023-03-03T11:55:26.120+0000] {dag.py:3441} INFO - Setting next_dagrun for example_external_task_marker_child to None, run_after=None
[2023-03-03T11:55:26.124+0000] {logging_mixin.py:137} INFO - [2023-03-03T11:55:26.124+0000] {dag.py:3441} INFO - Setting next_dagrun for example_external_task_marker_parent to None, run_after=None
[2023-03-03T11:55:26.138+0000] {processor.py:175} INFO - Processing /home/airflow/.local/lib/python3.7/site-packages/airflow/example_dags/example_external_task_marker_dag.py took 0.121 seconds
[2023-03-03T12:52:43.809+0000] {processor.py:153} INFO - Started process (PID=3750) to work on /home/airflow/.local/lib/python3.7/site-packages/airflow/example_dags/example_external_task_marker_dag.py
[2023-03-03T12:52:43.811+0000] {processor.py:743} INFO - Processing file /home/airflow/.local/lib/python3.7/site-packages/airflow/example_dags/example_external_task_marker_dag.py for tasks to queue
[2023-03-03T12:52:43.812+0000] {logging_mixin.py:137} INFO - [2023-03-03T12:52:43.812+0000] {dagbag.py:538} INFO - Filling up the DagBag from /home/airflow/.local/lib/python3.7/site-packages/airflow/example_dags/example_external_task_marker_dag.py
[2023-03-03T12:52:43.822+0000] {processor.py:753} INFO - DAG(s) dict_keys(['example_external_task_marker_child', 'example_external_task_marker_parent']) retrieved from /home/airflow/.local/lib/python3.7/site-packages/airflow/example_dags/example_external_task_marker_dag.py
[2023-03-03T12:52:43.846+0000] {logging_mixin.py:137} INFO - [2023-03-03T12:52:43.846+0000] {dag.py:2690} INFO - Sync 2 DAGs
[2023-03-03T12:52:43.868+0000] {logging_mixin.py:137} INFO - [2023-03-03T12:52:43.868+0000] {dag.py:3441} INFO - Setting next_dagrun for example_external_task_marker_child to None, run_after=None
[2023-03-03T12:52:43.872+0000] {logging_mixin.py:137} INFO - [2023-03-03T12:52:43.872+0000] {dag.py:3441} INFO - Setting next_dagrun for example_external_task_marker_parent to None, run_after=None
[2023-03-03T12:52:43.885+0000] {processor.py:175} INFO - Processing /home/airflow/.local/lib/python3.7/site-packages/airflow/example_dags/example_external_task_marker_dag.py took 0.079 seconds
[2023-03-03T14:01:02.755+0000] {processor.py:153} INFO - Started process (PID=3825) to work on /home/airflow/.local/lib/python3.7/site-packages/airflow/example_dags/example_external_task_marker_dag.py
[2023-03-03T14:01:02.759+0000] {processor.py:743} INFO - Processing file /home/airflow/.local/lib/python3.7/site-packages/airflow/example_dags/example_external_task_marker_dag.py for tasks to queue
[2023-03-03T14:01:02.763+0000] {logging_mixin.py:137} INFO - [2023-03-03T14:01:02.763+0000] {dagbag.py:538} INFO - Filling up the DagBag from /home/airflow/.local/lib/python3.7/site-packages/airflow/example_dags/example_external_task_marker_dag.py
[2023-03-03T14:01:02.830+0000] {processor.py:753} INFO - DAG(s) dict_keys(['example_external_task_marker_child', 'example_external_task_marker_parent']) retrieved from /home/airflow/.local/lib/python3.7/site-packages/airflow/example_dags/example_external_task_marker_dag.py
[2023-03-03T14:01:02.882+0000] {logging_mixin.py:137} INFO - [2023-03-03T14:01:02.882+0000] {dag.py:2690} INFO - Sync 2 DAGs
[2023-03-03T14:01:02.923+0000] {logging_mixin.py:137} INFO - [2023-03-03T14:01:02.922+0000] {dag.py:3441} INFO - Setting next_dagrun for example_external_task_marker_child to None, run_after=None
[2023-03-03T14:01:02.927+0000] {logging_mixin.py:137} INFO - [2023-03-03T14:01:02.927+0000] {dag.py:3441} INFO - Setting next_dagrun for example_external_task_marker_parent to None, run_after=None
[2023-03-03T14:01:02.957+0000] {processor.py:175} INFO - Processing /home/airflow/.local/lib/python3.7/site-packages/airflow/example_dags/example_external_task_marker_dag.py took 0.222 seconds
[2023-03-03T14:44:36.030+0000] {processor.py:153} INFO - Started process (PID=3876) to work on /home/airflow/.local/lib/python3.7/site-packages/airflow/example_dags/example_external_task_marker_dag.py
[2023-03-03T14:44:36.042+0000] {processor.py:743} INFO - Processing file /home/airflow/.local/lib/python3.7/site-packages/airflow/example_dags/example_external_task_marker_dag.py for tasks to queue
[2023-03-03T14:44:36.058+0000] {logging_mixin.py:137} INFO - [2023-03-03T14:44:36.057+0000] {dagbag.py:538} INFO - Filling up the DagBag from /home/airflow/.local/lib/python3.7/site-packages/airflow/example_dags/example_external_task_marker_dag.py
[2023-03-03T14:44:36.187+0000] {processor.py:753} INFO - DAG(s) dict_keys(['example_external_task_marker_parent', 'example_external_task_marker_child']) retrieved from /home/airflow/.local/lib/python3.7/site-packages/airflow/example_dags/example_external_task_marker_dag.py
[2023-03-03T14:44:36.505+0000] {logging_mixin.py:137} INFO - [2023-03-03T14:44:36.505+0000] {dag.py:2690} INFO - Sync 2 DAGs
[2023-03-03T14:44:36.603+0000] {logging_mixin.py:137} INFO - [2023-03-03T14:44:36.602+0000] {dag.py:3441} INFO - Setting next_dagrun for example_external_task_marker_child to None, run_after=None
[2023-03-03T14:44:36.624+0000] {logging_mixin.py:137} INFO - [2023-03-03T14:44:36.624+0000] {dag.py:3441} INFO - Setting next_dagrun for example_external_task_marker_parent to None, run_after=None
[2023-03-03T14:44:36.748+0000] {processor.py:175} INFO - Processing /home/airflow/.local/lib/python3.7/site-packages/airflow/example_dags/example_external_task_marker_dag.py took 0.760 seconds
[2023-03-03T15:49:40.831+0000] {processor.py:153} INFO - Started process (PID=3939) to work on /home/airflow/.local/lib/python3.7/site-packages/airflow/example_dags/example_external_task_marker_dag.py
[2023-03-03T15:49:40.834+0000] {processor.py:743} INFO - Processing file /home/airflow/.local/lib/python3.7/site-packages/airflow/example_dags/example_external_task_marker_dag.py for tasks to queue
[2023-03-03T15:49:40.835+0000] {logging_mixin.py:137} INFO - [2023-03-03T15:49:40.835+0000] {dagbag.py:538} INFO - Filling up the DagBag from /home/airflow/.local/lib/python3.7/site-packages/airflow/example_dags/example_external_task_marker_dag.py
[2023-03-03T15:49:40.865+0000] {processor.py:753} INFO - DAG(s) dict_keys(['example_external_task_marker_parent', 'example_external_task_marker_child']) retrieved from /home/airflow/.local/lib/python3.7/site-packages/airflow/example_dags/example_external_task_marker_dag.py
[2023-03-03T15:49:40.916+0000] {logging_mixin.py:137} INFO - [2023-03-03T15:49:40.916+0000] {dag.py:2690} INFO - Sync 2 DAGs
[2023-03-03T15:49:40.946+0000] {logging_mixin.py:137} INFO - [2023-03-03T15:49:40.946+0000] {dag.py:3441} INFO - Setting next_dagrun for example_external_task_marker_child to None, run_after=None
[2023-03-03T15:49:40.951+0000] {logging_mixin.py:137} INFO - [2023-03-03T15:49:40.950+0000] {dag.py:3441} INFO - Setting next_dagrun for example_external_task_marker_parent to None, run_after=None
[2023-03-03T15:49:40.965+0000] {processor.py:175} INFO - Processing /home/airflow/.local/lib/python3.7/site-packages/airflow/example_dags/example_external_task_marker_dag.py took 0.139 seconds
[2023-03-03T16:32:36.877+0000] {processor.py:153} INFO - Started process (PID=4001) to work on /home/airflow/.local/lib/python3.7/site-packages/airflow/example_dags/example_external_task_marker_dag.py
[2023-03-03T16:32:36.878+0000] {processor.py:743} INFO - Processing file /home/airflow/.local/lib/python3.7/site-packages/airflow/example_dags/example_external_task_marker_dag.py for tasks to queue
[2023-03-03T16:32:36.879+0000] {logging_mixin.py:137} INFO - [2023-03-03T16:32:36.879+0000] {dagbag.py:538} INFO - Filling up the DagBag from /home/airflow/.local/lib/python3.7/site-packages/airflow/example_dags/example_external_task_marker_dag.py
[2023-03-03T16:32:36.892+0000] {processor.py:753} INFO - DAG(s) dict_keys(['example_external_task_marker_parent', 'example_external_task_marker_child']) retrieved from /home/airflow/.local/lib/python3.7/site-packages/airflow/example_dags/example_external_task_marker_dag.py
[2023-03-03T16:32:36.922+0000] {logging_mixin.py:137} INFO - [2023-03-03T16:32:36.921+0000] {dag.py:2690} INFO - Sync 2 DAGs
[2023-03-03T16:32:36.974+0000] {logging_mixin.py:137} INFO - [2023-03-03T16:32:36.974+0000] {dag.py:3441} INFO - Setting next_dagrun for example_external_task_marker_child to None, run_after=None
[2023-03-03T16:32:36.979+0000] {logging_mixin.py:137} INFO - [2023-03-03T16:32:36.979+0000] {dag.py:3441} INFO - Setting next_dagrun for example_external_task_marker_parent to None, run_after=None
[2023-03-03T16:32:36.996+0000] {processor.py:175} INFO - Processing /home/airflow/.local/lib/python3.7/site-packages/airflow/example_dags/example_external_task_marker_dag.py took 0.123 seconds
[2023-03-03T16:34:16.103+0000] {processor.py:153} INFO - Started process (PID=4053) to work on /home/airflow/.local/lib/python3.7/site-packages/airflow/example_dags/example_external_task_marker_dag.py
[2023-03-03T16:34:16.105+0000] {processor.py:743} INFO - Processing file /home/airflow/.local/lib/python3.7/site-packages/airflow/example_dags/example_external_task_marker_dag.py for tasks to queue
[2023-03-03T16:34:16.106+0000] {logging_mixin.py:137} INFO - [2023-03-03T16:34:16.105+0000] {dagbag.py:538} INFO - Filling up the DagBag from /home/airflow/.local/lib/python3.7/site-packages/airflow/example_dags/example_external_task_marker_dag.py
[2023-03-03T16:34:16.116+0000] {processor.py:753} INFO - DAG(s) dict_keys(['example_external_task_marker_parent', 'example_external_task_marker_child']) retrieved from /home/airflow/.local/lib/python3.7/site-packages/airflow/example_dags/example_external_task_marker_dag.py
[2023-03-03T16:34:16.138+0000] {logging_mixin.py:137} INFO - [2023-03-03T16:34:16.138+0000] {dag.py:2690} INFO - Sync 2 DAGs
[2023-03-03T16:34:16.161+0000] {logging_mixin.py:137} INFO - [2023-03-03T16:34:16.161+0000] {dag.py:3441} INFO - Setting next_dagrun for example_external_task_marker_child to None, run_after=None
[2023-03-03T16:34:16.167+0000] {logging_mixin.py:137} INFO - [2023-03-03T16:34:16.167+0000] {dag.py:3441} INFO - Setting next_dagrun for example_external_task_marker_parent to None, run_after=None
[2023-03-03T16:34:16.180+0000] {processor.py:175} INFO - Processing /home/airflow/.local/lib/python3.7/site-packages/airflow/example_dags/example_external_task_marker_dag.py took 0.080 seconds
[2023-03-03T16:51:21.990+0000] {processor.py:153} INFO - Started process (PID=4129) to work on /home/airflow/.local/lib/python3.7/site-packages/airflow/example_dags/example_external_task_marker_dag.py
[2023-03-03T16:51:21.991+0000] {processor.py:743} INFO - Processing file /home/airflow/.local/lib/python3.7/site-packages/airflow/example_dags/example_external_task_marker_dag.py for tasks to queue
[2023-03-03T16:51:21.992+0000] {logging_mixin.py:137} INFO - [2023-03-03T16:51:21.992+0000] {dagbag.py:538} INFO - Filling up the DagBag from /home/airflow/.local/lib/python3.7/site-packages/airflow/example_dags/example_external_task_marker_dag.py
[2023-03-03T16:51:22.004+0000] {processor.py:753} INFO - DAG(s) dict_keys(['example_external_task_marker_parent', 'example_external_task_marker_child']) retrieved from /home/airflow/.local/lib/python3.7/site-packages/airflow/example_dags/example_external_task_marker_dag.py
[2023-03-03T16:51:22.025+0000] {logging_mixin.py:137} INFO - [2023-03-03T16:51:22.025+0000] {dag.py:2690} INFO - Sync 2 DAGs
[2023-03-03T16:51:22.041+0000] {logging_mixin.py:137} INFO - [2023-03-03T16:51:22.041+0000] {dag.py:3441} INFO - Setting next_dagrun for example_external_task_marker_child to None, run_after=None
[2023-03-03T16:51:22.044+0000] {logging_mixin.py:137} INFO - [2023-03-03T16:51:22.044+0000] {dag.py:3441} INFO - Setting next_dagrun for example_external_task_marker_parent to None, run_after=None
[2023-03-03T16:51:22.054+0000] {processor.py:175} INFO - Processing /home/airflow/.local/lib/python3.7/site-packages/airflow/example_dags/example_external_task_marker_dag.py took 0.067 seconds
[2023-03-03T17:25:23.846+0000] {processor.py:153} INFO - Started process (PID=4192) to work on /home/airflow/.local/lib/python3.7/site-packages/airflow/example_dags/example_external_task_marker_dag.py
[2023-03-03T17:25:23.848+0000] {processor.py:743} INFO - Processing file /home/airflow/.local/lib/python3.7/site-packages/airflow/example_dags/example_external_task_marker_dag.py for tasks to queue
[2023-03-03T17:25:23.848+0000] {logging_mixin.py:137} INFO - [2023-03-03T17:25:23.848+0000] {dagbag.py:538} INFO - Filling up the DagBag from /home/airflow/.local/lib/python3.7/site-packages/airflow/example_dags/example_external_task_marker_dag.py
[2023-03-03T17:25:23.859+0000] {processor.py:753} INFO - DAG(s) dict_keys(['example_external_task_marker_child', 'example_external_task_marker_parent']) retrieved from /home/airflow/.local/lib/python3.7/site-packages/airflow/example_dags/example_external_task_marker_dag.py
[2023-03-03T17:25:23.904+0000] {logging_mixin.py:137} INFO - [2023-03-03T17:25:23.904+0000] {dag.py:2690} INFO - Sync 2 DAGs
[2023-03-03T17:25:23.932+0000] {logging_mixin.py:137} INFO - [2023-03-03T17:25:23.932+0000] {dag.py:3441} INFO - Setting next_dagrun for example_external_task_marker_child to None, run_after=None
[2023-03-03T17:25:23.936+0000] {logging_mixin.py:137} INFO - [2023-03-03T17:25:23.936+0000] {dag.py:3441} INFO - Setting next_dagrun for example_external_task_marker_parent to None, run_after=None
[2023-03-03T17:25:23.948+0000] {processor.py:175} INFO - Processing /home/airflow/.local/lib/python3.7/site-packages/airflow/example_dags/example_external_task_marker_dag.py took 0.105 seconds
[2023-03-03T18:12:19.245+0000] {processor.py:153} INFO - Started process (PID=4260) to work on /home/airflow/.local/lib/python3.7/site-packages/airflow/example_dags/example_external_task_marker_dag.py
[2023-03-03T18:12:19.250+0000] {processor.py:743} INFO - Processing file /home/airflow/.local/lib/python3.7/site-packages/airflow/example_dags/example_external_task_marker_dag.py for tasks to queue
[2023-03-03T18:12:19.253+0000] {logging_mixin.py:137} INFO - [2023-03-03T18:12:19.253+0000] {dagbag.py:538} INFO - Filling up the DagBag from /home/airflow/.local/lib/python3.7/site-packages/airflow/example_dags/example_external_task_marker_dag.py
[2023-03-03T18:12:19.276+0000] {processor.py:753} INFO - DAG(s) dict_keys(['example_external_task_marker_child', 'example_external_task_marker_parent']) retrieved from /home/airflow/.local/lib/python3.7/site-packages/airflow/example_dags/example_external_task_marker_dag.py
[2023-03-03T18:12:19.352+0000] {logging_mixin.py:137} INFO - [2023-03-03T18:12:19.352+0000] {dag.py:2690} INFO - Sync 2 DAGs
[2023-03-03T18:12:19.402+0000] {logging_mixin.py:137} INFO - [2023-03-03T18:12:19.401+0000] {dag.py:3441} INFO - Setting next_dagrun for example_external_task_marker_child to None, run_after=None
[2023-03-03T18:12:19.406+0000] {logging_mixin.py:137} INFO - [2023-03-03T18:12:19.405+0000] {dag.py:3441} INFO - Setting next_dagrun for example_external_task_marker_parent to None, run_after=None
[2023-03-03T18:12:19.434+0000] {processor.py:175} INFO - Processing /home/airflow/.local/lib/python3.7/site-packages/airflow/example_dags/example_external_task_marker_dag.py took 0.196 seconds
[2023-03-03T18:58:47.070+0000] {processor.py:153} INFO - Started process (PID=4336) to work on /home/airflow/.local/lib/python3.7/site-packages/airflow/example_dags/example_external_task_marker_dag.py
[2023-03-03T18:58:47.072+0000] {processor.py:743} INFO - Processing file /home/airflow/.local/lib/python3.7/site-packages/airflow/example_dags/example_external_task_marker_dag.py for tasks to queue
[2023-03-03T18:58:47.073+0000] {logging_mixin.py:137} INFO - [2023-03-03T18:58:47.073+0000] {dagbag.py:538} INFO - Filling up the DagBag from /home/airflow/.local/lib/python3.7/site-packages/airflow/example_dags/example_external_task_marker_dag.py
[2023-03-03T18:58:47.091+0000] {processor.py:753} INFO - DAG(s) dict_keys(['example_external_task_marker_parent', 'example_external_task_marker_child']) retrieved from /home/airflow/.local/lib/python3.7/site-packages/airflow/example_dags/example_external_task_marker_dag.py
[2023-03-03T18:58:47.205+0000] {logging_mixin.py:137} INFO - [2023-03-03T18:58:47.205+0000] {dag.py:2690} INFO - Sync 2 DAGs
[2023-03-03T18:58:47.249+0000] {logging_mixin.py:137} INFO - [2023-03-03T18:58:47.249+0000] {dag.py:3441} INFO - Setting next_dagrun for example_external_task_marker_child to None, run_after=None
[2023-03-03T18:58:47.263+0000] {logging_mixin.py:137} INFO - [2023-03-03T18:58:47.263+0000] {dag.py:3441} INFO - Setting next_dagrun for example_external_task_marker_parent to None, run_after=None
[2023-03-03T18:58:47.313+0000] {processor.py:175} INFO - Processing /home/airflow/.local/lib/python3.7/site-packages/airflow/example_dags/example_external_task_marker_dag.py took 0.246 seconds
[2023-03-03T19:44:15.534+0000] {processor.py:153} INFO - Started process (PID=4425) to work on /home/airflow/.local/lib/python3.7/site-packages/airflow/example_dags/example_external_task_marker_dag.py
[2023-03-03T19:44:15.541+0000] {processor.py:743} INFO - Processing file /home/airflow/.local/lib/python3.7/site-packages/airflow/example_dags/example_external_task_marker_dag.py for tasks to queue
[2023-03-03T19:44:15.545+0000] {logging_mixin.py:137} INFO - [2023-03-03T19:44:15.544+0000] {dagbag.py:538} INFO - Filling up the DagBag from /home/airflow/.local/lib/python3.7/site-packages/airflow/example_dags/example_external_task_marker_dag.py
[2023-03-03T19:44:15.819+0000] {processor.py:753} INFO - DAG(s) dict_keys(['example_external_task_marker_parent', 'example_external_task_marker_child']) retrieved from /home/airflow/.local/lib/python3.7/site-packages/airflow/example_dags/example_external_task_marker_dag.py
[2023-03-03T20:19:39.167+0000] {logging_mixin.py:137} INFO - [2023-03-03T20:19:39.158+0000] {dag.py:2690} INFO - Sync 2 DAGs
