[2023-03-03T04:51:22.776+0000] {processor.py:153} INFO - Started process (PID=2553) to work on /home/airflow/.local/lib/python3.7/site-packages/airflow/example_dags/example_task_group.py
[2023-03-03T04:51:22.784+0000] {processor.py:743} INFO - Processing file /home/airflow/.local/lib/python3.7/site-packages/airflow/example_dags/example_task_group.py for tasks to queue
[2023-03-03T04:51:22.808+0000] {logging_mixin.py:137} INFO - [2023-03-03T04:51:22.793+0000] {dagbag.py:538} INFO - Filling up the DagBag from /home/airflow/.local/lib/python3.7/site-packages/airflow/example_dags/example_task_group.py
[2023-03-03T04:51:22.952+0000] {processor.py:753} INFO - DAG(s) dict_keys(['example_task_group']) retrieved from /home/airflow/.local/lib/python3.7/site-packages/airflow/example_dags/example_task_group.py
[2023-03-03T04:51:24.017+0000] {logging_mixin.py:137} INFO - [2023-03-03T04:51:24.015+0000] {dag.py:2690} INFO - Sync 1 DAGs
[2023-03-03T04:51:24.145+0000] {logging_mixin.py:137} INFO - [2023-03-03T04:51:24.144+0000] {dag.py:3441} INFO - Setting next_dagrun for example_task_group to 2023-03-02T04:51:24.144274+00:00, run_after=2023-03-03T04:51:24.144274+00:00
[2023-03-03T04:51:24.234+0000] {processor.py:175} INFO - Processing /home/airflow/.local/lib/python3.7/site-packages/airflow/example_dags/example_task_group.py took 1.501 seconds
[2023-03-03T06:08:18.417+0000] {processor.py:153} INFO - Started process (PID=2643) to work on /home/airflow/.local/lib/python3.7/site-packages/airflow/example_dags/example_task_group.py
[2023-03-03T06:08:18.424+0000] {processor.py:743} INFO - Processing file /home/airflow/.local/lib/python3.7/site-packages/airflow/example_dags/example_task_group.py for tasks to queue
[2023-03-03T06:08:18.429+0000] {logging_mixin.py:137} INFO - [2023-03-03T06:08:18.429+0000] {dagbag.py:538} INFO - Filling up the DagBag from /home/airflow/.local/lib/python3.7/site-packages/airflow/example_dags/example_task_group.py
[2023-03-03T06:08:18.447+0000] {processor.py:753} INFO - DAG(s) dict_keys(['example_task_group']) retrieved from /home/airflow/.local/lib/python3.7/site-packages/airflow/example_dags/example_task_group.py
[2023-03-03T06:08:18.487+0000] {logging_mixin.py:137} INFO - [2023-03-03T06:08:18.487+0000] {dag.py:2690} INFO - Sync 1 DAGs
[2023-03-03T06:08:18.512+0000] {logging_mixin.py:137} INFO - [2023-03-03T06:08:18.512+0000] {dag.py:3441} INFO - Setting next_dagrun for example_task_group to 2023-03-02T06:08:18.512359+00:00, run_after=2023-03-03T06:08:18.512359+00:00
[2023-03-03T06:08:18.526+0000] {processor.py:175} INFO - Processing /home/airflow/.local/lib/python3.7/site-packages/airflow/example_dags/example_task_group.py took 0.115 seconds
[2023-03-03T06:59:18.420+0000] {processor.py:153} INFO - Started process (PID=2707) to work on /home/airflow/.local/lib/python3.7/site-packages/airflow/example_dags/example_task_group.py
[2023-03-03T06:59:18.445+0000] {processor.py:743} INFO - Processing file /home/airflow/.local/lib/python3.7/site-packages/airflow/example_dags/example_task_group.py for tasks to queue
[2023-03-03T06:59:18.449+0000] {logging_mixin.py:137} INFO - [2023-03-03T06:59:18.449+0000] {dagbag.py:538} INFO - Filling up the DagBag from /home/airflow/.local/lib/python3.7/site-packages/airflow/example_dags/example_task_group.py
[2023-03-03T06:59:18.483+0000] {processor.py:753} INFO - DAG(s) dict_keys(['example_task_group']) retrieved from /home/airflow/.local/lib/python3.7/site-packages/airflow/example_dags/example_task_group.py
[2023-03-03T06:59:18.556+0000] {logging_mixin.py:137} INFO - [2023-03-03T06:59:18.555+0000] {dag.py:2690} INFO - Sync 1 DAGs
[2023-03-03T06:59:18.643+0000] {logging_mixin.py:137} INFO - [2023-03-03T06:59:18.643+0000] {dag.py:3441} INFO - Setting next_dagrun for example_task_group to 2023-03-02T06:59:18.643191+00:00, run_after=2023-03-03T06:59:18.643191+00:00
[2023-03-03T06:59:18.694+0000] {processor.py:175} INFO - Processing /home/airflow/.local/lib/python3.7/site-packages/airflow/example_dags/example_task_group.py took 0.280 seconds
[2023-03-03T08:22:08.442+0000] {processor.py:153} INFO - Started process (PID=2770) to work on /home/airflow/.local/lib/python3.7/site-packages/airflow/example_dags/example_task_group.py
[2023-03-03T08:22:08.444+0000] {processor.py:743} INFO - Processing file /home/airflow/.local/lib/python3.7/site-packages/airflow/example_dags/example_task_group.py for tasks to queue
[2023-03-03T08:22:08.445+0000] {logging_mixin.py:137} INFO - [2023-03-03T08:22:08.445+0000] {dagbag.py:538} INFO - Filling up the DagBag from /home/airflow/.local/lib/python3.7/site-packages/airflow/example_dags/example_task_group.py
[2023-03-03T08:22:08.459+0000] {processor.py:753} INFO - DAG(s) dict_keys(['example_task_group']) retrieved from /home/airflow/.local/lib/python3.7/site-packages/airflow/example_dags/example_task_group.py
[2023-03-03T08:22:08.482+0000] {logging_mixin.py:137} INFO - [2023-03-03T08:22:08.482+0000] {dag.py:2690} INFO - Sync 1 DAGs
[2023-03-03T08:22:08.500+0000] {logging_mixin.py:137} INFO - [2023-03-03T08:22:08.500+0000] {dag.py:3441} INFO - Setting next_dagrun for example_task_group to 2023-03-02T08:22:08.499730+00:00, run_after=2023-03-03T08:22:08.499730+00:00
[2023-03-03T08:22:08.515+0000] {processor.py:175} INFO - Processing /home/airflow/.local/lib/python3.7/site-packages/airflow/example_dags/example_task_group.py took 0.076 seconds
[2023-03-03T08:57:43.701+0000] {processor.py:153} INFO - Started process (PID=2845) to work on /home/airflow/.local/lib/python3.7/site-packages/airflow/example_dags/example_task_group.py
[2023-03-03T08:57:43.704+0000] {processor.py:743} INFO - Processing file /home/airflow/.local/lib/python3.7/site-packages/airflow/example_dags/example_task_group.py for tasks to queue
[2023-03-03T08:57:43.705+0000] {logging_mixin.py:137} INFO - [2023-03-03T08:57:43.705+0000] {dagbag.py:538} INFO - Filling up the DagBag from /home/airflow/.local/lib/python3.7/site-packages/airflow/example_dags/example_task_group.py
[2023-03-03T08:57:43.720+0000] {processor.py:753} INFO - DAG(s) dict_keys(['example_task_group']) retrieved from /home/airflow/.local/lib/python3.7/site-packages/airflow/example_dags/example_task_group.py
[2023-03-03T08:57:43.743+0000] {logging_mixin.py:137} INFO - [2023-03-03T08:57:43.743+0000] {dag.py:2690} INFO - Sync 1 DAGs
[2023-03-03T08:57:43.780+0000] {logging_mixin.py:137} INFO - [2023-03-03T08:57:43.780+0000] {dag.py:3441} INFO - Setting next_dagrun for example_task_group to 2023-03-02T08:57:43.779714+00:00, run_after=2023-03-03T08:57:43.779714+00:00
[2023-03-03T08:57:43.798+0000] {processor.py:175} INFO - Processing /home/airflow/.local/lib/python3.7/site-packages/airflow/example_dags/example_task_group.py took 0.103 seconds
[2023-03-03T09:55:37.787+0000] {processor.py:153} INFO - Started process (PID=2908) to work on /home/airflow/.local/lib/python3.7/site-packages/airflow/example_dags/example_task_group.py
[2023-03-03T09:55:37.788+0000] {processor.py:743} INFO - Processing file /home/airflow/.local/lib/python3.7/site-packages/airflow/example_dags/example_task_group.py for tasks to queue
[2023-03-03T09:55:37.789+0000] {logging_mixin.py:137} INFO - [2023-03-03T09:55:37.789+0000] {dagbag.py:538} INFO - Filling up the DagBag from /home/airflow/.local/lib/python3.7/site-packages/airflow/example_dags/example_task_group.py
[2023-03-03T09:55:37.806+0000] {processor.py:753} INFO - DAG(s) dict_keys(['example_task_group']) retrieved from /home/airflow/.local/lib/python3.7/site-packages/airflow/example_dags/example_task_group.py
[2023-03-03T09:55:37.833+0000] {logging_mixin.py:137} INFO - [2023-03-03T09:55:37.832+0000] {dag.py:2690} INFO - Sync 1 DAGs
[2023-03-03T09:55:37.851+0000] {logging_mixin.py:137} INFO - [2023-03-03T09:55:37.851+0000] {dag.py:3441} INFO - Setting next_dagrun for example_task_group to 2023-03-02T09:55:37.850950+00:00, run_after=2023-03-03T09:55:37.850950+00:00
[2023-03-03T09:55:37.862+0000] {processor.py:175} INFO - Processing /home/airflow/.local/lib/python3.7/site-packages/airflow/example_dags/example_task_group.py took 0.080 seconds
[2023-03-03T10:18:27.117+0000] {processor.py:153} INFO - Started process (PID=2970) to work on /home/airflow/.local/lib/python3.7/site-packages/airflow/example_dags/example_task_group.py
[2023-03-03T10:18:27.119+0000] {processor.py:743} INFO - Processing file /home/airflow/.local/lib/python3.7/site-packages/airflow/example_dags/example_task_group.py for tasks to queue
[2023-03-03T10:18:27.120+0000] {logging_mixin.py:137} INFO - [2023-03-03T10:18:27.120+0000] {dagbag.py:538} INFO - Filling up the DagBag from /home/airflow/.local/lib/python3.7/site-packages/airflow/example_dags/example_task_group.py
[2023-03-03T10:18:27.133+0000] {processor.py:753} INFO - DAG(s) dict_keys(['example_task_group']) retrieved from /home/airflow/.local/lib/python3.7/site-packages/airflow/example_dags/example_task_group.py
[2023-03-03T10:18:27.170+0000] {logging_mixin.py:137} INFO - [2023-03-03T10:18:27.170+0000] {dag.py:2690} INFO - Sync 1 DAGs
[2023-03-03T10:18:27.193+0000] {logging_mixin.py:137} INFO - [2023-03-03T10:18:27.193+0000] {dag.py:3441} INFO - Setting next_dagrun for example_task_group to 2023-03-02T10:18:27.193287+00:00, run_after=2023-03-03T10:18:27.193287+00:00
[2023-03-03T10:18:27.257+0000] {processor.py:175} INFO - Processing /home/airflow/.local/lib/python3.7/site-packages/airflow/example_dags/example_task_group.py took 0.144 seconds
[2023-03-03T11:18:52.379+0000] {processor.py:153} INFO - Started process (PID=3044) to work on /home/airflow/.local/lib/python3.7/site-packages/airflow/example_dags/example_task_group.py
[2023-03-03T11:18:52.390+0000] {processor.py:743} INFO - Processing file /home/airflow/.local/lib/python3.7/site-packages/airflow/example_dags/example_task_group.py for tasks to queue
[2023-03-03T11:18:52.410+0000] {logging_mixin.py:137} INFO - [2023-03-03T11:18:52.409+0000] {dagbag.py:538} INFO - Filling up the DagBag from /home/airflow/.local/lib/python3.7/site-packages/airflow/example_dags/example_task_group.py
[2023-03-03T11:18:54.273+0000] {processor.py:753} INFO - DAG(s) dict_keys(['example_task_group']) retrieved from /home/airflow/.local/lib/python3.7/site-packages/airflow/example_dags/example_task_group.py
[2023-03-03T11:18:54.914+0000] {logging_mixin.py:137} INFO - [2023-03-03T11:18:54.913+0000] {dag.py:2690} INFO - Sync 1 DAGs
[2023-03-03T11:18:55.081+0000] {logging_mixin.py:137} INFO - [2023-03-03T11:18:55.080+0000] {dag.py:3441} INFO - Setting next_dagrun for example_task_group to 2023-03-02T11:18:55.071965+00:00, run_after=2023-03-03T11:18:55.071965+00:00
[2023-03-03T11:18:55.236+0000] {processor.py:175} INFO - Processing /home/airflow/.local/lib/python3.7/site-packages/airflow/example_dags/example_task_group.py took 2.912 seconds
[2023-03-03T11:19:25.531+0000] {processor.py:153} INFO - Started process (PID=3108) to work on /home/airflow/.local/lib/python3.7/site-packages/airflow/example_dags/example_task_group.py
[2023-03-03T11:19:25.535+0000] {processor.py:743} INFO - Processing file /home/airflow/.local/lib/python3.7/site-packages/airflow/example_dags/example_task_group.py for tasks to queue
[2023-03-03T11:19:25.536+0000] {logging_mixin.py:137} INFO - [2023-03-03T11:19:25.536+0000] {dagbag.py:538} INFO - Filling up the DagBag from /home/airflow/.local/lib/python3.7/site-packages/airflow/example_dags/example_task_group.py
[2023-03-03T11:19:25.567+0000] {processor.py:753} INFO - DAG(s) dict_keys(['example_task_group']) retrieved from /home/airflow/.local/lib/python3.7/site-packages/airflow/example_dags/example_task_group.py
[2023-03-03T11:19:25.627+0000] {logging_mixin.py:137} INFO - [2023-03-03T11:19:25.626+0000] {dag.py:2690} INFO - Sync 1 DAGs
[2023-03-03T11:19:25.672+0000] {logging_mixin.py:137} INFO - [2023-03-03T11:19:25.671+0000] {dag.py:3441} INFO - Setting next_dagrun for example_task_group to 2023-03-02T11:19:25.671416+00:00, run_after=2023-03-03T11:19:25.671416+00:00
[2023-03-03T11:19:25.714+0000] {processor.py:175} INFO - Processing /home/airflow/.local/lib/python3.7/site-packages/airflow/example_dags/example_task_group.py took 0.192 seconds
[2023-03-03T11:19:56.147+0000] {processor.py:153} INFO - Started process (PID=3182) to work on /home/airflow/.local/lib/python3.7/site-packages/airflow/example_dags/example_task_group.py
[2023-03-03T11:19:56.153+0000] {processor.py:743} INFO - Processing file /home/airflow/.local/lib/python3.7/site-packages/airflow/example_dags/example_task_group.py for tasks to queue
[2023-03-03T11:19:56.156+0000] {logging_mixin.py:137} INFO - [2023-03-03T11:19:56.156+0000] {dagbag.py:538} INFO - Filling up the DagBag from /home/airflow/.local/lib/python3.7/site-packages/airflow/example_dags/example_task_group.py
[2023-03-03T11:19:56.186+0000] {processor.py:753} INFO - DAG(s) dict_keys(['example_task_group']) retrieved from /home/airflow/.local/lib/python3.7/site-packages/airflow/example_dags/example_task_group.py
[2023-03-03T11:19:56.238+0000] {logging_mixin.py:137} INFO - [2023-03-03T11:19:56.238+0000] {dag.py:2690} INFO - Sync 1 DAGs
[2023-03-03T11:19:56.266+0000] {logging_mixin.py:137} INFO - [2023-03-03T11:19:56.266+0000] {dag.py:3441} INFO - Setting next_dagrun for example_task_group to 2023-03-02T11:19:56.266335+00:00, run_after=2023-03-03T11:19:56.266335+00:00
[2023-03-03T11:19:56.288+0000] {processor.py:175} INFO - Processing /home/airflow/.local/lib/python3.7/site-packages/airflow/example_dags/example_task_group.py took 0.165 seconds
[2023-03-03T11:37:12.916+0000] {processor.py:153} INFO - Started process (PID=3272) to work on /home/airflow/.local/lib/python3.7/site-packages/airflow/example_dags/example_task_group.py
[2023-03-03T11:37:12.917+0000] {processor.py:743} INFO - Processing file /home/airflow/.local/lib/python3.7/site-packages/airflow/example_dags/example_task_group.py for tasks to queue
[2023-03-03T11:37:12.918+0000] {logging_mixin.py:137} INFO - [2023-03-03T11:37:12.918+0000] {dagbag.py:538} INFO - Filling up the DagBag from /home/airflow/.local/lib/python3.7/site-packages/airflow/example_dags/example_task_group.py
[2023-03-03T11:37:12.940+0000] {processor.py:753} INFO - DAG(s) dict_keys(['example_task_group']) retrieved from /home/airflow/.local/lib/python3.7/site-packages/airflow/example_dags/example_task_group.py
[2023-03-03T11:37:12.966+0000] {logging_mixin.py:137} INFO - [2023-03-03T11:37:12.966+0000] {dag.py:2690} INFO - Sync 1 DAGs
[2023-03-03T11:37:13.040+0000] {logging_mixin.py:137} INFO - [2023-03-03T11:37:13.040+0000] {dag.py:3441} INFO - Setting next_dagrun for example_task_group to 2023-03-02T11:37:13.039764+00:00, run_after=2023-03-03T11:37:13.039764+00:00
[2023-03-03T11:37:13.089+0000] {processor.py:175} INFO - Processing /home/airflow/.local/lib/python3.7/site-packages/airflow/example_dags/example_task_group.py took 0.177 seconds
[2023-03-03T11:37:43.574+0000] {processor.py:153} INFO - Started process (PID=3347) to work on /home/airflow/.local/lib/python3.7/site-packages/airflow/example_dags/example_task_group.py
[2023-03-03T11:37:43.575+0000] {processor.py:743} INFO - Processing file /home/airflow/.local/lib/python3.7/site-packages/airflow/example_dags/example_task_group.py for tasks to queue
[2023-03-03T11:37:43.576+0000] {logging_mixin.py:137} INFO - [2023-03-03T11:37:43.576+0000] {dagbag.py:538} INFO - Filling up the DagBag from /home/airflow/.local/lib/python3.7/site-packages/airflow/example_dags/example_task_group.py
[2023-03-03T11:37:43.588+0000] {processor.py:753} INFO - DAG(s) dict_keys(['example_task_group']) retrieved from /home/airflow/.local/lib/python3.7/site-packages/airflow/example_dags/example_task_group.py
[2023-03-03T11:37:43.610+0000] {logging_mixin.py:137} INFO - [2023-03-03T11:37:43.610+0000] {dag.py:2690} INFO - Sync 1 DAGs
[2023-03-03T11:37:43.627+0000] {logging_mixin.py:137} INFO - [2023-03-03T11:37:43.627+0000] {dag.py:3441} INFO - Setting next_dagrun for example_task_group to 2023-03-02T11:37:43.627045+00:00, run_after=2023-03-03T11:37:43.627045+00:00
[2023-03-03T11:37:43.639+0000] {processor.py:175} INFO - Processing /home/airflow/.local/lib/python3.7/site-packages/airflow/example_dags/example_task_group.py took 0.068 seconds
[2023-03-03T11:38:13.920+0000] {processor.py:153} INFO - Started process (PID=3410) to work on /home/airflow/.local/lib/python3.7/site-packages/airflow/example_dags/example_task_group.py
[2023-03-03T11:38:13.922+0000] {processor.py:743} INFO - Processing file /home/airflow/.local/lib/python3.7/site-packages/airflow/example_dags/example_task_group.py for tasks to queue
[2023-03-03T11:38:13.923+0000] {logging_mixin.py:137} INFO - [2023-03-03T11:38:13.923+0000] {dagbag.py:538} INFO - Filling up the DagBag from /home/airflow/.local/lib/python3.7/site-packages/airflow/example_dags/example_task_group.py
[2023-03-03T11:38:13.935+0000] {processor.py:753} INFO - DAG(s) dict_keys(['example_task_group']) retrieved from /home/airflow/.local/lib/python3.7/site-packages/airflow/example_dags/example_task_group.py
[2023-03-03T11:38:13.956+0000] {logging_mixin.py:137} INFO - [2023-03-03T11:38:13.956+0000] {dag.py:2690} INFO - Sync 1 DAGs
[2023-03-03T11:38:13.972+0000] {logging_mixin.py:137} INFO - [2023-03-03T11:38:13.972+0000] {dag.py:3441} INFO - Setting next_dagrun for example_task_group to 2023-03-02T11:38:13.972012+00:00, run_after=2023-03-03T11:38:13.972012+00:00
[2023-03-03T11:38:13.988+0000] {processor.py:175} INFO - Processing /home/airflow/.local/lib/python3.7/site-packages/airflow/example_dags/example_task_group.py took 0.071 seconds
[2023-03-03T11:38:45.126+0000] {processor.py:153} INFO - Started process (PID=3485) to work on /home/airflow/.local/lib/python3.7/site-packages/airflow/example_dags/example_task_group.py
[2023-03-03T11:38:45.127+0000] {processor.py:743} INFO - Processing file /home/airflow/.local/lib/python3.7/site-packages/airflow/example_dags/example_task_group.py for tasks to queue
[2023-03-03T11:38:45.128+0000] {logging_mixin.py:137} INFO - [2023-03-03T11:38:45.128+0000] {dagbag.py:538} INFO - Filling up the DagBag from /home/airflow/.local/lib/python3.7/site-packages/airflow/example_dags/example_task_group.py
[2023-03-03T11:38:45.144+0000] {processor.py:753} INFO - DAG(s) dict_keys(['example_task_group']) retrieved from /home/airflow/.local/lib/python3.7/site-packages/airflow/example_dags/example_task_group.py
[2023-03-03T11:38:45.165+0000] {logging_mixin.py:137} INFO - [2023-03-03T11:38:45.165+0000] {dag.py:2690} INFO - Sync 1 DAGs
[2023-03-03T11:38:45.187+0000] {logging_mixin.py:137} INFO - [2023-03-03T11:38:45.187+0000] {dag.py:3441} INFO - Setting next_dagrun for example_task_group to 2023-03-02T11:38:45.186880+00:00, run_after=2023-03-03T11:38:45.186880+00:00
[2023-03-03T11:38:45.212+0000] {processor.py:175} INFO - Processing /home/airflow/.local/lib/python3.7/site-packages/airflow/example_dags/example_task_group.py took 0.090 seconds
[2023-03-03T11:39:15.296+0000] {processor.py:153} INFO - Started process (PID=3548) to work on /home/airflow/.local/lib/python3.7/site-packages/airflow/example_dags/example_task_group.py
[2023-03-03T11:39:15.298+0000] {processor.py:743} INFO - Processing file /home/airflow/.local/lib/python3.7/site-packages/airflow/example_dags/example_task_group.py for tasks to queue
[2023-03-03T11:39:15.299+0000] {logging_mixin.py:137} INFO - [2023-03-03T11:39:15.299+0000] {dagbag.py:538} INFO - Filling up the DagBag from /home/airflow/.local/lib/python3.7/site-packages/airflow/example_dags/example_task_group.py
[2023-03-03T11:39:15.328+0000] {processor.py:753} INFO - DAG(s) dict_keys(['example_task_group']) retrieved from /home/airflow/.local/lib/python3.7/site-packages/airflow/example_dags/example_task_group.py
[2023-03-03T11:39:15.351+0000] {logging_mixin.py:137} INFO - [2023-03-03T11:39:15.351+0000] {dag.py:2690} INFO - Sync 1 DAGs
[2023-03-03T11:39:15.369+0000] {logging_mixin.py:137} INFO - [2023-03-03T11:39:15.369+0000] {dag.py:3441} INFO - Setting next_dagrun for example_task_group to 2023-03-02T11:39:15.369469+00:00, run_after=2023-03-03T11:39:15.369469+00:00
[2023-03-03T11:39:15.381+0000] {processor.py:175} INFO - Processing /home/airflow/.local/lib/python3.7/site-packages/airflow/example_dags/example_task_group.py took 0.089 seconds
[2023-03-03T11:39:45.545+0000] {processor.py:153} INFO - Started process (PID=3624) to work on /home/airflow/.local/lib/python3.7/site-packages/airflow/example_dags/example_task_group.py
[2023-03-03T11:39:45.546+0000] {processor.py:743} INFO - Processing file /home/airflow/.local/lib/python3.7/site-packages/airflow/example_dags/example_task_group.py for tasks to queue
[2023-03-03T11:39:45.547+0000] {logging_mixin.py:137} INFO - [2023-03-03T11:39:45.547+0000] {dagbag.py:538} INFO - Filling up the DagBag from /home/airflow/.local/lib/python3.7/site-packages/airflow/example_dags/example_task_group.py
[2023-03-03T11:39:45.559+0000] {processor.py:753} INFO - DAG(s) dict_keys(['example_task_group']) retrieved from /home/airflow/.local/lib/python3.7/site-packages/airflow/example_dags/example_task_group.py
[2023-03-03T11:39:45.580+0000] {logging_mixin.py:137} INFO - [2023-03-03T11:39:45.580+0000] {dag.py:2690} INFO - Sync 1 DAGs
[2023-03-03T11:39:45.601+0000] {logging_mixin.py:137} INFO - [2023-03-03T11:39:45.601+0000] {dag.py:3441} INFO - Setting next_dagrun for example_task_group to 2023-03-02T11:39:45.600613+00:00, run_after=2023-03-03T11:39:45.600613+00:00
[2023-03-03T11:39:45.622+0000] {processor.py:175} INFO - Processing /home/airflow/.local/lib/python3.7/site-packages/airflow/example_dags/example_task_group.py took 0.079 seconds
[2023-03-03T11:55:25.909+0000] {processor.py:153} INFO - Started process (PID=3686) to work on /home/airflow/.local/lib/python3.7/site-packages/airflow/example_dags/example_task_group.py
[2023-03-03T11:55:25.911+0000] {processor.py:743} INFO - Processing file /home/airflow/.local/lib/python3.7/site-packages/airflow/example_dags/example_task_group.py for tasks to queue
[2023-03-03T11:55:25.912+0000] {logging_mixin.py:137} INFO - [2023-03-03T11:55:25.911+0000] {dagbag.py:538} INFO - Filling up the DagBag from /home/airflow/.local/lib/python3.7/site-packages/airflow/example_dags/example_task_group.py
[2023-03-03T11:55:25.928+0000] {processor.py:753} INFO - DAG(s) dict_keys(['example_task_group']) retrieved from /home/airflow/.local/lib/python3.7/site-packages/airflow/example_dags/example_task_group.py
[2023-03-03T11:55:25.953+0000] {logging_mixin.py:137} INFO - [2023-03-03T11:55:25.953+0000] {dag.py:2690} INFO - Sync 1 DAGs
[2023-03-03T11:55:25.973+0000] {logging_mixin.py:137} INFO - [2023-03-03T11:55:25.973+0000] {dag.py:3441} INFO - Setting next_dagrun for example_task_group to 2023-03-02T11:55:25.972809+00:00, run_after=2023-03-03T11:55:25.972809+00:00
[2023-03-03T11:55:25.990+0000] {processor.py:175} INFO - Processing /home/airflow/.local/lib/python3.7/site-packages/airflow/example_dags/example_task_group.py took 0.083 seconds
[2023-03-03T12:52:43.678+0000] {processor.py:153} INFO - Started process (PID=3748) to work on /home/airflow/.local/lib/python3.7/site-packages/airflow/example_dags/example_task_group.py
[2023-03-03T12:52:43.679+0000] {processor.py:743} INFO - Processing file /home/airflow/.local/lib/python3.7/site-packages/airflow/example_dags/example_task_group.py for tasks to queue
[2023-03-03T12:52:43.680+0000] {logging_mixin.py:137} INFO - [2023-03-03T12:52:43.680+0000] {dagbag.py:538} INFO - Filling up the DagBag from /home/airflow/.local/lib/python3.7/site-packages/airflow/example_dags/example_task_group.py
[2023-03-03T12:52:43.696+0000] {processor.py:753} INFO - DAG(s) dict_keys(['example_task_group']) retrieved from /home/airflow/.local/lib/python3.7/site-packages/airflow/example_dags/example_task_group.py
[2023-03-03T12:52:43.733+0000] {logging_mixin.py:137} INFO - [2023-03-03T12:52:43.733+0000] {dag.py:2690} INFO - Sync 1 DAGs
[2023-03-03T12:52:43.768+0000] {logging_mixin.py:137} INFO - [2023-03-03T12:52:43.768+0000] {dag.py:3441} INFO - Setting next_dagrun for example_task_group to 2023-03-02T12:52:43.767973+00:00, run_after=2023-03-03T12:52:43.767973+00:00
[2023-03-03T12:52:43.782+0000] {processor.py:175} INFO - Processing /home/airflow/.local/lib/python3.7/site-packages/airflow/example_dags/example_task_group.py took 0.107 seconds
[2023-03-03T14:01:01.560+0000] {processor.py:153} INFO - Started process (PID=3823) to work on /home/airflow/.local/lib/python3.7/site-packages/airflow/example_dags/example_task_group.py
[2023-03-03T14:01:01.563+0000] {processor.py:743} INFO - Processing file /home/airflow/.local/lib/python3.7/site-packages/airflow/example_dags/example_task_group.py for tasks to queue
[2023-03-03T14:01:01.568+0000] {logging_mixin.py:137} INFO - [2023-03-03T14:01:01.567+0000] {dagbag.py:538} INFO - Filling up the DagBag from /home/airflow/.local/lib/python3.7/site-packages/airflow/example_dags/example_task_group.py
[2023-03-03T14:01:01.591+0000] {processor.py:753} INFO - DAG(s) dict_keys(['example_task_group']) retrieved from /home/airflow/.local/lib/python3.7/site-packages/airflow/example_dags/example_task_group.py
[2023-03-03T14:01:01.627+0000] {logging_mixin.py:137} INFO - [2023-03-03T14:01:01.626+0000] {dag.py:2690} INFO - Sync 1 DAGs
[2023-03-03T14:01:01.683+0000] {logging_mixin.py:137} INFO - [2023-03-03T14:01:01.683+0000] {dag.py:3441} INFO - Setting next_dagrun for example_task_group to 2023-03-02T14:01:01.682832+00:00, run_after=2023-03-03T14:01:01.682832+00:00
[2023-03-03T14:01:01.730+0000] {processor.py:175} INFO - Processing /home/airflow/.local/lib/python3.7/site-packages/airflow/example_dags/example_task_group.py took 0.175 seconds
[2023-03-03T14:44:34.322+0000] {processor.py:153} INFO - Started process (PID=3874) to work on /home/airflow/.local/lib/python3.7/site-packages/airflow/example_dags/example_task_group.py
[2023-03-03T14:44:34.330+0000] {processor.py:743} INFO - Processing file /home/airflow/.local/lib/python3.7/site-packages/airflow/example_dags/example_task_group.py for tasks to queue
[2023-03-03T14:44:34.344+0000] {logging_mixin.py:137} INFO - [2023-03-03T14:44:34.344+0000] {dagbag.py:538} INFO - Filling up the DagBag from /home/airflow/.local/lib/python3.7/site-packages/airflow/example_dags/example_task_group.py
[2023-03-03T14:44:34.379+0000] {processor.py:753} INFO - DAG(s) dict_keys(['example_task_group']) retrieved from /home/airflow/.local/lib/python3.7/site-packages/airflow/example_dags/example_task_group.py
[2023-03-03T14:44:35.347+0000] {logging_mixin.py:137} INFO - [2023-03-03T14:44:35.346+0000] {dag.py:2690} INFO - Sync 1 DAGs
[2023-03-03T14:44:35.519+0000] {logging_mixin.py:137} INFO - [2023-03-03T14:44:35.518+0000] {dag.py:3441} INFO - Setting next_dagrun for example_task_group to 2023-03-02T14:44:35.518131+00:00, run_after=2023-03-03T14:44:35.518131+00:00
[2023-03-03T14:44:35.637+0000] {processor.py:175} INFO - Processing /home/airflow/.local/lib/python3.7/site-packages/airflow/example_dags/example_task_group.py took 1.323 seconds
[2023-03-03T15:49:40.481+0000] {processor.py:153} INFO - Started process (PID=3937) to work on /home/airflow/.local/lib/python3.7/site-packages/airflow/example_dags/example_task_group.py
[2023-03-03T15:49:40.482+0000] {processor.py:743} INFO - Processing file /home/airflow/.local/lib/python3.7/site-packages/airflow/example_dags/example_task_group.py for tasks to queue
[2023-03-03T15:49:40.484+0000] {logging_mixin.py:137} INFO - [2023-03-03T15:49:40.483+0000] {dagbag.py:538} INFO - Filling up the DagBag from /home/airflow/.local/lib/python3.7/site-packages/airflow/example_dags/example_task_group.py
[2023-03-03T15:49:40.501+0000] {processor.py:753} INFO - DAG(s) dict_keys(['example_task_group']) retrieved from /home/airflow/.local/lib/python3.7/site-packages/airflow/example_dags/example_task_group.py
[2023-03-03T15:49:40.549+0000] {logging_mixin.py:137} INFO - [2023-03-03T15:49:40.549+0000] {dag.py:2690} INFO - Sync 1 DAGs
[2023-03-03T15:49:40.625+0000] {logging_mixin.py:137} INFO - [2023-03-03T15:49:40.624+0000] {dag.py:3441} INFO - Setting next_dagrun for example_task_group to 2023-03-02T15:49:40.624090+00:00, run_after=2023-03-03T15:49:40.624090+00:00
[2023-03-03T15:49:40.734+0000] {processor.py:175} INFO - Processing /home/airflow/.local/lib/python3.7/site-packages/airflow/example_dags/example_task_group.py took 0.258 seconds
[2023-03-03T16:32:36.562+0000] {processor.py:153} INFO - Started process (PID=3999) to work on /home/airflow/.local/lib/python3.7/site-packages/airflow/example_dags/example_task_group.py
[2023-03-03T16:32:36.564+0000] {processor.py:743} INFO - Processing file /home/airflow/.local/lib/python3.7/site-packages/airflow/example_dags/example_task_group.py for tasks to queue
[2023-03-03T16:32:36.566+0000] {logging_mixin.py:137} INFO - [2023-03-03T16:32:36.566+0000] {dagbag.py:538} INFO - Filling up the DagBag from /home/airflow/.local/lib/python3.7/site-packages/airflow/example_dags/example_task_group.py
[2023-03-03T16:32:36.584+0000] {processor.py:753} INFO - DAG(s) dict_keys(['example_task_group']) retrieved from /home/airflow/.local/lib/python3.7/site-packages/airflow/example_dags/example_task_group.py
[2023-03-03T16:32:36.613+0000] {logging_mixin.py:137} INFO - [2023-03-03T16:32:36.613+0000] {dag.py:2690} INFO - Sync 1 DAGs
[2023-03-03T16:32:36.647+0000] {logging_mixin.py:137} INFO - [2023-03-03T16:32:36.647+0000] {dag.py:3441} INFO - Setting next_dagrun for example_task_group to 2023-03-02T16:32:36.646939+00:00, run_after=2023-03-03T16:32:36.646939+00:00
[2023-03-03T16:32:36.661+0000] {processor.py:175} INFO - Processing /home/airflow/.local/lib/python3.7/site-packages/airflow/example_dags/example_task_group.py took 0.104 seconds
[2023-03-03T16:34:16.007+0000] {processor.py:153} INFO - Started process (PID=4051) to work on /home/airflow/.local/lib/python3.7/site-packages/airflow/example_dags/example_task_group.py
[2023-03-03T16:34:16.009+0000] {processor.py:743} INFO - Processing file /home/airflow/.local/lib/python3.7/site-packages/airflow/example_dags/example_task_group.py for tasks to queue
[2023-03-03T16:34:16.009+0000] {logging_mixin.py:137} INFO - [2023-03-03T16:34:16.009+0000] {dagbag.py:538} INFO - Filling up the DagBag from /home/airflow/.local/lib/python3.7/site-packages/airflow/example_dags/example_task_group.py
[2023-03-03T16:34:16.021+0000] {processor.py:753} INFO - DAG(s) dict_keys(['example_task_group']) retrieved from /home/airflow/.local/lib/python3.7/site-packages/airflow/example_dags/example_task_group.py
[2023-03-03T16:34:16.043+0000] {logging_mixin.py:137} INFO - [2023-03-03T16:34:16.043+0000] {dag.py:2690} INFO - Sync 1 DAGs
[2023-03-03T16:34:16.060+0000] {logging_mixin.py:137} INFO - [2023-03-03T16:34:16.060+0000] {dag.py:3441} INFO - Setting next_dagrun for example_task_group to 2023-03-02T16:34:16.060237+00:00, run_after=2023-03-03T16:34:16.060237+00:00
[2023-03-03T16:34:16.072+0000] {processor.py:175} INFO - Processing /home/airflow/.local/lib/python3.7/site-packages/airflow/example_dags/example_task_group.py took 0.069 seconds
[2023-03-03T16:51:21.875+0000] {processor.py:153} INFO - Started process (PID=4127) to work on /home/airflow/.local/lib/python3.7/site-packages/airflow/example_dags/example_task_group.py
[2023-03-03T16:51:21.876+0000] {processor.py:743} INFO - Processing file /home/airflow/.local/lib/python3.7/site-packages/airflow/example_dags/example_task_group.py for tasks to queue
[2023-03-03T16:51:21.877+0000] {logging_mixin.py:137} INFO - [2023-03-03T16:51:21.877+0000] {dagbag.py:538} INFO - Filling up the DagBag from /home/airflow/.local/lib/python3.7/site-packages/airflow/example_dags/example_task_group.py
[2023-03-03T16:51:21.889+0000] {processor.py:753} INFO - DAG(s) dict_keys(['example_task_group']) retrieved from /home/airflow/.local/lib/python3.7/site-packages/airflow/example_dags/example_task_group.py
[2023-03-03T16:51:21.914+0000] {logging_mixin.py:137} INFO - [2023-03-03T16:51:21.914+0000] {dag.py:2690} INFO - Sync 1 DAGs
[2023-03-03T16:51:21.931+0000] {logging_mixin.py:137} INFO - [2023-03-03T16:51:21.930+0000] {dag.py:3441} INFO - Setting next_dagrun for example_task_group to 2023-03-02T16:51:21.930743+00:00, run_after=2023-03-03T16:51:21.930743+00:00
[2023-03-03T16:51:21.947+0000] {processor.py:175} INFO - Processing /home/airflow/.local/lib/python3.7/site-packages/airflow/example_dags/example_task_group.py took 0.075 seconds
[2023-03-03T17:25:23.730+0000] {processor.py:153} INFO - Started process (PID=4190) to work on /home/airflow/.local/lib/python3.7/site-packages/airflow/example_dags/example_task_group.py
[2023-03-03T17:25:23.731+0000] {processor.py:743} INFO - Processing file /home/airflow/.local/lib/python3.7/site-packages/airflow/example_dags/example_task_group.py for tasks to queue
[2023-03-03T17:25:23.733+0000] {logging_mixin.py:137} INFO - [2023-03-03T17:25:23.732+0000] {dagbag.py:538} INFO - Filling up the DagBag from /home/airflow/.local/lib/python3.7/site-packages/airflow/example_dags/example_task_group.py
[2023-03-03T17:25:23.745+0000] {processor.py:753} INFO - DAG(s) dict_keys(['example_task_group']) retrieved from /home/airflow/.local/lib/python3.7/site-packages/airflow/example_dags/example_task_group.py
[2023-03-03T17:25:23.777+0000] {logging_mixin.py:137} INFO - [2023-03-03T17:25:23.777+0000] {dag.py:2690} INFO - Sync 1 DAGs
[2023-03-03T17:25:23.804+0000] {logging_mixin.py:137} INFO - [2023-03-03T17:25:23.804+0000] {dag.py:3441} INFO - Setting next_dagrun for example_task_group to 2023-03-02T17:25:23.803847+00:00, run_after=2023-03-03T17:25:23.803847+00:00
[2023-03-03T17:25:23.817+0000] {processor.py:175} INFO - Processing /home/airflow/.local/lib/python3.7/site-packages/airflow/example_dags/example_task_group.py took 0.090 seconds
[2023-03-03T18:12:19.021+0000] {processor.py:153} INFO - Started process (PID=4252) to work on /home/airflow/.local/lib/python3.7/site-packages/airflow/example_dags/example_task_group.py
[2023-03-03T18:12:19.023+0000] {processor.py:743} INFO - Processing file /home/airflow/.local/lib/python3.7/site-packages/airflow/example_dags/example_task_group.py for tasks to queue
[2023-03-03T18:12:19.024+0000] {logging_mixin.py:137} INFO - [2023-03-03T18:12:19.024+0000] {dagbag.py:538} INFO - Filling up the DagBag from /home/airflow/.local/lib/python3.7/site-packages/airflow/example_dags/example_task_group.py
[2023-03-03T18:12:19.039+0000] {processor.py:753} INFO - DAG(s) dict_keys(['example_task_group']) retrieved from /home/airflow/.local/lib/python3.7/site-packages/airflow/example_dags/example_task_group.py
[2023-03-03T18:12:19.089+0000] {logging_mixin.py:137} INFO - [2023-03-03T18:12:19.088+0000] {dag.py:2690} INFO - Sync 1 DAGs
[2023-03-03T18:12:19.139+0000] {logging_mixin.py:137} INFO - [2023-03-03T18:12:19.139+0000] {dag.py:3441} INFO - Setting next_dagrun for example_task_group to 2023-03-02T18:12:19.138878+00:00, run_after=2023-03-03T18:12:19.138878+00:00
[2023-03-03T18:12:19.176+0000] {processor.py:175} INFO - Processing /home/airflow/.local/lib/python3.7/site-packages/airflow/example_dags/example_task_group.py took 0.160 seconds
[2023-03-03T18:58:46.925+0000] {processor.py:153} INFO - Started process (PID=4334) to work on /home/airflow/.local/lib/python3.7/site-packages/airflow/example_dags/example_task_group.py
[2023-03-03T18:58:46.927+0000] {processor.py:743} INFO - Processing file /home/airflow/.local/lib/python3.7/site-packages/airflow/example_dags/example_task_group.py for tasks to queue
[2023-03-03T18:58:46.928+0000] {logging_mixin.py:137} INFO - [2023-03-03T18:58:46.928+0000] {dagbag.py:538} INFO - Filling up the DagBag from /home/airflow/.local/lib/python3.7/site-packages/airflow/example_dags/example_task_group.py
[2023-03-03T18:58:46.959+0000] {processor.py:753} INFO - DAG(s) dict_keys(['example_task_group']) retrieved from /home/airflow/.local/lib/python3.7/site-packages/airflow/example_dags/example_task_group.py
[2023-03-03T18:58:46.992+0000] {logging_mixin.py:137} INFO - [2023-03-03T18:58:46.992+0000] {dag.py:2690} INFO - Sync 1 DAGs
[2023-03-03T18:58:47.010+0000] {logging_mixin.py:137} INFO - [2023-03-03T18:58:47.010+0000] {dag.py:3441} INFO - Setting next_dagrun for example_task_group to 2023-03-02T18:58:47.009724+00:00, run_after=2023-03-03T18:58:47.009724+00:00
[2023-03-03T18:58:47.036+0000] {processor.py:175} INFO - Processing /home/airflow/.local/lib/python3.7/site-packages/airflow/example_dags/example_task_group.py took 0.114 seconds
[2023-03-03T19:44:11.503+0000] {processor.py:153} INFO - Started process (PID=4423) to work on /home/airflow/.local/lib/python3.7/site-packages/airflow/example_dags/example_task_group.py
[2023-03-03T19:44:12.010+0000] {processor.py:743} INFO - Processing file /home/airflow/.local/lib/python3.7/site-packages/airflow/example_dags/example_task_group.py for tasks to queue
[2023-03-03T19:44:12.461+0000] {logging_mixin.py:137} INFO - [2023-03-03T19:44:12.460+0000] {dagbag.py:538} INFO - Filling up the DagBag from /home/airflow/.local/lib/python3.7/site-packages/airflow/example_dags/example_task_group.py
[2023-03-03T19:44:13.394+0000] {processor.py:753} INFO - DAG(s) dict_keys(['example_task_group']) retrieved from /home/airflow/.local/lib/python3.7/site-packages/airflow/example_dags/example_task_group.py
[2023-03-03T19:44:14.745+0000] {logging_mixin.py:137} INFO - [2023-03-03T19:44:14.743+0000] {dag.py:2690} INFO - Sync 1 DAGs
[2023-03-03T19:44:14.914+0000] {logging_mixin.py:137} INFO - [2023-03-03T19:44:14.914+0000] {dag.py:3441} INFO - Setting next_dagrun for example_task_group to 2023-03-02T19:44:14.912780+00:00, run_after=2023-03-03T19:44:14.912780+00:00
[2023-03-03T19:44:15.270+0000] {processor.py:175} INFO - Processing /home/airflow/.local/lib/python3.7/site-packages/airflow/example_dags/example_task_group.py took 4.025 seconds
[2023-03-03T23:07:38.370+0000] {processor.py:153} INFO - Started process (PID=4513) to work on /home/airflow/.local/lib/python3.7/site-packages/airflow/example_dags/example_task_group.py
[2023-03-03T23:07:38.429+0000] {processor.py:743} INFO - Processing file /home/airflow/.local/lib/python3.7/site-packages/airflow/example_dags/example_task_group.py for tasks to queue
[2023-03-03T23:07:38.497+0000] {logging_mixin.py:137} INFO - [2023-03-03T23:07:38.491+0000] {dagbag.py:538} INFO - Filling up the DagBag from /home/airflow/.local/lib/python3.7/site-packages/airflow/example_dags/example_task_group.py
[2023-03-03T23:07:43.627+0000] {processor.py:753} INFO - DAG(s) dict_keys(['example_task_group']) retrieved from /home/airflow/.local/lib/python3.7/site-packages/airflow/example_dags/example_task_group.py
[2023-03-03T23:07:44.274+0000] {logging_mixin.py:137} INFO - [2023-03-03T23:07:44.263+0000] {dag.py:2690} INFO - Sync 1 DAGs
[2023-03-03T23:07:46.389+0000] {logging_mixin.py:137} INFO - [2023-03-03T23:07:46.370+0000] {dag.py:3441} INFO - Setting next_dagrun for example_task_group to 2023-03-02T23:07:46.355348+00:00, run_after=2023-03-03T23:07:46.355348+00:00
[2023-03-03T23:07:46.866+0000] {processor.py:175} INFO - Processing /home/airflow/.local/lib/python3.7/site-packages/airflow/example_dags/example_task_group.py took 9.209 seconds
