[2023-03-03T03:46:01.935+0000] {processor.py:153} INFO - Started process (PID=2545) to work on /home/airflow/.local/lib/python3.7/site-packages/airflow/example_dags/example_xcom.py
[2023-03-03T03:46:01.951+0000] {processor.py:743} INFO - Processing file /home/airflow/.local/lib/python3.7/site-packages/airflow/example_dags/example_xcom.py for tasks to queue
[2023-03-03T03:46:01.957+0000] {logging_mixin.py:137} INFO - [2023-03-03T03:46:01.956+0000] {dagbag.py:538} INFO - Filling up the DagBag from /home/airflow/.local/lib/python3.7/site-packages/airflow/example_dags/example_xcom.py
[2023-03-03T03:46:02.141+0000] {processor.py:753} INFO - DAG(s) dict_keys(['example_xcom']) retrieved from /home/airflow/.local/lib/python3.7/site-packages/airflow/example_dags/example_xcom.py
[2023-03-03T03:46:02.493+0000] {logging_mixin.py:137} INFO - [2023-03-03T03:46:02.478+0000] {dag.py:2690} INFO - Sync 1 DAGs
[2023-03-03T03:46:02.685+0000] {logging_mixin.py:137} INFO - [2023-03-03T03:46:02.683+0000] {dag.py:3441} INFO - Setting next_dagrun for example_xcom to 2021-01-01T00:00:00+00:00, run_after=2021-01-01T00:00:00+00:00
[2023-03-03T03:46:02.766+0000] {processor.py:175} INFO - Processing /home/airflow/.local/lib/python3.7/site-packages/airflow/example_dags/example_xcom.py took 0.863 seconds
[2023-03-03T04:51:27.421+0000] {processor.py:153} INFO - Started process (PID=2583) to work on /home/airflow/.local/lib/python3.7/site-packages/airflow/example_dags/example_xcom.py
[2023-03-03T04:51:27.423+0000] {processor.py:743} INFO - Processing file /home/airflow/.local/lib/python3.7/site-packages/airflow/example_dags/example_xcom.py for tasks to queue
[2023-03-03T04:51:27.424+0000] {logging_mixin.py:137} INFO - [2023-03-03T04:51:27.424+0000] {dagbag.py:538} INFO - Filling up the DagBag from /home/airflow/.local/lib/python3.7/site-packages/airflow/example_dags/example_xcom.py
[2023-03-03T04:51:27.447+0000] {processor.py:753} INFO - DAG(s) dict_keys(['example_xcom']) retrieved from /home/airflow/.local/lib/python3.7/site-packages/airflow/example_dags/example_xcom.py
[2023-03-03T04:51:27.485+0000] {logging_mixin.py:137} INFO - [2023-03-03T04:51:27.484+0000] {dag.py:2690} INFO - Sync 1 DAGs
[2023-03-03T04:51:27.517+0000] {logging_mixin.py:137} INFO - [2023-03-03T04:51:27.517+0000] {dag.py:3441} INFO - Setting next_dagrun for example_xcom to 2021-01-01T00:00:00+00:00, run_after=2021-01-01T00:00:00+00:00
[2023-03-03T04:51:27.539+0000] {processor.py:175} INFO - Processing /home/airflow/.local/lib/python3.7/site-packages/airflow/example_dags/example_xcom.py took 0.121 seconds
[2023-03-03T06:08:18.163+0000] {processor.py:153} INFO - Started process (PID=2638) to work on /home/airflow/.local/lib/python3.7/site-packages/airflow/example_dags/example_xcom.py
[2023-03-03T06:08:18.165+0000] {processor.py:743} INFO - Processing file /home/airflow/.local/lib/python3.7/site-packages/airflow/example_dags/example_xcom.py for tasks to queue
[2023-03-03T06:08:18.165+0000] {logging_mixin.py:137} INFO - [2023-03-03T06:08:18.165+0000] {dagbag.py:538} INFO - Filling up the DagBag from /home/airflow/.local/lib/python3.7/site-packages/airflow/example_dags/example_xcom.py
[2023-03-03T06:08:18.182+0000] {processor.py:753} INFO - DAG(s) dict_keys(['example_xcom']) retrieved from /home/airflow/.local/lib/python3.7/site-packages/airflow/example_dags/example_xcom.py
[2023-03-03T06:08:18.203+0000] {logging_mixin.py:137} INFO - [2023-03-03T06:08:18.203+0000] {dag.py:2690} INFO - Sync 1 DAGs
[2023-03-03T06:08:18.219+0000] {logging_mixin.py:137} INFO - [2023-03-03T06:08:18.219+0000] {dag.py:3441} INFO - Setting next_dagrun for example_xcom to 2021-01-01T00:00:00+00:00, run_after=2021-01-01T00:00:00+00:00
[2023-03-03T06:08:18.230+0000] {processor.py:175} INFO - Processing /home/airflow/.local/lib/python3.7/site-packages/airflow/example_dags/example_xcom.py took 0.069 seconds
[2023-03-03T06:59:17.617+0000] {processor.py:153} INFO - Started process (PID=2702) to work on /home/airflow/.local/lib/python3.7/site-packages/airflow/example_dags/example_xcom.py
[2023-03-03T06:59:17.618+0000] {processor.py:743} INFO - Processing file /home/airflow/.local/lib/python3.7/site-packages/airflow/example_dags/example_xcom.py for tasks to queue
[2023-03-03T06:59:17.620+0000] {logging_mixin.py:137} INFO - [2023-03-03T06:59:17.620+0000] {dagbag.py:538} INFO - Filling up the DagBag from /home/airflow/.local/lib/python3.7/site-packages/airflow/example_dags/example_xcom.py
[2023-03-03T06:59:17.647+0000] {processor.py:753} INFO - DAG(s) dict_keys(['example_xcom']) retrieved from /home/airflow/.local/lib/python3.7/site-packages/airflow/example_dags/example_xcom.py
[2023-03-03T06:59:17.687+0000] {logging_mixin.py:137} INFO - [2023-03-03T06:59:17.687+0000] {dag.py:2690} INFO - Sync 1 DAGs
[2023-03-03T06:59:17.714+0000] {logging_mixin.py:137} INFO - [2023-03-03T06:59:17.714+0000] {dag.py:3441} INFO - Setting next_dagrun for example_xcom to 2021-01-01T00:00:00+00:00, run_after=2021-01-01T00:00:00+00:00
[2023-03-03T06:59:17.737+0000] {processor.py:175} INFO - Processing /home/airflow/.local/lib/python3.7/site-packages/airflow/example_dags/example_xcom.py took 0.125 seconds
[2023-03-03T08:22:08.086+0000] {processor.py:153} INFO - Started process (PID=2765) to work on /home/airflow/.local/lib/python3.7/site-packages/airflow/example_dags/example_xcom.py
[2023-03-03T08:22:08.088+0000] {processor.py:743} INFO - Processing file /home/airflow/.local/lib/python3.7/site-packages/airflow/example_dags/example_xcom.py for tasks to queue
[2023-03-03T08:22:08.089+0000] {logging_mixin.py:137} INFO - [2023-03-03T08:22:08.089+0000] {dagbag.py:538} INFO - Filling up the DagBag from /home/airflow/.local/lib/python3.7/site-packages/airflow/example_dags/example_xcom.py
[2023-03-03T08:22:08.124+0000] {processor.py:753} INFO - DAG(s) dict_keys(['example_xcom']) retrieved from /home/airflow/.local/lib/python3.7/site-packages/airflow/example_dags/example_xcom.py
[2023-03-03T08:22:08.158+0000] {logging_mixin.py:137} INFO - [2023-03-03T08:22:08.157+0000] {dag.py:2690} INFO - Sync 1 DAGs
[2023-03-03T08:22:08.194+0000] {logging_mixin.py:137} INFO - [2023-03-03T08:22:08.194+0000] {dag.py:3441} INFO - Setting next_dagrun for example_xcom to 2021-01-01T00:00:00+00:00, run_after=2021-01-01T00:00:00+00:00
[2023-03-03T08:22:08.218+0000] {processor.py:175} INFO - Processing /home/airflow/.local/lib/python3.7/site-packages/airflow/example_dags/example_xcom.py took 0.137 seconds
[2023-03-03T08:57:43.346+0000] {processor.py:153} INFO - Started process (PID=2840) to work on /home/airflow/.local/lib/python3.7/site-packages/airflow/example_dags/example_xcom.py
[2023-03-03T08:57:43.347+0000] {processor.py:743} INFO - Processing file /home/airflow/.local/lib/python3.7/site-packages/airflow/example_dags/example_xcom.py for tasks to queue
[2023-03-03T08:57:43.348+0000] {logging_mixin.py:137} INFO - [2023-03-03T08:57:43.348+0000] {dagbag.py:538} INFO - Filling up the DagBag from /home/airflow/.local/lib/python3.7/site-packages/airflow/example_dags/example_xcom.py
[2023-03-03T08:57:43.379+0000] {processor.py:753} INFO - DAG(s) dict_keys(['example_xcom']) retrieved from /home/airflow/.local/lib/python3.7/site-packages/airflow/example_dags/example_xcom.py
[2023-03-03T08:57:43.419+0000] {logging_mixin.py:137} INFO - [2023-03-03T08:57:43.419+0000] {dag.py:2690} INFO - Sync 1 DAGs
[2023-03-03T08:57:43.441+0000] {logging_mixin.py:137} INFO - [2023-03-03T08:57:43.441+0000] {dag.py:3441} INFO - Setting next_dagrun for example_xcom to 2021-01-01T00:00:00+00:00, run_after=2021-01-01T00:00:00+00:00
[2023-03-03T08:57:43.455+0000] {processor.py:175} INFO - Processing /home/airflow/.local/lib/python3.7/site-packages/airflow/example_dags/example_xcom.py took 0.114 seconds
[2023-03-03T09:55:37.332+0000] {processor.py:153} INFO - Started process (PID=2903) to work on /home/airflow/.local/lib/python3.7/site-packages/airflow/example_dags/example_xcom.py
[2023-03-03T09:55:37.335+0000] {processor.py:743} INFO - Processing file /home/airflow/.local/lib/python3.7/site-packages/airflow/example_dags/example_xcom.py for tasks to queue
[2023-03-03T09:55:37.336+0000] {logging_mixin.py:137} INFO - [2023-03-03T09:55:37.336+0000] {dagbag.py:538} INFO - Filling up the DagBag from /home/airflow/.local/lib/python3.7/site-packages/airflow/example_dags/example_xcom.py
[2023-03-03T09:55:37.374+0000] {processor.py:753} INFO - DAG(s) dict_keys(['example_xcom']) retrieved from /home/airflow/.local/lib/python3.7/site-packages/airflow/example_dags/example_xcom.py
[2023-03-03T09:55:37.420+0000] {logging_mixin.py:137} INFO - [2023-03-03T09:55:37.420+0000] {dag.py:2690} INFO - Sync 1 DAGs
[2023-03-03T09:55:37.458+0000] {logging_mixin.py:137} INFO - [2023-03-03T09:55:37.458+0000] {dag.py:3441} INFO - Setting next_dagrun for example_xcom to 2021-01-01T00:00:00+00:00, run_after=2021-01-01T00:00:00+00:00
[2023-03-03T09:55:37.475+0000] {processor.py:175} INFO - Processing /home/airflow/.local/lib/python3.7/site-packages/airflow/example_dags/example_xcom.py took 0.146 seconds
[2023-03-03T10:18:26.718+0000] {processor.py:153} INFO - Started process (PID=2965) to work on /home/airflow/.local/lib/python3.7/site-packages/airflow/example_dags/example_xcom.py
[2023-03-03T10:18:26.721+0000] {processor.py:743} INFO - Processing file /home/airflow/.local/lib/python3.7/site-packages/airflow/example_dags/example_xcom.py for tasks to queue
[2023-03-03T10:18:26.722+0000] {logging_mixin.py:137} INFO - [2023-03-03T10:18:26.721+0000] {dagbag.py:538} INFO - Filling up the DagBag from /home/airflow/.local/lib/python3.7/site-packages/airflow/example_dags/example_xcom.py
[2023-03-03T10:18:26.744+0000] {processor.py:753} INFO - DAG(s) dict_keys(['example_xcom']) retrieved from /home/airflow/.local/lib/python3.7/site-packages/airflow/example_dags/example_xcom.py
[2023-03-03T10:18:26.775+0000] {logging_mixin.py:137} INFO - [2023-03-03T10:18:26.774+0000] {dag.py:2690} INFO - Sync 1 DAGs
[2023-03-03T10:18:26.796+0000] {logging_mixin.py:137} INFO - [2023-03-03T10:18:26.796+0000] {dag.py:3441} INFO - Setting next_dagrun for example_xcom to 2021-01-01T00:00:00+00:00, run_after=2021-01-01T00:00:00+00:00
[2023-03-03T10:18:26.843+0000] {processor.py:175} INFO - Processing /home/airflow/.local/lib/python3.7/site-packages/airflow/example_dags/example_xcom.py took 0.128 seconds
[2023-03-03T10:57:32.362+0000] {processor.py:153} INFO - Started process (PID=3039) to work on /home/airflow/.local/lib/python3.7/site-packages/airflow/example_dags/example_xcom.py
[2023-03-03T10:57:32.368+0000] {processor.py:743} INFO - Processing file /home/airflow/.local/lib/python3.7/site-packages/airflow/example_dags/example_xcom.py for tasks to queue
[2023-03-03T10:57:32.373+0000] {logging_mixin.py:137} INFO - [2023-03-03T10:57:32.372+0000] {dagbag.py:538} INFO - Filling up the DagBag from /home/airflow/.local/lib/python3.7/site-packages/airflow/example_dags/example_xcom.py
[2023-03-03T10:57:32.475+0000] {processor.py:753} INFO - DAG(s) dict_keys(['example_xcom']) retrieved from /home/airflow/.local/lib/python3.7/site-packages/airflow/example_dags/example_xcom.py
[2023-03-03T10:57:32.595+0000] {logging_mixin.py:137} INFO - [2023-03-03T10:57:32.595+0000] {dag.py:2690} INFO - Sync 1 DAGs
[2023-03-03T10:57:32.677+0000] {logging_mixin.py:137} INFO - [2023-03-03T10:57:32.677+0000] {dag.py:3441} INFO - Setting next_dagrun for example_xcom to 2021-01-01T00:00:00+00:00, run_after=2021-01-01T00:00:00+00:00
[2023-03-03T10:57:32.733+0000] {processor.py:175} INFO - Processing /home/airflow/.local/lib/python3.7/site-packages/airflow/example_dags/example_xcom.py took 0.398 seconds
[2023-03-03T11:18:59.750+0000] {processor.py:153} INFO - Started process (PID=3078) to work on /home/airflow/.local/lib/python3.7/site-packages/airflow/example_dags/example_xcom.py
[2023-03-03T11:18:59.751+0000] {processor.py:743} INFO - Processing file /home/airflow/.local/lib/python3.7/site-packages/airflow/example_dags/example_xcom.py for tasks to queue
[2023-03-03T11:18:59.752+0000] {logging_mixin.py:137} INFO - [2023-03-03T11:18:59.752+0000] {dagbag.py:538} INFO - Filling up the DagBag from /home/airflow/.local/lib/python3.7/site-packages/airflow/example_dags/example_xcom.py
[2023-03-03T11:18:59.770+0000] {processor.py:753} INFO - DAG(s) dict_keys(['example_xcom']) retrieved from /home/airflow/.local/lib/python3.7/site-packages/airflow/example_dags/example_xcom.py
[2023-03-03T11:18:59.790+0000] {logging_mixin.py:137} INFO - [2023-03-03T11:18:59.790+0000] {dag.py:2690} INFO - Sync 1 DAGs
[2023-03-03T11:18:59.805+0000] {logging_mixin.py:137} INFO - [2023-03-03T11:18:59.805+0000] {dag.py:3441} INFO - Setting next_dagrun for example_xcom to 2021-01-01T00:00:00+00:00, run_after=2021-01-01T00:00:00+00:00
[2023-03-03T11:18:59.815+0000] {processor.py:175} INFO - Processing /home/airflow/.local/lib/python3.7/site-packages/airflow/example_dags/example_xcom.py took 0.069 seconds
[2023-03-03T11:19:30.197+0000] {processor.py:153} INFO - Started process (PID=3154) to work on /home/airflow/.local/lib/python3.7/site-packages/airflow/example_dags/example_xcom.py
[2023-03-03T11:19:30.199+0000] {processor.py:743} INFO - Processing file /home/airflow/.local/lib/python3.7/site-packages/airflow/example_dags/example_xcom.py for tasks to queue
[2023-03-03T11:19:30.200+0000] {logging_mixin.py:137} INFO - [2023-03-03T11:19:30.200+0000] {dagbag.py:538} INFO - Filling up the DagBag from /home/airflow/.local/lib/python3.7/site-packages/airflow/example_dags/example_xcom.py
[2023-03-03T11:19:30.231+0000] {processor.py:753} INFO - DAG(s) dict_keys(['example_xcom']) retrieved from /home/airflow/.local/lib/python3.7/site-packages/airflow/example_dags/example_xcom.py
[2023-03-03T11:19:30.264+0000] {logging_mixin.py:137} INFO - [2023-03-03T11:19:30.264+0000] {dag.py:2690} INFO - Sync 1 DAGs
[2023-03-03T11:19:30.284+0000] {logging_mixin.py:137} INFO - [2023-03-03T11:19:30.284+0000] {dag.py:3441} INFO - Setting next_dagrun for example_xcom to 2021-01-01T00:00:00+00:00, run_after=2021-01-01T00:00:00+00:00
[2023-03-03T11:19:30.298+0000] {processor.py:175} INFO - Processing /home/airflow/.local/lib/python3.7/site-packages/airflow/example_dags/example_xcom.py took 0.107 seconds
[2023-03-03T11:20:00.995+0000] {processor.py:153} INFO - Started process (PID=3216) to work on /home/airflow/.local/lib/python3.7/site-packages/airflow/example_dags/example_xcom.py
[2023-03-03T11:20:00.996+0000] {processor.py:743} INFO - Processing file /home/airflow/.local/lib/python3.7/site-packages/airflow/example_dags/example_xcom.py for tasks to queue
[2023-03-03T11:20:00.997+0000] {logging_mixin.py:137} INFO - [2023-03-03T11:20:00.997+0000] {dagbag.py:538} INFO - Filling up the DagBag from /home/airflow/.local/lib/python3.7/site-packages/airflow/example_dags/example_xcom.py
[2023-03-03T11:20:01.022+0000] {processor.py:753} INFO - DAG(s) dict_keys(['example_xcom']) retrieved from /home/airflow/.local/lib/python3.7/site-packages/airflow/example_dags/example_xcom.py
[2023-03-03T11:20:01.048+0000] {logging_mixin.py:137} INFO - [2023-03-03T11:20:01.048+0000] {dag.py:2690} INFO - Sync 1 DAGs
[2023-03-03T11:20:01.068+0000] {logging_mixin.py:137} INFO - [2023-03-03T11:20:01.068+0000] {dag.py:3441} INFO - Setting next_dagrun for example_xcom to 2021-01-01T00:00:00+00:00, run_after=2021-01-01T00:00:00+00:00
[2023-03-03T11:20:01.082+0000] {processor.py:175} INFO - Processing /home/airflow/.local/lib/python3.7/site-packages/airflow/example_dags/example_xcom.py took 0.091 seconds
[2023-03-03T11:37:12.621+0000] {processor.py:153} INFO - Started process (PID=3267) to work on /home/airflow/.local/lib/python3.7/site-packages/airflow/example_dags/example_xcom.py
[2023-03-03T11:37:12.623+0000] {processor.py:743} INFO - Processing file /home/airflow/.local/lib/python3.7/site-packages/airflow/example_dags/example_xcom.py for tasks to queue
[2023-03-03T11:37:12.624+0000] {logging_mixin.py:137} INFO - [2023-03-03T11:37:12.624+0000] {dagbag.py:538} INFO - Filling up the DagBag from /home/airflow/.local/lib/python3.7/site-packages/airflow/example_dags/example_xcom.py
[2023-03-03T11:37:12.645+0000] {processor.py:753} INFO - DAG(s) dict_keys(['example_xcom']) retrieved from /home/airflow/.local/lib/python3.7/site-packages/airflow/example_dags/example_xcom.py
[2023-03-03T11:37:12.676+0000] {logging_mixin.py:137} INFO - [2023-03-03T11:37:12.676+0000] {dag.py:2690} INFO - Sync 1 DAGs
[2023-03-03T11:37:12.695+0000] {logging_mixin.py:137} INFO - [2023-03-03T11:37:12.695+0000] {dag.py:3441} INFO - Setting next_dagrun for example_xcom to 2021-01-01T00:00:00+00:00, run_after=2021-01-01T00:00:00+00:00
[2023-03-03T11:37:12.707+0000] {processor.py:175} INFO - Processing /home/airflow/.local/lib/python3.7/site-packages/airflow/example_dags/example_xcom.py took 0.092 seconds
[2023-03-03T11:37:43.298+0000] {processor.py:153} INFO - Started process (PID=3342) to work on /home/airflow/.local/lib/python3.7/site-packages/airflow/example_dags/example_xcom.py
[2023-03-03T11:37:43.299+0000] {processor.py:743} INFO - Processing file /home/airflow/.local/lib/python3.7/site-packages/airflow/example_dags/example_xcom.py for tasks to queue
[2023-03-03T11:37:43.300+0000] {logging_mixin.py:137} INFO - [2023-03-03T11:37:43.300+0000] {dagbag.py:538} INFO - Filling up the DagBag from /home/airflow/.local/lib/python3.7/site-packages/airflow/example_dags/example_xcom.py
[2023-03-03T11:37:43.316+0000] {processor.py:753} INFO - DAG(s) dict_keys(['example_xcom']) retrieved from /home/airflow/.local/lib/python3.7/site-packages/airflow/example_dags/example_xcom.py
[2023-03-03T11:37:43.336+0000] {logging_mixin.py:137} INFO - [2023-03-03T11:37:43.336+0000] {dag.py:2690} INFO - Sync 1 DAGs
[2023-03-03T11:37:43.352+0000] {logging_mixin.py:137} INFO - [2023-03-03T11:37:43.352+0000] {dag.py:3441} INFO - Setting next_dagrun for example_xcom to 2021-01-01T00:00:00+00:00, run_after=2021-01-01T00:00:00+00:00
[2023-03-03T11:37:43.364+0000] {processor.py:175} INFO - Processing /home/airflow/.local/lib/python3.7/site-packages/airflow/example_dags/example_xcom.py took 0.069 seconds
[2023-03-03T11:38:13.568+0000] {processor.py:153} INFO - Started process (PID=3405) to work on /home/airflow/.local/lib/python3.7/site-packages/airflow/example_dags/example_xcom.py
[2023-03-03T11:38:13.570+0000] {processor.py:743} INFO - Processing file /home/airflow/.local/lib/python3.7/site-packages/airflow/example_dags/example_xcom.py for tasks to queue
[2023-03-03T11:38:13.570+0000] {logging_mixin.py:137} INFO - [2023-03-03T11:38:13.570+0000] {dagbag.py:538} INFO - Filling up the DagBag from /home/airflow/.local/lib/python3.7/site-packages/airflow/example_dags/example_xcom.py
[2023-03-03T11:38:13.591+0000] {processor.py:753} INFO - DAG(s) dict_keys(['example_xcom']) retrieved from /home/airflow/.local/lib/python3.7/site-packages/airflow/example_dags/example_xcom.py
[2023-03-03T11:38:13.617+0000] {logging_mixin.py:137} INFO - [2023-03-03T11:38:13.616+0000] {dag.py:2690} INFO - Sync 1 DAGs
[2023-03-03T11:38:13.659+0000] {logging_mixin.py:137} INFO - [2023-03-03T11:38:13.659+0000] {dag.py:3441} INFO - Setting next_dagrun for example_xcom to 2021-01-01T00:00:00+00:00, run_after=2021-01-01T00:00:00+00:00
[2023-03-03T11:38:13.678+0000] {processor.py:175} INFO - Processing /home/airflow/.local/lib/python3.7/site-packages/airflow/example_dags/example_xcom.py took 0.112 seconds
[2023-03-03T11:38:44.757+0000] {processor.py:153} INFO - Started process (PID=3480) to work on /home/airflow/.local/lib/python3.7/site-packages/airflow/example_dags/example_xcom.py
[2023-03-03T11:38:44.758+0000] {processor.py:743} INFO - Processing file /home/airflow/.local/lib/python3.7/site-packages/airflow/example_dags/example_xcom.py for tasks to queue
[2023-03-03T11:38:44.759+0000] {logging_mixin.py:137} INFO - [2023-03-03T11:38:44.759+0000] {dagbag.py:538} INFO - Filling up the DagBag from /home/airflow/.local/lib/python3.7/site-packages/airflow/example_dags/example_xcom.py
[2023-03-03T11:38:44.776+0000] {processor.py:753} INFO - DAG(s) dict_keys(['example_xcom']) retrieved from /home/airflow/.local/lib/python3.7/site-packages/airflow/example_dags/example_xcom.py
[2023-03-03T11:38:44.797+0000] {logging_mixin.py:137} INFO - [2023-03-03T11:38:44.797+0000] {dag.py:2690} INFO - Sync 1 DAGs
[2023-03-03T11:38:44.813+0000] {logging_mixin.py:137} INFO - [2023-03-03T11:38:44.813+0000] {dag.py:3441} INFO - Setting next_dagrun for example_xcom to 2021-01-01T00:00:00+00:00, run_after=2021-01-01T00:00:00+00:00
[2023-03-03T11:38:44.832+0000] {processor.py:175} INFO - Processing /home/airflow/.local/lib/python3.7/site-packages/airflow/example_dags/example_xcom.py took 0.077 seconds
[2023-03-03T11:39:14.927+0000] {processor.py:153} INFO - Started process (PID=3543) to work on /home/airflow/.local/lib/python3.7/site-packages/airflow/example_dags/example_xcom.py
[2023-03-03T11:39:14.929+0000] {processor.py:743} INFO - Processing file /home/airflow/.local/lib/python3.7/site-packages/airflow/example_dags/example_xcom.py for tasks to queue
[2023-03-03T11:39:14.930+0000] {logging_mixin.py:137} INFO - [2023-03-03T11:39:14.930+0000] {dagbag.py:538} INFO - Filling up the DagBag from /home/airflow/.local/lib/python3.7/site-packages/airflow/example_dags/example_xcom.py
[2023-03-03T11:39:14.946+0000] {processor.py:753} INFO - DAG(s) dict_keys(['example_xcom']) retrieved from /home/airflow/.local/lib/python3.7/site-packages/airflow/example_dags/example_xcom.py
[2023-03-03T11:39:14.968+0000] {logging_mixin.py:137} INFO - [2023-03-03T11:39:14.968+0000] {dag.py:2690} INFO - Sync 1 DAGs
[2023-03-03T11:39:14.983+0000] {logging_mixin.py:137} INFO - [2023-03-03T11:39:14.983+0000] {dag.py:3441} INFO - Setting next_dagrun for example_xcom to 2021-01-01T00:00:00+00:00, run_after=2021-01-01T00:00:00+00:00
[2023-03-03T11:39:14.994+0000] {processor.py:175} INFO - Processing /home/airflow/.local/lib/python3.7/site-packages/airflow/example_dags/example_xcom.py took 0.071 seconds
[2023-03-03T11:39:45.230+0000] {processor.py:153} INFO - Started process (PID=3619) to work on /home/airflow/.local/lib/python3.7/site-packages/airflow/example_dags/example_xcom.py
[2023-03-03T11:39:45.232+0000] {processor.py:743} INFO - Processing file /home/airflow/.local/lib/python3.7/site-packages/airflow/example_dags/example_xcom.py for tasks to queue
[2023-03-03T11:39:45.233+0000] {logging_mixin.py:137} INFO - [2023-03-03T11:39:45.232+0000] {dagbag.py:538} INFO - Filling up the DagBag from /home/airflow/.local/lib/python3.7/site-packages/airflow/example_dags/example_xcom.py
[2023-03-03T11:39:45.251+0000] {processor.py:753} INFO - DAG(s) dict_keys(['example_xcom']) retrieved from /home/airflow/.local/lib/python3.7/site-packages/airflow/example_dags/example_xcom.py
[2023-03-03T11:39:45.281+0000] {logging_mixin.py:137} INFO - [2023-03-03T11:39:45.281+0000] {dag.py:2690} INFO - Sync 1 DAGs
[2023-03-03T11:39:45.299+0000] {logging_mixin.py:137} INFO - [2023-03-03T11:39:45.299+0000] {dag.py:3441} INFO - Setting next_dagrun for example_xcom to 2021-01-01T00:00:00+00:00, run_after=2021-01-01T00:00:00+00:00
[2023-03-03T11:39:45.311+0000] {processor.py:175} INFO - Processing /home/airflow/.local/lib/python3.7/site-packages/airflow/example_dags/example_xcom.py took 0.086 seconds
[2023-03-03T11:55:25.529+0000] {processor.py:153} INFO - Started process (PID=3681) to work on /home/airflow/.local/lib/python3.7/site-packages/airflow/example_dags/example_xcom.py
[2023-03-03T11:55:25.530+0000] {processor.py:743} INFO - Processing file /home/airflow/.local/lib/python3.7/site-packages/airflow/example_dags/example_xcom.py for tasks to queue
[2023-03-03T11:55:25.531+0000] {logging_mixin.py:137} INFO - [2023-03-03T11:55:25.531+0000] {dagbag.py:538} INFO - Filling up the DagBag from /home/airflow/.local/lib/python3.7/site-packages/airflow/example_dags/example_xcom.py
[2023-03-03T11:55:25.563+0000] {processor.py:753} INFO - DAG(s) dict_keys(['example_xcom']) retrieved from /home/airflow/.local/lib/python3.7/site-packages/airflow/example_dags/example_xcom.py
[2023-03-03T11:55:25.609+0000] {logging_mixin.py:137} INFO - [2023-03-03T11:55:25.609+0000] {dag.py:2690} INFO - Sync 1 DAGs
[2023-03-03T11:55:25.657+0000] {logging_mixin.py:137} INFO - [2023-03-03T11:55:25.656+0000] {dag.py:3441} INFO - Setting next_dagrun for example_xcom to 2021-01-01T00:00:00+00:00, run_after=2021-01-01T00:00:00+00:00
[2023-03-03T11:55:25.673+0000] {processor.py:175} INFO - Processing /home/airflow/.local/lib/python3.7/site-packages/airflow/example_dags/example_xcom.py took 0.148 seconds
[2023-03-03T12:52:43.424+0000] {processor.py:153} INFO - Started process (PID=3743) to work on /home/airflow/.local/lib/python3.7/site-packages/airflow/example_dags/example_xcom.py
[2023-03-03T12:52:43.426+0000] {processor.py:743} INFO - Processing file /home/airflow/.local/lib/python3.7/site-packages/airflow/example_dags/example_xcom.py for tasks to queue
[2023-03-03T12:52:43.427+0000] {logging_mixin.py:137} INFO - [2023-03-03T12:52:43.427+0000] {dagbag.py:538} INFO - Filling up the DagBag from /home/airflow/.local/lib/python3.7/site-packages/airflow/example_dags/example_xcom.py
[2023-03-03T12:52:43.444+0000] {processor.py:753} INFO - DAG(s) dict_keys(['example_xcom']) retrieved from /home/airflow/.local/lib/python3.7/site-packages/airflow/example_dags/example_xcom.py
[2023-03-03T12:52:43.465+0000] {logging_mixin.py:137} INFO - [2023-03-03T12:52:43.465+0000] {dag.py:2690} INFO - Sync 1 DAGs
[2023-03-03T12:52:43.481+0000] {logging_mixin.py:137} INFO - [2023-03-03T12:52:43.481+0000] {dag.py:3441} INFO - Setting next_dagrun for example_xcom to 2021-01-01T00:00:00+00:00, run_after=2021-01-01T00:00:00+00:00
[2023-03-03T12:52:43.492+0000] {processor.py:175} INFO - Processing /home/airflow/.local/lib/python3.7/site-packages/airflow/example_dags/example_xcom.py took 0.071 seconds
[2023-03-03T14:01:00.696+0000] {processor.py:153} INFO - Started process (PID=3818) to work on /home/airflow/.local/lib/python3.7/site-packages/airflow/example_dags/example_xcom.py
[2023-03-03T14:01:00.702+0000] {processor.py:743} INFO - Processing file /home/airflow/.local/lib/python3.7/site-packages/airflow/example_dags/example_xcom.py for tasks to queue
[2023-03-03T14:01:00.706+0000] {logging_mixin.py:137} INFO - [2023-03-03T14:01:00.706+0000] {dagbag.py:538} INFO - Filling up the DagBag from /home/airflow/.local/lib/python3.7/site-packages/airflow/example_dags/example_xcom.py
[2023-03-03T14:01:00.799+0000] {processor.py:753} INFO - DAG(s) dict_keys(['example_xcom']) retrieved from /home/airflow/.local/lib/python3.7/site-packages/airflow/example_dags/example_xcom.py
[2023-03-03T14:01:00.873+0000] {logging_mixin.py:137} INFO - [2023-03-03T14:01:00.872+0000] {dag.py:2690} INFO - Sync 1 DAGs
[2023-03-03T14:01:00.960+0000] {logging_mixin.py:137} INFO - [2023-03-03T14:01:00.960+0000] {dag.py:3441} INFO - Setting next_dagrun for example_xcom to 2021-01-01T00:00:00+00:00, run_after=2021-01-01T00:00:00+00:00
[2023-03-03T14:01:01.010+0000] {processor.py:175} INFO - Processing /home/airflow/.local/lib/python3.7/site-packages/airflow/example_dags/example_xcom.py took 0.342 seconds
[2023-03-03T14:44:32.257+0000] {processor.py:153} INFO - Started process (PID=3869) to work on /home/airflow/.local/lib/python3.7/site-packages/airflow/example_dags/example_xcom.py
[2023-03-03T14:44:32.260+0000] {processor.py:743} INFO - Processing file /home/airflow/.local/lib/python3.7/site-packages/airflow/example_dags/example_xcom.py for tasks to queue
[2023-03-03T14:44:32.261+0000] {logging_mixin.py:137} INFO - [2023-03-03T14:44:32.261+0000] {dagbag.py:538} INFO - Filling up the DagBag from /home/airflow/.local/lib/python3.7/site-packages/airflow/example_dags/example_xcom.py
[2023-03-03T14:44:32.292+0000] {processor.py:753} INFO - DAG(s) dict_keys(['example_xcom']) retrieved from /home/airflow/.local/lib/python3.7/site-packages/airflow/example_dags/example_xcom.py
[2023-03-03T14:44:32.416+0000] {logging_mixin.py:137} INFO - [2023-03-03T14:44:32.416+0000] {dag.py:2690} INFO - Sync 1 DAGs
[2023-03-03T14:44:32.552+0000] {logging_mixin.py:137} INFO - [2023-03-03T14:44:32.548+0000] {dag.py:3441} INFO - Setting next_dagrun for example_xcom to 2021-01-01T00:00:00+00:00, run_after=2021-01-01T00:00:00+00:00
[2023-03-03T14:44:32.733+0000] {processor.py:175} INFO - Processing /home/airflow/.local/lib/python3.7/site-packages/airflow/example_dags/example_xcom.py took 0.482 seconds
[2023-03-03T15:49:38.884+0000] {processor.py:153} INFO - Started process (PID=3932) to work on /home/airflow/.local/lib/python3.7/site-packages/airflow/example_dags/example_xcom.py
[2023-03-03T15:49:38.891+0000] {processor.py:743} INFO - Processing file /home/airflow/.local/lib/python3.7/site-packages/airflow/example_dags/example_xcom.py for tasks to queue
[2023-03-03T15:49:38.901+0000] {logging_mixin.py:137} INFO - [2023-03-03T15:49:38.900+0000] {dagbag.py:538} INFO - Filling up the DagBag from /home/airflow/.local/lib/python3.7/site-packages/airflow/example_dags/example_xcom.py
[2023-03-03T15:49:39.012+0000] {processor.py:753} INFO - DAG(s) dict_keys(['example_xcom']) retrieved from /home/airflow/.local/lib/python3.7/site-packages/airflow/example_dags/example_xcom.py
[2023-03-03T15:49:39.110+0000] {logging_mixin.py:137} INFO - [2023-03-03T15:49:39.110+0000] {dag.py:2690} INFO - Sync 1 DAGs
[2023-03-03T15:49:39.171+0000] {logging_mixin.py:137} INFO - [2023-03-03T15:49:39.170+0000] {dag.py:3441} INFO - Setting next_dagrun for example_xcom to 2021-01-01T00:00:00+00:00, run_after=2021-01-01T00:00:00+00:00
[2023-03-03T15:49:39.213+0000] {processor.py:175} INFO - Processing /home/airflow/.local/lib/python3.7/site-packages/airflow/example_dags/example_xcom.py took 0.352 seconds
[2023-03-03T16:32:35.574+0000] {processor.py:153} INFO - Started process (PID=3991) to work on /home/airflow/.local/lib/python3.7/site-packages/airflow/example_dags/example_xcom.py
[2023-03-03T16:32:35.578+0000] {processor.py:743} INFO - Processing file /home/airflow/.local/lib/python3.7/site-packages/airflow/example_dags/example_xcom.py for tasks to queue
[2023-03-03T16:32:35.588+0000] {logging_mixin.py:137} INFO - [2023-03-03T16:32:35.588+0000] {dagbag.py:538} INFO - Filling up the DagBag from /home/airflow/.local/lib/python3.7/site-packages/airflow/example_dags/example_xcom.py
[2023-03-03T16:32:35.669+0000] {processor.py:753} INFO - DAG(s) dict_keys(['example_xcom']) retrieved from /home/airflow/.local/lib/python3.7/site-packages/airflow/example_dags/example_xcom.py
[2023-03-03T16:32:35.762+0000] {logging_mixin.py:137} INFO - [2023-03-03T16:32:35.762+0000] {dag.py:2690} INFO - Sync 1 DAGs
[2023-03-03T16:32:35.799+0000] {logging_mixin.py:137} INFO - [2023-03-03T16:32:35.799+0000] {dag.py:3441} INFO - Setting next_dagrun for example_xcom to 2021-01-01T00:00:00+00:00, run_after=2021-01-01T00:00:00+00:00
[2023-03-03T16:32:35.836+0000] {processor.py:175} INFO - Processing /home/airflow/.local/lib/python3.7/site-packages/airflow/example_dags/example_xcom.py took 0.266 seconds
[2023-03-03T16:34:15.747+0000] {processor.py:153} INFO - Started process (PID=4046) to work on /home/airflow/.local/lib/python3.7/site-packages/airflow/example_dags/example_xcom.py
[2023-03-03T16:34:15.748+0000] {processor.py:743} INFO - Processing file /home/airflow/.local/lib/python3.7/site-packages/airflow/example_dags/example_xcom.py for tasks to queue
[2023-03-03T16:34:15.749+0000] {logging_mixin.py:137} INFO - [2023-03-03T16:34:15.749+0000] {dagbag.py:538} INFO - Filling up the DagBag from /home/airflow/.local/lib/python3.7/site-packages/airflow/example_dags/example_xcom.py
[2023-03-03T16:34:15.766+0000] {processor.py:753} INFO - DAG(s) dict_keys(['example_xcom']) retrieved from /home/airflow/.local/lib/python3.7/site-packages/airflow/example_dags/example_xcom.py
[2023-03-03T16:34:15.794+0000] {logging_mixin.py:137} INFO - [2023-03-03T16:34:15.794+0000] {dag.py:2690} INFO - Sync 1 DAGs
[2023-03-03T16:34:15.814+0000] {logging_mixin.py:137} INFO - [2023-03-03T16:34:15.814+0000] {dag.py:3441} INFO - Setting next_dagrun for example_xcom to 2021-01-01T00:00:00+00:00, run_after=2021-01-01T00:00:00+00:00
[2023-03-03T16:34:15.827+0000] {processor.py:175} INFO - Processing /home/airflow/.local/lib/python3.7/site-packages/airflow/example_dags/example_xcom.py took 0.084 seconds
[2023-03-03T16:51:21.516+0000] {processor.py:153} INFO - Started process (PID=4122) to work on /home/airflow/.local/lib/python3.7/site-packages/airflow/example_dags/example_xcom.py
[2023-03-03T16:51:21.518+0000] {processor.py:743} INFO - Processing file /home/airflow/.local/lib/python3.7/site-packages/airflow/example_dags/example_xcom.py for tasks to queue
[2023-03-03T16:51:21.520+0000] {logging_mixin.py:137} INFO - [2023-03-03T16:51:21.519+0000] {dagbag.py:538} INFO - Filling up the DagBag from /home/airflow/.local/lib/python3.7/site-packages/airflow/example_dags/example_xcom.py
[2023-03-03T16:51:21.544+0000] {processor.py:753} INFO - DAG(s) dict_keys(['example_xcom']) retrieved from /home/airflow/.local/lib/python3.7/site-packages/airflow/example_dags/example_xcom.py
[2023-03-03T16:51:21.573+0000] {logging_mixin.py:137} INFO - [2023-03-03T16:51:21.572+0000] {dag.py:2690} INFO - Sync 1 DAGs
[2023-03-03T16:51:21.593+0000] {logging_mixin.py:137} INFO - [2023-03-03T16:51:21.593+0000] {dag.py:3441} INFO - Setting next_dagrun for example_xcom to 2021-01-01T00:00:00+00:00, run_after=2021-01-01T00:00:00+00:00
[2023-03-03T16:51:21.608+0000] {processor.py:175} INFO - Processing /home/airflow/.local/lib/python3.7/site-packages/airflow/example_dags/example_xcom.py took 0.096 seconds
[2023-03-03T17:25:23.333+0000] {processor.py:153} INFO - Started process (PID=4185) to work on /home/airflow/.local/lib/python3.7/site-packages/airflow/example_dags/example_xcom.py
[2023-03-03T17:25:23.334+0000] {processor.py:743} INFO - Processing file /home/airflow/.local/lib/python3.7/site-packages/airflow/example_dags/example_xcom.py for tasks to queue
[2023-03-03T17:25:23.335+0000] {logging_mixin.py:137} INFO - [2023-03-03T17:25:23.335+0000] {dagbag.py:538} INFO - Filling up the DagBag from /home/airflow/.local/lib/python3.7/site-packages/airflow/example_dags/example_xcom.py
[2023-03-03T17:25:23.351+0000] {processor.py:753} INFO - DAG(s) dict_keys(['example_xcom']) retrieved from /home/airflow/.local/lib/python3.7/site-packages/airflow/example_dags/example_xcom.py
[2023-03-03T17:25:23.375+0000] {logging_mixin.py:137} INFO - [2023-03-03T17:25:23.375+0000] {dag.py:2690} INFO - Sync 1 DAGs
[2023-03-03T17:25:23.393+0000] {logging_mixin.py:137} INFO - [2023-03-03T17:25:23.393+0000] {dag.py:3441} INFO - Setting next_dagrun for example_xcom to 2021-01-01T00:00:00+00:00, run_after=2021-01-01T00:00:00+00:00
[2023-03-03T17:25:23.409+0000] {processor.py:175} INFO - Processing /home/airflow/.local/lib/python3.7/site-packages/airflow/example_dags/example_xcom.py took 0.079 seconds
[2023-03-03T18:12:18.393+0000] {processor.py:153} INFO - Started process (PID=4247) to work on /home/airflow/.local/lib/python3.7/site-packages/airflow/example_dags/example_xcom.py
[2023-03-03T18:12:18.395+0000] {processor.py:743} INFO - Processing file /home/airflow/.local/lib/python3.7/site-packages/airflow/example_dags/example_xcom.py for tasks to queue
[2023-03-03T18:12:18.396+0000] {logging_mixin.py:137} INFO - [2023-03-03T18:12:18.396+0000] {dagbag.py:538} INFO - Filling up the DagBag from /home/airflow/.local/lib/python3.7/site-packages/airflow/example_dags/example_xcom.py
[2023-03-03T18:12:18.415+0000] {processor.py:753} INFO - DAG(s) dict_keys(['example_xcom']) retrieved from /home/airflow/.local/lib/python3.7/site-packages/airflow/example_dags/example_xcom.py
[2023-03-03T18:12:18.469+0000] {logging_mixin.py:137} INFO - [2023-03-03T18:12:18.469+0000] {dag.py:2690} INFO - Sync 1 DAGs
[2023-03-03T18:12:18.503+0000] {logging_mixin.py:137} INFO - [2023-03-03T18:12:18.503+0000] {dag.py:3441} INFO - Setting next_dagrun for example_xcom to 2021-01-01T00:00:00+00:00, run_after=2021-01-01T00:00:00+00:00
[2023-03-03T18:12:18.530+0000] {processor.py:175} INFO - Processing /home/airflow/.local/lib/python3.7/site-packages/airflow/example_dags/example_xcom.py took 0.140 seconds
[2023-03-03T18:58:46.501+0000] {processor.py:153} INFO - Started process (PID=4329) to work on /home/airflow/.local/lib/python3.7/site-packages/airflow/example_dags/example_xcom.py
[2023-03-03T18:58:46.503+0000] {processor.py:743} INFO - Processing file /home/airflow/.local/lib/python3.7/site-packages/airflow/example_dags/example_xcom.py for tasks to queue
[2023-03-03T18:58:46.503+0000] {logging_mixin.py:137} INFO - [2023-03-03T18:58:46.503+0000] {dagbag.py:538} INFO - Filling up the DagBag from /home/airflow/.local/lib/python3.7/site-packages/airflow/example_dags/example_xcom.py
[2023-03-03T18:58:46.526+0000] {processor.py:753} INFO - DAG(s) dict_keys(['example_xcom']) retrieved from /home/airflow/.local/lib/python3.7/site-packages/airflow/example_dags/example_xcom.py
[2023-03-03T18:58:46.554+0000] {logging_mixin.py:137} INFO - [2023-03-03T18:58:46.554+0000] {dag.py:2690} INFO - Sync 1 DAGs
[2023-03-03T18:58:46.575+0000] {logging_mixin.py:137} INFO - [2023-03-03T18:58:46.575+0000] {dag.py:3441} INFO - Setting next_dagrun for example_xcom to 2021-01-01T00:00:00+00:00, run_after=2021-01-01T00:00:00+00:00
[2023-03-03T18:58:46.588+0000] {processor.py:175} INFO - Processing /home/airflow/.local/lib/python3.7/site-packages/airflow/example_dags/example_xcom.py took 0.090 seconds
[2023-03-03T19:44:05.006+0000] {processor.py:153} INFO - Started process (PID=4418) to work on /home/airflow/.local/lib/python3.7/site-packages/airflow/example_dags/example_xcom.py
[2023-03-03T19:44:05.009+0000] {processor.py:743} INFO - Processing file /home/airflow/.local/lib/python3.7/site-packages/airflow/example_dags/example_xcom.py for tasks to queue
[2023-03-03T19:44:05.010+0000] {logging_mixin.py:137} INFO - [2023-03-03T19:44:05.010+0000] {dagbag.py:538} INFO - Filling up the DagBag from /home/airflow/.local/lib/python3.7/site-packages/airflow/example_dags/example_xcom.py
[2023-03-03T19:44:05.136+0000] {processor.py:753} INFO - DAG(s) dict_keys(['example_xcom']) retrieved from /home/airflow/.local/lib/python3.7/site-packages/airflow/example_dags/example_xcom.py
[2023-03-03T19:44:05.302+0000] {logging_mixin.py:137} INFO - [2023-03-03T19:44:05.302+0000] {dag.py:2690} INFO - Sync 1 DAGs
[2023-03-03T19:44:05.373+0000] {logging_mixin.py:137} INFO - [2023-03-03T19:44:05.373+0000] {dag.py:3441} INFO - Setting next_dagrun for example_xcom to 2021-01-01T00:00:00+00:00, run_after=2021-01-01T00:00:00+00:00
[2023-03-03T19:44:05.417+0000] {processor.py:175} INFO - Processing /home/airflow/.local/lib/python3.7/site-packages/airflow/example_dags/example_xcom.py took 0.419 seconds
[2023-03-03T22:36:22.507+0000] {processor.py:153} INFO - Started process (PID=4499) to work on /home/airflow/.local/lib/python3.7/site-packages/airflow/example_dags/example_xcom.py
[2023-03-03T22:36:22.562+0000] {processor.py:743} INFO - Processing file /home/airflow/.local/lib/python3.7/site-packages/airflow/example_dags/example_xcom.py for tasks to queue
[2023-03-03T22:36:23.087+0000] {logging_mixin.py:137} INFO - [2023-03-03T22:36:23.084+0000] {dagbag.py:538} INFO - Filling up the DagBag from /home/airflow/.local/lib/python3.7/site-packages/airflow/example_dags/example_xcom.py
[2023-03-03T22:36:24.569+0000] {processor.py:753} INFO - DAG(s) dict_keys(['example_xcom']) retrieved from /home/airflow/.local/lib/python3.7/site-packages/airflow/example_dags/example_xcom.py
[2023-03-03T22:36:25.561+0000] {logging_mixin.py:137} INFO - [2023-03-03T22:36:25.537+0000] {dag.py:2690} INFO - Sync 1 DAGs
[2023-03-03T22:36:26.225+0000] {logging_mixin.py:137} INFO - [2023-03-03T22:36:26.224+0000] {dag.py:3441} INFO - Setting next_dagrun for example_xcom to 2021-01-01T00:00:00+00:00, run_after=2021-01-01T00:00:00+00:00
[2023-03-03T22:36:26.422+0000] {processor.py:175} INFO - Processing /home/airflow/.local/lib/python3.7/site-packages/airflow/example_dags/example_xcom.py took 3.979 seconds
