[2023-03-03T04:51:25.788+0000] {processor.py:153} INFO - Started process (PID=2567) to work on /home/airflow/.local/lib/python3.7/site-packages/airflow/example_dags/example_dag_decorator.py
[2023-03-03T04:51:25.790+0000] {processor.py:743} INFO - Processing file /home/airflow/.local/lib/python3.7/site-packages/airflow/example_dags/example_dag_decorator.py for tasks to queue
[2023-03-03T04:51:25.790+0000] {logging_mixin.py:137} INFO - [2023-03-03T04:51:25.790+0000] {dagbag.py:538} INFO - Filling up the DagBag from /home/airflow/.local/lib/python3.7/site-packages/airflow/example_dags/example_dag_decorator.py
[2023-03-03T04:51:25.805+0000] {logging_mixin.py:137} INFO - [2023-03-03T04:51:25.804+0000] {taskmixin.py:205} WARNING - Dependency <Task(_PythonDecoratedOperator): prepare_email>, send_email already registered for DAG: example_dag_decorator
[2023-03-03T04:51:25.809+0000] {logging_mixin.py:137} INFO - [2023-03-03T04:51:25.809+0000] {taskmixin.py:205} WARNING - Dependency <Task(EmailOperator): send_email>, prepare_email already registered for DAG: example_dag_decorator
[2023-03-03T04:51:25.845+0000] {processor.py:753} INFO - DAG(s) dict_keys(['example_dag_decorator']) retrieved from /home/airflow/.local/lib/python3.7/site-packages/airflow/example_dags/example_dag_decorator.py
[2023-03-03T04:51:25.897+0000] {logging_mixin.py:137} INFO - [2023-03-03T04:51:25.897+0000] {dag.py:2690} INFO - Sync 1 DAGs
[2023-03-03T04:51:25.934+0000] {logging_mixin.py:137} INFO - [2023-03-03T04:51:25.933+0000] {dag.py:3441} INFO - Setting next_dagrun for example_dag_decorator to None, run_after=None
[2023-03-03T04:51:25.966+0000] {processor.py:175} INFO - Processing /home/airflow/.local/lib/python3.7/site-packages/airflow/example_dags/example_dag_decorator.py took 0.181 seconds
[2023-03-03T06:08:17.084+0000] {processor.py:153} INFO - Started process (PID=2622) to work on /home/airflow/.local/lib/python3.7/site-packages/airflow/example_dags/example_dag_decorator.py
[2023-03-03T06:08:17.086+0000] {processor.py:743} INFO - Processing file /home/airflow/.local/lib/python3.7/site-packages/airflow/example_dags/example_dag_decorator.py for tasks to queue
[2023-03-03T06:08:17.087+0000] {logging_mixin.py:137} INFO - [2023-03-03T06:08:17.087+0000] {dagbag.py:538} INFO - Filling up the DagBag from /home/airflow/.local/lib/python3.7/site-packages/airflow/example_dags/example_dag_decorator.py
[2023-03-03T06:08:17.103+0000] {logging_mixin.py:137} INFO - [2023-03-03T06:08:17.103+0000] {taskmixin.py:205} WARNING - Dependency <Task(_PythonDecoratedOperator): prepare_email>, send_email already registered for DAG: example_dag_decorator
[2023-03-03T06:08:17.104+0000] {logging_mixin.py:137} INFO - [2023-03-03T06:08:17.104+0000] {taskmixin.py:205} WARNING - Dependency <Task(EmailOperator): send_email>, prepare_email already registered for DAG: example_dag_decorator
[2023-03-03T06:08:17.118+0000] {processor.py:753} INFO - DAG(s) dict_keys(['example_dag_decorator']) retrieved from /home/airflow/.local/lib/python3.7/site-packages/airflow/example_dags/example_dag_decorator.py
[2023-03-03T06:08:17.223+0000] {logging_mixin.py:137} INFO - [2023-03-03T06:08:17.223+0000] {dag.py:2690} INFO - Sync 1 DAGs
[2023-03-03T06:08:17.240+0000] {logging_mixin.py:137} INFO - [2023-03-03T06:08:17.240+0000] {dag.py:3441} INFO - Setting next_dagrun for example_dag_decorator to None, run_after=None
[2023-03-03T06:08:17.255+0000] {processor.py:175} INFO - Processing /home/airflow/.local/lib/python3.7/site-packages/airflow/example_dags/example_dag_decorator.py took 0.175 seconds
[2023-03-03T06:59:15.010+0000] {processor.py:153} INFO - Started process (PID=2686) to work on /home/airflow/.local/lib/python3.7/site-packages/airflow/example_dags/example_dag_decorator.py
[2023-03-03T06:59:15.014+0000] {processor.py:743} INFO - Processing file /home/airflow/.local/lib/python3.7/site-packages/airflow/example_dags/example_dag_decorator.py for tasks to queue
[2023-03-03T06:59:15.017+0000] {logging_mixin.py:137} INFO - [2023-03-03T06:59:15.017+0000] {dagbag.py:538} INFO - Filling up the DagBag from /home/airflow/.local/lib/python3.7/site-packages/airflow/example_dags/example_dag_decorator.py
[2023-03-03T06:59:15.066+0000] {logging_mixin.py:137} INFO - [2023-03-03T06:59:15.066+0000] {taskmixin.py:205} WARNING - Dependency <Task(_PythonDecoratedOperator): prepare_email>, send_email already registered for DAG: example_dag_decorator
[2023-03-03T06:59:15.069+0000] {logging_mixin.py:137} INFO - [2023-03-03T06:59:15.068+0000] {taskmixin.py:205} WARNING - Dependency <Task(EmailOperator): send_email>, prepare_email already registered for DAG: example_dag_decorator
[2023-03-03T06:59:15.126+0000] {processor.py:753} INFO - DAG(s) dict_keys(['example_dag_decorator']) retrieved from /home/airflow/.local/lib/python3.7/site-packages/airflow/example_dags/example_dag_decorator.py
[2023-03-03T06:59:15.280+0000] {logging_mixin.py:137} INFO - [2023-03-03T06:59:15.279+0000] {dag.py:2690} INFO - Sync 1 DAGs
[2023-03-03T06:59:15.368+0000] {logging_mixin.py:137} INFO - [2023-03-03T06:59:15.368+0000] {dag.py:3441} INFO - Setting next_dagrun for example_dag_decorator to None, run_after=None
[2023-03-03T06:59:15.394+0000] {processor.py:175} INFO - Processing /home/airflow/.local/lib/python3.7/site-packages/airflow/example_dags/example_dag_decorator.py took 0.391 seconds
[2023-03-03T08:22:05.235+0000] {processor.py:153} INFO - Started process (PID=2749) to work on /home/airflow/.local/lib/python3.7/site-packages/airflow/example_dags/example_dag_decorator.py
[2023-03-03T08:22:05.241+0000] {processor.py:743} INFO - Processing file /home/airflow/.local/lib/python3.7/site-packages/airflow/example_dags/example_dag_decorator.py for tasks to queue
[2023-03-03T08:22:05.244+0000] {logging_mixin.py:137} INFO - [2023-03-03T08:22:05.244+0000] {dagbag.py:538} INFO - Filling up the DagBag from /home/airflow/.local/lib/python3.7/site-packages/airflow/example_dags/example_dag_decorator.py
[2023-03-03T08:22:05.302+0000] {logging_mixin.py:137} INFO - [2023-03-03T08:22:05.302+0000] {taskmixin.py:205} WARNING - Dependency <Task(_PythonDecoratedOperator): prepare_email>, send_email already registered for DAG: example_dag_decorator
[2023-03-03T08:22:05.319+0000] {logging_mixin.py:137} INFO - [2023-03-03T08:22:05.317+0000] {taskmixin.py:205} WARNING - Dependency <Task(EmailOperator): send_email>, prepare_email already registered for DAG: example_dag_decorator
[2023-03-03T08:22:05.384+0000] {processor.py:753} INFO - DAG(s) dict_keys(['example_dag_decorator']) retrieved from /home/airflow/.local/lib/python3.7/site-packages/airflow/example_dags/example_dag_decorator.py
[2023-03-03T08:22:05.928+0000] {logging_mixin.py:137} INFO - [2023-03-03T08:22:05.926+0000] {dag.py:2690} INFO - Sync 1 DAGs
[2023-03-03T08:22:06.006+0000] {logging_mixin.py:137} INFO - [2023-03-03T08:22:06.006+0000] {dag.py:3441} INFO - Setting next_dagrun for example_dag_decorator to None, run_after=None
[2023-03-03T08:22:06.065+0000] {processor.py:175} INFO - Processing /home/airflow/.local/lib/python3.7/site-packages/airflow/example_dags/example_dag_decorator.py took 0.847 seconds
[2023-03-03T08:57:38.393+0000] {processor.py:153} INFO - Started process (PID=2821) to work on /home/airflow/.local/lib/python3.7/site-packages/airflow/example_dags/example_dag_decorator.py
[2023-03-03T08:57:38.401+0000] {processor.py:743} INFO - Processing file /home/airflow/.local/lib/python3.7/site-packages/airflow/example_dags/example_dag_decorator.py for tasks to queue
[2023-03-03T08:57:38.406+0000] {logging_mixin.py:137} INFO - [2023-03-03T08:57:38.406+0000] {dagbag.py:538} INFO - Filling up the DagBag from /home/airflow/.local/lib/python3.7/site-packages/airflow/example_dags/example_dag_decorator.py
[2023-03-03T08:57:38.519+0000] {logging_mixin.py:137} INFO - [2023-03-03T08:57:38.518+0000] {taskmixin.py:205} WARNING - Dependency <Task(_PythonDecoratedOperator): prepare_email>, send_email already registered for DAG: example_dag_decorator
[2023-03-03T08:57:38.521+0000] {logging_mixin.py:137} INFO - [2023-03-03T08:57:38.521+0000] {taskmixin.py:205} WARNING - Dependency <Task(EmailOperator): send_email>, prepare_email already registered for DAG: example_dag_decorator
[2023-03-03T08:57:38.605+0000] {processor.py:753} INFO - DAG(s) dict_keys(['example_dag_decorator']) retrieved from /home/airflow/.local/lib/python3.7/site-packages/airflow/example_dags/example_dag_decorator.py
[2023-03-03T08:57:38.919+0000] {logging_mixin.py:137} INFO - [2023-03-03T08:57:38.914+0000] {dag.py:2690} INFO - Sync 1 DAGs
[2023-03-03T08:57:39.032+0000] {logging_mixin.py:137} INFO - [2023-03-03T08:57:39.031+0000] {dag.py:3441} INFO - Setting next_dagrun for example_dag_decorator to None, run_after=None
[2023-03-03T08:57:39.147+0000] {processor.py:175} INFO - Processing /home/airflow/.local/lib/python3.7/site-packages/airflow/example_dags/example_dag_decorator.py took 0.785 seconds
[2023-03-03T09:55:34.011+0000] {processor.py:153} INFO - Started process (PID=2887) to work on /home/airflow/.local/lib/python3.7/site-packages/airflow/example_dags/example_dag_decorator.py
[2023-03-03T09:55:34.019+0000] {processor.py:743} INFO - Processing file /home/airflow/.local/lib/python3.7/site-packages/airflow/example_dags/example_dag_decorator.py for tasks to queue
[2023-03-03T09:55:34.022+0000] {logging_mixin.py:137} INFO - [2023-03-03T09:55:34.022+0000] {dagbag.py:538} INFO - Filling up the DagBag from /home/airflow/.local/lib/python3.7/site-packages/airflow/example_dags/example_dag_decorator.py
[2023-03-03T09:55:34.164+0000] {logging_mixin.py:137} INFO - [2023-03-03T09:55:34.164+0000] {taskmixin.py:205} WARNING - Dependency <Task(_PythonDecoratedOperator): prepare_email>, send_email already registered for DAG: example_dag_decorator
[2023-03-03T09:55:34.177+0000] {logging_mixin.py:137} INFO - [2023-03-03T09:55:34.176+0000] {taskmixin.py:205} WARNING - Dependency <Task(EmailOperator): send_email>, prepare_email already registered for DAG: example_dag_decorator
[2023-03-03T09:55:34.234+0000] {processor.py:753} INFO - DAG(s) dict_keys(['example_dag_decorator']) retrieved from /home/airflow/.local/lib/python3.7/site-packages/airflow/example_dags/example_dag_decorator.py
[2023-03-03T09:55:34.638+0000] {logging_mixin.py:137} INFO - [2023-03-03T09:55:34.636+0000] {dag.py:2690} INFO - Sync 1 DAGs
[2023-03-03T09:55:34.792+0000] {logging_mixin.py:137} INFO - [2023-03-03T09:55:34.791+0000] {dag.py:3441} INFO - Setting next_dagrun for example_dag_decorator to None, run_after=None
[2023-03-03T09:55:34.838+0000] {processor.py:175} INFO - Processing /home/airflow/.local/lib/python3.7/site-packages/airflow/example_dags/example_dag_decorator.py took 0.858 seconds
[2023-03-03T10:18:24.828+0000] {processor.py:153} INFO - Started process (PID=2946) to work on /home/airflow/.local/lib/python3.7/site-packages/airflow/example_dags/example_dag_decorator.py
[2023-03-03T10:18:24.841+0000] {processor.py:743} INFO - Processing file /home/airflow/.local/lib/python3.7/site-packages/airflow/example_dags/example_dag_decorator.py for tasks to queue
[2023-03-03T10:18:24.846+0000] {logging_mixin.py:137} INFO - [2023-03-03T10:18:24.845+0000] {dagbag.py:538} INFO - Filling up the DagBag from /home/airflow/.local/lib/python3.7/site-packages/airflow/example_dags/example_dag_decorator.py
[2023-03-03T10:18:24.939+0000] {logging_mixin.py:137} INFO - [2023-03-03T10:18:24.939+0000] {taskmixin.py:205} WARNING - Dependency <Task(_PythonDecoratedOperator): prepare_email>, send_email already registered for DAG: example_dag_decorator
[2023-03-03T10:18:24.948+0000] {logging_mixin.py:137} INFO - [2023-03-03T10:18:24.947+0000] {taskmixin.py:205} WARNING - Dependency <Task(EmailOperator): send_email>, prepare_email already registered for DAG: example_dag_decorator
[2023-03-03T10:18:25.019+0000] {processor.py:753} INFO - DAG(s) dict_keys(['example_dag_decorator']) retrieved from /home/airflow/.local/lib/python3.7/site-packages/airflow/example_dags/example_dag_decorator.py
[2023-03-03T10:18:25.154+0000] {logging_mixin.py:137} INFO - [2023-03-03T10:18:25.154+0000] {dag.py:2690} INFO - Sync 1 DAGs
[2023-03-03T10:18:25.209+0000] {logging_mixin.py:137} INFO - [2023-03-03T10:18:25.209+0000] {dag.py:3441} INFO - Setting next_dagrun for example_dag_decorator to None, run_after=None
[2023-03-03T10:18:25.241+0000] {processor.py:175} INFO - Processing /home/airflow/.local/lib/python3.7/site-packages/airflow/example_dags/example_dag_decorator.py took 0.418 seconds
[2023-03-03T10:57:06.402+0000] {processor.py:153} INFO - Started process (PID=3012) to work on /home/airflow/.local/lib/python3.7/site-packages/airflow/example_dags/example_dag_decorator.py
[2023-03-03T10:57:06.403+0000] {processor.py:743} INFO - Processing file /home/airflow/.local/lib/python3.7/site-packages/airflow/example_dags/example_dag_decorator.py for tasks to queue
[2023-03-03T10:57:06.404+0000] {logging_mixin.py:137} INFO - [2023-03-03T10:57:06.404+0000] {dagbag.py:538} INFO - Filling up the DagBag from /home/airflow/.local/lib/python3.7/site-packages/airflow/example_dags/example_dag_decorator.py
[2023-03-03T10:57:06.419+0000] {logging_mixin.py:137} INFO - [2023-03-03T10:57:06.419+0000] {taskmixin.py:205} WARNING - Dependency <Task(_PythonDecoratedOperator): prepare_email>, send_email already registered for DAG: example_dag_decorator
[2023-03-03T10:57:06.420+0000] {logging_mixin.py:137} INFO - [2023-03-03T10:57:06.420+0000] {taskmixin.py:205} WARNING - Dependency <Task(EmailOperator): send_email>, prepare_email already registered for DAG: example_dag_decorator
[2023-03-03T10:57:06.434+0000] {processor.py:753} INFO - DAG(s) dict_keys(['example_dag_decorator']) retrieved from /home/airflow/.local/lib/python3.7/site-packages/airflow/example_dags/example_dag_decorator.py
[2023-03-03T10:57:06.542+0000] {logging_mixin.py:137} INFO - [2023-03-03T10:57:06.542+0000] {dag.py:2690} INFO - Sync 1 DAGs
[2023-03-03T10:57:06.569+0000] {logging_mixin.py:137} INFO - [2023-03-03T10:57:06.568+0000] {dag.py:3441} INFO - Setting next_dagrun for example_dag_decorator to None, run_after=None
[2023-03-03T10:57:06.618+0000] {processor.py:175} INFO - Processing /home/airflow/.local/lib/python3.7/site-packages/airflow/example_dags/example_dag_decorator.py took 0.220 seconds
[2023-03-03T11:18:58.570+0000] {processor.py:153} INFO - Started process (PID=3062) to work on /home/airflow/.local/lib/python3.7/site-packages/airflow/example_dags/example_dag_decorator.py
[2023-03-03T11:18:58.572+0000] {processor.py:743} INFO - Processing file /home/airflow/.local/lib/python3.7/site-packages/airflow/example_dags/example_dag_decorator.py for tasks to queue
[2023-03-03T11:18:58.573+0000] {logging_mixin.py:137} INFO - [2023-03-03T11:18:58.573+0000] {dagbag.py:538} INFO - Filling up the DagBag from /home/airflow/.local/lib/python3.7/site-packages/airflow/example_dags/example_dag_decorator.py
[2023-03-03T11:18:58.588+0000] {logging_mixin.py:137} INFO - [2023-03-03T11:18:58.588+0000] {taskmixin.py:205} WARNING - Dependency <Task(_PythonDecoratedOperator): prepare_email>, send_email already registered for DAG: example_dag_decorator
[2023-03-03T11:18:58.590+0000] {logging_mixin.py:137} INFO - [2023-03-03T11:18:58.590+0000] {taskmixin.py:205} WARNING - Dependency <Task(EmailOperator): send_email>, prepare_email already registered for DAG: example_dag_decorator
[2023-03-03T11:18:58.621+0000] {processor.py:753} INFO - DAG(s) dict_keys(['example_dag_decorator']) retrieved from /home/airflow/.local/lib/python3.7/site-packages/airflow/example_dags/example_dag_decorator.py
[2023-03-03T11:18:58.701+0000] {logging_mixin.py:137} INFO - [2023-03-03T11:18:58.701+0000] {dag.py:2690} INFO - Sync 1 DAGs
[2023-03-03T11:18:58.719+0000] {logging_mixin.py:137} INFO - [2023-03-03T11:18:58.719+0000] {dag.py:3441} INFO - Setting next_dagrun for example_dag_decorator to None, run_after=None
[2023-03-03T11:18:58.742+0000] {processor.py:175} INFO - Processing /home/airflow/.local/lib/python3.7/site-packages/airflow/example_dags/example_dag_decorator.py took 0.176 seconds
[2023-03-03T11:19:29.320+0000] {processor.py:153} INFO - Started process (PID=3138) to work on /home/airflow/.local/lib/python3.7/site-packages/airflow/example_dags/example_dag_decorator.py
[2023-03-03T11:19:29.321+0000] {processor.py:743} INFO - Processing file /home/airflow/.local/lib/python3.7/site-packages/airflow/example_dags/example_dag_decorator.py for tasks to queue
[2023-03-03T11:19:29.322+0000] {logging_mixin.py:137} INFO - [2023-03-03T11:19:29.322+0000] {dagbag.py:538} INFO - Filling up the DagBag from /home/airflow/.local/lib/python3.7/site-packages/airflow/example_dags/example_dag_decorator.py
[2023-03-03T11:19:29.335+0000] {logging_mixin.py:137} INFO - [2023-03-03T11:19:29.335+0000] {taskmixin.py:205} WARNING - Dependency <Task(_PythonDecoratedOperator): prepare_email>, send_email already registered for DAG: example_dag_decorator
[2023-03-03T11:19:29.337+0000] {logging_mixin.py:137} INFO - [2023-03-03T11:19:29.336+0000] {taskmixin.py:205} WARNING - Dependency <Task(EmailOperator): send_email>, prepare_email already registered for DAG: example_dag_decorator
[2023-03-03T11:19:29.352+0000] {processor.py:753} INFO - DAG(s) dict_keys(['example_dag_decorator']) retrieved from /home/airflow/.local/lib/python3.7/site-packages/airflow/example_dags/example_dag_decorator.py
[2023-03-03T11:19:29.418+0000] {logging_mixin.py:137} INFO - [2023-03-03T11:19:29.418+0000] {dag.py:2690} INFO - Sync 1 DAGs
[2023-03-03T11:19:29.437+0000] {logging_mixin.py:137} INFO - [2023-03-03T11:19:29.437+0000] {dag.py:3441} INFO - Setting next_dagrun for example_dag_decorator to None, run_after=None
[2023-03-03T11:19:29.451+0000] {processor.py:175} INFO - Processing /home/airflow/.local/lib/python3.7/site-packages/airflow/example_dags/example_dag_decorator.py took 0.134 seconds
[2023-03-03T11:19:59.502+0000] {processor.py:153} INFO - Started process (PID=3200) to work on /home/airflow/.local/lib/python3.7/site-packages/airflow/example_dags/example_dag_decorator.py
[2023-03-03T11:19:59.503+0000] {processor.py:743} INFO - Processing file /home/airflow/.local/lib/python3.7/site-packages/airflow/example_dags/example_dag_decorator.py for tasks to queue
[2023-03-03T11:19:59.504+0000] {logging_mixin.py:137} INFO - [2023-03-03T11:19:59.504+0000] {dagbag.py:538} INFO - Filling up the DagBag from /home/airflow/.local/lib/python3.7/site-packages/airflow/example_dags/example_dag_decorator.py
[2023-03-03T11:19:59.520+0000] {logging_mixin.py:137} INFO - [2023-03-03T11:19:59.519+0000] {taskmixin.py:205} WARNING - Dependency <Task(_PythonDecoratedOperator): prepare_email>, send_email already registered for DAG: example_dag_decorator
[2023-03-03T11:19:59.525+0000] {logging_mixin.py:137} INFO - [2023-03-03T11:19:59.525+0000] {taskmixin.py:205} WARNING - Dependency <Task(EmailOperator): send_email>, prepare_email already registered for DAG: example_dag_decorator
[2023-03-03T11:19:59.537+0000] {processor.py:753} INFO - DAG(s) dict_keys(['example_dag_decorator']) retrieved from /home/airflow/.local/lib/python3.7/site-packages/airflow/example_dags/example_dag_decorator.py
[2023-03-03T11:20:00.059+0000] {logging_mixin.py:137} INFO - [2023-03-03T11:20:00.057+0000] {dag.py:2690} INFO - Sync 1 DAGs
[2023-03-03T11:20:00.097+0000] {logging_mixin.py:137} INFO - [2023-03-03T11:20:00.097+0000] {dag.py:3441} INFO - Setting next_dagrun for example_dag_decorator to None, run_after=None
[2023-03-03T11:20:00.116+0000] {processor.py:175} INFO - Processing /home/airflow/.local/lib/python3.7/site-packages/airflow/example_dags/example_dag_decorator.py took 0.617 seconds
[2023-03-03T11:37:11.042+0000] {processor.py:153} INFO - Started process (PID=3251) to work on /home/airflow/.local/lib/python3.7/site-packages/airflow/example_dags/example_dag_decorator.py
[2023-03-03T11:37:11.048+0000] {processor.py:743} INFO - Processing file /home/airflow/.local/lib/python3.7/site-packages/airflow/example_dags/example_dag_decorator.py for tasks to queue
[2023-03-03T11:37:11.049+0000] {logging_mixin.py:137} INFO - [2023-03-03T11:37:11.048+0000] {dagbag.py:538} INFO - Filling up the DagBag from /home/airflow/.local/lib/python3.7/site-packages/airflow/example_dags/example_dag_decorator.py
[2023-03-03T11:37:11.066+0000] {logging_mixin.py:137} INFO - [2023-03-03T11:37:11.066+0000] {taskmixin.py:205} WARNING - Dependency <Task(_PythonDecoratedOperator): prepare_email>, send_email already registered for DAG: example_dag_decorator
[2023-03-03T11:37:11.070+0000] {logging_mixin.py:137} INFO - [2023-03-03T11:37:11.070+0000] {taskmixin.py:205} WARNING - Dependency <Task(EmailOperator): send_email>, prepare_email already registered for DAG: example_dag_decorator
[2023-03-03T11:37:11.092+0000] {processor.py:753} INFO - DAG(s) dict_keys(['example_dag_decorator']) retrieved from /home/airflow/.local/lib/python3.7/site-packages/airflow/example_dags/example_dag_decorator.py
[2023-03-03T11:37:11.175+0000] {logging_mixin.py:137} INFO - [2023-03-03T11:37:11.174+0000] {dag.py:2690} INFO - Sync 1 DAGs
[2023-03-03T11:37:11.197+0000] {logging_mixin.py:137} INFO - [2023-03-03T11:37:11.197+0000] {dag.py:3441} INFO - Setting next_dagrun for example_dag_decorator to None, run_after=None
[2023-03-03T11:37:11.224+0000] {processor.py:175} INFO - Processing /home/airflow/.local/lib/python3.7/site-packages/airflow/example_dags/example_dag_decorator.py took 0.185 seconds
[2023-03-03T11:37:42.128+0000] {processor.py:153} INFO - Started process (PID=3326) to work on /home/airflow/.local/lib/python3.7/site-packages/airflow/example_dags/example_dag_decorator.py
[2023-03-03T11:37:42.130+0000] {processor.py:743} INFO - Processing file /home/airflow/.local/lib/python3.7/site-packages/airflow/example_dags/example_dag_decorator.py for tasks to queue
[2023-03-03T11:37:42.131+0000] {logging_mixin.py:137} INFO - [2023-03-03T11:37:42.130+0000] {dagbag.py:538} INFO - Filling up the DagBag from /home/airflow/.local/lib/python3.7/site-packages/airflow/example_dags/example_dag_decorator.py
[2023-03-03T11:37:42.144+0000] {logging_mixin.py:137} INFO - [2023-03-03T11:37:42.144+0000] {taskmixin.py:205} WARNING - Dependency <Task(_PythonDecoratedOperator): prepare_email>, send_email already registered for DAG: example_dag_decorator
[2023-03-03T11:37:42.146+0000] {logging_mixin.py:137} INFO - [2023-03-03T11:37:42.145+0000] {taskmixin.py:205} WARNING - Dependency <Task(EmailOperator): send_email>, prepare_email already registered for DAG: example_dag_decorator
[2023-03-03T11:37:42.163+0000] {processor.py:753} INFO - DAG(s) dict_keys(['example_dag_decorator']) retrieved from /home/airflow/.local/lib/python3.7/site-packages/airflow/example_dags/example_dag_decorator.py
[2023-03-03T11:37:42.250+0000] {logging_mixin.py:137} INFO - [2023-03-03T11:37:42.250+0000] {dag.py:2690} INFO - Sync 1 DAGs
[2023-03-03T11:37:42.280+0000] {logging_mixin.py:137} INFO - [2023-03-03T11:37:42.280+0000] {dag.py:3441} INFO - Setting next_dagrun for example_dag_decorator to None, run_after=None
[2023-03-03T11:37:42.303+0000] {processor.py:175} INFO - Processing /home/airflow/.local/lib/python3.7/site-packages/airflow/example_dags/example_dag_decorator.py took 0.178 seconds
[2023-03-03T11:38:12.371+0000] {processor.py:153} INFO - Started process (PID=3389) to work on /home/airflow/.local/lib/python3.7/site-packages/airflow/example_dags/example_dag_decorator.py
[2023-03-03T11:38:12.372+0000] {processor.py:743} INFO - Processing file /home/airflow/.local/lib/python3.7/site-packages/airflow/example_dags/example_dag_decorator.py for tasks to queue
[2023-03-03T11:38:12.374+0000] {logging_mixin.py:137} INFO - [2023-03-03T11:38:12.373+0000] {dagbag.py:538} INFO - Filling up the DagBag from /home/airflow/.local/lib/python3.7/site-packages/airflow/example_dags/example_dag_decorator.py
[2023-03-03T11:38:12.385+0000] {logging_mixin.py:137} INFO - [2023-03-03T11:38:12.384+0000] {taskmixin.py:205} WARNING - Dependency <Task(_PythonDecoratedOperator): prepare_email>, send_email already registered for DAG: example_dag_decorator
[2023-03-03T11:38:12.385+0000] {logging_mixin.py:137} INFO - [2023-03-03T11:38:12.385+0000] {taskmixin.py:205} WARNING - Dependency <Task(EmailOperator): send_email>, prepare_email already registered for DAG: example_dag_decorator
[2023-03-03T11:38:12.395+0000] {processor.py:753} INFO - DAG(s) dict_keys(['example_dag_decorator']) retrieved from /home/airflow/.local/lib/python3.7/site-packages/airflow/example_dags/example_dag_decorator.py
[2023-03-03T11:38:12.435+0000] {logging_mixin.py:137} INFO - [2023-03-03T11:38:12.435+0000] {dag.py:2690} INFO - Sync 1 DAGs
[2023-03-03T11:38:12.448+0000] {logging_mixin.py:137} INFO - [2023-03-03T11:38:12.448+0000] {dag.py:3441} INFO - Setting next_dagrun for example_dag_decorator to None, run_after=None
[2023-03-03T11:38:12.458+0000] {processor.py:175} INFO - Processing /home/airflow/.local/lib/python3.7/site-packages/airflow/example_dags/example_dag_decorator.py took 0.090 seconds
[2023-03-03T11:38:42.722+0000] {processor.py:153} INFO - Started process (PID=3464) to work on /home/airflow/.local/lib/python3.7/site-packages/airflow/example_dags/example_dag_decorator.py
[2023-03-03T11:38:42.723+0000] {processor.py:743} INFO - Processing file /home/airflow/.local/lib/python3.7/site-packages/airflow/example_dags/example_dag_decorator.py for tasks to queue
[2023-03-03T11:38:42.724+0000] {logging_mixin.py:137} INFO - [2023-03-03T11:38:42.724+0000] {dagbag.py:538} INFO - Filling up the DagBag from /home/airflow/.local/lib/python3.7/site-packages/airflow/example_dags/example_dag_decorator.py
[2023-03-03T11:38:42.743+0000] {logging_mixin.py:137} INFO - [2023-03-03T11:38:42.743+0000] {taskmixin.py:205} WARNING - Dependency <Task(_PythonDecoratedOperator): prepare_email>, send_email already registered for DAG: example_dag_decorator
[2023-03-03T11:38:42.744+0000] {logging_mixin.py:137} INFO - [2023-03-03T11:38:42.744+0000] {taskmixin.py:205} WARNING - Dependency <Task(EmailOperator): send_email>, prepare_email already registered for DAG: example_dag_decorator
[2023-03-03T11:38:42.755+0000] {processor.py:753} INFO - DAG(s) dict_keys(['example_dag_decorator']) retrieved from /home/airflow/.local/lib/python3.7/site-packages/airflow/example_dags/example_dag_decorator.py
[2023-03-03T11:38:42.806+0000] {logging_mixin.py:137} INFO - [2023-03-03T11:38:42.806+0000] {dag.py:2690} INFO - Sync 1 DAGs
[2023-03-03T11:38:42.820+0000] {logging_mixin.py:137} INFO - [2023-03-03T11:38:42.819+0000] {dag.py:3441} INFO - Setting next_dagrun for example_dag_decorator to None, run_after=None
[2023-03-03T11:38:42.831+0000] {processor.py:175} INFO - Processing /home/airflow/.local/lib/python3.7/site-packages/airflow/example_dags/example_dag_decorator.py took 0.113 seconds
[2023-03-03T11:39:12.932+0000] {processor.py:153} INFO - Started process (PID=3527) to work on /home/airflow/.local/lib/python3.7/site-packages/airflow/example_dags/example_dag_decorator.py
[2023-03-03T11:39:12.933+0000] {processor.py:743} INFO - Processing file /home/airflow/.local/lib/python3.7/site-packages/airflow/example_dags/example_dag_decorator.py for tasks to queue
[2023-03-03T11:39:12.934+0000] {logging_mixin.py:137} INFO - [2023-03-03T11:39:12.934+0000] {dagbag.py:538} INFO - Filling up the DagBag from /home/airflow/.local/lib/python3.7/site-packages/airflow/example_dags/example_dag_decorator.py
[2023-03-03T11:39:12.947+0000] {logging_mixin.py:137} INFO - [2023-03-03T11:39:12.947+0000] {taskmixin.py:205} WARNING - Dependency <Task(_PythonDecoratedOperator): prepare_email>, send_email already registered for DAG: example_dag_decorator
[2023-03-03T11:39:12.947+0000] {logging_mixin.py:137} INFO - [2023-03-03T11:39:12.947+0000] {taskmixin.py:205} WARNING - Dependency <Task(EmailOperator): send_email>, prepare_email already registered for DAG: example_dag_decorator
[2023-03-03T11:39:12.970+0000] {processor.py:753} INFO - DAG(s) dict_keys(['example_dag_decorator']) retrieved from /home/airflow/.local/lib/python3.7/site-packages/airflow/example_dags/example_dag_decorator.py
[2023-03-03T11:39:13.037+0000] {logging_mixin.py:137} INFO - [2023-03-03T11:39:13.036+0000] {dag.py:2690} INFO - Sync 1 DAGs
[2023-03-03T11:39:13.064+0000] {logging_mixin.py:137} INFO - [2023-03-03T11:39:13.064+0000] {dag.py:3441} INFO - Setting next_dagrun for example_dag_decorator to None, run_after=None
[2023-03-03T11:39:13.086+0000] {processor.py:175} INFO - Processing /home/airflow/.local/lib/python3.7/site-packages/airflow/example_dags/example_dag_decorator.py took 0.157 seconds
[2023-03-03T11:39:43.867+0000] {processor.py:153} INFO - Started process (PID=3603) to work on /home/airflow/.local/lib/python3.7/site-packages/airflow/example_dags/example_dag_decorator.py
[2023-03-03T11:39:43.870+0000] {processor.py:743} INFO - Processing file /home/airflow/.local/lib/python3.7/site-packages/airflow/example_dags/example_dag_decorator.py for tasks to queue
[2023-03-03T11:39:43.872+0000] {logging_mixin.py:137} INFO - [2023-03-03T11:39:43.871+0000] {dagbag.py:538} INFO - Filling up the DagBag from /home/airflow/.local/lib/python3.7/site-packages/airflow/example_dags/example_dag_decorator.py
[2023-03-03T11:39:43.893+0000] {logging_mixin.py:137} INFO - [2023-03-03T11:39:43.892+0000] {taskmixin.py:205} WARNING - Dependency <Task(_PythonDecoratedOperator): prepare_email>, send_email already registered for DAG: example_dag_decorator
[2023-03-03T11:39:43.895+0000] {logging_mixin.py:137} INFO - [2023-03-03T11:39:43.894+0000] {taskmixin.py:205} WARNING - Dependency <Task(EmailOperator): send_email>, prepare_email already registered for DAG: example_dag_decorator
[2023-03-03T11:39:43.921+0000] {processor.py:753} INFO - DAG(s) dict_keys(['example_dag_decorator']) retrieved from /home/airflow/.local/lib/python3.7/site-packages/airflow/example_dags/example_dag_decorator.py
[2023-03-03T11:39:43.999+0000] {logging_mixin.py:137} INFO - [2023-03-03T11:39:43.999+0000] {dag.py:2690} INFO - Sync 1 DAGs
[2023-03-03T11:39:44.019+0000] {logging_mixin.py:137} INFO - [2023-03-03T11:39:44.019+0000] {dag.py:3441} INFO - Setting next_dagrun for example_dag_decorator to None, run_after=None
[2023-03-03T11:39:44.042+0000] {processor.py:175} INFO - Processing /home/airflow/.local/lib/python3.7/site-packages/airflow/example_dags/example_dag_decorator.py took 0.179 seconds
[2023-03-03T11:55:23.850+0000] {processor.py:153} INFO - Started process (PID=3665) to work on /home/airflow/.local/lib/python3.7/site-packages/airflow/example_dags/example_dag_decorator.py
[2023-03-03T11:55:23.853+0000] {processor.py:743} INFO - Processing file /home/airflow/.local/lib/python3.7/site-packages/airflow/example_dags/example_dag_decorator.py for tasks to queue
[2023-03-03T11:55:23.857+0000] {logging_mixin.py:137} INFO - [2023-03-03T11:55:23.857+0000] {dagbag.py:538} INFO - Filling up the DagBag from /home/airflow/.local/lib/python3.7/site-packages/airflow/example_dags/example_dag_decorator.py
[2023-03-03T11:55:23.880+0000] {logging_mixin.py:137} INFO - [2023-03-03T11:55:23.880+0000] {taskmixin.py:205} WARNING - Dependency <Task(_PythonDecoratedOperator): prepare_email>, send_email already registered for DAG: example_dag_decorator
[2023-03-03T11:55:23.881+0000] {logging_mixin.py:137} INFO - [2023-03-03T11:55:23.881+0000] {taskmixin.py:205} WARNING - Dependency <Task(EmailOperator): send_email>, prepare_email already registered for DAG: example_dag_decorator
[2023-03-03T11:55:23.895+0000] {processor.py:753} INFO - DAG(s) dict_keys(['example_dag_decorator']) retrieved from /home/airflow/.local/lib/python3.7/site-packages/airflow/example_dags/example_dag_decorator.py
[2023-03-03T11:55:24.000+0000] {logging_mixin.py:137} INFO - [2023-03-03T11:55:24.000+0000] {dag.py:2690} INFO - Sync 1 DAGs
[2023-03-03T11:55:24.029+0000] {logging_mixin.py:137} INFO - [2023-03-03T11:55:24.029+0000] {dag.py:3441} INFO - Setting next_dagrun for example_dag_decorator to None, run_after=None
[2023-03-03T11:55:24.046+0000] {processor.py:175} INFO - Processing /home/airflow/.local/lib/python3.7/site-packages/airflow/example_dags/example_dag_decorator.py took 0.204 seconds
[2023-03-03T12:52:42.207+0000] {processor.py:153} INFO - Started process (PID=3727) to work on /home/airflow/.local/lib/python3.7/site-packages/airflow/example_dags/example_dag_decorator.py
[2023-03-03T12:52:42.209+0000] {processor.py:743} INFO - Processing file /home/airflow/.local/lib/python3.7/site-packages/airflow/example_dags/example_dag_decorator.py for tasks to queue
[2023-03-03T12:52:42.210+0000] {logging_mixin.py:137} INFO - [2023-03-03T12:52:42.210+0000] {dagbag.py:538} INFO - Filling up the DagBag from /home/airflow/.local/lib/python3.7/site-packages/airflow/example_dags/example_dag_decorator.py
[2023-03-03T12:52:42.230+0000] {logging_mixin.py:137} INFO - [2023-03-03T12:52:42.230+0000] {taskmixin.py:205} WARNING - Dependency <Task(_PythonDecoratedOperator): prepare_email>, send_email already registered for DAG: example_dag_decorator
[2023-03-03T12:52:42.231+0000] {logging_mixin.py:137} INFO - [2023-03-03T12:52:42.231+0000] {taskmixin.py:205} WARNING - Dependency <Task(EmailOperator): send_email>, prepare_email already registered for DAG: example_dag_decorator
[2023-03-03T12:52:42.245+0000] {processor.py:753} INFO - DAG(s) dict_keys(['example_dag_decorator']) retrieved from /home/airflow/.local/lib/python3.7/site-packages/airflow/example_dags/example_dag_decorator.py
[2023-03-03T12:52:42.316+0000] {logging_mixin.py:137} INFO - [2023-03-03T12:52:42.316+0000] {dag.py:2690} INFO - Sync 1 DAGs
[2023-03-03T12:52:42.332+0000] {logging_mixin.py:137} INFO - [2023-03-03T12:52:42.332+0000] {dag.py:3441} INFO - Setting next_dagrun for example_dag_decorator to None, run_after=None
[2023-03-03T12:52:42.345+0000] {processor.py:175} INFO - Processing /home/airflow/.local/lib/python3.7/site-packages/airflow/example_dags/example_dag_decorator.py took 0.146 seconds
[2023-03-03T14:00:47.024+0000] {processor.py:153} INFO - Started process (PID=3797) to work on /home/airflow/.local/lib/python3.7/site-packages/airflow/example_dags/example_dag_decorator.py
[2023-03-03T14:00:47.031+0000] {processor.py:743} INFO - Processing file /home/airflow/.local/lib/python3.7/site-packages/airflow/example_dags/example_dag_decorator.py for tasks to queue
[2023-03-03T14:00:47.053+0000] {logging_mixin.py:137} INFO - [2023-03-03T14:00:47.052+0000] {dagbag.py:538} INFO - Filling up the DagBag from /home/airflow/.local/lib/python3.7/site-packages/airflow/example_dags/example_dag_decorator.py
[2023-03-03T14:00:47.250+0000] {logging_mixin.py:137} INFO - [2023-03-03T14:00:47.236+0000] {taskmixin.py:205} WARNING - Dependency <Task(_PythonDecoratedOperator): prepare_email>, send_email already registered for DAG: example_dag_decorator
[2023-03-03T14:00:47.253+0000] {logging_mixin.py:137} INFO - [2023-03-03T14:00:47.253+0000] {taskmixin.py:205} WARNING - Dependency <Task(EmailOperator): send_email>, prepare_email already registered for DAG: example_dag_decorator
[2023-03-03T14:00:47.583+0000] {processor.py:753} INFO - DAG(s) dict_keys(['example_dag_decorator']) retrieved from /home/airflow/.local/lib/python3.7/site-packages/airflow/example_dags/example_dag_decorator.py
[2023-03-03T14:00:48.043+0000] {logging_mixin.py:137} INFO - [2023-03-03T14:00:48.040+0000] {dag.py:2690} INFO - Sync 1 DAGs
[2023-03-03T14:00:48.165+0000] {logging_mixin.py:137} INFO - [2023-03-03T14:00:48.164+0000] {dag.py:3441} INFO - Setting next_dagrun for example_dag_decorator to None, run_after=None
[2023-03-03T14:00:48.494+0000] {processor.py:175} INFO - Processing /home/airflow/.local/lib/python3.7/site-packages/airflow/example_dags/example_dag_decorator.py took 1.476 seconds
[2023-03-03T14:44:30.247+0000] {processor.py:153} INFO - Started process (PID=3853) to work on /home/airflow/.local/lib/python3.7/site-packages/airflow/example_dags/example_dag_decorator.py
[2023-03-03T14:44:30.250+0000] {processor.py:743} INFO - Processing file /home/airflow/.local/lib/python3.7/site-packages/airflow/example_dags/example_dag_decorator.py for tasks to queue
[2023-03-03T14:44:30.255+0000] {logging_mixin.py:137} INFO - [2023-03-03T14:44:30.254+0000] {dagbag.py:538} INFO - Filling up the DagBag from /home/airflow/.local/lib/python3.7/site-packages/airflow/example_dags/example_dag_decorator.py
[2023-03-03T14:44:30.298+0000] {logging_mixin.py:137} INFO - [2023-03-03T14:44:30.298+0000] {taskmixin.py:205} WARNING - Dependency <Task(_PythonDecoratedOperator): prepare_email>, send_email already registered for DAG: example_dag_decorator
[2023-03-03T14:44:30.300+0000] {logging_mixin.py:137} INFO - [2023-03-03T14:44:30.300+0000] {taskmixin.py:205} WARNING - Dependency <Task(EmailOperator): send_email>, prepare_email already registered for DAG: example_dag_decorator
[2023-03-03T14:44:30.337+0000] {processor.py:753} INFO - DAG(s) dict_keys(['example_dag_decorator']) retrieved from /home/airflow/.local/lib/python3.7/site-packages/airflow/example_dags/example_dag_decorator.py
[2023-03-03T14:44:30.423+0000] {logging_mixin.py:137} INFO - [2023-03-03T14:44:30.423+0000] {dag.py:2690} INFO - Sync 1 DAGs
[2023-03-03T14:44:30.454+0000] {logging_mixin.py:137} INFO - [2023-03-03T14:44:30.454+0000] {dag.py:3441} INFO - Setting next_dagrun for example_dag_decorator to None, run_after=None
[2023-03-03T14:44:30.477+0000] {processor.py:175} INFO - Processing /home/airflow/.local/lib/python3.7/site-packages/airflow/example_dags/example_dag_decorator.py took 0.235 seconds
[2023-03-03T15:49:31.656+0000] {processor.py:153} INFO - Started process (PID=3913) to work on /home/airflow/.local/lib/python3.7/site-packages/airflow/example_dags/example_dag_decorator.py
[2023-03-03T15:49:31.668+0000] {processor.py:743} INFO - Processing file /home/airflow/.local/lib/python3.7/site-packages/airflow/example_dags/example_dag_decorator.py for tasks to queue
[2023-03-03T15:49:31.670+0000] {logging_mixin.py:137} INFO - [2023-03-03T15:49:31.669+0000] {dagbag.py:538} INFO - Filling up the DagBag from /home/airflow/.local/lib/python3.7/site-packages/airflow/example_dags/example_dag_decorator.py
[2023-03-03T15:49:31.758+0000] {logging_mixin.py:137} INFO - [2023-03-03T15:49:31.757+0000] {taskmixin.py:205} WARNING - Dependency <Task(_PythonDecoratedOperator): prepare_email>, send_email already registered for DAG: example_dag_decorator
[2023-03-03T15:49:31.760+0000] {logging_mixin.py:137} INFO - [2023-03-03T15:49:31.760+0000] {taskmixin.py:205} WARNING - Dependency <Task(EmailOperator): send_email>, prepare_email already registered for DAG: example_dag_decorator
[2023-03-03T15:49:31.863+0000] {processor.py:753} INFO - DAG(s) dict_keys(['example_dag_decorator']) retrieved from /home/airflow/.local/lib/python3.7/site-packages/airflow/example_dags/example_dag_decorator.py
[2023-03-03T15:49:32.118+0000] {logging_mixin.py:137} INFO - [2023-03-03T15:49:32.118+0000] {dag.py:2690} INFO - Sync 1 DAGs
[2023-03-03T15:49:32.161+0000] {logging_mixin.py:137} INFO - [2023-03-03T15:49:32.161+0000] {dag.py:3441} INFO - Setting next_dagrun for example_dag_decorator to None, run_after=None
[2023-03-03T15:49:32.202+0000] {processor.py:175} INFO - Processing /home/airflow/.local/lib/python3.7/site-packages/airflow/example_dags/example_dag_decorator.py took 0.584 seconds
[2023-03-03T16:32:29.961+0000] {processor.py:153} INFO - Started process (PID=3966) to work on /home/airflow/.local/lib/python3.7/site-packages/airflow/example_dags/example_dag_decorator.py
[2023-03-03T16:32:29.968+0000] {processor.py:743} INFO - Processing file /home/airflow/.local/lib/python3.7/site-packages/airflow/example_dags/example_dag_decorator.py for tasks to queue
[2023-03-03T16:32:29.973+0000] {logging_mixin.py:137} INFO - [2023-03-03T16:32:29.973+0000] {dagbag.py:538} INFO - Filling up the DagBag from /home/airflow/.local/lib/python3.7/site-packages/airflow/example_dags/example_dag_decorator.py
[2023-03-03T16:32:30.066+0000] {logging_mixin.py:137} INFO - [2023-03-03T16:32:30.066+0000] {taskmixin.py:205} WARNING - Dependency <Task(_PythonDecoratedOperator): prepare_email>, send_email already registered for DAG: example_dag_decorator
[2023-03-03T16:32:30.072+0000] {logging_mixin.py:137} INFO - [2023-03-03T16:32:30.072+0000] {taskmixin.py:205} WARNING - Dependency <Task(EmailOperator): send_email>, prepare_email already registered for DAG: example_dag_decorator
[2023-03-03T16:32:30.138+0000] {processor.py:753} INFO - DAG(s) dict_keys(['example_dag_decorator']) retrieved from /home/airflow/.local/lib/python3.7/site-packages/airflow/example_dags/example_dag_decorator.py
[2023-03-03T16:32:30.707+0000] {logging_mixin.py:137} INFO - [2023-03-03T16:32:30.697+0000] {dag.py:2690} INFO - Sync 1 DAGs
[2023-03-03T16:32:31.138+0000] {logging_mixin.py:137} INFO - [2023-03-03T16:32:31.136+0000] {dag.py:3441} INFO - Setting next_dagrun for example_dag_decorator to None, run_after=None
[2023-03-03T16:32:31.503+0000] {processor.py:175} INFO - Processing /home/airflow/.local/lib/python3.7/site-packages/airflow/example_dags/example_dag_decorator.py took 1.550 seconds
[2023-03-03T16:34:14.703+0000] {processor.py:153} INFO - Started process (PID=4030) to work on /home/airflow/.local/lib/python3.7/site-packages/airflow/example_dags/example_dag_decorator.py
[2023-03-03T16:34:14.705+0000] {processor.py:743} INFO - Processing file /home/airflow/.local/lib/python3.7/site-packages/airflow/example_dags/example_dag_decorator.py for tasks to queue
[2023-03-03T16:34:14.706+0000] {logging_mixin.py:137} INFO - [2023-03-03T16:34:14.706+0000] {dagbag.py:538} INFO - Filling up the DagBag from /home/airflow/.local/lib/python3.7/site-packages/airflow/example_dags/example_dag_decorator.py
[2023-03-03T16:34:14.723+0000] {logging_mixin.py:137} INFO - [2023-03-03T16:34:14.723+0000] {taskmixin.py:205} WARNING - Dependency <Task(_PythonDecoratedOperator): prepare_email>, send_email already registered for DAG: example_dag_decorator
[2023-03-03T16:34:14.723+0000] {logging_mixin.py:137} INFO - [2023-03-03T16:34:14.723+0000] {taskmixin.py:205} WARNING - Dependency <Task(EmailOperator): send_email>, prepare_email already registered for DAG: example_dag_decorator
[2023-03-03T16:34:14.737+0000] {processor.py:753} INFO - DAG(s) dict_keys(['example_dag_decorator']) retrieved from /home/airflow/.local/lib/python3.7/site-packages/airflow/example_dags/example_dag_decorator.py
[2023-03-03T16:34:14.797+0000] {logging_mixin.py:137} INFO - [2023-03-03T16:34:14.796+0000] {dag.py:2690} INFO - Sync 1 DAGs
[2023-03-03T16:34:14.821+0000] {logging_mixin.py:137} INFO - [2023-03-03T16:34:14.821+0000] {dag.py:3441} INFO - Setting next_dagrun for example_dag_decorator to None, run_after=None
[2023-03-03T16:34:14.835+0000] {processor.py:175} INFO - Processing /home/airflow/.local/lib/python3.7/site-packages/airflow/example_dags/example_dag_decorator.py took 0.135 seconds
[2023-03-03T16:51:19.772+0000] {processor.py:153} INFO - Started process (PID=4103) to work on /home/airflow/.local/lib/python3.7/site-packages/airflow/example_dags/example_dag_decorator.py
[2023-03-03T16:51:19.774+0000] {processor.py:743} INFO - Processing file /home/airflow/.local/lib/python3.7/site-packages/airflow/example_dags/example_dag_decorator.py for tasks to queue
[2023-03-03T16:51:19.775+0000] {logging_mixin.py:137} INFO - [2023-03-03T16:51:19.775+0000] {dagbag.py:538} INFO - Filling up the DagBag from /home/airflow/.local/lib/python3.7/site-packages/airflow/example_dags/example_dag_decorator.py
[2023-03-03T16:51:19.790+0000] {logging_mixin.py:137} INFO - [2023-03-03T16:51:19.790+0000] {taskmixin.py:205} WARNING - Dependency <Task(_PythonDecoratedOperator): prepare_email>, send_email already registered for DAG: example_dag_decorator
[2023-03-03T16:51:19.791+0000] {logging_mixin.py:137} INFO - [2023-03-03T16:51:19.791+0000] {taskmixin.py:205} WARNING - Dependency <Task(EmailOperator): send_email>, prepare_email already registered for DAG: example_dag_decorator
[2023-03-03T16:51:19.802+0000] {processor.py:753} INFO - DAG(s) dict_keys(['example_dag_decorator']) retrieved from /home/airflow/.local/lib/python3.7/site-packages/airflow/example_dags/example_dag_decorator.py
[2023-03-03T16:51:19.889+0000] {logging_mixin.py:137} INFO - [2023-03-03T16:51:19.889+0000] {dag.py:2690} INFO - Sync 1 DAGs
[2023-03-03T16:51:19.930+0000] {logging_mixin.py:137} INFO - [2023-03-03T16:51:19.929+0000] {dag.py:3441} INFO - Setting next_dagrun for example_dag_decorator to None, run_after=None
[2023-03-03T16:51:19.963+0000] {processor.py:175} INFO - Processing /home/airflow/.local/lib/python3.7/site-packages/airflow/example_dags/example_dag_decorator.py took 0.194 seconds
[2023-03-03T17:25:22.260+0000] {processor.py:153} INFO - Started process (PID=4169) to work on /home/airflow/.local/lib/python3.7/site-packages/airflow/example_dags/example_dag_decorator.py
[2023-03-03T17:25:22.262+0000] {processor.py:743} INFO - Processing file /home/airflow/.local/lib/python3.7/site-packages/airflow/example_dags/example_dag_decorator.py for tasks to queue
[2023-03-03T17:25:22.263+0000] {logging_mixin.py:137} INFO - [2023-03-03T17:25:22.263+0000] {dagbag.py:538} INFO - Filling up the DagBag from /home/airflow/.local/lib/python3.7/site-packages/airflow/example_dags/example_dag_decorator.py
[2023-03-03T17:25:22.279+0000] {logging_mixin.py:137} INFO - [2023-03-03T17:25:22.278+0000] {taskmixin.py:205} WARNING - Dependency <Task(_PythonDecoratedOperator): prepare_email>, send_email already registered for DAG: example_dag_decorator
[2023-03-03T17:25:22.279+0000] {logging_mixin.py:137} INFO - [2023-03-03T17:25:22.279+0000] {taskmixin.py:205} WARNING - Dependency <Task(EmailOperator): send_email>, prepare_email already registered for DAG: example_dag_decorator
[2023-03-03T17:25:22.343+0000] {processor.py:753} INFO - DAG(s) dict_keys(['example_dag_decorator']) retrieved from /home/airflow/.local/lib/python3.7/site-packages/airflow/example_dags/example_dag_decorator.py
[2023-03-03T17:25:22.445+0000] {logging_mixin.py:137} INFO - [2023-03-03T17:25:22.445+0000] {dag.py:2690} INFO - Sync 1 DAGs
[2023-03-03T17:25:22.464+0000] {logging_mixin.py:137} INFO - [2023-03-03T17:25:22.464+0000] {dag.py:3441} INFO - Setting next_dagrun for example_dag_decorator to None, run_after=None
[2023-03-03T17:25:22.480+0000] {processor.py:175} INFO - Processing /home/airflow/.local/lib/python3.7/site-packages/airflow/example_dags/example_dag_decorator.py took 0.223 seconds
[2023-03-03T18:12:15.829+0000] {processor.py:153} INFO - Started process (PID=4231) to work on /home/airflow/.local/lib/python3.7/site-packages/airflow/example_dags/example_dag_decorator.py
[2023-03-03T18:12:15.832+0000] {processor.py:743} INFO - Processing file /home/airflow/.local/lib/python3.7/site-packages/airflow/example_dags/example_dag_decorator.py for tasks to queue
[2023-03-03T18:12:15.835+0000] {logging_mixin.py:137} INFO - [2023-03-03T18:12:15.835+0000] {dagbag.py:538} INFO - Filling up the DagBag from /home/airflow/.local/lib/python3.7/site-packages/airflow/example_dags/example_dag_decorator.py
[2023-03-03T18:12:15.878+0000] {logging_mixin.py:137} INFO - [2023-03-03T18:12:15.878+0000] {taskmixin.py:205} WARNING - Dependency <Task(_PythonDecoratedOperator): prepare_email>, send_email already registered for DAG: example_dag_decorator
[2023-03-03T18:12:15.880+0000] {logging_mixin.py:137} INFO - [2023-03-03T18:12:15.880+0000] {taskmixin.py:205} WARNING - Dependency <Task(EmailOperator): send_email>, prepare_email already registered for DAG: example_dag_decorator
[2023-03-03T18:12:15.922+0000] {processor.py:753} INFO - DAG(s) dict_keys(['example_dag_decorator']) retrieved from /home/airflow/.local/lib/python3.7/site-packages/airflow/example_dags/example_dag_decorator.py
[2023-03-03T18:12:16.122+0000] {logging_mixin.py:137} INFO - [2023-03-03T18:12:16.120+0000] {dag.py:2690} INFO - Sync 1 DAGs
[2023-03-03T18:12:16.190+0000] {logging_mixin.py:137} INFO - [2023-03-03T18:12:16.189+0000] {dag.py:3441} INFO - Setting next_dagrun for example_dag_decorator to None, run_after=None
[2023-03-03T18:12:16.233+0000] {processor.py:175} INFO - Processing /home/airflow/.local/lib/python3.7/site-packages/airflow/example_dags/example_dag_decorator.py took 0.411 seconds
[2023-03-03T18:42:05.018+0000] {processor.py:153} INFO - Started process (PID=4304) to work on /home/airflow/.local/lib/python3.7/site-packages/airflow/example_dags/example_dag_decorator.py
[2023-03-03T18:42:05.044+0000] {processor.py:743} INFO - Processing file /home/airflow/.local/lib/python3.7/site-packages/airflow/example_dags/example_dag_decorator.py for tasks to queue
[2023-03-03T18:42:05.055+0000] {logging_mixin.py:137} INFO - [2023-03-03T18:42:05.055+0000] {dagbag.py:538} INFO - Filling up the DagBag from /home/airflow/.local/lib/python3.7/site-packages/airflow/example_dags/example_dag_decorator.py
[2023-03-03T18:42:05.465+0000] {logging_mixin.py:137} INFO - [2023-03-03T18:42:05.464+0000] {taskmixin.py:205} WARNING - Dependency <Task(_PythonDecoratedOperator): prepare_email>, send_email already registered for DAG: example_dag_decorator
[2023-03-03T18:42:05.478+0000] {logging_mixin.py:137} INFO - [2023-03-03T18:42:05.476+0000] {taskmixin.py:205} WARNING - Dependency <Task(EmailOperator): send_email>, prepare_email already registered for DAG: example_dag_decorator
[2023-03-03T18:42:05.672+0000] {processor.py:753} INFO - DAG(s) dict_keys(['example_dag_decorator']) retrieved from /home/airflow/.local/lib/python3.7/site-packages/airflow/example_dags/example_dag_decorator.py
[2023-03-03T18:42:06.947+0000] {logging_mixin.py:137} INFO - [2023-03-03T18:42:06.941+0000] {dag.py:2690} INFO - Sync 1 DAGs
[2023-03-03T18:42:07.902+0000] {logging_mixin.py:137} INFO - [2023-03-03T18:42:07.901+0000] {dag.py:3441} INFO - Setting next_dagrun for example_dag_decorator to None, run_after=None
[2023-03-03T18:42:08.163+0000] {processor.py:175} INFO - Processing /home/airflow/.local/lib/python3.7/site-packages/airflow/example_dags/example_dag_decorator.py took 3.161 seconds
[2023-03-03T18:58:49.644+0000] {processor.py:153} INFO - Started process (PID=4364) to work on /home/airflow/.local/lib/python3.7/site-packages/airflow/example_dags/example_dag_decorator.py
[2023-03-03T18:58:49.647+0000] {processor.py:743} INFO - Processing file /home/airflow/.local/lib/python3.7/site-packages/airflow/example_dags/example_dag_decorator.py for tasks to queue
[2023-03-03T18:58:49.650+0000] {logging_mixin.py:137} INFO - [2023-03-03T18:58:49.649+0000] {dagbag.py:538} INFO - Filling up the DagBag from /home/airflow/.local/lib/python3.7/site-packages/airflow/example_dags/example_dag_decorator.py
[2023-03-03T18:58:49.688+0000] {logging_mixin.py:137} INFO - [2023-03-03T18:58:49.688+0000] {taskmixin.py:205} WARNING - Dependency <Task(_PythonDecoratedOperator): prepare_email>, send_email already registered for DAG: example_dag_decorator
[2023-03-03T18:58:49.691+0000] {logging_mixin.py:137} INFO - [2023-03-03T18:58:49.690+0000] {taskmixin.py:205} WARNING - Dependency <Task(EmailOperator): send_email>, prepare_email already registered for DAG: example_dag_decorator
[2023-03-03T18:58:49.709+0000] {processor.py:753} INFO - DAG(s) dict_keys(['example_dag_decorator']) retrieved from /home/airflow/.local/lib/python3.7/site-packages/airflow/example_dags/example_dag_decorator.py
[2023-03-03T18:58:49.848+0000] {logging_mixin.py:137} INFO - [2023-03-03T18:58:49.848+0000] {dag.py:2690} INFO - Sync 1 DAGs
[2023-03-03T18:58:49.872+0000] {logging_mixin.py:137} INFO - [2023-03-03T18:58:49.872+0000] {dag.py:3441} INFO - Setting next_dagrun for example_dag_decorator to None, run_after=None
[2023-03-03T18:58:49.887+0000] {processor.py:175} INFO - Processing /home/airflow/.local/lib/python3.7/site-packages/airflow/example_dags/example_dag_decorator.py took 0.249 seconds
[2023-03-03T19:43:52.073+0000] {processor.py:153} INFO - Started process (PID=4390) to work on /home/airflow/.local/lib/python3.7/site-packages/airflow/example_dags/example_dag_decorator.py
[2023-03-03T19:43:52.076+0000] {processor.py:743} INFO - Processing file /home/airflow/.local/lib/python3.7/site-packages/airflow/example_dags/example_dag_decorator.py for tasks to queue
[2023-03-03T19:43:52.077+0000] {logging_mixin.py:137} INFO - [2023-03-03T19:43:52.077+0000] {dagbag.py:538} INFO - Filling up the DagBag from /home/airflow/.local/lib/python3.7/site-packages/airflow/example_dags/example_dag_decorator.py
[2023-03-03T19:43:52.117+0000] {logging_mixin.py:137} INFO - [2023-03-03T19:43:52.117+0000] {taskmixin.py:205} WARNING - Dependency <Task(_PythonDecoratedOperator): prepare_email>, send_email already registered for DAG: example_dag_decorator
[2023-03-03T19:43:52.119+0000] {logging_mixin.py:137} INFO - [2023-03-03T19:43:52.118+0000] {taskmixin.py:205} WARNING - Dependency <Task(EmailOperator): send_email>, prepare_email already registered for DAG: example_dag_decorator
[2023-03-03T19:43:52.141+0000] {processor.py:753} INFO - DAG(s) dict_keys(['example_dag_decorator']) retrieved from /home/airflow/.local/lib/python3.7/site-packages/airflow/example_dags/example_dag_decorator.py
[2023-03-03T19:43:52.281+0000] {logging_mixin.py:137} INFO - [2023-03-03T19:43:52.280+0000] {dag.py:2690} INFO - Sync 1 DAGs
[2023-03-03T19:43:52.333+0000] {logging_mixin.py:137} INFO - [2023-03-03T19:43:52.333+0000] {dag.py:3441} INFO - Setting next_dagrun for example_dag_decorator to None, run_after=None
[2023-03-03T19:43:52.371+0000] {processor.py:175} INFO - Processing /home/airflow/.local/lib/python3.7/site-packages/airflow/example_dags/example_dag_decorator.py took 0.303 seconds
[2023-03-03T21:15:45.990+0000] {processor.py:153} INFO - Started process (PID=4462) to work on /home/airflow/.local/lib/python3.7/site-packages/airflow/example_dags/example_dag_decorator.py
[2023-03-03T21:15:45.999+0000] {processor.py:743} INFO - Processing file /home/airflow/.local/lib/python3.7/site-packages/airflow/example_dags/example_dag_decorator.py for tasks to queue
[2023-03-03T21:15:46.002+0000] {logging_mixin.py:137} INFO - [2023-03-03T21:15:46.002+0000] {dagbag.py:538} INFO - Filling up the DagBag from /home/airflow/.local/lib/python3.7/site-packages/airflow/example_dags/example_dag_decorator.py
[2023-03-03T21:15:46.125+0000] {logging_mixin.py:137} INFO - [2023-03-03T21:15:46.124+0000] {taskmixin.py:205} WARNING - Dependency <Task(_PythonDecoratedOperator): prepare_email>, send_email already registered for DAG: example_dag_decorator
[2023-03-03T21:15:46.136+0000] {logging_mixin.py:137} INFO - [2023-03-03T21:15:46.135+0000] {taskmixin.py:205} WARNING - Dependency <Task(EmailOperator): send_email>, prepare_email already registered for DAG: example_dag_decorator
[2023-03-03T21:15:46.222+0000] {processor.py:753} INFO - DAG(s) dict_keys(['example_dag_decorator']) retrieved from /home/airflow/.local/lib/python3.7/site-packages/airflow/example_dags/example_dag_decorator.py
[2023-03-03T21:15:48.763+0000] {logging_mixin.py:137} INFO - [2023-03-03T21:15:48.429+0000] {dag.py:2690} INFO - Sync 1 DAGs
[2023-03-03T21:15:50.959+0000] {logging_mixin.py:137} INFO - [2023-03-03T21:15:50.903+0000] {dag.py:3441} INFO - Setting next_dagrun for example_dag_decorator to None, run_after=None
[2023-03-03T21:15:51.297+0000] {processor.py:175} INFO - Processing /home/airflow/.local/lib/python3.7/site-packages/airflow/example_dags/example_dag_decorator.py took 5.407 seconds
