[2023-03-03T04:51:24.695+0000] {processor.py:153} INFO - Started process (PID=2556) to work on /home/airflow/.local/lib/python3.7/site-packages/airflow/example_dags/example_sla_dag.py
[2023-03-03T04:51:24.696+0000] {processor.py:743} INFO - Processing file /home/airflow/.local/lib/python3.7/site-packages/airflow/example_dags/example_sla_dag.py for tasks to queue
[2023-03-03T04:51:24.697+0000] {logging_mixin.py:137} INFO - [2023-03-03T04:51:24.697+0000] {dagbag.py:538} INFO - Filling up the DagBag from /home/airflow/.local/lib/python3.7/site-packages/airflow/example_dags/example_sla_dag.py
[2023-03-03T04:51:24.733+0000] {processor.py:753} INFO - DAG(s) dict_keys(['example_sla_dag']) retrieved from /home/airflow/.local/lib/python3.7/site-packages/airflow/example_dags/example_sla_dag.py
[2023-03-03T04:51:24.773+0000] {logging_mixin.py:137} INFO - [2023-03-03T04:51:24.773+0000] {dag.py:2690} INFO - Sync 1 DAGs
[2023-03-03T04:51:24.817+0000] {logging_mixin.py:137} INFO - [2023-03-03T04:51:24.817+0000] {dag.py:3441} INFO - Setting next_dagrun for example_sla_dag to 2023-03-03T04:48:00+00:00, run_after=2023-03-03T04:50:00+00:00
[2023-03-03T04:51:24.838+0000] {processor.py:175} INFO - Processing /home/airflow/.local/lib/python3.7/site-packages/airflow/example_dags/example_sla_dag.py took 0.147 seconds
[2023-03-03T06:08:18.756+0000] {processor.py:153} INFO - Started process (PID=2646) to work on /home/airflow/.local/lib/python3.7/site-packages/airflow/example_dags/example_sla_dag.py
[2023-03-03T06:08:18.758+0000] {processor.py:743} INFO - Processing file /home/airflow/.local/lib/python3.7/site-packages/airflow/example_dags/example_sla_dag.py for tasks to queue
[2023-03-03T06:08:18.758+0000] {logging_mixin.py:137} INFO - [2023-03-03T06:08:18.758+0000] {dagbag.py:538} INFO - Filling up the DagBag from /home/airflow/.local/lib/python3.7/site-packages/airflow/example_dags/example_sla_dag.py
[2023-03-03T06:08:18.777+0000] {processor.py:753} INFO - DAG(s) dict_keys(['example_sla_dag']) retrieved from /home/airflow/.local/lib/python3.7/site-packages/airflow/example_dags/example_sla_dag.py
[2023-03-03T06:08:18.797+0000] {logging_mixin.py:137} INFO - [2023-03-03T06:08:18.797+0000] {dag.py:2690} INFO - Sync 1 DAGs
[2023-03-03T06:08:18.823+0000] {logging_mixin.py:137} INFO - [2023-03-03T06:08:18.823+0000] {dag.py:3441} INFO - Setting next_dagrun for example_sla_dag to 2023-03-03T06:06:00+00:00, run_after=2023-03-03T06:08:00+00:00
[2023-03-03T06:08:18.847+0000] {processor.py:175} INFO - Processing /home/airflow/.local/lib/python3.7/site-packages/airflow/example_dags/example_sla_dag.py took 0.094 seconds
[2023-03-03T06:59:18.812+0000] {processor.py:153} INFO - Started process (PID=2710) to work on /home/airflow/.local/lib/python3.7/site-packages/airflow/example_dags/example_sla_dag.py
[2023-03-03T06:59:18.814+0000] {processor.py:743} INFO - Processing file /home/airflow/.local/lib/python3.7/site-packages/airflow/example_dags/example_sla_dag.py for tasks to queue
[2023-03-03T06:59:18.815+0000] {logging_mixin.py:137} INFO - [2023-03-03T06:59:18.815+0000] {dagbag.py:538} INFO - Filling up the DagBag from /home/airflow/.local/lib/python3.7/site-packages/airflow/example_dags/example_sla_dag.py
[2023-03-03T06:59:18.847+0000] {processor.py:753} INFO - DAG(s) dict_keys(['example_sla_dag']) retrieved from /home/airflow/.local/lib/python3.7/site-packages/airflow/example_dags/example_sla_dag.py
[2023-03-03T06:59:18.882+0000] {logging_mixin.py:137} INFO - [2023-03-03T06:59:18.882+0000] {dag.py:2690} INFO - Sync 1 DAGs
[2023-03-03T06:59:18.909+0000] {logging_mixin.py:137} INFO - [2023-03-03T06:59:18.909+0000] {dag.py:3441} INFO - Setting next_dagrun for example_sla_dag to 2023-03-03T06:56:00+00:00, run_after=2023-03-03T06:58:00+00:00
[2023-03-03T06:59:18.933+0000] {processor.py:175} INFO - Processing /home/airflow/.local/lib/python3.7/site-packages/airflow/example_dags/example_sla_dag.py took 0.124 seconds
[2023-03-03T08:22:08.677+0000] {processor.py:153} INFO - Started process (PID=2773) to work on /home/airflow/.local/lib/python3.7/site-packages/airflow/example_dags/example_sla_dag.py
[2023-03-03T08:22:08.679+0000] {processor.py:743} INFO - Processing file /home/airflow/.local/lib/python3.7/site-packages/airflow/example_dags/example_sla_dag.py for tasks to queue
[2023-03-03T08:22:08.680+0000] {logging_mixin.py:137} INFO - [2023-03-03T08:22:08.680+0000] {dagbag.py:538} INFO - Filling up the DagBag from /home/airflow/.local/lib/python3.7/site-packages/airflow/example_dags/example_sla_dag.py
[2023-03-03T08:22:08.699+0000] {processor.py:753} INFO - DAG(s) dict_keys(['example_sla_dag']) retrieved from /home/airflow/.local/lib/python3.7/site-packages/airflow/example_dags/example_sla_dag.py
[2023-03-03T08:22:08.722+0000] {logging_mixin.py:137} INFO - [2023-03-03T08:22:08.722+0000] {dag.py:2690} INFO - Sync 1 DAGs
[2023-03-03T08:22:08.750+0000] {logging_mixin.py:137} INFO - [2023-03-03T08:22:08.750+0000] {dag.py:3441} INFO - Setting next_dagrun for example_sla_dag to 2023-03-03T08:20:00+00:00, run_after=2023-03-03T08:22:00+00:00
[2023-03-03T08:22:08.766+0000] {processor.py:175} INFO - Processing /home/airflow/.local/lib/python3.7/site-packages/airflow/example_dags/example_sla_dag.py took 0.092 seconds
[2023-03-03T08:57:43.868+0000] {processor.py:153} INFO - Started process (PID=2848) to work on /home/airflow/.local/lib/python3.7/site-packages/airflow/example_dags/example_sla_dag.py
[2023-03-03T08:57:43.870+0000] {processor.py:743} INFO - Processing file /home/airflow/.local/lib/python3.7/site-packages/airflow/example_dags/example_sla_dag.py for tasks to queue
[2023-03-03T08:57:43.871+0000] {logging_mixin.py:137} INFO - [2023-03-03T08:57:43.871+0000] {dagbag.py:538} INFO - Filling up the DagBag from /home/airflow/.local/lib/python3.7/site-packages/airflow/example_dags/example_sla_dag.py
[2023-03-03T08:57:43.890+0000] {processor.py:753} INFO - DAG(s) dict_keys(['example_sla_dag']) retrieved from /home/airflow/.local/lib/python3.7/site-packages/airflow/example_dags/example_sla_dag.py
[2023-03-03T08:57:43.916+0000] {logging_mixin.py:137} INFO - [2023-03-03T08:57:43.916+0000] {dag.py:2690} INFO - Sync 1 DAGs
[2023-03-03T08:57:43.943+0000] {logging_mixin.py:137} INFO - [2023-03-03T08:57:43.943+0000] {dag.py:3441} INFO - Setting next_dagrun for example_sla_dag to 2023-03-03T08:54:00+00:00, run_after=2023-03-03T08:56:00+00:00
[2023-03-03T08:57:43.956+0000] {processor.py:175} INFO - Processing /home/airflow/.local/lib/python3.7/site-packages/airflow/example_dags/example_sla_dag.py took 0.091 seconds
[2023-03-03T09:55:37.997+0000] {processor.py:153} INFO - Started process (PID=2911) to work on /home/airflow/.local/lib/python3.7/site-packages/airflow/example_dags/example_sla_dag.py
[2023-03-03T09:55:37.999+0000] {processor.py:743} INFO - Processing file /home/airflow/.local/lib/python3.7/site-packages/airflow/example_dags/example_sla_dag.py for tasks to queue
[2023-03-03T09:55:38.000+0000] {logging_mixin.py:137} INFO - [2023-03-03T09:55:38.000+0000] {dagbag.py:538} INFO - Filling up the DagBag from /home/airflow/.local/lib/python3.7/site-packages/airflow/example_dags/example_sla_dag.py
[2023-03-03T09:55:38.020+0000] {processor.py:753} INFO - DAG(s) dict_keys(['example_sla_dag']) retrieved from /home/airflow/.local/lib/python3.7/site-packages/airflow/example_dags/example_sla_dag.py
[2023-03-03T09:55:38.040+0000] {logging_mixin.py:137} INFO - [2023-03-03T09:55:38.040+0000] {dag.py:2690} INFO - Sync 1 DAGs
[2023-03-03T09:55:38.059+0000] {logging_mixin.py:137} INFO - [2023-03-03T09:55:38.059+0000] {dag.py:3441} INFO - Setting next_dagrun for example_sla_dag to 2023-03-03T09:52:00+00:00, run_after=2023-03-03T09:54:00+00:00
[2023-03-03T09:55:38.071+0000] {processor.py:175} INFO - Processing /home/airflow/.local/lib/python3.7/site-packages/airflow/example_dags/example_sla_dag.py took 0.078 seconds
[2023-03-03T10:18:28.562+0000] {processor.py:153} INFO - Started process (PID=2973) to work on /home/airflow/.local/lib/python3.7/site-packages/airflow/example_dags/example_sla_dag.py
[2023-03-03T10:18:28.600+0000] {processor.py:743} INFO - Processing file /home/airflow/.local/lib/python3.7/site-packages/airflow/example_dags/example_sla_dag.py for tasks to queue
[2023-03-03T10:18:28.621+0000] {logging_mixin.py:137} INFO - [2023-03-03T10:18:28.621+0000] {dagbag.py:538} INFO - Filling up the DagBag from /home/airflow/.local/lib/python3.7/site-packages/airflow/example_dags/example_sla_dag.py
[2023-03-03T10:18:28.759+0000] {processor.py:753} INFO - DAG(s) dict_keys(['example_sla_dag']) retrieved from /home/airflow/.local/lib/python3.7/site-packages/airflow/example_dags/example_sla_dag.py
[2023-03-03T10:18:28.972+0000] {logging_mixin.py:137} INFO - [2023-03-03T10:18:28.967+0000] {dag.py:2690} INFO - Sync 1 DAGs
[2023-03-03T10:18:29.146+0000] {logging_mixin.py:137} INFO - [2023-03-03T10:18:29.146+0000] {dag.py:3441} INFO - Setting next_dagrun for example_sla_dag to 2023-03-03T10:16:00+00:00, run_after=2023-03-03T10:18:00+00:00
[2023-03-03T10:18:29.223+0000] {processor.py:175} INFO - Processing /home/airflow/.local/lib/python3.7/site-packages/airflow/example_dags/example_sla_dag.py took 0.667 seconds
[2023-03-03T11:18:55.459+0000] {processor.py:153} INFO - Started process (PID=3047) to work on /home/airflow/.local/lib/python3.7/site-packages/airflow/example_dags/example_sla_dag.py
[2023-03-03T11:18:55.464+0000] {processor.py:743} INFO - Processing file /home/airflow/.local/lib/python3.7/site-packages/airflow/example_dags/example_sla_dag.py for tasks to queue
[2023-03-03T11:18:55.467+0000] {logging_mixin.py:137} INFO - [2023-03-03T11:18:55.467+0000] {dagbag.py:538} INFO - Filling up the DagBag from /home/airflow/.local/lib/python3.7/site-packages/airflow/example_dags/example_sla_dag.py
[2023-03-03T11:18:55.543+0000] {processor.py:753} INFO - DAG(s) dict_keys(['example_sla_dag']) retrieved from /home/airflow/.local/lib/python3.7/site-packages/airflow/example_dags/example_sla_dag.py
[2023-03-03T11:18:55.648+0000] {logging_mixin.py:137} INFO - [2023-03-03T11:18:55.648+0000] {dag.py:2690} INFO - Sync 1 DAGs
[2023-03-03T11:18:55.740+0000] {logging_mixin.py:137} INFO - [2023-03-03T11:18:55.740+0000] {dag.py:3441} INFO - Setting next_dagrun for example_sla_dag to 2023-03-03T11:16:00+00:00, run_after=2023-03-03T11:18:00+00:00
[2023-03-03T11:18:55.775+0000] {processor.py:175} INFO - Processing /home/airflow/.local/lib/python3.7/site-packages/airflow/example_dags/example_sla_dag.py took 0.325 seconds
[2023-03-03T11:19:25.930+0000] {processor.py:153} INFO - Started process (PID=3118) to work on /home/airflow/.local/lib/python3.7/site-packages/airflow/example_dags/example_sla_dag.py
[2023-03-03T11:19:25.932+0000] {processor.py:743} INFO - Processing file /home/airflow/.local/lib/python3.7/site-packages/airflow/example_dags/example_sla_dag.py for tasks to queue
[2023-03-03T11:19:25.934+0000] {logging_mixin.py:137} INFO - [2023-03-03T11:19:25.934+0000] {dagbag.py:538} INFO - Filling up the DagBag from /home/airflow/.local/lib/python3.7/site-packages/airflow/example_dags/example_sla_dag.py
[2023-03-03T11:19:25.954+0000] {processor.py:753} INFO - DAG(s) dict_keys(['example_sla_dag']) retrieved from /home/airflow/.local/lib/python3.7/site-packages/airflow/example_dags/example_sla_dag.py
[2023-03-03T11:19:25.986+0000] {logging_mixin.py:137} INFO - [2023-03-03T11:19:25.986+0000] {dag.py:2690} INFO - Sync 1 DAGs
[2023-03-03T11:19:26.030+0000] {logging_mixin.py:137} INFO - [2023-03-03T11:19:26.029+0000] {dag.py:3441} INFO - Setting next_dagrun for example_sla_dag to 2023-03-03T11:16:00+00:00, run_after=2023-03-03T11:18:00+00:00
[2023-03-03T11:19:26.069+0000] {processor.py:175} INFO - Processing /home/airflow/.local/lib/python3.7/site-packages/airflow/example_dags/example_sla_dag.py took 0.142 seconds
[2023-03-03T11:19:56.343+0000] {processor.py:153} INFO - Started process (PID=3185) to work on /home/airflow/.local/lib/python3.7/site-packages/airflow/example_dags/example_sla_dag.py
[2023-03-03T11:19:56.345+0000] {processor.py:743} INFO - Processing file /home/airflow/.local/lib/python3.7/site-packages/airflow/example_dags/example_sla_dag.py for tasks to queue
[2023-03-03T11:19:56.346+0000] {logging_mixin.py:137} INFO - [2023-03-03T11:19:56.346+0000] {dagbag.py:538} INFO - Filling up the DagBag from /home/airflow/.local/lib/python3.7/site-packages/airflow/example_dags/example_sla_dag.py
[2023-03-03T11:19:56.368+0000] {processor.py:753} INFO - DAG(s) dict_keys(['example_sla_dag']) retrieved from /home/airflow/.local/lib/python3.7/site-packages/airflow/example_dags/example_sla_dag.py
[2023-03-03T11:19:56.403+0000] {logging_mixin.py:137} INFO - [2023-03-03T11:19:56.403+0000] {dag.py:2690} INFO - Sync 1 DAGs
[2023-03-03T11:19:56.425+0000] {logging_mixin.py:137} INFO - [2023-03-03T11:19:56.425+0000] {dag.py:3441} INFO - Setting next_dagrun for example_sla_dag to 2023-03-03T11:16:00+00:00, run_after=2023-03-03T11:18:00+00:00
[2023-03-03T11:19:56.442+0000] {processor.py:175} INFO - Processing /home/airflow/.local/lib/python3.7/site-packages/airflow/example_dags/example_sla_dag.py took 0.102 seconds
[2023-03-03T11:37:13.307+0000] {processor.py:153} INFO - Started process (PID=3275) to work on /home/airflow/.local/lib/python3.7/site-packages/airflow/example_dags/example_sla_dag.py
[2023-03-03T11:37:13.314+0000] {processor.py:743} INFO - Processing file /home/airflow/.local/lib/python3.7/site-packages/airflow/example_dags/example_sla_dag.py for tasks to queue
[2023-03-03T11:37:13.318+0000] {logging_mixin.py:137} INFO - [2023-03-03T11:37:13.317+0000] {dagbag.py:538} INFO - Filling up the DagBag from /home/airflow/.local/lib/python3.7/site-packages/airflow/example_dags/example_sla_dag.py
[2023-03-03T11:37:13.351+0000] {processor.py:753} INFO - DAG(s) dict_keys(['example_sla_dag']) retrieved from /home/airflow/.local/lib/python3.7/site-packages/airflow/example_dags/example_sla_dag.py
[2023-03-03T11:37:13.421+0000] {logging_mixin.py:137} INFO - [2023-03-03T11:37:13.420+0000] {dag.py:2690} INFO - Sync 1 DAGs
[2023-03-03T11:37:13.450+0000] {logging_mixin.py:137} INFO - [2023-03-03T11:37:13.450+0000] {dag.py:3441} INFO - Setting next_dagrun for example_sla_dag to 2023-03-03T11:34:00+00:00, run_after=2023-03-03T11:36:00+00:00
[2023-03-03T11:37:13.470+0000] {processor.py:175} INFO - Processing /home/airflow/.local/lib/python3.7/site-packages/airflow/example_dags/example_sla_dag.py took 0.167 seconds
[2023-03-03T11:37:43.713+0000] {processor.py:153} INFO - Started process (PID=3350) to work on /home/airflow/.local/lib/python3.7/site-packages/airflow/example_dags/example_sla_dag.py
[2023-03-03T11:37:43.715+0000] {processor.py:743} INFO - Processing file /home/airflow/.local/lib/python3.7/site-packages/airflow/example_dags/example_sla_dag.py for tasks to queue
[2023-03-03T11:37:43.716+0000] {logging_mixin.py:137} INFO - [2023-03-03T11:37:43.716+0000] {dagbag.py:538} INFO - Filling up the DagBag from /home/airflow/.local/lib/python3.7/site-packages/airflow/example_dags/example_sla_dag.py
[2023-03-03T11:37:43.740+0000] {processor.py:753} INFO - DAG(s) dict_keys(['example_sla_dag']) retrieved from /home/airflow/.local/lib/python3.7/site-packages/airflow/example_dags/example_sla_dag.py
[2023-03-03T11:37:43.768+0000] {logging_mixin.py:137} INFO - [2023-03-03T11:37:43.768+0000] {dag.py:2690} INFO - Sync 1 DAGs
[2023-03-03T11:37:43.786+0000] {logging_mixin.py:137} INFO - [2023-03-03T11:37:43.786+0000] {dag.py:3441} INFO - Setting next_dagrun for example_sla_dag to 2023-03-03T11:34:00+00:00, run_after=2023-03-03T11:36:00+00:00
[2023-03-03T11:37:43.797+0000] {processor.py:175} INFO - Processing /home/airflow/.local/lib/python3.7/site-packages/airflow/example_dags/example_sla_dag.py took 0.088 seconds
[2023-03-03T11:38:14.057+0000] {processor.py:153} INFO - Started process (PID=3413) to work on /home/airflow/.local/lib/python3.7/site-packages/airflow/example_dags/example_sla_dag.py
[2023-03-03T11:38:14.059+0000] {processor.py:743} INFO - Processing file /home/airflow/.local/lib/python3.7/site-packages/airflow/example_dags/example_sla_dag.py for tasks to queue
[2023-03-03T11:38:14.059+0000] {logging_mixin.py:137} INFO - [2023-03-03T11:38:14.059+0000] {dagbag.py:538} INFO - Filling up the DagBag from /home/airflow/.local/lib/python3.7/site-packages/airflow/example_dags/example_sla_dag.py
[2023-03-03T11:38:14.075+0000] {processor.py:753} INFO - DAG(s) dict_keys(['example_sla_dag']) retrieved from /home/airflow/.local/lib/python3.7/site-packages/airflow/example_dags/example_sla_dag.py
[2023-03-03T11:38:14.096+0000] {logging_mixin.py:137} INFO - [2023-03-03T11:38:14.096+0000] {dag.py:2690} INFO - Sync 1 DAGs
[2023-03-03T11:38:14.117+0000] {logging_mixin.py:137} INFO - [2023-03-03T11:38:14.117+0000] {dag.py:3441} INFO - Setting next_dagrun for example_sla_dag to 2023-03-03T11:36:00+00:00, run_after=2023-03-03T11:38:00+00:00
[2023-03-03T11:38:14.133+0000] {processor.py:175} INFO - Processing /home/airflow/.local/lib/python3.7/site-packages/airflow/example_dags/example_sla_dag.py took 0.079 seconds
[2023-03-03T11:38:45.310+0000] {processor.py:153} INFO - Started process (PID=3488) to work on /home/airflow/.local/lib/python3.7/site-packages/airflow/example_dags/example_sla_dag.py
[2023-03-03T11:38:45.312+0000] {processor.py:743} INFO - Processing file /home/airflow/.local/lib/python3.7/site-packages/airflow/example_dags/example_sla_dag.py for tasks to queue
[2023-03-03T11:38:45.313+0000] {logging_mixin.py:137} INFO - [2023-03-03T11:38:45.312+0000] {dagbag.py:538} INFO - Filling up the DagBag from /home/airflow/.local/lib/python3.7/site-packages/airflow/example_dags/example_sla_dag.py
[2023-03-03T11:38:45.332+0000] {processor.py:753} INFO - DAG(s) dict_keys(['example_sla_dag']) retrieved from /home/airflow/.local/lib/python3.7/site-packages/airflow/example_dags/example_sla_dag.py
[2023-03-03T11:38:45.359+0000] {logging_mixin.py:137} INFO - [2023-03-03T11:38:45.359+0000] {dag.py:2690} INFO - Sync 1 DAGs
[2023-03-03T11:38:45.381+0000] {logging_mixin.py:137} INFO - [2023-03-03T11:38:45.381+0000] {dag.py:3441} INFO - Setting next_dagrun for example_sla_dag to 2023-03-03T11:36:00+00:00, run_after=2023-03-03T11:38:00+00:00
[2023-03-03T11:38:45.396+0000] {processor.py:175} INFO - Processing /home/airflow/.local/lib/python3.7/site-packages/airflow/example_dags/example_sla_dag.py took 0.089 seconds
[2023-03-03T11:39:15.524+0000] {processor.py:153} INFO - Started process (PID=3551) to work on /home/airflow/.local/lib/python3.7/site-packages/airflow/example_dags/example_sla_dag.py
[2023-03-03T11:39:15.526+0000] {processor.py:743} INFO - Processing file /home/airflow/.local/lib/python3.7/site-packages/airflow/example_dags/example_sla_dag.py for tasks to queue
[2023-03-03T11:39:15.526+0000] {logging_mixin.py:137} INFO - [2023-03-03T11:39:15.526+0000] {dagbag.py:538} INFO - Filling up the DagBag from /home/airflow/.local/lib/python3.7/site-packages/airflow/example_dags/example_sla_dag.py
[2023-03-03T11:39:15.542+0000] {processor.py:753} INFO - DAG(s) dict_keys(['example_sla_dag']) retrieved from /home/airflow/.local/lib/python3.7/site-packages/airflow/example_dags/example_sla_dag.py
[2023-03-03T11:39:15.561+0000] {logging_mixin.py:137} INFO - [2023-03-03T11:39:15.561+0000] {dag.py:2690} INFO - Sync 1 DAGs
[2023-03-03T11:39:15.582+0000] {logging_mixin.py:137} INFO - [2023-03-03T11:39:15.582+0000] {dag.py:3441} INFO - Setting next_dagrun for example_sla_dag to 2023-03-03T11:36:00+00:00, run_after=2023-03-03T11:38:00+00:00
[2023-03-03T11:39:15.591+0000] {processor.py:175} INFO - Processing /home/airflow/.local/lib/python3.7/site-packages/airflow/example_dags/example_sla_dag.py took 0.070 seconds
[2023-03-03T11:39:45.678+0000] {processor.py:153} INFO - Started process (PID=3627) to work on /home/airflow/.local/lib/python3.7/site-packages/airflow/example_dags/example_sla_dag.py
[2023-03-03T11:39:45.679+0000] {processor.py:743} INFO - Processing file /home/airflow/.local/lib/python3.7/site-packages/airflow/example_dags/example_sla_dag.py for tasks to queue
[2023-03-03T11:39:45.680+0000] {logging_mixin.py:137} INFO - [2023-03-03T11:39:45.680+0000] {dagbag.py:538} INFO - Filling up the DagBag from /home/airflow/.local/lib/python3.7/site-packages/airflow/example_dags/example_sla_dag.py
[2023-03-03T11:39:45.696+0000] {processor.py:753} INFO - DAG(s) dict_keys(['example_sla_dag']) retrieved from /home/airflow/.local/lib/python3.7/site-packages/airflow/example_dags/example_sla_dag.py
[2023-03-03T11:39:45.719+0000] {logging_mixin.py:137} INFO - [2023-03-03T11:39:45.719+0000] {dag.py:2690} INFO - Sync 1 DAGs
[2023-03-03T11:39:45.741+0000] {logging_mixin.py:137} INFO - [2023-03-03T11:39:45.741+0000] {dag.py:3441} INFO - Setting next_dagrun for example_sla_dag to 2023-03-03T11:36:00+00:00, run_after=2023-03-03T11:38:00+00:00
[2023-03-03T11:39:45.753+0000] {processor.py:175} INFO - Processing /home/airflow/.local/lib/python3.7/site-packages/airflow/example_dags/example_sla_dag.py took 0.078 seconds
[2023-03-03T11:55:26.146+0000] {processor.py:153} INFO - Started process (PID=3689) to work on /home/airflow/.local/lib/python3.7/site-packages/airflow/example_dags/example_sla_dag.py
[2023-03-03T11:55:26.148+0000] {processor.py:743} INFO - Processing file /home/airflow/.local/lib/python3.7/site-packages/airflow/example_dags/example_sla_dag.py for tasks to queue
[2023-03-03T11:55:26.149+0000] {logging_mixin.py:137} INFO - [2023-03-03T11:55:26.149+0000] {dagbag.py:538} INFO - Filling up the DagBag from /home/airflow/.local/lib/python3.7/site-packages/airflow/example_dags/example_sla_dag.py
[2023-03-03T11:55:26.178+0000] {processor.py:753} INFO - DAG(s) dict_keys(['example_sla_dag']) retrieved from /home/airflow/.local/lib/python3.7/site-packages/airflow/example_dags/example_sla_dag.py
[2023-03-03T11:55:26.203+0000] {logging_mixin.py:137} INFO - [2023-03-03T11:55:26.203+0000] {dag.py:2690} INFO - Sync 1 DAGs
[2023-03-03T11:55:26.223+0000] {logging_mixin.py:137} INFO - [2023-03-03T11:55:26.223+0000] {dag.py:3441} INFO - Setting next_dagrun for example_sla_dag to 2023-03-03T11:52:00+00:00, run_after=2023-03-03T11:54:00+00:00
[2023-03-03T11:55:26.236+0000] {processor.py:175} INFO - Processing /home/airflow/.local/lib/python3.7/site-packages/airflow/example_dags/example_sla_dag.py took 0.094 seconds
[2023-03-03T12:52:43.877+0000] {processor.py:153} INFO - Started process (PID=3751) to work on /home/airflow/.local/lib/python3.7/site-packages/airflow/example_dags/example_sla_dag.py
[2023-03-03T12:52:43.879+0000] {processor.py:743} INFO - Processing file /home/airflow/.local/lib/python3.7/site-packages/airflow/example_dags/example_sla_dag.py for tasks to queue
[2023-03-03T12:52:43.880+0000] {logging_mixin.py:137} INFO - [2023-03-03T12:52:43.879+0000] {dagbag.py:538} INFO - Filling up the DagBag from /home/airflow/.local/lib/python3.7/site-packages/airflow/example_dags/example_sla_dag.py
[2023-03-03T12:52:43.899+0000] {processor.py:753} INFO - DAG(s) dict_keys(['example_sla_dag']) retrieved from /home/airflow/.local/lib/python3.7/site-packages/airflow/example_dags/example_sla_dag.py
[2023-03-03T12:52:43.920+0000] {logging_mixin.py:137} INFO - [2023-03-03T12:52:43.920+0000] {dag.py:2690} INFO - Sync 1 DAGs
[2023-03-03T12:52:43.937+0000] {logging_mixin.py:137} INFO - [2023-03-03T12:52:43.937+0000] {dag.py:3441} INFO - Setting next_dagrun for example_sla_dag to 2023-03-03T12:50:00+00:00, run_after=2023-03-03T12:52:00+00:00
[2023-03-03T12:52:43.949+0000] {processor.py:175} INFO - Processing /home/airflow/.local/lib/python3.7/site-packages/airflow/example_dags/example_sla_dag.py took 0.076 seconds
[2023-03-03T14:01:02.874+0000] {processor.py:153} INFO - Started process (PID=3826) to work on /home/airflow/.local/lib/python3.7/site-packages/airflow/example_dags/example_sla_dag.py
[2023-03-03T14:01:02.876+0000] {processor.py:743} INFO - Processing file /home/airflow/.local/lib/python3.7/site-packages/airflow/example_dags/example_sla_dag.py for tasks to queue
[2023-03-03T14:01:02.877+0000] {logging_mixin.py:137} INFO - [2023-03-03T14:01:02.877+0000] {dagbag.py:538} INFO - Filling up the DagBag from /home/airflow/.local/lib/python3.7/site-packages/airflow/example_dags/example_sla_dag.py
[2023-03-03T14:01:02.917+0000] {processor.py:753} INFO - DAG(s) dict_keys(['example_sla_dag']) retrieved from /home/airflow/.local/lib/python3.7/site-packages/airflow/example_dags/example_sla_dag.py
[2023-03-03T14:01:02.958+0000] {logging_mixin.py:137} INFO - [2023-03-03T14:01:02.958+0000] {dag.py:2690} INFO - Sync 1 DAGs
[2023-03-03T14:01:02.991+0000] {logging_mixin.py:137} INFO - [2023-03-03T14:01:02.990+0000] {dag.py:3441} INFO - Setting next_dagrun for example_sla_dag to 2023-03-03T13:58:00+00:00, run_after=2023-03-03T14:00:00+00:00
[2023-03-03T14:01:03.036+0000] {processor.py:175} INFO - Processing /home/airflow/.local/lib/python3.7/site-packages/airflow/example_dags/example_sla_dag.py took 0.166 seconds
[2023-03-03T14:44:36.869+0000] {processor.py:153} INFO - Started process (PID=3877) to work on /home/airflow/.local/lib/python3.7/site-packages/airflow/example_dags/example_sla_dag.py
[2023-03-03T14:44:36.887+0000] {processor.py:743} INFO - Processing file /home/airflow/.local/lib/python3.7/site-packages/airflow/example_dags/example_sla_dag.py for tasks to queue
[2023-03-03T14:44:36.889+0000] {logging_mixin.py:137} INFO - [2023-03-03T14:44:36.888+0000] {dagbag.py:538} INFO - Filling up the DagBag from /home/airflow/.local/lib/python3.7/site-packages/airflow/example_dags/example_sla_dag.py
[2023-03-03T14:44:36.970+0000] {processor.py:753} INFO - DAG(s) dict_keys(['example_sla_dag']) retrieved from /home/airflow/.local/lib/python3.7/site-packages/airflow/example_dags/example_sla_dag.py
[2023-03-03T14:44:37.149+0000] {logging_mixin.py:137} INFO - [2023-03-03T14:44:37.149+0000] {dag.py:2690} INFO - Sync 1 DAGs
[2023-03-03T14:44:37.316+0000] {logging_mixin.py:137} INFO - [2023-03-03T14:44:37.316+0000] {dag.py:3441} INFO - Setting next_dagrun for example_sla_dag to 2023-03-03T14:42:00+00:00, run_after=2023-03-03T14:44:00+00:00
[2023-03-03T14:44:37.377+0000] {processor.py:175} INFO - Processing /home/airflow/.local/lib/python3.7/site-packages/airflow/example_dags/example_sla_dag.py took 0.515 seconds
[2023-03-03T15:49:40.890+0000] {processor.py:153} INFO - Started process (PID=3940) to work on /home/airflow/.local/lib/python3.7/site-packages/airflow/example_dags/example_sla_dag.py
[2023-03-03T15:49:40.892+0000] {processor.py:743} INFO - Processing file /home/airflow/.local/lib/python3.7/site-packages/airflow/example_dags/example_sla_dag.py for tasks to queue
[2023-03-03T15:49:40.894+0000] {logging_mixin.py:137} INFO - [2023-03-03T15:49:40.894+0000] {dagbag.py:538} INFO - Filling up the DagBag from /home/airflow/.local/lib/python3.7/site-packages/airflow/example_dags/example_sla_dag.py
[2023-03-03T15:49:40.930+0000] {processor.py:753} INFO - DAG(s) dict_keys(['example_sla_dag']) retrieved from /home/airflow/.local/lib/python3.7/site-packages/airflow/example_dags/example_sla_dag.py
[2023-03-03T15:49:40.960+0000] {logging_mixin.py:137} INFO - [2023-03-03T15:49:40.960+0000] {dag.py:2690} INFO - Sync 1 DAGs
[2023-03-03T15:49:41.004+0000] {logging_mixin.py:137} INFO - [2023-03-03T15:49:41.004+0000] {dag.py:3441} INFO - Setting next_dagrun for example_sla_dag to 2023-03-03T15:46:00+00:00, run_after=2023-03-03T15:48:00+00:00
[2023-03-03T15:49:41.026+0000] {processor.py:175} INFO - Processing /home/airflow/.local/lib/python3.7/site-packages/airflow/example_dags/example_sla_dag.py took 0.141 seconds
[2023-03-03T16:32:36.883+0000] {processor.py:153} INFO - Started process (PID=4002) to work on /home/airflow/.local/lib/python3.7/site-packages/airflow/example_dags/example_sla_dag.py
[2023-03-03T16:32:36.885+0000] {processor.py:743} INFO - Processing file /home/airflow/.local/lib/python3.7/site-packages/airflow/example_dags/example_sla_dag.py for tasks to queue
[2023-03-03T16:32:36.885+0000] {logging_mixin.py:137} INFO - [2023-03-03T16:32:36.885+0000] {dagbag.py:538} INFO - Filling up the DagBag from /home/airflow/.local/lib/python3.7/site-packages/airflow/example_dags/example_sla_dag.py
[2023-03-03T16:32:36.907+0000] {processor.py:753} INFO - DAG(s) dict_keys(['example_sla_dag']) retrieved from /home/airflow/.local/lib/python3.7/site-packages/airflow/example_dags/example_sla_dag.py
[2023-03-03T16:32:36.958+0000] {logging_mixin.py:137} INFO - [2023-03-03T16:32:36.958+0000] {dag.py:2690} INFO - Sync 1 DAGs
[2023-03-03T16:32:36.990+0000] {logging_mixin.py:137} INFO - [2023-03-03T16:32:36.990+0000] {dag.py:3441} INFO - Setting next_dagrun for example_sla_dag to 2023-03-03T16:30:00+00:00, run_after=2023-03-03T16:32:00+00:00
[2023-03-03T16:32:37.011+0000] {processor.py:175} INFO - Processing /home/airflow/.local/lib/python3.7/site-packages/airflow/example_dags/example_sla_dag.py took 0.131 seconds
[2023-03-03T16:34:16.182+0000] {processor.py:153} INFO - Started process (PID=4054) to work on /home/airflow/.local/lib/python3.7/site-packages/airflow/example_dags/example_sla_dag.py
[2023-03-03T16:34:16.185+0000] {processor.py:743} INFO - Processing file /home/airflow/.local/lib/python3.7/site-packages/airflow/example_dags/example_sla_dag.py for tasks to queue
[2023-03-03T16:34:16.186+0000] {logging_mixin.py:137} INFO - [2023-03-03T16:34:16.185+0000] {dagbag.py:538} INFO - Filling up the DagBag from /home/airflow/.local/lib/python3.7/site-packages/airflow/example_dags/example_sla_dag.py
[2023-03-03T16:34:16.205+0000] {processor.py:753} INFO - DAG(s) dict_keys(['example_sla_dag']) retrieved from /home/airflow/.local/lib/python3.7/site-packages/airflow/example_dags/example_sla_dag.py
[2023-03-03T16:34:16.228+0000] {logging_mixin.py:137} INFO - [2023-03-03T16:34:16.228+0000] {dag.py:2690} INFO - Sync 1 DAGs
[2023-03-03T16:34:16.248+0000] {logging_mixin.py:137} INFO - [2023-03-03T16:34:16.248+0000] {dag.py:3441} INFO - Setting next_dagrun for example_sla_dag to 2023-03-03T16:32:00+00:00, run_after=2023-03-03T16:34:00+00:00
[2023-03-03T16:34:16.259+0000] {processor.py:175} INFO - Processing /home/airflow/.local/lib/python3.7/site-packages/airflow/example_dags/example_sla_dag.py took 0.081 seconds
[2023-03-03T16:51:22.009+0000] {processor.py:153} INFO - Started process (PID=4130) to work on /home/airflow/.local/lib/python3.7/site-packages/airflow/example_dags/example_sla_dag.py
[2023-03-03T16:51:22.011+0000] {processor.py:743} INFO - Processing file /home/airflow/.local/lib/python3.7/site-packages/airflow/example_dags/example_sla_dag.py for tasks to queue
[2023-03-03T16:51:22.011+0000] {logging_mixin.py:137} INFO - [2023-03-03T16:51:22.011+0000] {dagbag.py:538} INFO - Filling up the DagBag from /home/airflow/.local/lib/python3.7/site-packages/airflow/example_dags/example_sla_dag.py
[2023-03-03T16:51:22.028+0000] {processor.py:753} INFO - DAG(s) dict_keys(['example_sla_dag']) retrieved from /home/airflow/.local/lib/python3.7/site-packages/airflow/example_dags/example_sla_dag.py
[2023-03-03T16:51:22.049+0000] {logging_mixin.py:137} INFO - [2023-03-03T16:51:22.049+0000] {dag.py:2690} INFO - Sync 1 DAGs
[2023-03-03T16:51:22.069+0000] {logging_mixin.py:137} INFO - [2023-03-03T16:51:22.069+0000] {dag.py:3441} INFO - Setting next_dagrun for example_sla_dag to 2023-03-03T16:48:00+00:00, run_after=2023-03-03T16:50:00+00:00
[2023-03-03T16:51:22.081+0000] {processor.py:175} INFO - Processing /home/airflow/.local/lib/python3.7/site-packages/airflow/example_dags/example_sla_dag.py took 0.075 seconds
[2023-03-03T17:25:23.940+0000] {processor.py:153} INFO - Started process (PID=4193) to work on /home/airflow/.local/lib/python3.7/site-packages/airflow/example_dags/example_sla_dag.py
[2023-03-03T17:25:23.941+0000] {processor.py:743} INFO - Processing file /home/airflow/.local/lib/python3.7/site-packages/airflow/example_dags/example_sla_dag.py for tasks to queue
[2023-03-03T17:25:23.942+0000] {logging_mixin.py:137} INFO - [2023-03-03T17:25:23.942+0000] {dagbag.py:538} INFO - Filling up the DagBag from /home/airflow/.local/lib/python3.7/site-packages/airflow/example_dags/example_sla_dag.py
[2023-03-03T17:25:23.960+0000] {processor.py:753} INFO - DAG(s) dict_keys(['example_sla_dag']) retrieved from /home/airflow/.local/lib/python3.7/site-packages/airflow/example_dags/example_sla_dag.py
[2023-03-03T17:25:23.981+0000] {logging_mixin.py:137} INFO - [2023-03-03T17:25:23.981+0000] {dag.py:2690} INFO - Sync 1 DAGs
[2023-03-03T17:25:24.013+0000] {logging_mixin.py:137} INFO - [2023-03-03T17:25:24.013+0000] {dag.py:3441} INFO - Setting next_dagrun for example_sla_dag to 2023-03-03T17:22:00+00:00, run_after=2023-03-03T17:24:00+00:00
[2023-03-03T17:25:24.032+0000] {processor.py:175} INFO - Processing /home/airflow/.local/lib/python3.7/site-packages/airflow/example_dags/example_sla_dag.py took 0.096 seconds
[2023-03-03T18:12:19.435+0000] {processor.py:153} INFO - Started process (PID=4261) to work on /home/airflow/.local/lib/python3.7/site-packages/airflow/example_dags/example_sla_dag.py
[2023-03-03T18:12:19.446+0000] {processor.py:743} INFO - Processing file /home/airflow/.local/lib/python3.7/site-packages/airflow/example_dags/example_sla_dag.py for tasks to queue
[2023-03-03T18:12:19.451+0000] {logging_mixin.py:137} INFO - [2023-03-03T18:12:19.450+0000] {dagbag.py:538} INFO - Filling up the DagBag from /home/airflow/.local/lib/python3.7/site-packages/airflow/example_dags/example_sla_dag.py
[2023-03-03T18:12:19.481+0000] {processor.py:753} INFO - DAG(s) dict_keys(['example_sla_dag']) retrieved from /home/airflow/.local/lib/python3.7/site-packages/airflow/example_dags/example_sla_dag.py
[2023-03-03T18:12:19.504+0000] {logging_mixin.py:137} INFO - [2023-03-03T18:12:19.504+0000] {dag.py:2690} INFO - Sync 1 DAGs
[2023-03-03T18:12:19.542+0000] {logging_mixin.py:137} INFO - [2023-03-03T18:12:19.541+0000] {dag.py:3441} INFO - Setting next_dagrun for example_sla_dag to 2023-03-03T18:10:00+00:00, run_after=2023-03-03T18:12:00+00:00
[2023-03-03T18:12:19.582+0000] {processor.py:175} INFO - Processing /home/airflow/.local/lib/python3.7/site-packages/airflow/example_dags/example_sla_dag.py took 0.159 seconds
[2023-03-03T18:58:47.235+0000] {processor.py:153} INFO - Started process (PID=4337) to work on /home/airflow/.local/lib/python3.7/site-packages/airflow/example_dags/example_sla_dag.py
[2023-03-03T18:58:47.246+0000] {processor.py:743} INFO - Processing file /home/airflow/.local/lib/python3.7/site-packages/airflow/example_dags/example_sla_dag.py for tasks to queue
[2023-03-03T18:58:47.252+0000] {logging_mixin.py:137} INFO - [2023-03-03T18:58:47.251+0000] {dagbag.py:538} INFO - Filling up the DagBag from /home/airflow/.local/lib/python3.7/site-packages/airflow/example_dags/example_sla_dag.py
[2023-03-03T18:58:47.336+0000] {processor.py:753} INFO - DAG(s) dict_keys(['example_sla_dag']) retrieved from /home/airflow/.local/lib/python3.7/site-packages/airflow/example_dags/example_sla_dag.py
[2023-03-03T18:58:47.371+0000] {logging_mixin.py:137} INFO - [2023-03-03T18:58:47.370+0000] {dag.py:2690} INFO - Sync 1 DAGs
[2023-03-03T18:58:47.430+0000] {logging_mixin.py:137} INFO - [2023-03-03T18:58:47.430+0000] {dag.py:3441} INFO - Setting next_dagrun for example_sla_dag to 2023-03-03T18:56:00+00:00, run_after=2023-03-03T18:58:00+00:00
[2023-03-03T18:58:47.461+0000] {processor.py:175} INFO - Processing /home/airflow/.local/lib/python3.7/site-packages/airflow/example_dags/example_sla_dag.py took 0.233 seconds
[2023-03-03T20:19:40.359+0000] {processor.py:153} INFO - Started process (PID=4433) to work on /home/airflow/.local/lib/python3.7/site-packages/airflow/example_dags/example_sla_dag.py
[2023-03-03T20:19:40.404+0000] {processor.py:743} INFO - Processing file /home/airflow/.local/lib/python3.7/site-packages/airflow/example_dags/example_sla_dag.py for tasks to queue
[2023-03-03T20:19:40.416+0000] {logging_mixin.py:137} INFO - [2023-03-03T20:19:40.416+0000] {dagbag.py:538} INFO - Filling up the DagBag from /home/airflow/.local/lib/python3.7/site-packages/airflow/example_dags/example_sla_dag.py
[2023-03-03T20:19:40.773+0000] {processor.py:753} INFO - DAG(s) dict_keys(['example_sla_dag']) retrieved from /home/airflow/.local/lib/python3.7/site-packages/airflow/example_dags/example_sla_dag.py
[2023-03-03T20:19:42.636+0000] {logging_mixin.py:137} INFO - [2023-03-03T20:19:41.748+0000] {dag.py:2690} INFO - Sync 1 DAGs
[2023-03-03T20:19:47.443+0000] {logging_mixin.py:137} INFO - [2023-03-03T20:19:47.281+0000] {dag.py:3441} INFO - Setting next_dagrun for example_sla_dag to 2023-03-03T20:16:00+00:00, run_after=2023-03-03T20:18:00+00:00
[2023-03-03T20:19:50.913+0000] {processor.py:175} INFO - Processing /home/airflow/.local/lib/python3.7/site-packages/airflow/example_dags/example_sla_dag.py took 10.700 seconds
