[2023-03-03T04:51:21.402+0000] {processor.py:153} INFO - Started process (PID=2552) to work on /home/airflow/.local/lib/python3.7/site-packages/airflow/example_dags/example_branch_labels.py
[2023-03-03T04:51:21.404+0000] {processor.py:743} INFO - Processing file /home/airflow/.local/lib/python3.7/site-packages/airflow/example_dags/example_branch_labels.py for tasks to queue
[2023-03-03T04:51:21.407+0000] {logging_mixin.py:137} INFO - [2023-03-03T04:51:21.406+0000] {dagbag.py:538} INFO - Filling up the DagBag from /home/airflow/.local/lib/python3.7/site-packages/airflow/example_dags/example_branch_labels.py
[2023-03-03T04:51:21.521+0000] {processor.py:753} INFO - DAG(s) dict_keys(['example_branch_labels']) retrieved from /home/airflow/.local/lib/python3.7/site-packages/airflow/example_dags/example_branch_labels.py
[2023-03-03T04:51:22.137+0000] {logging_mixin.py:137} INFO - [2023-03-03T04:51:22.136+0000] {dag.py:2690} INFO - Sync 1 DAGs
[2023-03-03T04:51:22.333+0000] {logging_mixin.py:137} INFO - [2023-03-03T04:51:22.332+0000] {dag.py:3441} INFO - Setting next_dagrun for example_branch_labels to 2023-03-02T00:00:00+00:00, run_after=2023-03-03T00:00:00+00:00
[2023-03-03T04:51:22.475+0000] {processor.py:175} INFO - Processing /home/airflow/.local/lib/python3.7/site-packages/airflow/example_dags/example_branch_labels.py took 1.079 seconds
[2023-03-03T06:08:18.359+0000] {processor.py:153} INFO - Started process (PID=2642) to work on /home/airflow/.local/lib/python3.7/site-packages/airflow/example_dags/example_branch_labels.py
[2023-03-03T06:08:18.360+0000] {processor.py:743} INFO - Processing file /home/airflow/.local/lib/python3.7/site-packages/airflow/example_dags/example_branch_labels.py for tasks to queue
[2023-03-03T06:08:18.361+0000] {logging_mixin.py:137} INFO - [2023-03-03T06:08:18.361+0000] {dagbag.py:538} INFO - Filling up the DagBag from /home/airflow/.local/lib/python3.7/site-packages/airflow/example_dags/example_branch_labels.py
[2023-03-03T06:08:18.375+0000] {processor.py:753} INFO - DAG(s) dict_keys(['example_branch_labels']) retrieved from /home/airflow/.local/lib/python3.7/site-packages/airflow/example_dags/example_branch_labels.py
[2023-03-03T06:08:18.425+0000] {logging_mixin.py:137} INFO - [2023-03-03T06:08:18.425+0000] {dag.py:2690} INFO - Sync 1 DAGs
[2023-03-03T06:08:18.454+0000] {logging_mixin.py:137} INFO - [2023-03-03T06:08:18.454+0000] {dag.py:3441} INFO - Setting next_dagrun for example_branch_labels to 2023-03-02T00:00:00+00:00, run_after=2023-03-03T00:00:00+00:00
[2023-03-03T06:08:18.484+0000] {processor.py:175} INFO - Processing /home/airflow/.local/lib/python3.7/site-packages/airflow/example_dags/example_branch_labels.py took 0.128 seconds
[2023-03-03T06:59:18.092+0000] {processor.py:153} INFO - Started process (PID=2706) to work on /home/airflow/.local/lib/python3.7/site-packages/airflow/example_dags/example_branch_labels.py
[2023-03-03T06:59:18.095+0000] {processor.py:743} INFO - Processing file /home/airflow/.local/lib/python3.7/site-packages/airflow/example_dags/example_branch_labels.py for tasks to queue
[2023-03-03T06:59:18.096+0000] {logging_mixin.py:137} INFO - [2023-03-03T06:59:18.096+0000] {dagbag.py:538} INFO - Filling up the DagBag from /home/airflow/.local/lib/python3.7/site-packages/airflow/example_dags/example_branch_labels.py
[2023-03-03T06:59:18.160+0000] {processor.py:753} INFO - DAG(s) dict_keys(['example_branch_labels']) retrieved from /home/airflow/.local/lib/python3.7/site-packages/airflow/example_dags/example_branch_labels.py
[2023-03-03T06:59:18.217+0000] {logging_mixin.py:137} INFO - [2023-03-03T06:59:18.217+0000] {dag.py:2690} INFO - Sync 1 DAGs
[2023-03-03T06:59:18.296+0000] {logging_mixin.py:137} INFO - [2023-03-03T06:59:18.295+0000] {dag.py:3441} INFO - Setting next_dagrun for example_branch_labels to 2023-03-02T00:00:00+00:00, run_after=2023-03-03T00:00:00+00:00
[2023-03-03T06:59:18.366+0000] {processor.py:175} INFO - Processing /home/airflow/.local/lib/python3.7/site-packages/airflow/example_dags/example_branch_labels.py took 0.279 seconds
[2023-03-03T08:22:08.437+0000] {processor.py:153} INFO - Started process (PID=2769) to work on /home/airflow/.local/lib/python3.7/site-packages/airflow/example_dags/example_branch_labels.py
[2023-03-03T08:22:08.439+0000] {processor.py:743} INFO - Processing file /home/airflow/.local/lib/python3.7/site-packages/airflow/example_dags/example_branch_labels.py for tasks to queue
[2023-03-03T08:22:08.440+0000] {logging_mixin.py:137} INFO - [2023-03-03T08:22:08.440+0000] {dagbag.py:538} INFO - Filling up the DagBag from /home/airflow/.local/lib/python3.7/site-packages/airflow/example_dags/example_branch_labels.py
[2023-03-03T08:22:08.454+0000] {processor.py:753} INFO - DAG(s) dict_keys(['example_branch_labels']) retrieved from /home/airflow/.local/lib/python3.7/site-packages/airflow/example_dags/example_branch_labels.py
[2023-03-03T08:22:08.479+0000] {logging_mixin.py:137} INFO - [2023-03-03T08:22:08.479+0000] {dag.py:2690} INFO - Sync 1 DAGs
[2023-03-03T08:22:08.498+0000] {logging_mixin.py:137} INFO - [2023-03-03T08:22:08.497+0000] {dag.py:3441} INFO - Setting next_dagrun for example_branch_labels to 2023-03-02T00:00:00+00:00, run_after=2023-03-03T00:00:00+00:00
[2023-03-03T08:22:08.510+0000] {processor.py:175} INFO - Processing /home/airflow/.local/lib/python3.7/site-packages/airflow/example_dags/example_branch_labels.py took 0.077 seconds
[2023-03-03T08:57:43.622+0000] {processor.py:153} INFO - Started process (PID=2844) to work on /home/airflow/.local/lib/python3.7/site-packages/airflow/example_dags/example_branch_labels.py
[2023-03-03T08:57:43.623+0000] {processor.py:743} INFO - Processing file /home/airflow/.local/lib/python3.7/site-packages/airflow/example_dags/example_branch_labels.py for tasks to queue
[2023-03-03T08:57:43.624+0000] {logging_mixin.py:137} INFO - [2023-03-03T08:57:43.624+0000] {dagbag.py:538} INFO - Filling up the DagBag from /home/airflow/.local/lib/python3.7/site-packages/airflow/example_dags/example_branch_labels.py
[2023-03-03T08:57:43.635+0000] {processor.py:753} INFO - DAG(s) dict_keys(['example_branch_labels']) retrieved from /home/airflow/.local/lib/python3.7/site-packages/airflow/example_dags/example_branch_labels.py
[2023-03-03T08:57:43.657+0000] {logging_mixin.py:137} INFO - [2023-03-03T08:57:43.657+0000] {dag.py:2690} INFO - Sync 1 DAGs
[2023-03-03T08:57:43.675+0000] {logging_mixin.py:137} INFO - [2023-03-03T08:57:43.675+0000] {dag.py:3441} INFO - Setting next_dagrun for example_branch_labels to 2023-03-02T00:00:00+00:00, run_after=2023-03-03T00:00:00+00:00
[2023-03-03T08:57:43.688+0000] {processor.py:175} INFO - Processing /home/airflow/.local/lib/python3.7/site-packages/airflow/example_dags/example_branch_labels.py took 0.069 seconds
[2023-03-03T09:55:37.750+0000] {processor.py:153} INFO - Started process (PID=2907) to work on /home/airflow/.local/lib/python3.7/site-packages/airflow/example_dags/example_branch_labels.py
[2023-03-03T09:55:37.752+0000] {processor.py:743} INFO - Processing file /home/airflow/.local/lib/python3.7/site-packages/airflow/example_dags/example_branch_labels.py for tasks to queue
[2023-03-03T09:55:37.753+0000] {logging_mixin.py:137} INFO - [2023-03-03T09:55:37.753+0000] {dagbag.py:538} INFO - Filling up the DagBag from /home/airflow/.local/lib/python3.7/site-packages/airflow/example_dags/example_branch_labels.py
[2023-03-03T09:55:37.767+0000] {processor.py:753} INFO - DAG(s) dict_keys(['example_branch_labels']) retrieved from /home/airflow/.local/lib/python3.7/site-packages/airflow/example_dags/example_branch_labels.py
[2023-03-03T09:55:37.800+0000] {logging_mixin.py:137} INFO - [2023-03-03T09:55:37.800+0000] {dag.py:2690} INFO - Sync 1 DAGs
[2023-03-03T09:55:37.826+0000] {logging_mixin.py:137} INFO - [2023-03-03T09:55:37.826+0000] {dag.py:3441} INFO - Setting next_dagrun for example_branch_labels to 2023-03-02T00:00:00+00:00, run_after=2023-03-03T00:00:00+00:00
[2023-03-03T09:55:37.838+0000] {processor.py:175} INFO - Processing /home/airflow/.local/lib/python3.7/site-packages/airflow/example_dags/example_branch_labels.py took 0.091 seconds
[2023-03-03T10:18:27.063+0000] {processor.py:153} INFO - Started process (PID=2969) to work on /home/airflow/.local/lib/python3.7/site-packages/airflow/example_dags/example_branch_labels.py
[2023-03-03T10:18:27.065+0000] {processor.py:743} INFO - Processing file /home/airflow/.local/lib/python3.7/site-packages/airflow/example_dags/example_branch_labels.py for tasks to queue
[2023-03-03T10:18:27.066+0000] {logging_mixin.py:137} INFO - [2023-03-03T10:18:27.066+0000] {dagbag.py:538} INFO - Filling up the DagBag from /home/airflow/.local/lib/python3.7/site-packages/airflow/example_dags/example_branch_labels.py
[2023-03-03T10:18:27.089+0000] {processor.py:753} INFO - DAG(s) dict_keys(['example_branch_labels']) retrieved from /home/airflow/.local/lib/python3.7/site-packages/airflow/example_dags/example_branch_labels.py
[2023-03-03T10:18:27.116+0000] {logging_mixin.py:137} INFO - [2023-03-03T10:18:27.116+0000] {dag.py:2690} INFO - Sync 1 DAGs
[2023-03-03T10:18:27.135+0000] {logging_mixin.py:137} INFO - [2023-03-03T10:18:27.135+0000] {dag.py:3441} INFO - Setting next_dagrun for example_branch_labels to 2023-03-02T00:00:00+00:00, run_after=2023-03-03T00:00:00+00:00
[2023-03-03T10:18:27.154+0000] {processor.py:175} INFO - Processing /home/airflow/.local/lib/python3.7/site-packages/airflow/example_dags/example_branch_labels.py took 0.095 seconds
[2023-03-03T11:18:51.069+0000] {processor.py:153} INFO - Started process (PID=3043) to work on /home/airflow/.local/lib/python3.7/site-packages/airflow/example_dags/example_branch_labels.py
[2023-03-03T11:18:51.073+0000] {processor.py:743} INFO - Processing file /home/airflow/.local/lib/python3.7/site-packages/airflow/example_dags/example_branch_labels.py for tasks to queue
[2023-03-03T11:18:51.075+0000] {logging_mixin.py:137} INFO - [2023-03-03T11:18:51.075+0000] {dagbag.py:538} INFO - Filling up the DagBag from /home/airflow/.local/lib/python3.7/site-packages/airflow/example_dags/example_branch_labels.py
[2023-03-03T11:18:51.188+0000] {processor.py:753} INFO - DAG(s) dict_keys(['example_branch_labels']) retrieved from /home/airflow/.local/lib/python3.7/site-packages/airflow/example_dags/example_branch_labels.py
[2023-03-03T11:18:51.532+0000] {logging_mixin.py:137} INFO - [2023-03-03T11:18:51.531+0000] {dag.py:2690} INFO - Sync 1 DAGs
[2023-03-03T11:18:51.812+0000] {logging_mixin.py:137} INFO - [2023-03-03T11:18:51.787+0000] {dag.py:3441} INFO - Setting next_dagrun for example_branch_labels to 2023-03-02T00:00:00+00:00, run_after=2023-03-03T00:00:00+00:00
[2023-03-03T11:18:52.160+0000] {processor.py:175} INFO - Processing /home/airflow/.local/lib/python3.7/site-packages/airflow/example_dags/example_branch_labels.py took 1.110 seconds
[2023-03-03T11:19:22.452+0000] {processor.py:153} INFO - Started process (PID=3107) to work on /home/airflow/.local/lib/python3.7/site-packages/airflow/example_dags/example_branch_labels.py
[2023-03-03T11:19:22.456+0000] {processor.py:743} INFO - Processing file /home/airflow/.local/lib/python3.7/site-packages/airflow/example_dags/example_branch_labels.py for tasks to queue
[2023-03-03T11:19:22.458+0000] {logging_mixin.py:137} INFO - [2023-03-03T11:19:22.457+0000] {dagbag.py:538} INFO - Filling up the DagBag from /home/airflow/.local/lib/python3.7/site-packages/airflow/example_dags/example_branch_labels.py
[2023-03-03T11:19:22.485+0000] {processor.py:753} INFO - DAG(s) dict_keys(['example_branch_labels']) retrieved from /home/airflow/.local/lib/python3.7/site-packages/airflow/example_dags/example_branch_labels.py
[2023-03-03T11:19:22.524+0000] {logging_mixin.py:137} INFO - [2023-03-03T11:19:22.524+0000] {dag.py:2690} INFO - Sync 1 DAGs
[2023-03-03T11:19:22.549+0000] {logging_mixin.py:137} INFO - [2023-03-03T11:19:22.549+0000] {dag.py:3441} INFO - Setting next_dagrun for example_branch_labels to 2023-03-02T00:00:00+00:00, run_after=2023-03-03T00:00:00+00:00
[2023-03-03T11:19:22.571+0000] {processor.py:175} INFO - Processing /home/airflow/.local/lib/python3.7/site-packages/airflow/example_dags/example_branch_labels.py took 0.139 seconds
[2023-03-03T11:19:53.034+0000] {processor.py:153} INFO - Started process (PID=3181) to work on /home/airflow/.local/lib/python3.7/site-packages/airflow/example_dags/example_branch_labels.py
[2023-03-03T11:19:53.037+0000] {processor.py:743} INFO - Processing file /home/airflow/.local/lib/python3.7/site-packages/airflow/example_dags/example_branch_labels.py for tasks to queue
[2023-03-03T11:19:53.038+0000] {logging_mixin.py:137} INFO - [2023-03-03T11:19:53.038+0000] {dagbag.py:538} INFO - Filling up the DagBag from /home/airflow/.local/lib/python3.7/site-packages/airflow/example_dags/example_branch_labels.py
[2023-03-03T11:19:53.063+0000] {processor.py:753} INFO - DAG(s) dict_keys(['example_branch_labels']) retrieved from /home/airflow/.local/lib/python3.7/site-packages/airflow/example_dags/example_branch_labels.py
[2023-03-03T11:19:53.115+0000] {logging_mixin.py:137} INFO - [2023-03-03T11:19:53.115+0000] {dag.py:2690} INFO - Sync 1 DAGs
[2023-03-03T11:19:53.143+0000] {logging_mixin.py:137} INFO - [2023-03-03T11:19:53.143+0000] {dag.py:3441} INFO - Setting next_dagrun for example_branch_labels to 2023-03-02T00:00:00+00:00, run_after=2023-03-03T00:00:00+00:00
[2023-03-03T11:19:53.159+0000] {processor.py:175} INFO - Processing /home/airflow/.local/lib/python3.7/site-packages/airflow/example_dags/example_branch_labels.py took 0.132 seconds
[2023-03-03T11:37:12.891+0000] {processor.py:153} INFO - Started process (PID=3271) to work on /home/airflow/.local/lib/python3.7/site-packages/airflow/example_dags/example_branch_labels.py
[2023-03-03T11:37:12.893+0000] {processor.py:743} INFO - Processing file /home/airflow/.local/lib/python3.7/site-packages/airflow/example_dags/example_branch_labels.py for tasks to queue
[2023-03-03T11:37:12.894+0000] {logging_mixin.py:137} INFO - [2023-03-03T11:37:12.894+0000] {dagbag.py:538} INFO - Filling up the DagBag from /home/airflow/.local/lib/python3.7/site-packages/airflow/example_dags/example_branch_labels.py
[2023-03-03T11:37:12.908+0000] {processor.py:753} INFO - DAG(s) dict_keys(['example_branch_labels']) retrieved from /home/airflow/.local/lib/python3.7/site-packages/airflow/example_dags/example_branch_labels.py
[2023-03-03T11:37:12.942+0000] {logging_mixin.py:137} INFO - [2023-03-03T11:37:12.942+0000] {dag.py:2690} INFO - Sync 1 DAGs
[2023-03-03T11:37:12.964+0000] {logging_mixin.py:137} INFO - [2023-03-03T11:37:12.964+0000] {dag.py:3441} INFO - Setting next_dagrun for example_branch_labels to 2023-03-02T00:00:00+00:00, run_after=2023-03-03T00:00:00+00:00
[2023-03-03T11:37:13.000+0000] {processor.py:175} INFO - Processing /home/airflow/.local/lib/python3.7/site-packages/airflow/example_dags/example_branch_labels.py took 0.113 seconds
[2023-03-03T11:37:43.511+0000] {processor.py:153} INFO - Started process (PID=3346) to work on /home/airflow/.local/lib/python3.7/site-packages/airflow/example_dags/example_branch_labels.py
[2023-03-03T11:37:43.513+0000] {processor.py:743} INFO - Processing file /home/airflow/.local/lib/python3.7/site-packages/airflow/example_dags/example_branch_labels.py for tasks to queue
[2023-03-03T11:37:43.514+0000] {logging_mixin.py:137} INFO - [2023-03-03T11:37:43.514+0000] {dagbag.py:538} INFO - Filling up the DagBag from /home/airflow/.local/lib/python3.7/site-packages/airflow/example_dags/example_branch_labels.py
[2023-03-03T11:37:43.529+0000] {processor.py:753} INFO - DAG(s) dict_keys(['example_branch_labels']) retrieved from /home/airflow/.local/lib/python3.7/site-packages/airflow/example_dags/example_branch_labels.py
[2023-03-03T11:37:43.554+0000] {logging_mixin.py:137} INFO - [2023-03-03T11:37:43.554+0000] {dag.py:2690} INFO - Sync 1 DAGs
[2023-03-03T11:37:43.571+0000] {logging_mixin.py:137} INFO - [2023-03-03T11:37:43.571+0000] {dag.py:3441} INFO - Setting next_dagrun for example_branch_labels to 2023-03-02T00:00:00+00:00, run_after=2023-03-03T00:00:00+00:00
[2023-03-03T11:37:43.582+0000] {processor.py:175} INFO - Processing /home/airflow/.local/lib/python3.7/site-packages/airflow/example_dags/example_branch_labels.py took 0.076 seconds
[2023-03-03T11:38:13.844+0000] {processor.py:153} INFO - Started process (PID=3409) to work on /home/airflow/.local/lib/python3.7/site-packages/airflow/example_dags/example_branch_labels.py
[2023-03-03T11:38:13.845+0000] {processor.py:743} INFO - Processing file /home/airflow/.local/lib/python3.7/site-packages/airflow/example_dags/example_branch_labels.py for tasks to queue
[2023-03-03T11:38:13.846+0000] {logging_mixin.py:137} INFO - [2023-03-03T11:38:13.846+0000] {dagbag.py:538} INFO - Filling up the DagBag from /home/airflow/.local/lib/python3.7/site-packages/airflow/example_dags/example_branch_labels.py
[2023-03-03T11:38:13.858+0000] {processor.py:753} INFO - DAG(s) dict_keys(['example_branch_labels']) retrieved from /home/airflow/.local/lib/python3.7/site-packages/airflow/example_dags/example_branch_labels.py
[2023-03-03T11:38:13.881+0000] {logging_mixin.py:137} INFO - [2023-03-03T11:38:13.881+0000] {dag.py:2690} INFO - Sync 1 DAGs
[2023-03-03T11:38:13.899+0000] {logging_mixin.py:137} INFO - [2023-03-03T11:38:13.899+0000] {dag.py:3441} INFO - Setting next_dagrun for example_branch_labels to 2023-03-02T00:00:00+00:00, run_after=2023-03-03T00:00:00+00:00
[2023-03-03T11:38:13.911+0000] {processor.py:175} INFO - Processing /home/airflow/.local/lib/python3.7/site-packages/airflow/example_dags/example_branch_labels.py took 0.070 seconds
[2023-03-03T11:38:45.016+0000] {processor.py:153} INFO - Started process (PID=3484) to work on /home/airflow/.local/lib/python3.7/site-packages/airflow/example_dags/example_branch_labels.py
[2023-03-03T11:38:45.018+0000] {processor.py:743} INFO - Processing file /home/airflow/.local/lib/python3.7/site-packages/airflow/example_dags/example_branch_labels.py for tasks to queue
[2023-03-03T11:38:45.020+0000] {logging_mixin.py:137} INFO - [2023-03-03T11:38:45.020+0000] {dagbag.py:538} INFO - Filling up the DagBag from /home/airflow/.local/lib/python3.7/site-packages/airflow/example_dags/example_branch_labels.py
[2023-03-03T11:38:45.040+0000] {processor.py:753} INFO - DAG(s) dict_keys(['example_branch_labels']) retrieved from /home/airflow/.local/lib/python3.7/site-packages/airflow/example_dags/example_branch_labels.py
[2023-03-03T11:38:45.074+0000] {logging_mixin.py:137} INFO - [2023-03-03T11:38:45.074+0000] {dag.py:2690} INFO - Sync 1 DAGs
[2023-03-03T11:38:45.095+0000] {logging_mixin.py:137} INFO - [2023-03-03T11:38:45.095+0000] {dag.py:3441} INFO - Setting next_dagrun for example_branch_labels to 2023-03-02T00:00:00+00:00, run_after=2023-03-03T00:00:00+00:00
[2023-03-03T11:38:45.111+0000] {processor.py:175} INFO - Processing /home/airflow/.local/lib/python3.7/site-packages/airflow/example_dags/example_branch_labels.py took 0.099 seconds
[2023-03-03T11:39:15.146+0000] {processor.py:153} INFO - Started process (PID=3547) to work on /home/airflow/.local/lib/python3.7/site-packages/airflow/example_dags/example_branch_labels.py
[2023-03-03T11:39:15.148+0000] {processor.py:743} INFO - Processing file /home/airflow/.local/lib/python3.7/site-packages/airflow/example_dags/example_branch_labels.py for tasks to queue
[2023-03-03T11:39:15.149+0000] {logging_mixin.py:137} INFO - [2023-03-03T11:39:15.149+0000] {dagbag.py:538} INFO - Filling up the DagBag from /home/airflow/.local/lib/python3.7/site-packages/airflow/example_dags/example_branch_labels.py
[2023-03-03T11:39:15.161+0000] {processor.py:753} INFO - DAG(s) dict_keys(['example_branch_labels']) retrieved from /home/airflow/.local/lib/python3.7/site-packages/airflow/example_dags/example_branch_labels.py
[2023-03-03T11:39:15.183+0000] {logging_mixin.py:137} INFO - [2023-03-03T11:39:15.183+0000] {dag.py:2690} INFO - Sync 1 DAGs
[2023-03-03T11:39:15.221+0000] {logging_mixin.py:137} INFO - [2023-03-03T11:39:15.221+0000] {dag.py:3441} INFO - Setting next_dagrun for example_branch_labels to 2023-03-02T00:00:00+00:00, run_after=2023-03-03T00:00:00+00:00
[2023-03-03T11:39:15.263+0000] {processor.py:175} INFO - Processing /home/airflow/.local/lib/python3.7/site-packages/airflow/example_dags/example_branch_labels.py took 0.121 seconds
[2023-03-03T11:39:45.460+0000] {processor.py:153} INFO - Started process (PID=3623) to work on /home/airflow/.local/lib/python3.7/site-packages/airflow/example_dags/example_branch_labels.py
[2023-03-03T11:39:45.462+0000] {processor.py:743} INFO - Processing file /home/airflow/.local/lib/python3.7/site-packages/airflow/example_dags/example_branch_labels.py for tasks to queue
[2023-03-03T11:39:45.463+0000] {logging_mixin.py:137} INFO - [2023-03-03T11:39:45.463+0000] {dagbag.py:538} INFO - Filling up the DagBag from /home/airflow/.local/lib/python3.7/site-packages/airflow/example_dags/example_branch_labels.py
[2023-03-03T11:39:45.475+0000] {processor.py:753} INFO - DAG(s) dict_keys(['example_branch_labels']) retrieved from /home/airflow/.local/lib/python3.7/site-packages/airflow/example_dags/example_branch_labels.py
[2023-03-03T11:39:45.499+0000] {logging_mixin.py:137} INFO - [2023-03-03T11:39:45.499+0000] {dag.py:2690} INFO - Sync 1 DAGs
[2023-03-03T11:39:45.518+0000] {logging_mixin.py:137} INFO - [2023-03-03T11:39:45.518+0000] {dag.py:3441} INFO - Setting next_dagrun for example_branch_labels to 2023-03-02T00:00:00+00:00, run_after=2023-03-03T00:00:00+00:00
[2023-03-03T11:39:45.531+0000] {processor.py:175} INFO - Processing /home/airflow/.local/lib/python3.7/site-packages/airflow/example_dags/example_branch_labels.py took 0.075 seconds
[2023-03-03T11:55:25.874+0000] {processor.py:153} INFO - Started process (PID=3685) to work on /home/airflow/.local/lib/python3.7/site-packages/airflow/example_dags/example_branch_labels.py
[2023-03-03T11:55:25.875+0000] {processor.py:743} INFO - Processing file /home/airflow/.local/lib/python3.7/site-packages/airflow/example_dags/example_branch_labels.py for tasks to queue
[2023-03-03T11:55:25.876+0000] {logging_mixin.py:137} INFO - [2023-03-03T11:55:25.876+0000] {dagbag.py:538} INFO - Filling up the DagBag from /home/airflow/.local/lib/python3.7/site-packages/airflow/example_dags/example_branch_labels.py
[2023-03-03T11:55:25.890+0000] {processor.py:753} INFO - DAG(s) dict_keys(['example_branch_labels']) retrieved from /home/airflow/.local/lib/python3.7/site-packages/airflow/example_dags/example_branch_labels.py
[2023-03-03T11:55:25.915+0000] {logging_mixin.py:137} INFO - [2023-03-03T11:55:25.915+0000] {dag.py:2690} INFO - Sync 1 DAGs
[2023-03-03T11:55:25.939+0000] {logging_mixin.py:137} INFO - [2023-03-03T11:55:25.939+0000] {dag.py:3441} INFO - Setting next_dagrun for example_branch_labels to 2023-03-02T00:00:00+00:00, run_after=2023-03-03T00:00:00+00:00
[2023-03-03T11:55:25.952+0000] {processor.py:175} INFO - Processing /home/airflow/.local/lib/python3.7/site-packages/airflow/example_dags/example_branch_labels.py took 0.082 seconds
[2023-03-03T12:52:43.630+0000] {processor.py:153} INFO - Started process (PID=3747) to work on /home/airflow/.local/lib/python3.7/site-packages/airflow/example_dags/example_branch_labels.py
[2023-03-03T12:52:43.631+0000] {processor.py:743} INFO - Processing file /home/airflow/.local/lib/python3.7/site-packages/airflow/example_dags/example_branch_labels.py for tasks to queue
[2023-03-03T12:52:43.632+0000] {logging_mixin.py:137} INFO - [2023-03-03T12:52:43.632+0000] {dagbag.py:538} INFO - Filling up the DagBag from /home/airflow/.local/lib/python3.7/site-packages/airflow/example_dags/example_branch_labels.py
[2023-03-03T12:52:43.645+0000] {processor.py:753} INFO - DAG(s) dict_keys(['example_branch_labels']) retrieved from /home/airflow/.local/lib/python3.7/site-packages/airflow/example_dags/example_branch_labels.py
[2023-03-03T12:52:43.667+0000] {logging_mixin.py:137} INFO - [2023-03-03T12:52:43.667+0000] {dag.py:2690} INFO - Sync 1 DAGs
[2023-03-03T12:52:43.686+0000] {logging_mixin.py:137} INFO - [2023-03-03T12:52:43.686+0000] {dag.py:3441} INFO - Setting next_dagrun for example_branch_labels to 2023-03-02T00:00:00+00:00, run_after=2023-03-03T00:00:00+00:00
[2023-03-03T12:52:43.702+0000] {processor.py:175} INFO - Processing /home/airflow/.local/lib/python3.7/site-packages/airflow/example_dags/example_branch_labels.py took 0.075 seconds
[2023-03-03T14:01:01.549+0000] {processor.py:153} INFO - Started process (PID=3822) to work on /home/airflow/.local/lib/python3.7/site-packages/airflow/example_dags/example_branch_labels.py
[2023-03-03T14:01:01.551+0000] {processor.py:743} INFO - Processing file /home/airflow/.local/lib/python3.7/site-packages/airflow/example_dags/example_branch_labels.py for tasks to queue
[2023-03-03T14:01:01.552+0000] {logging_mixin.py:137} INFO - [2023-03-03T14:01:01.552+0000] {dagbag.py:538} INFO - Filling up the DagBag from /home/airflow/.local/lib/python3.7/site-packages/airflow/example_dags/example_branch_labels.py
[2023-03-03T14:01:01.580+0000] {processor.py:753} INFO - DAG(s) dict_keys(['example_branch_labels']) retrieved from /home/airflow/.local/lib/python3.7/site-packages/airflow/example_dags/example_branch_labels.py
[2023-03-03T14:01:01.620+0000] {logging_mixin.py:137} INFO - [2023-03-03T14:01:01.620+0000] {dag.py:2690} INFO - Sync 1 DAGs
[2023-03-03T14:01:01.672+0000] {logging_mixin.py:137} INFO - [2023-03-03T14:01:01.671+0000] {dag.py:3441} INFO - Setting next_dagrun for example_branch_labels to 2023-03-02T00:00:00+00:00, run_after=2023-03-03T00:00:00+00:00
[2023-03-03T14:01:01.708+0000] {processor.py:175} INFO - Processing /home/airflow/.local/lib/python3.7/site-packages/airflow/example_dags/example_branch_labels.py took 0.162 seconds
[2023-03-03T14:44:34.281+0000] {processor.py:153} INFO - Started process (PID=3873) to work on /home/airflow/.local/lib/python3.7/site-packages/airflow/example_dags/example_branch_labels.py
[2023-03-03T14:44:34.291+0000] {processor.py:743} INFO - Processing file /home/airflow/.local/lib/python3.7/site-packages/airflow/example_dags/example_branch_labels.py for tasks to queue
[2023-03-03T14:44:34.293+0000] {logging_mixin.py:137} INFO - [2023-03-03T14:44:34.293+0000] {dagbag.py:538} INFO - Filling up the DagBag from /home/airflow/.local/lib/python3.7/site-packages/airflow/example_dags/example_branch_labels.py
[2023-03-03T14:44:34.342+0000] {processor.py:753} INFO - DAG(s) dict_keys(['example_branch_labels']) retrieved from /home/airflow/.local/lib/python3.7/site-packages/airflow/example_dags/example_branch_labels.py
[2023-03-03T14:44:34.405+0000] {logging_mixin.py:137} INFO - [2023-03-03T14:44:34.405+0000] {dag.py:2690} INFO - Sync 1 DAGs
[2023-03-03T14:44:35.276+0000] {logging_mixin.py:137} INFO - [2023-03-03T14:44:35.273+0000] {dag.py:3441} INFO - Setting next_dagrun for example_branch_labels to 2023-03-02T00:00:00+00:00, run_after=2023-03-03T00:00:00+00:00
[2023-03-03T14:44:35.428+0000] {processor.py:175} INFO - Processing /home/airflow/.local/lib/python3.7/site-packages/airflow/example_dags/example_branch_labels.py took 1.159 seconds
[2023-03-03T15:49:39.947+0000] {processor.py:153} INFO - Started process (PID=3936) to work on /home/airflow/.local/lib/python3.7/site-packages/airflow/example_dags/example_branch_labels.py
[2023-03-03T15:49:39.975+0000] {processor.py:743} INFO - Processing file /home/airflow/.local/lib/python3.7/site-packages/airflow/example_dags/example_branch_labels.py for tasks to queue
[2023-03-03T15:49:39.993+0000] {logging_mixin.py:137} INFO - [2023-03-03T15:49:39.988+0000] {dagbag.py:538} INFO - Filling up the DagBag from /home/airflow/.local/lib/python3.7/site-packages/airflow/example_dags/example_branch_labels.py
[2023-03-03T15:49:40.113+0000] {processor.py:753} INFO - DAG(s) dict_keys(['example_branch_labels']) retrieved from /home/airflow/.local/lib/python3.7/site-packages/airflow/example_dags/example_branch_labels.py
[2023-03-03T15:49:40.287+0000] {logging_mixin.py:137} INFO - [2023-03-03T15:49:40.287+0000] {dag.py:2690} INFO - Sync 1 DAGs
[2023-03-03T15:49:40.356+0000] {logging_mixin.py:137} INFO - [2023-03-03T15:49:40.356+0000] {dag.py:3441} INFO - Setting next_dagrun for example_branch_labels to 2023-03-02T00:00:00+00:00, run_after=2023-03-03T00:00:00+00:00
[2023-03-03T15:49:40.406+0000] {processor.py:175} INFO - Processing /home/airflow/.local/lib/python3.7/site-packages/airflow/example_dags/example_branch_labels.py took 0.495 seconds
[2023-03-03T16:32:36.546+0000] {processor.py:153} INFO - Started process (PID=3998) to work on /home/airflow/.local/lib/python3.7/site-packages/airflow/example_dags/example_branch_labels.py
[2023-03-03T16:32:36.553+0000] {processor.py:743} INFO - Processing file /home/airflow/.local/lib/python3.7/site-packages/airflow/example_dags/example_branch_labels.py for tasks to queue
[2023-03-03T16:32:36.556+0000] {logging_mixin.py:137} INFO - [2023-03-03T16:32:36.556+0000] {dagbag.py:538} INFO - Filling up the DagBag from /home/airflow/.local/lib/python3.7/site-packages/airflow/example_dags/example_branch_labels.py
[2023-03-03T16:32:36.577+0000] {processor.py:753} INFO - DAG(s) dict_keys(['example_branch_labels']) retrieved from /home/airflow/.local/lib/python3.7/site-packages/airflow/example_dags/example_branch_labels.py
[2023-03-03T16:32:36.606+0000] {logging_mixin.py:137} INFO - [2023-03-03T16:32:36.606+0000] {dag.py:2690} INFO - Sync 1 DAGs
[2023-03-03T16:32:36.644+0000] {logging_mixin.py:137} INFO - [2023-03-03T16:32:36.644+0000] {dag.py:3441} INFO - Setting next_dagrun for example_branch_labels to 2023-03-02T00:00:00+00:00, run_after=2023-03-03T00:00:00+00:00
[2023-03-03T16:32:36.658+0000] {processor.py:175} INFO - Processing /home/airflow/.local/lib/python3.7/site-packages/airflow/example_dags/example_branch_labels.py took 0.120 seconds
[2023-03-03T16:34:15.967+0000] {processor.py:153} INFO - Started process (PID=4050) to work on /home/airflow/.local/lib/python3.7/site-packages/airflow/example_dags/example_branch_labels.py
[2023-03-03T16:34:15.969+0000] {processor.py:743} INFO - Processing file /home/airflow/.local/lib/python3.7/site-packages/airflow/example_dags/example_branch_labels.py for tasks to queue
[2023-03-03T16:34:15.970+0000] {logging_mixin.py:137} INFO - [2023-03-03T16:34:15.970+0000] {dagbag.py:538} INFO - Filling up the DagBag from /home/airflow/.local/lib/python3.7/site-packages/airflow/example_dags/example_branch_labels.py
[2023-03-03T16:34:15.981+0000] {processor.py:753} INFO - DAG(s) dict_keys(['example_branch_labels']) retrieved from /home/airflow/.local/lib/python3.7/site-packages/airflow/example_dags/example_branch_labels.py
[2023-03-03T16:34:16.010+0000] {logging_mixin.py:137} INFO - [2023-03-03T16:34:16.010+0000] {dag.py:2690} INFO - Sync 1 DAGs
[2023-03-03T16:34:16.027+0000] {logging_mixin.py:137} INFO - [2023-03-03T16:34:16.027+0000] {dag.py:3441} INFO - Setting next_dagrun for example_branch_labels to 2023-03-02T00:00:00+00:00, run_after=2023-03-03T00:00:00+00:00
[2023-03-03T16:34:16.038+0000] {processor.py:175} INFO - Processing /home/airflow/.local/lib/python3.7/site-packages/airflow/example_dags/example_branch_labels.py took 0.075 seconds
[2023-03-03T16:51:21.791+0000] {processor.py:153} INFO - Started process (PID=4126) to work on /home/airflow/.local/lib/python3.7/site-packages/airflow/example_dags/example_branch_labels.py
[2023-03-03T16:51:21.792+0000] {processor.py:743} INFO - Processing file /home/airflow/.local/lib/python3.7/site-packages/airflow/example_dags/example_branch_labels.py for tasks to queue
[2023-03-03T16:51:21.793+0000] {logging_mixin.py:137} INFO - [2023-03-03T16:51:21.793+0000] {dagbag.py:538} INFO - Filling up the DagBag from /home/airflow/.local/lib/python3.7/site-packages/airflow/example_dags/example_branch_labels.py
[2023-03-03T16:51:21.804+0000] {processor.py:753} INFO - DAG(s) dict_keys(['example_branch_labels']) retrieved from /home/airflow/.local/lib/python3.7/site-packages/airflow/example_dags/example_branch_labels.py
[2023-03-03T16:51:21.825+0000] {logging_mixin.py:137} INFO - [2023-03-03T16:51:21.825+0000] {dag.py:2690} INFO - Sync 1 DAGs
[2023-03-03T16:51:21.841+0000] {logging_mixin.py:137} INFO - [2023-03-03T16:51:21.840+0000] {dag.py:3441} INFO - Setting next_dagrun for example_branch_labels to 2023-03-02T00:00:00+00:00, run_after=2023-03-03T00:00:00+00:00
[2023-03-03T16:51:21.851+0000] {processor.py:175} INFO - Processing /home/airflow/.local/lib/python3.7/site-packages/airflow/example_dags/example_branch_labels.py took 0.063 seconds
[2023-03-03T17:25:23.671+0000] {processor.py:153} INFO - Started process (PID=4189) to work on /home/airflow/.local/lib/python3.7/site-packages/airflow/example_dags/example_branch_labels.py
[2023-03-03T17:25:23.674+0000] {processor.py:743} INFO - Processing file /home/airflow/.local/lib/python3.7/site-packages/airflow/example_dags/example_branch_labels.py for tasks to queue
[2023-03-03T17:25:23.676+0000] {logging_mixin.py:137} INFO - [2023-03-03T17:25:23.676+0000] {dagbag.py:538} INFO - Filling up the DagBag from /home/airflow/.local/lib/python3.7/site-packages/airflow/example_dags/example_branch_labels.py
[2023-03-03T17:25:23.696+0000] {processor.py:753} INFO - DAG(s) dict_keys(['example_branch_labels']) retrieved from /home/airflow/.local/lib/python3.7/site-packages/airflow/example_dags/example_branch_labels.py
[2023-03-03T17:25:23.726+0000] {logging_mixin.py:137} INFO - [2023-03-03T17:25:23.726+0000] {dag.py:2690} INFO - Sync 1 DAGs
[2023-03-03T17:25:23.745+0000] {logging_mixin.py:137} INFO - [2023-03-03T17:25:23.745+0000] {dag.py:3441} INFO - Setting next_dagrun for example_branch_labels to 2023-03-02T00:00:00+00:00, run_after=2023-03-03T00:00:00+00:00
[2023-03-03T17:25:23.759+0000] {processor.py:175} INFO - Processing /home/airflow/.local/lib/python3.7/site-packages/airflow/example_dags/example_branch_labels.py took 0.091 seconds
[2023-03-03T18:12:18.918+0000] {processor.py:153} INFO - Started process (PID=4251) to work on /home/airflow/.local/lib/python3.7/site-packages/airflow/example_dags/example_branch_labels.py
[2023-03-03T18:12:18.923+0000] {processor.py:743} INFO - Processing file /home/airflow/.local/lib/python3.7/site-packages/airflow/example_dags/example_branch_labels.py for tasks to queue
[2023-03-03T18:12:18.925+0000] {logging_mixin.py:137} INFO - [2023-03-03T18:12:18.925+0000] {dagbag.py:538} INFO - Filling up the DagBag from /home/airflow/.local/lib/python3.7/site-packages/airflow/example_dags/example_branch_labels.py
[2023-03-03T18:12:18.945+0000] {processor.py:753} INFO - DAG(s) dict_keys(['example_branch_labels']) retrieved from /home/airflow/.local/lib/python3.7/site-packages/airflow/example_dags/example_branch_labels.py
[2023-03-03T18:12:18.977+0000] {logging_mixin.py:137} INFO - [2023-03-03T18:12:18.977+0000] {dag.py:2690} INFO - Sync 1 DAGs
[2023-03-03T18:12:19.013+0000] {logging_mixin.py:137} INFO - [2023-03-03T18:12:19.013+0000] {dag.py:3441} INFO - Setting next_dagrun for example_branch_labels to 2023-03-02T00:00:00+00:00, run_after=2023-03-03T00:00:00+00:00
[2023-03-03T18:12:19.031+0000] {processor.py:175} INFO - Processing /home/airflow/.local/lib/python3.7/site-packages/airflow/example_dags/example_branch_labels.py took 0.118 seconds
[2023-03-03T18:58:46.753+0000] {processor.py:153} INFO - Started process (PID=4333) to work on /home/airflow/.local/lib/python3.7/site-packages/airflow/example_dags/example_branch_labels.py
[2023-03-03T18:58:46.754+0000] {processor.py:743} INFO - Processing file /home/airflow/.local/lib/python3.7/site-packages/airflow/example_dags/example_branch_labels.py for tasks to queue
[2023-03-03T18:58:46.755+0000] {logging_mixin.py:137} INFO - [2023-03-03T18:58:46.755+0000] {dagbag.py:538} INFO - Filling up the DagBag from /home/airflow/.local/lib/python3.7/site-packages/airflow/example_dags/example_branch_labels.py
[2023-03-03T18:58:46.767+0000] {processor.py:753} INFO - DAG(s) dict_keys(['example_branch_labels']) retrieved from /home/airflow/.local/lib/python3.7/site-packages/airflow/example_dags/example_branch_labels.py
[2023-03-03T18:58:46.889+0000] {logging_mixin.py:137} INFO - [2023-03-03T18:58:46.889+0000] {dag.py:2690} INFO - Sync 1 DAGs
[2023-03-03T18:58:46.914+0000] {logging_mixin.py:137} INFO - [2023-03-03T18:58:46.914+0000] {dag.py:3441} INFO - Setting next_dagrun for example_branch_labels to 2023-03-02T00:00:00+00:00, run_after=2023-03-03T00:00:00+00:00
[2023-03-03T18:58:46.926+0000] {processor.py:175} INFO - Processing /home/airflow/.local/lib/python3.7/site-packages/airflow/example_dags/example_branch_labels.py took 0.176 seconds
[2023-03-03T19:44:09.330+0000] {processor.py:153} INFO - Started process (PID=4422) to work on /home/airflow/.local/lib/python3.7/site-packages/airflow/example_dags/example_branch_labels.py
[2023-03-03T19:44:09.347+0000] {processor.py:743} INFO - Processing file /home/airflow/.local/lib/python3.7/site-packages/airflow/example_dags/example_branch_labels.py for tasks to queue
[2023-03-03T19:44:09.370+0000] {logging_mixin.py:137} INFO - [2023-03-03T19:44:09.369+0000] {dagbag.py:538} INFO - Filling up the DagBag from /home/airflow/.local/lib/python3.7/site-packages/airflow/example_dags/example_branch_labels.py
[2023-03-03T19:44:11.011+0000] {processor.py:753} INFO - DAG(s) dict_keys(['example_branch_labels']) retrieved from /home/airflow/.local/lib/python3.7/site-packages/airflow/example_dags/example_branch_labels.py
[2023-03-03T19:44:12.236+0000] {logging_mixin.py:137} INFO - [2023-03-03T19:44:12.235+0000] {dag.py:2690} INFO - Sync 1 DAGs
[2023-03-03T19:44:13.275+0000] {logging_mixin.py:137} INFO - [2023-03-03T19:44:13.272+0000] {dag.py:3441} INFO - Setting next_dagrun for example_branch_labels to 2023-03-02T00:00:00+00:00, run_after=2023-03-03T00:00:00+00:00
[2023-03-03T19:44:14.331+0000] {processor.py:175} INFO - Processing /home/airflow/.local/lib/python3.7/site-packages/airflow/example_dags/example_branch_labels.py took 5.041 seconds
[2023-03-03T23:07:38.161+0000] {processor.py:153} INFO - Started process (PID=4512) to work on /home/airflow/.local/lib/python3.7/site-packages/airflow/example_dags/example_branch_labels.py
[2023-03-03T23:07:38.180+0000] {processor.py:743} INFO - Processing file /home/airflow/.local/lib/python3.7/site-packages/airflow/example_dags/example_branch_labels.py for tasks to queue
[2023-03-03T23:07:38.327+0000] {logging_mixin.py:137} INFO - [2023-03-03T23:07:38.295+0000] {dagbag.py:538} INFO - Filling up the DagBag from /home/airflow/.local/lib/python3.7/site-packages/airflow/example_dags/example_branch_labels.py
[2023-03-03T23:07:42.851+0000] {processor.py:753} INFO - DAG(s) dict_keys(['example_branch_labels']) retrieved from /home/airflow/.local/lib/python3.7/site-packages/airflow/example_dags/example_branch_labels.py
[2023-03-03T23:07:45.143+0000] {logging_mixin.py:137} INFO - [2023-03-03T23:07:45.132+0000] {dag.py:2690} INFO - Sync 1 DAGs
[2023-03-03T23:07:46.695+0000] {logging_mixin.py:137} INFO - [2023-03-03T23:07:46.693+0000] {dag.py:3441} INFO - Setting next_dagrun for example_branch_labels to 2023-03-02T00:00:00+00:00, run_after=2023-03-03T00:00:00+00:00
[2023-03-03T23:07:46.870+0000] {processor.py:175} INFO - Processing /home/airflow/.local/lib/python3.7/site-packages/airflow/example_dags/example_branch_labels.py took 9.090 seconds
