[2023-03-03T04:51:25.483+0000] {processor.py:153} INFO - Started process (PID=2564) to work on /home/airflow/.local/lib/python3.7/site-packages/airflow/example_dags/example_latest_only_with_trigger.py
[2023-03-03T04:51:25.485+0000] {processor.py:743} INFO - Processing file /home/airflow/.local/lib/python3.7/site-packages/airflow/example_dags/example_latest_only_with_trigger.py for tasks to queue
[2023-03-03T04:51:25.486+0000] {logging_mixin.py:137} INFO - [2023-03-03T04:51:25.486+0000] {dagbag.py:538} INFO - Filling up the DagBag from /home/airflow/.local/lib/python3.7/site-packages/airflow/example_dags/example_latest_only_with_trigger.py
[2023-03-03T04:51:25.500+0000] {processor.py:753} INFO - DAG(s) dict_keys(['latest_only_with_trigger']) retrieved from /home/airflow/.local/lib/python3.7/site-packages/airflow/example_dags/example_latest_only_with_trigger.py
[2023-03-03T04:51:25.547+0000] {logging_mixin.py:137} INFO - [2023-03-03T04:51:25.547+0000] {dag.py:2690} INFO - Sync 1 DAGs
[2023-03-03T04:51:25.569+0000] {logging_mixin.py:137} INFO - [2023-03-03T04:51:25.569+0000] {dag.py:3441} INFO - Setting next_dagrun for latest_only_with_trigger to 2023-03-03T00:51:25.569120+00:00, run_after=2023-03-03T04:51:25.569120+00:00
[2023-03-03T04:51:25.601+0000] {processor.py:175} INFO - Processing /home/airflow/.local/lib/python3.7/site-packages/airflow/example_dags/example_latest_only_with_trigger.py took 0.123 seconds
[2023-03-03T06:08:16.227+0000] {processor.py:153} INFO - Started process (PID=2619) to work on /home/airflow/.local/lib/python3.7/site-packages/airflow/example_dags/example_latest_only_with_trigger.py
[2023-03-03T06:08:16.229+0000] {processor.py:743} INFO - Processing file /home/airflow/.local/lib/python3.7/site-packages/airflow/example_dags/example_latest_only_with_trigger.py for tasks to queue
[2023-03-03T06:08:16.230+0000] {logging_mixin.py:137} INFO - [2023-03-03T06:08:16.230+0000] {dagbag.py:538} INFO - Filling up the DagBag from /home/airflow/.local/lib/python3.7/site-packages/airflow/example_dags/example_latest_only_with_trigger.py
[2023-03-03T06:08:16.253+0000] {processor.py:753} INFO - DAG(s) dict_keys(['latest_only_with_trigger']) retrieved from /home/airflow/.local/lib/python3.7/site-packages/airflow/example_dags/example_latest_only_with_trigger.py
[2023-03-03T06:08:16.335+0000] {logging_mixin.py:137} INFO - [2023-03-03T06:08:16.334+0000] {dag.py:2690} INFO - Sync 1 DAGs
[2023-03-03T06:08:16.389+0000] {logging_mixin.py:137} INFO - [2023-03-03T06:08:16.388+0000] {dag.py:3441} INFO - Setting next_dagrun for latest_only_with_trigger to 2023-03-03T02:08:16.388224+00:00, run_after=2023-03-03T06:08:16.388224+00:00
[2023-03-03T06:08:16.523+0000] {processor.py:175} INFO - Processing /home/airflow/.local/lib/python3.7/site-packages/airflow/example_dags/example_latest_only_with_trigger.py took 0.299 seconds
[2023-03-03T06:59:14.007+0000] {processor.py:153} INFO - Started process (PID=2683) to work on /home/airflow/.local/lib/python3.7/site-packages/airflow/example_dags/example_latest_only_with_trigger.py
[2023-03-03T06:59:14.009+0000] {processor.py:743} INFO - Processing file /home/airflow/.local/lib/python3.7/site-packages/airflow/example_dags/example_latest_only_with_trigger.py for tasks to queue
[2023-03-03T06:59:14.014+0000] {logging_mixin.py:137} INFO - [2023-03-03T06:59:14.013+0000] {dagbag.py:538} INFO - Filling up the DagBag from /home/airflow/.local/lib/python3.7/site-packages/airflow/example_dags/example_latest_only_with_trigger.py
[2023-03-03T06:59:14.051+0000] {processor.py:753} INFO - DAG(s) dict_keys(['latest_only_with_trigger']) retrieved from /home/airflow/.local/lib/python3.7/site-packages/airflow/example_dags/example_latest_only_with_trigger.py
[2023-03-03T06:59:14.110+0000] {logging_mixin.py:137} INFO - [2023-03-03T06:59:14.109+0000] {dag.py:2690} INFO - Sync 1 DAGs
[2023-03-03T06:59:14.164+0000] {logging_mixin.py:137} INFO - [2023-03-03T06:59:14.164+0000] {dag.py:3441} INFO - Setting next_dagrun for latest_only_with_trigger to 2023-03-03T02:59:14.163383+00:00, run_after=2023-03-03T06:59:14.163383+00:00
[2023-03-03T06:59:14.257+0000] {processor.py:175} INFO - Processing /home/airflow/.local/lib/python3.7/site-packages/airflow/example_dags/example_latest_only_with_trigger.py took 0.256 seconds
[2023-03-03T08:22:04.531+0000] {processor.py:153} INFO - Started process (PID=2746) to work on /home/airflow/.local/lib/python3.7/site-packages/airflow/example_dags/example_latest_only_with_trigger.py
[2023-03-03T08:22:04.534+0000] {processor.py:743} INFO - Processing file /home/airflow/.local/lib/python3.7/site-packages/airflow/example_dags/example_latest_only_with_trigger.py for tasks to queue
[2023-03-03T08:22:04.537+0000] {logging_mixin.py:137} INFO - [2023-03-03T08:22:04.536+0000] {dagbag.py:538} INFO - Filling up the DagBag from /home/airflow/.local/lib/python3.7/site-packages/airflow/example_dags/example_latest_only_with_trigger.py
[2023-03-03T08:22:04.595+0000] {processor.py:753} INFO - DAG(s) dict_keys(['latest_only_with_trigger']) retrieved from /home/airflow/.local/lib/python3.7/site-packages/airflow/example_dags/example_latest_only_with_trigger.py
[2023-03-03T08:22:04.709+0000] {logging_mixin.py:137} INFO - [2023-03-03T08:22:04.709+0000] {dag.py:2690} INFO - Sync 1 DAGs
[2023-03-03T08:22:04.779+0000] {logging_mixin.py:137} INFO - [2023-03-03T08:22:04.778+0000] {dag.py:3441} INFO - Setting next_dagrun for latest_only_with_trigger to 2023-03-03T04:22:04.778058+00:00, run_after=2023-03-03T08:22:04.778058+00:00
[2023-03-03T08:22:04.849+0000] {processor.py:175} INFO - Processing /home/airflow/.local/lib/python3.7/site-packages/airflow/example_dags/example_latest_only_with_trigger.py took 0.323 seconds
[2023-03-03T08:57:37.686+0000] {processor.py:153} INFO - Started process (PID=2818) to work on /home/airflow/.local/lib/python3.7/site-packages/airflow/example_dags/example_latest_only_with_trigger.py
[2023-03-03T08:57:37.690+0000] {processor.py:743} INFO - Processing file /home/airflow/.local/lib/python3.7/site-packages/airflow/example_dags/example_latest_only_with_trigger.py for tasks to queue
[2023-03-03T08:57:37.691+0000] {logging_mixin.py:137} INFO - [2023-03-03T08:57:37.691+0000] {dagbag.py:538} INFO - Filling up the DagBag from /home/airflow/.local/lib/python3.7/site-packages/airflow/example_dags/example_latest_only_with_trigger.py
[2023-03-03T08:57:37.736+0000] {processor.py:753} INFO - DAG(s) dict_keys(['latest_only_with_trigger']) retrieved from /home/airflow/.local/lib/python3.7/site-packages/airflow/example_dags/example_latest_only_with_trigger.py
[2023-03-03T08:57:37.809+0000] {logging_mixin.py:137} INFO - [2023-03-03T08:57:37.809+0000] {dag.py:2690} INFO - Sync 1 DAGs
[2023-03-03T08:57:37.899+0000] {logging_mixin.py:137} INFO - [2023-03-03T08:57:37.898+0000] {dag.py:3441} INFO - Setting next_dagrun for latest_only_with_trigger to 2023-03-03T04:57:37.897577+00:00, run_after=2023-03-03T08:57:37.897577+00:00
[2023-03-03T08:57:37.988+0000] {processor.py:175} INFO - Processing /home/airflow/.local/lib/python3.7/site-packages/airflow/example_dags/example_latest_only_with_trigger.py took 0.316 seconds
[2023-03-03T09:55:32.220+0000] {processor.py:153} INFO - Started process (PID=2881) to work on /home/airflow/.local/lib/python3.7/site-packages/airflow/example_dags/example_latest_only_with_trigger.py
[2023-03-03T09:55:32.222+0000] {processor.py:743} INFO - Processing file /home/airflow/.local/lib/python3.7/site-packages/airflow/example_dags/example_latest_only_with_trigger.py for tasks to queue
[2023-03-03T09:55:32.224+0000] {logging_mixin.py:137} INFO - [2023-03-03T09:55:32.223+0000] {dagbag.py:538} INFO - Filling up the DagBag from /home/airflow/.local/lib/python3.7/site-packages/airflow/example_dags/example_latest_only_with_trigger.py
[2023-03-03T09:55:32.240+0000] {processor.py:753} INFO - DAG(s) dict_keys(['latest_only_with_trigger']) retrieved from /home/airflow/.local/lib/python3.7/site-packages/airflow/example_dags/example_latest_only_with_trigger.py
[2023-03-03T09:55:32.293+0000] {logging_mixin.py:137} INFO - [2023-03-03T09:55:32.293+0000] {dag.py:2690} INFO - Sync 1 DAGs
[2023-03-03T09:55:32.342+0000] {logging_mixin.py:137} INFO - [2023-03-03T09:55:32.341+0000] {dag.py:3441} INFO - Setting next_dagrun for latest_only_with_trigger to 2023-03-03T05:55:32.341426+00:00, run_after=2023-03-03T09:55:32.341426+00:00
[2023-03-03T09:55:32.370+0000] {processor.py:175} INFO - Processing /home/airflow/.local/lib/python3.7/site-packages/airflow/example_dags/example_latest_only_with_trigger.py took 0.157 seconds
[2023-03-03T10:18:24.144+0000] {processor.py:153} INFO - Started process (PID=2943) to work on /home/airflow/.local/lib/python3.7/site-packages/airflow/example_dags/example_latest_only_with_trigger.py
[2023-03-03T10:18:24.148+0000] {processor.py:743} INFO - Processing file /home/airflow/.local/lib/python3.7/site-packages/airflow/example_dags/example_latest_only_with_trigger.py for tasks to queue
[2023-03-03T10:18:24.151+0000] {logging_mixin.py:137} INFO - [2023-03-03T10:18:24.151+0000] {dagbag.py:538} INFO - Filling up the DagBag from /home/airflow/.local/lib/python3.7/site-packages/airflow/example_dags/example_latest_only_with_trigger.py
[2023-03-03T10:18:24.228+0000] {processor.py:753} INFO - DAG(s) dict_keys(['latest_only_with_trigger']) retrieved from /home/airflow/.local/lib/python3.7/site-packages/airflow/example_dags/example_latest_only_with_trigger.py
[2023-03-03T10:18:24.360+0000] {logging_mixin.py:137} INFO - [2023-03-03T10:18:24.360+0000] {dag.py:2690} INFO - Sync 1 DAGs
[2023-03-03T10:18:24.399+0000] {logging_mixin.py:137} INFO - [2023-03-03T10:18:24.399+0000] {dag.py:3441} INFO - Setting next_dagrun for latest_only_with_trigger to 2023-03-03T06:18:24.399048+00:00, run_after=2023-03-03T10:18:24.399048+00:00
[2023-03-03T10:18:24.416+0000] {processor.py:175} INFO - Processing /home/airflow/.local/lib/python3.7/site-packages/airflow/example_dags/example_latest_only_with_trigger.py took 0.278 seconds
[2023-03-03T10:57:06.002+0000] {processor.py:153} INFO - Started process (PID=3006) to work on /home/airflow/.local/lib/python3.7/site-packages/airflow/example_dags/example_latest_only_with_trigger.py
[2023-03-03T10:57:06.007+0000] {processor.py:743} INFO - Processing file /home/airflow/.local/lib/python3.7/site-packages/airflow/example_dags/example_latest_only_with_trigger.py for tasks to queue
[2023-03-03T10:57:06.009+0000] {logging_mixin.py:137} INFO - [2023-03-03T10:57:06.009+0000] {dagbag.py:538} INFO - Filling up the DagBag from /home/airflow/.local/lib/python3.7/site-packages/airflow/example_dags/example_latest_only_with_trigger.py
[2023-03-03T10:57:06.060+0000] {processor.py:753} INFO - DAG(s) dict_keys(['latest_only_with_trigger']) retrieved from /home/airflow/.local/lib/python3.7/site-packages/airflow/example_dags/example_latest_only_with_trigger.py
[2023-03-03T10:57:06.140+0000] {logging_mixin.py:137} INFO - [2023-03-03T10:57:06.139+0000] {dag.py:2690} INFO - Sync 1 DAGs
[2023-03-03T10:57:06.189+0000] {logging_mixin.py:137} INFO - [2023-03-03T10:57:06.189+0000] {dag.py:3441} INFO - Setting next_dagrun for latest_only_with_trigger to 2023-03-03T06:57:06.188588+00:00, run_after=2023-03-03T10:57:06.188588+00:00
[2023-03-03T10:57:06.205+0000] {processor.py:175} INFO - Processing /home/airflow/.local/lib/python3.7/site-packages/airflow/example_dags/example_latest_only_with_trigger.py took 0.218 seconds
[2023-03-03T11:18:58.399+0000] {processor.py:153} INFO - Started process (PID=3059) to work on /home/airflow/.local/lib/python3.7/site-packages/airflow/example_dags/example_latest_only_with_trigger.py
[2023-03-03T11:18:58.401+0000] {processor.py:743} INFO - Processing file /home/airflow/.local/lib/python3.7/site-packages/airflow/example_dags/example_latest_only_with_trigger.py for tasks to queue
[2023-03-03T11:18:58.403+0000] {logging_mixin.py:137} INFO - [2023-03-03T11:18:58.403+0000] {dagbag.py:538} INFO - Filling up the DagBag from /home/airflow/.local/lib/python3.7/site-packages/airflow/example_dags/example_latest_only_with_trigger.py
[2023-03-03T11:18:58.416+0000] {processor.py:753} INFO - DAG(s) dict_keys(['latest_only_with_trigger']) retrieved from /home/airflow/.local/lib/python3.7/site-packages/airflow/example_dags/example_latest_only_with_trigger.py
[2023-03-03T11:18:58.448+0000] {logging_mixin.py:137} INFO - [2023-03-03T11:18:58.447+0000] {dag.py:2690} INFO - Sync 1 DAGs
[2023-03-03T11:18:58.476+0000] {logging_mixin.py:137} INFO - [2023-03-03T11:18:58.475+0000] {dag.py:3441} INFO - Setting next_dagrun for latest_only_with_trigger to 2023-03-03T07:18:58.475385+00:00, run_after=2023-03-03T11:18:58.475385+00:00
[2023-03-03T11:18:58.499+0000] {processor.py:175} INFO - Processing /home/airflow/.local/lib/python3.7/site-packages/airflow/example_dags/example_latest_only_with_trigger.py took 0.107 seconds
[2023-03-03T11:19:29.116+0000] {processor.py:153} INFO - Started process (PID=3135) to work on /home/airflow/.local/lib/python3.7/site-packages/airflow/example_dags/example_latest_only_with_trigger.py
[2023-03-03T11:19:29.119+0000] {processor.py:743} INFO - Processing file /home/airflow/.local/lib/python3.7/site-packages/airflow/example_dags/example_latest_only_with_trigger.py for tasks to queue
[2023-03-03T11:19:29.121+0000] {logging_mixin.py:137} INFO - [2023-03-03T11:19:29.120+0000] {dagbag.py:538} INFO - Filling up the DagBag from /home/airflow/.local/lib/python3.7/site-packages/airflow/example_dags/example_latest_only_with_trigger.py
[2023-03-03T11:19:29.137+0000] {processor.py:753} INFO - DAG(s) dict_keys(['latest_only_with_trigger']) retrieved from /home/airflow/.local/lib/python3.7/site-packages/airflow/example_dags/example_latest_only_with_trigger.py
[2023-03-03T11:19:29.162+0000] {logging_mixin.py:137} INFO - [2023-03-03T11:19:29.162+0000] {dag.py:2690} INFO - Sync 1 DAGs
[2023-03-03T11:19:29.180+0000] {logging_mixin.py:137} INFO - [2023-03-03T11:19:29.180+0000] {dag.py:3441} INFO - Setting next_dagrun for latest_only_with_trigger to 2023-03-03T07:19:29.180510+00:00, run_after=2023-03-03T11:19:29.180510+00:00
[2023-03-03T11:19:29.195+0000] {processor.py:175} INFO - Processing /home/airflow/.local/lib/python3.7/site-packages/airflow/example_dags/example_latest_only_with_trigger.py took 0.084 seconds
[2023-03-03T11:19:59.282+0000] {processor.py:153} INFO - Started process (PID=3197) to work on /home/airflow/.local/lib/python3.7/site-packages/airflow/example_dags/example_latest_only_with_trigger.py
[2023-03-03T11:19:59.283+0000] {processor.py:743} INFO - Processing file /home/airflow/.local/lib/python3.7/site-packages/airflow/example_dags/example_latest_only_with_trigger.py for tasks to queue
[2023-03-03T11:19:59.284+0000] {logging_mixin.py:137} INFO - [2023-03-03T11:19:59.284+0000] {dagbag.py:538} INFO - Filling up the DagBag from /home/airflow/.local/lib/python3.7/site-packages/airflow/example_dags/example_latest_only_with_trigger.py
[2023-03-03T11:19:59.295+0000] {processor.py:753} INFO - DAG(s) dict_keys(['latest_only_with_trigger']) retrieved from /home/airflow/.local/lib/python3.7/site-packages/airflow/example_dags/example_latest_only_with_trigger.py
[2023-03-03T11:19:59.319+0000] {logging_mixin.py:137} INFO - [2023-03-03T11:19:59.319+0000] {dag.py:2690} INFO - Sync 1 DAGs
[2023-03-03T11:19:59.336+0000] {logging_mixin.py:137} INFO - [2023-03-03T11:19:59.336+0000] {dag.py:3441} INFO - Setting next_dagrun for latest_only_with_trigger to 2023-03-03T07:19:59.336561+00:00, run_after=2023-03-03T11:19:59.336561+00:00
[2023-03-03T11:19:59.350+0000] {processor.py:175} INFO - Processing /home/airflow/.local/lib/python3.7/site-packages/airflow/example_dags/example_latest_only_with_trigger.py took 0.071 seconds
[2023-03-03T11:37:10.802+0000] {processor.py:153} INFO - Started process (PID=3248) to work on /home/airflow/.local/lib/python3.7/site-packages/airflow/example_dags/example_latest_only_with_trigger.py
[2023-03-03T11:37:10.804+0000] {processor.py:743} INFO - Processing file /home/airflow/.local/lib/python3.7/site-packages/airflow/example_dags/example_latest_only_with_trigger.py for tasks to queue
[2023-03-03T11:37:10.806+0000] {logging_mixin.py:137} INFO - [2023-03-03T11:37:10.805+0000] {dagbag.py:538} INFO - Filling up the DagBag from /home/airflow/.local/lib/python3.7/site-packages/airflow/example_dags/example_latest_only_with_trigger.py
[2023-03-03T11:37:10.830+0000] {processor.py:753} INFO - DAG(s) dict_keys(['latest_only_with_trigger']) retrieved from /home/airflow/.local/lib/python3.7/site-packages/airflow/example_dags/example_latest_only_with_trigger.py
[2023-03-03T11:37:10.864+0000] {logging_mixin.py:137} INFO - [2023-03-03T11:37:10.863+0000] {dag.py:2690} INFO - Sync 1 DAGs
[2023-03-03T11:37:10.886+0000] {logging_mixin.py:137} INFO - [2023-03-03T11:37:10.886+0000] {dag.py:3441} INFO - Setting next_dagrun for latest_only_with_trigger to 2023-03-03T07:37:10.886377+00:00, run_after=2023-03-03T11:37:10.886377+00:00
[2023-03-03T11:37:10.925+0000] {processor.py:175} INFO - Processing /home/airflow/.local/lib/python3.7/site-packages/airflow/example_dags/example_latest_only_with_trigger.py took 0.128 seconds
[2023-03-03T11:37:41.936+0000] {processor.py:153} INFO - Started process (PID=3323) to work on /home/airflow/.local/lib/python3.7/site-packages/airflow/example_dags/example_latest_only_with_trigger.py
[2023-03-03T11:37:41.938+0000] {processor.py:743} INFO - Processing file /home/airflow/.local/lib/python3.7/site-packages/airflow/example_dags/example_latest_only_with_trigger.py for tasks to queue
[2023-03-03T11:37:41.940+0000] {logging_mixin.py:137} INFO - [2023-03-03T11:37:41.940+0000] {dagbag.py:538} INFO - Filling up the DagBag from /home/airflow/.local/lib/python3.7/site-packages/airflow/example_dags/example_latest_only_with_trigger.py
[2023-03-03T11:37:41.957+0000] {processor.py:753} INFO - DAG(s) dict_keys(['latest_only_with_trigger']) retrieved from /home/airflow/.local/lib/python3.7/site-packages/airflow/example_dags/example_latest_only_with_trigger.py
[2023-03-03T11:37:41.991+0000] {logging_mixin.py:137} INFO - [2023-03-03T11:37:41.991+0000] {dag.py:2690} INFO - Sync 1 DAGs
[2023-03-03T11:37:42.020+0000] {logging_mixin.py:137} INFO - [2023-03-03T11:37:42.019+0000] {dag.py:3441} INFO - Setting next_dagrun for latest_only_with_trigger to 2023-03-03T07:37:42.019071+00:00, run_after=2023-03-03T11:37:42.019071+00:00
[2023-03-03T11:37:42.040+0000] {processor.py:175} INFO - Processing /home/airflow/.local/lib/python3.7/site-packages/airflow/example_dags/example_latest_only_with_trigger.py took 0.110 seconds
[2023-03-03T11:38:12.108+0000] {processor.py:153} INFO - Started process (PID=3386) to work on /home/airflow/.local/lib/python3.7/site-packages/airflow/example_dags/example_latest_only_with_trigger.py
[2023-03-03T11:38:12.109+0000] {processor.py:743} INFO - Processing file /home/airflow/.local/lib/python3.7/site-packages/airflow/example_dags/example_latest_only_with_trigger.py for tasks to queue
[2023-03-03T11:38:12.110+0000] {logging_mixin.py:137} INFO - [2023-03-03T11:38:12.110+0000] {dagbag.py:538} INFO - Filling up the DagBag from /home/airflow/.local/lib/python3.7/site-packages/airflow/example_dags/example_latest_only_with_trigger.py
[2023-03-03T11:38:12.119+0000] {processor.py:753} INFO - DAG(s) dict_keys(['latest_only_with_trigger']) retrieved from /home/airflow/.local/lib/python3.7/site-packages/airflow/example_dags/example_latest_only_with_trigger.py
[2023-03-03T11:38:12.138+0000] {logging_mixin.py:137} INFO - [2023-03-03T11:38:12.138+0000] {dag.py:2690} INFO - Sync 1 DAGs
[2023-03-03T11:38:12.152+0000] {logging_mixin.py:137} INFO - [2023-03-03T11:38:12.152+0000] {dag.py:3441} INFO - Setting next_dagrun for latest_only_with_trigger to 2023-03-03T07:38:12.152542+00:00, run_after=2023-03-03T11:38:12.152542+00:00
[2023-03-03T11:38:12.163+0000] {processor.py:175} INFO - Processing /home/airflow/.local/lib/python3.7/site-packages/airflow/example_dags/example_latest_only_with_trigger.py took 0.058 seconds
[2023-03-03T11:38:42.603+0000] {processor.py:153} INFO - Started process (PID=3461) to work on /home/airflow/.local/lib/python3.7/site-packages/airflow/example_dags/example_latest_only_with_trigger.py
[2023-03-03T11:38:42.604+0000] {processor.py:743} INFO - Processing file /home/airflow/.local/lib/python3.7/site-packages/airflow/example_dags/example_latest_only_with_trigger.py for tasks to queue
[2023-03-03T11:38:42.605+0000] {logging_mixin.py:137} INFO - [2023-03-03T11:38:42.605+0000] {dagbag.py:538} INFO - Filling up the DagBag from /home/airflow/.local/lib/python3.7/site-packages/airflow/example_dags/example_latest_only_with_trigger.py
[2023-03-03T11:38:42.622+0000] {processor.py:753} INFO - DAG(s) dict_keys(['latest_only_with_trigger']) retrieved from /home/airflow/.local/lib/python3.7/site-packages/airflow/example_dags/example_latest_only_with_trigger.py
[2023-03-03T11:38:42.649+0000] {logging_mixin.py:137} INFO - [2023-03-03T11:38:42.649+0000] {dag.py:2690} INFO - Sync 1 DAGs
[2023-03-03T11:38:42.668+0000] {logging_mixin.py:137} INFO - [2023-03-03T11:38:42.668+0000] {dag.py:3441} INFO - Setting next_dagrun for latest_only_with_trigger to 2023-03-03T07:38:42.668455+00:00, run_after=2023-03-03T11:38:42.668455+00:00
[2023-03-03T11:38:42.682+0000] {processor.py:175} INFO - Processing /home/airflow/.local/lib/python3.7/site-packages/airflow/example_dags/example_latest_only_with_trigger.py took 0.083 seconds
[2023-03-03T11:39:12.753+0000] {processor.py:153} INFO - Started process (PID=3524) to work on /home/airflow/.local/lib/python3.7/site-packages/airflow/example_dags/example_latest_only_with_trigger.py
[2023-03-03T11:39:12.754+0000] {processor.py:743} INFO - Processing file /home/airflow/.local/lib/python3.7/site-packages/airflow/example_dags/example_latest_only_with_trigger.py for tasks to queue
[2023-03-03T11:39:12.755+0000] {logging_mixin.py:137} INFO - [2023-03-03T11:39:12.755+0000] {dagbag.py:538} INFO - Filling up the DagBag from /home/airflow/.local/lib/python3.7/site-packages/airflow/example_dags/example_latest_only_with_trigger.py
[2023-03-03T11:39:12.766+0000] {processor.py:753} INFO - DAG(s) dict_keys(['latest_only_with_trigger']) retrieved from /home/airflow/.local/lib/python3.7/site-packages/airflow/example_dags/example_latest_only_with_trigger.py
[2023-03-03T11:39:12.786+0000] {logging_mixin.py:137} INFO - [2023-03-03T11:39:12.786+0000] {dag.py:2690} INFO - Sync 1 DAGs
[2023-03-03T11:39:12.804+0000] {logging_mixin.py:137} INFO - [2023-03-03T11:39:12.804+0000] {dag.py:3441} INFO - Setting next_dagrun for latest_only_with_trigger to 2023-03-03T07:39:12.803937+00:00, run_after=2023-03-03T11:39:12.803937+00:00
[2023-03-03T11:39:12.819+0000] {processor.py:175} INFO - Processing /home/airflow/.local/lib/python3.7/site-packages/airflow/example_dags/example_latest_only_with_trigger.py took 0.069 seconds
[2023-03-03T11:39:43.213+0000] {processor.py:153} INFO - Started process (PID=3600) to work on /home/airflow/.local/lib/python3.7/site-packages/airflow/example_dags/example_latest_only_with_trigger.py
[2023-03-03T11:39:43.216+0000] {processor.py:743} INFO - Processing file /home/airflow/.local/lib/python3.7/site-packages/airflow/example_dags/example_latest_only_with_trigger.py for tasks to queue
[2023-03-03T11:39:43.217+0000] {logging_mixin.py:137} INFO - [2023-03-03T11:39:43.217+0000] {dagbag.py:538} INFO - Filling up the DagBag from /home/airflow/.local/lib/python3.7/site-packages/airflow/example_dags/example_latest_only_with_trigger.py
[2023-03-03T11:39:43.248+0000] {processor.py:753} INFO - DAG(s) dict_keys(['latest_only_with_trigger']) retrieved from /home/airflow/.local/lib/python3.7/site-packages/airflow/example_dags/example_latest_only_with_trigger.py
[2023-03-03T11:39:43.295+0000] {logging_mixin.py:137} INFO - [2023-03-03T11:39:43.295+0000] {dag.py:2690} INFO - Sync 1 DAGs
[2023-03-03T11:39:43.325+0000] {logging_mixin.py:137} INFO - [2023-03-03T11:39:43.325+0000] {dag.py:3441} INFO - Setting next_dagrun for latest_only_with_trigger to 2023-03-03T07:39:43.324939+00:00, run_after=2023-03-03T11:39:43.324939+00:00
[2023-03-03T11:39:43.344+0000] {processor.py:175} INFO - Processing /home/airflow/.local/lib/python3.7/site-packages/airflow/example_dags/example_latest_only_with_trigger.py took 0.135 seconds
[2023-03-03T11:55:23.571+0000] {processor.py:153} INFO - Started process (PID=3662) to work on /home/airflow/.local/lib/python3.7/site-packages/airflow/example_dags/example_latest_only_with_trigger.py
[2023-03-03T11:55:23.574+0000] {processor.py:743} INFO - Processing file /home/airflow/.local/lib/python3.7/site-packages/airflow/example_dags/example_latest_only_with_trigger.py for tasks to queue
[2023-03-03T11:55:23.576+0000] {logging_mixin.py:137} INFO - [2023-03-03T11:55:23.576+0000] {dagbag.py:538} INFO - Filling up the DagBag from /home/airflow/.local/lib/python3.7/site-packages/airflow/example_dags/example_latest_only_with_trigger.py
[2023-03-03T11:55:23.598+0000] {processor.py:753} INFO - DAG(s) dict_keys(['latest_only_with_trigger']) retrieved from /home/airflow/.local/lib/python3.7/site-packages/airflow/example_dags/example_latest_only_with_trigger.py
[2023-03-03T11:55:23.639+0000] {logging_mixin.py:137} INFO - [2023-03-03T11:55:23.639+0000] {dag.py:2690} INFO - Sync 1 DAGs
[2023-03-03T11:55:23.658+0000] {logging_mixin.py:137} INFO - [2023-03-03T11:55:23.658+0000] {dag.py:3441} INFO - Setting next_dagrun for latest_only_with_trigger to 2023-03-03T07:55:23.658528+00:00, run_after=2023-03-03T11:55:23.658528+00:00
[2023-03-03T11:55:23.670+0000] {processor.py:175} INFO - Processing /home/airflow/.local/lib/python3.7/site-packages/airflow/example_dags/example_latest_only_with_trigger.py took 0.107 seconds
[2023-03-03T12:52:41.919+0000] {processor.py:153} INFO - Started process (PID=3724) to work on /home/airflow/.local/lib/python3.7/site-packages/airflow/example_dags/example_latest_only_with_trigger.py
[2023-03-03T12:52:41.920+0000] {processor.py:743} INFO - Processing file /home/airflow/.local/lib/python3.7/site-packages/airflow/example_dags/example_latest_only_with_trigger.py for tasks to queue
[2023-03-03T12:52:41.921+0000] {logging_mixin.py:137} INFO - [2023-03-03T12:52:41.921+0000] {dagbag.py:538} INFO - Filling up the DagBag from /home/airflow/.local/lib/python3.7/site-packages/airflow/example_dags/example_latest_only_with_trigger.py
[2023-03-03T12:52:41.933+0000] {processor.py:753} INFO - DAG(s) dict_keys(['latest_only_with_trigger']) retrieved from /home/airflow/.local/lib/python3.7/site-packages/airflow/example_dags/example_latest_only_with_trigger.py
[2023-03-03T12:52:41.990+0000] {logging_mixin.py:137} INFO - [2023-03-03T12:52:41.989+0000] {dag.py:2690} INFO - Sync 1 DAGs
[2023-03-03T12:52:42.014+0000] {logging_mixin.py:137} INFO - [2023-03-03T12:52:42.013+0000] {dag.py:3441} INFO - Setting next_dagrun for latest_only_with_trigger to 2023-03-03T08:52:42.013602+00:00, run_after=2023-03-03T12:52:42.013602+00:00
[2023-03-03T12:52:42.029+0000] {processor.py:175} INFO - Processing /home/airflow/.local/lib/python3.7/site-packages/airflow/example_dags/example_latest_only_with_trigger.py took 0.115 seconds
[2023-03-03T14:00:46.319+0000] {processor.py:153} INFO - Started process (PID=3787) to work on /home/airflow/.local/lib/python3.7/site-packages/airflow/example_dags/example_latest_only_with_trigger.py
[2023-03-03T14:00:46.323+0000] {processor.py:743} INFO - Processing file /home/airflow/.local/lib/python3.7/site-packages/airflow/example_dags/example_latest_only_with_trigger.py for tasks to queue
[2023-03-03T14:00:46.326+0000] {logging_mixin.py:137} INFO - [2023-03-03T14:00:46.325+0000] {dagbag.py:538} INFO - Filling up the DagBag from /home/airflow/.local/lib/python3.7/site-packages/airflow/example_dags/example_latest_only_with_trigger.py
[2023-03-03T14:00:46.405+0000] {processor.py:753} INFO - DAG(s) dict_keys(['latest_only_with_trigger']) retrieved from /home/airflow/.local/lib/python3.7/site-packages/airflow/example_dags/example_latest_only_with_trigger.py
[2023-03-03T14:00:46.575+0000] {logging_mixin.py:137} INFO - [2023-03-03T14:00:46.575+0000] {dag.py:2690} INFO - Sync 1 DAGs
[2023-03-03T14:00:46.624+0000] {logging_mixin.py:137} INFO - [2023-03-03T14:00:46.623+0000] {dag.py:3441} INFO - Setting next_dagrun for latest_only_with_trigger to 2023-03-03T10:00:46.622429+00:00, run_after=2023-03-03T14:00:46.622429+00:00
[2023-03-03T14:00:46.702+0000] {processor.py:175} INFO - Processing /home/airflow/.local/lib/python3.7/site-packages/airflow/example_dags/example_latest_only_with_trigger.py took 0.420 seconds
[2023-03-03T14:44:29.732+0000] {processor.py:153} INFO - Started process (PID=3850) to work on /home/airflow/.local/lib/python3.7/site-packages/airflow/example_dags/example_latest_only_with_trigger.py
[2023-03-03T14:44:29.753+0000] {processor.py:743} INFO - Processing file /home/airflow/.local/lib/python3.7/site-packages/airflow/example_dags/example_latest_only_with_trigger.py for tasks to queue
[2023-03-03T14:44:29.759+0000] {logging_mixin.py:137} INFO - [2023-03-03T14:44:29.759+0000] {dagbag.py:538} INFO - Filling up the DagBag from /home/airflow/.local/lib/python3.7/site-packages/airflow/example_dags/example_latest_only_with_trigger.py
[2023-03-03T14:44:29.808+0000] {processor.py:753} INFO - DAG(s) dict_keys(['latest_only_with_trigger']) retrieved from /home/airflow/.local/lib/python3.7/site-packages/airflow/example_dags/example_latest_only_with_trigger.py
[2023-03-03T14:44:29.927+0000] {logging_mixin.py:137} INFO - [2023-03-03T14:44:29.927+0000] {dag.py:2690} INFO - Sync 1 DAGs
[2023-03-03T14:44:30.016+0000] {logging_mixin.py:137} INFO - [2023-03-03T14:44:30.014+0000] {dag.py:3441} INFO - Setting next_dagrun for latest_only_with_trigger to 2023-03-03T10:44:30.012721+00:00, run_after=2023-03-03T14:44:30.012721+00:00
[2023-03-03T14:44:30.087+0000] {processor.py:175} INFO - Processing /home/airflow/.local/lib/python3.7/site-packages/airflow/example_dags/example_latest_only_with_trigger.py took 0.372 seconds
[2023-03-03T15:49:29.408+0000] {processor.py:153} INFO - Started process (PID=3910) to work on /home/airflow/.local/lib/python3.7/site-packages/airflow/example_dags/example_latest_only_with_trigger.py
[2023-03-03T15:49:29.416+0000] {processor.py:743} INFO - Processing file /home/airflow/.local/lib/python3.7/site-packages/airflow/example_dags/example_latest_only_with_trigger.py for tasks to queue
[2023-03-03T15:49:29.421+0000] {logging_mixin.py:137} INFO - [2023-03-03T15:49:29.420+0000] {dagbag.py:538} INFO - Filling up the DagBag from /home/airflow/.local/lib/python3.7/site-packages/airflow/example_dags/example_latest_only_with_trigger.py
[2023-03-03T15:49:29.474+0000] {processor.py:753} INFO - DAG(s) dict_keys(['latest_only_with_trigger']) retrieved from /home/airflow/.local/lib/python3.7/site-packages/airflow/example_dags/example_latest_only_with_trigger.py
[2023-03-03T15:49:29.544+0000] {logging_mixin.py:137} INFO - [2023-03-03T15:49:29.544+0000] {dag.py:2690} INFO - Sync 1 DAGs
[2023-03-03T15:49:29.714+0000] {logging_mixin.py:137} INFO - [2023-03-03T15:49:29.713+0000] {dag.py:3441} INFO - Setting next_dagrun for latest_only_with_trigger to 2023-03-03T11:49:29.705154+00:00, run_after=2023-03-03T15:49:29.705154+00:00
[2023-03-03T15:49:29.821+0000] {processor.py:175} INFO - Processing /home/airflow/.local/lib/python3.7/site-packages/airflow/example_dags/example_latest_only_with_trigger.py took 0.433 seconds
[2023-03-03T16:32:28.215+0000] {processor.py:153} INFO - Started process (PID=3963) to work on /home/airflow/.local/lib/python3.7/site-packages/airflow/example_dags/example_latest_only_with_trigger.py
[2023-03-03T16:32:28.218+0000] {processor.py:743} INFO - Processing file /home/airflow/.local/lib/python3.7/site-packages/airflow/example_dags/example_latest_only_with_trigger.py for tasks to queue
[2023-03-03T16:32:28.221+0000] {logging_mixin.py:137} INFO - [2023-03-03T16:32:28.221+0000] {dagbag.py:538} INFO - Filling up the DagBag from /home/airflow/.local/lib/python3.7/site-packages/airflow/example_dags/example_latest_only_with_trigger.py
[2023-03-03T16:32:28.249+0000] {processor.py:753} INFO - DAG(s) dict_keys(['latest_only_with_trigger']) retrieved from /home/airflow/.local/lib/python3.7/site-packages/airflow/example_dags/example_latest_only_with_trigger.py
[2023-03-03T16:32:28.373+0000] {logging_mixin.py:137} INFO - [2023-03-03T16:32:28.372+0000] {dag.py:2690} INFO - Sync 1 DAGs
[2023-03-03T16:32:28.532+0000] {logging_mixin.py:137} INFO - [2023-03-03T16:32:28.531+0000] {dag.py:3441} INFO - Setting next_dagrun for latest_only_with_trigger to 2023-03-03T12:32:28.515010+00:00, run_after=2023-03-03T16:32:28.515010+00:00
[2023-03-03T16:32:28.672+0000] {processor.py:175} INFO - Processing /home/airflow/.local/lib/python3.7/site-packages/airflow/example_dags/example_latest_only_with_trigger.py took 0.467 seconds
[2023-03-03T16:34:14.537+0000] {processor.py:153} INFO - Started process (PID=4027) to work on /home/airflow/.local/lib/python3.7/site-packages/airflow/example_dags/example_latest_only_with_trigger.py
[2023-03-03T16:34:14.539+0000] {processor.py:743} INFO - Processing file /home/airflow/.local/lib/python3.7/site-packages/airflow/example_dags/example_latest_only_with_trigger.py for tasks to queue
[2023-03-03T16:34:14.540+0000] {logging_mixin.py:137} INFO - [2023-03-03T16:34:14.540+0000] {dagbag.py:538} INFO - Filling up the DagBag from /home/airflow/.local/lib/python3.7/site-packages/airflow/example_dags/example_latest_only_with_trigger.py
[2023-03-03T16:34:14.550+0000] {processor.py:753} INFO - DAG(s) dict_keys(['latest_only_with_trigger']) retrieved from /home/airflow/.local/lib/python3.7/site-packages/airflow/example_dags/example_latest_only_with_trigger.py
[2023-03-03T16:34:14.571+0000] {logging_mixin.py:137} INFO - [2023-03-03T16:34:14.571+0000] {dag.py:2690} INFO - Sync 1 DAGs
[2023-03-03T16:34:14.591+0000] {logging_mixin.py:137} INFO - [2023-03-03T16:34:14.591+0000] {dag.py:3441} INFO - Setting next_dagrun for latest_only_with_trigger to 2023-03-03T12:34:14.591394+00:00, run_after=2023-03-03T16:34:14.591394+00:00
[2023-03-03T16:34:14.603+0000] {processor.py:175} INFO - Processing /home/airflow/.local/lib/python3.7/site-packages/airflow/example_dags/example_latest_only_with_trigger.py took 0.069 seconds
[2023-03-03T16:51:18.443+0000] {processor.py:153} INFO - Started process (PID=4091) to work on /home/airflow/.local/lib/python3.7/site-packages/airflow/example_dags/example_latest_only_with_trigger.py
[2023-03-03T16:51:18.456+0000] {processor.py:743} INFO - Processing file /home/airflow/.local/lib/python3.7/site-packages/airflow/example_dags/example_latest_only_with_trigger.py for tasks to queue
[2023-03-03T16:51:18.462+0000] {logging_mixin.py:137} INFO - [2023-03-03T16:51:18.461+0000] {dagbag.py:538} INFO - Filling up the DagBag from /home/airflow/.local/lib/python3.7/site-packages/airflow/example_dags/example_latest_only_with_trigger.py
[2023-03-03T16:51:18.521+0000] {processor.py:753} INFO - DAG(s) dict_keys(['latest_only_with_trigger']) retrieved from /home/airflow/.local/lib/python3.7/site-packages/airflow/example_dags/example_latest_only_with_trigger.py
[2023-03-03T16:51:18.784+0000] {logging_mixin.py:137} INFO - [2023-03-03T16:51:18.783+0000] {dag.py:2690} INFO - Sync 1 DAGs
[2023-03-03T16:51:19.065+0000] {logging_mixin.py:137} INFO - [2023-03-03T16:51:19.064+0000] {dag.py:3441} INFO - Setting next_dagrun for latest_only_with_trigger to 2023-03-03T12:51:19.063427+00:00, run_after=2023-03-03T16:51:19.063427+00:00
[2023-03-03T16:51:19.141+0000] {processor.py:175} INFO - Processing /home/airflow/.local/lib/python3.7/site-packages/airflow/example_dags/example_latest_only_with_trigger.py took 0.735 seconds
[2023-03-03T17:25:21.724+0000] {processor.py:153} INFO - Started process (PID=4166) to work on /home/airflow/.local/lib/python3.7/site-packages/airflow/example_dags/example_latest_only_with_trigger.py
[2023-03-03T17:25:21.726+0000] {processor.py:743} INFO - Processing file /home/airflow/.local/lib/python3.7/site-packages/airflow/example_dags/example_latest_only_with_trigger.py for tasks to queue
[2023-03-03T17:25:21.726+0000] {logging_mixin.py:137} INFO - [2023-03-03T17:25:21.726+0000] {dagbag.py:538} INFO - Filling up the DagBag from /home/airflow/.local/lib/python3.7/site-packages/airflow/example_dags/example_latest_only_with_trigger.py
[2023-03-03T17:25:21.748+0000] {processor.py:753} INFO - DAG(s) dict_keys(['latest_only_with_trigger']) retrieved from /home/airflow/.local/lib/python3.7/site-packages/airflow/example_dags/example_latest_only_with_trigger.py
[2023-03-03T17:25:21.793+0000] {logging_mixin.py:137} INFO - [2023-03-03T17:25:21.793+0000] {dag.py:2690} INFO - Sync 1 DAGs
[2023-03-03T17:25:21.818+0000] {logging_mixin.py:137} INFO - [2023-03-03T17:25:21.818+0000] {dag.py:3441} INFO - Setting next_dagrun for latest_only_with_trigger to 2023-03-03T13:25:21.818216+00:00, run_after=2023-03-03T17:25:21.818216+00:00
[2023-03-03T17:25:21.834+0000] {processor.py:175} INFO - Processing /home/airflow/.local/lib/python3.7/site-packages/airflow/example_dags/example_latest_only_with_trigger.py took 0.113 seconds
[2023-03-03T18:12:15.295+0000] {processor.py:153} INFO - Started process (PID=4228) to work on /home/airflow/.local/lib/python3.7/site-packages/airflow/example_dags/example_latest_only_with_trigger.py
[2023-03-03T18:12:15.298+0000] {processor.py:743} INFO - Processing file /home/airflow/.local/lib/python3.7/site-packages/airflow/example_dags/example_latest_only_with_trigger.py for tasks to queue
[2023-03-03T18:12:15.300+0000] {logging_mixin.py:137} INFO - [2023-03-03T18:12:15.300+0000] {dagbag.py:538} INFO - Filling up the DagBag from /home/airflow/.local/lib/python3.7/site-packages/airflow/example_dags/example_latest_only_with_trigger.py
[2023-03-03T18:12:15.316+0000] {processor.py:753} INFO - DAG(s) dict_keys(['latest_only_with_trigger']) retrieved from /home/airflow/.local/lib/python3.7/site-packages/airflow/example_dags/example_latest_only_with_trigger.py
[2023-03-03T18:12:15.377+0000] {logging_mixin.py:137} INFO - [2023-03-03T18:12:15.377+0000] {dag.py:2690} INFO - Sync 1 DAGs
[2023-03-03T18:12:15.420+0000] {logging_mixin.py:137} INFO - [2023-03-03T18:12:15.420+0000] {dag.py:3441} INFO - Setting next_dagrun for latest_only_with_trigger to 2023-03-03T14:12:15.419895+00:00, run_after=2023-03-03T18:12:15.419895+00:00
[2023-03-03T18:12:15.451+0000] {processor.py:175} INFO - Processing /home/airflow/.local/lib/python3.7/site-packages/airflow/example_dags/example_latest_only_with_trigger.py took 0.165 seconds
[2023-03-03T18:41:59.494+0000] {processor.py:153} INFO - Started process (PID=4298) to work on /home/airflow/.local/lib/python3.7/site-packages/airflow/example_dags/example_latest_only_with_trigger.py
[2023-03-03T18:41:59.499+0000] {processor.py:743} INFO - Processing file /home/airflow/.local/lib/python3.7/site-packages/airflow/example_dags/example_latest_only_with_trigger.py for tasks to queue
[2023-03-03T18:41:59.502+0000] {logging_mixin.py:137} INFO - [2023-03-03T18:41:59.502+0000] {dagbag.py:538} INFO - Filling up the DagBag from /home/airflow/.local/lib/python3.7/site-packages/airflow/example_dags/example_latest_only_with_trigger.py
[2023-03-03T18:41:59.676+0000] {processor.py:753} INFO - DAG(s) dict_keys(['latest_only_with_trigger']) retrieved from /home/airflow/.local/lib/python3.7/site-packages/airflow/example_dags/example_latest_only_with_trigger.py
[2023-03-03T18:42:01.648+0000] {logging_mixin.py:137} INFO - [2023-03-03T18:42:01.616+0000] {dag.py:2690} INFO - Sync 1 DAGs
[2023-03-03T18:42:02.086+0000] {logging_mixin.py:137} INFO - [2023-03-03T18:42:02.083+0000] {dag.py:3441} INFO - Setting next_dagrun for latest_only_with_trigger to 2023-03-03T14:42:02.041413+00:00, run_after=2023-03-03T18:42:02.041413+00:00
[2023-03-03T18:42:02.245+0000] {processor.py:175} INFO - Processing /home/airflow/.local/lib/python3.7/site-packages/airflow/example_dags/example_latest_only_with_trigger.py took 2.797 seconds
[2023-03-03T18:58:48.758+0000] {processor.py:153} INFO - Started process (PID=4361) to work on /home/airflow/.local/lib/python3.7/site-packages/airflow/example_dags/example_latest_only_with_trigger.py
[2023-03-03T18:58:48.761+0000] {processor.py:743} INFO - Processing file /home/airflow/.local/lib/python3.7/site-packages/airflow/example_dags/example_latest_only_with_trigger.py for tasks to queue
[2023-03-03T18:58:48.763+0000] {logging_mixin.py:137} INFO - [2023-03-03T18:58:48.763+0000] {dagbag.py:538} INFO - Filling up the DagBag from /home/airflow/.local/lib/python3.7/site-packages/airflow/example_dags/example_latest_only_with_trigger.py
[2023-03-03T18:58:48.812+0000] {processor.py:753} INFO - DAG(s) dict_keys(['latest_only_with_trigger']) retrieved from /home/airflow/.local/lib/python3.7/site-packages/airflow/example_dags/example_latest_only_with_trigger.py
[2023-03-03T18:58:48.917+0000] {logging_mixin.py:137} INFO - [2023-03-03T18:58:48.917+0000] {dag.py:2690} INFO - Sync 1 DAGs
[2023-03-03T18:58:48.988+0000] {logging_mixin.py:137} INFO - [2023-03-03T18:58:48.988+0000] {dag.py:3441} INFO - Setting next_dagrun for latest_only_with_trigger to 2023-03-03T14:58:48.987782+00:00, run_after=2023-03-03T18:58:48.987782+00:00
[2023-03-03T18:58:49.041+0000] {processor.py:175} INFO - Processing /home/airflow/.local/lib/python3.7/site-packages/airflow/example_dags/example_latest_only_with_trigger.py took 0.289 seconds
[2023-03-03T19:43:51.366+0000] {processor.py:153} INFO - Started process (PID=4387) to work on /home/airflow/.local/lib/python3.7/site-packages/airflow/example_dags/example_latest_only_with_trigger.py
[2023-03-03T19:43:51.368+0000] {processor.py:743} INFO - Processing file /home/airflow/.local/lib/python3.7/site-packages/airflow/example_dags/example_latest_only_with_trigger.py for tasks to queue
[2023-03-03T19:43:51.370+0000] {logging_mixin.py:137} INFO - [2023-03-03T19:43:51.370+0000] {dagbag.py:538} INFO - Filling up the DagBag from /home/airflow/.local/lib/python3.7/site-packages/airflow/example_dags/example_latest_only_with_trigger.py
[2023-03-03T19:43:51.386+0000] {processor.py:753} INFO - DAG(s) dict_keys(['latest_only_with_trigger']) retrieved from /home/airflow/.local/lib/python3.7/site-packages/airflow/example_dags/example_latest_only_with_trigger.py
[2023-03-03T19:43:51.414+0000] {logging_mixin.py:137} INFO - [2023-03-03T19:43:51.414+0000] {dag.py:2690} INFO - Sync 1 DAGs
[2023-03-03T19:43:51.437+0000] {logging_mixin.py:137} INFO - [2023-03-03T19:43:51.436+0000] {dag.py:3441} INFO - Setting next_dagrun for latest_only_with_trigger to 2023-03-03T15:43:51.435787+00:00, run_after=2023-03-03T19:43:51.435787+00:00
[2023-03-03T19:43:51.479+0000] {processor.py:175} INFO - Processing /home/airflow/.local/lib/python3.7/site-packages/airflow/example_dags/example_latest_only_with_trigger.py took 0.120 seconds
[2023-03-03T21:15:40.539+0000] {processor.py:153} INFO - Started process (PID=4459) to work on /home/airflow/.local/lib/python3.7/site-packages/airflow/example_dags/example_latest_only_with_trigger.py
[2023-03-03T21:15:41.295+0000] {processor.py:743} INFO - Processing file /home/airflow/.local/lib/python3.7/site-packages/airflow/example_dags/example_latest_only_with_trigger.py for tasks to queue
[2023-03-03T21:15:41.886+0000] {logging_mixin.py:137} INFO - [2023-03-03T21:15:41.617+0000] {dagbag.py:538} INFO - Filling up the DagBag from /home/airflow/.local/lib/python3.7/site-packages/airflow/example_dags/example_latest_only_with_trigger.py
[2023-03-03T21:15:43.706+0000] {processor.py:753} INFO - DAG(s) dict_keys(['latest_only_with_trigger']) retrieved from /home/airflow/.local/lib/python3.7/site-packages/airflow/example_dags/example_latest_only_with_trigger.py
[2023-03-03T21:15:44.051+0000] {logging_mixin.py:137} INFO - [2023-03-03T21:15:44.051+0000] {dag.py:2690} INFO - Sync 1 DAGs
