[2023-03-03T04:51:25.107+0000] {processor.py:153} INFO - Started process (PID=2560) to work on /home/airflow/.local/lib/python3.7/site-packages/airflow/example_dags/example_task_group_decorator.py
[2023-03-03T04:51:25.109+0000] {processor.py:743} INFO - Processing file /home/airflow/.local/lib/python3.7/site-packages/airflow/example_dags/example_task_group_decorator.py for tasks to queue
[2023-03-03T04:51:25.110+0000] {logging_mixin.py:137} INFO - [2023-03-03T04:51:25.110+0000] {dagbag.py:538} INFO - Filling up the DagBag from /home/airflow/.local/lib/python3.7/site-packages/airflow/example_dags/example_task_group_decorator.py
[2023-03-03T04:51:25.140+0000] {processor.py:753} INFO - DAG(s) dict_keys(['example_task_group_decorator']) retrieved from /home/airflow/.local/lib/python3.7/site-packages/airflow/example_dags/example_task_group_decorator.py
[2023-03-03T04:51:25.191+0000] {logging_mixin.py:137} INFO - [2023-03-03T04:51:25.191+0000] {dag.py:2690} INFO - Sync 1 DAGs
[2023-03-03T04:51:25.225+0000] {logging_mixin.py:137} INFO - [2023-03-03T04:51:25.225+0000] {dag.py:3441} INFO - Setting next_dagrun for example_task_group_decorator to 2023-03-02T04:51:25.225333+00:00, run_after=2023-03-03T04:51:25.225333+00:00
[2023-03-03T04:51:25.243+0000] {processor.py:175} INFO - Processing /home/airflow/.local/lib/python3.7/site-packages/airflow/example_dags/example_task_group_decorator.py took 0.140 seconds
[2023-03-03T06:08:15.583+0000] {processor.py:153} INFO - Started process (PID=2615) to work on /home/airflow/.local/lib/python3.7/site-packages/airflow/example_dags/example_task_group_decorator.py
[2023-03-03T06:08:15.595+0000] {processor.py:743} INFO - Processing file /home/airflow/.local/lib/python3.7/site-packages/airflow/example_dags/example_task_group_decorator.py for tasks to queue
[2023-03-03T06:08:15.603+0000] {logging_mixin.py:137} INFO - [2023-03-03T06:08:15.602+0000] {dagbag.py:538} INFO - Filling up the DagBag from /home/airflow/.local/lib/python3.7/site-packages/airflow/example_dags/example_task_group_decorator.py
[2023-03-03T06:08:15.693+0000] {processor.py:753} INFO - DAG(s) dict_keys(['example_task_group_decorator']) retrieved from /home/airflow/.local/lib/python3.7/site-packages/airflow/example_dags/example_task_group_decorator.py
[2023-03-03T06:08:15.783+0000] {logging_mixin.py:137} INFO - [2023-03-03T06:08:15.782+0000] {dag.py:2690} INFO - Sync 1 DAGs
[2023-03-03T06:08:15.834+0000] {logging_mixin.py:137} INFO - [2023-03-03T06:08:15.834+0000] {dag.py:3441} INFO - Setting next_dagrun for example_task_group_decorator to 2023-03-02T06:08:15.832124+00:00, run_after=2023-03-03T06:08:15.832124+00:00
[2023-03-03T06:08:15.908+0000] {processor.py:175} INFO - Processing /home/airflow/.local/lib/python3.7/site-packages/airflow/example_dags/example_task_group_decorator.py took 0.347 seconds
[2023-03-03T06:59:12.670+0000] {processor.py:153} INFO - Started process (PID=2679) to work on /home/airflow/.local/lib/python3.7/site-packages/airflow/example_dags/example_task_group_decorator.py
[2023-03-03T06:59:12.690+0000] {processor.py:743} INFO - Processing file /home/airflow/.local/lib/python3.7/site-packages/airflow/example_dags/example_task_group_decorator.py for tasks to queue
[2023-03-03T06:59:12.699+0000] {logging_mixin.py:137} INFO - [2023-03-03T06:59:12.699+0000] {dagbag.py:538} INFO - Filling up the DagBag from /home/airflow/.local/lib/python3.7/site-packages/airflow/example_dags/example_task_group_decorator.py
[2023-03-03T06:59:12.897+0000] {processor.py:753} INFO - DAG(s) dict_keys(['example_task_group_decorator']) retrieved from /home/airflow/.local/lib/python3.7/site-packages/airflow/example_dags/example_task_group_decorator.py
[2023-03-03T06:59:13.068+0000] {logging_mixin.py:137} INFO - [2023-03-03T06:59:13.067+0000] {dag.py:2690} INFO - Sync 1 DAGs
[2023-03-03T06:59:13.303+0000] {logging_mixin.py:137} INFO - [2023-03-03T06:59:13.302+0000] {dag.py:3441} INFO - Setting next_dagrun for example_task_group_decorator to 2023-03-02T06:59:13.283170+00:00, run_after=2023-03-03T06:59:13.283170+00:00
[2023-03-03T06:59:13.490+0000] {processor.py:175} INFO - Processing /home/airflow/.local/lib/python3.7/site-packages/airflow/example_dags/example_task_group_decorator.py took 0.896 seconds
[2023-03-03T08:22:03.534+0000] {processor.py:153} INFO - Started process (PID=2742) to work on /home/airflow/.local/lib/python3.7/site-packages/airflow/example_dags/example_task_group_decorator.py
[2023-03-03T08:22:03.538+0000] {processor.py:743} INFO - Processing file /home/airflow/.local/lib/python3.7/site-packages/airflow/example_dags/example_task_group_decorator.py for tasks to queue
[2023-03-03T08:22:03.545+0000] {logging_mixin.py:137} INFO - [2023-03-03T08:22:03.544+0000] {dagbag.py:538} INFO - Filling up the DagBag from /home/airflow/.local/lib/python3.7/site-packages/airflow/example_dags/example_task_group_decorator.py
[2023-03-03T08:22:03.642+0000] {processor.py:753} INFO - DAG(s) dict_keys(['example_task_group_decorator']) retrieved from /home/airflow/.local/lib/python3.7/site-packages/airflow/example_dags/example_task_group_decorator.py
[2023-03-03T08:22:03.780+0000] {logging_mixin.py:137} INFO - [2023-03-03T08:22:03.779+0000] {dag.py:2690} INFO - Sync 1 DAGs
[2023-03-03T08:22:03.854+0000] {logging_mixin.py:137} INFO - [2023-03-03T08:22:03.854+0000] {dag.py:3441} INFO - Setting next_dagrun for example_task_group_decorator to 2023-03-02T08:22:03.853486+00:00, run_after=2023-03-03T08:22:03.853486+00:00
[2023-03-03T08:22:03.916+0000] {processor.py:175} INFO - Processing /home/airflow/.local/lib/python3.7/site-packages/airflow/example_dags/example_task_group_decorator.py took 0.394 seconds
[2023-03-03T08:57:36.039+0000] {processor.py:153} INFO - Started process (PID=2805) to work on /home/airflow/.local/lib/python3.7/site-packages/airflow/example_dags/example_task_group_decorator.py
[2023-03-03T08:57:36.073+0000] {processor.py:743} INFO - Processing file /home/airflow/.local/lib/python3.7/site-packages/airflow/example_dags/example_task_group_decorator.py for tasks to queue
[2023-03-03T08:57:36.088+0000] {logging_mixin.py:137} INFO - [2023-03-03T08:57:36.087+0000] {dagbag.py:538} INFO - Filling up the DagBag from /home/airflow/.local/lib/python3.7/site-packages/airflow/example_dags/example_task_group_decorator.py
[2023-03-03T08:57:36.268+0000] {processor.py:753} INFO - DAG(s) dict_keys(['example_task_group_decorator']) retrieved from /home/airflow/.local/lib/python3.7/site-packages/airflow/example_dags/example_task_group_decorator.py
[2023-03-03T08:57:36.429+0000] {logging_mixin.py:137} INFO - [2023-03-03T08:57:36.428+0000] {dag.py:2690} INFO - Sync 1 DAGs
[2023-03-03T08:57:36.715+0000] {logging_mixin.py:137} INFO - [2023-03-03T08:57:36.714+0000] {dag.py:3441} INFO - Setting next_dagrun for example_task_group_decorator to 2023-03-02T08:57:36.712679+00:00, run_after=2023-03-03T08:57:36.712679+00:00
[2023-03-03T08:57:36.969+0000] {processor.py:175} INFO - Processing /home/airflow/.local/lib/python3.7/site-packages/airflow/example_dags/example_task_group_decorator.py took 0.979 seconds
[2023-03-03T09:55:31.030+0000] {processor.py:153} INFO - Started process (PID=2875) to work on /home/airflow/.local/lib/python3.7/site-packages/airflow/example_dags/example_task_group_decorator.py
[2023-03-03T09:55:31.044+0000] {processor.py:743} INFO - Processing file /home/airflow/.local/lib/python3.7/site-packages/airflow/example_dags/example_task_group_decorator.py for tasks to queue
[2023-03-03T09:55:31.047+0000] {logging_mixin.py:137} INFO - [2023-03-03T09:55:31.047+0000] {dagbag.py:538} INFO - Filling up the DagBag from /home/airflow/.local/lib/python3.7/site-packages/airflow/example_dags/example_task_group_decorator.py
[2023-03-03T09:55:31.206+0000] {processor.py:753} INFO - DAG(s) dict_keys(['example_task_group_decorator']) retrieved from /home/airflow/.local/lib/python3.7/site-packages/airflow/example_dags/example_task_group_decorator.py
[2023-03-03T09:55:31.349+0000] {logging_mixin.py:137} INFO - [2023-03-03T09:55:31.349+0000] {dag.py:2690} INFO - Sync 1 DAGs
[2023-03-03T09:55:31.470+0000] {logging_mixin.py:137} INFO - [2023-03-03T09:55:31.470+0000] {dag.py:3441} INFO - Setting next_dagrun for example_task_group_decorator to 2023-03-02T09:55:31.469687+00:00, run_after=2023-03-03T09:55:31.469687+00:00
[2023-03-03T09:55:31.557+0000] {processor.py:175} INFO - Processing /home/airflow/.local/lib/python3.7/site-packages/airflow/example_dags/example_task_group_decorator.py took 0.559 seconds
[2023-03-03T10:18:22.533+0000] {processor.py:153} INFO - Started process (PID=2930) to work on /home/airflow/.local/lib/python3.7/site-packages/airflow/example_dags/example_task_group_decorator.py
[2023-03-03T10:18:22.539+0000] {processor.py:743} INFO - Processing file /home/airflow/.local/lib/python3.7/site-packages/airflow/example_dags/example_task_group_decorator.py for tasks to queue
[2023-03-03T10:18:22.549+0000] {logging_mixin.py:137} INFO - [2023-03-03T10:18:22.549+0000] {dagbag.py:538} INFO - Filling up the DagBag from /home/airflow/.local/lib/python3.7/site-packages/airflow/example_dags/example_task_group_decorator.py
[2023-03-03T10:18:23.059+0000] {processor.py:753} INFO - DAG(s) dict_keys(['example_task_group_decorator']) retrieved from /home/airflow/.local/lib/python3.7/site-packages/airflow/example_dags/example_task_group_decorator.py
[2023-03-03T10:18:23.587+0000] {logging_mixin.py:137} INFO - [2023-03-03T10:18:23.584+0000] {dag.py:2690} INFO - Sync 1 DAGs
[2023-03-03T10:18:23.674+0000] {logging_mixin.py:137} INFO - [2023-03-03T10:18:23.674+0000] {dag.py:3441} INFO - Setting next_dagrun for example_task_group_decorator to 2023-03-02T10:18:23.673327+00:00, run_after=2023-03-03T10:18:23.673327+00:00
[2023-03-03T10:18:23.761+0000] {processor.py:175} INFO - Processing /home/airflow/.local/lib/python3.7/site-packages/airflow/example_dags/example_task_group_decorator.py took 1.249 seconds
[2023-03-03T10:57:05.176+0000] {processor.py:153} INFO - Started process (PID=3002) to work on /home/airflow/.local/lib/python3.7/site-packages/airflow/example_dags/example_task_group_decorator.py
[2023-03-03T10:57:05.178+0000] {processor.py:743} INFO - Processing file /home/airflow/.local/lib/python3.7/site-packages/airflow/example_dags/example_task_group_decorator.py for tasks to queue
[2023-03-03T10:57:05.179+0000] {logging_mixin.py:137} INFO - [2023-03-03T10:57:05.179+0000] {dagbag.py:538} INFO - Filling up the DagBag from /home/airflow/.local/lib/python3.7/site-packages/airflow/example_dags/example_task_group_decorator.py
[2023-03-03T10:57:05.226+0000] {processor.py:753} INFO - DAG(s) dict_keys(['example_task_group_decorator']) retrieved from /home/airflow/.local/lib/python3.7/site-packages/airflow/example_dags/example_task_group_decorator.py
[2023-03-03T10:57:05.356+0000] {logging_mixin.py:137} INFO - [2023-03-03T10:57:05.356+0000] {dag.py:2690} INFO - Sync 1 DAGs
[2023-03-03T10:57:05.399+0000] {logging_mixin.py:137} INFO - [2023-03-03T10:57:05.399+0000] {dag.py:3441} INFO - Setting next_dagrun for example_task_group_decorator to 2023-03-02T10:57:05.399299+00:00, run_after=2023-03-03T10:57:05.399299+00:00
[2023-03-03T10:57:05.419+0000] {processor.py:175} INFO - Processing /home/airflow/.local/lib/python3.7/site-packages/airflow/example_dags/example_task_group_decorator.py took 0.248 seconds
[2023-03-03T11:18:57.302+0000] {processor.py:153} INFO - Started process (PID=3055) to work on /home/airflow/.local/lib/python3.7/site-packages/airflow/example_dags/example_task_group_decorator.py
[2023-03-03T11:18:57.310+0000] {processor.py:743} INFO - Processing file /home/airflow/.local/lib/python3.7/site-packages/airflow/example_dags/example_task_group_decorator.py for tasks to queue
[2023-03-03T11:18:57.319+0000] {logging_mixin.py:137} INFO - [2023-03-03T11:18:57.318+0000] {dagbag.py:538} INFO - Filling up the DagBag from /home/airflow/.local/lib/python3.7/site-packages/airflow/example_dags/example_task_group_decorator.py
[2023-03-03T11:18:57.435+0000] {processor.py:753} INFO - DAG(s) dict_keys(['example_task_group_decorator']) retrieved from /home/airflow/.local/lib/python3.7/site-packages/airflow/example_dags/example_task_group_decorator.py
[2023-03-03T11:18:57.576+0000] {logging_mixin.py:137} INFO - [2023-03-03T11:18:57.576+0000] {dag.py:2690} INFO - Sync 1 DAGs
[2023-03-03T11:18:57.655+0000] {logging_mixin.py:137} INFO - [2023-03-03T11:18:57.653+0000] {dag.py:3441} INFO - Setting next_dagrun for example_task_group_decorator to 2023-03-02T11:18:57.651218+00:00, run_after=2023-03-03T11:18:57.651218+00:00
[2023-03-03T11:18:57.753+0000] {processor.py:175} INFO - Processing /home/airflow/.local/lib/python3.7/site-packages/airflow/example_dags/example_task_group_decorator.py took 0.465 seconds
[2023-03-03T11:19:27.906+0000] {processor.py:153} INFO - Started process (PID=3131) to work on /home/airflow/.local/lib/python3.7/site-packages/airflow/example_dags/example_task_group_decorator.py
[2023-03-03T11:19:27.908+0000] {processor.py:743} INFO - Processing file /home/airflow/.local/lib/python3.7/site-packages/airflow/example_dags/example_task_group_decorator.py for tasks to queue
[2023-03-03T11:19:27.909+0000] {logging_mixin.py:137} INFO - [2023-03-03T11:19:27.909+0000] {dagbag.py:538} INFO - Filling up the DagBag from /home/airflow/.local/lib/python3.7/site-packages/airflow/example_dags/example_task_group_decorator.py
[2023-03-03T11:19:27.961+0000] {processor.py:753} INFO - DAG(s) dict_keys(['example_task_group_decorator']) retrieved from /home/airflow/.local/lib/python3.7/site-packages/airflow/example_dags/example_task_group_decorator.py
[2023-03-03T11:19:28.012+0000] {logging_mixin.py:137} INFO - [2023-03-03T11:19:28.011+0000] {dag.py:2690} INFO - Sync 1 DAGs
[2023-03-03T11:19:28.063+0000] {logging_mixin.py:137} INFO - [2023-03-03T11:19:28.063+0000] {dag.py:3441} INFO - Setting next_dagrun for example_task_group_decorator to 2023-03-02T11:19:28.062658+00:00, run_after=2023-03-03T11:19:28.062658+00:00
[2023-03-03T11:19:28.081+0000] {processor.py:175} INFO - Processing /home/airflow/.local/lib/python3.7/site-packages/airflow/example_dags/example_task_group_decorator.py took 0.178 seconds
[2023-03-03T11:19:59.079+0000] {processor.py:153} INFO - Started process (PID=3193) to work on /home/airflow/.local/lib/python3.7/site-packages/airflow/example_dags/example_task_group_decorator.py
[2023-03-03T11:19:59.080+0000] {processor.py:743} INFO - Processing file /home/airflow/.local/lib/python3.7/site-packages/airflow/example_dags/example_task_group_decorator.py for tasks to queue
[2023-03-03T11:19:59.081+0000] {logging_mixin.py:137} INFO - [2023-03-03T11:19:59.081+0000] {dagbag.py:538} INFO - Filling up the DagBag from /home/airflow/.local/lib/python3.7/site-packages/airflow/example_dags/example_task_group_decorator.py
[2023-03-03T11:19:59.099+0000] {processor.py:753} INFO - DAG(s) dict_keys(['example_task_group_decorator']) retrieved from /home/airflow/.local/lib/python3.7/site-packages/airflow/example_dags/example_task_group_decorator.py
[2023-03-03T11:19:59.120+0000] {logging_mixin.py:137} INFO - [2023-03-03T11:19:59.120+0000] {dag.py:2690} INFO - Sync 1 DAGs
[2023-03-03T11:19:59.134+0000] {logging_mixin.py:137} INFO - [2023-03-03T11:19:59.134+0000] {dag.py:3441} INFO - Setting next_dagrun for example_task_group_decorator to 2023-03-02T11:19:59.134690+00:00, run_after=2023-03-03T11:19:59.134690+00:00
[2023-03-03T11:19:59.145+0000] {processor.py:175} INFO - Processing /home/airflow/.local/lib/python3.7/site-packages/airflow/example_dags/example_task_group_decorator.py took 0.070 seconds
[2023-03-03T11:37:09.959+0000] {processor.py:153} INFO - Started process (PID=3244) to work on /home/airflow/.local/lib/python3.7/site-packages/airflow/example_dags/example_task_group_decorator.py
[2023-03-03T11:37:09.963+0000] {processor.py:743} INFO - Processing file /home/airflow/.local/lib/python3.7/site-packages/airflow/example_dags/example_task_group_decorator.py for tasks to queue
[2023-03-03T11:37:09.966+0000] {logging_mixin.py:137} INFO - [2023-03-03T11:37:09.966+0000] {dagbag.py:538} INFO - Filling up the DagBag from /home/airflow/.local/lib/python3.7/site-packages/airflow/example_dags/example_task_group_decorator.py
[2023-03-03T11:37:10.092+0000] {processor.py:753} INFO - DAG(s) dict_keys(['example_task_group_decorator']) retrieved from /home/airflow/.local/lib/python3.7/site-packages/airflow/example_dags/example_task_group_decorator.py
[2023-03-03T11:37:10.193+0000] {logging_mixin.py:137} INFO - [2023-03-03T11:37:10.192+0000] {dag.py:2690} INFO - Sync 1 DAGs
[2023-03-03T11:37:10.287+0000] {logging_mixin.py:137} INFO - [2023-03-03T11:37:10.286+0000] {dag.py:3441} INFO - Setting next_dagrun for example_task_group_decorator to 2023-03-02T11:37:10.286404+00:00, run_after=2023-03-03T11:37:10.286404+00:00
[2023-03-03T11:37:10.318+0000] {processor.py:175} INFO - Processing /home/airflow/.local/lib/python3.7/site-packages/airflow/example_dags/example_task_group_decorator.py took 0.388 seconds
[2023-03-03T11:37:40.461+0000] {processor.py:153} INFO - Started process (PID=3307) to work on /home/airflow/.local/lib/python3.7/site-packages/airflow/example_dags/example_task_group_decorator.py
[2023-03-03T11:37:40.464+0000] {processor.py:743} INFO - Processing file /home/airflow/.local/lib/python3.7/site-packages/airflow/example_dags/example_task_group_decorator.py for tasks to queue
[2023-03-03T11:37:40.466+0000] {logging_mixin.py:137} INFO - [2023-03-03T11:37:40.466+0000] {dagbag.py:538} INFO - Filling up the DagBag from /home/airflow/.local/lib/python3.7/site-packages/airflow/example_dags/example_task_group_decorator.py
[2023-03-03T11:37:40.498+0000] {processor.py:753} INFO - DAG(s) dict_keys(['example_task_group_decorator']) retrieved from /home/airflow/.local/lib/python3.7/site-packages/airflow/example_dags/example_task_group_decorator.py
[2023-03-03T11:37:40.526+0000] {logging_mixin.py:137} INFO - [2023-03-03T11:37:40.526+0000] {dag.py:2690} INFO - Sync 1 DAGs
[2023-03-03T11:37:40.544+0000] {logging_mixin.py:137} INFO - [2023-03-03T11:37:40.544+0000] {dag.py:3441} INFO - Setting next_dagrun for example_task_group_decorator to 2023-03-02T11:37:40.544550+00:00, run_after=2023-03-03T11:37:40.544550+00:00
[2023-03-03T11:37:40.557+0000] {processor.py:175} INFO - Processing /home/airflow/.local/lib/python3.7/site-packages/airflow/example_dags/example_task_group_decorator.py took 0.101 seconds
[2023-03-03T11:38:10.766+0000] {processor.py:153} INFO - Started process (PID=3382) to work on /home/airflow/.local/lib/python3.7/site-packages/airflow/example_dags/example_task_group_decorator.py
[2023-03-03T11:38:10.767+0000] {processor.py:743} INFO - Processing file /home/airflow/.local/lib/python3.7/site-packages/airflow/example_dags/example_task_group_decorator.py for tasks to queue
[2023-03-03T11:38:10.768+0000] {logging_mixin.py:137} INFO - [2023-03-03T11:38:10.768+0000] {dagbag.py:538} INFO - Filling up the DagBag from /home/airflow/.local/lib/python3.7/site-packages/airflow/example_dags/example_task_group_decorator.py
[2023-03-03T11:38:10.786+0000] {processor.py:753} INFO - DAG(s) dict_keys(['example_task_group_decorator']) retrieved from /home/airflow/.local/lib/python3.7/site-packages/airflow/example_dags/example_task_group_decorator.py
[2023-03-03T11:38:10.805+0000] {logging_mixin.py:137} INFO - [2023-03-03T11:38:10.805+0000] {dag.py:2690} INFO - Sync 1 DAGs
[2023-03-03T11:38:10.820+0000] {logging_mixin.py:137} INFO - [2023-03-03T11:38:10.820+0000] {dag.py:3441} INFO - Setting next_dagrun for example_task_group_decorator to 2023-03-02T11:38:10.820162+00:00, run_after=2023-03-03T11:38:10.820162+00:00
[2023-03-03T11:38:10.832+0000] {processor.py:175} INFO - Processing /home/airflow/.local/lib/python3.7/site-packages/airflow/example_dags/example_task_group_decorator.py took 0.069 seconds
[2023-03-03T11:38:41.151+0000] {processor.py:153} INFO - Started process (PID=3454) to work on /home/airflow/.local/lib/python3.7/site-packages/airflow/example_dags/example_task_group_decorator.py
[2023-03-03T11:38:41.153+0000] {processor.py:743} INFO - Processing file /home/airflow/.local/lib/python3.7/site-packages/airflow/example_dags/example_task_group_decorator.py for tasks to queue
[2023-03-03T11:38:41.155+0000] {logging_mixin.py:137} INFO - [2023-03-03T11:38:41.154+0000] {dagbag.py:538} INFO - Filling up the DagBag from /home/airflow/.local/lib/python3.7/site-packages/airflow/example_dags/example_task_group_decorator.py
[2023-03-03T11:38:41.178+0000] {processor.py:753} INFO - DAG(s) dict_keys(['example_task_group_decorator']) retrieved from /home/airflow/.local/lib/python3.7/site-packages/airflow/example_dags/example_task_group_decorator.py
[2023-03-03T11:38:41.204+0000] {logging_mixin.py:137} INFO - [2023-03-03T11:38:41.204+0000] {dag.py:2690} INFO - Sync 1 DAGs
[2023-03-03T11:38:41.234+0000] {logging_mixin.py:137} INFO - [2023-03-03T11:38:41.234+0000] {dag.py:3441} INFO - Setting next_dagrun for example_task_group_decorator to 2023-03-02T11:38:41.234270+00:00, run_after=2023-03-03T11:38:41.234270+00:00
[2023-03-03T11:38:41.259+0000] {processor.py:175} INFO - Processing /home/airflow/.local/lib/python3.7/site-packages/airflow/example_dags/example_task_group_decorator.py took 0.113 seconds
[2023-03-03T11:39:11.552+0000] {processor.py:153} INFO - Started process (PID=3520) to work on /home/airflow/.local/lib/python3.7/site-packages/airflow/example_dags/example_task_group_decorator.py
[2023-03-03T11:39:11.554+0000] {processor.py:743} INFO - Processing file /home/airflow/.local/lib/python3.7/site-packages/airflow/example_dags/example_task_group_decorator.py for tasks to queue
[2023-03-03T11:39:11.554+0000] {logging_mixin.py:137} INFO - [2023-03-03T11:39:11.554+0000] {dagbag.py:538} INFO - Filling up the DagBag from /home/airflow/.local/lib/python3.7/site-packages/airflow/example_dags/example_task_group_decorator.py
[2023-03-03T11:39:11.572+0000] {processor.py:753} INFO - DAG(s) dict_keys(['example_task_group_decorator']) retrieved from /home/airflow/.local/lib/python3.7/site-packages/airflow/example_dags/example_task_group_decorator.py
[2023-03-03T11:39:11.593+0000] {logging_mixin.py:137} INFO - [2023-03-03T11:39:11.593+0000] {dag.py:2690} INFO - Sync 1 DAGs
[2023-03-03T11:39:11.608+0000] {logging_mixin.py:137} INFO - [2023-03-03T11:39:11.608+0000] {dag.py:3441} INFO - Setting next_dagrun for example_task_group_decorator to 2023-03-02T11:39:11.608304+00:00, run_after=2023-03-03T11:39:11.608304+00:00
[2023-03-03T11:39:11.619+0000] {processor.py:175} INFO - Processing /home/airflow/.local/lib/python3.7/site-packages/airflow/example_dags/example_task_group_decorator.py took 0.070 seconds
[2023-03-03T11:39:42.751+0000] {processor.py:153} INFO - Started process (PID=3596) to work on /home/airflow/.local/lib/python3.7/site-packages/airflow/example_dags/example_task_group_decorator.py
[2023-03-03T11:39:42.753+0000] {processor.py:743} INFO - Processing file /home/airflow/.local/lib/python3.7/site-packages/airflow/example_dags/example_task_group_decorator.py for tasks to queue
[2023-03-03T11:39:42.754+0000] {logging_mixin.py:137} INFO - [2023-03-03T11:39:42.754+0000] {dagbag.py:538} INFO - Filling up the DagBag from /home/airflow/.local/lib/python3.7/site-packages/airflow/example_dags/example_task_group_decorator.py
[2023-03-03T11:39:42.791+0000] {processor.py:753} INFO - DAG(s) dict_keys(['example_task_group_decorator']) retrieved from /home/airflow/.local/lib/python3.7/site-packages/airflow/example_dags/example_task_group_decorator.py
[2023-03-03T11:39:42.874+0000] {logging_mixin.py:137} INFO - [2023-03-03T11:39:42.874+0000] {dag.py:2690} INFO - Sync 1 DAGs
[2023-03-03T11:39:42.908+0000] {logging_mixin.py:137} INFO - [2023-03-03T11:39:42.907+0000] {dag.py:3441} INFO - Setting next_dagrun for example_task_group_decorator to 2023-03-02T11:39:42.907214+00:00, run_after=2023-03-03T11:39:42.907214+00:00
[2023-03-03T11:39:42.946+0000] {processor.py:175} INFO - Processing /home/airflow/.local/lib/python3.7/site-packages/airflow/example_dags/example_task_group_decorator.py took 0.198 seconds
[2023-03-03T11:55:22.606+0000] {processor.py:153} INFO - Started process (PID=3658) to work on /home/airflow/.local/lib/python3.7/site-packages/airflow/example_dags/example_task_group_decorator.py
[2023-03-03T11:55:22.608+0000] {processor.py:743} INFO - Processing file /home/airflow/.local/lib/python3.7/site-packages/airflow/example_dags/example_task_group_decorator.py for tasks to queue
[2023-03-03T11:55:22.609+0000] {logging_mixin.py:137} INFO - [2023-03-03T11:55:22.609+0000] {dagbag.py:538} INFO - Filling up the DagBag from /home/airflow/.local/lib/python3.7/site-packages/airflow/example_dags/example_task_group_decorator.py
[2023-03-03T11:55:22.728+0000] {processor.py:753} INFO - DAG(s) dict_keys(['example_task_group_decorator']) retrieved from /home/airflow/.local/lib/python3.7/site-packages/airflow/example_dags/example_task_group_decorator.py
[2023-03-03T11:55:22.796+0000] {logging_mixin.py:137} INFO - [2023-03-03T11:55:22.795+0000] {dag.py:2690} INFO - Sync 1 DAGs
[2023-03-03T11:55:22.846+0000] {logging_mixin.py:137} INFO - [2023-03-03T11:55:22.846+0000] {dag.py:3441} INFO - Setting next_dagrun for example_task_group_decorator to 2023-03-02T11:55:22.845555+00:00, run_after=2023-03-03T11:55:22.845555+00:00
[2023-03-03T11:55:22.881+0000] {processor.py:175} INFO - Processing /home/airflow/.local/lib/python3.7/site-packages/airflow/example_dags/example_task_group_decorator.py took 0.279 seconds
[2023-03-03T12:52:41.503+0000] {processor.py:153} INFO - Started process (PID=3720) to work on /home/airflow/.local/lib/python3.7/site-packages/airflow/example_dags/example_task_group_decorator.py
[2023-03-03T12:52:41.508+0000] {processor.py:743} INFO - Processing file /home/airflow/.local/lib/python3.7/site-packages/airflow/example_dags/example_task_group_decorator.py for tasks to queue
[2023-03-03T12:52:41.512+0000] {logging_mixin.py:137} INFO - [2023-03-03T12:52:41.512+0000] {dagbag.py:538} INFO - Filling up the DagBag from /home/airflow/.local/lib/python3.7/site-packages/airflow/example_dags/example_task_group_decorator.py
[2023-03-03T12:52:41.590+0000] {processor.py:753} INFO - DAG(s) dict_keys(['example_task_group_decorator']) retrieved from /home/airflow/.local/lib/python3.7/site-packages/airflow/example_dags/example_task_group_decorator.py
[2023-03-03T12:52:41.683+0000] {logging_mixin.py:137} INFO - [2023-03-03T12:52:41.683+0000] {dag.py:2690} INFO - Sync 1 DAGs
[2023-03-03T12:52:41.716+0000] {logging_mixin.py:137} INFO - [2023-03-03T12:52:41.716+0000] {dag.py:3441} INFO - Setting next_dagrun for example_task_group_decorator to 2023-03-02T12:52:41.716308+00:00, run_after=2023-03-03T12:52:41.716308+00:00
[2023-03-03T12:52:41.740+0000] {processor.py:175} INFO - Processing /home/airflow/.local/lib/python3.7/site-packages/airflow/example_dags/example_task_group_decorator.py took 0.251 seconds
[2023-03-03T14:00:41.799+0000] {processor.py:153} INFO - Started process (PID=3783) to work on /home/airflow/.local/lib/python3.7/site-packages/airflow/example_dags/example_task_group_decorator.py
[2023-03-03T14:00:41.809+0000] {processor.py:743} INFO - Processing file /home/airflow/.local/lib/python3.7/site-packages/airflow/example_dags/example_task_group_decorator.py for tasks to queue
[2023-03-03T14:00:41.815+0000] {logging_mixin.py:137} INFO - [2023-03-03T14:00:41.815+0000] {dagbag.py:538} INFO - Filling up the DagBag from /home/airflow/.local/lib/python3.7/site-packages/airflow/example_dags/example_task_group_decorator.py
[2023-03-03T14:00:42.029+0000] {processor.py:753} INFO - DAG(s) dict_keys(['example_task_group_decorator']) retrieved from /home/airflow/.local/lib/python3.7/site-packages/airflow/example_dags/example_task_group_decorator.py
[2023-03-03T14:00:42.206+0000] {logging_mixin.py:137} INFO - [2023-03-03T14:00:42.205+0000] {dag.py:2690} INFO - Sync 1 DAGs
[2023-03-03T14:00:42.427+0000] {logging_mixin.py:137} INFO - [2023-03-03T14:00:42.426+0000] {dag.py:3441} INFO - Setting next_dagrun for example_task_group_decorator to 2023-03-02T14:00:42.424768+00:00, run_after=2023-03-03T14:00:42.424768+00:00
[2023-03-03T14:00:43.554+0000] {processor.py:175} INFO - Processing /home/airflow/.local/lib/python3.7/site-packages/airflow/example_dags/example_task_group_decorator.py took 1.768 seconds
[2023-03-03T14:44:26.921+0000] {processor.py:153} INFO - Started process (PID=3846) to work on /home/airflow/.local/lib/python3.7/site-packages/airflow/example_dags/example_task_group_decorator.py
[2023-03-03T14:44:26.948+0000] {processor.py:743} INFO - Processing file /home/airflow/.local/lib/python3.7/site-packages/airflow/example_dags/example_task_group_decorator.py for tasks to queue
[2023-03-03T14:44:26.999+0000] {logging_mixin.py:137} INFO - [2023-03-03T14:44:26.990+0000] {dagbag.py:538} INFO - Filling up the DagBag from /home/airflow/.local/lib/python3.7/site-packages/airflow/example_dags/example_task_group_decorator.py
[2023-03-03T14:44:27.544+0000] {processor.py:753} INFO - DAG(s) dict_keys(['example_task_group_decorator']) retrieved from /home/airflow/.local/lib/python3.7/site-packages/airflow/example_dags/example_task_group_decorator.py
[2023-03-03T14:44:27.713+0000] {logging_mixin.py:137} INFO - [2023-03-03T14:44:27.713+0000] {dag.py:2690} INFO - Sync 1 DAGs
[2023-03-03T14:44:27.897+0000] {logging_mixin.py:137} INFO - [2023-03-03T14:44:27.897+0000] {dag.py:3441} INFO - Setting next_dagrun for example_task_group_decorator to 2023-03-02T14:44:27.896685+00:00, run_after=2023-03-03T14:44:27.896685+00:00
[2023-03-03T14:44:28.008+0000] {processor.py:175} INFO - Processing /home/airflow/.local/lib/python3.7/site-packages/airflow/example_dags/example_task_group_decorator.py took 1.195 seconds
[2023-03-03T15:49:26.249+0000] {processor.py:153} INFO - Started process (PID=3904) to work on /home/airflow/.local/lib/python3.7/site-packages/airflow/example_dags/example_task_group_decorator.py
[2023-03-03T15:49:26.284+0000] {processor.py:743} INFO - Processing file /home/airflow/.local/lib/python3.7/site-packages/airflow/example_dags/example_task_group_decorator.py for tasks to queue
[2023-03-03T15:49:26.305+0000] {logging_mixin.py:137} INFO - [2023-03-03T15:49:26.304+0000] {dagbag.py:538} INFO - Filling up the DagBag from /home/airflow/.local/lib/python3.7/site-packages/airflow/example_dags/example_task_group_decorator.py
[2023-03-03T15:49:26.764+0000] {processor.py:753} INFO - DAG(s) dict_keys(['example_task_group_decorator']) retrieved from /home/airflow/.local/lib/python3.7/site-packages/airflow/example_dags/example_task_group_decorator.py
[2023-03-03T15:49:27.110+0000] {logging_mixin.py:137} INFO - [2023-03-03T15:49:27.110+0000] {dag.py:2690} INFO - Sync 1 DAGs
[2023-03-03T15:49:27.250+0000] {logging_mixin.py:137} INFO - [2023-03-03T15:49:27.250+0000] {dag.py:3441} INFO - Setting next_dagrun for example_task_group_decorator to 2023-03-02T15:49:27.249555+00:00, run_after=2023-03-03T15:49:27.249555+00:00
[2023-03-03T15:49:27.372+0000] {processor.py:175} INFO - Processing /home/airflow/.local/lib/python3.7/site-packages/airflow/example_dags/example_task_group_decorator.py took 1.215 seconds
[2023-03-03T16:32:26.106+0000] {processor.py:153} INFO - Started process (PID=3959) to work on /home/airflow/.local/lib/python3.7/site-packages/airflow/example_dags/example_task_group_decorator.py
[2023-03-03T16:32:26.118+0000] {processor.py:743} INFO - Processing file /home/airflow/.local/lib/python3.7/site-packages/airflow/example_dags/example_task_group_decorator.py for tasks to queue
[2023-03-03T16:32:26.126+0000] {logging_mixin.py:137} INFO - [2023-03-03T16:32:26.124+0000] {dagbag.py:538} INFO - Filling up the DagBag from /home/airflow/.local/lib/python3.7/site-packages/airflow/example_dags/example_task_group_decorator.py
[2023-03-03T16:32:26.572+0000] {processor.py:753} INFO - DAG(s) dict_keys(['example_task_group_decorator']) retrieved from /home/airflow/.local/lib/python3.7/site-packages/airflow/example_dags/example_task_group_decorator.py
[2023-03-03T16:32:26.953+0000] {logging_mixin.py:137} INFO - [2023-03-03T16:32:26.950+0000] {dag.py:2690} INFO - Sync 1 DAGs
[2023-03-03T16:32:27.291+0000] {logging_mixin.py:137} INFO - [2023-03-03T16:32:27.291+0000] {dag.py:3441} INFO - Setting next_dagrun for example_task_group_decorator to 2023-03-02T16:32:27.290316+00:00, run_after=2023-03-03T16:32:27.290316+00:00
[2023-03-03T16:32:27.378+0000] {processor.py:175} INFO - Processing /home/airflow/.local/lib/python3.7/site-packages/airflow/example_dags/example_task_group_decorator.py took 1.320 seconds
[2023-03-03T16:34:14.274+0000] {processor.py:153} INFO - Started process (PID=4023) to work on /home/airflow/.local/lib/python3.7/site-packages/airflow/example_dags/example_task_group_decorator.py
[2023-03-03T16:34:14.277+0000] {processor.py:743} INFO - Processing file /home/airflow/.local/lib/python3.7/site-packages/airflow/example_dags/example_task_group_decorator.py for tasks to queue
[2023-03-03T16:34:14.278+0000] {logging_mixin.py:137} INFO - [2023-03-03T16:34:14.278+0000] {dagbag.py:538} INFO - Filling up the DagBag from /home/airflow/.local/lib/python3.7/site-packages/airflow/example_dags/example_task_group_decorator.py
[2023-03-03T16:34:14.299+0000] {processor.py:753} INFO - DAG(s) dict_keys(['example_task_group_decorator']) retrieved from /home/airflow/.local/lib/python3.7/site-packages/airflow/example_dags/example_task_group_decorator.py
[2023-03-03T16:34:14.330+0000] {logging_mixin.py:137} INFO - [2023-03-03T16:34:14.329+0000] {dag.py:2690} INFO - Sync 1 DAGs
[2023-03-03T16:34:14.375+0000] {logging_mixin.py:137} INFO - [2023-03-03T16:34:14.375+0000] {dag.py:3441} INFO - Setting next_dagrun for example_task_group_decorator to 2023-03-02T16:34:14.375108+00:00, run_after=2023-03-03T16:34:14.375108+00:00
[2023-03-03T16:34:14.396+0000] {processor.py:175} INFO - Processing /home/airflow/.local/lib/python3.7/site-packages/airflow/example_dags/example_task_group_decorator.py took 0.126 seconds
[2023-03-03T16:51:17.832+0000] {processor.py:153} INFO - Started process (PID=4087) to work on /home/airflow/.local/lib/python3.7/site-packages/airflow/example_dags/example_task_group_decorator.py
[2023-03-03T16:51:17.833+0000] {processor.py:743} INFO - Processing file /home/airflow/.local/lib/python3.7/site-packages/airflow/example_dags/example_task_group_decorator.py for tasks to queue
[2023-03-03T16:51:17.834+0000] {logging_mixin.py:137} INFO - [2023-03-03T16:51:17.834+0000] {dagbag.py:538} INFO - Filling up the DagBag from /home/airflow/.local/lib/python3.7/site-packages/airflow/example_dags/example_task_group_decorator.py
[2023-03-03T16:51:17.857+0000] {processor.py:753} INFO - DAG(s) dict_keys(['example_task_group_decorator']) retrieved from /home/airflow/.local/lib/python3.7/site-packages/airflow/example_dags/example_task_group_decorator.py
[2023-03-03T16:51:17.906+0000] {logging_mixin.py:137} INFO - [2023-03-03T16:51:17.905+0000] {dag.py:2690} INFO - Sync 1 DAGs
[2023-03-03T16:51:17.956+0000] {logging_mixin.py:137} INFO - [2023-03-03T16:51:17.956+0000] {dag.py:3441} INFO - Setting next_dagrun for example_task_group_decorator to 2023-03-02T16:51:17.956329+00:00, run_after=2023-03-03T16:51:17.956329+00:00
[2023-03-03T16:51:17.996+0000] {processor.py:175} INFO - Processing /home/airflow/.local/lib/python3.7/site-packages/airflow/example_dags/example_task_group_decorator.py took 0.167 seconds
[2023-03-03T17:25:20.982+0000] {processor.py:153} INFO - Started process (PID=4162) to work on /home/airflow/.local/lib/python3.7/site-packages/airflow/example_dags/example_task_group_decorator.py
[2023-03-03T17:25:20.991+0000] {processor.py:743} INFO - Processing file /home/airflow/.local/lib/python3.7/site-packages/airflow/example_dags/example_task_group_decorator.py for tasks to queue
[2023-03-03T17:25:20.998+0000] {logging_mixin.py:137} INFO - [2023-03-03T17:25:20.997+0000] {dagbag.py:538} INFO - Filling up the DagBag from /home/airflow/.local/lib/python3.7/site-packages/airflow/example_dags/example_task_group_decorator.py
[2023-03-03T17:25:21.240+0000] {processor.py:753} INFO - DAG(s) dict_keys(['example_task_group_decorator']) retrieved from /home/airflow/.local/lib/python3.7/site-packages/airflow/example_dags/example_task_group_decorator.py
[2023-03-03T17:25:21.359+0000] {logging_mixin.py:137} INFO - [2023-03-03T17:25:21.358+0000] {dag.py:2690} INFO - Sync 1 DAGs
[2023-03-03T17:25:21.425+0000] {logging_mixin.py:137} INFO - [2023-03-03T17:25:21.425+0000] {dag.py:3441} INFO - Setting next_dagrun for example_task_group_decorator to 2023-03-02T17:25:21.425430+00:00, run_after=2023-03-03T17:25:21.425430+00:00
[2023-03-03T17:25:21.465+0000] {processor.py:175} INFO - Processing /home/airflow/.local/lib/python3.7/site-packages/airflow/example_dags/example_task_group_decorator.py took 0.487 seconds
[2023-03-03T18:12:14.432+0000] {processor.py:153} INFO - Started process (PID=4224) to work on /home/airflow/.local/lib/python3.7/site-packages/airflow/example_dags/example_task_group_decorator.py
[2023-03-03T18:12:14.436+0000] {processor.py:743} INFO - Processing file /home/airflow/.local/lib/python3.7/site-packages/airflow/example_dags/example_task_group_decorator.py for tasks to queue
[2023-03-03T18:12:14.438+0000] {logging_mixin.py:137} INFO - [2023-03-03T18:12:14.438+0000] {dagbag.py:538} INFO - Filling up the DagBag from /home/airflow/.local/lib/python3.7/site-packages/airflow/example_dags/example_task_group_decorator.py
[2023-03-03T18:12:14.489+0000] {processor.py:753} INFO - DAG(s) dict_keys(['example_task_group_decorator']) retrieved from /home/airflow/.local/lib/python3.7/site-packages/airflow/example_dags/example_task_group_decorator.py
[2023-03-03T18:12:14.591+0000] {logging_mixin.py:137} INFO - [2023-03-03T18:12:14.590+0000] {dag.py:2690} INFO - Sync 1 DAGs
[2023-03-03T18:12:14.663+0000] {logging_mixin.py:137} INFO - [2023-03-03T18:12:14.662+0000] {dag.py:3441} INFO - Setting next_dagrun for example_task_group_decorator to 2023-03-02T18:12:14.662232+00:00, run_after=2023-03-03T18:12:14.662232+00:00
[2023-03-03T18:12:14.717+0000] {processor.py:175} INFO - Processing /home/airflow/.local/lib/python3.7/site-packages/airflow/example_dags/example_task_group_decorator.py took 0.289 seconds
[2023-03-03T18:41:52.253+0000] {processor.py:153} INFO - Started process (PID=4292) to work on /home/airflow/.local/lib/python3.7/site-packages/airflow/example_dags/example_task_group_decorator.py
[2023-03-03T18:41:52.288+0000] {processor.py:743} INFO - Processing file /home/airflow/.local/lib/python3.7/site-packages/airflow/example_dags/example_task_group_decorator.py for tasks to queue
[2023-03-03T18:41:52.306+0000] {logging_mixin.py:137} INFO - [2023-03-03T18:41:52.296+0000] {dagbag.py:538} INFO - Filling up the DagBag from /home/airflow/.local/lib/python3.7/site-packages/airflow/example_dags/example_task_group_decorator.py
[2023-03-03T18:41:52.899+0000] {processor.py:753} INFO - DAG(s) dict_keys(['example_task_group_decorator']) retrieved from /home/airflow/.local/lib/python3.7/site-packages/airflow/example_dags/example_task_group_decorator.py
[2023-03-03T18:41:53.598+0000] {logging_mixin.py:137} INFO - [2023-03-03T18:41:53.593+0000] {dag.py:2690} INFO - Sync 1 DAGs
[2023-03-03T18:41:54.718+0000] {logging_mixin.py:137} INFO - [2023-03-03T18:41:54.699+0000] {dag.py:3441} INFO - Setting next_dagrun for example_task_group_decorator to 2023-03-02T18:41:54.688401+00:00, run_after=2023-03-03T18:41:54.688401+00:00
[2023-03-03T18:41:55.387+0000] {processor.py:175} INFO - Processing /home/airflow/.local/lib/python3.7/site-packages/airflow/example_dags/example_task_group_decorator.py took 3.166 seconds
[2023-03-03T18:58:48.122+0000] {processor.py:153} INFO - Started process (PID=4354) to work on /home/airflow/.local/lib/python3.7/site-packages/airflow/example_dags/example_task_group_decorator.py
[2023-03-03T18:58:48.128+0000] {processor.py:743} INFO - Processing file /home/airflow/.local/lib/python3.7/site-packages/airflow/example_dags/example_task_group_decorator.py for tasks to queue
[2023-03-03T18:58:48.134+0000] {logging_mixin.py:137} INFO - [2023-03-03T18:58:48.134+0000] {dagbag.py:538} INFO - Filling up the DagBag from /home/airflow/.local/lib/python3.7/site-packages/airflow/example_dags/example_task_group_decorator.py
[2023-03-03T18:58:48.188+0000] {processor.py:753} INFO - DAG(s) dict_keys(['example_task_group_decorator']) retrieved from /home/airflow/.local/lib/python3.7/site-packages/airflow/example_dags/example_task_group_decorator.py
[2023-03-03T18:58:48.228+0000] {logging_mixin.py:137} INFO - [2023-03-03T18:58:48.227+0000] {dag.py:2690} INFO - Sync 1 DAGs
[2023-03-03T18:58:48.264+0000] {logging_mixin.py:137} INFO - [2023-03-03T18:58:48.262+0000] {dag.py:3441} INFO - Setting next_dagrun for example_task_group_decorator to 2023-03-02T18:58:48.262270+00:00, run_after=2023-03-03T18:58:48.262270+00:00
[2023-03-03T18:58:48.287+0000] {processor.py:175} INFO - Processing /home/airflow/.local/lib/python3.7/site-packages/airflow/example_dags/example_task_group_decorator.py took 0.172 seconds
[2023-03-03T19:43:50.567+0000] {processor.py:153} INFO - Started process (PID=4383) to work on /home/airflow/.local/lib/python3.7/site-packages/airflow/example_dags/example_task_group_decorator.py
[2023-03-03T19:43:50.573+0000] {processor.py:743} INFO - Processing file /home/airflow/.local/lib/python3.7/site-packages/airflow/example_dags/example_task_group_decorator.py for tasks to queue
[2023-03-03T19:43:50.579+0000] {logging_mixin.py:137} INFO - [2023-03-03T19:43:50.579+0000] {dagbag.py:538} INFO - Filling up the DagBag from /home/airflow/.local/lib/python3.7/site-packages/airflow/example_dags/example_task_group_decorator.py
[2023-03-03T19:43:50.655+0000] {processor.py:753} INFO - DAG(s) dict_keys(['example_task_group_decorator']) retrieved from /home/airflow/.local/lib/python3.7/site-packages/airflow/example_dags/example_task_group_decorator.py
[2023-03-03T19:43:50.753+0000] {logging_mixin.py:137} INFO - [2023-03-03T19:43:50.753+0000] {dag.py:2690} INFO - Sync 1 DAGs
[2023-03-03T19:43:50.828+0000] {logging_mixin.py:137} INFO - [2023-03-03T19:43:50.827+0000] {dag.py:3441} INFO - Setting next_dagrun for example_task_group_decorator to 2023-03-02T19:43:50.826938+00:00, run_after=2023-03-03T19:43:50.826938+00:00
[2023-03-03T19:43:50.874+0000] {processor.py:175} INFO - Processing /home/airflow/.local/lib/python3.7/site-packages/airflow/example_dags/example_task_group_decorator.py took 0.317 seconds
[2023-03-03T20:19:56.789+0000] {processor.py:153} INFO - Started process (PID=4450) to work on /home/airflow/.local/lib/python3.7/site-packages/airflow/example_dags/example_task_group_decorator.py
[2023-03-03T20:19:56.815+0000] {processor.py:743} INFO - Processing file /home/airflow/.local/lib/python3.7/site-packages/airflow/example_dags/example_task_group_decorator.py for tasks to queue
[2023-03-03T20:19:56.851+0000] {logging_mixin.py:137} INFO - [2023-03-03T20:19:56.850+0000] {dagbag.py:538} INFO - Filling up the DagBag from /home/airflow/.local/lib/python3.7/site-packages/airflow/example_dags/example_task_group_decorator.py
[2023-03-03T20:19:57.131+0000] {processor.py:753} INFO - DAG(s) dict_keys(['example_task_group_decorator']) retrieved from /home/airflow/.local/lib/python3.7/site-packages/airflow/example_dags/example_task_group_decorator.py
[2023-03-03T20:19:57.971+0000] {logging_mixin.py:137} INFO - [2023-03-03T20:19:57.969+0000] {dag.py:2690} INFO - Sync 1 DAGs
[2023-03-03T20:19:58.136+0000] {logging_mixin.py:137} INFO - [2023-03-03T20:19:58.136+0000] {dag.py:3441} INFO - Setting next_dagrun for example_task_group_decorator to 2023-03-02T20:19:58.089761+00:00, run_after=2023-03-03T20:19:58.089761+00:00
[2023-03-03T20:19:58.260+0000] {processor.py:175} INFO - Processing /home/airflow/.local/lib/python3.7/site-packages/airflow/example_dags/example_task_group_decorator.py took 1.528 seconds
[2023-03-03T23:07:56.043+0000] {processor.py:153} INFO - Started process (PID=4527) to work on /home/airflow/.local/lib/python3.7/site-packages/airflow/example_dags/example_task_group_decorator.py
[2023-03-03T23:07:56.053+0000] {processor.py:743} INFO - Processing file /home/airflow/.local/lib/python3.7/site-packages/airflow/example_dags/example_task_group_decorator.py for tasks to queue
[2023-03-03T23:07:56.078+0000] {logging_mixin.py:137} INFO - [2023-03-03T23:07:56.078+0000] {dagbag.py:538} INFO - Filling up the DagBag from /home/airflow/.local/lib/python3.7/site-packages/airflow/example_dags/example_task_group_decorator.py
[2023-03-03T23:07:57.191+0000] {processor.py:753} INFO - DAG(s) dict_keys(['example_task_group_decorator']) retrieved from /home/airflow/.local/lib/python3.7/site-packages/airflow/example_dags/example_task_group_decorator.py
[2023-03-03T23:08:01.017+0000] {logging_mixin.py:137} INFO - [2023-03-03T23:08:01.015+0000] {dag.py:2690} INFO - Sync 1 DAGs
[2023-03-03T23:08:02.547+0000] {logging_mixin.py:137} INFO - [2023-03-03T23:08:02.546+0000] {dag.py:3441} INFO - Setting next_dagrun for example_task_group_decorator to 2023-03-02T23:08:02.522144+00:00, run_after=2023-03-03T23:08:02.522144+00:00
[2023-03-03T23:08:03.366+0000] {processor.py:175} INFO - Processing /home/airflow/.local/lib/python3.7/site-packages/airflow/example_dags/example_task_group_decorator.py took 7.359 seconds
