[2023-03-03T04:51:20.813+0000] {processor.py:153} INFO - Started process (PID=2550) to work on /home/airflow/.local/lib/python3.7/site-packages/airflow/example_dags/example_subdag_operator.py
[2023-03-03T04:51:20.822+0000] {processor.py:743} INFO - Processing file /home/airflow/.local/lib/python3.7/site-packages/airflow/example_dags/example_subdag_operator.py for tasks to queue
[2023-03-03T04:51:20.826+0000] {logging_mixin.py:137} INFO - [2023-03-03T04:51:20.826+0000] {dagbag.py:538} INFO - Filling up the DagBag from /home/airflow/.local/lib/python3.7/site-packages/airflow/example_dags/example_subdag_operator.py
[2023-03-03T04:51:20.983+0000] {processor.py:753} INFO - DAG(s) dict_keys(['example_subdag_operator.section-1', 'example_subdag_operator.section-2', 'example_subdag_operator']) retrieved from /home/airflow/.local/lib/python3.7/site-packages/airflow/example_dags/example_subdag_operator.py
[2023-03-03T04:51:21.046+0000] {logging_mixin.py:137} INFO - [2023-03-03T04:51:21.045+0000] {dag.py:2690} INFO - Sync 3 DAGs
[2023-03-03T04:51:21.132+0000] {logging_mixin.py:137} INFO - [2023-03-03T04:51:21.131+0000] {dag.py:3441} INFO - Setting next_dagrun for example_subdag_operator to 2022-01-01T00:00:00+00:00, run_after=2022-01-01T00:00:00+00:00
[2023-03-03T04:51:21.146+0000] {logging_mixin.py:137} INFO - [2023-03-03T04:51:21.145+0000] {dag.py:3441} INFO - Setting next_dagrun for example_subdag_operator.section-1 to None, run_after=None
[2023-03-03T04:51:21.162+0000] {logging_mixin.py:137} INFO - [2023-03-03T04:51:21.159+0000] {dag.py:3441} INFO - Setting next_dagrun for example_subdag_operator.section-2 to None, run_after=None
[2023-03-03T04:51:21.179+0000] {logging_mixin.py:137} INFO - [2023-03-03T04:51:21.179+0000] {dag.py:2690} INFO - Sync 2 DAGs
[2023-03-03T04:51:21.187+0000] {logging_mixin.py:137} INFO - [2023-03-03T04:51:21.187+0000] {dag.py:3441} INFO - Setting next_dagrun for example_subdag_operator.section-1 to None, run_after=None
[2023-03-03T04:51:21.189+0000] {logging_mixin.py:137} INFO - [2023-03-03T04:51:21.189+0000] {dag.py:3441} INFO - Setting next_dagrun for example_subdag_operator.section-2 to None, run_after=None
[2023-03-03T04:51:21.236+0000] {processor.py:175} INFO - Processing /home/airflow/.local/lib/python3.7/site-packages/airflow/example_dags/example_subdag_operator.py took 0.491 seconds
[2023-03-03T06:08:18.255+0000] {processor.py:153} INFO - Started process (PID=2640) to work on /home/airflow/.local/lib/python3.7/site-packages/airflow/example_dags/example_subdag_operator.py
[2023-03-03T06:08:18.256+0000] {processor.py:743} INFO - Processing file /home/airflow/.local/lib/python3.7/site-packages/airflow/example_dags/example_subdag_operator.py for tasks to queue
[2023-03-03T06:08:18.257+0000] {logging_mixin.py:137} INFO - [2023-03-03T06:08:18.257+0000] {dagbag.py:538} INFO - Filling up the DagBag from /home/airflow/.local/lib/python3.7/site-packages/airflow/example_dags/example_subdag_operator.py
[2023-03-03T06:08:18.283+0000] {processor.py:753} INFO - DAG(s) dict_keys(['example_subdag_operator.section-1', 'example_subdag_operator.section-2', 'example_subdag_operator']) retrieved from /home/airflow/.local/lib/python3.7/site-packages/airflow/example_dags/example_subdag_operator.py
[2023-03-03T06:08:18.297+0000] {logging_mixin.py:137} INFO - [2023-03-03T06:08:18.296+0000] {dag.py:2690} INFO - Sync 3 DAGs
[2023-03-03T06:08:18.312+0000] {logging_mixin.py:137} INFO - [2023-03-03T06:08:18.312+0000] {dag.py:3441} INFO - Setting next_dagrun for example_subdag_operator to 2022-01-01T00:00:00+00:00, run_after=2022-01-01T00:00:00+00:00
[2023-03-03T06:08:18.315+0000] {logging_mixin.py:137} INFO - [2023-03-03T06:08:18.315+0000] {dag.py:3441} INFO - Setting next_dagrun for example_subdag_operator.section-1 to None, run_after=None
[2023-03-03T06:08:18.316+0000] {logging_mixin.py:137} INFO - [2023-03-03T06:08:18.316+0000] {dag.py:3441} INFO - Setting next_dagrun for example_subdag_operator.section-2 to None, run_after=None
[2023-03-03T06:08:18.322+0000] {logging_mixin.py:137} INFO - [2023-03-03T06:08:18.322+0000] {dag.py:2690} INFO - Sync 2 DAGs
[2023-03-03T06:08:18.326+0000] {logging_mixin.py:137} INFO - [2023-03-03T06:08:18.326+0000] {dag.py:3441} INFO - Setting next_dagrun for example_subdag_operator.section-1 to None, run_after=None
[2023-03-03T06:08:18.327+0000] {logging_mixin.py:137} INFO - [2023-03-03T06:08:18.327+0000] {dag.py:3441} INFO - Setting next_dagrun for example_subdag_operator.section-2 to None, run_after=None
[2023-03-03T06:08:18.334+0000] {processor.py:175} INFO - Processing /home/airflow/.local/lib/python3.7/site-packages/airflow/example_dags/example_subdag_operator.py took 0.082 seconds
[2023-03-03T06:59:17.776+0000] {processor.py:153} INFO - Started process (PID=2704) to work on /home/airflow/.local/lib/python3.7/site-packages/airflow/example_dags/example_subdag_operator.py
[2023-03-03T06:59:17.777+0000] {processor.py:743} INFO - Processing file /home/airflow/.local/lib/python3.7/site-packages/airflow/example_dags/example_subdag_operator.py for tasks to queue
[2023-03-03T06:59:17.778+0000] {logging_mixin.py:137} INFO - [2023-03-03T06:59:17.778+0000] {dagbag.py:538} INFO - Filling up the DagBag from /home/airflow/.local/lib/python3.7/site-packages/airflow/example_dags/example_subdag_operator.py
[2023-03-03T06:59:17.870+0000] {processor.py:753} INFO - DAG(s) dict_keys(['example_subdag_operator.section-1', 'example_subdag_operator.section-2', 'example_subdag_operator']) retrieved from /home/airflow/.local/lib/python3.7/site-packages/airflow/example_dags/example_subdag_operator.py
[2023-03-03T06:59:17.894+0000] {logging_mixin.py:137} INFO - [2023-03-03T06:59:17.894+0000] {dag.py:2690} INFO - Sync 3 DAGs
[2023-03-03T06:59:17.958+0000] {logging_mixin.py:137} INFO - [2023-03-03T06:59:17.958+0000] {dag.py:3441} INFO - Setting next_dagrun for example_subdag_operator to 2022-01-01T00:00:00+00:00, run_after=2022-01-01T00:00:00+00:00
[2023-03-03T06:59:17.966+0000] {logging_mixin.py:137} INFO - [2023-03-03T06:59:17.966+0000] {dag.py:3441} INFO - Setting next_dagrun for example_subdag_operator.section-1 to None, run_after=None
[2023-03-03T06:59:17.970+0000] {logging_mixin.py:137} INFO - [2023-03-03T06:59:17.970+0000] {dag.py:3441} INFO - Setting next_dagrun for example_subdag_operator.section-2 to None, run_after=None
[2023-03-03T06:59:17.979+0000] {logging_mixin.py:137} INFO - [2023-03-03T06:59:17.979+0000] {dag.py:2690} INFO - Sync 2 DAGs
[2023-03-03T06:59:17.988+0000] {logging_mixin.py:137} INFO - [2023-03-03T06:59:17.987+0000] {dag.py:3441} INFO - Setting next_dagrun for example_subdag_operator.section-1 to None, run_after=None
[2023-03-03T06:59:17.991+0000] {logging_mixin.py:137} INFO - [2023-03-03T06:59:17.991+0000] {dag.py:3441} INFO - Setting next_dagrun for example_subdag_operator.section-2 to None, run_after=None
[2023-03-03T06:59:18.016+0000] {processor.py:175} INFO - Processing /home/airflow/.local/lib/python3.7/site-packages/airflow/example_dags/example_subdag_operator.py took 0.244 seconds
[2023-03-03T08:22:08.290+0000] {processor.py:153} INFO - Started process (PID=2767) to work on /home/airflow/.local/lib/python3.7/site-packages/airflow/example_dags/example_subdag_operator.py
[2023-03-03T08:22:08.292+0000] {processor.py:743} INFO - Processing file /home/airflow/.local/lib/python3.7/site-packages/airflow/example_dags/example_subdag_operator.py for tasks to queue
[2023-03-03T08:22:08.293+0000] {logging_mixin.py:137} INFO - [2023-03-03T08:22:08.293+0000] {dagbag.py:538} INFO - Filling up the DagBag from /home/airflow/.local/lib/python3.7/site-packages/airflow/example_dags/example_subdag_operator.py
[2023-03-03T08:22:08.322+0000] {processor.py:753} INFO - DAG(s) dict_keys(['example_subdag_operator.section-1', 'example_subdag_operator.section-2', 'example_subdag_operator']) retrieved from /home/airflow/.local/lib/python3.7/site-packages/airflow/example_dags/example_subdag_operator.py
[2023-03-03T08:22:08.341+0000] {logging_mixin.py:137} INFO - [2023-03-03T08:22:08.340+0000] {dag.py:2690} INFO - Sync 3 DAGs
[2023-03-03T08:22:08.368+0000] {logging_mixin.py:137} INFO - [2023-03-03T08:22:08.367+0000] {dag.py:3441} INFO - Setting next_dagrun for example_subdag_operator to 2022-01-01T00:00:00+00:00, run_after=2022-01-01T00:00:00+00:00
[2023-03-03T08:22:08.372+0000] {logging_mixin.py:137} INFO - [2023-03-03T08:22:08.372+0000] {dag.py:3441} INFO - Setting next_dagrun for example_subdag_operator.section-1 to None, run_after=None
[2023-03-03T08:22:08.373+0000] {logging_mixin.py:137} INFO - [2023-03-03T08:22:08.373+0000] {dag.py:3441} INFO - Setting next_dagrun for example_subdag_operator.section-2 to None, run_after=None
[2023-03-03T08:22:08.379+0000] {logging_mixin.py:137} INFO - [2023-03-03T08:22:08.379+0000] {dag.py:2690} INFO - Sync 2 DAGs
[2023-03-03T08:22:08.386+0000] {logging_mixin.py:137} INFO - [2023-03-03T08:22:08.385+0000] {dag.py:3441} INFO - Setting next_dagrun for example_subdag_operator.section-1 to None, run_after=None
[2023-03-03T08:22:08.386+0000] {logging_mixin.py:137} INFO - [2023-03-03T08:22:08.386+0000] {dag.py:3441} INFO - Setting next_dagrun for example_subdag_operator.section-2 to None, run_after=None
[2023-03-03T08:22:08.394+0000] {processor.py:175} INFO - Processing /home/airflow/.local/lib/python3.7/site-packages/airflow/example_dags/example_subdag_operator.py took 0.109 seconds
[2023-03-03T08:57:43.494+0000] {processor.py:153} INFO - Started process (PID=2842) to work on /home/airflow/.local/lib/python3.7/site-packages/airflow/example_dags/example_subdag_operator.py
[2023-03-03T08:57:43.496+0000] {processor.py:743} INFO - Processing file /home/airflow/.local/lib/python3.7/site-packages/airflow/example_dags/example_subdag_operator.py for tasks to queue
[2023-03-03T08:57:43.497+0000] {logging_mixin.py:137} INFO - [2023-03-03T08:57:43.497+0000] {dagbag.py:538} INFO - Filling up the DagBag from /home/airflow/.local/lib/python3.7/site-packages/airflow/example_dags/example_subdag_operator.py
[2023-03-03T08:57:43.534+0000] {processor.py:753} INFO - DAG(s) dict_keys(['example_subdag_operator.section-1', 'example_subdag_operator.section-2', 'example_subdag_operator']) retrieved from /home/airflow/.local/lib/python3.7/site-packages/airflow/example_dags/example_subdag_operator.py
[2023-03-03T08:57:43.552+0000] {logging_mixin.py:137} INFO - [2023-03-03T08:57:43.552+0000] {dag.py:2690} INFO - Sync 3 DAGs
[2023-03-03T08:57:43.569+0000] {logging_mixin.py:137} INFO - [2023-03-03T08:57:43.569+0000] {dag.py:3441} INFO - Setting next_dagrun for example_subdag_operator to 2022-01-01T00:00:00+00:00, run_after=2022-01-01T00:00:00+00:00
[2023-03-03T08:57:43.571+0000] {logging_mixin.py:137} INFO - [2023-03-03T08:57:43.571+0000] {dag.py:3441} INFO - Setting next_dagrun for example_subdag_operator.section-1 to None, run_after=None
[2023-03-03T08:57:43.572+0000] {logging_mixin.py:137} INFO - [2023-03-03T08:57:43.572+0000] {dag.py:3441} INFO - Setting next_dagrun for example_subdag_operator.section-2 to None, run_after=None
[2023-03-03T08:57:43.578+0000] {logging_mixin.py:137} INFO - [2023-03-03T08:57:43.578+0000] {dag.py:2690} INFO - Sync 2 DAGs
[2023-03-03T08:57:43.582+0000] {logging_mixin.py:137} INFO - [2023-03-03T08:57:43.582+0000] {dag.py:3441} INFO - Setting next_dagrun for example_subdag_operator.section-1 to None, run_after=None
[2023-03-03T08:57:43.583+0000] {logging_mixin.py:137} INFO - [2023-03-03T08:57:43.582+0000] {dag.py:3441} INFO - Setting next_dagrun for example_subdag_operator.section-2 to None, run_after=None
[2023-03-03T08:57:43.590+0000] {processor.py:175} INFO - Processing /home/airflow/.local/lib/python3.7/site-packages/airflow/example_dags/example_subdag_operator.py took 0.102 seconds
[2023-03-03T09:55:37.518+0000] {processor.py:153} INFO - Started process (PID=2905) to work on /home/airflow/.local/lib/python3.7/site-packages/airflow/example_dags/example_subdag_operator.py
[2023-03-03T09:55:37.520+0000] {processor.py:743} INFO - Processing file /home/airflow/.local/lib/python3.7/site-packages/airflow/example_dags/example_subdag_operator.py for tasks to queue
[2023-03-03T09:55:37.521+0000] {logging_mixin.py:137} INFO - [2023-03-03T09:55:37.521+0000] {dagbag.py:538} INFO - Filling up the DagBag from /home/airflow/.local/lib/python3.7/site-packages/airflow/example_dags/example_subdag_operator.py
[2023-03-03T09:55:37.568+0000] {processor.py:753} INFO - DAG(s) dict_keys(['example_subdag_operator.section-1', 'example_subdag_operator.section-2', 'example_subdag_operator']) retrieved from /home/airflow/.local/lib/python3.7/site-packages/airflow/example_dags/example_subdag_operator.py
[2023-03-03T09:55:37.588+0000] {logging_mixin.py:137} INFO - [2023-03-03T09:55:37.588+0000] {dag.py:2690} INFO - Sync 3 DAGs
[2023-03-03T09:55:37.614+0000] {logging_mixin.py:137} INFO - [2023-03-03T09:55:37.614+0000] {dag.py:3441} INFO - Setting next_dagrun for example_subdag_operator to 2022-01-01T00:00:00+00:00, run_after=2022-01-01T00:00:00+00:00
[2023-03-03T09:55:37.618+0000] {logging_mixin.py:137} INFO - [2023-03-03T09:55:37.618+0000] {dag.py:3441} INFO - Setting next_dagrun for example_subdag_operator.section-1 to None, run_after=None
[2023-03-03T09:55:37.620+0000] {logging_mixin.py:137} INFO - [2023-03-03T09:55:37.620+0000] {dag.py:3441} INFO - Setting next_dagrun for example_subdag_operator.section-2 to None, run_after=None
[2023-03-03T09:55:37.634+0000] {logging_mixin.py:137} INFO - [2023-03-03T09:55:37.634+0000] {dag.py:2690} INFO - Sync 2 DAGs
[2023-03-03T09:55:37.640+0000] {logging_mixin.py:137} INFO - [2023-03-03T09:55:37.640+0000] {dag.py:3441} INFO - Setting next_dagrun for example_subdag_operator.section-1 to None, run_after=None
[2023-03-03T09:55:37.641+0000] {logging_mixin.py:137} INFO - [2023-03-03T09:55:37.641+0000] {dag.py:3441} INFO - Setting next_dagrun for example_subdag_operator.section-2 to None, run_after=None
[2023-03-03T09:55:37.694+0000] {processor.py:175} INFO - Processing /home/airflow/.local/lib/python3.7/site-packages/airflow/example_dags/example_subdag_operator.py took 0.179 seconds
[2023-03-03T10:18:26.877+0000] {processor.py:153} INFO - Started process (PID=2967) to work on /home/airflow/.local/lib/python3.7/site-packages/airflow/example_dags/example_subdag_operator.py
[2023-03-03T10:18:26.881+0000] {processor.py:743} INFO - Processing file /home/airflow/.local/lib/python3.7/site-packages/airflow/example_dags/example_subdag_operator.py for tasks to queue
[2023-03-03T10:18:26.883+0000] {logging_mixin.py:137} INFO - [2023-03-03T10:18:26.883+0000] {dagbag.py:538} INFO - Filling up the DagBag from /home/airflow/.local/lib/python3.7/site-packages/airflow/example_dags/example_subdag_operator.py
[2023-03-03T10:18:26.940+0000] {processor.py:753} INFO - DAG(s) dict_keys(['example_subdag_operator.section-1', 'example_subdag_operator.section-2', 'example_subdag_operator']) retrieved from /home/airflow/.local/lib/python3.7/site-packages/airflow/example_dags/example_subdag_operator.py
[2023-03-03T10:18:26.957+0000] {logging_mixin.py:137} INFO - [2023-03-03T10:18:26.957+0000] {dag.py:2690} INFO - Sync 3 DAGs
[2023-03-03T10:18:26.991+0000] {logging_mixin.py:137} INFO - [2023-03-03T10:18:26.990+0000] {dag.py:3441} INFO - Setting next_dagrun for example_subdag_operator to 2022-01-01T00:00:00+00:00, run_after=2022-01-01T00:00:00+00:00
[2023-03-03T10:18:27.000+0000] {logging_mixin.py:137} INFO - [2023-03-03T10:18:27.000+0000] {dag.py:3441} INFO - Setting next_dagrun for example_subdag_operator.section-1 to None, run_after=None
[2023-03-03T10:18:27.003+0000] {logging_mixin.py:137} INFO - [2023-03-03T10:18:27.003+0000] {dag.py:3441} INFO - Setting next_dagrun for example_subdag_operator.section-2 to None, run_after=None
[2023-03-03T10:18:27.011+0000] {logging_mixin.py:137} INFO - [2023-03-03T10:18:27.011+0000] {dag.py:2690} INFO - Sync 2 DAGs
[2023-03-03T10:18:27.015+0000] {logging_mixin.py:137} INFO - [2023-03-03T10:18:27.015+0000] {dag.py:3441} INFO - Setting next_dagrun for example_subdag_operator.section-1 to None, run_after=None
[2023-03-03T10:18:27.016+0000] {logging_mixin.py:137} INFO - [2023-03-03T10:18:27.016+0000] {dag.py:3441} INFO - Setting next_dagrun for example_subdag_operator.section-2 to None, run_after=None
[2023-03-03T10:18:27.024+0000] {processor.py:175} INFO - Processing /home/airflow/.local/lib/python3.7/site-packages/airflow/example_dags/example_subdag_operator.py took 0.151 seconds
[2023-03-03T10:57:32.963+0000] {processor.py:153} INFO - Started process (PID=3041) to work on /home/airflow/.local/lib/python3.7/site-packages/airflow/example_dags/example_subdag_operator.py
[2023-03-03T10:57:32.977+0000] {processor.py:743} INFO - Processing file /home/airflow/.local/lib/python3.7/site-packages/airflow/example_dags/example_subdag_operator.py for tasks to queue
[2023-03-03T10:57:32.984+0000] {logging_mixin.py:137} INFO - [2023-03-03T10:57:32.979+0000] {dagbag.py:538} INFO - Filling up the DagBag from /home/airflow/.local/lib/python3.7/site-packages/airflow/example_dags/example_subdag_operator.py
[2023-03-03T11:18:50.473+0000] {processor.py:753} INFO - DAG(s) dict_keys(['example_subdag_operator.section-1', 'example_subdag_operator.section-2', 'example_subdag_operator']) retrieved from /home/airflow/.local/lib/python3.7/site-packages/airflow/example_dags/example_subdag_operator.py
[2023-03-03T11:18:50.547+0000] {logging_mixin.py:137} INFO - [2023-03-03T11:18:50.546+0000] {dag.py:2690} INFO - Sync 3 DAGs
[2023-03-03T11:18:50.618+0000] {logging_mixin.py:137} INFO - [2023-03-03T11:18:50.618+0000] {dag.py:3441} INFO - Setting next_dagrun for example_subdag_operator to 2022-01-01T00:00:00+00:00, run_after=2022-01-01T00:00:00+00:00
[2023-03-03T11:18:50.625+0000] {logging_mixin.py:137} INFO - [2023-03-03T11:18:50.625+0000] {dag.py:3441} INFO - Setting next_dagrun for example_subdag_operator.section-1 to None, run_after=None
[2023-03-03T11:18:50.629+0000] {logging_mixin.py:137} INFO - [2023-03-03T11:18:50.628+0000] {dag.py:3441} INFO - Setting next_dagrun for example_subdag_operator.section-2 to None, run_after=None
[2023-03-03T11:18:50.655+0000] {logging_mixin.py:137} INFO - [2023-03-03T11:18:50.655+0000] {dag.py:2690} INFO - Sync 2 DAGs
[2023-03-03T11:18:50.684+0000] {logging_mixin.py:137} INFO - [2023-03-03T11:18:50.684+0000] {dag.py:3441} INFO - Setting next_dagrun for example_subdag_operator.section-1 to None, run_after=None
[2023-03-03T11:18:50.700+0000] {logging_mixin.py:137} INFO - [2023-03-03T11:18:50.699+0000] {dag.py:3441} INFO - Setting next_dagrun for example_subdag_operator.section-2 to None, run_after=None
[2023-03-03T11:18:50.782+0000] {processor.py:175} INFO - Processing /home/airflow/.local/lib/python3.7/site-packages/airflow/example_dags/example_subdag_operator.py took 0.595 seconds
[2023-03-03T11:19:21.222+0000] {processor.py:153} INFO - Started process (PID=3105) to work on /home/airflow/.local/lib/python3.7/site-packages/airflow/example_dags/example_subdag_operator.py
[2023-03-03T11:19:21.225+0000] {processor.py:743} INFO - Processing file /home/airflow/.local/lib/python3.7/site-packages/airflow/example_dags/example_subdag_operator.py for tasks to queue
[2023-03-03T11:19:21.227+0000] {logging_mixin.py:137} INFO - [2023-03-03T11:19:21.227+0000] {dagbag.py:538} INFO - Filling up the DagBag from /home/airflow/.local/lib/python3.7/site-packages/airflow/example_dags/example_subdag_operator.py
[2023-03-03T11:19:21.302+0000] {processor.py:753} INFO - DAG(s) dict_keys(['example_subdag_operator.section-1', 'example_subdag_operator.section-2', 'example_subdag_operator']) retrieved from /home/airflow/.local/lib/python3.7/site-packages/airflow/example_dags/example_subdag_operator.py
[2023-03-03T11:19:21.317+0000] {logging_mixin.py:137} INFO - [2023-03-03T11:19:21.317+0000] {dag.py:2690} INFO - Sync 3 DAGs
[2023-03-03T11:19:21.336+0000] {logging_mixin.py:137} INFO - [2023-03-03T11:19:21.336+0000] {dag.py:3441} INFO - Setting next_dagrun for example_subdag_operator to 2022-01-01T00:00:00+00:00, run_after=2022-01-01T00:00:00+00:00
[2023-03-03T11:19:21.339+0000] {logging_mixin.py:137} INFO - [2023-03-03T11:19:21.339+0000] {dag.py:3441} INFO - Setting next_dagrun for example_subdag_operator.section-1 to None, run_after=None
[2023-03-03T11:19:21.340+0000] {logging_mixin.py:137} INFO - [2023-03-03T11:19:21.340+0000] {dag.py:3441} INFO - Setting next_dagrun for example_subdag_operator.section-2 to None, run_after=None
[2023-03-03T11:19:21.345+0000] {logging_mixin.py:137} INFO - [2023-03-03T11:19:21.345+0000] {dag.py:2690} INFO - Sync 2 DAGs
[2023-03-03T11:19:21.349+0000] {logging_mixin.py:137} INFO - [2023-03-03T11:19:21.349+0000] {dag.py:3441} INFO - Setting next_dagrun for example_subdag_operator.section-1 to None, run_after=None
[2023-03-03T11:19:21.350+0000] {logging_mixin.py:137} INFO - [2023-03-03T11:19:21.350+0000] {dag.py:3441} INFO - Setting next_dagrun for example_subdag_operator.section-2 to None, run_after=None
[2023-03-03T11:19:21.357+0000] {processor.py:175} INFO - Processing /home/airflow/.local/lib/python3.7/site-packages/airflow/example_dags/example_subdag_operator.py took 0.139 seconds
[2023-03-03T11:19:51.756+0000] {processor.py:153} INFO - Started process (PID=3179) to work on /home/airflow/.local/lib/python3.7/site-packages/airflow/example_dags/example_subdag_operator.py
[2023-03-03T11:19:51.758+0000] {processor.py:743} INFO - Processing file /home/airflow/.local/lib/python3.7/site-packages/airflow/example_dags/example_subdag_operator.py for tasks to queue
[2023-03-03T11:19:51.761+0000] {logging_mixin.py:137} INFO - [2023-03-03T11:19:51.760+0000] {dagbag.py:538} INFO - Filling up the DagBag from /home/airflow/.local/lib/python3.7/site-packages/airflow/example_dags/example_subdag_operator.py
[2023-03-03T11:19:51.848+0000] {processor.py:753} INFO - DAG(s) dict_keys(['example_subdag_operator.section-1', 'example_subdag_operator.section-2', 'example_subdag_operator']) retrieved from /home/airflow/.local/lib/python3.7/site-packages/airflow/example_dags/example_subdag_operator.py
[2023-03-03T11:19:51.872+0000] {logging_mixin.py:137} INFO - [2023-03-03T11:19:51.872+0000] {dag.py:2690} INFO - Sync 3 DAGs
[2023-03-03T11:19:51.916+0000] {logging_mixin.py:137} INFO - [2023-03-03T11:19:51.916+0000] {dag.py:3441} INFO - Setting next_dagrun for example_subdag_operator to 2022-01-01T00:00:00+00:00, run_after=2022-01-01T00:00:00+00:00
[2023-03-03T11:19:51.920+0000] {logging_mixin.py:137} INFO - [2023-03-03T11:19:51.920+0000] {dag.py:3441} INFO - Setting next_dagrun for example_subdag_operator.section-1 to None, run_after=None
[2023-03-03T11:19:51.922+0000] {logging_mixin.py:137} INFO - [2023-03-03T11:19:51.922+0000] {dag.py:3441} INFO - Setting next_dagrun for example_subdag_operator.section-2 to None, run_after=None
[2023-03-03T11:19:51.928+0000] {logging_mixin.py:137} INFO - [2023-03-03T11:19:51.928+0000] {dag.py:2690} INFO - Sync 2 DAGs
[2023-03-03T11:19:51.933+0000] {logging_mixin.py:137} INFO - [2023-03-03T11:19:51.933+0000] {dag.py:3441} INFO - Setting next_dagrun for example_subdag_operator.section-1 to None, run_after=None
[2023-03-03T11:19:51.934+0000] {logging_mixin.py:137} INFO - [2023-03-03T11:19:51.934+0000] {dag.py:3441} INFO - Setting next_dagrun for example_subdag_operator.section-2 to None, run_after=None
[2023-03-03T11:19:51.950+0000] {processor.py:175} INFO - Processing /home/airflow/.local/lib/python3.7/site-packages/airflow/example_dags/example_subdag_operator.py took 0.202 seconds
[2023-03-03T11:37:12.745+0000] {processor.py:153} INFO - Started process (PID=3269) to work on /home/airflow/.local/lib/python3.7/site-packages/airflow/example_dags/example_subdag_operator.py
[2023-03-03T11:37:12.747+0000] {processor.py:743} INFO - Processing file /home/airflow/.local/lib/python3.7/site-packages/airflow/example_dags/example_subdag_operator.py for tasks to queue
[2023-03-03T11:37:12.749+0000] {logging_mixin.py:137} INFO - [2023-03-03T11:37:12.749+0000] {dagbag.py:538} INFO - Filling up the DagBag from /home/airflow/.local/lib/python3.7/site-packages/airflow/example_dags/example_subdag_operator.py
[2023-03-03T11:37:12.782+0000] {processor.py:753} INFO - DAG(s) dict_keys(['example_subdag_operator.section-1', 'example_subdag_operator.section-2', 'example_subdag_operator']) retrieved from /home/airflow/.local/lib/python3.7/site-packages/airflow/example_dags/example_subdag_operator.py
[2023-03-03T11:37:12.797+0000] {logging_mixin.py:137} INFO - [2023-03-03T11:37:12.797+0000] {dag.py:2690} INFO - Sync 3 DAGs
[2023-03-03T11:37:12.823+0000] {logging_mixin.py:137} INFO - [2023-03-03T11:37:12.822+0000] {dag.py:3441} INFO - Setting next_dagrun for example_subdag_operator to 2022-01-01T00:00:00+00:00, run_after=2022-01-01T00:00:00+00:00
[2023-03-03T11:37:12.827+0000] {logging_mixin.py:137} INFO - [2023-03-03T11:37:12.827+0000] {dag.py:3441} INFO - Setting next_dagrun for example_subdag_operator.section-1 to None, run_after=None
[2023-03-03T11:37:12.829+0000] {logging_mixin.py:137} INFO - [2023-03-03T11:37:12.829+0000] {dag.py:3441} INFO - Setting next_dagrun for example_subdag_operator.section-2 to None, run_after=None
[2023-03-03T11:37:12.836+0000] {logging_mixin.py:137} INFO - [2023-03-03T11:37:12.835+0000] {dag.py:2690} INFO - Sync 2 DAGs
[2023-03-03T11:37:12.840+0000] {logging_mixin.py:137} INFO - [2023-03-03T11:37:12.840+0000] {dag.py:3441} INFO - Setting next_dagrun for example_subdag_operator.section-1 to None, run_after=None
[2023-03-03T11:37:12.841+0000] {logging_mixin.py:137} INFO - [2023-03-03T11:37:12.841+0000] {dag.py:3441} INFO - Setting next_dagrun for example_subdag_operator.section-2 to None, run_after=None
[2023-03-03T11:37:12.848+0000] {processor.py:175} INFO - Processing /home/airflow/.local/lib/python3.7/site-packages/airflow/example_dags/example_subdag_operator.py took 0.107 seconds
[2023-03-03T11:37:43.393+0000] {processor.py:153} INFO - Started process (PID=3344) to work on /home/airflow/.local/lib/python3.7/site-packages/airflow/example_dags/example_subdag_operator.py
[2023-03-03T11:37:43.395+0000] {processor.py:743} INFO - Processing file /home/airflow/.local/lib/python3.7/site-packages/airflow/example_dags/example_subdag_operator.py for tasks to queue
[2023-03-03T11:37:43.397+0000] {logging_mixin.py:137} INFO - [2023-03-03T11:37:43.397+0000] {dagbag.py:538} INFO - Filling up the DagBag from /home/airflow/.local/lib/python3.7/site-packages/airflow/example_dags/example_subdag_operator.py
[2023-03-03T11:37:43.426+0000] {processor.py:753} INFO - DAG(s) dict_keys(['example_subdag_operator.section-1', 'example_subdag_operator.section-2', 'example_subdag_operator']) retrieved from /home/airflow/.local/lib/python3.7/site-packages/airflow/example_dags/example_subdag_operator.py
[2023-03-03T11:37:43.440+0000] {logging_mixin.py:137} INFO - [2023-03-03T11:37:43.440+0000] {dag.py:2690} INFO - Sync 3 DAGs
[2023-03-03T11:37:43.458+0000] {logging_mixin.py:137} INFO - [2023-03-03T11:37:43.458+0000] {dag.py:3441} INFO - Setting next_dagrun for example_subdag_operator to 2022-01-01T00:00:00+00:00, run_after=2022-01-01T00:00:00+00:00
[2023-03-03T11:37:43.461+0000] {logging_mixin.py:137} INFO - [2023-03-03T11:37:43.461+0000] {dag.py:3441} INFO - Setting next_dagrun for example_subdag_operator.section-1 to None, run_after=None
[2023-03-03T11:37:43.462+0000] {logging_mixin.py:137} INFO - [2023-03-03T11:37:43.462+0000] {dag.py:3441} INFO - Setting next_dagrun for example_subdag_operator.section-2 to None, run_after=None
[2023-03-03T11:37:43.467+0000] {logging_mixin.py:137} INFO - [2023-03-03T11:37:43.467+0000] {dag.py:2690} INFO - Sync 2 DAGs
[2023-03-03T11:37:43.472+0000] {logging_mixin.py:137} INFO - [2023-03-03T11:37:43.472+0000] {dag.py:3441} INFO - Setting next_dagrun for example_subdag_operator.section-1 to None, run_after=None
[2023-03-03T11:37:43.473+0000] {logging_mixin.py:137} INFO - [2023-03-03T11:37:43.473+0000] {dag.py:3441} INFO - Setting next_dagrun for example_subdag_operator.section-2 to None, run_after=None
[2023-03-03T11:37:43.480+0000] {processor.py:175} INFO - Processing /home/airflow/.local/lib/python3.7/site-packages/airflow/example_dags/example_subdag_operator.py took 0.092 seconds
[2023-03-03T11:38:13.720+0000] {processor.py:153} INFO - Started process (PID=3407) to work on /home/airflow/.local/lib/python3.7/site-packages/airflow/example_dags/example_subdag_operator.py
[2023-03-03T11:38:13.722+0000] {processor.py:743} INFO - Processing file /home/airflow/.local/lib/python3.7/site-packages/airflow/example_dags/example_subdag_operator.py for tasks to queue
[2023-03-03T11:38:13.723+0000] {logging_mixin.py:137} INFO - [2023-03-03T11:38:13.723+0000] {dagbag.py:538} INFO - Filling up the DagBag from /home/airflow/.local/lib/python3.7/site-packages/airflow/example_dags/example_subdag_operator.py
[2023-03-03T11:38:13.750+0000] {processor.py:753} INFO - DAG(s) dict_keys(['example_subdag_operator.section-1', 'example_subdag_operator.section-2', 'example_subdag_operator']) retrieved from /home/airflow/.local/lib/python3.7/site-packages/airflow/example_dags/example_subdag_operator.py
[2023-03-03T11:38:13.764+0000] {logging_mixin.py:137} INFO - [2023-03-03T11:38:13.764+0000] {dag.py:2690} INFO - Sync 3 DAGs
[2023-03-03T11:38:13.781+0000] {logging_mixin.py:137} INFO - [2023-03-03T11:38:13.780+0000] {dag.py:3441} INFO - Setting next_dagrun for example_subdag_operator to 2022-01-01T00:00:00+00:00, run_after=2022-01-01T00:00:00+00:00
[2023-03-03T11:38:13.783+0000] {logging_mixin.py:137} INFO - [2023-03-03T11:38:13.783+0000] {dag.py:3441} INFO - Setting next_dagrun for example_subdag_operator.section-1 to None, run_after=None
[2023-03-03T11:38:13.784+0000] {logging_mixin.py:137} INFO - [2023-03-03T11:38:13.784+0000] {dag.py:3441} INFO - Setting next_dagrun for example_subdag_operator.section-2 to None, run_after=None
[2023-03-03T11:38:13.789+0000] {logging_mixin.py:137} INFO - [2023-03-03T11:38:13.789+0000] {dag.py:2690} INFO - Sync 2 DAGs
[2023-03-03T11:38:13.799+0000] {logging_mixin.py:137} INFO - [2023-03-03T11:38:13.799+0000] {dag.py:3441} INFO - Setting next_dagrun for example_subdag_operator.section-1 to None, run_after=None
[2023-03-03T11:38:13.800+0000] {logging_mixin.py:137} INFO - [2023-03-03T11:38:13.800+0000] {dag.py:3441} INFO - Setting next_dagrun for example_subdag_operator.section-2 to None, run_after=None
[2023-03-03T11:38:13.809+0000] {processor.py:175} INFO - Processing /home/airflow/.local/lib/python3.7/site-packages/airflow/example_dags/example_subdag_operator.py took 0.092 seconds
[2023-03-03T11:38:44.876+0000] {processor.py:153} INFO - Started process (PID=3482) to work on /home/airflow/.local/lib/python3.7/site-packages/airflow/example_dags/example_subdag_operator.py
[2023-03-03T11:38:44.878+0000] {processor.py:743} INFO - Processing file /home/airflow/.local/lib/python3.7/site-packages/airflow/example_dags/example_subdag_operator.py for tasks to queue
[2023-03-03T11:38:44.879+0000] {logging_mixin.py:137} INFO - [2023-03-03T11:38:44.879+0000] {dagbag.py:538} INFO - Filling up the DagBag from /home/airflow/.local/lib/python3.7/site-packages/airflow/example_dags/example_subdag_operator.py
[2023-03-03T11:38:44.908+0000] {processor.py:753} INFO - DAG(s) dict_keys(['example_subdag_operator.section-1', 'example_subdag_operator.section-2', 'example_subdag_operator']) retrieved from /home/airflow/.local/lib/python3.7/site-packages/airflow/example_dags/example_subdag_operator.py
[2023-03-03T11:38:44.933+0000] {logging_mixin.py:137} INFO - [2023-03-03T11:38:44.933+0000] {dag.py:2690} INFO - Sync 3 DAGs
[2023-03-03T11:38:44.952+0000] {logging_mixin.py:137} INFO - [2023-03-03T11:38:44.951+0000] {dag.py:3441} INFO - Setting next_dagrun for example_subdag_operator to 2022-01-01T00:00:00+00:00, run_after=2022-01-01T00:00:00+00:00
[2023-03-03T11:38:44.955+0000] {logging_mixin.py:137} INFO - [2023-03-03T11:38:44.955+0000] {dag.py:3441} INFO - Setting next_dagrun for example_subdag_operator.section-1 to None, run_after=None
[2023-03-03T11:38:44.957+0000] {logging_mixin.py:137} INFO - [2023-03-03T11:38:44.957+0000] {dag.py:3441} INFO - Setting next_dagrun for example_subdag_operator.section-2 to None, run_after=None
[2023-03-03T11:38:44.965+0000] {logging_mixin.py:137} INFO - [2023-03-03T11:38:44.965+0000] {dag.py:2690} INFO - Sync 2 DAGs
[2023-03-03T11:38:44.972+0000] {logging_mixin.py:137} INFO - [2023-03-03T11:38:44.972+0000] {dag.py:3441} INFO - Setting next_dagrun for example_subdag_operator.section-1 to None, run_after=None
[2023-03-03T11:38:44.973+0000] {logging_mixin.py:137} INFO - [2023-03-03T11:38:44.973+0000] {dag.py:3441} INFO - Setting next_dagrun for example_subdag_operator.section-2 to None, run_after=None
[2023-03-03T11:38:44.982+0000] {processor.py:175} INFO - Processing /home/airflow/.local/lib/python3.7/site-packages/airflow/example_dags/example_subdag_operator.py took 0.109 seconds
[2023-03-03T11:39:15.024+0000] {processor.py:153} INFO - Started process (PID=3545) to work on /home/airflow/.local/lib/python3.7/site-packages/airflow/example_dags/example_subdag_operator.py
[2023-03-03T11:39:15.025+0000] {processor.py:743} INFO - Processing file /home/airflow/.local/lib/python3.7/site-packages/airflow/example_dags/example_subdag_operator.py for tasks to queue
[2023-03-03T11:39:15.026+0000] {logging_mixin.py:137} INFO - [2023-03-03T11:39:15.026+0000] {dagbag.py:538} INFO - Filling up the DagBag from /home/airflow/.local/lib/python3.7/site-packages/airflow/example_dags/example_subdag_operator.py
[2023-03-03T11:39:15.051+0000] {processor.py:753} INFO - DAG(s) dict_keys(['example_subdag_operator.section-1', 'example_subdag_operator.section-2', 'example_subdag_operator']) retrieved from /home/airflow/.local/lib/python3.7/site-packages/airflow/example_dags/example_subdag_operator.py
[2023-03-03T11:39:15.066+0000] {logging_mixin.py:137} INFO - [2023-03-03T11:39:15.066+0000] {dag.py:2690} INFO - Sync 3 DAGs
[2023-03-03T11:39:15.088+0000] {logging_mixin.py:137} INFO - [2023-03-03T11:39:15.088+0000] {dag.py:3441} INFO - Setting next_dagrun for example_subdag_operator to 2022-01-01T00:00:00+00:00, run_after=2022-01-01T00:00:00+00:00
[2023-03-03T11:39:15.091+0000] {logging_mixin.py:137} INFO - [2023-03-03T11:39:15.091+0000] {dag.py:3441} INFO - Setting next_dagrun for example_subdag_operator.section-1 to None, run_after=None
[2023-03-03T11:39:15.093+0000] {logging_mixin.py:137} INFO - [2023-03-03T11:39:15.093+0000] {dag.py:3441} INFO - Setting next_dagrun for example_subdag_operator.section-2 to None, run_after=None
[2023-03-03T11:39:15.101+0000] {logging_mixin.py:137} INFO - [2023-03-03T11:39:15.101+0000] {dag.py:2690} INFO - Sync 2 DAGs
[2023-03-03T11:39:15.106+0000] {logging_mixin.py:137} INFO - [2023-03-03T11:39:15.106+0000] {dag.py:3441} INFO - Setting next_dagrun for example_subdag_operator.section-1 to None, run_after=None
[2023-03-03T11:39:15.107+0000] {logging_mixin.py:137} INFO - [2023-03-03T11:39:15.107+0000] {dag.py:3441} INFO - Setting next_dagrun for example_subdag_operator.section-2 to None, run_after=None
[2023-03-03T11:39:15.116+0000] {processor.py:175} INFO - Processing /home/airflow/.local/lib/python3.7/site-packages/airflow/example_dags/example_subdag_operator.py took 0.096 seconds
[2023-03-03T11:39:45.341+0000] {processor.py:153} INFO - Started process (PID=3621) to work on /home/airflow/.local/lib/python3.7/site-packages/airflow/example_dags/example_subdag_operator.py
[2023-03-03T11:39:45.342+0000] {processor.py:743} INFO - Processing file /home/airflow/.local/lib/python3.7/site-packages/airflow/example_dags/example_subdag_operator.py for tasks to queue
[2023-03-03T11:39:45.343+0000] {logging_mixin.py:137} INFO - [2023-03-03T11:39:45.343+0000] {dagbag.py:538} INFO - Filling up the DagBag from /home/airflow/.local/lib/python3.7/site-packages/airflow/example_dags/example_subdag_operator.py
[2023-03-03T11:39:45.370+0000] {processor.py:753} INFO - DAG(s) dict_keys(['example_subdag_operator.section-1', 'example_subdag_operator.section-2', 'example_subdag_operator']) retrieved from /home/airflow/.local/lib/python3.7/site-packages/airflow/example_dags/example_subdag_operator.py
[2023-03-03T11:39:45.385+0000] {logging_mixin.py:137} INFO - [2023-03-03T11:39:45.385+0000] {dag.py:2690} INFO - Sync 3 DAGs
[2023-03-03T11:39:45.401+0000] {logging_mixin.py:137} INFO - [2023-03-03T11:39:45.401+0000] {dag.py:3441} INFO - Setting next_dagrun for example_subdag_operator to 2022-01-01T00:00:00+00:00, run_after=2022-01-01T00:00:00+00:00
[2023-03-03T11:39:45.403+0000] {logging_mixin.py:137} INFO - [2023-03-03T11:39:45.403+0000] {dag.py:3441} INFO - Setting next_dagrun for example_subdag_operator.section-1 to None, run_after=None
[2023-03-03T11:39:45.404+0000] {logging_mixin.py:137} INFO - [2023-03-03T11:39:45.404+0000] {dag.py:3441} INFO - Setting next_dagrun for example_subdag_operator.section-2 to None, run_after=None
[2023-03-03T11:39:45.410+0000] {logging_mixin.py:137} INFO - [2023-03-03T11:39:45.410+0000] {dag.py:2690} INFO - Sync 2 DAGs
[2023-03-03T11:39:45.414+0000] {logging_mixin.py:137} INFO - [2023-03-03T11:39:45.414+0000] {dag.py:3441} INFO - Setting next_dagrun for example_subdag_operator.section-1 to None, run_after=None
[2023-03-03T11:39:45.414+0000] {logging_mixin.py:137} INFO - [2023-03-03T11:39:45.414+0000] {dag.py:3441} INFO - Setting next_dagrun for example_subdag_operator.section-2 to None, run_after=None
[2023-03-03T11:39:45.422+0000] {processor.py:175} INFO - Processing /home/airflow/.local/lib/python3.7/site-packages/airflow/example_dags/example_subdag_operator.py took 0.084 seconds
[2023-03-03T11:55:25.731+0000] {processor.py:153} INFO - Started process (PID=3683) to work on /home/airflow/.local/lib/python3.7/site-packages/airflow/example_dags/example_subdag_operator.py
[2023-03-03T11:55:25.733+0000] {processor.py:743} INFO - Processing file /home/airflow/.local/lib/python3.7/site-packages/airflow/example_dags/example_subdag_operator.py for tasks to queue
[2023-03-03T11:55:25.735+0000] {logging_mixin.py:137} INFO - [2023-03-03T11:55:25.735+0000] {dagbag.py:538} INFO - Filling up the DagBag from /home/airflow/.local/lib/python3.7/site-packages/airflow/example_dags/example_subdag_operator.py
[2023-03-03T11:55:25.775+0000] {processor.py:753} INFO - DAG(s) dict_keys(['example_subdag_operator.section-1', 'example_subdag_operator.section-2', 'example_subdag_operator']) retrieved from /home/airflow/.local/lib/python3.7/site-packages/airflow/example_dags/example_subdag_operator.py
[2023-03-03T11:55:25.794+0000] {logging_mixin.py:137} INFO - [2023-03-03T11:55:25.794+0000] {dag.py:2690} INFO - Sync 3 DAGs
[2023-03-03T11:55:25.814+0000] {logging_mixin.py:137} INFO - [2023-03-03T11:55:25.814+0000] {dag.py:3441} INFO - Setting next_dagrun for example_subdag_operator to 2022-01-01T00:00:00+00:00, run_after=2022-01-01T00:00:00+00:00
[2023-03-03T11:55:25.817+0000] {logging_mixin.py:137} INFO - [2023-03-03T11:55:25.817+0000] {dag.py:3441} INFO - Setting next_dagrun for example_subdag_operator.section-1 to None, run_after=None
[2023-03-03T11:55:25.818+0000] {logging_mixin.py:137} INFO - [2023-03-03T11:55:25.818+0000] {dag.py:3441} INFO - Setting next_dagrun for example_subdag_operator.section-2 to None, run_after=None
[2023-03-03T11:55:25.824+0000] {logging_mixin.py:137} INFO - [2023-03-03T11:55:25.824+0000] {dag.py:2690} INFO - Sync 2 DAGs
[2023-03-03T11:55:25.829+0000] {logging_mixin.py:137} INFO - [2023-03-03T11:55:25.829+0000] {dag.py:3441} INFO - Setting next_dagrun for example_subdag_operator.section-1 to None, run_after=None
[2023-03-03T11:55:25.829+0000] {logging_mixin.py:137} INFO - [2023-03-03T11:55:25.829+0000] {dag.py:3441} INFO - Setting next_dagrun for example_subdag_operator.section-2 to None, run_after=None
[2023-03-03T11:55:25.837+0000] {processor.py:175} INFO - Processing /home/airflow/.local/lib/python3.7/site-packages/airflow/example_dags/example_subdag_operator.py took 0.110 seconds
[2023-03-03T12:52:43.516+0000] {processor.py:153} INFO - Started process (PID=3745) to work on /home/airflow/.local/lib/python3.7/site-packages/airflow/example_dags/example_subdag_operator.py
[2023-03-03T12:52:43.518+0000] {processor.py:743} INFO - Processing file /home/airflow/.local/lib/python3.7/site-packages/airflow/example_dags/example_subdag_operator.py for tasks to queue
[2023-03-03T12:52:43.519+0000] {logging_mixin.py:137} INFO - [2023-03-03T12:52:43.518+0000] {dagbag.py:538} INFO - Filling up the DagBag from /home/airflow/.local/lib/python3.7/site-packages/airflow/example_dags/example_subdag_operator.py
[2023-03-03T12:52:43.548+0000] {processor.py:753} INFO - DAG(s) dict_keys(['example_subdag_operator.section-1', 'example_subdag_operator.section-2', 'example_subdag_operator']) retrieved from /home/airflow/.local/lib/python3.7/site-packages/airflow/example_dags/example_subdag_operator.py
[2023-03-03T12:52:43.564+0000] {logging_mixin.py:137} INFO - [2023-03-03T12:52:43.564+0000] {dag.py:2690} INFO - Sync 3 DAGs
[2023-03-03T12:52:43.584+0000] {logging_mixin.py:137} INFO - [2023-03-03T12:52:43.584+0000] {dag.py:3441} INFO - Setting next_dagrun for example_subdag_operator to 2022-01-01T00:00:00+00:00, run_after=2022-01-01T00:00:00+00:00
[2023-03-03T12:52:43.587+0000] {logging_mixin.py:137} INFO - [2023-03-03T12:52:43.587+0000] {dag.py:3441} INFO - Setting next_dagrun for example_subdag_operator.section-1 to None, run_after=None
[2023-03-03T12:52:43.588+0000] {logging_mixin.py:137} INFO - [2023-03-03T12:52:43.588+0000] {dag.py:3441} INFO - Setting next_dagrun for example_subdag_operator.section-2 to None, run_after=None
[2023-03-03T12:52:43.593+0000] {logging_mixin.py:137} INFO - [2023-03-03T12:52:43.593+0000] {dag.py:2690} INFO - Sync 2 DAGs
[2023-03-03T12:52:43.596+0000] {logging_mixin.py:137} INFO - [2023-03-03T12:52:43.596+0000] {dag.py:3441} INFO - Setting next_dagrun for example_subdag_operator.section-1 to None, run_after=None
[2023-03-03T12:52:43.597+0000] {logging_mixin.py:137} INFO - [2023-03-03T12:52:43.597+0000] {dag.py:3441} INFO - Setting next_dagrun for example_subdag_operator.section-2 to None, run_after=None
[2023-03-03T12:52:43.604+0000] {processor.py:175} INFO - Processing /home/airflow/.local/lib/python3.7/site-packages/airflow/example_dags/example_subdag_operator.py took 0.090 seconds
[2023-03-03T14:01:01.358+0000] {processor.py:153} INFO - Started process (PID=3820) to work on /home/airflow/.local/lib/python3.7/site-packages/airflow/example_dags/example_subdag_operator.py
[2023-03-03T14:01:01.360+0000] {processor.py:743} INFO - Processing file /home/airflow/.local/lib/python3.7/site-packages/airflow/example_dags/example_subdag_operator.py for tasks to queue
[2023-03-03T14:01:01.366+0000] {logging_mixin.py:137} INFO - [2023-03-03T14:01:01.365+0000] {dagbag.py:538} INFO - Filling up the DagBag from /home/airflow/.local/lib/python3.7/site-packages/airflow/example_dags/example_subdag_operator.py
[2023-03-03T14:01:01.405+0000] {processor.py:753} INFO - DAG(s) dict_keys(['example_subdag_operator.section-1', 'example_subdag_operator.section-2', 'example_subdag_operator']) retrieved from /home/airflow/.local/lib/python3.7/site-packages/airflow/example_dags/example_subdag_operator.py
[2023-03-03T14:01:01.432+0000] {logging_mixin.py:137} INFO - [2023-03-03T14:01:01.432+0000] {dag.py:2690} INFO - Sync 3 DAGs
[2023-03-03T14:01:01.459+0000] {logging_mixin.py:137} INFO - [2023-03-03T14:01:01.459+0000] {dag.py:3441} INFO - Setting next_dagrun for example_subdag_operator to 2022-01-01T00:00:00+00:00, run_after=2022-01-01T00:00:00+00:00
[2023-03-03T14:01:01.463+0000] {logging_mixin.py:137} INFO - [2023-03-03T14:01:01.463+0000] {dag.py:3441} INFO - Setting next_dagrun for example_subdag_operator.section-1 to None, run_after=None
[2023-03-03T14:01:01.465+0000] {logging_mixin.py:137} INFO - [2023-03-03T14:01:01.465+0000] {dag.py:3441} INFO - Setting next_dagrun for example_subdag_operator.section-2 to None, run_after=None
[2023-03-03T14:01:01.473+0000] {logging_mixin.py:137} INFO - [2023-03-03T14:01:01.472+0000] {dag.py:2690} INFO - Sync 2 DAGs
[2023-03-03T14:01:01.490+0000] {logging_mixin.py:137} INFO - [2023-03-03T14:01:01.490+0000] {dag.py:3441} INFO - Setting next_dagrun for example_subdag_operator.section-1 to None, run_after=None
[2023-03-03T14:01:01.492+0000] {logging_mixin.py:137} INFO - [2023-03-03T14:01:01.492+0000] {dag.py:3441} INFO - Setting next_dagrun for example_subdag_operator.section-2 to None, run_after=None
[2023-03-03T14:01:01.514+0000] {processor.py:175} INFO - Processing /home/airflow/.local/lib/python3.7/site-packages/airflow/example_dags/example_subdag_operator.py took 0.164 seconds
[2023-03-03T14:44:33.050+0000] {processor.py:153} INFO - Started process (PID=3871) to work on /home/airflow/.local/lib/python3.7/site-packages/airflow/example_dags/example_subdag_operator.py
[2023-03-03T14:44:33.060+0000] {processor.py:743} INFO - Processing file /home/airflow/.local/lib/python3.7/site-packages/airflow/example_dags/example_subdag_operator.py for tasks to queue
[2023-03-03T14:44:33.074+0000] {logging_mixin.py:137} INFO - [2023-03-03T14:44:33.068+0000] {dagbag.py:538} INFO - Filling up the DagBag from /home/airflow/.local/lib/python3.7/site-packages/airflow/example_dags/example_subdag_operator.py
[2023-03-03T14:44:33.574+0000] {processor.py:753} INFO - DAG(s) dict_keys(['example_subdag_operator.section-1', 'example_subdag_operator.section-2', 'example_subdag_operator']) retrieved from /home/airflow/.local/lib/python3.7/site-packages/airflow/example_dags/example_subdag_operator.py
[2023-03-03T14:44:33.796+0000] {logging_mixin.py:137} INFO - [2023-03-03T14:44:33.795+0000] {dag.py:2690} INFO - Sync 3 DAGs
[2023-03-03T14:44:34.068+0000] {logging_mixin.py:137} INFO - [2023-03-03T14:44:34.067+0000] {dag.py:3441} INFO - Setting next_dagrun for example_subdag_operator to 2022-01-01T00:00:00+00:00, run_after=2022-01-01T00:00:00+00:00
[2023-03-03T14:44:34.080+0000] {logging_mixin.py:137} INFO - [2023-03-03T14:44:34.077+0000] {dag.py:3441} INFO - Setting next_dagrun for example_subdag_operator.section-1 to None, run_after=None
[2023-03-03T14:44:34.091+0000] {logging_mixin.py:137} INFO - [2023-03-03T14:44:34.090+0000] {dag.py:3441} INFO - Setting next_dagrun for example_subdag_operator.section-2 to None, run_after=None
[2023-03-03T14:44:34.146+0000] {logging_mixin.py:137} INFO - [2023-03-03T14:44:34.145+0000] {dag.py:2690} INFO - Sync 2 DAGs
[2023-03-03T14:44:34.172+0000] {logging_mixin.py:137} INFO - [2023-03-03T14:44:34.172+0000] {dag.py:3441} INFO - Setting next_dagrun for example_subdag_operator.section-1 to None, run_after=None
[2023-03-03T14:44:34.175+0000] {logging_mixin.py:137} INFO - [2023-03-03T14:44:34.175+0000] {dag.py:3441} INFO - Setting next_dagrun for example_subdag_operator.section-2 to None, run_after=None
[2023-03-03T14:44:34.228+0000] {processor.py:175} INFO - Processing /home/airflow/.local/lib/python3.7/site-packages/airflow/example_dags/example_subdag_operator.py took 1.200 seconds
[2023-03-03T15:49:39.303+0000] {processor.py:153} INFO - Started process (PID=3934) to work on /home/airflow/.local/lib/python3.7/site-packages/airflow/example_dags/example_subdag_operator.py
[2023-03-03T15:49:39.310+0000] {processor.py:743} INFO - Processing file /home/airflow/.local/lib/python3.7/site-packages/airflow/example_dags/example_subdag_operator.py for tasks to queue
[2023-03-03T15:49:39.313+0000] {logging_mixin.py:137} INFO - [2023-03-03T15:49:39.312+0000] {dagbag.py:538} INFO - Filling up the DagBag from /home/airflow/.local/lib/python3.7/site-packages/airflow/example_dags/example_subdag_operator.py
[2023-03-03T15:49:39.405+0000] {processor.py:753} INFO - DAG(s) dict_keys(['example_subdag_operator.section-1', 'example_subdag_operator.section-2', 'example_subdag_operator']) retrieved from /home/airflow/.local/lib/python3.7/site-packages/airflow/example_dags/example_subdag_operator.py
[2023-03-03T15:49:39.436+0000] {logging_mixin.py:137} INFO - [2023-03-03T15:49:39.436+0000] {dag.py:2690} INFO - Sync 3 DAGs
[2023-03-03T15:49:39.473+0000] {logging_mixin.py:137} INFO - [2023-03-03T15:49:39.472+0000] {dag.py:3441} INFO - Setting next_dagrun for example_subdag_operator to 2022-01-01T00:00:00+00:00, run_after=2022-01-01T00:00:00+00:00
[2023-03-03T15:49:39.480+0000] {logging_mixin.py:137} INFO - [2023-03-03T15:49:39.480+0000] {dag.py:3441} INFO - Setting next_dagrun for example_subdag_operator.section-1 to None, run_after=None
[2023-03-03T15:49:39.482+0000] {logging_mixin.py:137} INFO - [2023-03-03T15:49:39.482+0000] {dag.py:3441} INFO - Setting next_dagrun for example_subdag_operator.section-2 to None, run_after=None
[2023-03-03T15:49:39.490+0000] {logging_mixin.py:137} INFO - [2023-03-03T15:49:39.490+0000] {dag.py:2690} INFO - Sync 2 DAGs
[2023-03-03T15:49:39.495+0000] {logging_mixin.py:137} INFO - [2023-03-03T15:49:39.495+0000] {dag.py:3441} INFO - Setting next_dagrun for example_subdag_operator.section-1 to None, run_after=None
[2023-03-03T15:49:39.499+0000] {logging_mixin.py:137} INFO - [2023-03-03T15:49:39.499+0000] {dag.py:3441} INFO - Setting next_dagrun for example_subdag_operator.section-2 to None, run_after=None
[2023-03-03T15:49:39.510+0000] {processor.py:175} INFO - Processing /home/airflow/.local/lib/python3.7/site-packages/airflow/example_dags/example_subdag_operator.py took 0.214 seconds
[2023-03-03T16:32:36.288+0000] {processor.py:153} INFO - Started process (PID=3996) to work on /home/airflow/.local/lib/python3.7/site-packages/airflow/example_dags/example_subdag_operator.py
[2023-03-03T16:32:36.292+0000] {processor.py:743} INFO - Processing file /home/airflow/.local/lib/python3.7/site-packages/airflow/example_dags/example_subdag_operator.py for tasks to queue
[2023-03-03T16:32:36.294+0000] {logging_mixin.py:137} INFO - [2023-03-03T16:32:36.294+0000] {dagbag.py:538} INFO - Filling up the DagBag from /home/airflow/.local/lib/python3.7/site-packages/airflow/example_dags/example_subdag_operator.py
[2023-03-03T16:32:36.364+0000] {processor.py:753} INFO - DAG(s) dict_keys(['example_subdag_operator.section-1', 'example_subdag_operator.section-2', 'example_subdag_operator']) retrieved from /home/airflow/.local/lib/python3.7/site-packages/airflow/example_dags/example_subdag_operator.py
[2023-03-03T16:32:36.446+0000] {logging_mixin.py:137} INFO - [2023-03-03T16:32:36.446+0000] {dag.py:2690} INFO - Sync 3 DAGs
[2023-03-03T16:32:36.479+0000] {logging_mixin.py:137} INFO - [2023-03-03T16:32:36.479+0000] {dag.py:3441} INFO - Setting next_dagrun for example_subdag_operator to 2022-01-01T00:00:00+00:00, run_after=2022-01-01T00:00:00+00:00
[2023-03-03T16:32:36.487+0000] {logging_mixin.py:137} INFO - [2023-03-03T16:32:36.487+0000] {dag.py:3441} INFO - Setting next_dagrun for example_subdag_operator.section-1 to None, run_after=None
[2023-03-03T16:32:36.491+0000] {logging_mixin.py:137} INFO - [2023-03-03T16:32:36.490+0000] {dag.py:3441} INFO - Setting next_dagrun for example_subdag_operator.section-2 to None, run_after=None
[2023-03-03T16:32:36.499+0000] {logging_mixin.py:137} INFO - [2023-03-03T16:32:36.499+0000] {dag.py:2690} INFO - Sync 2 DAGs
[2023-03-03T16:32:36.504+0000] {logging_mixin.py:137} INFO - [2023-03-03T16:32:36.504+0000] {dag.py:3441} INFO - Setting next_dagrun for example_subdag_operator.section-1 to None, run_after=None
[2023-03-03T16:32:36.505+0000] {logging_mixin.py:137} INFO - [2023-03-03T16:32:36.504+0000] {dag.py:3441} INFO - Setting next_dagrun for example_subdag_operator.section-2 to None, run_after=None
[2023-03-03T16:32:36.513+0000] {processor.py:175} INFO - Processing /home/airflow/.local/lib/python3.7/site-packages/airflow/example_dags/example_subdag_operator.py took 0.238 seconds
[2023-03-03T16:34:15.858+0000] {processor.py:153} INFO - Started process (PID=4048) to work on /home/airflow/.local/lib/python3.7/site-packages/airflow/example_dags/example_subdag_operator.py
[2023-03-03T16:34:15.859+0000] {processor.py:743} INFO - Processing file /home/airflow/.local/lib/python3.7/site-packages/airflow/example_dags/example_subdag_operator.py for tasks to queue
[2023-03-03T16:34:15.860+0000] {logging_mixin.py:137} INFO - [2023-03-03T16:34:15.860+0000] {dagbag.py:538} INFO - Filling up the DagBag from /home/airflow/.local/lib/python3.7/site-packages/airflow/example_dags/example_subdag_operator.py
[2023-03-03T16:34:15.891+0000] {processor.py:753} INFO - DAG(s) dict_keys(['example_subdag_operator.section-1', 'example_subdag_operator.section-2', 'example_subdag_operator']) retrieved from /home/airflow/.local/lib/python3.7/site-packages/airflow/example_dags/example_subdag_operator.py
[2023-03-03T16:34:15.905+0000] {logging_mixin.py:137} INFO - [2023-03-03T16:34:15.905+0000] {dag.py:2690} INFO - Sync 3 DAGs
[2023-03-03T16:34:15.921+0000] {logging_mixin.py:137} INFO - [2023-03-03T16:34:15.921+0000] {dag.py:3441} INFO - Setting next_dagrun for example_subdag_operator to 2022-01-01T00:00:00+00:00, run_after=2022-01-01T00:00:00+00:00
[2023-03-03T16:34:15.924+0000] {logging_mixin.py:137} INFO - [2023-03-03T16:34:15.924+0000] {dag.py:3441} INFO - Setting next_dagrun for example_subdag_operator.section-1 to None, run_after=None
[2023-03-03T16:34:15.925+0000] {logging_mixin.py:137} INFO - [2023-03-03T16:34:15.925+0000] {dag.py:3441} INFO - Setting next_dagrun for example_subdag_operator.section-2 to None, run_after=None
[2023-03-03T16:34:15.930+0000] {logging_mixin.py:137} INFO - [2023-03-03T16:34:15.930+0000] {dag.py:2690} INFO - Sync 2 DAGs
[2023-03-03T16:34:15.934+0000] {logging_mixin.py:137} INFO - [2023-03-03T16:34:15.934+0000] {dag.py:3441} INFO - Setting next_dagrun for example_subdag_operator.section-1 to None, run_after=None
[2023-03-03T16:34:15.934+0000] {logging_mixin.py:137} INFO - [2023-03-03T16:34:15.934+0000] {dag.py:3441} INFO - Setting next_dagrun for example_subdag_operator.section-2 to None, run_after=None
[2023-03-03T16:34:15.941+0000] {processor.py:175} INFO - Processing /home/airflow/.local/lib/python3.7/site-packages/airflow/example_dags/example_subdag_operator.py took 0.086 seconds
[2023-03-03T16:51:21.644+0000] {processor.py:153} INFO - Started process (PID=4124) to work on /home/airflow/.local/lib/python3.7/site-packages/airflow/example_dags/example_subdag_operator.py
[2023-03-03T16:51:21.646+0000] {processor.py:743} INFO - Processing file /home/airflow/.local/lib/python3.7/site-packages/airflow/example_dags/example_subdag_operator.py for tasks to queue
[2023-03-03T16:51:21.648+0000] {logging_mixin.py:137} INFO - [2023-03-03T16:51:21.647+0000] {dagbag.py:538} INFO - Filling up the DagBag from /home/airflow/.local/lib/python3.7/site-packages/airflow/example_dags/example_subdag_operator.py
[2023-03-03T16:51:21.696+0000] {processor.py:753} INFO - DAG(s) dict_keys(['example_subdag_operator.section-1', 'example_subdag_operator.section-2', 'example_subdag_operator']) retrieved from /home/airflow/.local/lib/python3.7/site-packages/airflow/example_dags/example_subdag_operator.py
[2023-03-03T16:51:21.712+0000] {logging_mixin.py:137} INFO - [2023-03-03T16:51:21.712+0000] {dag.py:2690} INFO - Sync 3 DAGs
[2023-03-03T16:51:21.741+0000] {logging_mixin.py:137} INFO - [2023-03-03T16:51:21.741+0000] {dag.py:3441} INFO - Setting next_dagrun for example_subdag_operator to 2022-01-01T00:00:00+00:00, run_after=2022-01-01T00:00:00+00:00
[2023-03-03T16:51:21.744+0000] {logging_mixin.py:137} INFO - [2023-03-03T16:51:21.744+0000] {dag.py:3441} INFO - Setting next_dagrun for example_subdag_operator.section-1 to None, run_after=None
[2023-03-03T16:51:21.745+0000] {logging_mixin.py:137} INFO - [2023-03-03T16:51:21.745+0000] {dag.py:3441} INFO - Setting next_dagrun for example_subdag_operator.section-2 to None, run_after=None
[2023-03-03T16:51:21.750+0000] {logging_mixin.py:137} INFO - [2023-03-03T16:51:21.750+0000] {dag.py:2690} INFO - Sync 2 DAGs
[2023-03-03T16:51:21.754+0000] {logging_mixin.py:137} INFO - [2023-03-03T16:51:21.754+0000] {dag.py:3441} INFO - Setting next_dagrun for example_subdag_operator.section-1 to None, run_after=None
[2023-03-03T16:51:21.754+0000] {logging_mixin.py:137} INFO - [2023-03-03T16:51:21.754+0000] {dag.py:3441} INFO - Setting next_dagrun for example_subdag_operator.section-2 to None, run_after=None
[2023-03-03T16:51:21.761+0000] {processor.py:175} INFO - Processing /home/airflow/.local/lib/python3.7/site-packages/airflow/example_dags/example_subdag_operator.py took 0.121 seconds
[2023-03-03T17:25:23.481+0000] {processor.py:153} INFO - Started process (PID=4187) to work on /home/airflow/.local/lib/python3.7/site-packages/airflow/example_dags/example_subdag_operator.py
[2023-03-03T17:25:23.496+0000] {processor.py:743} INFO - Processing file /home/airflow/.local/lib/python3.7/site-packages/airflow/example_dags/example_subdag_operator.py for tasks to queue
[2023-03-03T17:25:23.498+0000] {logging_mixin.py:137} INFO - [2023-03-03T17:25:23.498+0000] {dagbag.py:538} INFO - Filling up the DagBag from /home/airflow/.local/lib/python3.7/site-packages/airflow/example_dags/example_subdag_operator.py
[2023-03-03T17:25:23.551+0000] {processor.py:753} INFO - DAG(s) dict_keys(['example_subdag_operator.section-1', 'example_subdag_operator.section-2', 'example_subdag_operator']) retrieved from /home/airflow/.local/lib/python3.7/site-packages/airflow/example_dags/example_subdag_operator.py
[2023-03-03T17:25:23.576+0000] {logging_mixin.py:137} INFO - [2023-03-03T17:25:23.576+0000] {dag.py:2690} INFO - Sync 3 DAGs
[2023-03-03T17:25:23.615+0000] {logging_mixin.py:137} INFO - [2023-03-03T17:25:23.615+0000] {dag.py:3441} INFO - Setting next_dagrun for example_subdag_operator to 2022-01-01T00:00:00+00:00, run_after=2022-01-01T00:00:00+00:00
[2023-03-03T17:25:23.619+0000] {logging_mixin.py:137} INFO - [2023-03-03T17:25:23.619+0000] {dag.py:3441} INFO - Setting next_dagrun for example_subdag_operator.section-1 to None, run_after=None
[2023-03-03T17:25:23.620+0000] {logging_mixin.py:137} INFO - [2023-03-03T17:25:23.620+0000] {dag.py:3441} INFO - Setting next_dagrun for example_subdag_operator.section-2 to None, run_after=None
[2023-03-03T17:25:23.627+0000] {logging_mixin.py:137} INFO - [2023-03-03T17:25:23.627+0000] {dag.py:2690} INFO - Sync 2 DAGs
[2023-03-03T17:25:23.633+0000] {logging_mixin.py:137} INFO - [2023-03-03T17:25:23.633+0000] {dag.py:3441} INFO - Setting next_dagrun for example_subdag_operator.section-1 to None, run_after=None
[2023-03-03T17:25:23.634+0000] {logging_mixin.py:137} INFO - [2023-03-03T17:25:23.634+0000] {dag.py:3441} INFO - Setting next_dagrun for example_subdag_operator.section-2 to None, run_after=None
[2023-03-03T17:25:23.641+0000] {processor.py:175} INFO - Processing /home/airflow/.local/lib/python3.7/site-packages/airflow/example_dags/example_subdag_operator.py took 0.179 seconds
[2023-03-03T18:12:18.644+0000] {processor.py:153} INFO - Started process (PID=4249) to work on /home/airflow/.local/lib/python3.7/site-packages/airflow/example_dags/example_subdag_operator.py
[2023-03-03T18:12:18.657+0000] {processor.py:743} INFO - Processing file /home/airflow/.local/lib/python3.7/site-packages/airflow/example_dags/example_subdag_operator.py for tasks to queue
[2023-03-03T18:12:18.659+0000] {logging_mixin.py:137} INFO - [2023-03-03T18:12:18.658+0000] {dagbag.py:538} INFO - Filling up the DagBag from /home/airflow/.local/lib/python3.7/site-packages/airflow/example_dags/example_subdag_operator.py
[2023-03-03T18:12:18.714+0000] {processor.py:753} INFO - DAG(s) dict_keys(['example_subdag_operator.section-1', 'example_subdag_operator.section-2', 'example_subdag_operator']) retrieved from /home/airflow/.local/lib/python3.7/site-packages/airflow/example_dags/example_subdag_operator.py
[2023-03-03T18:12:18.748+0000] {logging_mixin.py:137} INFO - [2023-03-03T18:12:18.747+0000] {dag.py:2690} INFO - Sync 3 DAGs
[2023-03-03T18:12:18.795+0000] {logging_mixin.py:137} INFO - [2023-03-03T18:12:18.795+0000] {dag.py:3441} INFO - Setting next_dagrun for example_subdag_operator to 2022-01-01T00:00:00+00:00, run_after=2022-01-01T00:00:00+00:00
[2023-03-03T18:12:18.802+0000] {logging_mixin.py:137} INFO - [2023-03-03T18:12:18.802+0000] {dag.py:3441} INFO - Setting next_dagrun for example_subdag_operator.section-1 to None, run_after=None
[2023-03-03T18:12:18.804+0000] {logging_mixin.py:137} INFO - [2023-03-03T18:12:18.804+0000] {dag.py:3441} INFO - Setting next_dagrun for example_subdag_operator.section-2 to None, run_after=None
[2023-03-03T18:12:18.820+0000] {logging_mixin.py:137} INFO - [2023-03-03T18:12:18.819+0000] {dag.py:2690} INFO - Sync 2 DAGs
[2023-03-03T18:12:18.832+0000] {logging_mixin.py:137} INFO - [2023-03-03T18:12:18.832+0000] {dag.py:3441} INFO - Setting next_dagrun for example_subdag_operator.section-1 to None, run_after=None
[2023-03-03T18:12:18.835+0000] {logging_mixin.py:137} INFO - [2023-03-03T18:12:18.835+0000] {dag.py:3441} INFO - Setting next_dagrun for example_subdag_operator.section-2 to None, run_after=None
[2023-03-03T18:12:18.857+0000] {processor.py:175} INFO - Processing /home/airflow/.local/lib/python3.7/site-packages/airflow/example_dags/example_subdag_operator.py took 0.233 seconds
[2023-03-03T18:58:46.615+0000] {processor.py:153} INFO - Started process (PID=4331) to work on /home/airflow/.local/lib/python3.7/site-packages/airflow/example_dags/example_subdag_operator.py
[2023-03-03T18:58:46.616+0000] {processor.py:743} INFO - Processing file /home/airflow/.local/lib/python3.7/site-packages/airflow/example_dags/example_subdag_operator.py for tasks to queue
[2023-03-03T18:58:46.617+0000] {logging_mixin.py:137} INFO - [2023-03-03T18:58:46.617+0000] {dagbag.py:538} INFO - Filling up the DagBag from /home/airflow/.local/lib/python3.7/site-packages/airflow/example_dags/example_subdag_operator.py
[2023-03-03T18:58:46.651+0000] {processor.py:753} INFO - DAG(s) dict_keys(['example_subdag_operator.section-1', 'example_subdag_operator.section-2', 'example_subdag_operator']) retrieved from /home/airflow/.local/lib/python3.7/site-packages/airflow/example_dags/example_subdag_operator.py
[2023-03-03T18:58:46.667+0000] {logging_mixin.py:137} INFO - [2023-03-03T18:58:46.667+0000] {dag.py:2690} INFO - Sync 3 DAGs
[2023-03-03T18:58:46.689+0000] {logging_mixin.py:137} INFO - [2023-03-03T18:58:46.688+0000] {dag.py:3441} INFO - Setting next_dagrun for example_subdag_operator to 2022-01-01T00:00:00+00:00, run_after=2022-01-01T00:00:00+00:00
[2023-03-03T18:58:46.692+0000] {logging_mixin.py:137} INFO - [2023-03-03T18:58:46.691+0000] {dag.py:3441} INFO - Setting next_dagrun for example_subdag_operator.section-1 to None, run_after=None
[2023-03-03T18:58:46.693+0000] {logging_mixin.py:137} INFO - [2023-03-03T18:58:46.693+0000] {dag.py:3441} INFO - Setting next_dagrun for example_subdag_operator.section-2 to None, run_after=None
[2023-03-03T18:58:46.699+0000] {logging_mixin.py:137} INFO - [2023-03-03T18:58:46.699+0000] {dag.py:2690} INFO - Sync 2 DAGs
[2023-03-03T18:58:46.703+0000] {logging_mixin.py:137} INFO - [2023-03-03T18:58:46.703+0000] {dag.py:3441} INFO - Setting next_dagrun for example_subdag_operator.section-1 to None, run_after=None
[2023-03-03T18:58:46.705+0000] {logging_mixin.py:137} INFO - [2023-03-03T18:58:46.705+0000] {dag.py:3441} INFO - Setting next_dagrun for example_subdag_operator.section-2 to None, run_after=None
[2023-03-03T18:58:46.717+0000] {processor.py:175} INFO - Processing /home/airflow/.local/lib/python3.7/site-packages/airflow/example_dags/example_subdag_operator.py took 0.105 seconds
[2023-03-03T19:44:06.324+0000] {processor.py:153} INFO - Started process (PID=4420) to work on /home/airflow/.local/lib/python3.7/site-packages/airflow/example_dags/example_subdag_operator.py
[2023-03-03T19:44:06.358+0000] {processor.py:743} INFO - Processing file /home/airflow/.local/lib/python3.7/site-packages/airflow/example_dags/example_subdag_operator.py for tasks to queue
[2023-03-03T19:44:06.364+0000] {logging_mixin.py:137} INFO - [2023-03-03T19:44:06.364+0000] {dagbag.py:538} INFO - Filling up the DagBag from /home/airflow/.local/lib/python3.7/site-packages/airflow/example_dags/example_subdag_operator.py
[2023-03-03T19:44:06.729+0000] {processor.py:753} INFO - DAG(s) dict_keys(['example_subdag_operator.section-1', 'example_subdag_operator.section-2', 'example_subdag_operator']) retrieved from /home/airflow/.local/lib/python3.7/site-packages/airflow/example_dags/example_subdag_operator.py
[2023-03-03T19:44:06.775+0000] {logging_mixin.py:137} INFO - [2023-03-03T19:44:06.775+0000] {dag.py:2690} INFO - Sync 3 DAGs
[2023-03-03T19:44:07.060+0000] {logging_mixin.py:137} INFO - [2023-03-03T19:44:07.059+0000] {dag.py:3441} INFO - Setting next_dagrun for example_subdag_operator to 2022-01-01T00:00:00+00:00, run_after=2022-01-01T00:00:00+00:00
[2023-03-03T19:44:07.091+0000] {logging_mixin.py:137} INFO - [2023-03-03T19:44:07.091+0000] {dag.py:3441} INFO - Setting next_dagrun for example_subdag_operator.section-1 to None, run_after=None
[2023-03-03T19:44:07.095+0000] {logging_mixin.py:137} INFO - [2023-03-03T19:44:07.095+0000] {dag.py:3441} INFO - Setting next_dagrun for example_subdag_operator.section-2 to None, run_after=None
[2023-03-03T19:44:07.143+0000] {logging_mixin.py:137} INFO - [2023-03-03T19:44:07.142+0000] {dag.py:2690} INFO - Sync 2 DAGs
[2023-03-03T19:44:07.154+0000] {logging_mixin.py:137} INFO - [2023-03-03T19:44:07.154+0000] {dag.py:3441} INFO - Setting next_dagrun for example_subdag_operator.section-1 to None, run_after=None
[2023-03-03T19:44:07.158+0000] {logging_mixin.py:137} INFO - [2023-03-03T19:44:07.157+0000] {dag.py:3441} INFO - Setting next_dagrun for example_subdag_operator.section-2 to None, run_after=None
[2023-03-03T19:44:07.242+0000] {processor.py:175} INFO - Processing /home/airflow/.local/lib/python3.7/site-packages/airflow/example_dags/example_subdag_operator.py took 0.941 seconds
[2023-03-03T22:36:26.755+0000] {processor.py:153} INFO - Started process (PID=4510) to work on /home/airflow/.local/lib/python3.7/site-packages/airflow/example_dags/example_subdag_operator.py
[2023-03-03T22:36:26.766+0000] {processor.py:743} INFO - Processing file /home/airflow/.local/lib/python3.7/site-packages/airflow/example_dags/example_subdag_operator.py for tasks to queue
[2023-03-03T22:36:26.776+0000] {logging_mixin.py:137} INFO - [2023-03-03T22:36:26.776+0000] {dagbag.py:538} INFO - Filling up the DagBag from /home/airflow/.local/lib/python3.7/site-packages/airflow/example_dags/example_subdag_operator.py
[2023-03-03T22:36:27.617+0000] {processor.py:753} INFO - DAG(s) dict_keys(['example_subdag_operator.section-1', 'example_subdag_operator.section-2', 'example_subdag_operator']) retrieved from /home/airflow/.local/lib/python3.7/site-packages/airflow/example_dags/example_subdag_operator.py
[2023-03-03T22:36:27.805+0000] {logging_mixin.py:137} INFO - [2023-03-03T22:36:27.804+0000] {dag.py:2690} INFO - Sync 3 DAGs
[2023-03-03T22:36:27.906+0000] {logging_mixin.py:137} INFO - [2023-03-03T22:36:27.905+0000] {dag.py:3441} INFO - Setting next_dagrun for example_subdag_operator to 2022-01-01T00:00:00+00:00, run_after=2022-01-01T00:00:00+00:00
[2023-03-03T22:36:27.925+0000] {logging_mixin.py:137} INFO - [2023-03-03T22:36:27.925+0000] {dag.py:3441} INFO - Setting next_dagrun for example_subdag_operator.section-1 to None, run_after=None
[2023-03-03T22:36:27.934+0000] {logging_mixin.py:137} INFO - [2023-03-03T22:36:27.934+0000] {dag.py:3441} INFO - Setting next_dagrun for example_subdag_operator.section-2 to None, run_after=None
[2023-03-03T22:36:27.988+0000] {logging_mixin.py:137} INFO - [2023-03-03T22:36:27.988+0000] {dag.py:2690} INFO - Sync 2 DAGs
[2023-03-03T22:36:28.016+0000] {logging_mixin.py:137} INFO - [2023-03-03T22:36:28.015+0000] {dag.py:3441} INFO - Setting next_dagrun for example_subdag_operator.section-1 to None, run_after=None
[2023-03-03T22:36:28.022+0000] {logging_mixin.py:137} INFO - [2023-03-03T22:36:28.022+0000] {dag.py:3441} INFO - Setting next_dagrun for example_subdag_operator.section-2 to None, run_after=None
[2023-03-03T22:36:28.107+0000] {processor.py:175} INFO - Processing /home/airflow/.local/lib/python3.7/site-packages/airflow/example_dags/example_subdag_operator.py took 1.403 seconds
