[2023-03-03T03:45:48.446+0000] {processor.py:153} INFO - Started process (PID=2530) to work on /home/airflow/.local/lib/python3.7/site-packages/airflow/example_dags/example_short_circuit_operator.py
[2023-03-03T03:45:49.320+0000] {processor.py:743} INFO - Processing file /home/airflow/.local/lib/python3.7/site-packages/airflow/example_dags/example_short_circuit_operator.py for tasks to queue
[2023-03-03T03:45:49.448+0000] {logging_mixin.py:137} INFO - [2023-03-03T03:45:49.414+0000] {dagbag.py:538} INFO - Filling up the DagBag from /home/airflow/.local/lib/python3.7/site-packages/airflow/example_dags/example_short_circuit_operator.py
[2023-03-03T03:45:52.458+0000] {processor.py:753} INFO - DAG(s) dict_keys(['example_short_circuit_operator']) retrieved from /home/airflow/.local/lib/python3.7/site-packages/airflow/example_dags/example_short_circuit_operator.py
[2023-03-03T03:45:54.758+0000] {logging_mixin.py:137} INFO - [2023-03-03T03:45:54.730+0000] {dag.py:2690} INFO - Sync 1 DAGs
[2023-03-03T03:45:55.488+0000] {logging_mixin.py:137} INFO - [2023-03-03T03:45:55.454+0000] {dag.py:3441} INFO - Setting next_dagrun for example_short_circuit_operator to 2023-03-02T03:45:55.437520+00:00, run_after=2023-03-03T03:45:55.437520+00:00
[2023-03-03T03:45:56.297+0000] {processor.py:175} INFO - Processing /home/airflow/.local/lib/python3.7/site-packages/airflow/example_dags/example_short_circuit_operator.py took 8.057 seconds
[2023-03-03T04:51:26.796+0000] {processor.py:153} INFO - Started process (PID=2577) to work on /home/airflow/.local/lib/python3.7/site-packages/airflow/example_dags/example_short_circuit_operator.py
[2023-03-03T04:51:26.799+0000] {processor.py:743} INFO - Processing file /home/airflow/.local/lib/python3.7/site-packages/airflow/example_dags/example_short_circuit_operator.py for tasks to queue
[2023-03-03T04:51:26.800+0000] {logging_mixin.py:137} INFO - [2023-03-03T04:51:26.800+0000] {dagbag.py:538} INFO - Filling up the DagBag from /home/airflow/.local/lib/python3.7/site-packages/airflow/example_dags/example_short_circuit_operator.py
[2023-03-03T04:51:26.818+0000] {processor.py:753} INFO - DAG(s) dict_keys(['example_short_circuit_operator']) retrieved from /home/airflow/.local/lib/python3.7/site-packages/airflow/example_dags/example_short_circuit_operator.py
[2023-03-03T04:51:26.846+0000] {logging_mixin.py:137} INFO - [2023-03-03T04:51:26.846+0000] {dag.py:2690} INFO - Sync 1 DAGs
[2023-03-03T04:51:26.865+0000] {logging_mixin.py:137} INFO - [2023-03-03T04:51:26.865+0000] {dag.py:3441} INFO - Setting next_dagrun for example_short_circuit_operator to 2023-03-02T04:51:26.865045+00:00, run_after=2023-03-03T04:51:26.865045+00:00
[2023-03-03T04:51:26.878+0000] {processor.py:175} INFO - Processing /home/airflow/.local/lib/python3.7/site-packages/airflow/example_dags/example_short_circuit_operator.py took 0.089 seconds
[2023-03-03T06:08:17.780+0000] {processor.py:153} INFO - Started process (PID=2632) to work on /home/airflow/.local/lib/python3.7/site-packages/airflow/example_dags/example_short_circuit_operator.py
[2023-03-03T06:08:17.781+0000] {processor.py:743} INFO - Processing file /home/airflow/.local/lib/python3.7/site-packages/airflow/example_dags/example_short_circuit_operator.py for tasks to queue
[2023-03-03T06:08:17.782+0000] {logging_mixin.py:137} INFO - [2023-03-03T06:08:17.782+0000] {dagbag.py:538} INFO - Filling up the DagBag from /home/airflow/.local/lib/python3.7/site-packages/airflow/example_dags/example_short_circuit_operator.py
[2023-03-03T06:08:17.795+0000] {processor.py:753} INFO - DAG(s) dict_keys(['example_short_circuit_operator']) retrieved from /home/airflow/.local/lib/python3.7/site-packages/airflow/example_dags/example_short_circuit_operator.py
[2023-03-03T06:08:17.823+0000] {logging_mixin.py:137} INFO - [2023-03-03T06:08:17.822+0000] {dag.py:2690} INFO - Sync 1 DAGs
[2023-03-03T06:08:17.860+0000] {logging_mixin.py:137} INFO - [2023-03-03T06:08:17.859+0000] {dag.py:3441} INFO - Setting next_dagrun for example_short_circuit_operator to 2023-03-02T06:08:17.859629+00:00, run_after=2023-03-03T06:08:17.859629+00:00
[2023-03-03T06:08:17.875+0000] {processor.py:175} INFO - Processing /home/airflow/.local/lib/python3.7/site-packages/airflow/example_dags/example_short_circuit_operator.py took 0.098 seconds
[2023-03-03T06:59:16.443+0000] {processor.py:153} INFO - Started process (PID=2696) to work on /home/airflow/.local/lib/python3.7/site-packages/airflow/example_dags/example_short_circuit_operator.py
[2023-03-03T06:59:16.446+0000] {processor.py:743} INFO - Processing file /home/airflow/.local/lib/python3.7/site-packages/airflow/example_dags/example_short_circuit_operator.py for tasks to queue
[2023-03-03T06:59:16.447+0000] {logging_mixin.py:137} INFO - [2023-03-03T06:59:16.447+0000] {dagbag.py:538} INFO - Filling up the DagBag from /home/airflow/.local/lib/python3.7/site-packages/airflow/example_dags/example_short_circuit_operator.py
[2023-03-03T06:59:16.467+0000] {processor.py:753} INFO - DAG(s) dict_keys(['example_short_circuit_operator']) retrieved from /home/airflow/.local/lib/python3.7/site-packages/airflow/example_dags/example_short_circuit_operator.py
[2023-03-03T06:59:16.505+0000] {logging_mixin.py:137} INFO - [2023-03-03T06:59:16.505+0000] {dag.py:2690} INFO - Sync 1 DAGs
[2023-03-03T06:59:16.529+0000] {logging_mixin.py:137} INFO - [2023-03-03T06:59:16.529+0000] {dag.py:3441} INFO - Setting next_dagrun for example_short_circuit_operator to 2023-03-02T06:59:16.529013+00:00, run_after=2023-03-03T06:59:16.529013+00:00
[2023-03-03T06:59:16.545+0000] {processor.py:175} INFO - Processing /home/airflow/.local/lib/python3.7/site-packages/airflow/example_dags/example_short_circuit_operator.py took 0.109 seconds
[2023-03-03T08:22:07.334+0000] {processor.py:153} INFO - Started process (PID=2759) to work on /home/airflow/.local/lib/python3.7/site-packages/airflow/example_dags/example_short_circuit_operator.py
[2023-03-03T08:22:07.337+0000] {processor.py:743} INFO - Processing file /home/airflow/.local/lib/python3.7/site-packages/airflow/example_dags/example_short_circuit_operator.py for tasks to queue
[2023-03-03T08:22:07.338+0000] {logging_mixin.py:137} INFO - [2023-03-03T08:22:07.338+0000] {dagbag.py:538} INFO - Filling up the DagBag from /home/airflow/.local/lib/python3.7/site-packages/airflow/example_dags/example_short_circuit_operator.py
[2023-03-03T08:22:07.356+0000] {processor.py:753} INFO - DAG(s) dict_keys(['example_short_circuit_operator']) retrieved from /home/airflow/.local/lib/python3.7/site-packages/airflow/example_dags/example_short_circuit_operator.py
[2023-03-03T08:22:07.399+0000] {logging_mixin.py:137} INFO - [2023-03-03T08:22:07.399+0000] {dag.py:2690} INFO - Sync 1 DAGs
[2023-03-03T08:22:07.431+0000] {logging_mixin.py:137} INFO - [2023-03-03T08:22:07.431+0000] {dag.py:3441} INFO - Setting next_dagrun for example_short_circuit_operator to 2023-03-02T08:22:07.431032+00:00, run_after=2023-03-03T08:22:07.431032+00:00
[2023-03-03T08:22:07.476+0000] {processor.py:175} INFO - Processing /home/airflow/.local/lib/python3.7/site-packages/airflow/example_dags/example_short_circuit_operator.py took 0.146 seconds
[2023-03-03T08:57:42.129+0000] {processor.py:153} INFO - Started process (PID=2834) to work on /home/airflow/.local/lib/python3.7/site-packages/airflow/example_dags/example_short_circuit_operator.py
[2023-03-03T08:57:42.131+0000] {processor.py:743} INFO - Processing file /home/airflow/.local/lib/python3.7/site-packages/airflow/example_dags/example_short_circuit_operator.py for tasks to queue
[2023-03-03T08:57:42.132+0000] {logging_mixin.py:137} INFO - [2023-03-03T08:57:42.132+0000] {dagbag.py:538} INFO - Filling up the DagBag from /home/airflow/.local/lib/python3.7/site-packages/airflow/example_dags/example_short_circuit_operator.py
[2023-03-03T08:57:42.149+0000] {processor.py:753} INFO - DAG(s) dict_keys(['example_short_circuit_operator']) retrieved from /home/airflow/.local/lib/python3.7/site-packages/airflow/example_dags/example_short_circuit_operator.py
[2023-03-03T08:57:42.222+0000] {logging_mixin.py:137} INFO - [2023-03-03T08:57:42.222+0000] {dag.py:2690} INFO - Sync 1 DAGs
[2023-03-03T08:57:42.326+0000] {logging_mixin.py:137} INFO - [2023-03-03T08:57:42.326+0000] {dag.py:3441} INFO - Setting next_dagrun for example_short_circuit_operator to 2023-03-02T08:57:42.325039+00:00, run_after=2023-03-03T08:57:42.325039+00:00
[2023-03-03T08:57:42.400+0000] {processor.py:175} INFO - Processing /home/airflow/.local/lib/python3.7/site-packages/airflow/example_dags/example_short_circuit_operator.py took 0.276 seconds
[2023-03-03T09:55:36.615+0000] {processor.py:153} INFO - Started process (PID=2897) to work on /home/airflow/.local/lib/python3.7/site-packages/airflow/example_dags/example_short_circuit_operator.py
[2023-03-03T09:55:36.617+0000] {processor.py:743} INFO - Processing file /home/airflow/.local/lib/python3.7/site-packages/airflow/example_dags/example_short_circuit_operator.py for tasks to queue
[2023-03-03T09:55:36.618+0000] {logging_mixin.py:137} INFO - [2023-03-03T09:55:36.618+0000] {dagbag.py:538} INFO - Filling up the DagBag from /home/airflow/.local/lib/python3.7/site-packages/airflow/example_dags/example_short_circuit_operator.py
[2023-03-03T09:55:36.640+0000] {processor.py:753} INFO - DAG(s) dict_keys(['example_short_circuit_operator']) retrieved from /home/airflow/.local/lib/python3.7/site-packages/airflow/example_dags/example_short_circuit_operator.py
[2023-03-03T09:55:36.701+0000] {logging_mixin.py:137} INFO - [2023-03-03T09:55:36.701+0000] {dag.py:2690} INFO - Sync 1 DAGs
[2023-03-03T09:55:36.729+0000] {logging_mixin.py:137} INFO - [2023-03-03T09:55:36.729+0000] {dag.py:3441} INFO - Setting next_dagrun for example_short_circuit_operator to 2023-03-02T09:55:36.729426+00:00, run_after=2023-03-03T09:55:36.729426+00:00
[2023-03-03T09:55:36.746+0000] {processor.py:175} INFO - Processing /home/airflow/.local/lib/python3.7/site-packages/airflow/example_dags/example_short_circuit_operator.py took 0.135 seconds
[2023-03-03T10:18:26.198+0000] {processor.py:153} INFO - Started process (PID=2959) to work on /home/airflow/.local/lib/python3.7/site-packages/airflow/example_dags/example_short_circuit_operator.py
[2023-03-03T10:18:26.200+0000] {processor.py:743} INFO - Processing file /home/airflow/.local/lib/python3.7/site-packages/airflow/example_dags/example_short_circuit_operator.py for tasks to queue
[2023-03-03T10:18:26.201+0000] {logging_mixin.py:137} INFO - [2023-03-03T10:18:26.201+0000] {dagbag.py:538} INFO - Filling up the DagBag from /home/airflow/.local/lib/python3.7/site-packages/airflow/example_dags/example_short_circuit_operator.py
[2023-03-03T10:18:26.227+0000] {processor.py:753} INFO - DAG(s) dict_keys(['example_short_circuit_operator']) retrieved from /home/airflow/.local/lib/python3.7/site-packages/airflow/example_dags/example_short_circuit_operator.py
[2023-03-03T10:18:26.275+0000] {logging_mixin.py:137} INFO - [2023-03-03T10:18:26.275+0000] {dag.py:2690} INFO - Sync 1 DAGs
[2023-03-03T10:18:26.333+0000] {logging_mixin.py:137} INFO - [2023-03-03T10:18:26.333+0000] {dag.py:3441} INFO - Setting next_dagrun for example_short_circuit_operator to 2023-03-02T10:18:26.332823+00:00, run_after=2023-03-03T10:18:26.332823+00:00
[2023-03-03T10:18:26.350+0000] {processor.py:175} INFO - Processing /home/airflow/.local/lib/python3.7/site-packages/airflow/example_dags/example_short_circuit_operator.py took 0.158 seconds
[2023-03-03T10:57:24.507+0000] {processor.py:153} INFO - Started process (PID=3028) to work on /home/airflow/.local/lib/python3.7/site-packages/airflow/example_dags/example_short_circuit_operator.py
[2023-03-03T10:57:24.514+0000] {processor.py:743} INFO - Processing file /home/airflow/.local/lib/python3.7/site-packages/airflow/example_dags/example_short_circuit_operator.py for tasks to queue
[2023-03-03T10:57:24.518+0000] {logging_mixin.py:137} INFO - [2023-03-03T10:57:24.518+0000] {dagbag.py:538} INFO - Filling up the DagBag from /home/airflow/.local/lib/python3.7/site-packages/airflow/example_dags/example_short_circuit_operator.py
[2023-03-03T10:57:24.587+0000] {processor.py:753} INFO - DAG(s) dict_keys(['example_short_circuit_operator']) retrieved from /home/airflow/.local/lib/python3.7/site-packages/airflow/example_dags/example_short_circuit_operator.py
[2023-03-03T10:57:24.698+0000] {logging_mixin.py:137} INFO - [2023-03-03T10:57:24.698+0000] {dag.py:2690} INFO - Sync 1 DAGs
[2023-03-03T10:57:24.816+0000] {logging_mixin.py:137} INFO - [2023-03-03T10:57:24.815+0000] {dag.py:3441} INFO - Setting next_dagrun for example_short_circuit_operator to 2023-03-02T10:57:24.811112+00:00, run_after=2023-03-03T10:57:24.811112+00:00
[2023-03-03T10:57:24.868+0000] {processor.py:175} INFO - Processing /home/airflow/.local/lib/python3.7/site-packages/airflow/example_dags/example_short_circuit_operator.py took 0.384 seconds
[2023-03-03T11:18:59.339+0000] {processor.py:153} INFO - Started process (PID=3072) to work on /home/airflow/.local/lib/python3.7/site-packages/airflow/example_dags/example_short_circuit_operator.py
[2023-03-03T11:18:59.342+0000] {processor.py:743} INFO - Processing file /home/airflow/.local/lib/python3.7/site-packages/airflow/example_dags/example_short_circuit_operator.py for tasks to queue
[2023-03-03T11:18:59.347+0000] {logging_mixin.py:137} INFO - [2023-03-03T11:18:59.347+0000] {dagbag.py:538} INFO - Filling up the DagBag from /home/airflow/.local/lib/python3.7/site-packages/airflow/example_dags/example_short_circuit_operator.py
[2023-03-03T11:18:59.371+0000] {processor.py:753} INFO - DAG(s) dict_keys(['example_short_circuit_operator']) retrieved from /home/airflow/.local/lib/python3.7/site-packages/airflow/example_dags/example_short_circuit_operator.py
[2023-03-03T11:18:59.413+0000] {logging_mixin.py:137} INFO - [2023-03-03T11:18:59.413+0000] {dag.py:2690} INFO - Sync 1 DAGs
[2023-03-03T11:18:59.441+0000] {logging_mixin.py:137} INFO - [2023-03-03T11:18:59.441+0000] {dag.py:3441} INFO - Setting next_dagrun for example_short_circuit_operator to 2023-03-02T11:18:59.440777+00:00, run_after=2023-03-03T11:18:59.440777+00:00
[2023-03-03T11:18:59.458+0000] {processor.py:175} INFO - Processing /home/airflow/.local/lib/python3.7/site-packages/airflow/example_dags/example_short_circuit_operator.py took 0.125 seconds
[2023-03-03T11:19:29.861+0000] {processor.py:153} INFO - Started process (PID=3148) to work on /home/airflow/.local/lib/python3.7/site-packages/airflow/example_dags/example_short_circuit_operator.py
[2023-03-03T11:19:29.863+0000] {processor.py:743} INFO - Processing file /home/airflow/.local/lib/python3.7/site-packages/airflow/example_dags/example_short_circuit_operator.py for tasks to queue
[2023-03-03T11:19:29.864+0000] {logging_mixin.py:137} INFO - [2023-03-03T11:19:29.864+0000] {dagbag.py:538} INFO - Filling up the DagBag from /home/airflow/.local/lib/python3.7/site-packages/airflow/example_dags/example_short_circuit_operator.py
[2023-03-03T11:19:29.876+0000] {processor.py:753} INFO - DAG(s) dict_keys(['example_short_circuit_operator']) retrieved from /home/airflow/.local/lib/python3.7/site-packages/airflow/example_dags/example_short_circuit_operator.py
[2023-03-03T11:19:29.896+0000] {logging_mixin.py:137} INFO - [2023-03-03T11:19:29.896+0000] {dag.py:2690} INFO - Sync 1 DAGs
[2023-03-03T11:19:29.914+0000] {logging_mixin.py:137} INFO - [2023-03-03T11:19:29.914+0000] {dag.py:3441} INFO - Setting next_dagrun for example_short_circuit_operator to 2023-03-02T11:19:29.914064+00:00, run_after=2023-03-03T11:19:29.914064+00:00
[2023-03-03T11:19:29.929+0000] {processor.py:175} INFO - Processing /home/airflow/.local/lib/python3.7/site-packages/airflow/example_dags/example_short_circuit_operator.py took 0.071 seconds
[2023-03-03T11:20:00.616+0000] {processor.py:153} INFO - Started process (PID=3210) to work on /home/airflow/.local/lib/python3.7/site-packages/airflow/example_dags/example_short_circuit_operator.py
[2023-03-03T11:20:00.617+0000] {processor.py:743} INFO - Processing file /home/airflow/.local/lib/python3.7/site-packages/airflow/example_dags/example_short_circuit_operator.py for tasks to queue
[2023-03-03T11:20:00.618+0000] {logging_mixin.py:137} INFO - [2023-03-03T11:20:00.618+0000] {dagbag.py:538} INFO - Filling up the DagBag from /home/airflow/.local/lib/python3.7/site-packages/airflow/example_dags/example_short_circuit_operator.py
[2023-03-03T11:20:00.631+0000] {processor.py:753} INFO - DAG(s) dict_keys(['example_short_circuit_operator']) retrieved from /home/airflow/.local/lib/python3.7/site-packages/airflow/example_dags/example_short_circuit_operator.py
[2023-03-03T11:20:00.659+0000] {logging_mixin.py:137} INFO - [2023-03-03T11:20:00.659+0000] {dag.py:2690} INFO - Sync 1 DAGs
[2023-03-03T11:20:00.679+0000] {logging_mixin.py:137} INFO - [2023-03-03T11:20:00.679+0000] {dag.py:3441} INFO - Setting next_dagrun for example_short_circuit_operator to 2023-03-02T11:20:00.679248+00:00, run_after=2023-03-03T11:20:00.679248+00:00
[2023-03-03T11:20:00.695+0000] {processor.py:175} INFO - Processing /home/airflow/.local/lib/python3.7/site-packages/airflow/example_dags/example_short_circuit_operator.py took 0.082 seconds
[2023-03-03T11:37:12.001+0000] {processor.py:153} INFO - Started process (PID=3261) to work on /home/airflow/.local/lib/python3.7/site-packages/airflow/example_dags/example_short_circuit_operator.py
[2023-03-03T11:37:12.003+0000] {processor.py:743} INFO - Processing file /home/airflow/.local/lib/python3.7/site-packages/airflow/example_dags/example_short_circuit_operator.py for tasks to queue
[2023-03-03T11:37:12.005+0000] {logging_mixin.py:137} INFO - [2023-03-03T11:37:12.005+0000] {dagbag.py:538} INFO - Filling up the DagBag from /home/airflow/.local/lib/python3.7/site-packages/airflow/example_dags/example_short_circuit_operator.py
[2023-03-03T11:37:12.035+0000] {processor.py:753} INFO - DAG(s) dict_keys(['example_short_circuit_operator']) retrieved from /home/airflow/.local/lib/python3.7/site-packages/airflow/example_dags/example_short_circuit_operator.py
[2023-03-03T11:37:12.085+0000] {logging_mixin.py:137} INFO - [2023-03-03T11:37:12.085+0000] {dag.py:2690} INFO - Sync 1 DAGs
[2023-03-03T11:37:12.108+0000] {logging_mixin.py:137} INFO - [2023-03-03T11:37:12.108+0000] {dag.py:3441} INFO - Setting next_dagrun for example_short_circuit_operator to 2023-03-02T11:37:12.107891+00:00, run_after=2023-03-03T11:37:12.107891+00:00
[2023-03-03T11:37:12.124+0000] {processor.py:175} INFO - Processing /home/airflow/.local/lib/python3.7/site-packages/airflow/example_dags/example_short_circuit_operator.py took 0.126 seconds
[2023-03-03T11:37:42.940+0000] {processor.py:153} INFO - Started process (PID=3336) to work on /home/airflow/.local/lib/python3.7/site-packages/airflow/example_dags/example_short_circuit_operator.py
[2023-03-03T11:37:42.942+0000] {processor.py:743} INFO - Processing file /home/airflow/.local/lib/python3.7/site-packages/airflow/example_dags/example_short_circuit_operator.py for tasks to queue
[2023-03-03T11:37:42.942+0000] {logging_mixin.py:137} INFO - [2023-03-03T11:37:42.942+0000] {dagbag.py:538} INFO - Filling up the DagBag from /home/airflow/.local/lib/python3.7/site-packages/airflow/example_dags/example_short_circuit_operator.py
[2023-03-03T11:37:42.954+0000] {processor.py:753} INFO - DAG(s) dict_keys(['example_short_circuit_operator']) retrieved from /home/airflow/.local/lib/python3.7/site-packages/airflow/example_dags/example_short_circuit_operator.py
[2023-03-03T11:37:42.984+0000] {logging_mixin.py:137} INFO - [2023-03-03T11:37:42.983+0000] {dag.py:2690} INFO - Sync 1 DAGs
[2023-03-03T11:37:43.018+0000] {logging_mixin.py:137} INFO - [2023-03-03T11:37:43.018+0000] {dag.py:3441} INFO - Setting next_dagrun for example_short_circuit_operator to 2023-03-02T11:37:43.017795+00:00, run_after=2023-03-03T11:37:43.017795+00:00
[2023-03-03T11:37:43.029+0000] {processor.py:175} INFO - Processing /home/airflow/.local/lib/python3.7/site-packages/airflow/example_dags/example_short_circuit_operator.py took 0.092 seconds
[2023-03-03T11:38:13.152+0000] {processor.py:153} INFO - Started process (PID=3399) to work on /home/airflow/.local/lib/python3.7/site-packages/airflow/example_dags/example_short_circuit_operator.py
[2023-03-03T11:38:13.153+0000] {processor.py:743} INFO - Processing file /home/airflow/.local/lib/python3.7/site-packages/airflow/example_dags/example_short_circuit_operator.py for tasks to queue
[2023-03-03T11:38:13.154+0000] {logging_mixin.py:137} INFO - [2023-03-03T11:38:13.153+0000] {dagbag.py:538} INFO - Filling up the DagBag from /home/airflow/.local/lib/python3.7/site-packages/airflow/example_dags/example_short_circuit_operator.py
[2023-03-03T11:38:13.165+0000] {processor.py:753} INFO - DAG(s) dict_keys(['example_short_circuit_operator']) retrieved from /home/airflow/.local/lib/python3.7/site-packages/airflow/example_dags/example_short_circuit_operator.py
[2023-03-03T11:38:13.190+0000] {logging_mixin.py:137} INFO - [2023-03-03T11:38:13.190+0000] {dag.py:2690} INFO - Sync 1 DAGs
[2023-03-03T11:38:13.216+0000] {logging_mixin.py:137} INFO - [2023-03-03T11:38:13.216+0000] {dag.py:3441} INFO - Setting next_dagrun for example_short_circuit_operator to 2023-03-02T11:38:13.216458+00:00, run_after=2023-03-03T11:38:13.216458+00:00
[2023-03-03T11:38:13.230+0000] {processor.py:175} INFO - Processing /home/airflow/.local/lib/python3.7/site-packages/airflow/example_dags/example_short_circuit_operator.py took 0.082 seconds
[2023-03-03T11:38:44.271+0000] {processor.py:153} INFO - Started process (PID=3474) to work on /home/airflow/.local/lib/python3.7/site-packages/airflow/example_dags/example_short_circuit_operator.py
[2023-03-03T11:38:44.274+0000] {processor.py:743} INFO - Processing file /home/airflow/.local/lib/python3.7/site-packages/airflow/example_dags/example_short_circuit_operator.py for tasks to queue
[2023-03-03T11:38:44.276+0000] {logging_mixin.py:137} INFO - [2023-03-03T11:38:44.276+0000] {dagbag.py:538} INFO - Filling up the DagBag from /home/airflow/.local/lib/python3.7/site-packages/airflow/example_dags/example_short_circuit_operator.py
[2023-03-03T11:38:44.302+0000] {processor.py:753} INFO - DAG(s) dict_keys(['example_short_circuit_operator']) retrieved from /home/airflow/.local/lib/python3.7/site-packages/airflow/example_dags/example_short_circuit_operator.py
[2023-03-03T11:38:44.335+0000] {logging_mixin.py:137} INFO - [2023-03-03T11:38:44.335+0000] {dag.py:2690} INFO - Sync 1 DAGs
[2023-03-03T11:38:44.362+0000] {logging_mixin.py:137} INFO - [2023-03-03T11:38:44.362+0000] {dag.py:3441} INFO - Setting next_dagrun for example_short_circuit_operator to 2023-03-02T11:38:44.361751+00:00, run_after=2023-03-03T11:38:44.361751+00:00
[2023-03-03T11:38:44.380+0000] {processor.py:175} INFO - Processing /home/airflow/.local/lib/python3.7/site-packages/airflow/example_dags/example_short_circuit_operator.py took 0.116 seconds
[2023-03-03T11:39:14.513+0000] {processor.py:153} INFO - Started process (PID=3537) to work on /home/airflow/.local/lib/python3.7/site-packages/airflow/example_dags/example_short_circuit_operator.py
[2023-03-03T11:39:14.515+0000] {processor.py:743} INFO - Processing file /home/airflow/.local/lib/python3.7/site-packages/airflow/example_dags/example_short_circuit_operator.py for tasks to queue
[2023-03-03T11:39:14.516+0000] {logging_mixin.py:137} INFO - [2023-03-03T11:39:14.516+0000] {dagbag.py:538} INFO - Filling up the DagBag from /home/airflow/.local/lib/python3.7/site-packages/airflow/example_dags/example_short_circuit_operator.py
[2023-03-03T11:39:14.534+0000] {processor.py:753} INFO - DAG(s) dict_keys(['example_short_circuit_operator']) retrieved from /home/airflow/.local/lib/python3.7/site-packages/airflow/example_dags/example_short_circuit_operator.py
[2023-03-03T11:39:14.565+0000] {logging_mixin.py:137} INFO - [2023-03-03T11:39:14.565+0000] {dag.py:2690} INFO - Sync 1 DAGs
[2023-03-03T11:39:14.588+0000] {logging_mixin.py:137} INFO - [2023-03-03T11:39:14.588+0000] {dag.py:3441} INFO - Setting next_dagrun for example_short_circuit_operator to 2023-03-02T11:39:14.587747+00:00, run_after=2023-03-03T11:39:14.587747+00:00
[2023-03-03T11:39:14.605+0000] {processor.py:175} INFO - Processing /home/airflow/.local/lib/python3.7/site-packages/airflow/example_dags/example_short_circuit_operator.py took 0.096 seconds
[2023-03-03T11:39:44.809+0000] {processor.py:153} INFO - Started process (PID=3613) to work on /home/airflow/.local/lib/python3.7/site-packages/airflow/example_dags/example_short_circuit_operator.py
[2023-03-03T11:39:44.812+0000] {processor.py:743} INFO - Processing file /home/airflow/.local/lib/python3.7/site-packages/airflow/example_dags/example_short_circuit_operator.py for tasks to queue
[2023-03-03T11:39:44.813+0000] {logging_mixin.py:137} INFO - [2023-03-03T11:39:44.813+0000] {dagbag.py:538} INFO - Filling up the DagBag from /home/airflow/.local/lib/python3.7/site-packages/airflow/example_dags/example_short_circuit_operator.py
[2023-03-03T11:39:44.828+0000] {processor.py:753} INFO - DAG(s) dict_keys(['example_short_circuit_operator']) retrieved from /home/airflow/.local/lib/python3.7/site-packages/airflow/example_dags/example_short_circuit_operator.py
[2023-03-03T11:39:44.853+0000] {logging_mixin.py:137} INFO - [2023-03-03T11:39:44.853+0000] {dag.py:2690} INFO - Sync 1 DAGs
[2023-03-03T11:39:44.874+0000] {logging_mixin.py:137} INFO - [2023-03-03T11:39:44.874+0000] {dag.py:3441} INFO - Setting next_dagrun for example_short_circuit_operator to 2023-03-02T11:39:44.873688+00:00, run_after=2023-03-03T11:39:44.873688+00:00
[2023-03-03T11:39:44.887+0000] {processor.py:175} INFO - Processing /home/airflow/.local/lib/python3.7/site-packages/airflow/example_dags/example_short_circuit_operator.py took 0.083 seconds
[2023-03-03T11:55:24.745+0000] {processor.py:153} INFO - Started process (PID=3675) to work on /home/airflow/.local/lib/python3.7/site-packages/airflow/example_dags/example_short_circuit_operator.py
[2023-03-03T11:55:24.746+0000] {processor.py:743} INFO - Processing file /home/airflow/.local/lib/python3.7/site-packages/airflow/example_dags/example_short_circuit_operator.py for tasks to queue
[2023-03-03T11:55:24.747+0000] {logging_mixin.py:137} INFO - [2023-03-03T11:55:24.747+0000] {dagbag.py:538} INFO - Filling up the DagBag from /home/airflow/.local/lib/python3.7/site-packages/airflow/example_dags/example_short_circuit_operator.py
[2023-03-03T11:55:24.761+0000] {processor.py:753} INFO - DAG(s) dict_keys(['example_short_circuit_operator']) retrieved from /home/airflow/.local/lib/python3.7/site-packages/airflow/example_dags/example_short_circuit_operator.py
[2023-03-03T11:55:24.783+0000] {logging_mixin.py:137} INFO - [2023-03-03T11:55:24.783+0000] {dag.py:2690} INFO - Sync 1 DAGs
[2023-03-03T11:55:24.801+0000] {logging_mixin.py:137} INFO - [2023-03-03T11:55:24.801+0000] {dag.py:3441} INFO - Setting next_dagrun for example_short_circuit_operator to 2023-03-02T11:55:24.801603+00:00, run_after=2023-03-03T11:55:24.801603+00:00
[2023-03-03T11:55:24.818+0000] {processor.py:175} INFO - Processing /home/airflow/.local/lib/python3.7/site-packages/airflow/example_dags/example_short_circuit_operator.py took 0.078 seconds
[2023-03-03T12:52:42.963+0000] {processor.py:153} INFO - Started process (PID=3737) to work on /home/airflow/.local/lib/python3.7/site-packages/airflow/example_dags/example_short_circuit_operator.py
[2023-03-03T12:52:42.966+0000] {processor.py:743} INFO - Processing file /home/airflow/.local/lib/python3.7/site-packages/airflow/example_dags/example_short_circuit_operator.py for tasks to queue
[2023-03-03T12:52:42.969+0000] {logging_mixin.py:137} INFO - [2023-03-03T12:52:42.969+0000] {dagbag.py:538} INFO - Filling up the DagBag from /home/airflow/.local/lib/python3.7/site-packages/airflow/example_dags/example_short_circuit_operator.py
[2023-03-03T12:52:43.004+0000] {processor.py:753} INFO - DAG(s) dict_keys(['example_short_circuit_operator']) retrieved from /home/airflow/.local/lib/python3.7/site-packages/airflow/example_dags/example_short_circuit_operator.py
[2023-03-03T12:52:43.071+0000] {logging_mixin.py:137} INFO - [2023-03-03T12:52:43.071+0000] {dag.py:2690} INFO - Sync 1 DAGs
[2023-03-03T12:52:43.101+0000] {logging_mixin.py:137} INFO - [2023-03-03T12:52:43.101+0000] {dag.py:3441} INFO - Setting next_dagrun for example_short_circuit_operator to 2023-03-02T12:52:43.101517+00:00, run_after=2023-03-03T12:52:43.101517+00:00
[2023-03-03T12:52:43.130+0000] {processor.py:175} INFO - Processing /home/airflow/.local/lib/python3.7/site-packages/airflow/example_dags/example_short_circuit_operator.py took 0.173 seconds
[2023-03-03T14:00:58.025+0000] {processor.py:153} INFO - Started process (PID=3812) to work on /home/airflow/.local/lib/python3.7/site-packages/airflow/example_dags/example_short_circuit_operator.py
[2023-03-03T14:00:58.030+0000] {processor.py:743} INFO - Processing file /home/airflow/.local/lib/python3.7/site-packages/airflow/example_dags/example_short_circuit_operator.py for tasks to queue
[2023-03-03T14:00:58.033+0000] {logging_mixin.py:137} INFO - [2023-03-03T14:00:58.033+0000] {dagbag.py:538} INFO - Filling up the DagBag from /home/airflow/.local/lib/python3.7/site-packages/airflow/example_dags/example_short_circuit_operator.py
[2023-03-03T14:00:58.077+0000] {processor.py:753} INFO - DAG(s) dict_keys(['example_short_circuit_operator']) retrieved from /home/airflow/.local/lib/python3.7/site-packages/airflow/example_dags/example_short_circuit_operator.py
[2023-03-03T14:00:58.137+0000] {logging_mixin.py:137} INFO - [2023-03-03T14:00:58.137+0000] {dag.py:2690} INFO - Sync 1 DAGs
[2023-03-03T14:00:58.184+0000] {logging_mixin.py:137} INFO - [2023-03-03T14:00:58.184+0000] {dag.py:3441} INFO - Setting next_dagrun for example_short_circuit_operator to 2023-03-02T14:00:58.183637+00:00, run_after=2023-03-03T14:00:58.183637+00:00
[2023-03-03T14:00:58.209+0000] {processor.py:175} INFO - Processing /home/airflow/.local/lib/python3.7/site-packages/airflow/example_dags/example_short_circuit_operator.py took 0.189 seconds
[2023-03-03T14:44:31.324+0000] {processor.py:153} INFO - Started process (PID=3863) to work on /home/airflow/.local/lib/python3.7/site-packages/airflow/example_dags/example_short_circuit_operator.py
[2023-03-03T14:44:31.327+0000] {processor.py:743} INFO - Processing file /home/airflow/.local/lib/python3.7/site-packages/airflow/example_dags/example_short_circuit_operator.py for tasks to queue
[2023-03-03T14:44:31.329+0000] {logging_mixin.py:137} INFO - [2023-03-03T14:44:31.329+0000] {dagbag.py:538} INFO - Filling up the DagBag from /home/airflow/.local/lib/python3.7/site-packages/airflow/example_dags/example_short_circuit_operator.py
[2023-03-03T14:44:31.364+0000] {processor.py:753} INFO - DAG(s) dict_keys(['example_short_circuit_operator']) retrieved from /home/airflow/.local/lib/python3.7/site-packages/airflow/example_dags/example_short_circuit_operator.py
[2023-03-03T14:44:31.403+0000] {logging_mixin.py:137} INFO - [2023-03-03T14:44:31.403+0000] {dag.py:2690} INFO - Sync 1 DAGs
[2023-03-03T14:44:31.453+0000] {logging_mixin.py:137} INFO - [2023-03-03T14:44:31.453+0000] {dag.py:3441} INFO - Setting next_dagrun for example_short_circuit_operator to 2023-03-02T14:44:31.452605+00:00, run_after=2023-03-03T14:44:31.452605+00:00
[2023-03-03T14:44:31.501+0000] {processor.py:175} INFO - Processing /home/airflow/.local/lib/python3.7/site-packages/airflow/example_dags/example_short_circuit_operator.py took 0.182 seconds
[2023-03-03T15:49:34.885+0000] {processor.py:153} INFO - Started process (PID=3926) to work on /home/airflow/.local/lib/python3.7/site-packages/airflow/example_dags/example_short_circuit_operator.py
[2023-03-03T15:49:34.895+0000] {processor.py:743} INFO - Processing file /home/airflow/.local/lib/python3.7/site-packages/airflow/example_dags/example_short_circuit_operator.py for tasks to queue
[2023-03-03T15:49:34.900+0000] {logging_mixin.py:137} INFO - [2023-03-03T15:49:34.900+0000] {dagbag.py:538} INFO - Filling up the DagBag from /home/airflow/.local/lib/python3.7/site-packages/airflow/example_dags/example_short_circuit_operator.py
[2023-03-03T15:49:34.968+0000] {processor.py:753} INFO - DAG(s) dict_keys(['example_short_circuit_operator']) retrieved from /home/airflow/.local/lib/python3.7/site-packages/airflow/example_dags/example_short_circuit_operator.py
[2023-03-03T15:49:35.025+0000] {logging_mixin.py:137} INFO - [2023-03-03T15:49:35.024+0000] {dag.py:2690} INFO - Sync 1 DAGs
[2023-03-03T15:49:35.112+0000] {logging_mixin.py:137} INFO - [2023-03-03T15:49:35.111+0000] {dag.py:3441} INFO - Setting next_dagrun for example_short_circuit_operator to 2023-03-02T15:49:35.106967+00:00, run_after=2023-03-03T15:49:35.106967+00:00
[2023-03-03T15:49:35.434+0000] {processor.py:175} INFO - Processing /home/airflow/.local/lib/python3.7/site-packages/airflow/example_dags/example_short_circuit_operator.py took 0.556 seconds
[2023-03-03T16:32:34.062+0000] {processor.py:153} INFO - Started process (PID=3982) to work on /home/airflow/.local/lib/python3.7/site-packages/airflow/example_dags/example_short_circuit_operator.py
[2023-03-03T16:32:34.069+0000] {processor.py:743} INFO - Processing file /home/airflow/.local/lib/python3.7/site-packages/airflow/example_dags/example_short_circuit_operator.py for tasks to queue
[2023-03-03T16:32:34.075+0000] {logging_mixin.py:137} INFO - [2023-03-03T16:32:34.074+0000] {dagbag.py:538} INFO - Filling up the DagBag from /home/airflow/.local/lib/python3.7/site-packages/airflow/example_dags/example_short_circuit_operator.py
[2023-03-03T16:32:34.161+0000] {processor.py:753} INFO - DAG(s) dict_keys(['example_short_circuit_operator']) retrieved from /home/airflow/.local/lib/python3.7/site-packages/airflow/example_dags/example_short_circuit_operator.py
[2023-03-03T16:32:34.282+0000] {logging_mixin.py:137} INFO - [2023-03-03T16:32:34.281+0000] {dag.py:2690} INFO - Sync 1 DAGs
[2023-03-03T16:32:34.391+0000] {logging_mixin.py:137} INFO - [2023-03-03T16:32:34.391+0000] {dag.py:3441} INFO - Setting next_dagrun for example_short_circuit_operator to 2023-03-02T16:32:34.391047+00:00, run_after=2023-03-03T16:32:34.391047+00:00
[2023-03-03T16:32:34.501+0000] {processor.py:175} INFO - Processing /home/airflow/.local/lib/python3.7/site-packages/airflow/example_dags/example_short_circuit_operator.py took 0.446 seconds
[2023-03-03T16:34:15.340+0000] {processor.py:153} INFO - Started process (PID=4040) to work on /home/airflow/.local/lib/python3.7/site-packages/airflow/example_dags/example_short_circuit_operator.py
[2023-03-03T16:34:15.341+0000] {processor.py:743} INFO - Processing file /home/airflow/.local/lib/python3.7/site-packages/airflow/example_dags/example_short_circuit_operator.py for tasks to queue
[2023-03-03T16:34:15.342+0000] {logging_mixin.py:137} INFO - [2023-03-03T16:34:15.342+0000] {dagbag.py:538} INFO - Filling up the DagBag from /home/airflow/.local/lib/python3.7/site-packages/airflow/example_dags/example_short_circuit_operator.py
[2023-03-03T16:34:15.356+0000] {processor.py:753} INFO - DAG(s) dict_keys(['example_short_circuit_operator']) retrieved from /home/airflow/.local/lib/python3.7/site-packages/airflow/example_dags/example_short_circuit_operator.py
[2023-03-03T16:34:15.380+0000] {logging_mixin.py:137} INFO - [2023-03-03T16:34:15.380+0000] {dag.py:2690} INFO - Sync 1 DAGs
[2023-03-03T16:34:15.396+0000] {logging_mixin.py:137} INFO - [2023-03-03T16:34:15.396+0000] {dag.py:3441} INFO - Setting next_dagrun for example_short_circuit_operator to 2023-03-02T16:34:15.396451+00:00, run_after=2023-03-03T16:34:15.396451+00:00
[2023-03-03T16:34:15.407+0000] {processor.py:175} INFO - Processing /home/airflow/.local/lib/python3.7/site-packages/airflow/example_dags/example_short_circuit_operator.py took 0.071 seconds
[2023-03-03T16:51:20.848+0000] {processor.py:153} INFO - Started process (PID=4116) to work on /home/airflow/.local/lib/python3.7/site-packages/airflow/example_dags/example_short_circuit_operator.py
[2023-03-03T16:51:20.850+0000] {processor.py:743} INFO - Processing file /home/airflow/.local/lib/python3.7/site-packages/airflow/example_dags/example_short_circuit_operator.py for tasks to queue
[2023-03-03T16:51:20.851+0000] {logging_mixin.py:137} INFO - [2023-03-03T16:51:20.851+0000] {dagbag.py:538} INFO - Filling up the DagBag from /home/airflow/.local/lib/python3.7/site-packages/airflow/example_dags/example_short_circuit_operator.py
[2023-03-03T16:51:20.927+0000] {processor.py:753} INFO - DAG(s) dict_keys(['example_short_circuit_operator']) retrieved from /home/airflow/.local/lib/python3.7/site-packages/airflow/example_dags/example_short_circuit_operator.py
[2023-03-03T16:51:20.984+0000] {logging_mixin.py:137} INFO - [2023-03-03T16:51:20.983+0000] {dag.py:2690} INFO - Sync 1 DAGs
[2023-03-03T16:51:21.035+0000] {logging_mixin.py:137} INFO - [2023-03-03T16:51:21.035+0000] {dag.py:3441} INFO - Setting next_dagrun for example_short_circuit_operator to 2023-03-02T16:51:21.035219+00:00, run_after=2023-03-03T16:51:21.035219+00:00
[2023-03-03T16:51:21.054+0000] {processor.py:175} INFO - Processing /home/airflow/.local/lib/python3.7/site-packages/airflow/example_dags/example_short_circuit_operator.py took 0.210 seconds
[2023-03-03T17:25:23.002+0000] {processor.py:153} INFO - Started process (PID=4179) to work on /home/airflow/.local/lib/python3.7/site-packages/airflow/example_dags/example_short_circuit_operator.py
[2023-03-03T17:25:23.003+0000] {processor.py:743} INFO - Processing file /home/airflow/.local/lib/python3.7/site-packages/airflow/example_dags/example_short_circuit_operator.py for tasks to queue
[2023-03-03T17:25:23.004+0000] {logging_mixin.py:137} INFO - [2023-03-03T17:25:23.004+0000] {dagbag.py:538} INFO - Filling up the DagBag from /home/airflow/.local/lib/python3.7/site-packages/airflow/example_dags/example_short_circuit_operator.py
[2023-03-03T17:25:23.016+0000] {processor.py:753} INFO - DAG(s) dict_keys(['example_short_circuit_operator']) retrieved from /home/airflow/.local/lib/python3.7/site-packages/airflow/example_dags/example_short_circuit_operator.py
[2023-03-03T17:25:23.037+0000] {logging_mixin.py:137} INFO - [2023-03-03T17:25:23.036+0000] {dag.py:2690} INFO - Sync 1 DAGs
[2023-03-03T17:25:23.054+0000] {logging_mixin.py:137} INFO - [2023-03-03T17:25:23.054+0000] {dag.py:3441} INFO - Setting next_dagrun for example_short_circuit_operator to 2023-03-02T17:25:23.053958+00:00, run_after=2023-03-03T17:25:23.053958+00:00
[2023-03-03T17:25:23.066+0000] {processor.py:175} INFO - Processing /home/airflow/.local/lib/python3.7/site-packages/airflow/example_dags/example_short_circuit_operator.py took 0.067 seconds
[2023-03-03T18:12:17.044+0000] {processor.py:153} INFO - Started process (PID=4241) to work on /home/airflow/.local/lib/python3.7/site-packages/airflow/example_dags/example_short_circuit_operator.py
[2023-03-03T18:12:17.046+0000] {processor.py:743} INFO - Processing file /home/airflow/.local/lib/python3.7/site-packages/airflow/example_dags/example_short_circuit_operator.py for tasks to queue
[2023-03-03T18:12:17.048+0000] {logging_mixin.py:137} INFO - [2023-03-03T18:12:17.048+0000] {dagbag.py:538} INFO - Filling up the DagBag from /home/airflow/.local/lib/python3.7/site-packages/airflow/example_dags/example_short_circuit_operator.py
[2023-03-03T18:12:17.091+0000] {processor.py:753} INFO - DAG(s) dict_keys(['example_short_circuit_operator']) retrieved from /home/airflow/.local/lib/python3.7/site-packages/airflow/example_dags/example_short_circuit_operator.py
[2023-03-03T18:12:17.135+0000] {logging_mixin.py:137} INFO - [2023-03-03T18:12:17.135+0000] {dag.py:2690} INFO - Sync 1 DAGs
[2023-03-03T18:12:17.163+0000] {logging_mixin.py:137} INFO - [2023-03-03T18:12:17.163+0000] {dag.py:3441} INFO - Setting next_dagrun for example_short_circuit_operator to 2023-03-02T18:12:17.163166+00:00, run_after=2023-03-03T18:12:17.163166+00:00
[2023-03-03T18:12:17.182+0000] {processor.py:175} INFO - Processing /home/airflow/.local/lib/python3.7/site-packages/airflow/example_dags/example_short_circuit_operator.py took 0.141 seconds
[2023-03-03T18:58:45.884+0000] {processor.py:153} INFO - Started process (PID=4323) to work on /home/airflow/.local/lib/python3.7/site-packages/airflow/example_dags/example_short_circuit_operator.py
[2023-03-03T18:58:45.886+0000] {processor.py:743} INFO - Processing file /home/airflow/.local/lib/python3.7/site-packages/airflow/example_dags/example_short_circuit_operator.py for tasks to queue
[2023-03-03T18:58:45.888+0000] {logging_mixin.py:137} INFO - [2023-03-03T18:58:45.888+0000] {dagbag.py:538} INFO - Filling up the DagBag from /home/airflow/.local/lib/python3.7/site-packages/airflow/example_dags/example_short_circuit_operator.py
[2023-03-03T18:58:45.934+0000] {processor.py:753} INFO - DAG(s) dict_keys(['example_short_circuit_operator']) retrieved from /home/airflow/.local/lib/python3.7/site-packages/airflow/example_dags/example_short_circuit_operator.py
[2023-03-03T18:58:46.015+0000] {logging_mixin.py:137} INFO - [2023-03-03T18:58:46.015+0000] {dag.py:2690} INFO - Sync 1 DAGs
[2023-03-03T18:58:46.053+0000] {logging_mixin.py:137} INFO - [2023-03-03T18:58:46.053+0000] {dag.py:3441} INFO - Setting next_dagrun for example_short_circuit_operator to 2023-03-02T18:58:46.053040+00:00, run_after=2023-03-03T18:58:46.053040+00:00
[2023-03-03T18:58:46.072+0000] {processor.py:175} INFO - Processing /home/airflow/.local/lib/python3.7/site-packages/airflow/example_dags/example_short_circuit_operator.py took 0.195 seconds
[2023-03-03T19:44:01.718+0000] {processor.py:153} INFO - Started process (PID=4409) to work on /home/airflow/.local/lib/python3.7/site-packages/airflow/example_dags/example_short_circuit_operator.py
[2023-03-03T19:44:01.727+0000] {processor.py:743} INFO - Processing file /home/airflow/.local/lib/python3.7/site-packages/airflow/example_dags/example_short_circuit_operator.py for tasks to queue
[2023-03-03T19:44:01.733+0000] {logging_mixin.py:137} INFO - [2023-03-03T19:44:01.733+0000] {dagbag.py:538} INFO - Filling up the DagBag from /home/airflow/.local/lib/python3.7/site-packages/airflow/example_dags/example_short_circuit_operator.py
[2023-03-03T19:44:01.873+0000] {processor.py:753} INFO - DAG(s) dict_keys(['example_short_circuit_operator']) retrieved from /home/airflow/.local/lib/python3.7/site-packages/airflow/example_dags/example_short_circuit_operator.py
[2023-03-03T19:44:02.093+0000] {logging_mixin.py:137} INFO - [2023-03-03T19:44:02.092+0000] {dag.py:2690} INFO - Sync 1 DAGs
[2023-03-03T19:44:02.208+0000] {logging_mixin.py:137} INFO - [2023-03-03T19:44:02.207+0000] {dag.py:3441} INFO - Setting next_dagrun for example_short_circuit_operator to 2023-03-02T19:44:02.203216+00:00, run_after=2023-03-03T19:44:02.203216+00:00
[2023-03-03T19:44:02.270+0000] {processor.py:175} INFO - Processing /home/airflow/.local/lib/python3.7/site-packages/airflow/example_dags/example_short_circuit_operator.py took 0.613 seconds
[2023-03-03T22:36:12.176+0000] {processor.py:153} INFO - Started process (PID=4491) to work on /home/airflow/.local/lib/python3.7/site-packages/airflow/example_dags/example_short_circuit_operator.py
[2023-03-03T22:36:12.237+0000] {processor.py:743} INFO - Processing file /home/airflow/.local/lib/python3.7/site-packages/airflow/example_dags/example_short_circuit_operator.py for tasks to queue
[2023-03-03T22:36:12.277+0000] {logging_mixin.py:137} INFO - [2023-03-03T22:36:12.277+0000] {dagbag.py:538} INFO - Filling up the DagBag from /home/airflow/.local/lib/python3.7/site-packages/airflow/example_dags/example_short_circuit_operator.py
[2023-03-03T22:36:13.361+0000] {processor.py:753} INFO - DAG(s) dict_keys(['example_short_circuit_operator']) retrieved from /home/airflow/.local/lib/python3.7/site-packages/airflow/example_dags/example_short_circuit_operator.py
[2023-03-03T22:36:14.066+0000] {logging_mixin.py:137} INFO - [2023-03-03T22:36:14.055+0000] {dag.py:2690} INFO - Sync 1 DAGs
[2023-03-03T22:36:14.509+0000] {logging_mixin.py:137} INFO - [2023-03-03T22:36:14.508+0000] {dag.py:3441} INFO - Setting next_dagrun for example_short_circuit_operator to 2023-03-02T22:36:14.506982+00:00, run_after=2023-03-03T22:36:14.506982+00:00
[2023-03-03T22:36:14.728+0000] {processor.py:175} INFO - Processing /home/airflow/.local/lib/python3.7/site-packages/airflow/example_dags/example_short_circuit_operator.py took 3.062 seconds
