[2023-03-05T14:30:01.143+0000] {taskinstance.py:1083} INFO - Dependencies all met for <TaskInstance: spotify_final_dag.create_table scheduled__2023-01-29T00:00:00+00:00 [queued]>
[2023-03-05T14:30:19.863+0000] {taskinstance.py:1083} INFO - Dependencies all met for <TaskInstance: spotify_final_dag.create_table scheduled__2023-01-29T00:00:00+00:00 [queued]>
[2023-03-05T14:30:20.157+0000] {taskinstance.py:1279} INFO - 
--------------------------------------------------------------------------------
[2023-03-05T14:30:20.161+0000] {taskinstance.py:1280} INFO - Starting attempt 1 of 2
[2023-03-05T14:30:20.175+0000] {taskinstance.py:1281} INFO - 
--------------------------------------------------------------------------------
[2023-03-05T14:30:24.304+0000] {taskinstance.py:1300} INFO - Executing <Task(PostgresOperator): create_table> on 2023-01-29 00:00:00+00:00
[2023-03-05T14:30:25.825+0000] {standard_task_runner.py:55} INFO - Started process 4569 to run task
[2023-03-05T14:30:27.684+0000] {standard_task_runner.py:82} INFO - Running: ['***', 'tasks', 'run', 'spotify_final_dag', 'create_table', 'scheduled__2023-01-29T00:00:00+00:00', '--job-id', '11', '--raw', '--subdir', 'DAGS_FOLDER/spotify_final_dag.py', '--cfg-path', '/tmp/tmpl2k3_w2o']
[2023-03-05T14:30:27.964+0000] {standard_task_runner.py:83} INFO - Job 11: Subtask create_table
[2023-03-05T14:31:34.297+0000] {task_command.py:388} INFO - Running <TaskInstance: spotify_final_dag.create_table scheduled__2023-01-29T00:00:00+00:00 [running]> on host 3d5c0ecd78a8
[2023-03-05T14:32:17.871+0000] {taskinstance.py:1509} INFO - Exporting the following env vars:
AIRFLOW_CTX_DAG_EMAIL=***@example.com
AIRFLOW_CTX_DAG_OWNER=***
AIRFLOW_CTX_DAG_ID=spotify_final_dag
AIRFLOW_CTX_TASK_ID=create_table
AIRFLOW_CTX_EXECUTION_DATE=2023-01-29T00:00:00+00:00
AIRFLOW_CTX_TRY_NUMBER=1
AIRFLOW_CTX_DAG_RUN_ID=scheduled__2023-01-29T00:00:00+00:00
[2023-03-05T14:32:31.149+0000] {sql.py:254} INFO - Executing: 
            CREATE TABLE IF NOT EXISTS my_played_tracks(
            song_name VARCHAR(200),
            artist_name VARCHAR(200),
            played_at VARCHAR(200),
            timestamp VARCHAR(200),
            CONSTRAINT primary_key_constraint PRIMARY KEY (played_at)
        )
        
[2023-03-05T14:33:04.287+0000] {taskinstance.py:1768} ERROR - Task failed with exception
Traceback (most recent call last):
  File "/home/airflow/.local/lib/python3.7/site-packages/airflow/providers/common/sql/operators/sql.py", line 255, in execute
    hook = self.get_db_hook()
  File "/home/airflow/.local/lib/python3.7/site-packages/airflow/providers/common/sql/operators/sql.py", line 179, in get_db_hook
    return self._hook
  File "/home/airflow/.local/lib/python3.7/site-packages/cached_property.py", line 36, in __get__
    value = obj.__dict__[self.func.__name__] = self.func(obj)
  File "/home/airflow/.local/lib/python3.7/site-packages/airflow/providers/common/sql/operators/sql.py", line 141, in _hook
    conn = BaseHook.get_connection(self.conn_id)
  File "/home/airflow/.local/lib/python3.7/site-packages/airflow/hooks/base.py", line 72, in get_connection
    conn = Connection.get_connection_from_secrets(conn_id)
  File "/home/airflow/.local/lib/python3.7/site-packages/airflow/models/connection.py", line 435, in get_connection_from_secrets
    raise AirflowNotFoundException(f"The conn_id `{conn_id}` isn't defined")
airflow.exceptions.AirflowNotFoundException: The conn_id `postgre_sql` isn't defined
[2023-03-05T14:33:07.734+0000] {taskinstance.py:1323} INFO - Marking task as UP_FOR_RETRY. dag_id=spotify_final_dag, task_id=create_table, execution_date=20230129T000000, start_date=20230305T143003, end_date=20230305T143307
[2023-03-05T14:33:11.788+0000] {standard_task_runner.py:105} ERROR - Failed to execute job 11 for task create_table (The conn_id `postgre_sql` isn't defined; 4569)
[2023-03-05T14:34:04.863+0000] {local_task_job.py:208} INFO - Task exited with return code 1
[2023-03-05T14:36:12.948+0000] {taskinstance.py:2578} INFO - 0 downstream tasks scheduled from follow-on schedule check
