[2023-03-04T00:47:43.876+0000] {processor.py:153} INFO - Started process (PID=4573) to work on /home/airflow/.local/lib/python3.7/site-packages/airflow/example_dags/example_short_circuit_operator.py
[2023-03-04T00:47:43.892+0000] {processor.py:743} INFO - Processing file /home/airflow/.local/lib/python3.7/site-packages/airflow/example_dags/example_short_circuit_operator.py for tasks to queue
[2023-03-04T00:47:43.904+0000] {logging_mixin.py:137} INFO - [2023-03-04T00:47:43.903+0000] {dagbag.py:538} INFO - Filling up the DagBag from /home/airflow/.local/lib/python3.7/site-packages/airflow/example_dags/example_short_circuit_operator.py
[2023-03-04T00:47:44.533+0000] {processor.py:753} INFO - DAG(s) dict_keys(['example_short_circuit_operator']) retrieved from /home/airflow/.local/lib/python3.7/site-packages/airflow/example_dags/example_short_circuit_operator.py
[2023-03-04T00:47:45.082+0000] {logging_mixin.py:137} INFO - [2023-03-04T00:47:45.080+0000] {dag.py:2690} INFO - Sync 1 DAGs
[2023-03-04T00:47:45.324+0000] {logging_mixin.py:137} INFO - [2023-03-04T00:47:45.323+0000] {dag.py:3441} INFO - Setting next_dagrun for example_short_circuit_operator to 2023-03-03T00:47:45.323013+00:00, run_after=2023-03-04T00:47:45.323013+00:00
[2023-03-04T00:47:45.418+0000] {processor.py:175} INFO - Processing /home/airflow/.local/lib/python3.7/site-packages/airflow/example_dags/example_short_circuit_operator.py took 1.804 seconds
[2023-03-04T06:10:55.966+0000] {processor.py:153} INFO - Started process (PID=4700) to work on /home/airflow/.local/lib/python3.7/site-packages/airflow/example_dags/example_short_circuit_operator.py
[2023-03-04T06:10:55.984+0000] {processor.py:743} INFO - Processing file /home/airflow/.local/lib/python3.7/site-packages/airflow/example_dags/example_short_circuit_operator.py for tasks to queue
[2023-03-04T06:10:55.993+0000] {logging_mixin.py:137} INFO - [2023-03-04T06:10:55.991+0000] {dagbag.py:538} INFO - Filling up the DagBag from /home/airflow/.local/lib/python3.7/site-packages/airflow/example_dags/example_short_circuit_operator.py
[2023-03-04T06:10:57.326+0000] {processor.py:753} INFO - DAG(s) dict_keys(['example_short_circuit_operator']) retrieved from /home/airflow/.local/lib/python3.7/site-packages/airflow/example_dags/example_short_circuit_operator.py
[2023-03-04T06:11:00.158+0000] {logging_mixin.py:137} INFO - [2023-03-04T06:11:00.156+0000] {dag.py:2690} INFO - Sync 1 DAGs
[2023-03-04T06:11:00.643+0000] {logging_mixin.py:137} INFO - [2023-03-04T06:11:00.643+0000] {dag.py:3441} INFO - Setting next_dagrun for example_short_circuit_operator to 2023-03-03T06:11:00.603176+00:00, run_after=2023-03-04T06:11:00.603176+00:00
[2023-03-04T06:11:01.096+0000] {processor.py:175} INFO - Processing /home/airflow/.local/lib/python3.7/site-packages/airflow/example_dags/example_short_circuit_operator.py took 5.211 seconds
[2023-03-04T07:05:53.638+0000] {processor.py:153} INFO - Started process (PID=4760) to work on /home/airflow/.local/lib/python3.7/site-packages/airflow/example_dags/example_short_circuit_operator.py
[2023-03-04T07:05:53.642+0000] {processor.py:743} INFO - Processing file /home/airflow/.local/lib/python3.7/site-packages/airflow/example_dags/example_short_circuit_operator.py for tasks to queue
[2023-03-04T07:05:53.644+0000] {logging_mixin.py:137} INFO - [2023-03-04T07:05:53.644+0000] {dagbag.py:538} INFO - Filling up the DagBag from /home/airflow/.local/lib/python3.7/site-packages/airflow/example_dags/example_short_circuit_operator.py
[2023-03-04T07:05:53.713+0000] {processor.py:753} INFO - DAG(s) dict_keys(['example_short_circuit_operator']) retrieved from /home/airflow/.local/lib/python3.7/site-packages/airflow/example_dags/example_short_circuit_operator.py
[2023-03-04T07:05:53.770+0000] {logging_mixin.py:137} INFO - [2023-03-04T07:05:53.770+0000] {dag.py:2690} INFO - Sync 1 DAGs
[2023-03-04T07:05:53.828+0000] {logging_mixin.py:137} INFO - [2023-03-04T07:05:53.827+0000] {dag.py:3441} INFO - Setting next_dagrun for example_short_circuit_operator to 2023-03-03T07:05:53.827037+00:00, run_after=2023-03-04T07:05:53.827037+00:00
[2023-03-04T07:05:53.866+0000] {processor.py:175} INFO - Processing /home/airflow/.local/lib/python3.7/site-packages/airflow/example_dags/example_short_circuit_operator.py took 0.250 seconds
[2023-03-04T07:37:53.692+0000] {processor.py:153} INFO - Started process (PID=4826) to work on /home/airflow/.local/lib/python3.7/site-packages/airflow/example_dags/example_short_circuit_operator.py
[2023-03-04T07:37:53.694+0000] {processor.py:743} INFO - Processing file /home/airflow/.local/lib/python3.7/site-packages/airflow/example_dags/example_short_circuit_operator.py for tasks to queue
[2023-03-04T07:37:53.695+0000] {logging_mixin.py:137} INFO - [2023-03-04T07:37:53.695+0000] {dagbag.py:538} INFO - Filling up the DagBag from /home/airflow/.local/lib/python3.7/site-packages/airflow/example_dags/example_short_circuit_operator.py
[2023-03-04T07:37:53.708+0000] {processor.py:753} INFO - DAG(s) dict_keys(['example_short_circuit_operator']) retrieved from /home/airflow/.local/lib/python3.7/site-packages/airflow/example_dags/example_short_circuit_operator.py
[2023-03-04T07:37:53.747+0000] {logging_mixin.py:137} INFO - [2023-03-04T07:37:53.747+0000] {dag.py:2690} INFO - Sync 1 DAGs
[2023-03-04T07:37:53.773+0000] {logging_mixin.py:137} INFO - [2023-03-04T07:37:53.773+0000] {dag.py:3441} INFO - Setting next_dagrun for example_short_circuit_operator to 2023-03-03T07:37:53.773323+00:00, run_after=2023-03-04T07:37:53.773323+00:00
[2023-03-04T07:37:53.786+0000] {processor.py:175} INFO - Processing /home/airflow/.local/lib/python3.7/site-packages/airflow/example_dags/example_short_circuit_operator.py took 0.098 seconds
[2023-03-04T07:43:52.200+0000] {processor.py:153} INFO - Started process (PID=4889) to work on /home/airflow/.local/lib/python3.7/site-packages/airflow/example_dags/example_short_circuit_operator.py
[2023-03-04T07:43:52.201+0000] {processor.py:743} INFO - Processing file /home/airflow/.local/lib/python3.7/site-packages/airflow/example_dags/example_short_circuit_operator.py for tasks to queue
[2023-03-04T07:43:52.202+0000] {logging_mixin.py:137} INFO - [2023-03-04T07:43:52.202+0000] {dagbag.py:538} INFO - Filling up the DagBag from /home/airflow/.local/lib/python3.7/site-packages/airflow/example_dags/example_short_circuit_operator.py
[2023-03-04T07:43:52.219+0000] {processor.py:753} INFO - DAG(s) dict_keys(['example_short_circuit_operator']) retrieved from /home/airflow/.local/lib/python3.7/site-packages/airflow/example_dags/example_short_circuit_operator.py
[2023-03-04T07:43:52.253+0000] {logging_mixin.py:137} INFO - [2023-03-04T07:43:52.253+0000] {dag.py:2690} INFO - Sync 1 DAGs
[2023-03-04T07:43:52.292+0000] {logging_mixin.py:137} INFO - [2023-03-04T07:43:52.291+0000] {dag.py:3441} INFO - Setting next_dagrun for example_short_circuit_operator to 2023-03-03T07:43:52.291616+00:00, run_after=2023-03-04T07:43:52.291616+00:00
[2023-03-04T07:43:52.307+0000] {processor.py:175} INFO - Processing /home/airflow/.local/lib/python3.7/site-packages/airflow/example_dags/example_short_circuit_operator.py took 0.110 seconds
[2023-03-04T09:08:13.359+0000] {processor.py:153} INFO - Started process (PID=4964) to work on /home/airflow/.local/lib/python3.7/site-packages/airflow/example_dags/example_short_circuit_operator.py
[2023-03-04T09:08:13.363+0000] {processor.py:743} INFO - Processing file /home/airflow/.local/lib/python3.7/site-packages/airflow/example_dags/example_short_circuit_operator.py for tasks to queue
[2023-03-04T09:08:13.374+0000] {logging_mixin.py:137} INFO - [2023-03-04T09:08:13.373+0000] {dagbag.py:538} INFO - Filling up the DagBag from /home/airflow/.local/lib/python3.7/site-packages/airflow/example_dags/example_short_circuit_operator.py
[2023-03-04T09:08:13.560+0000] {processor.py:753} INFO - DAG(s) dict_keys(['example_short_circuit_operator']) retrieved from /home/airflow/.local/lib/python3.7/site-packages/airflow/example_dags/example_short_circuit_operator.py
[2023-03-04T09:08:13.688+0000] {logging_mixin.py:137} INFO - [2023-03-04T09:08:13.688+0000] {dag.py:2690} INFO - Sync 1 DAGs
[2023-03-04T09:08:13.833+0000] {logging_mixin.py:137} INFO - [2023-03-04T09:08:13.831+0000] {dag.py:3441} INFO - Setting next_dagrun for example_short_circuit_operator to 2023-03-03T09:08:13.820909+00:00, run_after=2023-03-04T09:08:13.820909+00:00
[2023-03-04T09:08:13.902+0000] {processor.py:175} INFO - Processing /home/airflow/.local/lib/python3.7/site-packages/airflow/example_dags/example_short_circuit_operator.py took 0.560 seconds
[2023-03-04T10:01:48.919+0000] {processor.py:153} INFO - Started process (PID=5027) to work on /home/airflow/.local/lib/python3.7/site-packages/airflow/example_dags/example_short_circuit_operator.py
[2023-03-04T10:01:48.922+0000] {processor.py:743} INFO - Processing file /home/airflow/.local/lib/python3.7/site-packages/airflow/example_dags/example_short_circuit_operator.py for tasks to queue
[2023-03-04T10:01:48.923+0000] {logging_mixin.py:137} INFO - [2023-03-04T10:01:48.923+0000] {dagbag.py:538} INFO - Filling up the DagBag from /home/airflow/.local/lib/python3.7/site-packages/airflow/example_dags/example_short_circuit_operator.py
[2023-03-04T10:01:48.961+0000] {processor.py:753} INFO - DAG(s) dict_keys(['example_short_circuit_operator']) retrieved from /home/airflow/.local/lib/python3.7/site-packages/airflow/example_dags/example_short_circuit_operator.py
[2023-03-04T10:01:49.033+0000] {logging_mixin.py:137} INFO - [2023-03-04T10:01:49.033+0000] {dag.py:2690} INFO - Sync 1 DAGs
[2023-03-04T10:01:49.085+0000] {logging_mixin.py:137} INFO - [2023-03-04T10:01:49.085+0000] {dag.py:3441} INFO - Setting next_dagrun for example_short_circuit_operator to 2023-03-03T10:01:49.084386+00:00, run_after=2023-03-04T10:01:49.084386+00:00
[2023-03-04T10:01:49.128+0000] {processor.py:175} INFO - Processing /home/airflow/.local/lib/python3.7/site-packages/airflow/example_dags/example_short_circuit_operator.py took 0.213 seconds
[2023-03-04T10:51:23.301+0000] {processor.py:153} INFO - Started process (PID=5084) to work on /home/airflow/.local/lib/python3.7/site-packages/airflow/example_dags/example_short_circuit_operator.py
[2023-03-04T10:51:23.310+0000] {processor.py:743} INFO - Processing file /home/airflow/.local/lib/python3.7/site-packages/airflow/example_dags/example_short_circuit_operator.py for tasks to queue
[2023-03-04T10:51:23.322+0000] {logging_mixin.py:137} INFO - [2023-03-04T10:51:23.322+0000] {dagbag.py:538} INFO - Filling up the DagBag from /home/airflow/.local/lib/python3.7/site-packages/airflow/example_dags/example_short_circuit_operator.py
[2023-03-04T10:51:23.385+0000] {processor.py:753} INFO - DAG(s) dict_keys(['example_short_circuit_operator']) retrieved from /home/airflow/.local/lib/python3.7/site-packages/airflow/example_dags/example_short_circuit_operator.py
[2023-03-04T10:51:23.463+0000] {logging_mixin.py:137} INFO - [2023-03-04T10:51:23.463+0000] {dag.py:2690} INFO - Sync 1 DAGs
[2023-03-04T10:51:23.529+0000] {logging_mixin.py:137} INFO - [2023-03-04T10:51:23.529+0000] {dag.py:3441} INFO - Setting next_dagrun for example_short_circuit_operator to 2023-03-03T10:51:23.528338+00:00, run_after=2023-03-04T10:51:23.528338+00:00
[2023-03-04T10:51:23.573+0000] {processor.py:175} INFO - Processing /home/airflow/.local/lib/python3.7/site-packages/airflow/example_dags/example_short_circuit_operator.py took 0.286 seconds
[2023-03-04T11:12:01.573+0000] {processor.py:153} INFO - Started process (PID=5152) to work on /home/airflow/.local/lib/python3.7/site-packages/airflow/example_dags/example_short_circuit_operator.py
[2023-03-04T11:12:01.577+0000] {processor.py:743} INFO - Processing file /home/airflow/.local/lib/python3.7/site-packages/airflow/example_dags/example_short_circuit_operator.py for tasks to queue
[2023-03-04T11:12:01.578+0000] {logging_mixin.py:137} INFO - [2023-03-04T11:12:01.578+0000] {dagbag.py:538} INFO - Filling up the DagBag from /home/airflow/.local/lib/python3.7/site-packages/airflow/example_dags/example_short_circuit_operator.py
[2023-03-04T11:12:01.595+0000] {processor.py:753} INFO - DAG(s) dict_keys(['example_short_circuit_operator']) retrieved from /home/airflow/.local/lib/python3.7/site-packages/airflow/example_dags/example_short_circuit_operator.py
[2023-03-04T11:12:01.623+0000] {logging_mixin.py:137} INFO - [2023-03-04T11:12:01.622+0000] {dag.py:2690} INFO - Sync 1 DAGs
[2023-03-04T11:12:01.642+0000] {logging_mixin.py:137} INFO - [2023-03-04T11:12:01.641+0000] {dag.py:3441} INFO - Setting next_dagrun for example_short_circuit_operator to 2023-03-03T11:12:01.641646+00:00, run_after=2023-03-04T11:12:01.641646+00:00
[2023-03-04T11:12:01.661+0000] {processor.py:175} INFO - Processing /home/airflow/.local/lib/python3.7/site-packages/airflow/example_dags/example_short_circuit_operator.py took 0.091 seconds
[2023-03-04T11:21:27.984+0000] {processor.py:153} INFO - Started process (PID=5215) to work on /home/airflow/.local/lib/python3.7/site-packages/airflow/example_dags/example_short_circuit_operator.py
[2023-03-04T11:21:27.986+0000] {processor.py:743} INFO - Processing file /home/airflow/.local/lib/python3.7/site-packages/airflow/example_dags/example_short_circuit_operator.py for tasks to queue
[2023-03-04T11:21:27.987+0000] {logging_mixin.py:137} INFO - [2023-03-04T11:21:27.987+0000] {dagbag.py:538} INFO - Filling up the DagBag from /home/airflow/.local/lib/python3.7/site-packages/airflow/example_dags/example_short_circuit_operator.py
[2023-03-04T11:21:27.999+0000] {processor.py:753} INFO - DAG(s) dict_keys(['example_short_circuit_operator']) retrieved from /home/airflow/.local/lib/python3.7/site-packages/airflow/example_dags/example_short_circuit_operator.py
[2023-03-04T11:21:28.022+0000] {logging_mixin.py:137} INFO - [2023-03-04T11:21:28.022+0000] {dag.py:2690} INFO - Sync 1 DAGs
[2023-03-04T11:21:28.064+0000] {logging_mixin.py:137} INFO - [2023-03-04T11:21:28.063+0000] {dag.py:3441} INFO - Setting next_dagrun for example_short_circuit_operator to 2023-03-03T11:21:28.062753+00:00, run_after=2023-03-04T11:21:28.062753+00:00
[2023-03-04T11:21:28.085+0000] {processor.py:175} INFO - Processing /home/airflow/.local/lib/python3.7/site-packages/airflow/example_dags/example_short_circuit_operator.py took 0.104 seconds
[2023-03-04T11:56:43.546+0000] {processor.py:153} INFO - Started process (PID=5279) to work on /home/airflow/.local/lib/python3.7/site-packages/airflow/example_dags/example_short_circuit_operator.py
[2023-03-04T11:56:43.548+0000] {processor.py:743} INFO - Processing file /home/airflow/.local/lib/python3.7/site-packages/airflow/example_dags/example_short_circuit_operator.py for tasks to queue
[2023-03-04T11:56:43.550+0000] {logging_mixin.py:137} INFO - [2023-03-04T11:56:43.550+0000] {dagbag.py:538} INFO - Filling up the DagBag from /home/airflow/.local/lib/python3.7/site-packages/airflow/example_dags/example_short_circuit_operator.py
[2023-03-04T11:56:43.566+0000] {processor.py:753} INFO - DAG(s) dict_keys(['example_short_circuit_operator']) retrieved from /home/airflow/.local/lib/python3.7/site-packages/airflow/example_dags/example_short_circuit_operator.py
[2023-03-04T11:56:43.595+0000] {logging_mixin.py:137} INFO - [2023-03-04T11:56:43.595+0000] {dag.py:2690} INFO - Sync 1 DAGs
[2023-03-04T11:56:43.613+0000] {logging_mixin.py:137} INFO - [2023-03-04T11:56:43.613+0000] {dag.py:3441} INFO - Setting next_dagrun for example_short_circuit_operator to 2023-03-03T11:56:43.613562+00:00, run_after=2023-03-04T11:56:43.613562+00:00
[2023-03-04T11:56:43.625+0000] {processor.py:175} INFO - Processing /home/airflow/.local/lib/python3.7/site-packages/airflow/example_dags/example_short_circuit_operator.py took 0.084 seconds
[2023-03-04T12:36:22.854+0000] {processor.py:153} INFO - Started process (PID=5354) to work on /home/airflow/.local/lib/python3.7/site-packages/airflow/example_dags/example_short_circuit_operator.py
[2023-03-04T12:36:22.858+0000] {processor.py:743} INFO - Processing file /home/airflow/.local/lib/python3.7/site-packages/airflow/example_dags/example_short_circuit_operator.py for tasks to queue
[2023-03-04T12:36:22.862+0000] {logging_mixin.py:137} INFO - [2023-03-04T12:36:22.862+0000] {dagbag.py:538} INFO - Filling up the DagBag from /home/airflow/.local/lib/python3.7/site-packages/airflow/example_dags/example_short_circuit_operator.py
[2023-03-04T12:36:22.915+0000] {processor.py:753} INFO - DAG(s) dict_keys(['example_short_circuit_operator']) retrieved from /home/airflow/.local/lib/python3.7/site-packages/airflow/example_dags/example_short_circuit_operator.py
[2023-03-04T12:36:23.137+0000] {logging_mixin.py:137} INFO - [2023-03-04T12:36:23.136+0000] {dag.py:2690} INFO - Sync 1 DAGs
[2023-03-04T12:36:23.338+0000] {logging_mixin.py:137} INFO - [2023-03-04T12:36:23.335+0000] {dag.py:3441} INFO - Setting next_dagrun for example_short_circuit_operator to 2023-03-03T12:36:23.327314+00:00, run_after=2023-03-04T12:36:23.327314+00:00
[2023-03-04T12:36:23.477+0000] {processor.py:175} INFO - Processing /home/airflow/.local/lib/python3.7/site-packages/airflow/example_dags/example_short_circuit_operator.py took 0.638 seconds
[2023-03-04T12:50:14.916+0000] {processor.py:153} INFO - Started process (PID=5412) to work on /home/airflow/.local/lib/python3.7/site-packages/airflow/example_dags/example_short_circuit_operator.py
[2023-03-04T12:50:14.919+0000] {processor.py:743} INFO - Processing file /home/airflow/.local/lib/python3.7/site-packages/airflow/example_dags/example_short_circuit_operator.py for tasks to queue
[2023-03-04T12:50:14.921+0000] {logging_mixin.py:137} INFO - [2023-03-04T12:50:14.920+0000] {dagbag.py:538} INFO - Filling up the DagBag from /home/airflow/.local/lib/python3.7/site-packages/airflow/example_dags/example_short_circuit_operator.py
[2023-03-04T12:50:14.954+0000] {processor.py:753} INFO - DAG(s) dict_keys(['example_short_circuit_operator']) retrieved from /home/airflow/.local/lib/python3.7/site-packages/airflow/example_dags/example_short_circuit_operator.py
[2023-03-04T12:50:15.008+0000] {logging_mixin.py:137} INFO - [2023-03-04T12:50:15.007+0000] {dag.py:2690} INFO - Sync 1 DAGs
[2023-03-04T12:50:15.051+0000] {logging_mixin.py:137} INFO - [2023-03-04T12:50:15.051+0000] {dag.py:3441} INFO - Setting next_dagrun for example_short_circuit_operator to 2023-03-03T12:50:15.050459+00:00, run_after=2023-03-04T12:50:15.050459+00:00
[2023-03-04T12:50:15.086+0000] {processor.py:175} INFO - Processing /home/airflow/.local/lib/python3.7/site-packages/airflow/example_dags/example_short_circuit_operator.py took 0.176 seconds
[2023-03-04T13:10:05.494+0000] {processor.py:153} INFO - Started process (PID=5480) to work on /home/airflow/.local/lib/python3.7/site-packages/airflow/example_dags/example_short_circuit_operator.py
[2023-03-04T13:10:05.499+0000] {processor.py:743} INFO - Processing file /home/airflow/.local/lib/python3.7/site-packages/airflow/example_dags/example_short_circuit_operator.py for tasks to queue
[2023-03-04T13:10:05.502+0000] {logging_mixin.py:137} INFO - [2023-03-04T13:10:05.502+0000] {dagbag.py:538} INFO - Filling up the DagBag from /home/airflow/.local/lib/python3.7/site-packages/airflow/example_dags/example_short_circuit_operator.py
[2023-03-04T13:10:05.534+0000] {processor.py:753} INFO - DAG(s) dict_keys(['example_short_circuit_operator']) retrieved from /home/airflow/.local/lib/python3.7/site-packages/airflow/example_dags/example_short_circuit_operator.py
[2023-03-04T13:10:05.590+0000] {logging_mixin.py:137} INFO - [2023-03-04T13:10:05.590+0000] {dag.py:2690} INFO - Sync 1 DAGs
[2023-03-04T13:10:05.620+0000] {logging_mixin.py:137} INFO - [2023-03-04T13:10:05.620+0000] {dag.py:3441} INFO - Setting next_dagrun for example_short_circuit_operator to 2023-03-03T13:10:05.620082+00:00, run_after=2023-03-04T13:10:05.620082+00:00
[2023-03-04T13:10:05.698+0000] {processor.py:175} INFO - Processing /home/airflow/.local/lib/python3.7/site-packages/airflow/example_dags/example_short_circuit_operator.py took 0.215 seconds
[2023-03-04T13:26:38.352+0000] {processor.py:153} INFO - Started process (PID=5544) to work on /home/airflow/.local/lib/python3.7/site-packages/airflow/example_dags/example_short_circuit_operator.py
[2023-03-04T13:26:38.353+0000] {processor.py:743} INFO - Processing file /home/airflow/.local/lib/python3.7/site-packages/airflow/example_dags/example_short_circuit_operator.py for tasks to queue
[2023-03-04T13:26:38.354+0000] {logging_mixin.py:137} INFO - [2023-03-04T13:26:38.354+0000] {dagbag.py:538} INFO - Filling up the DagBag from /home/airflow/.local/lib/python3.7/site-packages/airflow/example_dags/example_short_circuit_operator.py
[2023-03-04T13:26:38.366+0000] {processor.py:753} INFO - DAG(s) dict_keys(['example_short_circuit_operator']) retrieved from /home/airflow/.local/lib/python3.7/site-packages/airflow/example_dags/example_short_circuit_operator.py
[2023-03-04T13:26:38.387+0000] {logging_mixin.py:137} INFO - [2023-03-04T13:26:38.387+0000] {dag.py:2690} INFO - Sync 1 DAGs
[2023-03-04T13:26:38.422+0000] {logging_mixin.py:137} INFO - [2023-03-04T13:26:38.422+0000] {dag.py:3441} INFO - Setting next_dagrun for example_short_circuit_operator to 2023-03-03T13:26:38.421775+00:00, run_after=2023-03-04T13:26:38.421775+00:00
[2023-03-04T13:26:38.436+0000] {processor.py:175} INFO - Processing /home/airflow/.local/lib/python3.7/site-packages/airflow/example_dags/example_short_circuit_operator.py took 0.087 seconds
[2023-03-04T13:40:40.430+0000] {processor.py:153} INFO - Started process (PID=5606) to work on /home/airflow/.local/lib/python3.7/site-packages/airflow/example_dags/example_short_circuit_operator.py
[2023-03-04T13:40:40.433+0000] {processor.py:743} INFO - Processing file /home/airflow/.local/lib/python3.7/site-packages/airflow/example_dags/example_short_circuit_operator.py for tasks to queue
[2023-03-04T13:40:40.435+0000] {logging_mixin.py:137} INFO - [2023-03-04T13:40:40.434+0000] {dagbag.py:538} INFO - Filling up the DagBag from /home/airflow/.local/lib/python3.7/site-packages/airflow/example_dags/example_short_circuit_operator.py
[2023-03-04T13:40:40.455+0000] {processor.py:753} INFO - DAG(s) dict_keys(['example_short_circuit_operator']) retrieved from /home/airflow/.local/lib/python3.7/site-packages/airflow/example_dags/example_short_circuit_operator.py
[2023-03-04T13:40:40.479+0000] {logging_mixin.py:137} INFO - [2023-03-04T13:40:40.479+0000] {dag.py:2690} INFO - Sync 1 DAGs
[2023-03-04T13:40:40.502+0000] {logging_mixin.py:137} INFO - [2023-03-04T13:40:40.502+0000] {dag.py:3441} INFO - Setting next_dagrun for example_short_circuit_operator to 2023-03-03T13:40:40.501946+00:00, run_after=2023-03-04T13:40:40.501946+00:00
[2023-03-04T13:40:40.519+0000] {processor.py:175} INFO - Processing /home/airflow/.local/lib/python3.7/site-packages/airflow/example_dags/example_short_circuit_operator.py took 0.094 seconds
[2023-03-04T14:00:04.506+0000] {processor.py:153} INFO - Started process (PID=5669) to work on /home/airflow/.local/lib/python3.7/site-packages/airflow/example_dags/example_short_circuit_operator.py
[2023-03-04T14:00:04.508+0000] {processor.py:743} INFO - Processing file /home/airflow/.local/lib/python3.7/site-packages/airflow/example_dags/example_short_circuit_operator.py for tasks to queue
[2023-03-04T14:00:04.509+0000] {logging_mixin.py:137} INFO - [2023-03-04T14:00:04.509+0000] {dagbag.py:538} INFO - Filling up the DagBag from /home/airflow/.local/lib/python3.7/site-packages/airflow/example_dags/example_short_circuit_operator.py
[2023-03-04T14:00:04.531+0000] {processor.py:753} INFO - DAG(s) dict_keys(['example_short_circuit_operator']) retrieved from /home/airflow/.local/lib/python3.7/site-packages/airflow/example_dags/example_short_circuit_operator.py
[2023-03-04T14:00:04.577+0000] {logging_mixin.py:137} INFO - [2023-03-04T14:00:04.577+0000] {dag.py:2690} INFO - Sync 1 DAGs
[2023-03-04T14:00:04.601+0000] {logging_mixin.py:137} INFO - [2023-03-04T14:00:04.600+0000] {dag.py:3441} INFO - Setting next_dagrun for example_short_circuit_operator to 2023-03-03T14:00:04.600449+00:00, run_after=2023-03-04T14:00:04.600449+00:00
[2023-03-04T14:00:04.620+0000] {processor.py:175} INFO - Processing /home/airflow/.local/lib/python3.7/site-packages/airflow/example_dags/example_short_circuit_operator.py took 0.118 seconds
[2023-03-04T14:50:39.668+0000] {processor.py:153} INFO - Started process (PID=5732) to work on /home/airflow/.local/lib/python3.7/site-packages/airflow/example_dags/example_short_circuit_operator.py
[2023-03-04T14:50:39.670+0000] {processor.py:743} INFO - Processing file /home/airflow/.local/lib/python3.7/site-packages/airflow/example_dags/example_short_circuit_operator.py for tasks to queue
[2023-03-04T14:50:39.671+0000] {logging_mixin.py:137} INFO - [2023-03-04T14:50:39.671+0000] {dagbag.py:538} INFO - Filling up the DagBag from /home/airflow/.local/lib/python3.7/site-packages/airflow/example_dags/example_short_circuit_operator.py
[2023-03-04T14:50:39.684+0000] {processor.py:753} INFO - DAG(s) dict_keys(['example_short_circuit_operator']) retrieved from /home/airflow/.local/lib/python3.7/site-packages/airflow/example_dags/example_short_circuit_operator.py
[2023-03-04T14:50:39.705+0000] {logging_mixin.py:137} INFO - [2023-03-04T14:50:39.705+0000] {dag.py:2690} INFO - Sync 1 DAGs
[2023-03-04T14:50:39.722+0000] {logging_mixin.py:137} INFO - [2023-03-04T14:50:39.722+0000] {dag.py:3441} INFO - Setting next_dagrun for example_short_circuit_operator to 2023-03-03T14:50:39.722371+00:00, run_after=2023-03-04T14:50:39.722371+00:00
[2023-03-04T14:50:39.735+0000] {processor.py:175} INFO - Processing /home/airflow/.local/lib/python3.7/site-packages/airflow/example_dags/example_short_circuit_operator.py took 0.070 seconds
[2023-03-04T15:19:43.925+0000] {processor.py:153} INFO - Started process (PID=5807) to work on /home/airflow/.local/lib/python3.7/site-packages/airflow/example_dags/example_short_circuit_operator.py
[2023-03-04T15:19:43.927+0000] {processor.py:743} INFO - Processing file /home/airflow/.local/lib/python3.7/site-packages/airflow/example_dags/example_short_circuit_operator.py for tasks to queue
[2023-03-04T15:19:43.929+0000] {logging_mixin.py:137} INFO - [2023-03-04T15:19:43.929+0000] {dagbag.py:538} INFO - Filling up the DagBag from /home/airflow/.local/lib/python3.7/site-packages/airflow/example_dags/example_short_circuit_operator.py
[2023-03-04T15:19:43.964+0000] {processor.py:753} INFO - DAG(s) dict_keys(['example_short_circuit_operator']) retrieved from /home/airflow/.local/lib/python3.7/site-packages/airflow/example_dags/example_short_circuit_operator.py
[2023-03-04T15:19:44.032+0000] {logging_mixin.py:137} INFO - [2023-03-04T15:19:44.031+0000] {dag.py:2690} INFO - Sync 1 DAGs
[2023-03-04T15:19:44.083+0000] {logging_mixin.py:137} INFO - [2023-03-04T15:19:44.082+0000] {dag.py:3441} INFO - Setting next_dagrun for example_short_circuit_operator to 2023-03-03T15:19:44.081427+00:00, run_after=2023-03-04T15:19:44.081427+00:00
[2023-03-04T15:19:44.121+0000] {processor.py:175} INFO - Processing /home/airflow/.local/lib/python3.7/site-packages/airflow/example_dags/example_short_circuit_operator.py took 0.208 seconds
[2023-03-04T15:27:02.384+0000] {processor.py:153} INFO - Started process (PID=5869) to work on /home/airflow/.local/lib/python3.7/site-packages/airflow/example_dags/example_short_circuit_operator.py
[2023-03-04T15:27:02.390+0000] {processor.py:743} INFO - Processing file /home/airflow/.local/lib/python3.7/site-packages/airflow/example_dags/example_short_circuit_operator.py for tasks to queue
[2023-03-04T15:27:02.394+0000] {logging_mixin.py:137} INFO - [2023-03-04T15:27:02.393+0000] {dagbag.py:538} INFO - Filling up the DagBag from /home/airflow/.local/lib/python3.7/site-packages/airflow/example_dags/example_short_circuit_operator.py
[2023-03-04T15:27:02.519+0000] {processor.py:753} INFO - DAG(s) dict_keys(['example_short_circuit_operator']) retrieved from /home/airflow/.local/lib/python3.7/site-packages/airflow/example_dags/example_short_circuit_operator.py
[2023-03-04T15:27:02.746+0000] {logging_mixin.py:137} INFO - [2023-03-04T15:27:02.745+0000] {dag.py:2690} INFO - Sync 1 DAGs
[2023-03-04T15:27:02.996+0000] {logging_mixin.py:137} INFO - [2023-03-04T15:27:02.996+0000] {dag.py:3441} INFO - Setting next_dagrun for example_short_circuit_operator to 2023-03-03T15:27:02.987559+00:00, run_after=2023-03-04T15:27:02.987559+00:00
[2023-03-04T15:27:03.120+0000] {processor.py:175} INFO - Processing /home/airflow/.local/lib/python3.7/site-packages/airflow/example_dags/example_short_circuit_operator.py took 0.839 seconds
[2023-03-04T16:21:41.705+0000] {processor.py:153} INFO - Started process (PID=5920) to work on /home/airflow/.local/lib/python3.7/site-packages/airflow/example_dags/example_short_circuit_operator.py
[2023-03-04T16:21:41.708+0000] {processor.py:743} INFO - Processing file /home/airflow/.local/lib/python3.7/site-packages/airflow/example_dags/example_short_circuit_operator.py for tasks to queue
[2023-03-04T16:21:41.709+0000] {logging_mixin.py:137} INFO - [2023-03-04T16:21:41.709+0000] {dagbag.py:538} INFO - Filling up the DagBag from /home/airflow/.local/lib/python3.7/site-packages/airflow/example_dags/example_short_circuit_operator.py
[2023-03-04T16:21:41.731+0000] {processor.py:753} INFO - DAG(s) dict_keys(['example_short_circuit_operator']) retrieved from /home/airflow/.local/lib/python3.7/site-packages/airflow/example_dags/example_short_circuit_operator.py
[2023-03-04T16:21:41.756+0000] {logging_mixin.py:137} INFO - [2023-03-04T16:21:41.756+0000] {dag.py:2690} INFO - Sync 1 DAGs
[2023-03-04T16:21:41.778+0000] {logging_mixin.py:137} INFO - [2023-03-04T16:21:41.777+0000] {dag.py:3441} INFO - Setting next_dagrun for example_short_circuit_operator to 2023-03-03T16:21:41.777215+00:00, run_after=2023-03-04T16:21:41.777215+00:00
[2023-03-04T16:21:41.797+0000] {processor.py:175} INFO - Processing /home/airflow/.local/lib/python3.7/site-packages/airflow/example_dags/example_short_circuit_operator.py took 0.105 seconds
[2023-03-04T17:17:17.097+0000] {processor.py:153} INFO - Started process (PID=5978) to work on /home/airflow/.local/lib/python3.7/site-packages/airflow/example_dags/example_short_circuit_operator.py
[2023-03-04T17:17:17.099+0000] {processor.py:743} INFO - Processing file /home/airflow/.local/lib/python3.7/site-packages/airflow/example_dags/example_short_circuit_operator.py for tasks to queue
[2023-03-04T17:17:17.100+0000] {logging_mixin.py:137} INFO - [2023-03-04T17:17:17.100+0000] {dagbag.py:538} INFO - Filling up the DagBag from /home/airflow/.local/lib/python3.7/site-packages/airflow/example_dags/example_short_circuit_operator.py
[2023-03-04T17:17:17.113+0000] {processor.py:753} INFO - DAG(s) dict_keys(['example_short_circuit_operator']) retrieved from /home/airflow/.local/lib/python3.7/site-packages/airflow/example_dags/example_short_circuit_operator.py
[2023-03-04T17:17:17.137+0000] {logging_mixin.py:137} INFO - [2023-03-04T17:17:17.137+0000] {dag.py:2690} INFO - Sync 1 DAGs
[2023-03-04T17:17:17.182+0000] {logging_mixin.py:137} INFO - [2023-03-04T17:17:17.180+0000] {dag.py:3441} INFO - Setting next_dagrun for example_short_circuit_operator to 2023-03-03T17:17:17.179255+00:00, run_after=2023-03-04T17:17:17.179255+00:00
[2023-03-04T17:17:17.217+0000] {processor.py:175} INFO - Processing /home/airflow/.local/lib/python3.7/site-packages/airflow/example_dags/example_short_circuit_operator.py took 0.124 seconds
[2023-03-04T18:30:31.767+0000] {processor.py:153} INFO - Started process (PID=6041) to work on /home/airflow/.local/lib/python3.7/site-packages/airflow/example_dags/example_short_circuit_operator.py
[2023-03-04T18:30:31.769+0000] {processor.py:743} INFO - Processing file /home/airflow/.local/lib/python3.7/site-packages/airflow/example_dags/example_short_circuit_operator.py for tasks to queue
[2023-03-04T18:30:31.770+0000] {logging_mixin.py:137} INFO - [2023-03-04T18:30:31.770+0000] {dagbag.py:538} INFO - Filling up the DagBag from /home/airflow/.local/lib/python3.7/site-packages/airflow/example_dags/example_short_circuit_operator.py
[2023-03-04T18:30:31.784+0000] {processor.py:753} INFO - DAG(s) dict_keys(['example_short_circuit_operator']) retrieved from /home/airflow/.local/lib/python3.7/site-packages/airflow/example_dags/example_short_circuit_operator.py
[2023-03-04T18:30:31.805+0000] {logging_mixin.py:137} INFO - [2023-03-04T18:30:31.805+0000] {dag.py:2690} INFO - Sync 1 DAGs
[2023-03-04T18:30:31.827+0000] {logging_mixin.py:137} INFO - [2023-03-04T18:30:31.827+0000] {dag.py:3441} INFO - Setting next_dagrun for example_short_circuit_operator to 2023-03-03T18:30:31.826849+00:00, run_after=2023-03-04T18:30:31.826849+00:00
[2023-03-04T18:30:31.839+0000] {processor.py:175} INFO - Processing /home/airflow/.local/lib/python3.7/site-packages/airflow/example_dags/example_short_circuit_operator.py took 0.076 seconds
[2023-03-04T19:34:51.575+0000] {processor.py:153} INFO - Started process (PID=6117) to work on /home/airflow/.local/lib/python3.7/site-packages/airflow/example_dags/example_short_circuit_operator.py
[2023-03-04T19:34:51.587+0000] {processor.py:743} INFO - Processing file /home/airflow/.local/lib/python3.7/site-packages/airflow/example_dags/example_short_circuit_operator.py for tasks to queue
[2023-03-04T19:34:51.594+0000] {logging_mixin.py:137} INFO - [2023-03-04T19:34:51.593+0000] {dagbag.py:538} INFO - Filling up the DagBag from /home/airflow/.local/lib/python3.7/site-packages/airflow/example_dags/example_short_circuit_operator.py
[2023-03-04T19:34:51.773+0000] {processor.py:753} INFO - DAG(s) dict_keys(['example_short_circuit_operator']) retrieved from /home/airflow/.local/lib/python3.7/site-packages/airflow/example_dags/example_short_circuit_operator.py
[2023-03-04T19:34:51.929+0000] {logging_mixin.py:137} INFO - [2023-03-04T19:34:51.929+0000] {dag.py:2690} INFO - Sync 1 DAGs
[2023-03-04T19:34:51.992+0000] {logging_mixin.py:137} INFO - [2023-03-04T19:34:51.992+0000] {dag.py:3441} INFO - Setting next_dagrun for example_short_circuit_operator to 2023-03-03T19:34:51.990994+00:00, run_after=2023-03-04T19:34:51.990994+00:00
[2023-03-04T19:34:52.083+0000] {processor.py:175} INFO - Processing /home/airflow/.local/lib/python3.7/site-packages/airflow/example_dags/example_short_circuit_operator.py took 0.533 seconds
[2023-03-04T20:25:42.425+0000] {processor.py:153} INFO - Started process (PID=6178) to work on /home/airflow/.local/lib/python3.7/site-packages/airflow/example_dags/example_short_circuit_operator.py
[2023-03-04T20:25:42.427+0000] {processor.py:743} INFO - Processing file /home/airflow/.local/lib/python3.7/site-packages/airflow/example_dags/example_short_circuit_operator.py for tasks to queue
[2023-03-04T20:25:42.428+0000] {logging_mixin.py:137} INFO - [2023-03-04T20:25:42.428+0000] {dagbag.py:538} INFO - Filling up the DagBag from /home/airflow/.local/lib/python3.7/site-packages/airflow/example_dags/example_short_circuit_operator.py
[2023-03-04T20:25:42.461+0000] {processor.py:753} INFO - DAG(s) dict_keys(['example_short_circuit_operator']) retrieved from /home/airflow/.local/lib/python3.7/site-packages/airflow/example_dags/example_short_circuit_operator.py
[2023-03-04T20:25:42.521+0000] {logging_mixin.py:137} INFO - [2023-03-04T20:25:42.520+0000] {dag.py:2690} INFO - Sync 1 DAGs
[2023-03-04T20:25:42.573+0000] {logging_mixin.py:137} INFO - [2023-03-04T20:25:42.573+0000] {dag.py:3441} INFO - Setting next_dagrun for example_short_circuit_operator to 2023-03-03T20:25:42.572952+00:00, run_after=2023-03-04T20:25:42.572952+00:00
[2023-03-04T20:25:42.617+0000] {processor.py:175} INFO - Processing /home/airflow/.local/lib/python3.7/site-packages/airflow/example_dags/example_short_circuit_operator.py took 0.196 seconds
[2023-03-04T21:17:47.452+0000] {processor.py:153} INFO - Started process (PID=6244) to work on /home/airflow/.local/lib/python3.7/site-packages/airflow/example_dags/example_short_circuit_operator.py
[2023-03-04T21:17:47.459+0000] {processor.py:743} INFO - Processing file /home/airflow/.local/lib/python3.7/site-packages/airflow/example_dags/example_short_circuit_operator.py for tasks to queue
[2023-03-04T21:17:47.461+0000] {logging_mixin.py:137} INFO - [2023-03-04T21:17:47.461+0000] {dagbag.py:538} INFO - Filling up the DagBag from /home/airflow/.local/lib/python3.7/site-packages/airflow/example_dags/example_short_circuit_operator.py
[2023-03-04T21:17:47.494+0000] {processor.py:753} INFO - DAG(s) dict_keys(['example_short_circuit_operator']) retrieved from /home/airflow/.local/lib/python3.7/site-packages/airflow/example_dags/example_short_circuit_operator.py
[2023-03-04T21:17:47.522+0000] {logging_mixin.py:137} INFO - [2023-03-04T21:17:47.521+0000] {dag.py:2690} INFO - Sync 1 DAGs
[2023-03-04T21:17:47.542+0000] {logging_mixin.py:137} INFO - [2023-03-04T21:17:47.542+0000] {dag.py:3441} INFO - Setting next_dagrun for example_short_circuit_operator to 2023-03-03T21:17:47.541964+00:00, run_after=2023-03-04T21:17:47.541964+00:00
[2023-03-04T21:17:47.556+0000] {processor.py:175} INFO - Processing /home/airflow/.local/lib/python3.7/site-packages/airflow/example_dags/example_short_circuit_operator.py took 0.111 seconds
[2023-03-04T22:18:13.964+0000] {processor.py:153} INFO - Started process (PID=6308) to work on /home/airflow/.local/lib/python3.7/site-packages/airflow/example_dags/example_short_circuit_operator.py
[2023-03-04T22:18:13.971+0000] {processor.py:743} INFO - Processing file /home/airflow/.local/lib/python3.7/site-packages/airflow/example_dags/example_short_circuit_operator.py for tasks to queue
[2023-03-04T22:18:13.980+0000] {logging_mixin.py:137} INFO - [2023-03-04T22:18:13.980+0000] {dagbag.py:538} INFO - Filling up the DagBag from /home/airflow/.local/lib/python3.7/site-packages/airflow/example_dags/example_short_circuit_operator.py
[2023-03-04T22:18:14.025+0000] {processor.py:753} INFO - DAG(s) dict_keys(['example_short_circuit_operator']) retrieved from /home/airflow/.local/lib/python3.7/site-packages/airflow/example_dags/example_short_circuit_operator.py
[2023-03-04T22:18:14.171+0000] {logging_mixin.py:137} INFO - [2023-03-04T22:18:14.168+0000] {dag.py:2690} INFO - Sync 1 DAGs
[2023-03-04T22:18:14.242+0000] {logging_mixin.py:137} INFO - [2023-03-04T22:18:14.242+0000] {dag.py:3441} INFO - Setting next_dagrun for example_short_circuit_operator to 2023-03-03T22:18:14.230975+00:00, run_after=2023-03-04T22:18:14.230975+00:00
[2023-03-04T22:18:14.421+0000] {processor.py:175} INFO - Processing /home/airflow/.local/lib/python3.7/site-packages/airflow/example_dags/example_short_circuit_operator.py took 0.468 seconds
[2023-03-04T23:42:21.176+0000] {processor.py:153} INFO - Started process (PID=6371) to work on /home/airflow/.local/lib/python3.7/site-packages/airflow/example_dags/example_short_circuit_operator.py
[2023-03-04T23:42:21.178+0000] {processor.py:743} INFO - Processing file /home/airflow/.local/lib/python3.7/site-packages/airflow/example_dags/example_short_circuit_operator.py for tasks to queue
[2023-03-04T23:42:21.179+0000] {logging_mixin.py:137} INFO - [2023-03-04T23:42:21.179+0000] {dagbag.py:538} INFO - Filling up the DagBag from /home/airflow/.local/lib/python3.7/site-packages/airflow/example_dags/example_short_circuit_operator.py
[2023-03-04T23:42:21.200+0000] {processor.py:753} INFO - DAG(s) dict_keys(['example_short_circuit_operator']) retrieved from /home/airflow/.local/lib/python3.7/site-packages/airflow/example_dags/example_short_circuit_operator.py
[2023-03-04T23:42:21.231+0000] {logging_mixin.py:137} INFO - [2023-03-04T23:42:21.231+0000] {dag.py:2690} INFO - Sync 1 DAGs
[2023-03-04T23:42:21.259+0000] {logging_mixin.py:137} INFO - [2023-03-04T23:42:21.259+0000] {dag.py:3441} INFO - Setting next_dagrun for example_short_circuit_operator to 2023-03-03T23:42:21.259315+00:00, run_after=2023-03-04T23:42:21.259315+00:00
[2023-03-04T23:42:21.296+0000] {processor.py:175} INFO - Processing /home/airflow/.local/lib/python3.7/site-packages/airflow/example_dags/example_short_circuit_operator.py took 0.123 seconds
