[2023-03-04T01:04:53.276+0000] {processor.py:153} INFO - Started process (PID=4598) to work on /home/airflow/.local/lib/python3.7/site-packages/airflow/example_dags/example_nested_branch_dag.py
[2023-03-04T01:04:53.312+0000] {processor.py:743} INFO - Processing file /home/airflow/.local/lib/python3.7/site-packages/airflow/example_dags/example_nested_branch_dag.py for tasks to queue
[2023-03-04T01:04:53.350+0000] {logging_mixin.py:137} INFO - [2023-03-04T01:04:53.345+0000] {dagbag.py:538} INFO - Filling up the DagBag from /home/airflow/.local/lib/python3.7/site-packages/airflow/example_dags/example_nested_branch_dag.py
[2023-03-04T01:04:57.338+0000] {processor.py:753} INFO - DAG(s) dict_keys(['example_nested_branch_dag']) retrieved from /home/airflow/.local/lib/python3.7/site-packages/airflow/example_dags/example_nested_branch_dag.py
[2023-03-04T01:05:02.487+0000] {logging_mixin.py:137} INFO - [2023-03-04T01:05:02.424+0000] {dag.py:2690} INFO - Sync 1 DAGs
[2023-03-04T01:05:05.250+0000] {logging_mixin.py:137} INFO - [2023-03-04T01:05:05.215+0000] {dag.py:3441} INFO - Setting next_dagrun for example_nested_branch_dag to 2023-03-03T00:00:00+00:00, run_after=2023-03-04T00:00:00+00:00
[2023-03-04T02:08:17.374+0000] {processor.py:175} INFO - Processing /home/airflow/.local/lib/python3.7/site-packages/airflow/example_dags/example_nested_branch_dag.py took 33.874 seconds
[2023-03-04T06:33:37.075+0000] {processor.py:153} INFO - Started process (PID=4727) to work on /home/airflow/.local/lib/python3.7/site-packages/airflow/example_dags/example_nested_branch_dag.py
[2023-03-04T06:33:37.089+0000] {processor.py:743} INFO - Processing file /home/airflow/.local/lib/python3.7/site-packages/airflow/example_dags/example_nested_branch_dag.py for tasks to queue
[2023-03-04T06:33:37.100+0000] {logging_mixin.py:137} INFO - [2023-03-04T06:33:37.095+0000] {dagbag.py:538} INFO - Filling up the DagBag from /home/airflow/.local/lib/python3.7/site-packages/airflow/example_dags/example_nested_branch_dag.py
[2023-03-04T06:33:38.008+0000] {processor.py:753} INFO - DAG(s) dict_keys(['example_nested_branch_dag']) retrieved from /home/airflow/.local/lib/python3.7/site-packages/airflow/example_dags/example_nested_branch_dag.py
[2023-03-04T06:33:39.283+0000] {logging_mixin.py:137} INFO - [2023-03-04T06:33:39.279+0000] {dag.py:2690} INFO - Sync 1 DAGs
[2023-03-04T06:33:40.016+0000] {logging_mixin.py:137} INFO - [2023-03-04T06:33:40.002+0000] {dag.py:3441} INFO - Setting next_dagrun for example_nested_branch_dag to 2023-03-03T00:00:00+00:00, run_after=2023-03-04T00:00:00+00:00
[2023-03-04T06:33:40.886+0000] {processor.py:175} INFO - Processing /home/airflow/.local/lib/python3.7/site-packages/airflow/example_dags/example_nested_branch_dag.py took 3.946 seconds
[2023-03-04T07:05:58.880+0000] {processor.py:153} INFO - Started process (PID=4793) to work on /home/airflow/.local/lib/python3.7/site-packages/airflow/example_dags/example_nested_branch_dag.py
[2023-03-04T07:05:58.895+0000] {processor.py:743} INFO - Processing file /home/airflow/.local/lib/python3.7/site-packages/airflow/example_dags/example_nested_branch_dag.py for tasks to queue
[2023-03-04T07:05:58.900+0000] {logging_mixin.py:137} INFO - [2023-03-04T07:05:58.899+0000] {dagbag.py:538} INFO - Filling up the DagBag from /home/airflow/.local/lib/python3.7/site-packages/airflow/example_dags/example_nested_branch_dag.py
[2023-03-04T07:05:58.989+0000] {processor.py:753} INFO - DAG(s) dict_keys(['example_nested_branch_dag']) retrieved from /home/airflow/.local/lib/python3.7/site-packages/airflow/example_dags/example_nested_branch_dag.py
[2023-03-04T07:05:59.097+0000] {logging_mixin.py:137} INFO - [2023-03-04T07:05:59.096+0000] {dag.py:2690} INFO - Sync 1 DAGs
[2023-03-04T07:05:59.206+0000] {logging_mixin.py:137} INFO - [2023-03-04T07:05:59.206+0000] {dag.py:3441} INFO - Setting next_dagrun for example_nested_branch_dag to 2023-03-03T00:00:00+00:00, run_after=2023-03-04T00:00:00+00:00
[2023-03-04T07:05:59.265+0000] {processor.py:175} INFO - Processing /home/airflow/.local/lib/python3.7/site-packages/airflow/example_dags/example_nested_branch_dag.py took 0.395 seconds
[2023-03-04T07:37:54.639+0000] {processor.py:153} INFO - Started process (PID=4841) to work on /home/airflow/.local/lib/python3.7/site-packages/airflow/example_dags/example_nested_branch_dag.py
[2023-03-04T07:37:54.640+0000] {processor.py:743} INFO - Processing file /home/airflow/.local/lib/python3.7/site-packages/airflow/example_dags/example_nested_branch_dag.py for tasks to queue
[2023-03-04T07:37:54.641+0000] {logging_mixin.py:137} INFO - [2023-03-04T07:37:54.641+0000] {dagbag.py:538} INFO - Filling up the DagBag from /home/airflow/.local/lib/python3.7/site-packages/airflow/example_dags/example_nested_branch_dag.py
[2023-03-04T07:37:54.675+0000] {processor.py:753} INFO - DAG(s) dict_keys(['example_nested_branch_dag']) retrieved from /home/airflow/.local/lib/python3.7/site-packages/airflow/example_dags/example_nested_branch_dag.py
[2023-03-04T07:37:54.708+0000] {logging_mixin.py:137} INFO - [2023-03-04T07:37:54.708+0000] {dag.py:2690} INFO - Sync 1 DAGs
[2023-03-04T07:37:54.740+0000] {logging_mixin.py:137} INFO - [2023-03-04T07:37:54.740+0000] {dag.py:3441} INFO - Setting next_dagrun for example_nested_branch_dag to 2023-03-03T00:00:00+00:00, run_after=2023-03-04T00:00:00+00:00
[2023-03-04T07:37:54.763+0000] {processor.py:175} INFO - Processing /home/airflow/.local/lib/python3.7/site-packages/airflow/example_dags/example_nested_branch_dag.py took 0.127 seconds
[2023-03-04T07:43:54.087+0000] {processor.py:153} INFO - Started process (PID=4913) to work on /home/airflow/.local/lib/python3.7/site-packages/airflow/example_dags/example_nested_branch_dag.py
[2023-03-04T07:43:54.089+0000] {processor.py:743} INFO - Processing file /home/airflow/.local/lib/python3.7/site-packages/airflow/example_dags/example_nested_branch_dag.py for tasks to queue
[2023-03-04T07:43:54.091+0000] {logging_mixin.py:137} INFO - [2023-03-04T07:43:54.091+0000] {dagbag.py:538} INFO - Filling up the DagBag from /home/airflow/.local/lib/python3.7/site-packages/airflow/example_dags/example_nested_branch_dag.py
[2023-03-04T07:43:54.145+0000] {processor.py:753} INFO - DAG(s) dict_keys(['example_nested_branch_dag']) retrieved from /home/airflow/.local/lib/python3.7/site-packages/airflow/example_dags/example_nested_branch_dag.py
[2023-03-04T07:43:54.230+0000] {logging_mixin.py:137} INFO - [2023-03-04T07:43:54.229+0000] {dag.py:2690} INFO - Sync 1 DAGs
[2023-03-04T07:43:54.287+0000] {logging_mixin.py:137} INFO - [2023-03-04T07:43:54.287+0000] {dag.py:3441} INFO - Setting next_dagrun for example_nested_branch_dag to 2023-03-03T00:00:00+00:00, run_after=2023-03-04T00:00:00+00:00
[2023-03-04T07:43:54.332+0000] {processor.py:175} INFO - Processing /home/airflow/.local/lib/python3.7/site-packages/airflow/example_dags/example_nested_branch_dag.py took 0.249 seconds
[2023-03-04T09:08:15.841+0000] {processor.py:153} INFO - Started process (PID=4979) to work on /home/airflow/.local/lib/python3.7/site-packages/airflow/example_dags/example_nested_branch_dag.py
[2023-03-04T09:08:15.842+0000] {processor.py:743} INFO - Processing file /home/airflow/.local/lib/python3.7/site-packages/airflow/example_dags/example_nested_branch_dag.py for tasks to queue
[2023-03-04T09:08:15.843+0000] {logging_mixin.py:137} INFO - [2023-03-04T09:08:15.843+0000] {dagbag.py:538} INFO - Filling up the DagBag from /home/airflow/.local/lib/python3.7/site-packages/airflow/example_dags/example_nested_branch_dag.py
[2023-03-04T09:08:15.874+0000] {processor.py:753} INFO - DAG(s) dict_keys(['example_nested_branch_dag']) retrieved from /home/airflow/.local/lib/python3.7/site-packages/airflow/example_dags/example_nested_branch_dag.py
[2023-03-04T09:08:15.947+0000] {logging_mixin.py:137} INFO - [2023-03-04T09:08:15.947+0000] {dag.py:2690} INFO - Sync 1 DAGs
[2023-03-04T09:08:15.984+0000] {logging_mixin.py:137} INFO - [2023-03-04T09:08:15.984+0000] {dag.py:3441} INFO - Setting next_dagrun for example_nested_branch_dag to 2023-03-03T00:00:00+00:00, run_after=2023-03-04T00:00:00+00:00
[2023-03-04T09:08:16.007+0000] {processor.py:175} INFO - Processing /home/airflow/.local/lib/python3.7/site-packages/airflow/example_dags/example_nested_branch_dag.py took 0.169 seconds
[2023-03-04T10:01:51.500+0000] {processor.py:153} INFO - Started process (PID=5042) to work on /home/airflow/.local/lib/python3.7/site-packages/airflow/example_dags/example_nested_branch_dag.py
[2023-03-04T10:01:51.502+0000] {processor.py:743} INFO - Processing file /home/airflow/.local/lib/python3.7/site-packages/airflow/example_dags/example_nested_branch_dag.py for tasks to queue
[2023-03-04T10:01:51.502+0000] {logging_mixin.py:137} INFO - [2023-03-04T10:01:51.502+0000] {dagbag.py:538} INFO - Filling up the DagBag from /home/airflow/.local/lib/python3.7/site-packages/airflow/example_dags/example_nested_branch_dag.py
[2023-03-04T10:01:51.524+0000] {processor.py:753} INFO - DAG(s) dict_keys(['example_nested_branch_dag']) retrieved from /home/airflow/.local/lib/python3.7/site-packages/airflow/example_dags/example_nested_branch_dag.py
[2023-03-04T10:01:51.561+0000] {logging_mixin.py:137} INFO - [2023-03-04T10:01:51.561+0000] {dag.py:2690} INFO - Sync 1 DAGs
[2023-03-04T10:01:51.581+0000] {logging_mixin.py:137} INFO - [2023-03-04T10:01:51.581+0000] {dag.py:3441} INFO - Setting next_dagrun for example_nested_branch_dag to 2023-03-03T00:00:00+00:00, run_after=2023-03-04T00:00:00+00:00
[2023-03-04T10:01:51.595+0000] {processor.py:175} INFO - Processing /home/airflow/.local/lib/python3.7/site-packages/airflow/example_dags/example_nested_branch_dag.py took 0.098 seconds
[2023-03-04T10:51:25.333+0000] {processor.py:153} INFO - Started process (PID=5104) to work on /home/airflow/.local/lib/python3.7/site-packages/airflow/example_dags/example_nested_branch_dag.py
[2023-03-04T10:51:25.336+0000] {processor.py:743} INFO - Processing file /home/airflow/.local/lib/python3.7/site-packages/airflow/example_dags/example_nested_branch_dag.py for tasks to queue
[2023-03-04T10:51:25.338+0000] {logging_mixin.py:137} INFO - [2023-03-04T10:51:25.338+0000] {dagbag.py:538} INFO - Filling up the DagBag from /home/airflow/.local/lib/python3.7/site-packages/airflow/example_dags/example_nested_branch_dag.py
[2023-03-04T10:51:25.374+0000] {processor.py:753} INFO - DAG(s) dict_keys(['example_nested_branch_dag']) retrieved from /home/airflow/.local/lib/python3.7/site-packages/airflow/example_dags/example_nested_branch_dag.py
[2023-03-04T10:51:25.410+0000] {logging_mixin.py:137} INFO - [2023-03-04T10:51:25.410+0000] {dag.py:2690} INFO - Sync 1 DAGs
[2023-03-04T10:51:25.437+0000] {logging_mixin.py:137} INFO - [2023-03-04T10:51:25.437+0000] {dag.py:3441} INFO - Setting next_dagrun for example_nested_branch_dag to 2023-03-03T00:00:00+00:00, run_after=2023-03-04T00:00:00+00:00
[2023-03-04T10:51:25.479+0000] {processor.py:175} INFO - Processing /home/airflow/.local/lib/python3.7/site-packages/airflow/example_dags/example_nested_branch_dag.py took 0.149 seconds
[2023-03-04T11:12:02.801+0000] {processor.py:153} INFO - Started process (PID=5167) to work on /home/airflow/.local/lib/python3.7/site-packages/airflow/example_dags/example_nested_branch_dag.py
[2023-03-04T11:12:02.802+0000] {processor.py:743} INFO - Processing file /home/airflow/.local/lib/python3.7/site-packages/airflow/example_dags/example_nested_branch_dag.py for tasks to queue
[2023-03-04T11:12:02.803+0000] {logging_mixin.py:137} INFO - [2023-03-04T11:12:02.803+0000] {dagbag.py:538} INFO - Filling up the DagBag from /home/airflow/.local/lib/python3.7/site-packages/airflow/example_dags/example_nested_branch_dag.py
[2023-03-04T11:12:02.829+0000] {processor.py:753} INFO - DAG(s) dict_keys(['example_nested_branch_dag']) retrieved from /home/airflow/.local/lib/python3.7/site-packages/airflow/example_dags/example_nested_branch_dag.py
[2023-03-04T11:12:02.859+0000] {logging_mixin.py:137} INFO - [2023-03-04T11:12:02.859+0000] {dag.py:2690} INFO - Sync 1 DAGs
[2023-03-04T11:12:02.882+0000] {logging_mixin.py:137} INFO - [2023-03-04T11:12:02.881+0000] {dag.py:3441} INFO - Setting next_dagrun for example_nested_branch_dag to 2023-03-03T00:00:00+00:00, run_after=2023-03-04T00:00:00+00:00
[2023-03-04T11:12:02.896+0000] {processor.py:175} INFO - Processing /home/airflow/.local/lib/python3.7/site-packages/airflow/example_dags/example_nested_branch_dag.py took 0.099 seconds
[2023-03-04T11:21:29.111+0000] {processor.py:153} INFO - Started process (PID=5230) to work on /home/airflow/.local/lib/python3.7/site-packages/airflow/example_dags/example_nested_branch_dag.py
[2023-03-04T11:21:29.114+0000] {processor.py:743} INFO - Processing file /home/airflow/.local/lib/python3.7/site-packages/airflow/example_dags/example_nested_branch_dag.py for tasks to queue
[2023-03-04T11:21:29.115+0000] {logging_mixin.py:137} INFO - [2023-03-04T11:21:29.115+0000] {dagbag.py:538} INFO - Filling up the DagBag from /home/airflow/.local/lib/python3.7/site-packages/airflow/example_dags/example_nested_branch_dag.py
[2023-03-04T11:21:29.139+0000] {processor.py:753} INFO - DAG(s) dict_keys(['example_nested_branch_dag']) retrieved from /home/airflow/.local/lib/python3.7/site-packages/airflow/example_dags/example_nested_branch_dag.py
[2023-03-04T11:21:29.168+0000] {logging_mixin.py:137} INFO - [2023-03-04T11:21:29.167+0000] {dag.py:2690} INFO - Sync 1 DAGs
[2023-03-04T11:21:29.194+0000] {logging_mixin.py:137} INFO - [2023-03-04T11:21:29.194+0000] {dag.py:3441} INFO - Setting next_dagrun for example_nested_branch_dag to 2023-03-03T00:00:00+00:00, run_after=2023-03-04T00:00:00+00:00
[2023-03-04T11:21:29.207+0000] {processor.py:175} INFO - Processing /home/airflow/.local/lib/python3.7/site-packages/airflow/example_dags/example_nested_branch_dag.py took 0.102 seconds
[2023-03-04T11:56:44.733+0000] {processor.py:153} INFO - Started process (PID=5300) to work on /home/airflow/.local/lib/python3.7/site-packages/airflow/example_dags/example_nested_branch_dag.py
[2023-03-04T11:56:44.739+0000] {processor.py:743} INFO - Processing file /home/airflow/.local/lib/python3.7/site-packages/airflow/example_dags/example_nested_branch_dag.py for tasks to queue
[2023-03-04T11:56:44.741+0000] {logging_mixin.py:137} INFO - [2023-03-04T11:56:44.741+0000] {dagbag.py:538} INFO - Filling up the DagBag from /home/airflow/.local/lib/python3.7/site-packages/airflow/example_dags/example_nested_branch_dag.py
[2023-03-04T11:56:44.780+0000] {processor.py:753} INFO - DAG(s) dict_keys(['example_nested_branch_dag']) retrieved from /home/airflow/.local/lib/python3.7/site-packages/airflow/example_dags/example_nested_branch_dag.py
[2023-03-04T11:56:44.850+0000] {logging_mixin.py:137} INFO - [2023-03-04T11:56:44.850+0000] {dag.py:2690} INFO - Sync 1 DAGs
[2023-03-04T11:56:44.895+0000] {logging_mixin.py:137} INFO - [2023-03-04T11:56:44.895+0000] {dag.py:3441} INFO - Setting next_dagrun for example_nested_branch_dag to 2023-03-03T00:00:00+00:00, run_after=2023-03-04T00:00:00+00:00
[2023-03-04T11:56:44.923+0000] {processor.py:175} INFO - Processing /home/airflow/.local/lib/python3.7/site-packages/airflow/example_dags/example_nested_branch_dag.py took 0.196 seconds
[2023-03-04T12:36:29.248+0000] {processor.py:153} INFO - Started process (PID=5369) to work on /home/airflow/.local/lib/python3.7/site-packages/airflow/example_dags/example_nested_branch_dag.py
[2023-03-04T12:36:29.252+0000] {processor.py:743} INFO - Processing file /home/airflow/.local/lib/python3.7/site-packages/airflow/example_dags/example_nested_branch_dag.py for tasks to queue
[2023-03-04T12:36:29.255+0000] {logging_mixin.py:137} INFO - [2023-03-04T12:36:29.254+0000] {dagbag.py:538} INFO - Filling up the DagBag from /home/airflow/.local/lib/python3.7/site-packages/airflow/example_dags/example_nested_branch_dag.py
[2023-03-04T12:36:29.286+0000] {processor.py:753} INFO - DAG(s) dict_keys(['example_nested_branch_dag']) retrieved from /home/airflow/.local/lib/python3.7/site-packages/airflow/example_dags/example_nested_branch_dag.py
[2023-03-04T12:36:29.336+0000] {logging_mixin.py:137} INFO - [2023-03-04T12:36:29.336+0000] {dag.py:2690} INFO - Sync 1 DAGs
[2023-03-04T12:36:29.364+0000] {logging_mixin.py:137} INFO - [2023-03-04T12:36:29.364+0000] {dag.py:3441} INFO - Setting next_dagrun for example_nested_branch_dag to 2023-03-03T00:00:00+00:00, run_after=2023-03-04T00:00:00+00:00
[2023-03-04T12:36:29.392+0000] {processor.py:175} INFO - Processing /home/airflow/.local/lib/python3.7/site-packages/airflow/example_dags/example_nested_branch_dag.py took 0.151 seconds
[2023-03-04T12:50:16.728+0000] {processor.py:153} INFO - Started process (PID=5432) to work on /home/airflow/.local/lib/python3.7/site-packages/airflow/example_dags/example_nested_branch_dag.py
[2023-03-04T12:50:16.730+0000] {processor.py:743} INFO - Processing file /home/airflow/.local/lib/python3.7/site-packages/airflow/example_dags/example_nested_branch_dag.py for tasks to queue
[2023-03-04T12:50:16.731+0000] {logging_mixin.py:137} INFO - [2023-03-04T12:50:16.731+0000] {dagbag.py:538} INFO - Filling up the DagBag from /home/airflow/.local/lib/python3.7/site-packages/airflow/example_dags/example_nested_branch_dag.py
[2023-03-04T12:50:16.752+0000] {processor.py:753} INFO - DAG(s) dict_keys(['example_nested_branch_dag']) retrieved from /home/airflow/.local/lib/python3.7/site-packages/airflow/example_dags/example_nested_branch_dag.py
[2023-03-04T12:50:16.791+0000] {logging_mixin.py:137} INFO - [2023-03-04T12:50:16.791+0000] {dag.py:2690} INFO - Sync 1 DAGs
[2023-03-04T12:50:16.829+0000] {logging_mixin.py:137} INFO - [2023-03-04T12:50:16.828+0000] {dag.py:3441} INFO - Setting next_dagrun for example_nested_branch_dag to 2023-03-03T00:00:00+00:00, run_after=2023-03-04T00:00:00+00:00
[2023-03-04T12:50:16.847+0000] {processor.py:175} INFO - Processing /home/airflow/.local/lib/python3.7/site-packages/airflow/example_dags/example_nested_branch_dag.py took 0.123 seconds
[2023-03-04T13:10:07.298+0000] {processor.py:153} INFO - Started process (PID=5495) to work on /home/airflow/.local/lib/python3.7/site-packages/airflow/example_dags/example_nested_branch_dag.py
[2023-03-04T13:10:07.302+0000] {processor.py:743} INFO - Processing file /home/airflow/.local/lib/python3.7/site-packages/airflow/example_dags/example_nested_branch_dag.py for tasks to queue
[2023-03-04T13:10:07.305+0000] {logging_mixin.py:137} INFO - [2023-03-04T13:10:07.305+0000] {dagbag.py:538} INFO - Filling up the DagBag from /home/airflow/.local/lib/python3.7/site-packages/airflow/example_dags/example_nested_branch_dag.py
[2023-03-04T13:10:07.360+0000] {processor.py:753} INFO - DAG(s) dict_keys(['example_nested_branch_dag']) retrieved from /home/airflow/.local/lib/python3.7/site-packages/airflow/example_dags/example_nested_branch_dag.py
[2023-03-04T13:10:07.389+0000] {logging_mixin.py:137} INFO - [2023-03-04T13:10:07.389+0000] {dag.py:2690} INFO - Sync 1 DAGs
[2023-03-04T13:10:07.411+0000] {logging_mixin.py:137} INFO - [2023-03-04T13:10:07.410+0000] {dag.py:3441} INFO - Setting next_dagrun for example_nested_branch_dag to 2023-03-03T00:00:00+00:00, run_after=2023-03-04T00:00:00+00:00
[2023-03-04T13:10:07.441+0000] {processor.py:175} INFO - Processing /home/airflow/.local/lib/python3.7/site-packages/airflow/example_dags/example_nested_branch_dag.py took 0.159 seconds
[2023-03-04T13:26:39.219+0000] {processor.py:153} INFO - Started process (PID=5559) to work on /home/airflow/.local/lib/python3.7/site-packages/airflow/example_dags/example_nested_branch_dag.py
[2023-03-04T13:26:39.221+0000] {processor.py:743} INFO - Processing file /home/airflow/.local/lib/python3.7/site-packages/airflow/example_dags/example_nested_branch_dag.py for tasks to queue
[2023-03-04T13:26:39.221+0000] {logging_mixin.py:137} INFO - [2023-03-04T13:26:39.221+0000] {dagbag.py:538} INFO - Filling up the DagBag from /home/airflow/.local/lib/python3.7/site-packages/airflow/example_dags/example_nested_branch_dag.py
[2023-03-04T13:26:39.238+0000] {processor.py:753} INFO - DAG(s) dict_keys(['example_nested_branch_dag']) retrieved from /home/airflow/.local/lib/python3.7/site-packages/airflow/example_dags/example_nested_branch_dag.py
[2023-03-04T13:26:39.258+0000] {logging_mixin.py:137} INFO - [2023-03-04T13:26:39.258+0000] {dag.py:2690} INFO - Sync 1 DAGs
[2023-03-04T13:26:39.275+0000] {logging_mixin.py:137} INFO - [2023-03-04T13:26:39.275+0000] {dag.py:3441} INFO - Setting next_dagrun for example_nested_branch_dag to 2023-03-03T00:00:00+00:00, run_after=2023-03-04T00:00:00+00:00
[2023-03-04T13:26:39.288+0000] {processor.py:175} INFO - Processing /home/airflow/.local/lib/python3.7/site-packages/airflow/example_dags/example_nested_branch_dag.py took 0.072 seconds
[2023-03-04T13:40:41.830+0000] {processor.py:153} INFO - Started process (PID=5630) to work on /home/airflow/.local/lib/python3.7/site-packages/airflow/example_dags/example_nested_branch_dag.py
[2023-03-04T13:40:41.837+0000] {processor.py:743} INFO - Processing file /home/airflow/.local/lib/python3.7/site-packages/airflow/example_dags/example_nested_branch_dag.py for tasks to queue
[2023-03-04T13:40:41.838+0000] {logging_mixin.py:137} INFO - [2023-03-04T13:40:41.838+0000] {dagbag.py:538} INFO - Filling up the DagBag from /home/airflow/.local/lib/python3.7/site-packages/airflow/example_dags/example_nested_branch_dag.py
[2023-03-04T13:40:41.877+0000] {processor.py:753} INFO - DAG(s) dict_keys(['example_nested_branch_dag']) retrieved from /home/airflow/.local/lib/python3.7/site-packages/airflow/example_dags/example_nested_branch_dag.py
[2023-03-04T13:40:41.938+0000] {logging_mixin.py:137} INFO - [2023-03-04T13:40:41.938+0000] {dag.py:2690} INFO - Sync 1 DAGs
[2023-03-04T13:40:42.015+0000] {logging_mixin.py:137} INFO - [2023-03-04T13:40:42.015+0000] {dag.py:3441} INFO - Setting next_dagrun for example_nested_branch_dag to 2023-03-03T00:00:00+00:00, run_after=2023-03-04T00:00:00+00:00
[2023-03-04T13:40:42.079+0000] {processor.py:175} INFO - Processing /home/airflow/.local/lib/python3.7/site-packages/airflow/example_dags/example_nested_branch_dag.py took 0.257 seconds
[2023-03-04T14:00:05.374+0000] {processor.py:153} INFO - Started process (PID=5684) to work on /home/airflow/.local/lib/python3.7/site-packages/airflow/example_dags/example_nested_branch_dag.py
[2023-03-04T14:00:05.375+0000] {processor.py:743} INFO - Processing file /home/airflow/.local/lib/python3.7/site-packages/airflow/example_dags/example_nested_branch_dag.py for tasks to queue
[2023-03-04T14:00:05.376+0000] {logging_mixin.py:137} INFO - [2023-03-04T14:00:05.376+0000] {dagbag.py:538} INFO - Filling up the DagBag from /home/airflow/.local/lib/python3.7/site-packages/airflow/example_dags/example_nested_branch_dag.py
[2023-03-04T14:00:05.395+0000] {processor.py:753} INFO - DAG(s) dict_keys(['example_nested_branch_dag']) retrieved from /home/airflow/.local/lib/python3.7/site-packages/airflow/example_dags/example_nested_branch_dag.py
[2023-03-04T14:00:05.422+0000] {logging_mixin.py:137} INFO - [2023-03-04T14:00:05.421+0000] {dag.py:2690} INFO - Sync 1 DAGs
[2023-03-04T14:00:05.444+0000] {logging_mixin.py:137} INFO - [2023-03-04T14:00:05.444+0000] {dag.py:3441} INFO - Setting next_dagrun for example_nested_branch_dag to 2023-03-03T00:00:00+00:00, run_after=2023-03-04T00:00:00+00:00
[2023-03-04T14:00:05.457+0000] {processor.py:175} INFO - Processing /home/airflow/.local/lib/python3.7/site-packages/airflow/example_dags/example_nested_branch_dag.py took 0.087 seconds
[2023-03-04T14:50:41.400+0000] {processor.py:153} INFO - Started process (PID=5747) to work on /home/airflow/.local/lib/python3.7/site-packages/airflow/example_dags/example_nested_branch_dag.py
[2023-03-04T14:50:41.401+0000] {processor.py:743} INFO - Processing file /home/airflow/.local/lib/python3.7/site-packages/airflow/example_dags/example_nested_branch_dag.py for tasks to queue
[2023-03-04T14:50:41.402+0000] {logging_mixin.py:137} INFO - [2023-03-04T14:50:41.402+0000] {dagbag.py:538} INFO - Filling up the DagBag from /home/airflow/.local/lib/python3.7/site-packages/airflow/example_dags/example_nested_branch_dag.py
[2023-03-04T14:50:41.418+0000] {processor.py:753} INFO - DAG(s) dict_keys(['example_nested_branch_dag']) retrieved from /home/airflow/.local/lib/python3.7/site-packages/airflow/example_dags/example_nested_branch_dag.py
[2023-03-04T14:50:41.441+0000] {logging_mixin.py:137} INFO - [2023-03-04T14:50:41.441+0000] {dag.py:2690} INFO - Sync 1 DAGs
[2023-03-04T14:50:41.471+0000] {logging_mixin.py:137} INFO - [2023-03-04T14:50:41.471+0000] {dag.py:3441} INFO - Setting next_dagrun for example_nested_branch_dag to 2023-03-03T00:00:00+00:00, run_after=2023-03-04T00:00:00+00:00
[2023-03-04T14:50:41.502+0000] {processor.py:175} INFO - Processing /home/airflow/.local/lib/python3.7/site-packages/airflow/example_dags/example_nested_branch_dag.py took 0.105 seconds
[2023-03-04T15:19:45.230+0000] {processor.py:153} INFO - Started process (PID=5822) to work on /home/airflow/.local/lib/python3.7/site-packages/airflow/example_dags/example_nested_branch_dag.py
[2023-03-04T15:19:45.231+0000] {processor.py:743} INFO - Processing file /home/airflow/.local/lib/python3.7/site-packages/airflow/example_dags/example_nested_branch_dag.py for tasks to queue
[2023-03-04T15:19:45.232+0000] {logging_mixin.py:137} INFO - [2023-03-04T15:19:45.232+0000] {dagbag.py:538} INFO - Filling up the DagBag from /home/airflow/.local/lib/python3.7/site-packages/airflow/example_dags/example_nested_branch_dag.py
[2023-03-04T15:19:45.249+0000] {processor.py:753} INFO - DAG(s) dict_keys(['example_nested_branch_dag']) retrieved from /home/airflow/.local/lib/python3.7/site-packages/airflow/example_dags/example_nested_branch_dag.py
[2023-03-04T15:19:45.270+0000] {logging_mixin.py:137} INFO - [2023-03-04T15:19:45.270+0000] {dag.py:2690} INFO - Sync 1 DAGs
[2023-03-04T15:19:45.295+0000] {logging_mixin.py:137} INFO - [2023-03-04T15:19:45.295+0000] {dag.py:3441} INFO - Setting next_dagrun for example_nested_branch_dag to 2023-03-03T00:00:00+00:00, run_after=2023-03-04T00:00:00+00:00
[2023-03-04T15:19:45.310+0000] {processor.py:175} INFO - Processing /home/airflow/.local/lib/python3.7/site-packages/airflow/example_dags/example_nested_branch_dag.py took 0.083 seconds
[2023-03-04T16:21:36.815+0000] {processor.py:153} INFO - Started process (PID=5896) to work on /home/airflow/.local/lib/python3.7/site-packages/airflow/example_dags/example_nested_branch_dag.py
[2023-03-04T16:21:36.822+0000] {processor.py:743} INFO - Processing file /home/airflow/.local/lib/python3.7/site-packages/airflow/example_dags/example_nested_branch_dag.py for tasks to queue
[2023-03-04T16:21:36.829+0000] {logging_mixin.py:137} INFO - [2023-03-04T16:21:36.829+0000] {dagbag.py:538} INFO - Filling up the DagBag from /home/airflow/.local/lib/python3.7/site-packages/airflow/example_dags/example_nested_branch_dag.py
[2023-03-04T16:21:37.151+0000] {processor.py:753} INFO - DAG(s) dict_keys(['example_nested_branch_dag']) retrieved from /home/airflow/.local/lib/python3.7/site-packages/airflow/example_dags/example_nested_branch_dag.py
[2023-03-04T16:21:37.424+0000] {logging_mixin.py:137} INFO - [2023-03-04T16:21:37.423+0000] {dag.py:2690} INFO - Sync 1 DAGs
[2023-03-04T16:21:37.514+0000] {logging_mixin.py:137} INFO - [2023-03-04T16:21:37.514+0000] {dag.py:3441} INFO - Setting next_dagrun for example_nested_branch_dag to 2023-03-03T00:00:00+00:00, run_after=2023-03-04T00:00:00+00:00
[2023-03-04T16:21:37.634+0000] {processor.py:175} INFO - Processing /home/airflow/.local/lib/python3.7/site-packages/airflow/example_dags/example_nested_branch_dag.py took 0.907 seconds
[2023-03-04T17:17:19.588+0000] {processor.py:153} INFO - Started process (PID=5993) to work on /home/airflow/.local/lib/python3.7/site-packages/airflow/example_dags/example_nested_branch_dag.py
[2023-03-04T17:17:19.589+0000] {processor.py:743} INFO - Processing file /home/airflow/.local/lib/python3.7/site-packages/airflow/example_dags/example_nested_branch_dag.py for tasks to queue
[2023-03-04T17:17:19.591+0000] {logging_mixin.py:137} INFO - [2023-03-04T17:17:19.591+0000] {dagbag.py:538} INFO - Filling up the DagBag from /home/airflow/.local/lib/python3.7/site-packages/airflow/example_dags/example_nested_branch_dag.py
[2023-03-04T17:17:19.622+0000] {processor.py:753} INFO - DAG(s) dict_keys(['example_nested_branch_dag']) retrieved from /home/airflow/.local/lib/python3.7/site-packages/airflow/example_dags/example_nested_branch_dag.py
[2023-03-04T17:17:19.644+0000] {logging_mixin.py:137} INFO - [2023-03-04T17:17:19.644+0000] {dag.py:2690} INFO - Sync 1 DAGs
[2023-03-04T17:17:19.661+0000] {logging_mixin.py:137} INFO - [2023-03-04T17:17:19.661+0000] {dag.py:3441} INFO - Setting next_dagrun for example_nested_branch_dag to 2023-03-03T00:00:00+00:00, run_after=2023-03-04T00:00:00+00:00
[2023-03-04T17:17:19.675+0000] {processor.py:175} INFO - Processing /home/airflow/.local/lib/python3.7/site-packages/airflow/example_dags/example_nested_branch_dag.py took 0.090 seconds
[2023-03-04T18:30:32.879+0000] {processor.py:153} INFO - Started process (PID=6056) to work on /home/airflow/.local/lib/python3.7/site-packages/airflow/example_dags/example_nested_branch_dag.py
[2023-03-04T18:30:32.880+0000] {processor.py:743} INFO - Processing file /home/airflow/.local/lib/python3.7/site-packages/airflow/example_dags/example_nested_branch_dag.py for tasks to queue
[2023-03-04T18:30:32.881+0000] {logging_mixin.py:137} INFO - [2023-03-04T18:30:32.881+0000] {dagbag.py:538} INFO - Filling up the DagBag from /home/airflow/.local/lib/python3.7/site-packages/airflow/example_dags/example_nested_branch_dag.py
[2023-03-04T18:30:32.900+0000] {processor.py:753} INFO - DAG(s) dict_keys(['example_nested_branch_dag']) retrieved from /home/airflow/.local/lib/python3.7/site-packages/airflow/example_dags/example_nested_branch_dag.py
[2023-03-04T18:30:32.924+0000] {logging_mixin.py:137} INFO - [2023-03-04T18:30:32.924+0000] {dag.py:2690} INFO - Sync 1 DAGs
[2023-03-04T18:30:32.957+0000] {logging_mixin.py:137} INFO - [2023-03-04T18:30:32.957+0000] {dag.py:3441} INFO - Setting next_dagrun for example_nested_branch_dag to 2023-03-03T00:00:00+00:00, run_after=2023-03-04T00:00:00+00:00
[2023-03-04T18:30:32.985+0000] {processor.py:175} INFO - Processing /home/airflow/.local/lib/python3.7/site-packages/airflow/example_dags/example_nested_branch_dag.py took 0.110 seconds
[2023-03-04T19:34:54.995+0000] {processor.py:153} INFO - Started process (PID=6132) to work on /home/airflow/.local/lib/python3.7/site-packages/airflow/example_dags/example_nested_branch_dag.py
[2023-03-04T19:34:54.997+0000] {processor.py:743} INFO - Processing file /home/airflow/.local/lib/python3.7/site-packages/airflow/example_dags/example_nested_branch_dag.py for tasks to queue
[2023-03-04T19:34:54.998+0000] {logging_mixin.py:137} INFO - [2023-03-04T19:34:54.998+0000] {dagbag.py:538} INFO - Filling up the DagBag from /home/airflow/.local/lib/python3.7/site-packages/airflow/example_dags/example_nested_branch_dag.py
[2023-03-04T19:34:55.020+0000] {processor.py:753} INFO - DAG(s) dict_keys(['example_nested_branch_dag']) retrieved from /home/airflow/.local/lib/python3.7/site-packages/airflow/example_dags/example_nested_branch_dag.py
[2023-03-04T19:34:55.042+0000] {logging_mixin.py:137} INFO - [2023-03-04T19:34:55.042+0000] {dag.py:2690} INFO - Sync 1 DAGs
[2023-03-04T19:34:55.059+0000] {logging_mixin.py:137} INFO - [2023-03-04T19:34:55.059+0000] {dag.py:3441} INFO - Setting next_dagrun for example_nested_branch_dag to 2023-03-03T00:00:00+00:00, run_after=2023-03-04T00:00:00+00:00
[2023-03-04T19:34:55.070+0000] {processor.py:175} INFO - Processing /home/airflow/.local/lib/python3.7/site-packages/airflow/example_dags/example_nested_branch_dag.py took 0.078 seconds
[2023-03-04T20:25:44.175+0000] {processor.py:153} INFO - Started process (PID=6196) to work on /home/airflow/.local/lib/python3.7/site-packages/airflow/example_dags/example_nested_branch_dag.py
[2023-03-04T20:25:44.193+0000] {processor.py:743} INFO - Processing file /home/airflow/.local/lib/python3.7/site-packages/airflow/example_dags/example_nested_branch_dag.py for tasks to queue
[2023-03-04T20:25:44.194+0000] {logging_mixin.py:137} INFO - [2023-03-04T20:25:44.194+0000] {dagbag.py:538} INFO - Filling up the DagBag from /home/airflow/.local/lib/python3.7/site-packages/airflow/example_dags/example_nested_branch_dag.py
[2023-03-04T20:25:44.241+0000] {processor.py:753} INFO - DAG(s) dict_keys(['example_nested_branch_dag']) retrieved from /home/airflow/.local/lib/python3.7/site-packages/airflow/example_dags/example_nested_branch_dag.py
[2023-03-04T20:25:44.290+0000] {logging_mixin.py:137} INFO - [2023-03-04T20:25:44.290+0000] {dag.py:2690} INFO - Sync 1 DAGs
[2023-03-04T20:25:44.315+0000] {logging_mixin.py:137} INFO - [2023-03-04T20:25:44.315+0000] {dag.py:3441} INFO - Setting next_dagrun for example_nested_branch_dag to 2023-03-03T00:00:00+00:00, run_after=2023-03-04T00:00:00+00:00
[2023-03-04T20:25:44.328+0000] {processor.py:175} INFO - Processing /home/airflow/.local/lib/python3.7/site-packages/airflow/example_dags/example_nested_branch_dag.py took 0.169 seconds
[2023-03-04T21:17:48.365+0000] {processor.py:153} INFO - Started process (PID=6259) to work on /home/airflow/.local/lib/python3.7/site-packages/airflow/example_dags/example_nested_branch_dag.py
[2023-03-04T21:17:48.366+0000] {processor.py:743} INFO - Processing file /home/airflow/.local/lib/python3.7/site-packages/airflow/example_dags/example_nested_branch_dag.py for tasks to queue
[2023-03-04T21:17:48.367+0000] {logging_mixin.py:137} INFO - [2023-03-04T21:17:48.367+0000] {dagbag.py:538} INFO - Filling up the DagBag from /home/airflow/.local/lib/python3.7/site-packages/airflow/example_dags/example_nested_branch_dag.py
[2023-03-04T21:17:48.386+0000] {processor.py:753} INFO - DAG(s) dict_keys(['example_nested_branch_dag']) retrieved from /home/airflow/.local/lib/python3.7/site-packages/airflow/example_dags/example_nested_branch_dag.py
[2023-03-04T21:17:48.419+0000] {logging_mixin.py:137} INFO - [2023-03-04T21:17:48.419+0000] {dag.py:2690} INFO - Sync 1 DAGs
[2023-03-04T21:17:48.470+0000] {logging_mixin.py:137} INFO - [2023-03-04T21:17:48.470+0000] {dag.py:3441} INFO - Setting next_dagrun for example_nested_branch_dag to 2023-03-03T00:00:00+00:00, run_after=2023-03-04T00:00:00+00:00
[2023-03-04T21:17:48.486+0000] {processor.py:175} INFO - Processing /home/airflow/.local/lib/python3.7/site-packages/airflow/example_dags/example_nested_branch_dag.py took 0.124 seconds
[2023-03-04T22:18:16.648+0000] {processor.py:153} INFO - Started process (PID=6323) to work on /home/airflow/.local/lib/python3.7/site-packages/airflow/example_dags/example_nested_branch_dag.py
[2023-03-04T22:18:16.650+0000] {processor.py:743} INFO - Processing file /home/airflow/.local/lib/python3.7/site-packages/airflow/example_dags/example_nested_branch_dag.py for tasks to queue
[2023-03-04T22:18:16.651+0000] {logging_mixin.py:137} INFO - [2023-03-04T22:18:16.650+0000] {dagbag.py:538} INFO - Filling up the DagBag from /home/airflow/.local/lib/python3.7/site-packages/airflow/example_dags/example_nested_branch_dag.py
[2023-03-04T22:18:16.674+0000] {processor.py:753} INFO - DAG(s) dict_keys(['example_nested_branch_dag']) retrieved from /home/airflow/.local/lib/python3.7/site-packages/airflow/example_dags/example_nested_branch_dag.py
[2023-03-04T22:18:16.711+0000] {logging_mixin.py:137} INFO - [2023-03-04T22:18:16.711+0000] {dag.py:2690} INFO - Sync 1 DAGs
[2023-03-04T22:18:16.736+0000] {logging_mixin.py:137} INFO - [2023-03-04T22:18:16.736+0000] {dag.py:3441} INFO - Setting next_dagrun for example_nested_branch_dag to 2023-03-03T00:00:00+00:00, run_after=2023-03-04T00:00:00+00:00
[2023-03-04T22:18:16.750+0000] {processor.py:175} INFO - Processing /home/airflow/.local/lib/python3.7/site-packages/airflow/example_dags/example_nested_branch_dag.py took 0.105 seconds
[2023-03-04T23:42:22.249+0000] {processor.py:153} INFO - Started process (PID=6386) to work on /home/airflow/.local/lib/python3.7/site-packages/airflow/example_dags/example_nested_branch_dag.py
[2023-03-04T23:42:22.251+0000] {processor.py:743} INFO - Processing file /home/airflow/.local/lib/python3.7/site-packages/airflow/example_dags/example_nested_branch_dag.py for tasks to queue
[2023-03-04T23:42:22.251+0000] {logging_mixin.py:137} INFO - [2023-03-04T23:42:22.251+0000] {dagbag.py:538} INFO - Filling up the DagBag from /home/airflow/.local/lib/python3.7/site-packages/airflow/example_dags/example_nested_branch_dag.py
[2023-03-04T23:42:22.273+0000] {processor.py:753} INFO - DAG(s) dict_keys(['example_nested_branch_dag']) retrieved from /home/airflow/.local/lib/python3.7/site-packages/airflow/example_dags/example_nested_branch_dag.py
[2023-03-04T23:42:22.294+0000] {logging_mixin.py:137} INFO - [2023-03-04T23:42:22.294+0000] {dag.py:2690} INFO - Sync 1 DAGs
[2023-03-04T23:42:22.310+0000] {logging_mixin.py:137} INFO - [2023-03-04T23:42:22.310+0000] {dag.py:3441} INFO - Setting next_dagrun for example_nested_branch_dag to 2023-03-03T00:00:00+00:00, run_after=2023-03-04T00:00:00+00:00
[2023-03-04T23:42:22.321+0000] {processor.py:175} INFO - Processing /home/airflow/.local/lib/python3.7/site-packages/airflow/example_dags/example_nested_branch_dag.py took 0.075 seconds
