[2023-03-04T06:33:29.575+0000] {processor.py:153} INFO - Started process (PID=4720) to work on /home/airflow/.local/lib/python3.7/site-packages/airflow/example_dags/example_task_group.py
[2023-03-04T06:33:29.672+0000] {processor.py:743} INFO - Processing file /home/airflow/.local/lib/python3.7/site-packages/airflow/example_dags/example_task_group.py for tasks to queue
[2023-03-04T06:33:29.713+0000] {logging_mixin.py:137} INFO - [2023-03-04T06:33:29.713+0000] {dagbag.py:538} INFO - Filling up the DagBag from /home/airflow/.local/lib/python3.7/site-packages/airflow/example_dags/example_task_group.py
[2023-03-04T06:33:30.291+0000] {processor.py:753} INFO - DAG(s) dict_keys(['example_task_group']) retrieved from /home/airflow/.local/lib/python3.7/site-packages/airflow/example_dags/example_task_group.py
[2023-03-04T06:33:31.685+0000] {logging_mixin.py:137} INFO - [2023-03-04T06:33:31.683+0000] {dag.py:2690} INFO - Sync 1 DAGs
[2023-03-04T06:33:32.238+0000] {logging_mixin.py:137} INFO - [2023-03-04T06:33:32.235+0000] {dag.py:3441} INFO - Setting next_dagrun for example_task_group to 2023-03-03T06:33:32.202517+00:00, run_after=2023-03-04T06:33:32.202517+00:00
[2023-03-04T06:33:32.653+0000] {processor.py:175} INFO - Processing /home/airflow/.local/lib/python3.7/site-packages/airflow/example_dags/example_task_group.py took 3.178 seconds
[2023-03-04T07:05:57.524+0000] {processor.py:153} INFO - Started process (PID=4786) to work on /home/airflow/.local/lib/python3.7/site-packages/airflow/example_dags/example_task_group.py
[2023-03-04T07:05:57.526+0000] {processor.py:743} INFO - Processing file /home/airflow/.local/lib/python3.7/site-packages/airflow/example_dags/example_task_group.py for tasks to queue
[2023-03-04T07:05:57.529+0000] {logging_mixin.py:137} INFO - [2023-03-04T07:05:57.528+0000] {dagbag.py:538} INFO - Filling up the DagBag from /home/airflow/.local/lib/python3.7/site-packages/airflow/example_dags/example_task_group.py
[2023-03-04T07:05:57.580+0000] {processor.py:753} INFO - DAG(s) dict_keys(['example_task_group']) retrieved from /home/airflow/.local/lib/python3.7/site-packages/airflow/example_dags/example_task_group.py
[2023-03-04T07:05:57.734+0000] {logging_mixin.py:137} INFO - [2023-03-04T07:05:57.733+0000] {dag.py:2690} INFO - Sync 1 DAGs
[2023-03-04T07:05:57.804+0000] {logging_mixin.py:137} INFO - [2023-03-04T07:05:57.803+0000] {dag.py:3441} INFO - Setting next_dagrun for example_task_group to 2023-03-03T07:05:57.802546+00:00, run_after=2023-03-04T07:05:57.802546+00:00
[2023-03-04T07:05:57.886+0000] {processor.py:175} INFO - Processing /home/airflow/.local/lib/python3.7/site-packages/airflow/example_dags/example_task_group.py took 0.369 seconds
[2023-03-04T07:37:54.381+0000] {processor.py:153} INFO - Started process (PID=4837) to work on /home/airflow/.local/lib/python3.7/site-packages/airflow/example_dags/example_task_group.py
[2023-03-04T07:37:54.387+0000] {processor.py:743} INFO - Processing file /home/airflow/.local/lib/python3.7/site-packages/airflow/example_dags/example_task_group.py for tasks to queue
[2023-03-04T07:37:54.387+0000] {logging_mixin.py:137} INFO - [2023-03-04T07:37:54.387+0000] {dagbag.py:538} INFO - Filling up the DagBag from /home/airflow/.local/lib/python3.7/site-packages/airflow/example_dags/example_task_group.py
[2023-03-04T07:37:54.401+0000] {processor.py:753} INFO - DAG(s) dict_keys(['example_task_group']) retrieved from /home/airflow/.local/lib/python3.7/site-packages/airflow/example_dags/example_task_group.py
[2023-03-04T07:37:54.425+0000] {logging_mixin.py:137} INFO - [2023-03-04T07:37:54.425+0000] {dag.py:2690} INFO - Sync 1 DAGs
[2023-03-04T07:37:54.443+0000] {logging_mixin.py:137} INFO - [2023-03-04T07:37:54.442+0000] {dag.py:3441} INFO - Setting next_dagrun for example_task_group to 2023-03-03T07:37:54.442706+00:00, run_after=2023-03-04T07:37:54.442706+00:00
[2023-03-04T07:37:54.459+0000] {processor.py:175} INFO - Processing /home/airflow/.local/lib/python3.7/site-packages/airflow/example_dags/example_task_group.py took 0.081 seconds
[2023-03-04T07:43:53.380+0000] {processor.py:153} INFO - Started process (PID=4907) to work on /home/airflow/.local/lib/python3.7/site-packages/airflow/example_dags/example_task_group.py
[2023-03-04T07:43:53.390+0000] {processor.py:743} INFO - Processing file /home/airflow/.local/lib/python3.7/site-packages/airflow/example_dags/example_task_group.py for tasks to queue
[2023-03-04T07:43:53.392+0000] {logging_mixin.py:137} INFO - [2023-03-04T07:43:53.392+0000] {dagbag.py:538} INFO - Filling up the DagBag from /home/airflow/.local/lib/python3.7/site-packages/airflow/example_dags/example_task_group.py
[2023-03-04T07:43:53.458+0000] {processor.py:753} INFO - DAG(s) dict_keys(['example_task_group']) retrieved from /home/airflow/.local/lib/python3.7/site-packages/airflow/example_dags/example_task_group.py
[2023-03-04T07:43:53.509+0000] {logging_mixin.py:137} INFO - [2023-03-04T07:43:53.509+0000] {dag.py:2690} INFO - Sync 1 DAGs
[2023-03-04T07:43:53.541+0000] {logging_mixin.py:137} INFO - [2023-03-04T07:43:53.541+0000] {dag.py:3441} INFO - Setting next_dagrun for example_task_group to 2023-03-03T07:43:53.540427+00:00, run_after=2023-03-04T07:43:53.540427+00:00
[2023-03-04T07:43:53.635+0000] {processor.py:175} INFO - Processing /home/airflow/.local/lib/python3.7/site-packages/airflow/example_dags/example_task_group.py took 0.273 seconds
[2023-03-04T09:08:15.503+0000] {processor.py:153} INFO - Started process (PID=4975) to work on /home/airflow/.local/lib/python3.7/site-packages/airflow/example_dags/example_task_group.py
[2023-03-04T09:08:15.507+0000] {processor.py:743} INFO - Processing file /home/airflow/.local/lib/python3.7/site-packages/airflow/example_dags/example_task_group.py for tasks to queue
[2023-03-04T09:08:15.509+0000] {logging_mixin.py:137} INFO - [2023-03-04T09:08:15.509+0000] {dagbag.py:538} INFO - Filling up the DagBag from /home/airflow/.local/lib/python3.7/site-packages/airflow/example_dags/example_task_group.py
[2023-03-04T09:08:15.526+0000] {processor.py:753} INFO - DAG(s) dict_keys(['example_task_group']) retrieved from /home/airflow/.local/lib/python3.7/site-packages/airflow/example_dags/example_task_group.py
[2023-03-04T09:08:15.553+0000] {logging_mixin.py:137} INFO - [2023-03-04T09:08:15.552+0000] {dag.py:2690} INFO - Sync 1 DAGs
[2023-03-04T09:08:15.576+0000] {logging_mixin.py:137} INFO - [2023-03-04T09:08:15.576+0000] {dag.py:3441} INFO - Setting next_dagrun for example_task_group to 2023-03-03T09:08:15.576115+00:00, run_after=2023-03-04T09:08:15.576115+00:00
[2023-03-04T09:08:15.598+0000] {processor.py:175} INFO - Processing /home/airflow/.local/lib/python3.7/site-packages/airflow/example_dags/example_task_group.py took 0.100 seconds
[2023-03-04T10:01:51.116+0000] {processor.py:153} INFO - Started process (PID=5038) to work on /home/airflow/.local/lib/python3.7/site-packages/airflow/example_dags/example_task_group.py
[2023-03-04T10:01:51.121+0000] {processor.py:743} INFO - Processing file /home/airflow/.local/lib/python3.7/site-packages/airflow/example_dags/example_task_group.py for tasks to queue
[2023-03-04T10:01:51.127+0000] {logging_mixin.py:137} INFO - [2023-03-04T10:01:51.127+0000] {dagbag.py:538} INFO - Filling up the DagBag from /home/airflow/.local/lib/python3.7/site-packages/airflow/example_dags/example_task_group.py
[2023-03-04T10:01:51.167+0000] {processor.py:753} INFO - DAG(s) dict_keys(['example_task_group']) retrieved from /home/airflow/.local/lib/python3.7/site-packages/airflow/example_dags/example_task_group.py
[2023-03-04T10:01:51.236+0000] {logging_mixin.py:137} INFO - [2023-03-04T10:01:51.235+0000] {dag.py:2690} INFO - Sync 1 DAGs
[2023-03-04T10:01:51.264+0000] {logging_mixin.py:137} INFO - [2023-03-04T10:01:51.264+0000] {dag.py:3441} INFO - Setting next_dagrun for example_task_group to 2023-03-03T10:01:51.264039+00:00, run_after=2023-03-04T10:01:51.264039+00:00
[2023-03-04T10:01:51.321+0000] {processor.py:175} INFO - Processing /home/airflow/.local/lib/python3.7/site-packages/airflow/example_dags/example_task_group.py took 0.218 seconds
[2023-03-04T10:51:24.911+0000] {processor.py:153} INFO - Started process (PID=5100) to work on /home/airflow/.local/lib/python3.7/site-packages/airflow/example_dags/example_task_group.py
[2023-03-04T10:51:24.914+0000] {processor.py:743} INFO - Processing file /home/airflow/.local/lib/python3.7/site-packages/airflow/example_dags/example_task_group.py for tasks to queue
[2023-03-04T10:51:24.915+0000] {logging_mixin.py:137} INFO - [2023-03-04T10:51:24.915+0000] {dagbag.py:538} INFO - Filling up the DagBag from /home/airflow/.local/lib/python3.7/site-packages/airflow/example_dags/example_task_group.py
[2023-03-04T10:51:24.943+0000] {processor.py:753} INFO - DAG(s) dict_keys(['example_task_group']) retrieved from /home/airflow/.local/lib/python3.7/site-packages/airflow/example_dags/example_task_group.py
[2023-03-04T10:51:25.012+0000] {logging_mixin.py:137} INFO - [2023-03-04T10:51:25.011+0000] {dag.py:2690} INFO - Sync 1 DAGs
[2023-03-04T10:51:25.042+0000] {logging_mixin.py:137} INFO - [2023-03-04T10:51:25.042+0000] {dag.py:3441} INFO - Setting next_dagrun for example_task_group to 2023-03-03T10:51:25.041530+00:00, run_after=2023-03-04T10:51:25.041530+00:00
[2023-03-04T10:51:25.070+0000] {processor.py:175} INFO - Processing /home/airflow/.local/lib/python3.7/site-packages/airflow/example_dags/example_task_group.py took 0.166 seconds
[2023-03-04T11:12:02.449+0000] {processor.py:153} INFO - Started process (PID=5163) to work on /home/airflow/.local/lib/python3.7/site-packages/airflow/example_dags/example_task_group.py
[2023-03-04T11:12:02.451+0000] {processor.py:743} INFO - Processing file /home/airflow/.local/lib/python3.7/site-packages/airflow/example_dags/example_task_group.py for tasks to queue
[2023-03-04T11:12:02.454+0000] {logging_mixin.py:137} INFO - [2023-03-04T11:12:02.454+0000] {dagbag.py:538} INFO - Filling up the DagBag from /home/airflow/.local/lib/python3.7/site-packages/airflow/example_dags/example_task_group.py
[2023-03-04T11:12:02.473+0000] {processor.py:753} INFO - DAG(s) dict_keys(['example_task_group']) retrieved from /home/airflow/.local/lib/python3.7/site-packages/airflow/example_dags/example_task_group.py
[2023-03-04T11:12:02.497+0000] {logging_mixin.py:137} INFO - [2023-03-04T11:12:02.497+0000] {dag.py:2690} INFO - Sync 1 DAGs
[2023-03-04T11:12:02.516+0000] {logging_mixin.py:137} INFO - [2023-03-04T11:12:02.516+0000] {dag.py:3441} INFO - Setting next_dagrun for example_task_group to 2023-03-03T11:12:02.515717+00:00, run_after=2023-03-04T11:12:02.515717+00:00
[2023-03-04T11:12:02.528+0000] {processor.py:175} INFO - Processing /home/airflow/.local/lib/python3.7/site-packages/airflow/example_dags/example_task_group.py took 0.082 seconds
[2023-03-04T11:21:28.873+0000] {processor.py:153} INFO - Started process (PID=5226) to work on /home/airflow/.local/lib/python3.7/site-packages/airflow/example_dags/example_task_group.py
[2023-03-04T11:21:28.875+0000] {processor.py:743} INFO - Processing file /home/airflow/.local/lib/python3.7/site-packages/airflow/example_dags/example_task_group.py for tasks to queue
[2023-03-04T11:21:28.876+0000] {logging_mixin.py:137} INFO - [2023-03-04T11:21:28.876+0000] {dagbag.py:538} INFO - Filling up the DagBag from /home/airflow/.local/lib/python3.7/site-packages/airflow/example_dags/example_task_group.py
[2023-03-04T11:21:28.892+0000] {processor.py:753} INFO - DAG(s) dict_keys(['example_task_group']) retrieved from /home/airflow/.local/lib/python3.7/site-packages/airflow/example_dags/example_task_group.py
[2023-03-04T11:21:28.917+0000] {logging_mixin.py:137} INFO - [2023-03-04T11:21:28.917+0000] {dag.py:2690} INFO - Sync 1 DAGs
[2023-03-04T11:21:28.936+0000] {logging_mixin.py:137} INFO - [2023-03-04T11:21:28.936+0000] {dag.py:3441} INFO - Setting next_dagrun for example_task_group to 2023-03-03T11:21:28.935928+00:00, run_after=2023-03-04T11:21:28.935928+00:00
[2023-03-04T11:21:28.955+0000] {processor.py:175} INFO - Processing /home/airflow/.local/lib/python3.7/site-packages/airflow/example_dags/example_task_group.py took 0.086 seconds
[2023-03-04T11:56:44.312+0000] {processor.py:153} INFO - Started process (PID=5290) to work on /home/airflow/.local/lib/python3.7/site-packages/airflow/example_dags/example_task_group.py
[2023-03-04T11:56:44.314+0000] {processor.py:743} INFO - Processing file /home/airflow/.local/lib/python3.7/site-packages/airflow/example_dags/example_task_group.py for tasks to queue
[2023-03-04T11:56:44.315+0000] {logging_mixin.py:137} INFO - [2023-03-04T11:56:44.315+0000] {dagbag.py:538} INFO - Filling up the DagBag from /home/airflow/.local/lib/python3.7/site-packages/airflow/example_dags/example_task_group.py
[2023-03-04T11:56:44.329+0000] {processor.py:753} INFO - DAG(s) dict_keys(['example_task_group']) retrieved from /home/airflow/.local/lib/python3.7/site-packages/airflow/example_dags/example_task_group.py
[2023-03-04T11:56:44.399+0000] {logging_mixin.py:137} INFO - [2023-03-04T11:56:44.398+0000] {dag.py:2690} INFO - Sync 1 DAGs
[2023-03-04T11:56:44.426+0000] {logging_mixin.py:137} INFO - [2023-03-04T11:56:44.426+0000] {dag.py:3441} INFO - Setting next_dagrun for example_task_group to 2023-03-03T11:56:44.426030+00:00, run_after=2023-03-04T11:56:44.426030+00:00
[2023-03-04T11:56:44.449+0000] {processor.py:175} INFO - Processing /home/airflow/.local/lib/python3.7/site-packages/airflow/example_dags/example_task_group.py took 0.140 seconds
[2023-03-04T12:36:28.560+0000] {processor.py:153} INFO - Started process (PID=5365) to work on /home/airflow/.local/lib/python3.7/site-packages/airflow/example_dags/example_task_group.py
[2023-03-04T12:36:28.565+0000] {processor.py:743} INFO - Processing file /home/airflow/.local/lib/python3.7/site-packages/airflow/example_dags/example_task_group.py for tasks to queue
[2023-03-04T12:36:28.568+0000] {logging_mixin.py:137} INFO - [2023-03-04T12:36:28.567+0000] {dagbag.py:538} INFO - Filling up the DagBag from /home/airflow/.local/lib/python3.7/site-packages/airflow/example_dags/example_task_group.py
[2023-03-04T12:36:28.600+0000] {processor.py:753} INFO - DAG(s) dict_keys(['example_task_group']) retrieved from /home/airflow/.local/lib/python3.7/site-packages/airflow/example_dags/example_task_group.py
[2023-03-04T12:36:28.640+0000] {logging_mixin.py:137} INFO - [2023-03-04T12:36:28.639+0000] {dag.py:2690} INFO - Sync 1 DAGs
[2023-03-04T12:36:28.667+0000] {logging_mixin.py:137} INFO - [2023-03-04T12:36:28.666+0000] {dag.py:3441} INFO - Setting next_dagrun for example_task_group to 2023-03-03T12:36:28.666647+00:00, run_after=2023-03-04T12:36:28.666647+00:00
[2023-03-04T12:36:28.693+0000] {processor.py:175} INFO - Processing /home/airflow/.local/lib/python3.7/site-packages/airflow/example_dags/example_task_group.py took 0.140 seconds
[2023-03-04T12:50:16.308+0000] {processor.py:153} INFO - Started process (PID=5428) to work on /home/airflow/.local/lib/python3.7/site-packages/airflow/example_dags/example_task_group.py
[2023-03-04T12:50:16.310+0000] {processor.py:743} INFO - Processing file /home/airflow/.local/lib/python3.7/site-packages/airflow/example_dags/example_task_group.py for tasks to queue
[2023-03-04T12:50:16.313+0000] {logging_mixin.py:137} INFO - [2023-03-04T12:50:16.312+0000] {dagbag.py:538} INFO - Filling up the DagBag from /home/airflow/.local/lib/python3.7/site-packages/airflow/example_dags/example_task_group.py
[2023-03-04T12:50:16.331+0000] {processor.py:753} INFO - DAG(s) dict_keys(['example_task_group']) retrieved from /home/airflow/.local/lib/python3.7/site-packages/airflow/example_dags/example_task_group.py
[2023-03-04T12:50:16.370+0000] {logging_mixin.py:137} INFO - [2023-03-04T12:50:16.370+0000] {dag.py:2690} INFO - Sync 1 DAGs
[2023-03-04T12:50:16.395+0000] {logging_mixin.py:137} INFO - [2023-03-04T12:50:16.395+0000] {dag.py:3441} INFO - Setting next_dagrun for example_task_group to 2023-03-03T12:50:16.394850+00:00, run_after=2023-03-04T12:50:16.394850+00:00
[2023-03-04T12:50:16.414+0000] {processor.py:175} INFO - Processing /home/airflow/.local/lib/python3.7/site-packages/airflow/example_dags/example_task_group.py took 0.111 seconds
[2023-03-04T13:10:07.047+0000] {processor.py:153} INFO - Started process (PID=5491) to work on /home/airflow/.local/lib/python3.7/site-packages/airflow/example_dags/example_task_group.py
[2023-03-04T13:10:07.050+0000] {processor.py:743} INFO - Processing file /home/airflow/.local/lib/python3.7/site-packages/airflow/example_dags/example_task_group.py for tasks to queue
[2023-03-04T13:10:07.051+0000] {logging_mixin.py:137} INFO - [2023-03-04T13:10:07.051+0000] {dagbag.py:538} INFO - Filling up the DagBag from /home/airflow/.local/lib/python3.7/site-packages/airflow/example_dags/example_task_group.py
[2023-03-04T13:10:07.067+0000] {processor.py:753} INFO - DAG(s) dict_keys(['example_task_group']) retrieved from /home/airflow/.local/lib/python3.7/site-packages/airflow/example_dags/example_task_group.py
[2023-03-04T13:10:07.091+0000] {logging_mixin.py:137} INFO - [2023-03-04T13:10:07.091+0000] {dag.py:2690} INFO - Sync 1 DAGs
[2023-03-04T13:10:07.111+0000] {logging_mixin.py:137} INFO - [2023-03-04T13:10:07.111+0000] {dag.py:3441} INFO - Setting next_dagrun for example_task_group to 2023-03-03T13:10:07.110580+00:00, run_after=2023-03-04T13:10:07.110580+00:00
[2023-03-04T13:10:07.129+0000] {processor.py:175} INFO - Processing /home/airflow/.local/lib/python3.7/site-packages/airflow/example_dags/example_task_group.py took 0.085 seconds
[2023-03-04T13:26:39.021+0000] {processor.py:153} INFO - Started process (PID=5555) to work on /home/airflow/.local/lib/python3.7/site-packages/airflow/example_dags/example_task_group.py
[2023-03-04T13:26:39.022+0000] {processor.py:743} INFO - Processing file /home/airflow/.local/lib/python3.7/site-packages/airflow/example_dags/example_task_group.py for tasks to queue
[2023-03-04T13:26:39.023+0000] {logging_mixin.py:137} INFO - [2023-03-04T13:26:39.023+0000] {dagbag.py:538} INFO - Filling up the DagBag from /home/airflow/.local/lib/python3.7/site-packages/airflow/example_dags/example_task_group.py
[2023-03-04T13:26:39.035+0000] {processor.py:753} INFO - DAG(s) dict_keys(['example_task_group']) retrieved from /home/airflow/.local/lib/python3.7/site-packages/airflow/example_dags/example_task_group.py
[2023-03-04T13:26:39.055+0000] {logging_mixin.py:137} INFO - [2023-03-04T13:26:39.055+0000] {dag.py:2690} INFO - Sync 1 DAGs
[2023-03-04T13:26:39.072+0000] {logging_mixin.py:137} INFO - [2023-03-04T13:26:39.072+0000] {dag.py:3441} INFO - Setting next_dagrun for example_task_group to 2023-03-03T13:26:39.072169+00:00, run_after=2023-03-04T13:26:39.072169+00:00
[2023-03-04T13:26:39.085+0000] {processor.py:175} INFO - Processing /home/airflow/.local/lib/python3.7/site-packages/airflow/example_dags/example_task_group.py took 0.067 seconds
[2023-03-04T13:40:41.125+0000] {processor.py:153} INFO - Started process (PID=5617) to work on /home/airflow/.local/lib/python3.7/site-packages/airflow/example_dags/example_task_group.py
[2023-03-04T13:40:41.127+0000] {processor.py:743} INFO - Processing file /home/airflow/.local/lib/python3.7/site-packages/airflow/example_dags/example_task_group.py for tasks to queue
[2023-03-04T13:40:41.128+0000] {logging_mixin.py:137} INFO - [2023-03-04T13:40:41.128+0000] {dagbag.py:538} INFO - Filling up the DagBag from /home/airflow/.local/lib/python3.7/site-packages/airflow/example_dags/example_task_group.py
[2023-03-04T13:40:41.142+0000] {processor.py:753} INFO - DAG(s) dict_keys(['example_task_group']) retrieved from /home/airflow/.local/lib/python3.7/site-packages/airflow/example_dags/example_task_group.py
[2023-03-04T13:40:41.166+0000] {logging_mixin.py:137} INFO - [2023-03-04T13:40:41.166+0000] {dag.py:2690} INFO - Sync 1 DAGs
[2023-03-04T13:40:41.212+0000] {logging_mixin.py:137} INFO - [2023-03-04T13:40:41.212+0000] {dag.py:3441} INFO - Setting next_dagrun for example_task_group to 2023-03-03T13:40:41.211570+00:00, run_after=2023-03-04T13:40:41.211570+00:00
[2023-03-04T13:40:41.248+0000] {processor.py:175} INFO - Processing /home/airflow/.local/lib/python3.7/site-packages/airflow/example_dags/example_task_group.py took 0.128 seconds
[2023-03-04T14:00:05.145+0000] {processor.py:153} INFO - Started process (PID=5680) to work on /home/airflow/.local/lib/python3.7/site-packages/airflow/example_dags/example_task_group.py
[2023-03-04T14:00:05.146+0000] {processor.py:743} INFO - Processing file /home/airflow/.local/lib/python3.7/site-packages/airflow/example_dags/example_task_group.py for tasks to queue
[2023-03-04T14:00:05.148+0000] {logging_mixin.py:137} INFO - [2023-03-04T14:00:05.148+0000] {dagbag.py:538} INFO - Filling up the DagBag from /home/airflow/.local/lib/python3.7/site-packages/airflow/example_dags/example_task_group.py
[2023-03-04T14:00:05.159+0000] {processor.py:753} INFO - DAG(s) dict_keys(['example_task_group']) retrieved from /home/airflow/.local/lib/python3.7/site-packages/airflow/example_dags/example_task_group.py
[2023-03-04T14:00:05.180+0000] {logging_mixin.py:137} INFO - [2023-03-04T14:00:05.180+0000] {dag.py:2690} INFO - Sync 1 DAGs
[2023-03-04T14:00:05.196+0000] {logging_mixin.py:137} INFO - [2023-03-04T14:00:05.196+0000] {dag.py:3441} INFO - Setting next_dagrun for example_task_group to 2023-03-03T14:00:05.196439+00:00, run_after=2023-03-04T14:00:05.196439+00:00
[2023-03-04T14:00:05.208+0000] {processor.py:175} INFO - Processing /home/airflow/.local/lib/python3.7/site-packages/airflow/example_dags/example_task_group.py took 0.066 seconds
[2023-03-04T14:50:41.103+0000] {processor.py:153} INFO - Started process (PID=5743) to work on /home/airflow/.local/lib/python3.7/site-packages/airflow/example_dags/example_task_group.py
[2023-03-04T14:50:41.105+0000] {processor.py:743} INFO - Processing file /home/airflow/.local/lib/python3.7/site-packages/airflow/example_dags/example_task_group.py for tasks to queue
[2023-03-04T14:50:41.106+0000] {logging_mixin.py:137} INFO - [2023-03-04T14:50:41.105+0000] {dagbag.py:538} INFO - Filling up the DagBag from /home/airflow/.local/lib/python3.7/site-packages/airflow/example_dags/example_task_group.py
[2023-03-04T14:50:41.120+0000] {processor.py:753} INFO - DAG(s) dict_keys(['example_task_group']) retrieved from /home/airflow/.local/lib/python3.7/site-packages/airflow/example_dags/example_task_group.py
[2023-03-04T14:50:41.142+0000] {logging_mixin.py:137} INFO - [2023-03-04T14:50:41.142+0000] {dag.py:2690} INFO - Sync 1 DAGs
[2023-03-04T14:50:41.158+0000] {logging_mixin.py:137} INFO - [2023-03-04T14:50:41.158+0000] {dag.py:3441} INFO - Setting next_dagrun for example_task_group to 2023-03-03T14:50:41.158355+00:00, run_after=2023-03-04T14:50:41.158355+00:00
[2023-03-04T14:50:41.172+0000] {processor.py:175} INFO - Processing /home/airflow/.local/lib/python3.7/site-packages/airflow/example_dags/example_task_group.py took 0.073 seconds
[2023-03-04T15:19:44.983+0000] {processor.py:153} INFO - Started process (PID=5818) to work on /home/airflow/.local/lib/python3.7/site-packages/airflow/example_dags/example_task_group.py
[2023-03-04T15:19:44.984+0000] {processor.py:743} INFO - Processing file /home/airflow/.local/lib/python3.7/site-packages/airflow/example_dags/example_task_group.py for tasks to queue
[2023-03-04T15:19:44.985+0000] {logging_mixin.py:137} INFO - [2023-03-04T15:19:44.985+0000] {dagbag.py:538} INFO - Filling up the DagBag from /home/airflow/.local/lib/python3.7/site-packages/airflow/example_dags/example_task_group.py
[2023-03-04T15:19:45.003+0000] {processor.py:753} INFO - DAG(s) dict_keys(['example_task_group']) retrieved from /home/airflow/.local/lib/python3.7/site-packages/airflow/example_dags/example_task_group.py
[2023-03-04T15:19:45.034+0000] {logging_mixin.py:137} INFO - [2023-03-04T15:19:45.034+0000] {dag.py:2690} INFO - Sync 1 DAGs
[2023-03-04T15:19:45.062+0000] {logging_mixin.py:137} INFO - [2023-03-04T15:19:45.062+0000] {dag.py:3441} INFO - Setting next_dagrun for example_task_group to 2023-03-03T15:19:45.062267+00:00, run_after=2023-03-04T15:19:45.062267+00:00
[2023-03-04T15:19:45.079+0000] {processor.py:175} INFO - Processing /home/airflow/.local/lib/python3.7/site-packages/airflow/example_dags/example_task_group.py took 0.100 seconds
[2023-03-04T15:27:09.656+0000] {processor.py:153} INFO - Started process (PID=5889) to work on /home/airflow/.local/lib/python3.7/site-packages/airflow/example_dags/example_task_group.py
[2023-03-04T15:27:09.682+0000] {processor.py:743} INFO - Processing file /home/airflow/.local/lib/python3.7/site-packages/airflow/example_dags/example_task_group.py for tasks to queue
[2023-03-04T15:27:09.697+0000] {logging_mixin.py:137} INFO - [2023-03-04T15:27:09.697+0000] {dagbag.py:538} INFO - Filling up the DagBag from /home/airflow/.local/lib/python3.7/site-packages/airflow/example_dags/example_task_group.py
[2023-03-04T15:27:09.926+0000] {processor.py:753} INFO - DAG(s) dict_keys(['example_task_group']) retrieved from /home/airflow/.local/lib/python3.7/site-packages/airflow/example_dags/example_task_group.py
[2023-03-04T15:27:10.565+0000] {logging_mixin.py:137} INFO - [2023-03-04T15:27:10.564+0000] {dag.py:2690} INFO - Sync 1 DAGs
[2023-03-04T15:27:10.870+0000] {logging_mixin.py:137} INFO - [2023-03-04T15:27:10.869+0000] {dag.py:3441} INFO - Setting next_dagrun for example_task_group to 2023-03-03T15:27:10.863568+00:00, run_after=2023-03-04T15:27:10.863568+00:00
[2023-03-04T15:27:11.062+0000] {processor.py:175} INFO - Processing /home/airflow/.local/lib/python3.7/site-packages/airflow/example_dags/example_task_group.py took 1.423 seconds
[2023-03-04T16:21:42.935+0000] {processor.py:153} INFO - Started process (PID=5931) to work on /home/airflow/.local/lib/python3.7/site-packages/airflow/example_dags/example_task_group.py
[2023-03-04T16:21:42.939+0000] {processor.py:743} INFO - Processing file /home/airflow/.local/lib/python3.7/site-packages/airflow/example_dags/example_task_group.py for tasks to queue
[2023-03-04T16:21:42.941+0000] {logging_mixin.py:137} INFO - [2023-03-04T16:21:42.940+0000] {dagbag.py:538} INFO - Filling up the DagBag from /home/airflow/.local/lib/python3.7/site-packages/airflow/example_dags/example_task_group.py
[2023-03-04T16:21:42.958+0000] {processor.py:753} INFO - DAG(s) dict_keys(['example_task_group']) retrieved from /home/airflow/.local/lib/python3.7/site-packages/airflow/example_dags/example_task_group.py
[2023-03-04T16:21:42.980+0000] {logging_mixin.py:137} INFO - [2023-03-04T16:21:42.980+0000] {dag.py:2690} INFO - Sync 1 DAGs
[2023-03-04T16:21:43.016+0000] {logging_mixin.py:137} INFO - [2023-03-04T16:21:43.016+0000] {dag.py:3441} INFO - Setting next_dagrun for example_task_group to 2023-03-03T16:21:43.015911+00:00, run_after=2023-03-04T16:21:43.015911+00:00
[2023-03-04T16:21:43.035+0000] {processor.py:175} INFO - Processing /home/airflow/.local/lib/python3.7/site-packages/airflow/example_dags/example_task_group.py took 0.105 seconds
[2023-03-04T17:17:19.235+0000] {processor.py:153} INFO - Started process (PID=5989) to work on /home/airflow/.local/lib/python3.7/site-packages/airflow/example_dags/example_task_group.py
[2023-03-04T17:17:19.238+0000] {processor.py:743} INFO - Processing file /home/airflow/.local/lib/python3.7/site-packages/airflow/example_dags/example_task_group.py for tasks to queue
[2023-03-04T17:17:19.240+0000] {logging_mixin.py:137} INFO - [2023-03-04T17:17:19.240+0000] {dagbag.py:538} INFO - Filling up the DagBag from /home/airflow/.local/lib/python3.7/site-packages/airflow/example_dags/example_task_group.py
[2023-03-04T17:17:19.260+0000] {processor.py:753} INFO - DAG(s) dict_keys(['example_task_group']) retrieved from /home/airflow/.local/lib/python3.7/site-packages/airflow/example_dags/example_task_group.py
[2023-03-04T17:17:19.297+0000] {logging_mixin.py:137} INFO - [2023-03-04T17:17:19.297+0000] {dag.py:2690} INFO - Sync 1 DAGs
[2023-03-04T17:17:19.334+0000] {logging_mixin.py:137} INFO - [2023-03-04T17:17:19.334+0000] {dag.py:3441} INFO - Setting next_dagrun for example_task_group to 2023-03-03T17:17:19.333696+00:00, run_after=2023-03-04T17:17:19.333696+00:00
[2023-03-04T17:17:19.350+0000] {processor.py:175} INFO - Processing /home/airflow/.local/lib/python3.7/site-packages/airflow/example_dags/example_task_group.py took 0.121 seconds
[2023-03-04T18:30:32.457+0000] {processor.py:153} INFO - Started process (PID=6052) to work on /home/airflow/.local/lib/python3.7/site-packages/airflow/example_dags/example_task_group.py
[2023-03-04T18:30:32.460+0000] {processor.py:743} INFO - Processing file /home/airflow/.local/lib/python3.7/site-packages/airflow/example_dags/example_task_group.py for tasks to queue
[2023-03-04T18:30:32.465+0000] {logging_mixin.py:137} INFO - [2023-03-04T18:30:32.465+0000] {dagbag.py:538} INFO - Filling up the DagBag from /home/airflow/.local/lib/python3.7/site-packages/airflow/example_dags/example_task_group.py
[2023-03-04T18:30:32.506+0000] {processor.py:753} INFO - DAG(s) dict_keys(['example_task_group']) retrieved from /home/airflow/.local/lib/python3.7/site-packages/airflow/example_dags/example_task_group.py
[2023-03-04T18:30:32.536+0000] {logging_mixin.py:137} INFO - [2023-03-04T18:30:32.535+0000] {dag.py:2690} INFO - Sync 1 DAGs
[2023-03-04T18:30:32.562+0000] {logging_mixin.py:137} INFO - [2023-03-04T18:30:32.561+0000] {dag.py:3441} INFO - Setting next_dagrun for example_task_group to 2023-03-03T18:30:32.561585+00:00, run_after=2023-03-04T18:30:32.561585+00:00
[2023-03-04T18:30:32.581+0000] {processor.py:175} INFO - Processing /home/airflow/.local/lib/python3.7/site-packages/airflow/example_dags/example_task_group.py took 0.129 seconds
[2023-03-04T19:34:54.748+0000] {processor.py:153} INFO - Started process (PID=6128) to work on /home/airflow/.local/lib/python3.7/site-packages/airflow/example_dags/example_task_group.py
[2023-03-04T19:34:54.750+0000] {processor.py:743} INFO - Processing file /home/airflow/.local/lib/python3.7/site-packages/airflow/example_dags/example_task_group.py for tasks to queue
[2023-03-04T19:34:54.751+0000] {logging_mixin.py:137} INFO - [2023-03-04T19:34:54.751+0000] {dagbag.py:538} INFO - Filling up the DagBag from /home/airflow/.local/lib/python3.7/site-packages/airflow/example_dags/example_task_group.py
[2023-03-04T19:34:54.777+0000] {processor.py:753} INFO - DAG(s) dict_keys(['example_task_group']) retrieved from /home/airflow/.local/lib/python3.7/site-packages/airflow/example_dags/example_task_group.py
[2023-03-04T19:34:54.810+0000] {logging_mixin.py:137} INFO - [2023-03-04T19:34:54.810+0000] {dag.py:2690} INFO - Sync 1 DAGs
[2023-03-04T19:34:54.836+0000] {logging_mixin.py:137} INFO - [2023-03-04T19:34:54.836+0000] {dag.py:3441} INFO - Setting next_dagrun for example_task_group to 2023-03-03T19:34:54.835868+00:00, run_after=2023-03-04T19:34:54.835868+00:00
[2023-03-04T19:34:54.853+0000] {processor.py:175} INFO - Processing /home/airflow/.local/lib/python3.7/site-packages/airflow/example_dags/example_task_group.py took 0.110 seconds
[2023-03-04T20:25:43.692+0000] {processor.py:153} INFO - Started process (PID=6192) to work on /home/airflow/.local/lib/python3.7/site-packages/airflow/example_dags/example_task_group.py
[2023-03-04T20:25:43.695+0000] {processor.py:743} INFO - Processing file /home/airflow/.local/lib/python3.7/site-packages/airflow/example_dags/example_task_group.py for tasks to queue
[2023-03-04T20:25:43.697+0000] {logging_mixin.py:137} INFO - [2023-03-04T20:25:43.697+0000] {dagbag.py:538} INFO - Filling up the DagBag from /home/airflow/.local/lib/python3.7/site-packages/airflow/example_dags/example_task_group.py
[2023-03-04T20:25:43.720+0000] {processor.py:753} INFO - DAG(s) dict_keys(['example_task_group']) retrieved from /home/airflow/.local/lib/python3.7/site-packages/airflow/example_dags/example_task_group.py
[2023-03-04T20:25:43.750+0000] {logging_mixin.py:137} INFO - [2023-03-04T20:25:43.750+0000] {dag.py:2690} INFO - Sync 1 DAGs
[2023-03-04T20:25:43.773+0000] {logging_mixin.py:137} INFO - [2023-03-04T20:25:43.773+0000] {dag.py:3441} INFO - Setting next_dagrun for example_task_group to 2023-03-03T20:25:43.773368+00:00, run_after=2023-03-04T20:25:43.773368+00:00
[2023-03-04T20:25:43.810+0000] {processor.py:175} INFO - Processing /home/airflow/.local/lib/python3.7/site-packages/airflow/example_dags/example_task_group.py took 0.122 seconds
[2023-03-04T21:17:48.132+0000] {processor.py:153} INFO - Started process (PID=6255) to work on /home/airflow/.local/lib/python3.7/site-packages/airflow/example_dags/example_task_group.py
[2023-03-04T21:17:48.134+0000] {processor.py:743} INFO - Processing file /home/airflow/.local/lib/python3.7/site-packages/airflow/example_dags/example_task_group.py for tasks to queue
[2023-03-04T21:17:48.135+0000] {logging_mixin.py:137} INFO - [2023-03-04T21:17:48.135+0000] {dagbag.py:538} INFO - Filling up the DagBag from /home/airflow/.local/lib/python3.7/site-packages/airflow/example_dags/example_task_group.py
[2023-03-04T21:17:48.147+0000] {processor.py:753} INFO - DAG(s) dict_keys(['example_task_group']) retrieved from /home/airflow/.local/lib/python3.7/site-packages/airflow/example_dags/example_task_group.py
[2023-03-04T21:17:48.171+0000] {logging_mixin.py:137} INFO - [2023-03-04T21:17:48.171+0000] {dag.py:2690} INFO - Sync 1 DAGs
[2023-03-04T21:17:48.190+0000] {logging_mixin.py:137} INFO - [2023-03-04T21:17:48.190+0000] {dag.py:3441} INFO - Setting next_dagrun for example_task_group to 2023-03-03T21:17:48.189940+00:00, run_after=2023-03-04T21:17:48.189940+00:00
[2023-03-04T21:17:48.203+0000] {processor.py:175} INFO - Processing /home/airflow/.local/lib/python3.7/site-packages/airflow/example_dags/example_task_group.py took 0.074 seconds
[2023-03-04T22:18:16.327+0000] {processor.py:153} INFO - Started process (PID=6319) to work on /home/airflow/.local/lib/python3.7/site-packages/airflow/example_dags/example_task_group.py
[2023-03-04T22:18:16.336+0000] {processor.py:743} INFO - Processing file /home/airflow/.local/lib/python3.7/site-packages/airflow/example_dags/example_task_group.py for tasks to queue
[2023-03-04T22:18:16.338+0000] {logging_mixin.py:137} INFO - [2023-03-04T22:18:16.338+0000] {dagbag.py:538} INFO - Filling up the DagBag from /home/airflow/.local/lib/python3.7/site-packages/airflow/example_dags/example_task_group.py
[2023-03-04T22:18:16.362+0000] {processor.py:753} INFO - DAG(s) dict_keys(['example_task_group']) retrieved from /home/airflow/.local/lib/python3.7/site-packages/airflow/example_dags/example_task_group.py
[2023-03-04T22:18:16.411+0000] {logging_mixin.py:137} INFO - [2023-03-04T22:18:16.411+0000] {dag.py:2690} INFO - Sync 1 DAGs
[2023-03-04T22:18:16.432+0000] {logging_mixin.py:137} INFO - [2023-03-04T22:18:16.432+0000] {dag.py:3441} INFO - Setting next_dagrun for example_task_group to 2023-03-03T22:18:16.432511+00:00, run_after=2023-03-04T22:18:16.432511+00:00
[2023-03-04T22:18:16.446+0000] {processor.py:175} INFO - Processing /home/airflow/.local/lib/python3.7/site-packages/airflow/example_dags/example_task_group.py took 0.124 seconds
[2023-03-04T23:42:21.973+0000] {processor.py:153} INFO - Started process (PID=6382) to work on /home/airflow/.local/lib/python3.7/site-packages/airflow/example_dags/example_task_group.py
[2023-03-04T23:42:21.974+0000] {processor.py:743} INFO - Processing file /home/airflow/.local/lib/python3.7/site-packages/airflow/example_dags/example_task_group.py for tasks to queue
[2023-03-04T23:42:21.975+0000] {logging_mixin.py:137} INFO - [2023-03-04T23:42:21.975+0000] {dagbag.py:538} INFO - Filling up the DagBag from /home/airflow/.local/lib/python3.7/site-packages/airflow/example_dags/example_task_group.py
[2023-03-04T23:42:21.995+0000] {processor.py:753} INFO - DAG(s) dict_keys(['example_task_group']) retrieved from /home/airflow/.local/lib/python3.7/site-packages/airflow/example_dags/example_task_group.py
[2023-03-04T23:42:22.044+0000] {logging_mixin.py:137} INFO - [2023-03-04T23:42:22.044+0000] {dag.py:2690} INFO - Sync 1 DAGs
[2023-03-04T23:42:22.073+0000] {logging_mixin.py:137} INFO - [2023-03-04T23:42:22.073+0000] {dag.py:3441} INFO - Setting next_dagrun for example_task_group to 2023-03-03T23:42:22.073364+00:00, run_after=2023-03-04T23:42:22.073364+00:00
[2023-03-04T23:42:22.111+0000] {processor.py:175} INFO - Processing /home/airflow/.local/lib/python3.7/site-packages/airflow/example_dags/example_task_group.py took 0.142 seconds
