[2023-03-04T06:33:24.002+0000] {processor.py:153} INFO - Started process (PID=4717) to work on /home/airflow/.local/lib/python3.7/site-packages/airflow/example_dags/example_subdag_operator.py
[2023-03-04T06:33:24.039+0000] {processor.py:743} INFO - Processing file /home/airflow/.local/lib/python3.7/site-packages/airflow/example_dags/example_subdag_operator.py for tasks to queue
[2023-03-04T06:33:24.061+0000] {logging_mixin.py:137} INFO - [2023-03-04T06:33:24.060+0000] {dagbag.py:538} INFO - Filling up the DagBag from /home/airflow/.local/lib/python3.7/site-packages/airflow/example_dags/example_subdag_operator.py
[2023-03-04T06:33:25.055+0000] {processor.py:753} INFO - DAG(s) dict_keys(['example_subdag_operator.section-1', 'example_subdag_operator.section-2', 'example_subdag_operator']) retrieved from /home/airflow/.local/lib/python3.7/site-packages/airflow/example_dags/example_subdag_operator.py
[2023-03-04T06:33:25.868+0000] {logging_mixin.py:137} INFO - [2023-03-04T06:33:25.865+0000] {dag.py:2690} INFO - Sync 3 DAGs
[2023-03-04T06:33:26.128+0000] {logging_mixin.py:137} INFO - [2023-03-04T06:33:26.126+0000] {dag.py:3441} INFO - Setting next_dagrun for example_subdag_operator to 2022-01-01T00:00:00+00:00, run_after=2022-01-01T00:00:00+00:00
[2023-03-04T06:33:26.204+0000] {logging_mixin.py:137} INFO - [2023-03-04T06:33:26.204+0000] {dag.py:3441} INFO - Setting next_dagrun for example_subdag_operator.section-1 to None, run_after=None
[2023-03-04T06:33:26.222+0000] {logging_mixin.py:137} INFO - [2023-03-04T06:33:26.221+0000] {dag.py:3441} INFO - Setting next_dagrun for example_subdag_operator.section-2 to None, run_after=None
[2023-03-04T06:33:26.372+0000] {logging_mixin.py:137} INFO - [2023-03-04T06:33:26.372+0000] {dag.py:2690} INFO - Sync 2 DAGs
[2023-03-04T06:33:26.404+0000] {logging_mixin.py:137} INFO - [2023-03-04T06:33:26.403+0000] {dag.py:3441} INFO - Setting next_dagrun for example_subdag_operator.section-1 to None, run_after=None
[2023-03-04T06:33:26.407+0000] {logging_mixin.py:137} INFO - [2023-03-04T06:33:26.407+0000] {dag.py:3441} INFO - Setting next_dagrun for example_subdag_operator.section-2 to None, run_after=None
[2023-03-04T06:33:26.486+0000] {processor.py:175} INFO - Processing /home/airflow/.local/lib/python3.7/site-packages/airflow/example_dags/example_subdag_operator.py took 2.793 seconds
[2023-03-04T07:05:57.066+0000] {processor.py:153} INFO - Started process (PID=4781) to work on /home/airflow/.local/lib/python3.7/site-packages/airflow/example_dags/example_subdag_operator.py
[2023-03-04T07:05:57.068+0000] {processor.py:743} INFO - Processing file /home/airflow/.local/lib/python3.7/site-packages/airflow/example_dags/example_subdag_operator.py for tasks to queue
[2023-03-04T07:05:57.069+0000] {logging_mixin.py:137} INFO - [2023-03-04T07:05:57.069+0000] {dagbag.py:538} INFO - Filling up the DagBag from /home/airflow/.local/lib/python3.7/site-packages/airflow/example_dags/example_subdag_operator.py
[2023-03-04T07:05:57.167+0000] {processor.py:753} INFO - DAG(s) dict_keys(['example_subdag_operator.section-1', 'example_subdag_operator.section-2', 'example_subdag_operator']) retrieved from /home/airflow/.local/lib/python3.7/site-packages/airflow/example_dags/example_subdag_operator.py
[2023-03-04T07:05:57.193+0000] {logging_mixin.py:137} INFO - [2023-03-04T07:05:57.193+0000] {dag.py:2690} INFO - Sync 3 DAGs
[2023-03-04T07:05:57.236+0000] {logging_mixin.py:137} INFO - [2023-03-04T07:05:57.236+0000] {dag.py:3441} INFO - Setting next_dagrun for example_subdag_operator to 2022-01-01T00:00:00+00:00, run_after=2022-01-01T00:00:00+00:00
[2023-03-04T07:05:57.245+0000] {logging_mixin.py:137} INFO - [2023-03-04T07:05:57.245+0000] {dag.py:3441} INFO - Setting next_dagrun for example_subdag_operator.section-1 to None, run_after=None
[2023-03-04T07:05:57.253+0000] {logging_mixin.py:137} INFO - [2023-03-04T07:05:57.253+0000] {dag.py:3441} INFO - Setting next_dagrun for example_subdag_operator.section-2 to None, run_after=None
[2023-03-04T07:05:57.272+0000] {logging_mixin.py:137} INFO - [2023-03-04T07:05:57.272+0000] {dag.py:2690} INFO - Sync 2 DAGs
[2023-03-04T07:05:57.292+0000] {logging_mixin.py:137} INFO - [2023-03-04T07:05:57.292+0000] {dag.py:3441} INFO - Setting next_dagrun for example_subdag_operator.section-1 to None, run_after=None
[2023-03-04T07:05:57.299+0000] {logging_mixin.py:137} INFO - [2023-03-04T07:05:57.299+0000] {dag.py:3441} INFO - Setting next_dagrun for example_subdag_operator.section-2 to None, run_after=None
[2023-03-04T07:05:57.321+0000] {processor.py:175} INFO - Processing /home/airflow/.local/lib/python3.7/site-packages/airflow/example_dags/example_subdag_operator.py took 0.259 seconds
[2023-03-04T07:37:54.218+0000] {processor.py:153} INFO - Started process (PID=4834) to work on /home/airflow/.local/lib/python3.7/site-packages/airflow/example_dags/example_subdag_operator.py
[2023-03-04T07:37:54.219+0000] {processor.py:743} INFO - Processing file /home/airflow/.local/lib/python3.7/site-packages/airflow/example_dags/example_subdag_operator.py for tasks to queue
[2023-03-04T07:37:54.220+0000] {logging_mixin.py:137} INFO - [2023-03-04T07:37:54.220+0000] {dagbag.py:538} INFO - Filling up the DagBag from /home/airflow/.local/lib/python3.7/site-packages/airflow/example_dags/example_subdag_operator.py
[2023-03-04T07:37:54.249+0000] {processor.py:753} INFO - DAG(s) dict_keys(['example_subdag_operator.section-1', 'example_subdag_operator.section-2', 'example_subdag_operator']) retrieved from /home/airflow/.local/lib/python3.7/site-packages/airflow/example_dags/example_subdag_operator.py
[2023-03-04T07:37:54.272+0000] {logging_mixin.py:137} INFO - [2023-03-04T07:37:54.272+0000] {dag.py:2690} INFO - Sync 3 DAGs
[2023-03-04T07:37:54.293+0000] {logging_mixin.py:137} INFO - [2023-03-04T07:37:54.293+0000] {dag.py:3441} INFO - Setting next_dagrun for example_subdag_operator to 2022-01-01T00:00:00+00:00, run_after=2022-01-01T00:00:00+00:00
[2023-03-04T07:37:54.296+0000] {logging_mixin.py:137} INFO - [2023-03-04T07:37:54.296+0000] {dag.py:3441} INFO - Setting next_dagrun for example_subdag_operator.section-1 to None, run_after=None
[2023-03-04T07:37:54.297+0000] {logging_mixin.py:137} INFO - [2023-03-04T07:37:54.297+0000] {dag.py:3441} INFO - Setting next_dagrun for example_subdag_operator.section-2 to None, run_after=None
[2023-03-04T07:37:54.303+0000] {logging_mixin.py:137} INFO - [2023-03-04T07:37:54.303+0000] {dag.py:2690} INFO - Sync 2 DAGs
[2023-03-04T07:37:54.307+0000] {logging_mixin.py:137} INFO - [2023-03-04T07:37:54.307+0000] {dag.py:3441} INFO - Setting next_dagrun for example_subdag_operator.section-1 to None, run_after=None
[2023-03-04T07:37:54.307+0000] {logging_mixin.py:137} INFO - [2023-03-04T07:37:54.307+0000] {dag.py:3441} INFO - Setting next_dagrun for example_subdag_operator.section-2 to None, run_after=None
[2023-03-04T07:37:54.315+0000] {processor.py:175} INFO - Processing /home/airflow/.local/lib/python3.7/site-packages/airflow/example_dags/example_subdag_operator.py took 0.100 seconds
[2023-03-04T07:43:52.996+0000] {processor.py:153} INFO - Started process (PID=4897) to work on /home/airflow/.local/lib/python3.7/site-packages/airflow/example_dags/example_subdag_operator.py
[2023-03-04T07:43:52.997+0000] {processor.py:743} INFO - Processing file /home/airflow/.local/lib/python3.7/site-packages/airflow/example_dags/example_subdag_operator.py for tasks to queue
[2023-03-04T07:43:52.998+0000] {logging_mixin.py:137} INFO - [2023-03-04T07:43:52.998+0000] {dagbag.py:538} INFO - Filling up the DagBag from /home/airflow/.local/lib/python3.7/site-packages/airflow/example_dags/example_subdag_operator.py
[2023-03-04T07:43:53.069+0000] {processor.py:753} INFO - DAG(s) dict_keys(['example_subdag_operator.section-1', 'example_subdag_operator.section-2', 'example_subdag_operator']) retrieved from /home/airflow/.local/lib/python3.7/site-packages/airflow/example_dags/example_subdag_operator.py
[2023-03-04T07:43:53.108+0000] {logging_mixin.py:137} INFO - [2023-03-04T07:43:53.108+0000] {dag.py:2690} INFO - Sync 3 DAGs
[2023-03-04T07:43:53.151+0000] {logging_mixin.py:137} INFO - [2023-03-04T07:43:53.151+0000] {dag.py:3441} INFO - Setting next_dagrun for example_subdag_operator to 2022-01-01T00:00:00+00:00, run_after=2022-01-01T00:00:00+00:00
[2023-03-04T07:43:53.158+0000] {logging_mixin.py:137} INFO - [2023-03-04T07:43:53.158+0000] {dag.py:3441} INFO - Setting next_dagrun for example_subdag_operator.section-1 to None, run_after=None
[2023-03-04T07:43:53.162+0000] {logging_mixin.py:137} INFO - [2023-03-04T07:43:53.161+0000] {dag.py:3441} INFO - Setting next_dagrun for example_subdag_operator.section-2 to None, run_after=None
[2023-03-04T07:43:53.169+0000] {logging_mixin.py:137} INFO - [2023-03-04T07:43:53.169+0000] {dag.py:2690} INFO - Sync 2 DAGs
[2023-03-04T07:43:53.175+0000] {logging_mixin.py:137} INFO - [2023-03-04T07:43:53.175+0000] {dag.py:3441} INFO - Setting next_dagrun for example_subdag_operator.section-1 to None, run_after=None
[2023-03-04T07:43:53.176+0000] {logging_mixin.py:137} INFO - [2023-03-04T07:43:53.176+0000] {dag.py:3441} INFO - Setting next_dagrun for example_subdag_operator.section-2 to None, run_after=None
[2023-03-04T07:43:53.198+0000] {processor.py:175} INFO - Processing /home/airflow/.local/lib/python3.7/site-packages/airflow/example_dags/example_subdag_operator.py took 0.206 seconds
[2023-03-04T09:08:15.053+0000] {processor.py:153} INFO - Started process (PID=4972) to work on /home/airflow/.local/lib/python3.7/site-packages/airflow/example_dags/example_subdag_operator.py
[2023-03-04T09:08:15.062+0000] {processor.py:743} INFO - Processing file /home/airflow/.local/lib/python3.7/site-packages/airflow/example_dags/example_subdag_operator.py for tasks to queue
[2023-03-04T09:08:15.068+0000] {logging_mixin.py:137} INFO - [2023-03-04T09:08:15.067+0000] {dagbag.py:538} INFO - Filling up the DagBag from /home/airflow/.local/lib/python3.7/site-packages/airflow/example_dags/example_subdag_operator.py
[2023-03-04T09:08:15.119+0000] {processor.py:753} INFO - DAG(s) dict_keys(['example_subdag_operator.section-1', 'example_subdag_operator.section-2', 'example_subdag_operator']) retrieved from /home/airflow/.local/lib/python3.7/site-packages/airflow/example_dags/example_subdag_operator.py
[2023-03-04T09:08:15.135+0000] {logging_mixin.py:137} INFO - [2023-03-04T09:08:15.135+0000] {dag.py:2690} INFO - Sync 3 DAGs
[2023-03-04T09:08:15.164+0000] {logging_mixin.py:137} INFO - [2023-03-04T09:08:15.164+0000] {dag.py:3441} INFO - Setting next_dagrun for example_subdag_operator to 2022-01-01T00:00:00+00:00, run_after=2022-01-01T00:00:00+00:00
[2023-03-04T09:08:15.167+0000] {logging_mixin.py:137} INFO - [2023-03-04T09:08:15.167+0000] {dag.py:3441} INFO - Setting next_dagrun for example_subdag_operator.section-1 to None, run_after=None
[2023-03-04T09:08:15.169+0000] {logging_mixin.py:137} INFO - [2023-03-04T09:08:15.169+0000] {dag.py:3441} INFO - Setting next_dagrun for example_subdag_operator.section-2 to None, run_after=None
[2023-03-04T09:08:15.175+0000] {logging_mixin.py:137} INFO - [2023-03-04T09:08:15.175+0000] {dag.py:2690} INFO - Sync 2 DAGs
[2023-03-04T09:08:15.180+0000] {logging_mixin.py:137} INFO - [2023-03-04T09:08:15.180+0000] {dag.py:3441} INFO - Setting next_dagrun for example_subdag_operator.section-1 to None, run_after=None
[2023-03-04T09:08:15.182+0000] {logging_mixin.py:137} INFO - [2023-03-04T09:08:15.182+0000] {dag.py:3441} INFO - Setting next_dagrun for example_subdag_operator.section-2 to None, run_after=None
[2023-03-04T09:08:15.195+0000] {processor.py:175} INFO - Processing /home/airflow/.local/lib/python3.7/site-packages/airflow/example_dags/example_subdag_operator.py took 0.148 seconds
[2023-03-04T10:01:50.015+0000] {processor.py:153} INFO - Started process (PID=5035) to work on /home/airflow/.local/lib/python3.7/site-packages/airflow/example_dags/example_subdag_operator.py
[2023-03-04T10:01:50.018+0000] {processor.py:743} INFO - Processing file /home/airflow/.local/lib/python3.7/site-packages/airflow/example_dags/example_subdag_operator.py for tasks to queue
[2023-03-04T10:01:50.021+0000] {logging_mixin.py:137} INFO - [2023-03-04T10:01:50.021+0000] {dagbag.py:538} INFO - Filling up the DagBag from /home/airflow/.local/lib/python3.7/site-packages/airflow/example_dags/example_subdag_operator.py
[2023-03-04T10:01:50.071+0000] {processor.py:753} INFO - DAG(s) dict_keys(['example_subdag_operator.section-1', 'example_subdag_operator.section-2', 'example_subdag_operator']) retrieved from /home/airflow/.local/lib/python3.7/site-packages/airflow/example_dags/example_subdag_operator.py
[2023-03-04T10:01:50.823+0000] {logging_mixin.py:137} INFO - [2023-03-04T10:01:50.822+0000] {dag.py:2690} INFO - Sync 3 DAGs
[2023-03-04T10:01:50.935+0000] {logging_mixin.py:137} INFO - [2023-03-04T10:01:50.934+0000] {dag.py:3441} INFO - Setting next_dagrun for example_subdag_operator to 2022-01-01T00:00:00+00:00, run_after=2022-01-01T00:00:00+00:00
[2023-03-04T10:01:50.945+0000] {logging_mixin.py:137} INFO - [2023-03-04T10:01:50.945+0000] {dag.py:3441} INFO - Setting next_dagrun for example_subdag_operator.section-1 to None, run_after=None
[2023-03-04T10:01:50.948+0000] {logging_mixin.py:137} INFO - [2023-03-04T10:01:50.948+0000] {dag.py:3441} INFO - Setting next_dagrun for example_subdag_operator.section-2 to None, run_after=None
[2023-03-04T10:01:50.962+0000] {logging_mixin.py:137} INFO - [2023-03-04T10:01:50.962+0000] {dag.py:2690} INFO - Sync 2 DAGs
[2023-03-04T10:01:50.970+0000] {logging_mixin.py:137} INFO - [2023-03-04T10:01:50.970+0000] {dag.py:3441} INFO - Setting next_dagrun for example_subdag_operator.section-1 to None, run_after=None
[2023-03-04T10:01:50.971+0000] {logging_mixin.py:137} INFO - [2023-03-04T10:01:50.971+0000] {dag.py:3441} INFO - Setting next_dagrun for example_subdag_operator.section-2 to None, run_after=None
[2023-03-04T10:01:50.994+0000] {processor.py:175} INFO - Processing /home/airflow/.local/lib/python3.7/site-packages/airflow/example_dags/example_subdag_operator.py took 0.984 seconds
[2023-03-04T10:51:24.503+0000] {processor.py:153} INFO - Started process (PID=5097) to work on /home/airflow/.local/lib/python3.7/site-packages/airflow/example_dags/example_subdag_operator.py
[2023-03-04T10:51:24.505+0000] {processor.py:743} INFO - Processing file /home/airflow/.local/lib/python3.7/site-packages/airflow/example_dags/example_subdag_operator.py for tasks to queue
[2023-03-04T10:51:24.506+0000] {logging_mixin.py:137} INFO - [2023-03-04T10:51:24.506+0000] {dagbag.py:538} INFO - Filling up the DagBag from /home/airflow/.local/lib/python3.7/site-packages/airflow/example_dags/example_subdag_operator.py
[2023-03-04T10:51:24.634+0000] {processor.py:753} INFO - DAG(s) dict_keys(['example_subdag_operator.section-1', 'example_subdag_operator.section-2', 'example_subdag_operator']) retrieved from /home/airflow/.local/lib/python3.7/site-packages/airflow/example_dags/example_subdag_operator.py
[2023-03-04T10:51:24.690+0000] {logging_mixin.py:137} INFO - [2023-03-04T10:51:24.690+0000] {dag.py:2690} INFO - Sync 3 DAGs
[2023-03-04T10:51:24.736+0000] {logging_mixin.py:137} INFO - [2023-03-04T10:51:24.736+0000] {dag.py:3441} INFO - Setting next_dagrun for example_subdag_operator to 2022-01-01T00:00:00+00:00, run_after=2022-01-01T00:00:00+00:00
[2023-03-04T10:51:24.740+0000] {logging_mixin.py:137} INFO - [2023-03-04T10:51:24.740+0000] {dag.py:3441} INFO - Setting next_dagrun for example_subdag_operator.section-1 to None, run_after=None
[2023-03-04T10:51:24.743+0000] {logging_mixin.py:137} INFO - [2023-03-04T10:51:24.742+0000] {dag.py:3441} INFO - Setting next_dagrun for example_subdag_operator.section-2 to None, run_after=None
[2023-03-04T10:51:24.751+0000] {logging_mixin.py:137} INFO - [2023-03-04T10:51:24.751+0000] {dag.py:2690} INFO - Sync 2 DAGs
[2023-03-04T10:51:24.758+0000] {logging_mixin.py:137} INFO - [2023-03-04T10:51:24.758+0000] {dag.py:3441} INFO - Setting next_dagrun for example_subdag_operator.section-1 to None, run_after=None
[2023-03-04T10:51:24.759+0000] {logging_mixin.py:137} INFO - [2023-03-04T10:51:24.759+0000] {dag.py:3441} INFO - Setting next_dagrun for example_subdag_operator.section-2 to None, run_after=None
[2023-03-04T10:51:24.782+0000] {processor.py:175} INFO - Processing /home/airflow/.local/lib/python3.7/site-packages/airflow/example_dags/example_subdag_operator.py took 0.286 seconds
[2023-03-04T11:12:02.258+0000] {processor.py:153} INFO - Started process (PID=5160) to work on /home/airflow/.local/lib/python3.7/site-packages/airflow/example_dags/example_subdag_operator.py
[2023-03-04T11:12:02.260+0000] {processor.py:743} INFO - Processing file /home/airflow/.local/lib/python3.7/site-packages/airflow/example_dags/example_subdag_operator.py for tasks to queue
[2023-03-04T11:12:02.261+0000] {logging_mixin.py:137} INFO - [2023-03-04T11:12:02.261+0000] {dagbag.py:538} INFO - Filling up the DagBag from /home/airflow/.local/lib/python3.7/site-packages/airflow/example_dags/example_subdag_operator.py
[2023-03-04T11:12:02.294+0000] {processor.py:753} INFO - DAG(s) dict_keys(['example_subdag_operator.section-1', 'example_subdag_operator.section-2', 'example_subdag_operator']) retrieved from /home/airflow/.local/lib/python3.7/site-packages/airflow/example_dags/example_subdag_operator.py
[2023-03-04T11:12:02.318+0000] {logging_mixin.py:137} INFO - [2023-03-04T11:12:02.318+0000] {dag.py:2690} INFO - Sync 3 DAGs
[2023-03-04T11:12:02.361+0000] {logging_mixin.py:137} INFO - [2023-03-04T11:12:02.361+0000] {dag.py:3441} INFO - Setting next_dagrun for example_subdag_operator to 2022-01-01T00:00:00+00:00, run_after=2022-01-01T00:00:00+00:00
[2023-03-04T11:12:02.365+0000] {logging_mixin.py:137} INFO - [2023-03-04T11:12:02.365+0000] {dag.py:3441} INFO - Setting next_dagrun for example_subdag_operator.section-1 to None, run_after=None
[2023-03-04T11:12:02.366+0000] {logging_mixin.py:137} INFO - [2023-03-04T11:12:02.366+0000] {dag.py:3441} INFO - Setting next_dagrun for example_subdag_operator.section-2 to None, run_after=None
[2023-03-04T11:12:02.372+0000] {logging_mixin.py:137} INFO - [2023-03-04T11:12:02.372+0000] {dag.py:2690} INFO - Sync 2 DAGs
[2023-03-04T11:12:02.380+0000] {logging_mixin.py:137} INFO - [2023-03-04T11:12:02.380+0000] {dag.py:3441} INFO - Setting next_dagrun for example_subdag_operator.section-1 to None, run_after=None
[2023-03-04T11:12:02.381+0000] {logging_mixin.py:137} INFO - [2023-03-04T11:12:02.381+0000] {dag.py:3441} INFO - Setting next_dagrun for example_subdag_operator.section-2 to None, run_after=None
[2023-03-04T11:12:02.390+0000] {processor.py:175} INFO - Processing /home/airflow/.local/lib/python3.7/site-packages/airflow/example_dags/example_subdag_operator.py took 0.136 seconds
[2023-03-04T11:21:28.551+0000] {processor.py:153} INFO - Started process (PID=5223) to work on /home/airflow/.local/lib/python3.7/site-packages/airflow/example_dags/example_subdag_operator.py
[2023-03-04T11:21:28.552+0000] {processor.py:743} INFO - Processing file /home/airflow/.local/lib/python3.7/site-packages/airflow/example_dags/example_subdag_operator.py for tasks to queue
[2023-03-04T11:21:28.553+0000] {logging_mixin.py:137} INFO - [2023-03-04T11:21:28.553+0000] {dagbag.py:538} INFO - Filling up the DagBag from /home/airflow/.local/lib/python3.7/site-packages/airflow/example_dags/example_subdag_operator.py
[2023-03-04T11:21:28.580+0000] {processor.py:753} INFO - DAG(s) dict_keys(['example_subdag_operator.section-1', 'example_subdag_operator.section-2', 'example_subdag_operator']) retrieved from /home/airflow/.local/lib/python3.7/site-packages/airflow/example_dags/example_subdag_operator.py
[2023-03-04T11:21:28.598+0000] {logging_mixin.py:137} INFO - [2023-03-04T11:21:28.597+0000] {dag.py:2690} INFO - Sync 3 DAGs
[2023-03-04T11:21:28.642+0000] {logging_mixin.py:137} INFO - [2023-03-04T11:21:28.642+0000] {dag.py:3441} INFO - Setting next_dagrun for example_subdag_operator to 2022-01-01T00:00:00+00:00, run_after=2022-01-01T00:00:00+00:00
[2023-03-04T11:21:28.654+0000] {logging_mixin.py:137} INFO - [2023-03-04T11:21:28.653+0000] {dag.py:3441} INFO - Setting next_dagrun for example_subdag_operator.section-1 to None, run_after=None
[2023-03-04T11:21:28.667+0000] {logging_mixin.py:137} INFO - [2023-03-04T11:21:28.667+0000] {dag.py:3441} INFO - Setting next_dagrun for example_subdag_operator.section-2 to None, run_after=None
[2023-03-04T11:21:28.681+0000] {logging_mixin.py:137} INFO - [2023-03-04T11:21:28.680+0000] {dag.py:2690} INFO - Sync 2 DAGs
[2023-03-04T11:21:28.699+0000] {logging_mixin.py:137} INFO - [2023-03-04T11:21:28.699+0000] {dag.py:3441} INFO - Setting next_dagrun for example_subdag_operator.section-1 to None, run_after=None
[2023-03-04T11:21:28.701+0000] {logging_mixin.py:137} INFO - [2023-03-04T11:21:28.701+0000] {dag.py:3441} INFO - Setting next_dagrun for example_subdag_operator.section-2 to None, run_after=None
[2023-03-04T11:21:28.712+0000] {processor.py:175} INFO - Processing /home/airflow/.local/lib/python3.7/site-packages/airflow/example_dags/example_subdag_operator.py took 0.164 seconds
[2023-03-04T11:56:44.126+0000] {processor.py:153} INFO - Started process (PID=5287) to work on /home/airflow/.local/lib/python3.7/site-packages/airflow/example_dags/example_subdag_operator.py
[2023-03-04T11:56:44.128+0000] {processor.py:743} INFO - Processing file /home/airflow/.local/lib/python3.7/site-packages/airflow/example_dags/example_subdag_operator.py for tasks to queue
[2023-03-04T11:56:44.129+0000] {logging_mixin.py:137} INFO - [2023-03-04T11:56:44.129+0000] {dagbag.py:538} INFO - Filling up the DagBag from /home/airflow/.local/lib/python3.7/site-packages/airflow/example_dags/example_subdag_operator.py
[2023-03-04T11:56:44.167+0000] {processor.py:753} INFO - DAG(s) dict_keys(['example_subdag_operator.section-1', 'example_subdag_operator.section-2', 'example_subdag_operator']) retrieved from /home/airflow/.local/lib/python3.7/site-packages/airflow/example_dags/example_subdag_operator.py
[2023-03-04T11:56:44.181+0000] {logging_mixin.py:137} INFO - [2023-03-04T11:56:44.181+0000] {dag.py:2690} INFO - Sync 3 DAGs
[2023-03-04T11:56:44.199+0000] {logging_mixin.py:137} INFO - [2023-03-04T11:56:44.199+0000] {dag.py:3441} INFO - Setting next_dagrun for example_subdag_operator to 2022-01-01T00:00:00+00:00, run_after=2022-01-01T00:00:00+00:00
[2023-03-04T11:56:44.202+0000] {logging_mixin.py:137} INFO - [2023-03-04T11:56:44.202+0000] {dag.py:3441} INFO - Setting next_dagrun for example_subdag_operator.section-1 to None, run_after=None
[2023-03-04T11:56:44.203+0000] {logging_mixin.py:137} INFO - [2023-03-04T11:56:44.203+0000] {dag.py:3441} INFO - Setting next_dagrun for example_subdag_operator.section-2 to None, run_after=None
[2023-03-04T11:56:44.212+0000] {logging_mixin.py:137} INFO - [2023-03-04T11:56:44.212+0000] {dag.py:2690} INFO - Sync 2 DAGs
[2023-03-04T11:56:44.222+0000] {logging_mixin.py:137} INFO - [2023-03-04T11:56:44.221+0000] {dag.py:3441} INFO - Setting next_dagrun for example_subdag_operator.section-1 to None, run_after=None
[2023-03-04T11:56:44.223+0000] {logging_mixin.py:137} INFO - [2023-03-04T11:56:44.223+0000] {dag.py:3441} INFO - Setting next_dagrun for example_subdag_operator.section-2 to None, run_after=None
[2023-03-04T11:56:44.233+0000] {processor.py:175} INFO - Processing /home/airflow/.local/lib/python3.7/site-packages/airflow/example_dags/example_subdag_operator.py took 0.112 seconds
[2023-03-04T12:36:28.009+0000] {processor.py:153} INFO - Started process (PID=5362) to work on /home/airflow/.local/lib/python3.7/site-packages/airflow/example_dags/example_subdag_operator.py
[2023-03-04T12:36:28.020+0000] {processor.py:743} INFO - Processing file /home/airflow/.local/lib/python3.7/site-packages/airflow/example_dags/example_subdag_operator.py for tasks to queue
[2023-03-04T12:36:28.023+0000] {logging_mixin.py:137} INFO - [2023-03-04T12:36:28.022+0000] {dagbag.py:538} INFO - Filling up the DagBag from /home/airflow/.local/lib/python3.7/site-packages/airflow/example_dags/example_subdag_operator.py
[2023-03-04T12:36:28.090+0000] {processor.py:753} INFO - DAG(s) dict_keys(['example_subdag_operator.section-1', 'example_subdag_operator.section-2', 'example_subdag_operator']) retrieved from /home/airflow/.local/lib/python3.7/site-packages/airflow/example_dags/example_subdag_operator.py
[2023-03-04T12:36:28.205+0000] {logging_mixin.py:137} INFO - [2023-03-04T12:36:28.205+0000] {dag.py:2690} INFO - Sync 3 DAGs
[2023-03-04T12:36:28.280+0000] {logging_mixin.py:137} INFO - [2023-03-04T12:36:28.279+0000] {dag.py:3441} INFO - Setting next_dagrun for example_subdag_operator to 2022-01-01T00:00:00+00:00, run_after=2022-01-01T00:00:00+00:00
[2023-03-04T12:36:28.298+0000] {logging_mixin.py:137} INFO - [2023-03-04T12:36:28.298+0000] {dag.py:3441} INFO - Setting next_dagrun for example_subdag_operator.section-1 to None, run_after=None
[2023-03-04T12:36:28.303+0000] {logging_mixin.py:137} INFO - [2023-03-04T12:36:28.302+0000] {dag.py:3441} INFO - Setting next_dagrun for example_subdag_operator.section-2 to None, run_after=None
[2023-03-04T12:36:28.331+0000] {logging_mixin.py:137} INFO - [2023-03-04T12:36:28.331+0000] {dag.py:2690} INFO - Sync 2 DAGs
[2023-03-04T12:36:28.348+0000] {logging_mixin.py:137} INFO - [2023-03-04T12:36:28.348+0000] {dag.py:3441} INFO - Setting next_dagrun for example_subdag_operator.section-1 to None, run_after=None
[2023-03-04T12:36:28.357+0000] {logging_mixin.py:137} INFO - [2023-03-04T12:36:28.357+0000] {dag.py:3441} INFO - Setting next_dagrun for example_subdag_operator.section-2 to None, run_after=None
[2023-03-04T12:36:28.388+0000] {processor.py:175} INFO - Processing /home/airflow/.local/lib/python3.7/site-packages/airflow/example_dags/example_subdag_operator.py took 0.384 seconds
[2023-03-04T12:50:15.983+0000] {processor.py:153} INFO - Started process (PID=5422) to work on /home/airflow/.local/lib/python3.7/site-packages/airflow/example_dags/example_subdag_operator.py
[2023-03-04T12:50:15.991+0000] {processor.py:743} INFO - Processing file /home/airflow/.local/lib/python3.7/site-packages/airflow/example_dags/example_subdag_operator.py for tasks to queue
[2023-03-04T12:50:15.994+0000] {logging_mixin.py:137} INFO - [2023-03-04T12:50:15.993+0000] {dagbag.py:538} INFO - Filling up the DagBag from /home/airflow/.local/lib/python3.7/site-packages/airflow/example_dags/example_subdag_operator.py
[2023-03-04T12:50:16.035+0000] {processor.py:753} INFO - DAG(s) dict_keys(['example_subdag_operator.section-1', 'example_subdag_operator.section-2', 'example_subdag_operator']) retrieved from /home/airflow/.local/lib/python3.7/site-packages/airflow/example_dags/example_subdag_operator.py
[2023-03-04T12:50:16.066+0000] {logging_mixin.py:137} INFO - [2023-03-04T12:50:16.066+0000] {dag.py:2690} INFO - Sync 3 DAGs
[2023-03-04T12:50:16.135+0000] {logging_mixin.py:137} INFO - [2023-03-04T12:50:16.134+0000] {dag.py:3441} INFO - Setting next_dagrun for example_subdag_operator to 2022-01-01T00:00:00+00:00, run_after=2022-01-01T00:00:00+00:00
[2023-03-04T12:50:16.152+0000] {logging_mixin.py:137} INFO - [2023-03-04T12:50:16.152+0000] {dag.py:3441} INFO - Setting next_dagrun for example_subdag_operator.section-1 to None, run_after=None
[2023-03-04T12:50:16.157+0000] {logging_mixin.py:137} INFO - [2023-03-04T12:50:16.156+0000] {dag.py:3441} INFO - Setting next_dagrun for example_subdag_operator.section-2 to None, run_after=None
[2023-03-04T12:50:16.174+0000] {logging_mixin.py:137} INFO - [2023-03-04T12:50:16.174+0000] {dag.py:2690} INFO - Sync 2 DAGs
[2023-03-04T12:50:16.186+0000] {logging_mixin.py:137} INFO - [2023-03-04T12:50:16.186+0000] {dag.py:3441} INFO - Setting next_dagrun for example_subdag_operator.section-1 to None, run_after=None
[2023-03-04T12:50:16.188+0000] {logging_mixin.py:137} INFO - [2023-03-04T12:50:16.188+0000] {dag.py:3441} INFO - Setting next_dagrun for example_subdag_operator.section-2 to None, run_after=None
[2023-03-04T12:50:16.201+0000] {processor.py:175} INFO - Processing /home/airflow/.local/lib/python3.7/site-packages/airflow/example_dags/example_subdag_operator.py took 0.225 seconds
[2023-03-04T13:10:06.795+0000] {processor.py:153} INFO - Started process (PID=5488) to work on /home/airflow/.local/lib/python3.7/site-packages/airflow/example_dags/example_subdag_operator.py
[2023-03-04T13:10:06.797+0000] {processor.py:743} INFO - Processing file /home/airflow/.local/lib/python3.7/site-packages/airflow/example_dags/example_subdag_operator.py for tasks to queue
[2023-03-04T13:10:06.799+0000] {logging_mixin.py:137} INFO - [2023-03-04T13:10:06.799+0000] {dagbag.py:538} INFO - Filling up the DagBag from /home/airflow/.local/lib/python3.7/site-packages/airflow/example_dags/example_subdag_operator.py
[2023-03-04T13:10:06.840+0000] {processor.py:753} INFO - DAG(s) dict_keys(['example_subdag_operator.section-1', 'example_subdag_operator.section-2', 'example_subdag_operator']) retrieved from /home/airflow/.local/lib/python3.7/site-packages/airflow/example_dags/example_subdag_operator.py
[2023-03-04T13:10:06.863+0000] {logging_mixin.py:137} INFO - [2023-03-04T13:10:06.863+0000] {dag.py:2690} INFO - Sync 3 DAGs
[2023-03-04T13:10:06.885+0000] {logging_mixin.py:137} INFO - [2023-03-04T13:10:06.885+0000] {dag.py:3441} INFO - Setting next_dagrun for example_subdag_operator to 2022-01-01T00:00:00+00:00, run_after=2022-01-01T00:00:00+00:00
[2023-03-04T13:10:06.890+0000] {logging_mixin.py:137} INFO - [2023-03-04T13:10:06.890+0000] {dag.py:3441} INFO - Setting next_dagrun for example_subdag_operator.section-1 to None, run_after=None
[2023-03-04T13:10:06.892+0000] {logging_mixin.py:137} INFO - [2023-03-04T13:10:06.892+0000] {dag.py:3441} INFO - Setting next_dagrun for example_subdag_operator.section-2 to None, run_after=None
[2023-03-04T13:10:06.899+0000] {logging_mixin.py:137} INFO - [2023-03-04T13:10:06.899+0000] {dag.py:2690} INFO - Sync 2 DAGs
[2023-03-04T13:10:06.906+0000] {logging_mixin.py:137} INFO - [2023-03-04T13:10:06.905+0000] {dag.py:3441} INFO - Setting next_dagrun for example_subdag_operator.section-1 to None, run_after=None
[2023-03-04T13:10:06.907+0000] {logging_mixin.py:137} INFO - [2023-03-04T13:10:06.907+0000] {dag.py:3441} INFO - Setting next_dagrun for example_subdag_operator.section-2 to None, run_after=None
[2023-03-04T13:10:06.923+0000] {processor.py:175} INFO - Processing /home/airflow/.local/lib/python3.7/site-packages/airflow/example_dags/example_subdag_operator.py took 0.133 seconds
[2023-03-04T13:26:38.868+0000] {processor.py:153} INFO - Started process (PID=5552) to work on /home/airflow/.local/lib/python3.7/site-packages/airflow/example_dags/example_subdag_operator.py
[2023-03-04T13:26:38.870+0000] {processor.py:743} INFO - Processing file /home/airflow/.local/lib/python3.7/site-packages/airflow/example_dags/example_subdag_operator.py for tasks to queue
[2023-03-04T13:26:38.871+0000] {logging_mixin.py:137} INFO - [2023-03-04T13:26:38.871+0000] {dagbag.py:538} INFO - Filling up the DagBag from /home/airflow/.local/lib/python3.7/site-packages/airflow/example_dags/example_subdag_operator.py
[2023-03-04T13:26:38.900+0000] {processor.py:753} INFO - DAG(s) dict_keys(['example_subdag_operator.section-1', 'example_subdag_operator.section-2', 'example_subdag_operator']) retrieved from /home/airflow/.local/lib/python3.7/site-packages/airflow/example_dags/example_subdag_operator.py
[2023-03-04T13:26:38.922+0000] {logging_mixin.py:137} INFO - [2023-03-04T13:26:38.922+0000] {dag.py:2690} INFO - Sync 3 DAGs
[2023-03-04T13:26:38.944+0000] {logging_mixin.py:137} INFO - [2023-03-04T13:26:38.944+0000] {dag.py:3441} INFO - Setting next_dagrun for example_subdag_operator to 2022-01-01T00:00:00+00:00, run_after=2022-01-01T00:00:00+00:00
[2023-03-04T13:26:38.948+0000] {logging_mixin.py:137} INFO - [2023-03-04T13:26:38.948+0000] {dag.py:3441} INFO - Setting next_dagrun for example_subdag_operator.section-1 to None, run_after=None
[2023-03-04T13:26:38.950+0000] {logging_mixin.py:137} INFO - [2023-03-04T13:26:38.950+0000] {dag.py:3441} INFO - Setting next_dagrun for example_subdag_operator.section-2 to None, run_after=None
[2023-03-04T13:26:38.955+0000] {logging_mixin.py:137} INFO - [2023-03-04T13:26:38.955+0000] {dag.py:2690} INFO - Sync 2 DAGs
[2023-03-04T13:26:38.959+0000] {logging_mixin.py:137} INFO - [2023-03-04T13:26:38.959+0000] {dag.py:3441} INFO - Setting next_dagrun for example_subdag_operator.section-1 to None, run_after=None
[2023-03-04T13:26:38.960+0000] {logging_mixin.py:137} INFO - [2023-03-04T13:26:38.960+0000] {dag.py:3441} INFO - Setting next_dagrun for example_subdag_operator.section-2 to None, run_after=None
[2023-03-04T13:26:38.967+0000] {processor.py:175} INFO - Processing /home/airflow/.local/lib/python3.7/site-packages/airflow/example_dags/example_subdag_operator.py took 0.102 seconds
[2023-03-04T13:40:40.978+0000] {processor.py:153} INFO - Started process (PID=5614) to work on /home/airflow/.local/lib/python3.7/site-packages/airflow/example_dags/example_subdag_operator.py
[2023-03-04T13:40:40.980+0000] {processor.py:743} INFO - Processing file /home/airflow/.local/lib/python3.7/site-packages/airflow/example_dags/example_subdag_operator.py for tasks to queue
[2023-03-04T13:40:40.982+0000] {logging_mixin.py:137} INFO - [2023-03-04T13:40:40.981+0000] {dagbag.py:538} INFO - Filling up the DagBag from /home/airflow/.local/lib/python3.7/site-packages/airflow/example_dags/example_subdag_operator.py
[2023-03-04T13:40:41.011+0000] {processor.py:753} INFO - DAG(s) dict_keys(['example_subdag_operator.section-1', 'example_subdag_operator.section-2', 'example_subdag_operator']) retrieved from /home/airflow/.local/lib/python3.7/site-packages/airflow/example_dags/example_subdag_operator.py
[2023-03-04T13:40:41.033+0000] {logging_mixin.py:137} INFO - [2023-03-04T13:40:41.033+0000] {dag.py:2690} INFO - Sync 3 DAGs
[2023-03-04T13:40:41.052+0000] {logging_mixin.py:137} INFO - [2023-03-04T13:40:41.052+0000] {dag.py:3441} INFO - Setting next_dagrun for example_subdag_operator to 2022-01-01T00:00:00+00:00, run_after=2022-01-01T00:00:00+00:00
[2023-03-04T13:40:41.057+0000] {logging_mixin.py:137} INFO - [2023-03-04T13:40:41.057+0000] {dag.py:3441} INFO - Setting next_dagrun for example_subdag_operator.section-1 to None, run_after=None
[2023-03-04T13:40:41.058+0000] {logging_mixin.py:137} INFO - [2023-03-04T13:40:41.058+0000] {dag.py:3441} INFO - Setting next_dagrun for example_subdag_operator.section-2 to None, run_after=None
[2023-03-04T13:40:41.064+0000] {logging_mixin.py:137} INFO - [2023-03-04T13:40:41.063+0000] {dag.py:2690} INFO - Sync 2 DAGs
[2023-03-04T13:40:41.067+0000] {logging_mixin.py:137} INFO - [2023-03-04T13:40:41.067+0000] {dag.py:3441} INFO - Setting next_dagrun for example_subdag_operator.section-1 to None, run_after=None
[2023-03-04T13:40:41.068+0000] {logging_mixin.py:137} INFO - [2023-03-04T13:40:41.068+0000] {dag.py:3441} INFO - Setting next_dagrun for example_subdag_operator.section-2 to None, run_after=None
[2023-03-04T13:40:41.075+0000] {processor.py:175} INFO - Processing /home/airflow/.local/lib/python3.7/site-packages/airflow/example_dags/example_subdag_operator.py took 0.100 seconds
[2023-03-04T14:00:04.985+0000] {processor.py:153} INFO - Started process (PID=5677) to work on /home/airflow/.local/lib/python3.7/site-packages/airflow/example_dags/example_subdag_operator.py
[2023-03-04T14:00:04.987+0000] {processor.py:743} INFO - Processing file /home/airflow/.local/lib/python3.7/site-packages/airflow/example_dags/example_subdag_operator.py for tasks to queue
[2023-03-04T14:00:04.988+0000] {logging_mixin.py:137} INFO - [2023-03-04T14:00:04.988+0000] {dagbag.py:538} INFO - Filling up the DagBag from /home/airflow/.local/lib/python3.7/site-packages/airflow/example_dags/example_subdag_operator.py
[2023-03-04T14:00:05.022+0000] {processor.py:753} INFO - DAG(s) dict_keys(['example_subdag_operator.section-1', 'example_subdag_operator.section-2', 'example_subdag_operator']) retrieved from /home/airflow/.local/lib/python3.7/site-packages/airflow/example_dags/example_subdag_operator.py
[2023-03-04T14:00:05.037+0000] {logging_mixin.py:137} INFO - [2023-03-04T14:00:05.037+0000] {dag.py:2690} INFO - Sync 3 DAGs
[2023-03-04T14:00:05.054+0000] {logging_mixin.py:137} INFO - [2023-03-04T14:00:05.054+0000] {dag.py:3441} INFO - Setting next_dagrun for example_subdag_operator to 2022-01-01T00:00:00+00:00, run_after=2022-01-01T00:00:00+00:00
[2023-03-04T14:00:05.057+0000] {logging_mixin.py:137} INFO - [2023-03-04T14:00:05.057+0000] {dag.py:3441} INFO - Setting next_dagrun for example_subdag_operator.section-1 to None, run_after=None
[2023-03-04T14:00:05.059+0000] {logging_mixin.py:137} INFO - [2023-03-04T14:00:05.058+0000] {dag.py:3441} INFO - Setting next_dagrun for example_subdag_operator.section-2 to None, run_after=None
[2023-03-04T14:00:05.065+0000] {logging_mixin.py:137} INFO - [2023-03-04T14:00:05.065+0000] {dag.py:2690} INFO - Sync 2 DAGs
[2023-03-04T14:00:05.069+0000] {logging_mixin.py:137} INFO - [2023-03-04T14:00:05.069+0000] {dag.py:3441} INFO - Setting next_dagrun for example_subdag_operator.section-1 to None, run_after=None
[2023-03-04T14:00:05.070+0000] {logging_mixin.py:137} INFO - [2023-03-04T14:00:05.070+0000] {dag.py:3441} INFO - Setting next_dagrun for example_subdag_operator.section-2 to None, run_after=None
[2023-03-04T14:00:05.085+0000] {processor.py:175} INFO - Processing /home/airflow/.local/lib/python3.7/site-packages/airflow/example_dags/example_subdag_operator.py took 0.103 seconds
[2023-03-04T14:50:40.946+0000] {processor.py:153} INFO - Started process (PID=5740) to work on /home/airflow/.local/lib/python3.7/site-packages/airflow/example_dags/example_subdag_operator.py
[2023-03-04T14:50:40.949+0000] {processor.py:743} INFO - Processing file /home/airflow/.local/lib/python3.7/site-packages/airflow/example_dags/example_subdag_operator.py for tasks to queue
[2023-03-04T14:50:40.950+0000] {logging_mixin.py:137} INFO - [2023-03-04T14:50:40.950+0000] {dagbag.py:538} INFO - Filling up the DagBag from /home/airflow/.local/lib/python3.7/site-packages/airflow/example_dags/example_subdag_operator.py
[2023-03-04T14:50:40.989+0000] {processor.py:753} INFO - DAG(s) dict_keys(['example_subdag_operator.section-1', 'example_subdag_operator.section-2', 'example_subdag_operator']) retrieved from /home/airflow/.local/lib/python3.7/site-packages/airflow/example_dags/example_subdag_operator.py
[2023-03-04T14:50:41.005+0000] {logging_mixin.py:137} INFO - [2023-03-04T14:50:41.005+0000] {dag.py:2690} INFO - Sync 3 DAGs
[2023-03-04T14:50:41.029+0000] {logging_mixin.py:137} INFO - [2023-03-04T14:50:41.028+0000] {dag.py:3441} INFO - Setting next_dagrun for example_subdag_operator to 2022-01-01T00:00:00+00:00, run_after=2022-01-01T00:00:00+00:00
[2023-03-04T14:50:41.032+0000] {logging_mixin.py:137} INFO - [2023-03-04T14:50:41.032+0000] {dag.py:3441} INFO - Setting next_dagrun for example_subdag_operator.section-1 to None, run_after=None
[2023-03-04T14:50:41.034+0000] {logging_mixin.py:137} INFO - [2023-03-04T14:50:41.034+0000] {dag.py:3441} INFO - Setting next_dagrun for example_subdag_operator.section-2 to None, run_after=None
[2023-03-04T14:50:41.046+0000] {logging_mixin.py:137} INFO - [2023-03-04T14:50:41.046+0000] {dag.py:2690} INFO - Sync 2 DAGs
[2023-03-04T14:50:41.053+0000] {logging_mixin.py:137} INFO - [2023-03-04T14:50:41.053+0000] {dag.py:3441} INFO - Setting next_dagrun for example_subdag_operator.section-1 to None, run_after=None
[2023-03-04T14:50:41.054+0000] {logging_mixin.py:137} INFO - [2023-03-04T14:50:41.054+0000] {dag.py:3441} INFO - Setting next_dagrun for example_subdag_operator.section-2 to None, run_after=None
[2023-03-04T14:50:41.066+0000] {processor.py:175} INFO - Processing /home/airflow/.local/lib/python3.7/site-packages/airflow/example_dags/example_subdag_operator.py took 0.124 seconds
[2023-03-04T15:19:44.786+0000] {processor.py:153} INFO - Started process (PID=5815) to work on /home/airflow/.local/lib/python3.7/site-packages/airflow/example_dags/example_subdag_operator.py
[2023-03-04T15:19:44.788+0000] {processor.py:743} INFO - Processing file /home/airflow/.local/lib/python3.7/site-packages/airflow/example_dags/example_subdag_operator.py for tasks to queue
[2023-03-04T15:19:44.789+0000] {logging_mixin.py:137} INFO - [2023-03-04T15:19:44.789+0000] {dagbag.py:538} INFO - Filling up the DagBag from /home/airflow/.local/lib/python3.7/site-packages/airflow/example_dags/example_subdag_operator.py
[2023-03-04T15:19:44.819+0000] {processor.py:753} INFO - DAG(s) dict_keys(['example_subdag_operator.section-1', 'example_subdag_operator.section-2', 'example_subdag_operator']) retrieved from /home/airflow/.local/lib/python3.7/site-packages/airflow/example_dags/example_subdag_operator.py
[2023-03-04T15:19:44.834+0000] {logging_mixin.py:137} INFO - [2023-03-04T15:19:44.834+0000] {dag.py:2690} INFO - Sync 3 DAGs
[2023-03-04T15:19:44.875+0000] {logging_mixin.py:137} INFO - [2023-03-04T15:19:44.875+0000] {dag.py:3441} INFO - Setting next_dagrun for example_subdag_operator to 2022-01-01T00:00:00+00:00, run_after=2022-01-01T00:00:00+00:00
[2023-03-04T15:19:44.879+0000] {logging_mixin.py:137} INFO - [2023-03-04T15:19:44.879+0000] {dag.py:3441} INFO - Setting next_dagrun for example_subdag_operator.section-1 to None, run_after=None
[2023-03-04T15:19:44.881+0000] {logging_mixin.py:137} INFO - [2023-03-04T15:19:44.880+0000] {dag.py:3441} INFO - Setting next_dagrun for example_subdag_operator.section-2 to None, run_after=None
[2023-03-04T15:19:44.887+0000] {logging_mixin.py:137} INFO - [2023-03-04T15:19:44.887+0000] {dag.py:2690} INFO - Sync 2 DAGs
[2023-03-04T15:19:44.892+0000] {logging_mixin.py:137} INFO - [2023-03-04T15:19:44.892+0000] {dag.py:3441} INFO - Setting next_dagrun for example_subdag_operator.section-1 to None, run_after=None
[2023-03-04T15:19:44.892+0000] {logging_mixin.py:137} INFO - [2023-03-04T15:19:44.892+0000] {dag.py:3441} INFO - Setting next_dagrun for example_subdag_operator.section-2 to None, run_after=None
[2023-03-04T15:19:44.901+0000] {processor.py:175} INFO - Processing /home/airflow/.local/lib/python3.7/site-packages/airflow/example_dags/example_subdag_operator.py took 0.119 seconds
[2023-03-04T15:27:07.680+0000] {processor.py:153} INFO - Started process (PID=5886) to work on /home/airflow/.local/lib/python3.7/site-packages/airflow/example_dags/example_subdag_operator.py
[2023-03-04T15:27:07.689+0000] {processor.py:743} INFO - Processing file /home/airflow/.local/lib/python3.7/site-packages/airflow/example_dags/example_subdag_operator.py for tasks to queue
[2023-03-04T15:27:07.704+0000] {logging_mixin.py:137} INFO - [2023-03-04T15:27:07.703+0000] {dagbag.py:538} INFO - Filling up the DagBag from /home/airflow/.local/lib/python3.7/site-packages/airflow/example_dags/example_subdag_operator.py
[2023-03-04T15:27:07.886+0000] {processor.py:753} INFO - DAG(s) dict_keys(['example_subdag_operator.section-1', 'example_subdag_operator.section-2', 'example_subdag_operator']) retrieved from /home/airflow/.local/lib/python3.7/site-packages/airflow/example_dags/example_subdag_operator.py
[2023-03-04T15:27:08.011+0000] {logging_mixin.py:137} INFO - [2023-03-04T15:27:08.011+0000] {dag.py:2690} INFO - Sync 3 DAGs
[2023-03-04T15:27:08.061+0000] {logging_mixin.py:137} INFO - [2023-03-04T15:27:08.061+0000] {dag.py:3441} INFO - Setting next_dagrun for example_subdag_operator to 2022-01-01T00:00:00+00:00, run_after=2022-01-01T00:00:00+00:00
[2023-03-04T15:27:08.070+0000] {logging_mixin.py:137} INFO - [2023-03-04T15:27:08.070+0000] {dag.py:3441} INFO - Setting next_dagrun for example_subdag_operator.section-1 to None, run_after=None
[2023-03-04T15:27:08.072+0000] {logging_mixin.py:137} INFO - [2023-03-04T15:27:08.072+0000] {dag.py:3441} INFO - Setting next_dagrun for example_subdag_operator.section-2 to None, run_after=None
[2023-03-04T15:27:08.110+0000] {logging_mixin.py:137} INFO - [2023-03-04T15:27:08.110+0000] {dag.py:2690} INFO - Sync 2 DAGs
[2023-03-04T15:27:08.142+0000] {logging_mixin.py:137} INFO - [2023-03-04T15:27:08.142+0000] {dag.py:3441} INFO - Setting next_dagrun for example_subdag_operator.section-1 to None, run_after=None
[2023-03-04T15:27:08.145+0000] {logging_mixin.py:137} INFO - [2023-03-04T15:27:08.144+0000] {dag.py:3441} INFO - Setting next_dagrun for example_subdag_operator.section-2 to None, run_after=None
[2023-03-04T15:27:08.206+0000] {processor.py:175} INFO - Processing /home/airflow/.local/lib/python3.7/site-packages/airflow/example_dags/example_subdag_operator.py took 0.537 seconds
[2023-03-04T16:21:42.561+0000] {processor.py:153} INFO - Started process (PID=5928) to work on /home/airflow/.local/lib/python3.7/site-packages/airflow/example_dags/example_subdag_operator.py
[2023-03-04T16:21:42.566+0000] {processor.py:743} INFO - Processing file /home/airflow/.local/lib/python3.7/site-packages/airflow/example_dags/example_subdag_operator.py for tasks to queue
[2023-03-04T16:21:42.569+0000] {logging_mixin.py:137} INFO - [2023-03-04T16:21:42.569+0000] {dagbag.py:538} INFO - Filling up the DagBag from /home/airflow/.local/lib/python3.7/site-packages/airflow/example_dags/example_subdag_operator.py
[2023-03-04T16:21:42.649+0000] {processor.py:753} INFO - DAG(s) dict_keys(['example_subdag_operator.section-1', 'example_subdag_operator.section-2', 'example_subdag_operator']) retrieved from /home/airflow/.local/lib/python3.7/site-packages/airflow/example_dags/example_subdag_operator.py
[2023-03-04T16:21:42.681+0000] {logging_mixin.py:137} INFO - [2023-03-04T16:21:42.681+0000] {dag.py:2690} INFO - Sync 3 DAGs
[2023-03-04T16:21:42.712+0000] {logging_mixin.py:137} INFO - [2023-03-04T16:21:42.712+0000] {dag.py:3441} INFO - Setting next_dagrun for example_subdag_operator to 2022-01-01T00:00:00+00:00, run_after=2022-01-01T00:00:00+00:00
[2023-03-04T16:21:42.716+0000] {logging_mixin.py:137} INFO - [2023-03-04T16:21:42.715+0000] {dag.py:3441} INFO - Setting next_dagrun for example_subdag_operator.section-1 to None, run_after=None
[2023-03-04T16:21:42.717+0000] {logging_mixin.py:137} INFO - [2023-03-04T16:21:42.717+0000] {dag.py:3441} INFO - Setting next_dagrun for example_subdag_operator.section-2 to None, run_after=None
[2023-03-04T16:21:42.726+0000] {logging_mixin.py:137} INFO - [2023-03-04T16:21:42.726+0000] {dag.py:2690} INFO - Sync 2 DAGs
[2023-03-04T16:21:42.737+0000] {logging_mixin.py:137} INFO - [2023-03-04T16:21:42.736+0000] {dag.py:3441} INFO - Setting next_dagrun for example_subdag_operator.section-1 to None, run_after=None
[2023-03-04T16:21:42.738+0000] {logging_mixin.py:137} INFO - [2023-03-04T16:21:42.737+0000] {dag.py:3441} INFO - Setting next_dagrun for example_subdag_operator.section-2 to None, run_after=None
[2023-03-04T16:21:42.748+0000] {processor.py:175} INFO - Processing /home/airflow/.local/lib/python3.7/site-packages/airflow/example_dags/example_subdag_operator.py took 0.197 seconds
[2023-03-04T17:17:18.978+0000] {processor.py:153} INFO - Started process (PID=5986) to work on /home/airflow/.local/lib/python3.7/site-packages/airflow/example_dags/example_subdag_operator.py
[2023-03-04T17:17:18.980+0000] {processor.py:743} INFO - Processing file /home/airflow/.local/lib/python3.7/site-packages/airflow/example_dags/example_subdag_operator.py for tasks to queue
[2023-03-04T17:17:18.982+0000] {logging_mixin.py:137} INFO - [2023-03-04T17:17:18.982+0000] {dagbag.py:538} INFO - Filling up the DagBag from /home/airflow/.local/lib/python3.7/site-packages/airflow/example_dags/example_subdag_operator.py
[2023-03-04T17:17:19.052+0000] {processor.py:753} INFO - DAG(s) dict_keys(['example_subdag_operator.section-1', 'example_subdag_operator.section-2', 'example_subdag_operator']) retrieved from /home/airflow/.local/lib/python3.7/site-packages/airflow/example_dags/example_subdag_operator.py
[2023-03-04T17:17:19.092+0000] {logging_mixin.py:137} INFO - [2023-03-04T17:17:19.092+0000] {dag.py:2690} INFO - Sync 3 DAGs
[2023-03-04T17:17:19.121+0000] {logging_mixin.py:137} INFO - [2023-03-04T17:17:19.120+0000] {dag.py:3441} INFO - Setting next_dagrun for example_subdag_operator to 2022-01-01T00:00:00+00:00, run_after=2022-01-01T00:00:00+00:00
[2023-03-04T17:17:19.124+0000] {logging_mixin.py:137} INFO - [2023-03-04T17:17:19.124+0000] {dag.py:3441} INFO - Setting next_dagrun for example_subdag_operator.section-1 to None, run_after=None
[2023-03-04T17:17:19.125+0000] {logging_mixin.py:137} INFO - [2023-03-04T17:17:19.125+0000] {dag.py:3441} INFO - Setting next_dagrun for example_subdag_operator.section-2 to None, run_after=None
[2023-03-04T17:17:19.132+0000] {logging_mixin.py:137} INFO - [2023-03-04T17:17:19.132+0000] {dag.py:2690} INFO - Sync 2 DAGs
[2023-03-04T17:17:19.136+0000] {logging_mixin.py:137} INFO - [2023-03-04T17:17:19.136+0000] {dag.py:3441} INFO - Setting next_dagrun for example_subdag_operator.section-1 to None, run_after=None
[2023-03-04T17:17:19.137+0000] {logging_mixin.py:137} INFO - [2023-03-04T17:17:19.136+0000] {dag.py:3441} INFO - Setting next_dagrun for example_subdag_operator.section-2 to None, run_after=None
[2023-03-04T17:17:19.146+0000] {processor.py:175} INFO - Processing /home/airflow/.local/lib/python3.7/site-packages/airflow/example_dags/example_subdag_operator.py took 0.174 seconds
[2023-03-04T18:30:32.248+0000] {processor.py:153} INFO - Started process (PID=6049) to work on /home/airflow/.local/lib/python3.7/site-packages/airflow/example_dags/example_subdag_operator.py
[2023-03-04T18:30:32.249+0000] {processor.py:743} INFO - Processing file /home/airflow/.local/lib/python3.7/site-packages/airflow/example_dags/example_subdag_operator.py for tasks to queue
[2023-03-04T18:30:32.250+0000] {logging_mixin.py:137} INFO - [2023-03-04T18:30:32.250+0000] {dagbag.py:538} INFO - Filling up the DagBag from /home/airflow/.local/lib/python3.7/site-packages/airflow/example_dags/example_subdag_operator.py
[2023-03-04T18:30:32.279+0000] {processor.py:753} INFO - DAG(s) dict_keys(['example_subdag_operator.section-1', 'example_subdag_operator.section-2', 'example_subdag_operator']) retrieved from /home/airflow/.local/lib/python3.7/site-packages/airflow/example_dags/example_subdag_operator.py
[2023-03-04T18:30:32.292+0000] {logging_mixin.py:137} INFO - [2023-03-04T18:30:32.292+0000] {dag.py:2690} INFO - Sync 3 DAGs
[2023-03-04T18:30:32.317+0000] {logging_mixin.py:137} INFO - [2023-03-04T18:30:32.317+0000] {dag.py:3441} INFO - Setting next_dagrun for example_subdag_operator to 2022-01-01T00:00:00+00:00, run_after=2022-01-01T00:00:00+00:00
[2023-03-04T18:30:32.327+0000] {logging_mixin.py:137} INFO - [2023-03-04T18:30:32.327+0000] {dag.py:3441} INFO - Setting next_dagrun for example_subdag_operator.section-1 to None, run_after=None
[2023-03-04T18:30:32.333+0000] {logging_mixin.py:137} INFO - [2023-03-04T18:30:32.333+0000] {dag.py:3441} INFO - Setting next_dagrun for example_subdag_operator.section-2 to None, run_after=None
[2023-03-04T18:30:32.344+0000] {logging_mixin.py:137} INFO - [2023-03-04T18:30:32.344+0000] {dag.py:2690} INFO - Sync 2 DAGs
[2023-03-04T18:30:32.352+0000] {logging_mixin.py:137} INFO - [2023-03-04T18:30:32.352+0000] {dag.py:3441} INFO - Setting next_dagrun for example_subdag_operator.section-1 to None, run_after=None
[2023-03-04T18:30:32.354+0000] {logging_mixin.py:137} INFO - [2023-03-04T18:30:32.354+0000] {dag.py:3441} INFO - Setting next_dagrun for example_subdag_operator.section-2 to None, run_after=None
[2023-03-04T18:30:32.374+0000] {processor.py:175} INFO - Processing /home/airflow/.local/lib/python3.7/site-packages/airflow/example_dags/example_subdag_operator.py took 0.129 seconds
[2023-03-04T19:34:54.125+0000] {processor.py:153} INFO - Started process (PID=6125) to work on /home/airflow/.local/lib/python3.7/site-packages/airflow/example_dags/example_subdag_operator.py
[2023-03-04T19:34:54.128+0000] {processor.py:743} INFO - Processing file /home/airflow/.local/lib/python3.7/site-packages/airflow/example_dags/example_subdag_operator.py for tasks to queue
[2023-03-04T19:34:54.130+0000] {logging_mixin.py:137} INFO - [2023-03-04T19:34:54.130+0000] {dagbag.py:538} INFO - Filling up the DagBag from /home/airflow/.local/lib/python3.7/site-packages/airflow/example_dags/example_subdag_operator.py
[2023-03-04T19:34:54.218+0000] {processor.py:753} INFO - DAG(s) dict_keys(['example_subdag_operator.section-1', 'example_subdag_operator.section-2', 'example_subdag_operator']) retrieved from /home/airflow/.local/lib/python3.7/site-packages/airflow/example_dags/example_subdag_operator.py
[2023-03-04T19:34:54.266+0000] {logging_mixin.py:137} INFO - [2023-03-04T19:34:54.266+0000] {dag.py:2690} INFO - Sync 3 DAGs
[2023-03-04T19:34:54.308+0000] {logging_mixin.py:137} INFO - [2023-03-04T19:34:54.308+0000] {dag.py:3441} INFO - Setting next_dagrun for example_subdag_operator to 2022-01-01T00:00:00+00:00, run_after=2022-01-01T00:00:00+00:00
[2023-03-04T19:34:54.314+0000] {logging_mixin.py:137} INFO - [2023-03-04T19:34:54.314+0000] {dag.py:3441} INFO - Setting next_dagrun for example_subdag_operator.section-1 to None, run_after=None
[2023-03-04T19:34:54.317+0000] {logging_mixin.py:137} INFO - [2023-03-04T19:34:54.316+0000] {dag.py:3441} INFO - Setting next_dagrun for example_subdag_operator.section-2 to None, run_after=None
[2023-03-04T19:34:54.334+0000] {logging_mixin.py:137} INFO - [2023-03-04T19:34:54.334+0000] {dag.py:2690} INFO - Sync 2 DAGs
[2023-03-04T19:34:54.345+0000] {logging_mixin.py:137} INFO - [2023-03-04T19:34:54.345+0000] {dag.py:3441} INFO - Setting next_dagrun for example_subdag_operator.section-1 to None, run_after=None
[2023-03-04T19:34:54.347+0000] {logging_mixin.py:137} INFO - [2023-03-04T19:34:54.347+0000] {dag.py:3441} INFO - Setting next_dagrun for example_subdag_operator.section-2 to None, run_after=None
[2023-03-04T19:34:54.370+0000] {processor.py:175} INFO - Processing /home/airflow/.local/lib/python3.7/site-packages/airflow/example_dags/example_subdag_operator.py took 0.253 seconds
[2023-03-04T20:25:43.389+0000] {processor.py:153} INFO - Started process (PID=6189) to work on /home/airflow/.local/lib/python3.7/site-packages/airflow/example_dags/example_subdag_operator.py
[2023-03-04T20:25:43.392+0000] {processor.py:743} INFO - Processing file /home/airflow/.local/lib/python3.7/site-packages/airflow/example_dags/example_subdag_operator.py for tasks to queue
[2023-03-04T20:25:43.393+0000] {logging_mixin.py:137} INFO - [2023-03-04T20:25:43.393+0000] {dagbag.py:538} INFO - Filling up the DagBag from /home/airflow/.local/lib/python3.7/site-packages/airflow/example_dags/example_subdag_operator.py
[2023-03-04T20:25:43.439+0000] {processor.py:753} INFO - DAG(s) dict_keys(['example_subdag_operator.section-1', 'example_subdag_operator.section-2', 'example_subdag_operator']) retrieved from /home/airflow/.local/lib/python3.7/site-packages/airflow/example_dags/example_subdag_operator.py
[2023-03-04T20:25:43.471+0000] {logging_mixin.py:137} INFO - [2023-03-04T20:25:43.471+0000] {dag.py:2690} INFO - Sync 3 DAGs
[2023-03-04T20:25:43.495+0000] {logging_mixin.py:137} INFO - [2023-03-04T20:25:43.495+0000] {dag.py:3441} INFO - Setting next_dagrun for example_subdag_operator to 2022-01-01T00:00:00+00:00, run_after=2022-01-01T00:00:00+00:00
[2023-03-04T20:25:43.499+0000] {logging_mixin.py:137} INFO - [2023-03-04T20:25:43.499+0000] {dag.py:3441} INFO - Setting next_dagrun for example_subdag_operator.section-1 to None, run_after=None
[2023-03-04T20:25:43.501+0000] {logging_mixin.py:137} INFO - [2023-03-04T20:25:43.501+0000] {dag.py:3441} INFO - Setting next_dagrun for example_subdag_operator.section-2 to None, run_after=None
[2023-03-04T20:25:43.508+0000] {logging_mixin.py:137} INFO - [2023-03-04T20:25:43.508+0000] {dag.py:2690} INFO - Sync 2 DAGs
[2023-03-04T20:25:43.513+0000] {logging_mixin.py:137} INFO - [2023-03-04T20:25:43.513+0000] {dag.py:3441} INFO - Setting next_dagrun for example_subdag_operator.section-1 to None, run_after=None
[2023-03-04T20:25:43.515+0000] {logging_mixin.py:137} INFO - [2023-03-04T20:25:43.514+0000] {dag.py:3441} INFO - Setting next_dagrun for example_subdag_operator.section-2 to None, run_after=None
[2023-03-04T20:25:43.531+0000] {processor.py:175} INFO - Processing /home/airflow/.local/lib/python3.7/site-packages/airflow/example_dags/example_subdag_operator.py took 0.149 seconds
[2023-03-04T21:17:47.960+0000] {processor.py:153} INFO - Started process (PID=6252) to work on /home/airflow/.local/lib/python3.7/site-packages/airflow/example_dags/example_subdag_operator.py
[2023-03-04T21:17:47.962+0000] {processor.py:743} INFO - Processing file /home/airflow/.local/lib/python3.7/site-packages/airflow/example_dags/example_subdag_operator.py for tasks to queue
[2023-03-04T21:17:47.962+0000] {logging_mixin.py:137} INFO - [2023-03-04T21:17:47.962+0000] {dagbag.py:538} INFO - Filling up the DagBag from /home/airflow/.local/lib/python3.7/site-packages/airflow/example_dags/example_subdag_operator.py
[2023-03-04T21:17:47.991+0000] {processor.py:753} INFO - DAG(s) dict_keys(['example_subdag_operator.section-1', 'example_subdag_operator.section-2', 'example_subdag_operator']) retrieved from /home/airflow/.local/lib/python3.7/site-packages/airflow/example_dags/example_subdag_operator.py
[2023-03-04T21:17:48.004+0000] {logging_mixin.py:137} INFO - [2023-03-04T21:17:48.004+0000] {dag.py:2690} INFO - Sync 3 DAGs
[2023-03-04T21:17:48.031+0000] {logging_mixin.py:137} INFO - [2023-03-04T21:17:48.031+0000] {dag.py:3441} INFO - Setting next_dagrun for example_subdag_operator to 2022-01-01T00:00:00+00:00, run_after=2022-01-01T00:00:00+00:00
[2023-03-04T21:17:48.035+0000] {logging_mixin.py:137} INFO - [2023-03-04T21:17:48.035+0000] {dag.py:3441} INFO - Setting next_dagrun for example_subdag_operator.section-1 to None, run_after=None
[2023-03-04T21:17:48.037+0000] {logging_mixin.py:137} INFO - [2023-03-04T21:17:48.037+0000] {dag.py:3441} INFO - Setting next_dagrun for example_subdag_operator.section-2 to None, run_after=None
[2023-03-04T21:17:48.046+0000] {logging_mixin.py:137} INFO - [2023-03-04T21:17:48.046+0000] {dag.py:2690} INFO - Sync 2 DAGs
[2023-03-04T21:17:48.051+0000] {logging_mixin.py:137} INFO - [2023-03-04T21:17:48.051+0000] {dag.py:3441} INFO - Setting next_dagrun for example_subdag_operator.section-1 to None, run_after=None
[2023-03-04T21:17:48.052+0000] {logging_mixin.py:137} INFO - [2023-03-04T21:17:48.052+0000] {dag.py:3441} INFO - Setting next_dagrun for example_subdag_operator.section-2 to None, run_after=None
[2023-03-04T21:17:48.063+0000] {processor.py:175} INFO - Processing /home/airflow/.local/lib/python3.7/site-packages/airflow/example_dags/example_subdag_operator.py took 0.107 seconds
[2023-03-04T22:18:16.101+0000] {processor.py:153} INFO - Started process (PID=6316) to work on /home/airflow/.local/lib/python3.7/site-packages/airflow/example_dags/example_subdag_operator.py
[2023-03-04T22:18:16.104+0000] {processor.py:743} INFO - Processing file /home/airflow/.local/lib/python3.7/site-packages/airflow/example_dags/example_subdag_operator.py for tasks to queue
[2023-03-04T22:18:16.109+0000] {logging_mixin.py:137} INFO - [2023-03-04T22:18:16.109+0000] {dagbag.py:538} INFO - Filling up the DagBag from /home/airflow/.local/lib/python3.7/site-packages/airflow/example_dags/example_subdag_operator.py
[2023-03-04T22:18:16.149+0000] {processor.py:753} INFO - DAG(s) dict_keys(['example_subdag_operator.section-1', 'example_subdag_operator.section-2', 'example_subdag_operator']) retrieved from /home/airflow/.local/lib/python3.7/site-packages/airflow/example_dags/example_subdag_operator.py
[2023-03-04T22:18:16.164+0000] {logging_mixin.py:137} INFO - [2023-03-04T22:18:16.164+0000] {dag.py:2690} INFO - Sync 3 DAGs
[2023-03-04T22:18:16.182+0000] {logging_mixin.py:137} INFO - [2023-03-04T22:18:16.182+0000] {dag.py:3441} INFO - Setting next_dagrun for example_subdag_operator to 2022-01-01T00:00:00+00:00, run_after=2022-01-01T00:00:00+00:00
[2023-03-04T22:18:16.185+0000] {logging_mixin.py:137} INFO - [2023-03-04T22:18:16.185+0000] {dag.py:3441} INFO - Setting next_dagrun for example_subdag_operator.section-1 to None, run_after=None
[2023-03-04T22:18:16.187+0000] {logging_mixin.py:137} INFO - [2023-03-04T22:18:16.187+0000] {dag.py:3441} INFO - Setting next_dagrun for example_subdag_operator.section-2 to None, run_after=None
[2023-03-04T22:18:16.192+0000] {logging_mixin.py:137} INFO - [2023-03-04T22:18:16.192+0000] {dag.py:2690} INFO - Sync 2 DAGs
[2023-03-04T22:18:16.197+0000] {logging_mixin.py:137} INFO - [2023-03-04T22:18:16.196+0000] {dag.py:3441} INFO - Setting next_dagrun for example_subdag_operator.section-1 to None, run_after=None
[2023-03-04T22:18:16.197+0000] {logging_mixin.py:137} INFO - [2023-03-04T22:18:16.197+0000] {dag.py:3441} INFO - Setting next_dagrun for example_subdag_operator.section-2 to None, run_after=None
[2023-03-04T22:18:16.212+0000] {processor.py:175} INFO - Processing /home/airflow/.local/lib/python3.7/site-packages/airflow/example_dags/example_subdag_operator.py took 0.121 seconds
[2023-03-04T23:42:21.747+0000] {processor.py:153} INFO - Started process (PID=6379) to work on /home/airflow/.local/lib/python3.7/site-packages/airflow/example_dags/example_subdag_operator.py
[2023-03-04T23:42:21.748+0000] {processor.py:743} INFO - Processing file /home/airflow/.local/lib/python3.7/site-packages/airflow/example_dags/example_subdag_operator.py for tasks to queue
[2023-03-04T23:42:21.749+0000] {logging_mixin.py:137} INFO - [2023-03-04T23:42:21.749+0000] {dagbag.py:538} INFO - Filling up the DagBag from /home/airflow/.local/lib/python3.7/site-packages/airflow/example_dags/example_subdag_operator.py
[2023-03-04T23:42:21.774+0000] {processor.py:753} INFO - DAG(s) dict_keys(['example_subdag_operator.section-1', 'example_subdag_operator.section-2', 'example_subdag_operator']) retrieved from /home/airflow/.local/lib/python3.7/site-packages/airflow/example_dags/example_subdag_operator.py
[2023-03-04T23:42:21.789+0000] {logging_mixin.py:137} INFO - [2023-03-04T23:42:21.789+0000] {dag.py:2690} INFO - Sync 3 DAGs
[2023-03-04T23:42:21.804+0000] {logging_mixin.py:137} INFO - [2023-03-04T23:42:21.804+0000] {dag.py:3441} INFO - Setting next_dagrun for example_subdag_operator to 2022-01-01T00:00:00+00:00, run_after=2022-01-01T00:00:00+00:00
[2023-03-04T23:42:21.807+0000] {logging_mixin.py:137} INFO - [2023-03-04T23:42:21.807+0000] {dag.py:3441} INFO - Setting next_dagrun for example_subdag_operator.section-1 to None, run_after=None
[2023-03-04T23:42:21.808+0000] {logging_mixin.py:137} INFO - [2023-03-04T23:42:21.808+0000] {dag.py:3441} INFO - Setting next_dagrun for example_subdag_operator.section-2 to None, run_after=None
[2023-03-04T23:42:21.813+0000] {logging_mixin.py:137} INFO - [2023-03-04T23:42:21.813+0000] {dag.py:2690} INFO - Sync 2 DAGs
[2023-03-04T23:42:21.817+0000] {logging_mixin.py:137} INFO - [2023-03-04T23:42:21.817+0000] {dag.py:3441} INFO - Setting next_dagrun for example_subdag_operator.section-1 to None, run_after=None
[2023-03-04T23:42:21.818+0000] {logging_mixin.py:137} INFO - [2023-03-04T23:42:21.818+0000] {dag.py:3441} INFO - Setting next_dagrun for example_subdag_operator.section-2 to None, run_after=None
[2023-03-04T23:42:21.825+0000] {processor.py:175} INFO - Processing /home/airflow/.local/lib/python3.7/site-packages/airflow/example_dags/example_subdag_operator.py took 0.082 seconds
