[2023-03-04T00:47:43.840+0000] {processor.py:153} INFO - Started process (PID=4574) to work on /home/airflow/.local/lib/python3.7/site-packages/airflow/example_dags/example_trigger_target_dag.py
[2023-03-04T00:47:43.860+0000] {processor.py:743} INFO - Processing file /home/airflow/.local/lib/python3.7/site-packages/airflow/example_dags/example_trigger_target_dag.py for tasks to queue
[2023-03-04T00:47:43.894+0000] {logging_mixin.py:137} INFO - [2023-03-04T00:47:43.890+0000] {dagbag.py:538} INFO - Filling up the DagBag from /home/airflow/.local/lib/python3.7/site-packages/airflow/example_dags/example_trigger_target_dag.py
[2023-03-04T00:47:44.554+0000] {processor.py:753} INFO - DAG(s) dict_keys(['example_trigger_target_dag']) retrieved from /home/airflow/.local/lib/python3.7/site-packages/airflow/example_dags/example_trigger_target_dag.py
[2023-03-04T00:47:45.172+0000] {logging_mixin.py:137} INFO - [2023-03-04T00:47:45.170+0000] {dag.py:2690} INFO - Sync 1 DAGs
[2023-03-04T00:47:45.384+0000] {logging_mixin.py:137} INFO - [2023-03-04T00:47:45.383+0000] {dag.py:3441} INFO - Setting next_dagrun for example_trigger_target_dag to None, run_after=None
[2023-03-04T00:47:45.506+0000] {processor.py:175} INFO - Processing /home/airflow/.local/lib/python3.7/site-packages/airflow/example_dags/example_trigger_target_dag.py took 1.715 seconds
[2023-03-04T06:10:56.626+0000] {processor.py:153} INFO - Started process (PID=4701) to work on /home/airflow/.local/lib/python3.7/site-packages/airflow/example_dags/example_trigger_target_dag.py
[2023-03-04T06:10:56.819+0000] {processor.py:743} INFO - Processing file /home/airflow/.local/lib/python3.7/site-packages/airflow/example_dags/example_trigger_target_dag.py for tasks to queue
[2023-03-04T06:10:56.878+0000] {logging_mixin.py:137} INFO - [2023-03-04T06:10:56.877+0000] {dagbag.py:538} INFO - Filling up the DagBag from /home/airflow/.local/lib/python3.7/site-packages/airflow/example_dags/example_trigger_target_dag.py
[2023-03-04T06:10:59.565+0000] {processor.py:753} INFO - DAG(s) dict_keys(['example_trigger_target_dag']) retrieved from /home/airflow/.local/lib/python3.7/site-packages/airflow/example_dags/example_trigger_target_dag.py
[2023-03-04T06:10:59.941+0000] {logging_mixin.py:137} INFO - [2023-03-04T06:10:59.940+0000] {dag.py:2690} INFO - Sync 1 DAGs
[2023-03-04T06:11:00.425+0000] {logging_mixin.py:137} INFO - [2023-03-04T06:11:00.424+0000] {dag.py:3441} INFO - Setting next_dagrun for example_trigger_target_dag to None, run_after=None
[2023-03-04T06:11:00.731+0000] {processor.py:175} INFO - Processing /home/airflow/.local/lib/python3.7/site-packages/airflow/example_dags/example_trigger_target_dag.py took 4.472 seconds
[2023-03-04T07:05:53.761+0000] {processor.py:153} INFO - Started process (PID=4761) to work on /home/airflow/.local/lib/python3.7/site-packages/airflow/example_dags/example_trigger_target_dag.py
[2023-03-04T07:05:53.766+0000] {processor.py:743} INFO - Processing file /home/airflow/.local/lib/python3.7/site-packages/airflow/example_dags/example_trigger_target_dag.py for tasks to queue
[2023-03-04T07:05:53.768+0000] {logging_mixin.py:137} INFO - [2023-03-04T07:05:53.768+0000] {dagbag.py:538} INFO - Filling up the DagBag from /home/airflow/.local/lib/python3.7/site-packages/airflow/example_dags/example_trigger_target_dag.py
[2023-03-04T07:05:53.822+0000] {processor.py:753} INFO - DAG(s) dict_keys(['example_trigger_target_dag']) retrieved from /home/airflow/.local/lib/python3.7/site-packages/airflow/example_dags/example_trigger_target_dag.py
[2023-03-04T07:05:53.887+0000] {logging_mixin.py:137} INFO - [2023-03-04T07:05:53.887+0000] {dag.py:2690} INFO - Sync 1 DAGs
[2023-03-04T07:05:53.953+0000] {logging_mixin.py:137} INFO - [2023-03-04T07:05:53.953+0000] {dag.py:3441} INFO - Setting next_dagrun for example_trigger_target_dag to None, run_after=None
[2023-03-04T07:05:53.993+0000] {processor.py:175} INFO - Processing /home/airflow/.local/lib/python3.7/site-packages/airflow/example_dags/example_trigger_target_dag.py took 0.237 seconds
[2023-03-04T07:37:53.741+0000] {processor.py:153} INFO - Started process (PID=4827) to work on /home/airflow/.local/lib/python3.7/site-packages/airflow/example_dags/example_trigger_target_dag.py
[2023-03-04T07:37:53.744+0000] {processor.py:743} INFO - Processing file /home/airflow/.local/lib/python3.7/site-packages/airflow/example_dags/example_trigger_target_dag.py for tasks to queue
[2023-03-04T07:37:53.746+0000] {logging_mixin.py:137} INFO - [2023-03-04T07:37:53.746+0000] {dagbag.py:538} INFO - Filling up the DagBag from /home/airflow/.local/lib/python3.7/site-packages/airflow/example_dags/example_trigger_target_dag.py
[2023-03-04T07:37:53.770+0000] {processor.py:753} INFO - DAG(s) dict_keys(['example_trigger_target_dag']) retrieved from /home/airflow/.local/lib/python3.7/site-packages/airflow/example_dags/example_trigger_target_dag.py
[2023-03-04T07:37:53.796+0000] {logging_mixin.py:137} INFO - [2023-03-04T07:37:53.796+0000] {dag.py:2690} INFO - Sync 1 DAGs
[2023-03-04T07:37:53.820+0000] {logging_mixin.py:137} INFO - [2023-03-04T07:37:53.820+0000] {dag.py:3441} INFO - Setting next_dagrun for example_trigger_target_dag to None, run_after=None
[2023-03-04T07:37:53.835+0000] {processor.py:175} INFO - Processing /home/airflow/.local/lib/python3.7/site-packages/airflow/example_dags/example_trigger_target_dag.py took 0.101 seconds
[2023-03-04T07:43:52.282+0000] {processor.py:153} INFO - Started process (PID=4890) to work on /home/airflow/.local/lib/python3.7/site-packages/airflow/example_dags/example_trigger_target_dag.py
[2023-03-04T07:43:52.285+0000] {processor.py:743} INFO - Processing file /home/airflow/.local/lib/python3.7/site-packages/airflow/example_dags/example_trigger_target_dag.py for tasks to queue
[2023-03-04T07:43:52.286+0000] {logging_mixin.py:137} INFO - [2023-03-04T07:43:52.286+0000] {dagbag.py:538} INFO - Filling up the DagBag from /home/airflow/.local/lib/python3.7/site-packages/airflow/example_dags/example_trigger_target_dag.py
[2023-03-04T07:43:52.307+0000] {processor.py:753} INFO - DAG(s) dict_keys(['example_trigger_target_dag']) retrieved from /home/airflow/.local/lib/python3.7/site-packages/airflow/example_dags/example_trigger_target_dag.py
[2023-03-04T07:43:52.346+0000] {logging_mixin.py:137} INFO - [2023-03-04T07:43:52.346+0000] {dag.py:2690} INFO - Sync 1 DAGs
[2023-03-04T07:43:52.379+0000] {logging_mixin.py:137} INFO - [2023-03-04T07:43:52.379+0000] {dag.py:3441} INFO - Setting next_dagrun for example_trigger_target_dag to None, run_after=None
[2023-03-04T07:43:52.407+0000] {processor.py:175} INFO - Processing /home/airflow/.local/lib/python3.7/site-packages/airflow/example_dags/example_trigger_target_dag.py took 0.131 seconds
[2023-03-04T09:08:13.554+0000] {processor.py:153} INFO - Started process (PID=4965) to work on /home/airflow/.local/lib/python3.7/site-packages/airflow/example_dags/example_trigger_target_dag.py
[2023-03-04T09:08:13.561+0000] {processor.py:743} INFO - Processing file /home/airflow/.local/lib/python3.7/site-packages/airflow/example_dags/example_trigger_target_dag.py for tasks to queue
[2023-03-04T09:08:13.563+0000] {logging_mixin.py:137} INFO - [2023-03-04T09:08:13.563+0000] {dagbag.py:538} INFO - Filling up the DagBag from /home/airflow/.local/lib/python3.7/site-packages/airflow/example_dags/example_trigger_target_dag.py
[2023-03-04T09:08:13.646+0000] {processor.py:753} INFO - DAG(s) dict_keys(['example_trigger_target_dag']) retrieved from /home/airflow/.local/lib/python3.7/site-packages/airflow/example_dags/example_trigger_target_dag.py
[2023-03-04T09:08:13.767+0000] {logging_mixin.py:137} INFO - [2023-03-04T09:08:13.764+0000] {dag.py:2690} INFO - Sync 1 DAGs
[2023-03-04T09:08:13.891+0000] {logging_mixin.py:137} INFO - [2023-03-04T09:08:13.891+0000] {dag.py:3441} INFO - Setting next_dagrun for example_trigger_target_dag to None, run_after=None
[2023-03-04T09:08:13.963+0000] {processor.py:175} INFO - Processing /home/airflow/.local/lib/python3.7/site-packages/airflow/example_dags/example_trigger_target_dag.py took 0.434 seconds
[2023-03-04T10:01:49.027+0000] {processor.py:153} INFO - Started process (PID=5028) to work on /home/airflow/.local/lib/python3.7/site-packages/airflow/example_dags/example_trigger_target_dag.py
[2023-03-04T10:01:49.033+0000] {processor.py:743} INFO - Processing file /home/airflow/.local/lib/python3.7/site-packages/airflow/example_dags/example_trigger_target_dag.py for tasks to queue
[2023-03-04T10:01:49.037+0000] {logging_mixin.py:137} INFO - [2023-03-04T10:01:49.037+0000] {dagbag.py:538} INFO - Filling up the DagBag from /home/airflow/.local/lib/python3.7/site-packages/airflow/example_dags/example_trigger_target_dag.py
[2023-03-04T10:01:49.092+0000] {processor.py:753} INFO - DAG(s) dict_keys(['example_trigger_target_dag']) retrieved from /home/airflow/.local/lib/python3.7/site-packages/airflow/example_dags/example_trigger_target_dag.py
[2023-03-04T10:01:49.169+0000] {logging_mixin.py:137} INFO - [2023-03-04T10:01:49.168+0000] {dag.py:2690} INFO - Sync 1 DAGs
[2023-03-04T10:01:49.196+0000] {logging_mixin.py:137} INFO - [2023-03-04T10:01:49.196+0000] {dag.py:3441} INFO - Setting next_dagrun for example_trigger_target_dag to None, run_after=None
[2023-03-04T10:01:49.229+0000] {processor.py:175} INFO - Processing /home/airflow/.local/lib/python3.7/site-packages/airflow/example_dags/example_trigger_target_dag.py took 0.209 seconds
[2023-03-04T10:51:23.681+0000] {processor.py:153} INFO - Started process (PID=5087) to work on /home/airflow/.local/lib/python3.7/site-packages/airflow/example_dags/example_trigger_target_dag.py
[2023-03-04T10:51:23.684+0000] {processor.py:743} INFO - Processing file /home/airflow/.local/lib/python3.7/site-packages/airflow/example_dags/example_trigger_target_dag.py for tasks to queue
[2023-03-04T10:51:23.686+0000] {logging_mixin.py:137} INFO - [2023-03-04T10:51:23.686+0000] {dagbag.py:538} INFO - Filling up the DagBag from /home/airflow/.local/lib/python3.7/site-packages/airflow/example_dags/example_trigger_target_dag.py
[2023-03-04T10:51:23.732+0000] {processor.py:753} INFO - DAG(s) dict_keys(['example_trigger_target_dag']) retrieved from /home/airflow/.local/lib/python3.7/site-packages/airflow/example_dags/example_trigger_target_dag.py
[2023-03-04T10:51:23.824+0000] {logging_mixin.py:137} INFO - [2023-03-04T10:51:23.824+0000] {dag.py:2690} INFO - Sync 1 DAGs
[2023-03-04T10:51:23.881+0000] {logging_mixin.py:137} INFO - [2023-03-04T10:51:23.881+0000] {dag.py:3441} INFO - Setting next_dagrun for example_trigger_target_dag to None, run_after=None
[2023-03-04T10:51:23.955+0000] {processor.py:175} INFO - Processing /home/airflow/.local/lib/python3.7/site-packages/airflow/example_dags/example_trigger_target_dag.py took 0.283 seconds
[2023-03-04T11:12:01.638+0000] {processor.py:153} INFO - Started process (PID=5153) to work on /home/airflow/.local/lib/python3.7/site-packages/airflow/example_dags/example_trigger_target_dag.py
[2023-03-04T11:12:01.640+0000] {processor.py:743} INFO - Processing file /home/airflow/.local/lib/python3.7/site-packages/airflow/example_dags/example_trigger_target_dag.py for tasks to queue
[2023-03-04T11:12:01.641+0000] {logging_mixin.py:137} INFO - [2023-03-04T11:12:01.641+0000] {dagbag.py:538} INFO - Filling up the DagBag from /home/airflow/.local/lib/python3.7/site-packages/airflow/example_dags/example_trigger_target_dag.py
[2023-03-04T11:12:01.666+0000] {processor.py:753} INFO - DAG(s) dict_keys(['example_trigger_target_dag']) retrieved from /home/airflow/.local/lib/python3.7/site-packages/airflow/example_dags/example_trigger_target_dag.py
[2023-03-04T11:12:01.716+0000] {logging_mixin.py:137} INFO - [2023-03-04T11:12:01.716+0000] {dag.py:2690} INFO - Sync 1 DAGs
[2023-03-04T11:12:01.741+0000] {logging_mixin.py:137} INFO - [2023-03-04T11:12:01.741+0000] {dag.py:3441} INFO - Setting next_dagrun for example_trigger_target_dag to None, run_after=None
[2023-03-04T11:12:01.757+0000] {processor.py:175} INFO - Processing /home/airflow/.local/lib/python3.7/site-packages/airflow/example_dags/example_trigger_target_dag.py took 0.122 seconds
[2023-03-04T11:21:28.065+0000] {processor.py:153} INFO - Started process (PID=5216) to work on /home/airflow/.local/lib/python3.7/site-packages/airflow/example_dags/example_trigger_target_dag.py
[2023-03-04T11:21:28.068+0000] {processor.py:743} INFO - Processing file /home/airflow/.local/lib/python3.7/site-packages/airflow/example_dags/example_trigger_target_dag.py for tasks to queue
[2023-03-04T11:21:28.070+0000] {logging_mixin.py:137} INFO - [2023-03-04T11:21:28.070+0000] {dagbag.py:538} INFO - Filling up the DagBag from /home/airflow/.local/lib/python3.7/site-packages/airflow/example_dags/example_trigger_target_dag.py
[2023-03-04T11:21:28.094+0000] {processor.py:753} INFO - DAG(s) dict_keys(['example_trigger_target_dag']) retrieved from /home/airflow/.local/lib/python3.7/site-packages/airflow/example_dags/example_trigger_target_dag.py
[2023-03-04T11:21:28.144+0000] {logging_mixin.py:137} INFO - [2023-03-04T11:21:28.144+0000] {dag.py:2690} INFO - Sync 1 DAGs
[2023-03-04T11:21:28.174+0000] {logging_mixin.py:137} INFO - [2023-03-04T11:21:28.174+0000] {dag.py:3441} INFO - Setting next_dagrun for example_trigger_target_dag to None, run_after=None
[2023-03-04T11:21:28.189+0000] {processor.py:175} INFO - Processing /home/airflow/.local/lib/python3.7/site-packages/airflow/example_dags/example_trigger_target_dag.py took 0.136 seconds
[2023-03-04T11:56:43.609+0000] {processor.py:153} INFO - Started process (PID=5280) to work on /home/airflow/.local/lib/python3.7/site-packages/airflow/example_dags/example_trigger_target_dag.py
[2023-03-04T11:56:43.611+0000] {processor.py:743} INFO - Processing file /home/airflow/.local/lib/python3.7/site-packages/airflow/example_dags/example_trigger_target_dag.py for tasks to queue
[2023-03-04T11:56:43.612+0000] {logging_mixin.py:137} INFO - [2023-03-04T11:56:43.612+0000] {dagbag.py:538} INFO - Filling up the DagBag from /home/airflow/.local/lib/python3.7/site-packages/airflow/example_dags/example_trigger_target_dag.py
[2023-03-04T11:56:43.627+0000] {processor.py:753} INFO - DAG(s) dict_keys(['example_trigger_target_dag']) retrieved from /home/airflow/.local/lib/python3.7/site-packages/airflow/example_dags/example_trigger_target_dag.py
[2023-03-04T11:56:43.659+0000] {logging_mixin.py:137} INFO - [2023-03-04T11:56:43.659+0000] {dag.py:2690} INFO - Sync 1 DAGs
[2023-03-04T11:56:43.682+0000] {logging_mixin.py:137} INFO - [2023-03-04T11:56:43.682+0000] {dag.py:3441} INFO - Setting next_dagrun for example_trigger_target_dag to None, run_after=None
[2023-03-04T11:56:43.700+0000] {processor.py:175} INFO - Processing /home/airflow/.local/lib/python3.7/site-packages/airflow/example_dags/example_trigger_target_dag.py took 0.094 seconds
[2023-03-04T12:36:23.739+0000] {processor.py:153} INFO - Started process (PID=5355) to work on /home/airflow/.local/lib/python3.7/site-packages/airflow/example_dags/example_trigger_target_dag.py
[2023-03-04T12:36:23.748+0000] {processor.py:743} INFO - Processing file /home/airflow/.local/lib/python3.7/site-packages/airflow/example_dags/example_trigger_target_dag.py for tasks to queue
[2023-03-04T12:36:23.754+0000] {logging_mixin.py:137} INFO - [2023-03-04T12:36:23.754+0000] {dagbag.py:538} INFO - Filling up the DagBag from /home/airflow/.local/lib/python3.7/site-packages/airflow/example_dags/example_trigger_target_dag.py
[2023-03-04T12:36:23.873+0000] {processor.py:753} INFO - DAG(s) dict_keys(['example_trigger_target_dag']) retrieved from /home/airflow/.local/lib/python3.7/site-packages/airflow/example_dags/example_trigger_target_dag.py
[2023-03-04T12:36:25.911+0000] {logging_mixin.py:137} INFO - [2023-03-04T12:36:25.910+0000] {dag.py:2690} INFO - Sync 1 DAGs
[2023-03-04T12:36:26.045+0000] {logging_mixin.py:137} INFO - [2023-03-04T12:36:26.045+0000] {dag.py:3441} INFO - Setting next_dagrun for example_trigger_target_dag to None, run_after=None
[2023-03-04T12:36:26.174+0000] {processor.py:175} INFO - Processing /home/airflow/.local/lib/python3.7/site-packages/airflow/example_dags/example_trigger_target_dag.py took 2.456 seconds
[2023-03-04T12:50:14.989+0000] {processor.py:153} INFO - Started process (PID=5413) to work on /home/airflow/.local/lib/python3.7/site-packages/airflow/example_dags/example_trigger_target_dag.py
[2023-03-04T12:50:14.995+0000] {processor.py:743} INFO - Processing file /home/airflow/.local/lib/python3.7/site-packages/airflow/example_dags/example_trigger_target_dag.py for tasks to queue
[2023-03-04T12:50:14.999+0000] {logging_mixin.py:137} INFO - [2023-03-04T12:50:14.998+0000] {dagbag.py:538} INFO - Filling up the DagBag from /home/airflow/.local/lib/python3.7/site-packages/airflow/example_dags/example_trigger_target_dag.py
[2023-03-04T12:50:15.032+0000] {processor.py:753} INFO - DAG(s) dict_keys(['example_trigger_target_dag']) retrieved from /home/airflow/.local/lib/python3.7/site-packages/airflow/example_dags/example_trigger_target_dag.py
[2023-03-04T12:50:15.099+0000] {logging_mixin.py:137} INFO - [2023-03-04T12:50:15.098+0000] {dag.py:2690} INFO - Sync 1 DAGs
[2023-03-04T12:50:15.129+0000] {logging_mixin.py:137} INFO - [2023-03-04T12:50:15.129+0000] {dag.py:3441} INFO - Setting next_dagrun for example_trigger_target_dag to None, run_after=None
[2023-03-04T12:50:15.161+0000] {processor.py:175} INFO - Processing /home/airflow/.local/lib/python3.7/site-packages/airflow/example_dags/example_trigger_target_dag.py took 0.182 seconds
[2023-03-04T13:10:05.674+0000] {processor.py:153} INFO - Started process (PID=5481) to work on /home/airflow/.local/lib/python3.7/site-packages/airflow/example_dags/example_trigger_target_dag.py
[2023-03-04T13:10:05.678+0000] {processor.py:743} INFO - Processing file /home/airflow/.local/lib/python3.7/site-packages/airflow/example_dags/example_trigger_target_dag.py for tasks to queue
[2023-03-04T13:10:05.681+0000] {logging_mixin.py:137} INFO - [2023-03-04T13:10:05.681+0000] {dagbag.py:538} INFO - Filling up the DagBag from /home/airflow/.local/lib/python3.7/site-packages/airflow/example_dags/example_trigger_target_dag.py
[2023-03-04T13:10:05.744+0000] {processor.py:753} INFO - DAG(s) dict_keys(['example_trigger_target_dag']) retrieved from /home/airflow/.local/lib/python3.7/site-packages/airflow/example_dags/example_trigger_target_dag.py
[2023-03-04T13:10:05.833+0000] {logging_mixin.py:137} INFO - [2023-03-04T13:10:05.833+0000] {dag.py:2690} INFO - Sync 1 DAGs
[2023-03-04T13:10:05.971+0000] {logging_mixin.py:137} INFO - [2023-03-04T13:10:05.970+0000] {dag.py:3441} INFO - Setting next_dagrun for example_trigger_target_dag to None, run_after=None
[2023-03-04T13:10:06.060+0000] {processor.py:175} INFO - Processing /home/airflow/.local/lib/python3.7/site-packages/airflow/example_dags/example_trigger_target_dag.py took 0.394 seconds
[2023-03-04T13:26:38.417+0000] {processor.py:153} INFO - Started process (PID=5545) to work on /home/airflow/.local/lib/python3.7/site-packages/airflow/example_dags/example_trigger_target_dag.py
[2023-03-04T13:26:38.421+0000] {processor.py:743} INFO - Processing file /home/airflow/.local/lib/python3.7/site-packages/airflow/example_dags/example_trigger_target_dag.py for tasks to queue
[2023-03-04T13:26:38.422+0000] {logging_mixin.py:137} INFO - [2023-03-04T13:26:38.422+0000] {dagbag.py:538} INFO - Filling up the DagBag from /home/airflow/.local/lib/python3.7/site-packages/airflow/example_dags/example_trigger_target_dag.py
[2023-03-04T13:26:38.439+0000] {processor.py:753} INFO - DAG(s) dict_keys(['example_trigger_target_dag']) retrieved from /home/airflow/.local/lib/python3.7/site-packages/airflow/example_dags/example_trigger_target_dag.py
[2023-03-04T13:26:38.461+0000] {logging_mixin.py:137} INFO - [2023-03-04T13:26:38.461+0000] {dag.py:2690} INFO - Sync 1 DAGs
[2023-03-04T13:26:38.478+0000] {logging_mixin.py:137} INFO - [2023-03-04T13:26:38.478+0000] {dag.py:3441} INFO - Setting next_dagrun for example_trigger_target_dag to None, run_after=None
[2023-03-04T13:26:38.490+0000] {processor.py:175} INFO - Processing /home/airflow/.local/lib/python3.7/site-packages/airflow/example_dags/example_trigger_target_dag.py took 0.081 seconds
[2023-03-04T13:40:40.460+0000] {processor.py:153} INFO - Started process (PID=5607) to work on /home/airflow/.local/lib/python3.7/site-packages/airflow/example_dags/example_trigger_target_dag.py
[2023-03-04T13:40:40.461+0000] {processor.py:743} INFO - Processing file /home/airflow/.local/lib/python3.7/site-packages/airflow/example_dags/example_trigger_target_dag.py for tasks to queue
[2023-03-04T13:40:40.462+0000] {logging_mixin.py:137} INFO - [2023-03-04T13:40:40.462+0000] {dagbag.py:538} INFO - Filling up the DagBag from /home/airflow/.local/lib/python3.7/site-packages/airflow/example_dags/example_trigger_target_dag.py
[2023-03-04T13:40:40.480+0000] {processor.py:753} INFO - DAG(s) dict_keys(['example_trigger_target_dag']) retrieved from /home/airflow/.local/lib/python3.7/site-packages/airflow/example_dags/example_trigger_target_dag.py
[2023-03-04T13:40:40.511+0000] {logging_mixin.py:137} INFO - [2023-03-04T13:40:40.510+0000] {dag.py:2690} INFO - Sync 1 DAGs
[2023-03-04T13:40:40.533+0000] {logging_mixin.py:137} INFO - [2023-03-04T13:40:40.533+0000] {dag.py:3441} INFO - Setting next_dagrun for example_trigger_target_dag to None, run_after=None
[2023-03-04T13:40:40.548+0000] {processor.py:175} INFO - Processing /home/airflow/.local/lib/python3.7/site-packages/airflow/example_dags/example_trigger_target_dag.py took 0.092 seconds
[2023-03-04T14:00:04.566+0000] {processor.py:153} INFO - Started process (PID=5670) to work on /home/airflow/.local/lib/python3.7/site-packages/airflow/example_dags/example_trigger_target_dag.py
[2023-03-04T14:00:04.568+0000] {processor.py:743} INFO - Processing file /home/airflow/.local/lib/python3.7/site-packages/airflow/example_dags/example_trigger_target_dag.py for tasks to queue
[2023-03-04T14:00:04.569+0000] {logging_mixin.py:137} INFO - [2023-03-04T14:00:04.569+0000] {dagbag.py:538} INFO - Filling up the DagBag from /home/airflow/.local/lib/python3.7/site-packages/airflow/example_dags/example_trigger_target_dag.py
[2023-03-04T14:00:04.591+0000] {processor.py:753} INFO - DAG(s) dict_keys(['example_trigger_target_dag']) retrieved from /home/airflow/.local/lib/python3.7/site-packages/airflow/example_dags/example_trigger_target_dag.py
[2023-03-04T14:00:04.626+0000] {logging_mixin.py:137} INFO - [2023-03-04T14:00:04.626+0000] {dag.py:2690} INFO - Sync 1 DAGs
[2023-03-04T14:00:04.647+0000] {logging_mixin.py:137} INFO - [2023-03-04T14:00:04.647+0000] {dag.py:3441} INFO - Setting next_dagrun for example_trigger_target_dag to None, run_after=None
[2023-03-04T14:00:04.663+0000] {processor.py:175} INFO - Processing /home/airflow/.local/lib/python3.7/site-packages/airflow/example_dags/example_trigger_target_dag.py took 0.108 seconds
[2023-03-04T14:50:39.689+0000] {processor.py:153} INFO - Started process (PID=5733) to work on /home/airflow/.local/lib/python3.7/site-packages/airflow/example_dags/example_trigger_target_dag.py
[2023-03-04T14:50:39.690+0000] {processor.py:743} INFO - Processing file /home/airflow/.local/lib/python3.7/site-packages/airflow/example_dags/example_trigger_target_dag.py for tasks to queue
[2023-03-04T14:50:39.691+0000] {logging_mixin.py:137} INFO - [2023-03-04T14:50:39.691+0000] {dagbag.py:538} INFO - Filling up the DagBag from /home/airflow/.local/lib/python3.7/site-packages/airflow/example_dags/example_trigger_target_dag.py
[2023-03-04T14:50:39.707+0000] {processor.py:753} INFO - DAG(s) dict_keys(['example_trigger_target_dag']) retrieved from /home/airflow/.local/lib/python3.7/site-packages/airflow/example_dags/example_trigger_target_dag.py
[2023-03-04T14:50:39.729+0000] {logging_mixin.py:137} INFO - [2023-03-04T14:50:39.729+0000] {dag.py:2690} INFO - Sync 1 DAGs
[2023-03-04T14:50:39.753+0000] {logging_mixin.py:137} INFO - [2023-03-04T14:50:39.752+0000] {dag.py:3441} INFO - Setting next_dagrun for example_trigger_target_dag to None, run_after=None
[2023-03-04T14:50:39.769+0000] {processor.py:175} INFO - Processing /home/airflow/.local/lib/python3.7/site-packages/airflow/example_dags/example_trigger_target_dag.py took 0.083 seconds
[2023-03-04T15:19:43.991+0000] {processor.py:153} INFO - Started process (PID=5808) to work on /home/airflow/.local/lib/python3.7/site-packages/airflow/example_dags/example_trigger_target_dag.py
[2023-03-04T15:19:44.001+0000] {processor.py:743} INFO - Processing file /home/airflow/.local/lib/python3.7/site-packages/airflow/example_dags/example_trigger_target_dag.py for tasks to queue
[2023-03-04T15:19:44.006+0000] {logging_mixin.py:137} INFO - [2023-03-04T15:19:44.005+0000] {dagbag.py:538} INFO - Filling up the DagBag from /home/airflow/.local/lib/python3.7/site-packages/airflow/example_dags/example_trigger_target_dag.py
[2023-03-04T15:19:44.055+0000] {processor.py:753} INFO - DAG(s) dict_keys(['example_trigger_target_dag']) retrieved from /home/airflow/.local/lib/python3.7/site-packages/airflow/example_dags/example_trigger_target_dag.py
[2023-03-04T15:19:44.140+0000] {logging_mixin.py:137} INFO - [2023-03-04T15:19:44.140+0000] {dag.py:2690} INFO - Sync 1 DAGs
[2023-03-04T15:19:44.198+0000] {logging_mixin.py:137} INFO - [2023-03-04T15:19:44.197+0000] {dag.py:3441} INFO - Setting next_dagrun for example_trigger_target_dag to None, run_after=None
[2023-03-04T15:19:44.232+0000] {processor.py:175} INFO - Processing /home/airflow/.local/lib/python3.7/site-packages/airflow/example_dags/example_trigger_target_dag.py took 0.253 seconds
[2023-03-04T15:27:03.381+0000] {processor.py:153} INFO - Started process (PID=5870) to work on /home/airflow/.local/lib/python3.7/site-packages/airflow/example_dags/example_trigger_target_dag.py
[2023-03-04T15:27:03.441+0000] {processor.py:743} INFO - Processing file /home/airflow/.local/lib/python3.7/site-packages/airflow/example_dags/example_trigger_target_dag.py for tasks to queue
[2023-03-04T15:27:03.470+0000] {logging_mixin.py:137} INFO - [2023-03-04T15:27:03.470+0000] {dagbag.py:538} INFO - Filling up the DagBag from /home/airflow/.local/lib/python3.7/site-packages/airflow/example_dags/example_trigger_target_dag.py
[2023-03-04T15:27:03.629+0000] {processor.py:753} INFO - DAG(s) dict_keys(['example_trigger_target_dag']) retrieved from /home/airflow/.local/lib/python3.7/site-packages/airflow/example_dags/example_trigger_target_dag.py
[2023-03-04T15:27:03.887+0000] {logging_mixin.py:137} INFO - [2023-03-04T15:27:03.883+0000] {dag.py:2690} INFO - Sync 1 DAGs
[2023-03-04T15:27:04.006+0000] {logging_mixin.py:137} INFO - [2023-03-04T15:27:04.006+0000] {dag.py:3441} INFO - Setting next_dagrun for example_trigger_target_dag to None, run_after=None
[2023-03-04T15:27:04.140+0000] {processor.py:175} INFO - Processing /home/airflow/.local/lib/python3.7/site-packages/airflow/example_dags/example_trigger_target_dag.py took 0.793 seconds
[2023-03-04T16:21:41.705+0000] {processor.py:153} INFO - Started process (PID=5921) to work on /home/airflow/.local/lib/python3.7/site-packages/airflow/example_dags/example_trigger_target_dag.py
[2023-03-04T16:21:41.708+0000] {processor.py:743} INFO - Processing file /home/airflow/.local/lib/python3.7/site-packages/airflow/example_dags/example_trigger_target_dag.py for tasks to queue
[2023-03-04T16:21:41.709+0000] {logging_mixin.py:137} INFO - [2023-03-04T16:21:41.709+0000] {dagbag.py:538} INFO - Filling up the DagBag from /home/airflow/.local/lib/python3.7/site-packages/airflow/example_dags/example_trigger_target_dag.py
[2023-03-04T16:21:41.738+0000] {processor.py:753} INFO - DAG(s) dict_keys(['example_trigger_target_dag']) retrieved from /home/airflow/.local/lib/python3.7/site-packages/airflow/example_dags/example_trigger_target_dag.py
[2023-03-04T16:21:41.760+0000] {logging_mixin.py:137} INFO - [2023-03-04T16:21:41.760+0000] {dag.py:2690} INFO - Sync 1 DAGs
[2023-03-04T16:21:41.783+0000] {logging_mixin.py:137} INFO - [2023-03-04T16:21:41.783+0000] {dag.py:3441} INFO - Setting next_dagrun for example_trigger_target_dag to None, run_after=None
[2023-03-04T16:21:41.804+0000] {processor.py:175} INFO - Processing /home/airflow/.local/lib/python3.7/site-packages/airflow/example_dags/example_trigger_target_dag.py took 0.106 seconds
[2023-03-04T17:17:17.258+0000] {processor.py:153} INFO - Started process (PID=5979) to work on /home/airflow/.local/lib/python3.7/site-packages/airflow/example_dags/example_trigger_target_dag.py
[2023-03-04T17:17:17.259+0000] {processor.py:743} INFO - Processing file /home/airflow/.local/lib/python3.7/site-packages/airflow/example_dags/example_trigger_target_dag.py for tasks to queue
[2023-03-04T17:17:17.260+0000] {logging_mixin.py:137} INFO - [2023-03-04T17:17:17.260+0000] {dagbag.py:538} INFO - Filling up the DagBag from /home/airflow/.local/lib/python3.7/site-packages/airflow/example_dags/example_trigger_target_dag.py
[2023-03-04T17:17:17.280+0000] {processor.py:753} INFO - DAG(s) dict_keys(['example_trigger_target_dag']) retrieved from /home/airflow/.local/lib/python3.7/site-packages/airflow/example_dags/example_trigger_target_dag.py
[2023-03-04T17:17:17.326+0000] {logging_mixin.py:137} INFO - [2023-03-04T17:17:17.325+0000] {dag.py:2690} INFO - Sync 1 DAGs
[2023-03-04T17:17:17.471+0000] {logging_mixin.py:137} INFO - [2023-03-04T17:17:17.470+0000] {dag.py:3441} INFO - Setting next_dagrun for example_trigger_target_dag to None, run_after=None
[2023-03-04T17:17:17.499+0000] {processor.py:175} INFO - Processing /home/airflow/.local/lib/python3.7/site-packages/airflow/example_dags/example_trigger_target_dag.py took 0.245 seconds
[2023-03-04T18:30:31.794+0000] {processor.py:153} INFO - Started process (PID=6042) to work on /home/airflow/.local/lib/python3.7/site-packages/airflow/example_dags/example_trigger_target_dag.py
[2023-03-04T18:30:31.796+0000] {processor.py:743} INFO - Processing file /home/airflow/.local/lib/python3.7/site-packages/airflow/example_dags/example_trigger_target_dag.py for tasks to queue
[2023-03-04T18:30:31.796+0000] {logging_mixin.py:137} INFO - [2023-03-04T18:30:31.796+0000] {dagbag.py:538} INFO - Filling up the DagBag from /home/airflow/.local/lib/python3.7/site-packages/airflow/example_dags/example_trigger_target_dag.py
[2023-03-04T18:30:31.816+0000] {processor.py:753} INFO - DAG(s) dict_keys(['example_trigger_target_dag']) retrieved from /home/airflow/.local/lib/python3.7/site-packages/airflow/example_dags/example_trigger_target_dag.py
[2023-03-04T18:30:31.839+0000] {logging_mixin.py:137} INFO - [2023-03-04T18:30:31.839+0000] {dag.py:2690} INFO - Sync 1 DAGs
[2023-03-04T18:30:31.855+0000] {logging_mixin.py:137} INFO - [2023-03-04T18:30:31.855+0000] {dag.py:3441} INFO - Setting next_dagrun for example_trigger_target_dag to None, run_after=None
[2023-03-04T18:30:31.867+0000] {processor.py:175} INFO - Processing /home/airflow/.local/lib/python3.7/site-packages/airflow/example_dags/example_trigger_target_dag.py took 0.076 seconds
[2023-03-04T19:34:52.309+0000] {processor.py:153} INFO - Started process (PID=6118) to work on /home/airflow/.local/lib/python3.7/site-packages/airflow/example_dags/example_trigger_target_dag.py
[2023-03-04T19:34:52.336+0000] {processor.py:743} INFO - Processing file /home/airflow/.local/lib/python3.7/site-packages/airflow/example_dags/example_trigger_target_dag.py for tasks to queue
[2023-03-04T19:34:52.357+0000] {logging_mixin.py:137} INFO - [2023-03-04T19:34:52.356+0000] {dagbag.py:538} INFO - Filling up the DagBag from /home/airflow/.local/lib/python3.7/site-packages/airflow/example_dags/example_trigger_target_dag.py
[2023-03-04T19:34:52.495+0000] {processor.py:753} INFO - DAG(s) dict_keys(['example_trigger_target_dag']) retrieved from /home/airflow/.local/lib/python3.7/site-packages/airflow/example_dags/example_trigger_target_dag.py
[2023-03-04T19:34:52.617+0000] {logging_mixin.py:137} INFO - [2023-03-04T19:34:52.616+0000] {dag.py:2690} INFO - Sync 1 DAGs
[2023-03-04T19:34:52.676+0000] {logging_mixin.py:137} INFO - [2023-03-04T19:34:52.675+0000] {dag.py:3441} INFO - Setting next_dagrun for example_trigger_target_dag to None, run_after=None
[2023-03-04T19:34:52.711+0000] {processor.py:175} INFO - Processing /home/airflow/.local/lib/python3.7/site-packages/airflow/example_dags/example_trigger_target_dag.py took 0.447 seconds
[2023-03-04T20:25:42.691+0000] {processor.py:153} INFO - Started process (PID=6182) to work on /home/airflow/.local/lib/python3.7/site-packages/airflow/example_dags/example_trigger_target_dag.py
[2023-03-04T20:25:42.694+0000] {processor.py:743} INFO - Processing file /home/airflow/.local/lib/python3.7/site-packages/airflow/example_dags/example_trigger_target_dag.py for tasks to queue
[2023-03-04T20:25:42.696+0000] {logging_mixin.py:137} INFO - [2023-03-04T20:25:42.696+0000] {dagbag.py:538} INFO - Filling up the DagBag from /home/airflow/.local/lib/python3.7/site-packages/airflow/example_dags/example_trigger_target_dag.py
[2023-03-04T20:25:42.735+0000] {processor.py:753} INFO - DAG(s) dict_keys(['example_trigger_target_dag']) retrieved from /home/airflow/.local/lib/python3.7/site-packages/airflow/example_dags/example_trigger_target_dag.py
[2023-03-04T20:25:42.784+0000] {logging_mixin.py:137} INFO - [2023-03-04T20:25:42.784+0000] {dag.py:2690} INFO - Sync 1 DAGs
[2023-03-04T20:25:42.853+0000] {logging_mixin.py:137} INFO - [2023-03-04T20:25:42.853+0000] {dag.py:3441} INFO - Setting next_dagrun for example_trigger_target_dag to None, run_after=None
[2023-03-04T20:25:42.885+0000] {processor.py:175} INFO - Processing /home/airflow/.local/lib/python3.7/site-packages/airflow/example_dags/example_trigger_target_dag.py took 0.198 seconds
[2023-03-04T21:17:47.544+0000] {processor.py:153} INFO - Started process (PID=6245) to work on /home/airflow/.local/lib/python3.7/site-packages/airflow/example_dags/example_trigger_target_dag.py
[2023-03-04T21:17:47.546+0000] {processor.py:743} INFO - Processing file /home/airflow/.local/lib/python3.7/site-packages/airflow/example_dags/example_trigger_target_dag.py for tasks to queue
[2023-03-04T21:17:47.547+0000] {logging_mixin.py:137} INFO - [2023-03-04T21:17:47.547+0000] {dagbag.py:538} INFO - Filling up the DagBag from /home/airflow/.local/lib/python3.7/site-packages/airflow/example_dags/example_trigger_target_dag.py
[2023-03-04T21:17:47.568+0000] {processor.py:753} INFO - DAG(s) dict_keys(['example_trigger_target_dag']) retrieved from /home/airflow/.local/lib/python3.7/site-packages/airflow/example_dags/example_trigger_target_dag.py
[2023-03-04T21:17:47.597+0000] {logging_mixin.py:137} INFO - [2023-03-04T21:17:47.597+0000] {dag.py:2690} INFO - Sync 1 DAGs
[2023-03-04T21:17:47.618+0000] {logging_mixin.py:137} INFO - [2023-03-04T21:17:47.618+0000] {dag.py:3441} INFO - Setting next_dagrun for example_trigger_target_dag to None, run_after=None
[2023-03-04T21:17:47.631+0000] {processor.py:175} INFO - Processing /home/airflow/.local/lib/python3.7/site-packages/airflow/example_dags/example_trigger_target_dag.py took 0.090 seconds
[2023-03-04T22:18:14.727+0000] {processor.py:153} INFO - Started process (PID=6309) to work on /home/airflow/.local/lib/python3.7/site-packages/airflow/example_dags/example_trigger_target_dag.py
[2023-03-04T22:18:14.732+0000] {processor.py:743} INFO - Processing file /home/airflow/.local/lib/python3.7/site-packages/airflow/example_dags/example_trigger_target_dag.py for tasks to queue
[2023-03-04T22:18:14.738+0000] {logging_mixin.py:137} INFO - [2023-03-04T22:18:14.738+0000] {dagbag.py:538} INFO - Filling up the DagBag from /home/airflow/.local/lib/python3.7/site-packages/airflow/example_dags/example_trigger_target_dag.py
[2023-03-04T22:18:14.854+0000] {processor.py:753} INFO - DAG(s) dict_keys(['example_trigger_target_dag']) retrieved from /home/airflow/.local/lib/python3.7/site-packages/airflow/example_dags/example_trigger_target_dag.py
[2023-03-04T22:18:15.060+0000] {logging_mixin.py:137} INFO - [2023-03-04T22:18:15.059+0000] {dag.py:2690} INFO - Sync 1 DAGs
[2023-03-04T22:18:15.164+0000] {logging_mixin.py:137} INFO - [2023-03-04T22:18:15.164+0000] {dag.py:3441} INFO - Setting next_dagrun for example_trigger_target_dag to None, run_after=None
[2023-03-04T22:18:15.226+0000] {processor.py:175} INFO - Processing /home/airflow/.local/lib/python3.7/site-packages/airflow/example_dags/example_trigger_target_dag.py took 0.537 seconds
[2023-03-04T23:42:21.328+0000] {processor.py:153} INFO - Started process (PID=6372) to work on /home/airflow/.local/lib/python3.7/site-packages/airflow/example_dags/example_trigger_target_dag.py
[2023-03-04T23:42:21.329+0000] {processor.py:743} INFO - Processing file /home/airflow/.local/lib/python3.7/site-packages/airflow/example_dags/example_trigger_target_dag.py for tasks to queue
[2023-03-04T23:42:21.330+0000] {logging_mixin.py:137} INFO - [2023-03-04T23:42:21.330+0000] {dagbag.py:538} INFO - Filling up the DagBag from /home/airflow/.local/lib/python3.7/site-packages/airflow/example_dags/example_trigger_target_dag.py
[2023-03-04T23:42:21.350+0000] {processor.py:753} INFO - DAG(s) dict_keys(['example_trigger_target_dag']) retrieved from /home/airflow/.local/lib/python3.7/site-packages/airflow/example_dags/example_trigger_target_dag.py
[2023-03-04T23:42:21.371+0000] {logging_mixin.py:137} INFO - [2023-03-04T23:42:21.371+0000] {dag.py:2690} INFO - Sync 1 DAGs
[2023-03-04T23:42:21.392+0000] {logging_mixin.py:137} INFO - [2023-03-04T23:42:21.392+0000] {dag.py:3441} INFO - Setting next_dagrun for example_trigger_target_dag to None, run_after=None
[2023-03-04T23:42:21.406+0000] {processor.py:175} INFO - Processing /home/airflow/.local/lib/python3.7/site-packages/airflow/example_dags/example_trigger_target_dag.py took 0.081 seconds
