[2023-03-04T00:47:46.056+0000] {processor.py:153} INFO - Started process (PID=4578) to work on /home/airflow/.local/lib/python3.7/site-packages/airflow/example_dags/example_branch_python_dop_operator_3.py
[2023-03-04T00:47:46.076+0000] {processor.py:743} INFO - Processing file /home/airflow/.local/lib/python3.7/site-packages/airflow/example_dags/example_branch_python_dop_operator_3.py for tasks to queue
[2023-03-04T00:47:46.083+0000] {logging_mixin.py:137} INFO - [2023-03-04T00:47:46.083+0000] {dagbag.py:538} INFO - Filling up the DagBag from /home/airflow/.local/lib/python3.7/site-packages/airflow/example_dags/example_branch_python_dop_operator_3.py
[2023-03-04T00:47:46.454+0000] {processor.py:753} INFO - DAG(s) dict_keys(['example_branch_dop_operator_v3']) retrieved from /home/airflow/.local/lib/python3.7/site-packages/airflow/example_dags/example_branch_python_dop_operator_3.py
[2023-03-04T00:47:46.834+0000] {logging_mixin.py:137} INFO - [2023-03-04T00:47:46.833+0000] {dag.py:2690} INFO - Sync 1 DAGs
[2023-03-04T00:47:47.122+0000] {logging_mixin.py:137} INFO - [2023-03-04T00:47:47.122+0000] {dag.py:3441} INFO - Setting next_dagrun for example_branch_dop_operator_v3 to 2023-03-04T00:46:00+00:00, run_after=2023-03-04T00:47:00+00:00
[2023-03-04T00:47:47.206+0000] {processor.py:175} INFO - Processing /home/airflow/.local/lib/python3.7/site-packages/airflow/example_dags/example_branch_python_dop_operator_3.py took 1.360 seconds
[2023-03-04T06:11:03.114+0000] {processor.py:153} INFO - Started process (PID=4703) to work on /home/airflow/.local/lib/python3.7/site-packages/airflow/example_dags/example_branch_python_dop_operator_3.py
[2023-03-04T06:11:03.150+0000] {processor.py:743} INFO - Processing file /home/airflow/.local/lib/python3.7/site-packages/airflow/example_dags/example_branch_python_dop_operator_3.py for tasks to queue
[2023-03-04T06:11:03.165+0000] {logging_mixin.py:137} INFO - [2023-03-04T06:11:03.164+0000] {dagbag.py:538} INFO - Filling up the DagBag from /home/airflow/.local/lib/python3.7/site-packages/airflow/example_dags/example_branch_python_dop_operator_3.py
[2023-03-04T06:11:03.340+0000] {processor.py:753} INFO - DAG(s) dict_keys(['example_branch_dop_operator_v3']) retrieved from /home/airflow/.local/lib/python3.7/site-packages/airflow/example_dags/example_branch_python_dop_operator_3.py
[2023-03-04T06:11:03.467+0000] {logging_mixin.py:137} INFO - [2023-03-04T06:11:03.467+0000] {dag.py:2690} INFO - Sync 1 DAGs
[2023-03-04T06:11:03.605+0000] {logging_mixin.py:137} INFO - [2023-03-04T06:11:03.604+0000] {dag.py:3441} INFO - Setting next_dagrun for example_branch_dop_operator_v3 to 2023-03-04T06:10:00+00:00, run_after=2023-03-04T06:11:00+00:00
[2023-03-04T06:11:03.764+0000] {processor.py:175} INFO - Processing /home/airflow/.local/lib/python3.7/site-packages/airflow/example_dags/example_branch_python_dop_operator_3.py took 0.690 seconds
[2023-03-04T07:05:54.046+0000] {processor.py:153} INFO - Started process (PID=4763) to work on /home/airflow/.local/lib/python3.7/site-packages/airflow/example_dags/example_branch_python_dop_operator_3.py
[2023-03-04T07:05:54.048+0000] {processor.py:743} INFO - Processing file /home/airflow/.local/lib/python3.7/site-packages/airflow/example_dags/example_branch_python_dop_operator_3.py for tasks to queue
[2023-03-04T07:05:54.051+0000] {logging_mixin.py:137} INFO - [2023-03-04T07:05:54.051+0000] {dagbag.py:538} INFO - Filling up the DagBag from /home/airflow/.local/lib/python3.7/site-packages/airflow/example_dags/example_branch_python_dop_operator_3.py
[2023-03-04T07:05:54.086+0000] {processor.py:753} INFO - DAG(s) dict_keys(['example_branch_dop_operator_v3']) retrieved from /home/airflow/.local/lib/python3.7/site-packages/airflow/example_dags/example_branch_python_dop_operator_3.py
[2023-03-04T07:05:54.262+0000] {logging_mixin.py:137} INFO - [2023-03-04T07:05:54.261+0000] {dag.py:2690} INFO - Sync 1 DAGs
[2023-03-04T07:05:54.381+0000] {logging_mixin.py:137} INFO - [2023-03-04T07:05:54.381+0000] {dag.py:3441} INFO - Setting next_dagrun for example_branch_dop_operator_v3 to 2023-03-04T07:04:00+00:00, run_after=2023-03-04T07:05:00+00:00
[2023-03-04T07:05:54.491+0000] {processor.py:175} INFO - Processing /home/airflow/.local/lib/python3.7/site-packages/airflow/example_dags/example_branch_python_dop_operator_3.py took 0.449 seconds
[2023-03-04T07:37:53.875+0000] {processor.py:153} INFO - Started process (PID=4829) to work on /home/airflow/.local/lib/python3.7/site-packages/airflow/example_dags/example_branch_python_dop_operator_3.py
[2023-03-04T07:37:53.877+0000] {processor.py:743} INFO - Processing file /home/airflow/.local/lib/python3.7/site-packages/airflow/example_dags/example_branch_python_dop_operator_3.py for tasks to queue
[2023-03-04T07:37:53.878+0000] {logging_mixin.py:137} INFO - [2023-03-04T07:37:53.878+0000] {dagbag.py:538} INFO - Filling up the DagBag from /home/airflow/.local/lib/python3.7/site-packages/airflow/example_dags/example_branch_python_dop_operator_3.py
[2023-03-04T07:37:53.898+0000] {processor.py:753} INFO - DAG(s) dict_keys(['example_branch_dop_operator_v3']) retrieved from /home/airflow/.local/lib/python3.7/site-packages/airflow/example_dags/example_branch_python_dop_operator_3.py
[2023-03-04T07:37:53.922+0000] {logging_mixin.py:137} INFO - [2023-03-04T07:37:53.922+0000] {dag.py:2690} INFO - Sync 1 DAGs
[2023-03-04T07:37:53.942+0000] {logging_mixin.py:137} INFO - [2023-03-04T07:37:53.942+0000] {dag.py:3441} INFO - Setting next_dagrun for example_branch_dop_operator_v3 to 2023-03-04T07:36:00+00:00, run_after=2023-03-04T07:37:00+00:00
[2023-03-04T07:37:53.962+0000] {processor.py:175} INFO - Processing /home/airflow/.local/lib/python3.7/site-packages/airflow/example_dags/example_branch_python_dop_operator_3.py took 0.091 seconds
[2023-03-04T07:43:52.442+0000] {processor.py:153} INFO - Started process (PID=4892) to work on /home/airflow/.local/lib/python3.7/site-packages/airflow/example_dags/example_branch_python_dop_operator_3.py
[2023-03-04T07:43:52.444+0000] {processor.py:743} INFO - Processing file /home/airflow/.local/lib/python3.7/site-packages/airflow/example_dags/example_branch_python_dop_operator_3.py for tasks to queue
[2023-03-04T07:43:52.445+0000] {logging_mixin.py:137} INFO - [2023-03-04T07:43:52.445+0000] {dagbag.py:538} INFO - Filling up the DagBag from /home/airflow/.local/lib/python3.7/site-packages/airflow/example_dags/example_branch_python_dop_operator_3.py
[2023-03-04T07:43:52.467+0000] {processor.py:753} INFO - DAG(s) dict_keys(['example_branch_dop_operator_v3']) retrieved from /home/airflow/.local/lib/python3.7/site-packages/airflow/example_dags/example_branch_python_dop_operator_3.py
[2023-03-04T07:43:52.521+0000] {logging_mixin.py:137} INFO - [2023-03-04T07:43:52.520+0000] {dag.py:2690} INFO - Sync 1 DAGs
[2023-03-04T07:43:52.579+0000] {logging_mixin.py:137} INFO - [2023-03-04T07:43:52.579+0000] {dag.py:3441} INFO - Setting next_dagrun for example_branch_dop_operator_v3 to 2023-03-04T07:42:00+00:00, run_after=2023-03-04T07:43:00+00:00
[2023-03-04T07:43:52.609+0000] {processor.py:175} INFO - Processing /home/airflow/.local/lib/python3.7/site-packages/airflow/example_dags/example_branch_python_dop_operator_3.py took 0.170 seconds
[2023-03-04T09:08:14.038+0000] {processor.py:153} INFO - Started process (PID=4967) to work on /home/airflow/.local/lib/python3.7/site-packages/airflow/example_dags/example_branch_python_dop_operator_3.py
[2023-03-04T09:08:14.040+0000] {processor.py:743} INFO - Processing file /home/airflow/.local/lib/python3.7/site-packages/airflow/example_dags/example_branch_python_dop_operator_3.py for tasks to queue
[2023-03-04T09:08:14.041+0000] {logging_mixin.py:137} INFO - [2023-03-04T09:08:14.041+0000] {dagbag.py:538} INFO - Filling up the DagBag from /home/airflow/.local/lib/python3.7/site-packages/airflow/example_dags/example_branch_python_dop_operator_3.py
[2023-03-04T09:08:14.111+0000] {processor.py:753} INFO - DAG(s) dict_keys(['example_branch_dop_operator_v3']) retrieved from /home/airflow/.local/lib/python3.7/site-packages/airflow/example_dags/example_branch_python_dop_operator_3.py
[2023-03-04T09:08:14.232+0000] {logging_mixin.py:137} INFO - [2023-03-04T09:08:14.231+0000] {dag.py:2690} INFO - Sync 1 DAGs
[2023-03-04T09:08:14.279+0000] {logging_mixin.py:137} INFO - [2023-03-04T09:08:14.279+0000] {dag.py:3441} INFO - Setting next_dagrun for example_branch_dop_operator_v3 to 2023-03-04T09:07:00+00:00, run_after=2023-03-04T09:08:00+00:00
[2023-03-04T09:08:14.308+0000] {processor.py:175} INFO - Processing /home/airflow/.local/lib/python3.7/site-packages/airflow/example_dags/example_branch_python_dop_operator_3.py took 0.276 seconds
[2023-03-04T10:01:49.277+0000] {processor.py:153} INFO - Started process (PID=5030) to work on /home/airflow/.local/lib/python3.7/site-packages/airflow/example_dags/example_branch_python_dop_operator_3.py
[2023-03-04T10:01:49.280+0000] {processor.py:743} INFO - Processing file /home/airflow/.local/lib/python3.7/site-packages/airflow/example_dags/example_branch_python_dop_operator_3.py for tasks to queue
[2023-03-04T10:01:49.282+0000] {logging_mixin.py:137} INFO - [2023-03-04T10:01:49.282+0000] {dagbag.py:538} INFO - Filling up the DagBag from /home/airflow/.local/lib/python3.7/site-packages/airflow/example_dags/example_branch_python_dop_operator_3.py
[2023-03-04T10:01:49.337+0000] {processor.py:753} INFO - DAG(s) dict_keys(['example_branch_dop_operator_v3']) retrieved from /home/airflow/.local/lib/python3.7/site-packages/airflow/example_dags/example_branch_python_dop_operator_3.py
[2023-03-04T10:01:49.398+0000] {logging_mixin.py:137} INFO - [2023-03-04T10:01:49.398+0000] {dag.py:2690} INFO - Sync 1 DAGs
[2023-03-04T10:01:49.425+0000] {logging_mixin.py:137} INFO - [2023-03-04T10:01:49.425+0000] {dag.py:3441} INFO - Setting next_dagrun for example_branch_dop_operator_v3 to 2023-03-04T10:00:00+00:00, run_after=2023-03-04T10:01:00+00:00
[2023-03-04T10:01:49.459+0000] {processor.py:175} INFO - Processing /home/airflow/.local/lib/python3.7/site-packages/airflow/example_dags/example_branch_python_dop_operator_3.py took 0.186 seconds
[2023-03-04T10:51:23.990+0000] {processor.py:153} INFO - Started process (PID=5089) to work on /home/airflow/.local/lib/python3.7/site-packages/airflow/example_dags/example_branch_python_dop_operator_3.py
[2023-03-04T10:51:23.993+0000] {processor.py:743} INFO - Processing file /home/airflow/.local/lib/python3.7/site-packages/airflow/example_dags/example_branch_python_dop_operator_3.py for tasks to queue
[2023-03-04T10:51:23.995+0000] {logging_mixin.py:137} INFO - [2023-03-04T10:51:23.995+0000] {dagbag.py:538} INFO - Filling up the DagBag from /home/airflow/.local/lib/python3.7/site-packages/airflow/example_dags/example_branch_python_dop_operator_3.py
[2023-03-04T10:51:24.042+0000] {processor.py:753} INFO - DAG(s) dict_keys(['example_branch_dop_operator_v3']) retrieved from /home/airflow/.local/lib/python3.7/site-packages/airflow/example_dags/example_branch_python_dop_operator_3.py
[2023-03-04T10:51:24.119+0000] {logging_mixin.py:137} INFO - [2023-03-04T10:51:24.119+0000] {dag.py:2690} INFO - Sync 1 DAGs
[2023-03-04T10:51:24.182+0000] {logging_mixin.py:137} INFO - [2023-03-04T10:51:24.182+0000] {dag.py:3441} INFO - Setting next_dagrun for example_branch_dop_operator_v3 to 2023-03-04T10:50:00+00:00, run_after=2023-03-04T10:51:00+00:00
[2023-03-04T10:51:24.204+0000] {processor.py:175} INFO - Processing /home/airflow/.local/lib/python3.7/site-packages/airflow/example_dags/example_branch_python_dop_operator_3.py took 0.221 seconds
[2023-03-04T11:12:01.804+0000] {processor.py:153} INFO - Started process (PID=5155) to work on /home/airflow/.local/lib/python3.7/site-packages/airflow/example_dags/example_branch_python_dop_operator_3.py
[2023-03-04T11:12:01.806+0000] {processor.py:743} INFO - Processing file /home/airflow/.local/lib/python3.7/site-packages/airflow/example_dags/example_branch_python_dop_operator_3.py for tasks to queue
[2023-03-04T11:12:01.807+0000] {logging_mixin.py:137} INFO - [2023-03-04T11:12:01.807+0000] {dagbag.py:538} INFO - Filling up the DagBag from /home/airflow/.local/lib/python3.7/site-packages/airflow/example_dags/example_branch_python_dop_operator_3.py
[2023-03-04T11:12:01.827+0000] {processor.py:753} INFO - DAG(s) dict_keys(['example_branch_dop_operator_v3']) retrieved from /home/airflow/.local/lib/python3.7/site-packages/airflow/example_dags/example_branch_python_dop_operator_3.py
[2023-03-04T11:12:01.872+0000] {logging_mixin.py:137} INFO - [2023-03-04T11:12:01.872+0000] {dag.py:2690} INFO - Sync 1 DAGs
[2023-03-04T11:12:01.896+0000] {logging_mixin.py:137} INFO - [2023-03-04T11:12:01.896+0000] {dag.py:3441} INFO - Setting next_dagrun for example_branch_dop_operator_v3 to 2023-03-04T11:11:00+00:00, run_after=2023-03-04T11:12:00+00:00
[2023-03-04T11:12:01.911+0000] {processor.py:175} INFO - Processing /home/airflow/.local/lib/python3.7/site-packages/airflow/example_dags/example_branch_python_dop_operator_3.py took 0.111 seconds
[2023-03-04T11:21:28.218+0000] {processor.py:153} INFO - Started process (PID=5218) to work on /home/airflow/.local/lib/python3.7/site-packages/airflow/example_dags/example_branch_python_dop_operator_3.py
[2023-03-04T11:21:28.220+0000] {processor.py:743} INFO - Processing file /home/airflow/.local/lib/python3.7/site-packages/airflow/example_dags/example_branch_python_dop_operator_3.py for tasks to queue
[2023-03-04T11:21:28.221+0000] {logging_mixin.py:137} INFO - [2023-03-04T11:21:28.221+0000] {dagbag.py:538} INFO - Filling up the DagBag from /home/airflow/.local/lib/python3.7/site-packages/airflow/example_dags/example_branch_python_dop_operator_3.py
[2023-03-04T11:21:28.249+0000] {processor.py:753} INFO - DAG(s) dict_keys(['example_branch_dop_operator_v3']) retrieved from /home/airflow/.local/lib/python3.7/site-packages/airflow/example_dags/example_branch_python_dop_operator_3.py
[2023-03-04T11:21:28.294+0000] {logging_mixin.py:137} INFO - [2023-03-04T11:21:28.294+0000] {dag.py:2690} INFO - Sync 1 DAGs
[2023-03-04T11:21:28.318+0000] {logging_mixin.py:137} INFO - [2023-03-04T11:21:28.318+0000] {dag.py:3441} INFO - Setting next_dagrun for example_branch_dop_operator_v3 to 2023-03-04T11:20:00+00:00, run_after=2023-03-04T11:21:00+00:00
[2023-03-04T11:21:28.332+0000] {processor.py:175} INFO - Processing /home/airflow/.local/lib/python3.7/site-packages/airflow/example_dags/example_branch_python_dop_operator_3.py took 0.117 seconds
[2023-03-04T11:56:43.737+0000] {processor.py:153} INFO - Started process (PID=5282) to work on /home/airflow/.local/lib/python3.7/site-packages/airflow/example_dags/example_branch_python_dop_operator_3.py
[2023-03-04T11:56:43.739+0000] {processor.py:743} INFO - Processing file /home/airflow/.local/lib/python3.7/site-packages/airflow/example_dags/example_branch_python_dop_operator_3.py for tasks to queue
[2023-03-04T11:56:43.740+0000] {logging_mixin.py:137} INFO - [2023-03-04T11:56:43.740+0000] {dagbag.py:538} INFO - Filling up the DagBag from /home/airflow/.local/lib/python3.7/site-packages/airflow/example_dags/example_branch_python_dop_operator_3.py
[2023-03-04T11:56:43.760+0000] {processor.py:753} INFO - DAG(s) dict_keys(['example_branch_dop_operator_v3']) retrieved from /home/airflow/.local/lib/python3.7/site-packages/airflow/example_dags/example_branch_python_dop_operator_3.py
[2023-03-04T11:56:43.782+0000] {logging_mixin.py:137} INFO - [2023-03-04T11:56:43.781+0000] {dag.py:2690} INFO - Sync 1 DAGs
[2023-03-04T11:56:43.802+0000] {logging_mixin.py:137} INFO - [2023-03-04T11:56:43.802+0000] {dag.py:3441} INFO - Setting next_dagrun for example_branch_dop_operator_v3 to 2023-03-04T11:55:00+00:00, run_after=2023-03-04T11:56:00+00:00
[2023-03-04T11:56:43.832+0000] {processor.py:175} INFO - Processing /home/airflow/.local/lib/python3.7/site-packages/airflow/example_dags/example_branch_python_dop_operator_3.py took 0.099 seconds
[2023-03-04T12:36:26.453+0000] {processor.py:153} INFO - Started process (PID=5357) to work on /home/airflow/.local/lib/python3.7/site-packages/airflow/example_dags/example_branch_python_dop_operator_3.py
[2023-03-04T12:36:26.464+0000] {processor.py:743} INFO - Processing file /home/airflow/.local/lib/python3.7/site-packages/airflow/example_dags/example_branch_python_dop_operator_3.py for tasks to queue
[2023-03-04T12:36:26.468+0000] {logging_mixin.py:137} INFO - [2023-03-04T12:36:26.468+0000] {dagbag.py:538} INFO - Filling up the DagBag from /home/airflow/.local/lib/python3.7/site-packages/airflow/example_dags/example_branch_python_dop_operator_3.py
[2023-03-04T12:36:26.600+0000] {processor.py:753} INFO - DAG(s) dict_keys(['example_branch_dop_operator_v3']) retrieved from /home/airflow/.local/lib/python3.7/site-packages/airflow/example_dags/example_branch_python_dop_operator_3.py
[2023-03-04T12:36:26.845+0000] {logging_mixin.py:137} INFO - [2023-03-04T12:36:26.844+0000] {dag.py:2690} INFO - Sync 1 DAGs
[2023-03-04T12:36:26.996+0000] {logging_mixin.py:137} INFO - [2023-03-04T12:36:26.995+0000] {dag.py:3441} INFO - Setting next_dagrun for example_branch_dop_operator_v3 to 2023-03-04T12:35:00+00:00, run_after=2023-03-04T12:36:00+00:00
[2023-03-04T12:36:27.098+0000] {processor.py:175} INFO - Processing /home/airflow/.local/lib/python3.7/site-packages/airflow/example_dags/example_branch_python_dop_operator_3.py took 0.667 seconds
[2023-03-04T12:50:15.234+0000] {processor.py:153} INFO - Started process (PID=5417) to work on /home/airflow/.local/lib/python3.7/site-packages/airflow/example_dags/example_branch_python_dop_operator_3.py
[2023-03-04T12:50:15.240+0000] {processor.py:743} INFO - Processing file /home/airflow/.local/lib/python3.7/site-packages/airflow/example_dags/example_branch_python_dop_operator_3.py for tasks to queue
[2023-03-04T12:50:15.242+0000] {logging_mixin.py:137} INFO - [2023-03-04T12:50:15.241+0000] {dagbag.py:538} INFO - Filling up the DagBag from /home/airflow/.local/lib/python3.7/site-packages/airflow/example_dags/example_branch_python_dop_operator_3.py
[2023-03-04T12:50:15.298+0000] {processor.py:753} INFO - DAG(s) dict_keys(['example_branch_dop_operator_v3']) retrieved from /home/airflow/.local/lib/python3.7/site-packages/airflow/example_dags/example_branch_python_dop_operator_3.py
[2023-03-04T12:50:15.350+0000] {logging_mixin.py:137} INFO - [2023-03-04T12:50:15.350+0000] {dag.py:2690} INFO - Sync 1 DAGs
[2023-03-04T12:50:15.414+0000] {logging_mixin.py:137} INFO - [2023-03-04T12:50:15.413+0000] {dag.py:3441} INFO - Setting next_dagrun for example_branch_dop_operator_v3 to 2023-03-04T12:49:00+00:00, run_after=2023-03-04T12:50:00+00:00
[2023-03-04T12:50:15.437+0000] {processor.py:175} INFO - Processing /home/airflow/.local/lib/python3.7/site-packages/airflow/example_dags/example_branch_python_dop_operator_3.py took 0.216 seconds
[2023-03-04T13:10:06.215+0000] {processor.py:153} INFO - Started process (PID=5483) to work on /home/airflow/.local/lib/python3.7/site-packages/airflow/example_dags/example_branch_python_dop_operator_3.py
[2023-03-04T13:10:06.221+0000] {processor.py:743} INFO - Processing file /home/airflow/.local/lib/python3.7/site-packages/airflow/example_dags/example_branch_python_dop_operator_3.py for tasks to queue
[2023-03-04T13:10:06.230+0000] {logging_mixin.py:137} INFO - [2023-03-04T13:10:06.229+0000] {dagbag.py:538} INFO - Filling up the DagBag from /home/airflow/.local/lib/python3.7/site-packages/airflow/example_dags/example_branch_python_dop_operator_3.py
[2023-03-04T13:10:06.351+0000] {processor.py:753} INFO - DAG(s) dict_keys(['example_branch_dop_operator_v3']) retrieved from /home/airflow/.local/lib/python3.7/site-packages/airflow/example_dags/example_branch_python_dop_operator_3.py
[2023-03-04T13:10:06.425+0000] {logging_mixin.py:137} INFO - [2023-03-04T13:10:06.424+0000] {dag.py:2690} INFO - Sync 1 DAGs
[2023-03-04T13:10:06.477+0000] {logging_mixin.py:137} INFO - [2023-03-04T13:10:06.477+0000] {dag.py:3441} INFO - Setting next_dagrun for example_branch_dop_operator_v3 to 2023-03-04T13:09:00+00:00, run_after=2023-03-04T13:10:00+00:00
[2023-03-04T13:10:06.520+0000] {processor.py:175} INFO - Processing /home/airflow/.local/lib/python3.7/site-packages/airflow/example_dags/example_branch_python_dop_operator_3.py took 0.315 seconds
[2023-03-04T13:26:38.533+0000] {processor.py:153} INFO - Started process (PID=5547) to work on /home/airflow/.local/lib/python3.7/site-packages/airflow/example_dags/example_branch_python_dop_operator_3.py
[2023-03-04T13:26:38.535+0000] {processor.py:743} INFO - Processing file /home/airflow/.local/lib/python3.7/site-packages/airflow/example_dags/example_branch_python_dop_operator_3.py for tasks to queue
[2023-03-04T13:26:38.535+0000] {logging_mixin.py:137} INFO - [2023-03-04T13:26:38.535+0000] {dagbag.py:538} INFO - Filling up the DagBag from /home/airflow/.local/lib/python3.7/site-packages/airflow/example_dags/example_branch_python_dop_operator_3.py
[2023-03-04T13:26:38.555+0000] {processor.py:753} INFO - DAG(s) dict_keys(['example_branch_dop_operator_v3']) retrieved from /home/airflow/.local/lib/python3.7/site-packages/airflow/example_dags/example_branch_python_dop_operator_3.py
[2023-03-04T13:26:38.577+0000] {logging_mixin.py:137} INFO - [2023-03-04T13:26:38.577+0000] {dag.py:2690} INFO - Sync 1 DAGs
[2023-03-04T13:26:38.611+0000] {logging_mixin.py:137} INFO - [2023-03-04T13:26:38.610+0000] {dag.py:3441} INFO - Setting next_dagrun for example_branch_dop_operator_v3 to 2023-03-04T13:25:00+00:00, run_after=2023-03-04T13:26:00+00:00
[2023-03-04T13:26:38.627+0000] {processor.py:175} INFO - Processing /home/airflow/.local/lib/python3.7/site-packages/airflow/example_dags/example_branch_python_dop_operator_3.py took 0.099 seconds
[2023-03-04T13:40:40.577+0000] {processor.py:153} INFO - Started process (PID=5609) to work on /home/airflow/.local/lib/python3.7/site-packages/airflow/example_dags/example_branch_python_dop_operator_3.py
[2023-03-04T13:40:40.579+0000] {processor.py:743} INFO - Processing file /home/airflow/.local/lib/python3.7/site-packages/airflow/example_dags/example_branch_python_dop_operator_3.py for tasks to queue
[2023-03-04T13:40:40.580+0000] {logging_mixin.py:137} INFO - [2023-03-04T13:40:40.580+0000] {dagbag.py:538} INFO - Filling up the DagBag from /home/airflow/.local/lib/python3.7/site-packages/airflow/example_dags/example_branch_python_dop_operator_3.py
[2023-03-04T13:40:40.598+0000] {processor.py:753} INFO - DAG(s) dict_keys(['example_branch_dop_operator_v3']) retrieved from /home/airflow/.local/lib/python3.7/site-packages/airflow/example_dags/example_branch_python_dop_operator_3.py
[2023-03-04T13:40:40.620+0000] {logging_mixin.py:137} INFO - [2023-03-04T13:40:40.620+0000] {dag.py:2690} INFO - Sync 1 DAGs
[2023-03-04T13:40:40.649+0000] {logging_mixin.py:137} INFO - [2023-03-04T13:40:40.648+0000] {dag.py:3441} INFO - Setting next_dagrun for example_branch_dop_operator_v3 to 2023-03-04T13:39:00+00:00, run_after=2023-03-04T13:40:00+00:00
[2023-03-04T13:40:40.666+0000] {processor.py:175} INFO - Processing /home/airflow/.local/lib/python3.7/site-packages/airflow/example_dags/example_branch_python_dop_operator_3.py took 0.092 seconds
[2023-03-04T14:00:04.693+0000] {processor.py:153} INFO - Started process (PID=5672) to work on /home/airflow/.local/lib/python3.7/site-packages/airflow/example_dags/example_branch_python_dop_operator_3.py
[2023-03-04T14:00:04.698+0000] {processor.py:743} INFO - Processing file /home/airflow/.local/lib/python3.7/site-packages/airflow/example_dags/example_branch_python_dop_operator_3.py for tasks to queue
[2023-03-04T14:00:04.699+0000] {logging_mixin.py:137} INFO - [2023-03-04T14:00:04.699+0000] {dagbag.py:538} INFO - Filling up the DagBag from /home/airflow/.local/lib/python3.7/site-packages/airflow/example_dags/example_branch_python_dop_operator_3.py
[2023-03-04T14:00:04.724+0000] {processor.py:753} INFO - DAG(s) dict_keys(['example_branch_dop_operator_v3']) retrieved from /home/airflow/.local/lib/python3.7/site-packages/airflow/example_dags/example_branch_python_dop_operator_3.py
[2023-03-04T14:00:04.747+0000] {logging_mixin.py:137} INFO - [2023-03-04T14:00:04.747+0000] {dag.py:2690} INFO - Sync 1 DAGs
[2023-03-04T14:00:04.768+0000] {logging_mixin.py:137} INFO - [2023-03-04T14:00:04.768+0000] {dag.py:3441} INFO - Setting next_dagrun for example_branch_dop_operator_v3 to 2023-03-04T13:59:00+00:00, run_after=2023-03-04T14:00:00+00:00
[2023-03-04T14:00:04.780+0000] {processor.py:175} INFO - Processing /home/airflow/.local/lib/python3.7/site-packages/airflow/example_dags/example_branch_python_dop_operator_3.py took 0.090 seconds
[2023-03-04T14:50:39.799+0000] {processor.py:153} INFO - Started process (PID=5735) to work on /home/airflow/.local/lib/python3.7/site-packages/airflow/example_dags/example_branch_python_dop_operator_3.py
[2023-03-04T14:50:39.801+0000] {processor.py:743} INFO - Processing file /home/airflow/.local/lib/python3.7/site-packages/airflow/example_dags/example_branch_python_dop_operator_3.py for tasks to queue
[2023-03-04T14:50:39.802+0000] {logging_mixin.py:137} INFO - [2023-03-04T14:50:39.802+0000] {dagbag.py:538} INFO - Filling up the DagBag from /home/airflow/.local/lib/python3.7/site-packages/airflow/example_dags/example_branch_python_dop_operator_3.py
[2023-03-04T14:50:39.820+0000] {processor.py:753} INFO - DAG(s) dict_keys(['example_branch_dop_operator_v3']) retrieved from /home/airflow/.local/lib/python3.7/site-packages/airflow/example_dags/example_branch_python_dop_operator_3.py
[2023-03-04T14:50:39.855+0000] {logging_mixin.py:137} INFO - [2023-03-04T14:50:39.855+0000] {dag.py:2690} INFO - Sync 1 DAGs
[2023-03-04T14:50:39.905+0000] {logging_mixin.py:137} INFO - [2023-03-04T14:50:39.905+0000] {dag.py:3441} INFO - Setting next_dagrun for example_branch_dop_operator_v3 to 2023-03-04T14:49:00+00:00, run_after=2023-03-04T14:50:00+00:00
[2023-03-04T14:50:39.949+0000] {processor.py:175} INFO - Processing /home/airflow/.local/lib/python3.7/site-packages/airflow/example_dags/example_branch_python_dop_operator_3.py took 0.153 seconds
[2023-03-04T15:19:44.293+0000] {processor.py:153} INFO - Started process (PID=5810) to work on /home/airflow/.local/lib/python3.7/site-packages/airflow/example_dags/example_branch_python_dop_operator_3.py
[2023-03-04T15:19:44.296+0000] {processor.py:743} INFO - Processing file /home/airflow/.local/lib/python3.7/site-packages/airflow/example_dags/example_branch_python_dop_operator_3.py for tasks to queue
[2023-03-04T15:19:44.299+0000] {logging_mixin.py:137} INFO - [2023-03-04T15:19:44.298+0000] {dagbag.py:538} INFO - Filling up the DagBag from /home/airflow/.local/lib/python3.7/site-packages/airflow/example_dags/example_branch_python_dop_operator_3.py
[2023-03-04T15:19:44.333+0000] {processor.py:753} INFO - DAG(s) dict_keys(['example_branch_dop_operator_v3']) retrieved from /home/airflow/.local/lib/python3.7/site-packages/airflow/example_dags/example_branch_python_dop_operator_3.py
[2023-03-04T15:19:44.371+0000] {logging_mixin.py:137} INFO - [2023-03-04T15:19:44.371+0000] {dag.py:2690} INFO - Sync 1 DAGs
[2023-03-04T15:19:44.414+0000] {logging_mixin.py:137} INFO - [2023-03-04T15:19:44.414+0000] {dag.py:3441} INFO - Setting next_dagrun for example_branch_dop_operator_v3 to 2023-03-04T15:18:00+00:00, run_after=2023-03-04T15:19:00+00:00
[2023-03-04T15:19:44.433+0000] {processor.py:175} INFO - Processing /home/airflow/.local/lib/python3.7/site-packages/airflow/example_dags/example_branch_python_dop_operator_3.py took 0.145 seconds
[2023-03-04T15:27:04.316+0000] {processor.py:153} INFO - Started process (PID=5879) to work on /home/airflow/.local/lib/python3.7/site-packages/airflow/example_dags/example_branch_python_dop_operator_3.py
[2023-03-04T15:27:04.323+0000] {processor.py:743} INFO - Processing file /home/airflow/.local/lib/python3.7/site-packages/airflow/example_dags/example_branch_python_dop_operator_3.py for tasks to queue
[2023-03-04T15:27:04.362+0000] {logging_mixin.py:137} INFO - [2023-03-04T15:27:04.361+0000] {dagbag.py:538} INFO - Filling up the DagBag from /home/airflow/.local/lib/python3.7/site-packages/airflow/example_dags/example_branch_python_dop_operator_3.py
[2023-03-04T15:27:04.562+0000] {processor.py:753} INFO - DAG(s) dict_keys(['example_branch_dop_operator_v3']) retrieved from /home/airflow/.local/lib/python3.7/site-packages/airflow/example_dags/example_branch_python_dop_operator_3.py
[2023-03-04T15:27:04.782+0000] {logging_mixin.py:137} INFO - [2023-03-04T15:27:04.781+0000] {dag.py:2690} INFO - Sync 1 DAGs
[2023-03-04T15:27:04.848+0000] {logging_mixin.py:137} INFO - [2023-03-04T15:27:04.848+0000] {dag.py:3441} INFO - Setting next_dagrun for example_branch_dop_operator_v3 to 2023-03-04T15:26:00+00:00, run_after=2023-03-04T15:27:00+00:00
[2023-03-04T15:27:04.995+0000] {processor.py:175} INFO - Processing /home/airflow/.local/lib/python3.7/site-packages/airflow/example_dags/example_branch_python_dop_operator_3.py took 0.688 seconds
[2023-03-04T16:21:42.011+0000] {processor.py:153} INFO - Started process (PID=5923) to work on /home/airflow/.local/lib/python3.7/site-packages/airflow/example_dags/example_branch_python_dop_operator_3.py
[2023-03-04T16:21:42.014+0000] {processor.py:743} INFO - Processing file /home/airflow/.local/lib/python3.7/site-packages/airflow/example_dags/example_branch_python_dop_operator_3.py for tasks to queue
[2023-03-04T16:21:42.015+0000] {logging_mixin.py:137} INFO - [2023-03-04T16:21:42.015+0000] {dagbag.py:538} INFO - Filling up the DagBag from /home/airflow/.local/lib/python3.7/site-packages/airflow/example_dags/example_branch_python_dop_operator_3.py
[2023-03-04T16:21:42.037+0000] {processor.py:753} INFO - DAG(s) dict_keys(['example_branch_dop_operator_v3']) retrieved from /home/airflow/.local/lib/python3.7/site-packages/airflow/example_dags/example_branch_python_dop_operator_3.py
[2023-03-04T16:21:42.119+0000] {logging_mixin.py:137} INFO - [2023-03-04T16:21:42.118+0000] {dag.py:2690} INFO - Sync 1 DAGs
[2023-03-04T16:21:42.184+0000] {logging_mixin.py:137} INFO - [2023-03-04T16:21:42.183+0000] {dag.py:3441} INFO - Setting next_dagrun for example_branch_dop_operator_v3 to 2023-03-04T16:20:00+00:00, run_after=2023-03-04T16:21:00+00:00
[2023-03-04T16:21:42.271+0000] {processor.py:175} INFO - Processing /home/airflow/.local/lib/python3.7/site-packages/airflow/example_dags/example_branch_python_dop_operator_3.py took 0.265 seconds
[2023-03-04T17:17:17.810+0000] {processor.py:153} INFO - Started process (PID=5981) to work on /home/airflow/.local/lib/python3.7/site-packages/airflow/example_dags/example_branch_python_dop_operator_3.py
[2023-03-04T17:17:17.819+0000] {processor.py:743} INFO - Processing file /home/airflow/.local/lib/python3.7/site-packages/airflow/example_dags/example_branch_python_dop_operator_3.py for tasks to queue
[2023-03-04T17:17:17.837+0000] {logging_mixin.py:137} INFO - [2023-03-04T17:17:17.837+0000] {dagbag.py:538} INFO - Filling up the DagBag from /home/airflow/.local/lib/python3.7/site-packages/airflow/example_dags/example_branch_python_dop_operator_3.py
[2023-03-04T17:17:18.345+0000] {processor.py:753} INFO - DAG(s) dict_keys(['example_branch_dop_operator_v3']) retrieved from /home/airflow/.local/lib/python3.7/site-packages/airflow/example_dags/example_branch_python_dop_operator_3.py
[2023-03-04T17:17:18.540+0000] {logging_mixin.py:137} INFO - [2023-03-04T17:17:18.538+0000] {dag.py:2690} INFO - Sync 1 DAGs
[2023-03-04T17:17:18.660+0000] {logging_mixin.py:137} INFO - [2023-03-04T17:17:18.659+0000] {dag.py:3441} INFO - Setting next_dagrun for example_branch_dop_operator_v3 to 2023-03-04T17:16:00+00:00, run_after=2023-03-04T17:17:00+00:00
[2023-03-04T17:17:18.695+0000] {processor.py:175} INFO - Processing /home/airflow/.local/lib/python3.7/site-packages/airflow/example_dags/example_branch_python_dop_operator_3.py took 0.905 seconds
[2023-03-04T18:30:31.897+0000] {processor.py:153} INFO - Started process (PID=6044) to work on /home/airflow/.local/lib/python3.7/site-packages/airflow/example_dags/example_branch_python_dop_operator_3.py
[2023-03-04T18:30:31.899+0000] {processor.py:743} INFO - Processing file /home/airflow/.local/lib/python3.7/site-packages/airflow/example_dags/example_branch_python_dop_operator_3.py for tasks to queue
[2023-03-04T18:30:31.900+0000] {logging_mixin.py:137} INFO - [2023-03-04T18:30:31.900+0000] {dagbag.py:538} INFO - Filling up the DagBag from /home/airflow/.local/lib/python3.7/site-packages/airflow/example_dags/example_branch_python_dop_operator_3.py
[2023-03-04T18:30:31.916+0000] {processor.py:753} INFO - DAG(s) dict_keys(['example_branch_dop_operator_v3']) retrieved from /home/airflow/.local/lib/python3.7/site-packages/airflow/example_dags/example_branch_python_dop_operator_3.py
[2023-03-04T18:30:31.944+0000] {logging_mixin.py:137} INFO - [2023-03-04T18:30:31.944+0000] {dag.py:2690} INFO - Sync 1 DAGs
[2023-03-04T18:30:31.964+0000] {logging_mixin.py:137} INFO - [2023-03-04T18:30:31.964+0000] {dag.py:3441} INFO - Setting next_dagrun for example_branch_dop_operator_v3 to 2023-03-04T18:29:00+00:00, run_after=2023-03-04T18:30:00+00:00
[2023-03-04T18:30:31.975+0000] {processor.py:175} INFO - Processing /home/airflow/.local/lib/python3.7/site-packages/airflow/example_dags/example_branch_python_dop_operator_3.py took 0.081 seconds
[2023-03-04T19:34:52.850+0000] {processor.py:153} INFO - Started process (PID=6120) to work on /home/airflow/.local/lib/python3.7/site-packages/airflow/example_dags/example_branch_python_dop_operator_3.py
[2023-03-04T19:34:52.854+0000] {processor.py:743} INFO - Processing file /home/airflow/.local/lib/python3.7/site-packages/airflow/example_dags/example_branch_python_dop_operator_3.py for tasks to queue
[2023-03-04T19:34:52.855+0000] {logging_mixin.py:137} INFO - [2023-03-04T19:34:52.855+0000] {dagbag.py:538} INFO - Filling up the DagBag from /home/airflow/.local/lib/python3.7/site-packages/airflow/example_dags/example_branch_python_dop_operator_3.py
[2023-03-04T19:34:52.885+0000] {processor.py:753} INFO - DAG(s) dict_keys(['example_branch_dop_operator_v3']) retrieved from /home/airflow/.local/lib/python3.7/site-packages/airflow/example_dags/example_branch_python_dop_operator_3.py
[2023-03-04T19:34:52.926+0000] {logging_mixin.py:137} INFO - [2023-03-04T19:34:52.926+0000] {dag.py:2690} INFO - Sync 1 DAGs
[2023-03-04T19:34:52.959+0000] {logging_mixin.py:137} INFO - [2023-03-04T19:34:52.959+0000] {dag.py:3441} INFO - Setting next_dagrun for example_branch_dop_operator_v3 to 2023-03-04T19:33:00+00:00, run_after=2023-03-04T19:34:00+00:00
[2023-03-04T19:34:52.978+0000] {processor.py:175} INFO - Processing /home/airflow/.local/lib/python3.7/site-packages/airflow/example_dags/example_branch_python_dop_operator_3.py took 0.147 seconds
[2023-03-04T20:25:42.975+0000] {processor.py:153} INFO - Started process (PID=6184) to work on /home/airflow/.local/lib/python3.7/site-packages/airflow/example_dags/example_branch_python_dop_operator_3.py
[2023-03-04T20:25:42.977+0000] {processor.py:743} INFO - Processing file /home/airflow/.local/lib/python3.7/site-packages/airflow/example_dags/example_branch_python_dop_operator_3.py for tasks to queue
[2023-03-04T20:25:42.978+0000] {logging_mixin.py:137} INFO - [2023-03-04T20:25:42.978+0000] {dagbag.py:538} INFO - Filling up the DagBag from /home/airflow/.local/lib/python3.7/site-packages/airflow/example_dags/example_branch_python_dop_operator_3.py
[2023-03-04T20:25:43.002+0000] {processor.py:753} INFO - DAG(s) dict_keys(['example_branch_dop_operator_v3']) retrieved from /home/airflow/.local/lib/python3.7/site-packages/airflow/example_dags/example_branch_python_dop_operator_3.py
[2023-03-04T20:25:43.044+0000] {logging_mixin.py:137} INFO - [2023-03-04T20:25:43.043+0000] {dag.py:2690} INFO - Sync 1 DAGs
[2023-03-04T20:25:43.084+0000] {logging_mixin.py:137} INFO - [2023-03-04T20:25:43.083+0000] {dag.py:3441} INFO - Setting next_dagrun for example_branch_dop_operator_v3 to 2023-03-04T20:24:00+00:00, run_after=2023-03-04T20:25:00+00:00
[2023-03-04T20:25:43.110+0000] {processor.py:175} INFO - Processing /home/airflow/.local/lib/python3.7/site-packages/airflow/example_dags/example_branch_python_dop_operator_3.py took 0.141 seconds
[2023-03-04T21:17:47.662+0000] {processor.py:153} INFO - Started process (PID=6247) to work on /home/airflow/.local/lib/python3.7/site-packages/airflow/example_dags/example_branch_python_dop_operator_3.py
[2023-03-04T21:17:47.664+0000] {processor.py:743} INFO - Processing file /home/airflow/.local/lib/python3.7/site-packages/airflow/example_dags/example_branch_python_dop_operator_3.py for tasks to queue
[2023-03-04T21:17:47.665+0000] {logging_mixin.py:137} INFO - [2023-03-04T21:17:47.665+0000] {dagbag.py:538} INFO - Filling up the DagBag from /home/airflow/.local/lib/python3.7/site-packages/airflow/example_dags/example_branch_python_dop_operator_3.py
[2023-03-04T21:17:47.697+0000] {processor.py:753} INFO - DAG(s) dict_keys(['example_branch_dop_operator_v3']) retrieved from /home/airflow/.local/lib/python3.7/site-packages/airflow/example_dags/example_branch_python_dop_operator_3.py
[2023-03-04T21:17:47.721+0000] {logging_mixin.py:137} INFO - [2023-03-04T21:17:47.721+0000] {dag.py:2690} INFO - Sync 1 DAGs
[2023-03-04T21:17:47.743+0000] {logging_mixin.py:137} INFO - [2023-03-04T21:17:47.742+0000] {dag.py:3441} INFO - Setting next_dagrun for example_branch_dop_operator_v3 to 2023-03-04T21:16:00+00:00, run_after=2023-03-04T21:17:00+00:00
[2023-03-04T21:17:47.755+0000] {processor.py:175} INFO - Processing /home/airflow/.local/lib/python3.7/site-packages/airflow/example_dags/example_branch_python_dop_operator_3.py took 0.097 seconds
[2023-03-04T22:18:15.347+0000] {processor.py:153} INFO - Started process (PID=6311) to work on /home/airflow/.local/lib/python3.7/site-packages/airflow/example_dags/example_branch_python_dop_operator_3.py
[2023-03-04T22:18:15.353+0000] {processor.py:743} INFO - Processing file /home/airflow/.local/lib/python3.7/site-packages/airflow/example_dags/example_branch_python_dop_operator_3.py for tasks to queue
[2023-03-04T22:18:15.373+0000] {logging_mixin.py:137} INFO - [2023-03-04T22:18:15.373+0000] {dagbag.py:538} INFO - Filling up the DagBag from /home/airflow/.local/lib/python3.7/site-packages/airflow/example_dags/example_branch_python_dop_operator_3.py
[2023-03-04T22:18:15.431+0000] {processor.py:753} INFO - DAG(s) dict_keys(['example_branch_dop_operator_v3']) retrieved from /home/airflow/.local/lib/python3.7/site-packages/airflow/example_dags/example_branch_python_dop_operator_3.py
[2023-03-04T22:18:15.504+0000] {logging_mixin.py:137} INFO - [2023-03-04T22:18:15.504+0000] {dag.py:2690} INFO - Sync 1 DAGs
[2023-03-04T22:18:15.600+0000] {logging_mixin.py:137} INFO - [2023-03-04T22:18:15.599+0000] {dag.py:3441} INFO - Setting next_dagrun for example_branch_dop_operator_v3 to 2023-03-04T22:17:00+00:00, run_after=2023-03-04T22:18:00+00:00
[2023-03-04T22:18:15.705+0000] {processor.py:175} INFO - Processing /home/airflow/.local/lib/python3.7/site-packages/airflow/example_dags/example_branch_python_dop_operator_3.py took 0.367 seconds
[2023-03-04T23:42:21.433+0000] {processor.py:153} INFO - Started process (PID=6374) to work on /home/airflow/.local/lib/python3.7/site-packages/airflow/example_dags/example_branch_python_dop_operator_3.py
[2023-03-04T23:42:21.434+0000] {processor.py:743} INFO - Processing file /home/airflow/.local/lib/python3.7/site-packages/airflow/example_dags/example_branch_python_dop_operator_3.py for tasks to queue
[2023-03-04T23:42:21.435+0000] {logging_mixin.py:137} INFO - [2023-03-04T23:42:21.435+0000] {dagbag.py:538} INFO - Filling up the DagBag from /home/airflow/.local/lib/python3.7/site-packages/airflow/example_dags/example_branch_python_dop_operator_3.py
[2023-03-04T23:42:21.454+0000] {processor.py:753} INFO - DAG(s) dict_keys(['example_branch_dop_operator_v3']) retrieved from /home/airflow/.local/lib/python3.7/site-packages/airflow/example_dags/example_branch_python_dop_operator_3.py
[2023-03-04T23:42:21.473+0000] {logging_mixin.py:137} INFO - [2023-03-04T23:42:21.472+0000] {dag.py:2690} INFO - Sync 1 DAGs
[2023-03-04T23:42:21.489+0000] {logging_mixin.py:137} INFO - [2023-03-04T23:42:21.489+0000] {dag.py:3441} INFO - Setting next_dagrun for example_branch_dop_operator_v3 to 2023-03-04T23:41:00+00:00, run_after=2023-03-04T23:42:00+00:00
[2023-03-04T23:42:21.500+0000] {processor.py:175} INFO - Processing /home/airflow/.local/lib/python3.7/site-packages/airflow/example_dags/example_branch_python_dop_operator_3.py took 0.070 seconds
