[2023-03-04T00:16:38.105+0000] {processor.py:153} INFO - Started process (PID=4546) to work on /home/airflow/.local/lib/python3.7/site-packages/airflow/example_dags/example_sensors.py
[2023-03-04T00:16:38.135+0000] {processor.py:743} INFO - Processing file /home/airflow/.local/lib/python3.7/site-packages/airflow/example_dags/example_sensors.py for tasks to queue
[2023-03-04T00:16:38.148+0000] {logging_mixin.py:137} INFO - [2023-03-04T00:16:38.145+0000] {dagbag.py:538} INFO - Filling up the DagBag from /home/airflow/.local/lib/python3.7/site-packages/airflow/example_dags/example_sensors.py
[2023-03-04T00:16:38.372+0000] {processor.py:753} INFO - DAG(s) dict_keys(['example_sensors']) retrieved from /home/airflow/.local/lib/python3.7/site-packages/airflow/example_dags/example_sensors.py
[2023-03-04T00:16:40.215+0000] {logging_mixin.py:137} INFO - [2023-03-04T00:16:40.200+0000] {dag.py:2690} INFO - Sync 1 DAGs
[2023-03-04T00:16:42.547+0000] {logging_mixin.py:137} INFO - [2023-03-04T00:16:42.539+0000] {dag.py:3441} INFO - Setting next_dagrun for example_sensors to None, run_after=None
[2023-03-04T00:16:42.757+0000] {processor.py:175} INFO - Processing /home/airflow/.local/lib/python3.7/site-packages/airflow/example_dags/example_sensors.py took 4.744 seconds
[2023-03-04T05:43:14.229+0000] {processor.py:153} INFO - Started process (PID=4674) to work on /home/airflow/.local/lib/python3.7/site-packages/airflow/example_dags/example_sensors.py
[2023-03-04T05:43:14.842+0000] {processor.py:743} INFO - Processing file /home/airflow/.local/lib/python3.7/site-packages/airflow/example_dags/example_sensors.py for tasks to queue
[2023-03-04T05:43:16.832+0000] {logging_mixin.py:137} INFO - [2023-03-04T05:43:16.567+0000] {dagbag.py:538} INFO - Filling up the DagBag from /home/airflow/.local/lib/python3.7/site-packages/airflow/example_dags/example_sensors.py
[2023-03-04T05:43:27.715+0000] {processor.py:753} INFO - DAG(s) dict_keys(['example_sensors']) retrieved from /home/airflow/.local/lib/python3.7/site-packages/airflow/example_dags/example_sensors.py
[2023-03-04T05:43:29.812+0000] {logging_mixin.py:137} INFO - [2023-03-04T05:43:29.734+0000] {dag.py:2690} INFO - Sync 1 DAGs
[2023-03-04T05:43:31.022+0000] {logging_mixin.py:137} INFO - [2023-03-04T05:43:31.009+0000] {dag.py:3441} INFO - Setting next_dagrun for example_sensors to None, run_after=None
[2023-03-04T05:43:31.473+0000] {processor.py:175} INFO - Processing /home/airflow/.local/lib/python3.7/site-packages/airflow/example_dags/example_sensors.py took 17.700 seconds
[2023-03-04T07:05:51.737+0000] {processor.py:153} INFO - Started process (PID=4751) to work on /home/airflow/.local/lib/python3.7/site-packages/airflow/example_dags/example_sensors.py
[2023-03-04T07:05:51.753+0000] {processor.py:743} INFO - Processing file /home/airflow/.local/lib/python3.7/site-packages/airflow/example_dags/example_sensors.py for tasks to queue
[2023-03-04T07:05:51.758+0000] {logging_mixin.py:137} INFO - [2023-03-04T07:05:51.758+0000] {dagbag.py:538} INFO - Filling up the DagBag from /home/airflow/.local/lib/python3.7/site-packages/airflow/example_dags/example_sensors.py
[2023-03-04T07:05:52.024+0000] {processor.py:753} INFO - DAG(s) dict_keys(['example_sensors']) retrieved from /home/airflow/.local/lib/python3.7/site-packages/airflow/example_dags/example_sensors.py
[2023-03-04T07:05:52.291+0000] {logging_mixin.py:137} INFO - [2023-03-04T07:05:52.290+0000] {dag.py:2690} INFO - Sync 1 DAGs
[2023-03-04T07:05:52.335+0000] {logging_mixin.py:137} INFO - [2023-03-04T07:05:52.334+0000] {dag.py:3441} INFO - Setting next_dagrun for example_sensors to None, run_after=None
[2023-03-04T07:05:52.389+0000] {processor.py:175} INFO - Processing /home/airflow/.local/lib/python3.7/site-packages/airflow/example_dags/example_sensors.py took 0.693 seconds
[2023-03-04T07:37:53.059+0000] {processor.py:153} INFO - Started process (PID=4817) to work on /home/airflow/.local/lib/python3.7/site-packages/airflow/example_dags/example_sensors.py
[2023-03-04T07:37:53.061+0000] {processor.py:743} INFO - Processing file /home/airflow/.local/lib/python3.7/site-packages/airflow/example_dags/example_sensors.py for tasks to queue
[2023-03-04T07:37:53.063+0000] {logging_mixin.py:137} INFO - [2023-03-04T07:37:53.063+0000] {dagbag.py:538} INFO - Filling up the DagBag from /home/airflow/.local/lib/python3.7/site-packages/airflow/example_dags/example_sensors.py
[2023-03-04T07:37:53.082+0000] {processor.py:753} INFO - DAG(s) dict_keys(['example_sensors']) retrieved from /home/airflow/.local/lib/python3.7/site-packages/airflow/example_dags/example_sensors.py
[2023-03-04T07:37:53.113+0000] {logging_mixin.py:137} INFO - [2023-03-04T07:37:53.112+0000] {dag.py:2690} INFO - Sync 1 DAGs
[2023-03-04T07:37:53.150+0000] {logging_mixin.py:137} INFO - [2023-03-04T07:37:53.149+0000] {dag.py:3441} INFO - Setting next_dagrun for example_sensors to None, run_after=None
[2023-03-04T07:37:53.167+0000] {processor.py:175} INFO - Processing /home/airflow/.local/lib/python3.7/site-packages/airflow/example_dags/example_sensors.py took 0.112 seconds
[2023-03-04T07:43:51.200+0000] {processor.py:153} INFO - Started process (PID=4880) to work on /home/airflow/.local/lib/python3.7/site-packages/airflow/example_dags/example_sensors.py
[2023-03-04T07:43:51.202+0000] {processor.py:743} INFO - Processing file /home/airflow/.local/lib/python3.7/site-packages/airflow/example_dags/example_sensors.py for tasks to queue
[2023-03-04T07:43:51.203+0000] {logging_mixin.py:137} INFO - [2023-03-04T07:43:51.202+0000] {dagbag.py:538} INFO - Filling up the DagBag from /home/airflow/.local/lib/python3.7/site-packages/airflow/example_dags/example_sensors.py
[2023-03-04T07:43:51.219+0000] {processor.py:753} INFO - DAG(s) dict_keys(['example_sensors']) retrieved from /home/airflow/.local/lib/python3.7/site-packages/airflow/example_dags/example_sensors.py
[2023-03-04T07:43:51.241+0000] {logging_mixin.py:137} INFO - [2023-03-04T07:43:51.241+0000] {dag.py:2690} INFO - Sync 1 DAGs
[2023-03-04T07:43:51.263+0000] {logging_mixin.py:137} INFO - [2023-03-04T07:43:51.263+0000] {dag.py:3441} INFO - Setting next_dagrun for example_sensors to None, run_after=None
[2023-03-04T07:43:51.280+0000] {processor.py:175} INFO - Processing /home/airflow/.local/lib/python3.7/site-packages/airflow/example_dags/example_sensors.py took 0.083 seconds
[2023-03-04T09:08:10.659+0000] {processor.py:153} INFO - Started process (PID=4955) to work on /home/airflow/.local/lib/python3.7/site-packages/airflow/example_dags/example_sensors.py
[2023-03-04T09:08:10.662+0000] {processor.py:743} INFO - Processing file /home/airflow/.local/lib/python3.7/site-packages/airflow/example_dags/example_sensors.py for tasks to queue
[2023-03-04T09:08:10.664+0000] {logging_mixin.py:137} INFO - [2023-03-04T09:08:10.664+0000] {dagbag.py:538} INFO - Filling up the DagBag from /home/airflow/.local/lib/python3.7/site-packages/airflow/example_dags/example_sensors.py
[2023-03-04T09:08:10.740+0000] {processor.py:753} INFO - DAG(s) dict_keys(['example_sensors']) retrieved from /home/airflow/.local/lib/python3.7/site-packages/airflow/example_dags/example_sensors.py
[2023-03-04T09:08:10.825+0000] {logging_mixin.py:137} INFO - [2023-03-04T09:08:10.825+0000] {dag.py:2690} INFO - Sync 1 DAGs
[2023-03-04T09:08:10.885+0000] {logging_mixin.py:137} INFO - [2023-03-04T09:08:10.884+0000] {dag.py:3441} INFO - Setting next_dagrun for example_sensors to None, run_after=None
[2023-03-04T09:08:10.916+0000] {processor.py:175} INFO - Processing /home/airflow/.local/lib/python3.7/site-packages/airflow/example_dags/example_sensors.py took 0.271 seconds
[2023-03-04T10:01:47.329+0000] {processor.py:153} INFO - Started process (PID=5015) to work on /home/airflow/.local/lib/python3.7/site-packages/airflow/example_dags/example_sensors.py
[2023-03-04T10:01:47.333+0000] {processor.py:743} INFO - Processing file /home/airflow/.local/lib/python3.7/site-packages/airflow/example_dags/example_sensors.py for tasks to queue
[2023-03-04T10:01:47.335+0000] {logging_mixin.py:137} INFO - [2023-03-04T10:01:47.335+0000] {dagbag.py:538} INFO - Filling up the DagBag from /home/airflow/.local/lib/python3.7/site-packages/airflow/example_dags/example_sensors.py
[2023-03-04T10:01:47.453+0000] {processor.py:753} INFO - DAG(s) dict_keys(['example_sensors']) retrieved from /home/airflow/.local/lib/python3.7/site-packages/airflow/example_dags/example_sensors.py
[2023-03-04T10:01:47.528+0000] {logging_mixin.py:137} INFO - [2023-03-04T10:01:47.528+0000] {dag.py:2690} INFO - Sync 1 DAGs
[2023-03-04T10:01:47.582+0000] {logging_mixin.py:137} INFO - [2023-03-04T10:01:47.582+0000] {dag.py:3441} INFO - Setting next_dagrun for example_sensors to None, run_after=None
[2023-03-04T10:01:47.609+0000] {processor.py:175} INFO - Processing /home/airflow/.local/lib/python3.7/site-packages/airflow/example_dags/example_sensors.py took 0.287 seconds
[2023-03-04T10:51:20.487+0000] {processor.py:153} INFO - Started process (PID=5069) to work on /home/airflow/.local/lib/python3.7/site-packages/airflow/example_dags/example_sensors.py
[2023-03-04T10:51:20.491+0000] {processor.py:743} INFO - Processing file /home/airflow/.local/lib/python3.7/site-packages/airflow/example_dags/example_sensors.py for tasks to queue
[2023-03-04T10:51:20.495+0000] {logging_mixin.py:137} INFO - [2023-03-04T10:51:20.494+0000] {dagbag.py:538} INFO - Filling up the DagBag from /home/airflow/.local/lib/python3.7/site-packages/airflow/example_dags/example_sensors.py
[2023-03-04T10:51:20.582+0000] {processor.py:753} INFO - DAG(s) dict_keys(['example_sensors']) retrieved from /home/airflow/.local/lib/python3.7/site-packages/airflow/example_dags/example_sensors.py
[2023-03-04T10:51:20.693+0000] {logging_mixin.py:137} INFO - [2023-03-04T10:51:20.693+0000] {dag.py:2690} INFO - Sync 1 DAGs
[2023-03-04T10:51:20.789+0000] {logging_mixin.py:137} INFO - [2023-03-04T10:51:20.788+0000] {dag.py:3441} INFO - Setting next_dagrun for example_sensors to None, run_after=None
[2023-03-04T10:51:20.833+0000] {processor.py:175} INFO - Processing /home/airflow/.local/lib/python3.7/site-packages/airflow/example_dags/example_sensors.py took 0.355 seconds
[2023-03-04T11:12:00.549+0000] {processor.py:153} INFO - Started process (PID=5140) to work on /home/airflow/.local/lib/python3.7/site-packages/airflow/example_dags/example_sensors.py
[2023-03-04T11:12:00.551+0000] {processor.py:743} INFO - Processing file /home/airflow/.local/lib/python3.7/site-packages/airflow/example_dags/example_sensors.py for tasks to queue
[2023-03-04T11:12:00.551+0000] {logging_mixin.py:137} INFO - [2023-03-04T11:12:00.551+0000] {dagbag.py:538} INFO - Filling up the DagBag from /home/airflow/.local/lib/python3.7/site-packages/airflow/example_dags/example_sensors.py
[2023-03-04T11:12:00.568+0000] {processor.py:753} INFO - DAG(s) dict_keys(['example_sensors']) retrieved from /home/airflow/.local/lib/python3.7/site-packages/airflow/example_dags/example_sensors.py
[2023-03-04T11:12:00.714+0000] {logging_mixin.py:137} INFO - [2023-03-04T11:12:00.713+0000] {dag.py:2690} INFO - Sync 1 DAGs
[2023-03-04T11:12:00.788+0000] {logging_mixin.py:137} INFO - [2023-03-04T11:12:00.788+0000] {dag.py:3441} INFO - Setting next_dagrun for example_sensors to None, run_after=None
[2023-03-04T11:12:00.814+0000] {processor.py:175} INFO - Processing /home/airflow/.local/lib/python3.7/site-packages/airflow/example_dags/example_sensors.py took 0.267 seconds
[2023-03-04T11:21:27.418+0000] {processor.py:153} INFO - Started process (PID=5206) to work on /home/airflow/.local/lib/python3.7/site-packages/airflow/example_dags/example_sensors.py
[2023-03-04T11:21:27.420+0000] {processor.py:743} INFO - Processing file /home/airflow/.local/lib/python3.7/site-packages/airflow/example_dags/example_sensors.py for tasks to queue
[2023-03-04T11:21:27.421+0000] {logging_mixin.py:137} INFO - [2023-03-04T11:21:27.421+0000] {dagbag.py:538} INFO - Filling up the DagBag from /home/airflow/.local/lib/python3.7/site-packages/airflow/example_dags/example_sensors.py
[2023-03-04T11:21:27.449+0000] {processor.py:753} INFO - DAG(s) dict_keys(['example_sensors']) retrieved from /home/airflow/.local/lib/python3.7/site-packages/airflow/example_dags/example_sensors.py
[2023-03-04T11:21:27.493+0000] {logging_mixin.py:137} INFO - [2023-03-04T11:21:27.493+0000] {dag.py:2690} INFO - Sync 1 DAGs
[2023-03-04T11:21:27.513+0000] {logging_mixin.py:137} INFO - [2023-03-04T11:21:27.513+0000] {dag.py:3441} INFO - Setting next_dagrun for example_sensors to None, run_after=None
[2023-03-04T11:21:27.525+0000] {processor.py:175} INFO - Processing /home/airflow/.local/lib/python3.7/site-packages/airflow/example_dags/example_sensors.py took 0.111 seconds
[2023-03-04T11:56:43.015+0000] {processor.py:153} INFO - Started process (PID=5270) to work on /home/airflow/.local/lib/python3.7/site-packages/airflow/example_dags/example_sensors.py
[2023-03-04T11:56:43.021+0000] {processor.py:743} INFO - Processing file /home/airflow/.local/lib/python3.7/site-packages/airflow/example_dags/example_sensors.py for tasks to queue
[2023-03-04T11:56:43.025+0000] {logging_mixin.py:137} INFO - [2023-03-04T11:56:43.024+0000] {dagbag.py:538} INFO - Filling up the DagBag from /home/airflow/.local/lib/python3.7/site-packages/airflow/example_dags/example_sensors.py
[2023-03-04T11:56:43.053+0000] {processor.py:753} INFO - DAG(s) dict_keys(['example_sensors']) retrieved from /home/airflow/.local/lib/python3.7/site-packages/airflow/example_dags/example_sensors.py
[2023-03-04T11:56:43.108+0000] {logging_mixin.py:137} INFO - [2023-03-04T11:56:43.108+0000] {dag.py:2690} INFO - Sync 1 DAGs
[2023-03-04T11:56:43.138+0000] {logging_mixin.py:137} INFO - [2023-03-04T11:56:43.138+0000] {dag.py:3441} INFO - Setting next_dagrun for example_sensors to None, run_after=None
[2023-03-04T11:56:43.160+0000] {processor.py:175} INFO - Processing /home/airflow/.local/lib/python3.7/site-packages/airflow/example_dags/example_sensors.py took 0.154 seconds
[2023-03-04T12:36:19.271+0000] {processor.py:153} INFO - Started process (PID=5345) to work on /home/airflow/.local/lib/python3.7/site-packages/airflow/example_dags/example_sensors.py
[2023-03-04T12:36:19.277+0000] {processor.py:743} INFO - Processing file /home/airflow/.local/lib/python3.7/site-packages/airflow/example_dags/example_sensors.py for tasks to queue
[2023-03-04T12:36:19.282+0000] {logging_mixin.py:137} INFO - [2023-03-04T12:36:19.282+0000] {dagbag.py:538} INFO - Filling up the DagBag from /home/airflow/.local/lib/python3.7/site-packages/airflow/example_dags/example_sensors.py
[2023-03-04T12:36:19.412+0000] {processor.py:753} INFO - DAG(s) dict_keys(['example_sensors']) retrieved from /home/airflow/.local/lib/python3.7/site-packages/airflow/example_dags/example_sensors.py
[2023-03-04T12:36:19.683+0000] {logging_mixin.py:137} INFO - [2023-03-04T12:36:19.683+0000] {dag.py:2690} INFO - Sync 1 DAGs
[2023-03-04T12:36:19.788+0000] {logging_mixin.py:137} INFO - [2023-03-04T12:36:19.787+0000] {dag.py:3441} INFO - Setting next_dagrun for example_sensors to None, run_after=None
[2023-03-04T12:36:19.992+0000] {processor.py:175} INFO - Processing /home/airflow/.local/lib/python3.7/site-packages/airflow/example_dags/example_sensors.py took 0.730 seconds
[2023-03-04T12:50:13.860+0000] {processor.py:153} INFO - Started process (PID=5396) to work on /home/airflow/.local/lib/python3.7/site-packages/airflow/example_dags/example_sensors.py
[2023-03-04T12:50:13.861+0000] {processor.py:743} INFO - Processing file /home/airflow/.local/lib/python3.7/site-packages/airflow/example_dags/example_sensors.py for tasks to queue
[2023-03-04T12:50:13.862+0000] {logging_mixin.py:137} INFO - [2023-03-04T12:50:13.862+0000] {dagbag.py:538} INFO - Filling up the DagBag from /home/airflow/.local/lib/python3.7/site-packages/airflow/example_dags/example_sensors.py
[2023-03-04T12:50:13.884+0000] {processor.py:753} INFO - DAG(s) dict_keys(['example_sensors']) retrieved from /home/airflow/.local/lib/python3.7/site-packages/airflow/example_dags/example_sensors.py
[2023-03-04T12:50:13.918+0000] {logging_mixin.py:137} INFO - [2023-03-04T12:50:13.918+0000] {dag.py:2690} INFO - Sync 1 DAGs
[2023-03-04T12:50:13.962+0000] {logging_mixin.py:137} INFO - [2023-03-04T12:50:13.959+0000] {dag.py:3441} INFO - Setting next_dagrun for example_sensors to None, run_after=None
[2023-03-04T12:50:13.988+0000] {processor.py:175} INFO - Processing /home/airflow/.local/lib/python3.7/site-packages/airflow/example_dags/example_sensors.py took 0.131 seconds
[2023-03-04T13:10:03.389+0000] {processor.py:153} INFO - Started process (PID=5471) to work on /home/airflow/.local/lib/python3.7/site-packages/airflow/example_dags/example_sensors.py
[2023-03-04T13:10:03.395+0000] {processor.py:743} INFO - Processing file /home/airflow/.local/lib/python3.7/site-packages/airflow/example_dags/example_sensors.py for tasks to queue
[2023-03-04T13:10:03.398+0000] {logging_mixin.py:137} INFO - [2023-03-04T13:10:03.397+0000] {dagbag.py:538} INFO - Filling up the DagBag from /home/airflow/.local/lib/python3.7/site-packages/airflow/example_dags/example_sensors.py
[2023-03-04T13:10:03.441+0000] {processor.py:753} INFO - DAG(s) dict_keys(['example_sensors']) retrieved from /home/airflow/.local/lib/python3.7/site-packages/airflow/example_dags/example_sensors.py
[2023-03-04T13:10:03.534+0000] {logging_mixin.py:137} INFO - [2023-03-04T13:10:03.534+0000] {dag.py:2690} INFO - Sync 1 DAGs
[2023-03-04T13:10:03.603+0000] {logging_mixin.py:137} INFO - [2023-03-04T13:10:03.602+0000] {dag.py:3441} INFO - Setting next_dagrun for example_sensors to None, run_after=None
[2023-03-04T13:10:03.641+0000] {processor.py:175} INFO - Processing /home/airflow/.local/lib/python3.7/site-packages/airflow/example_dags/example_sensors.py took 0.257 seconds
[2023-03-04T13:26:37.594+0000] {processor.py:153} INFO - Started process (PID=5535) to work on /home/airflow/.local/lib/python3.7/site-packages/airflow/example_dags/example_sensors.py
[2023-03-04T13:26:37.595+0000] {processor.py:743} INFO - Processing file /home/airflow/.local/lib/python3.7/site-packages/airflow/example_dags/example_sensors.py for tasks to queue
[2023-03-04T13:26:37.597+0000] {logging_mixin.py:137} INFO - [2023-03-04T13:26:37.596+0000] {dagbag.py:538} INFO - Filling up the DagBag from /home/airflow/.local/lib/python3.7/site-packages/airflow/example_dags/example_sensors.py
[2023-03-04T13:26:37.623+0000] {processor.py:753} INFO - DAG(s) dict_keys(['example_sensors']) retrieved from /home/airflow/.local/lib/python3.7/site-packages/airflow/example_dags/example_sensors.py
[2023-03-04T13:26:37.782+0000] {logging_mixin.py:137} INFO - [2023-03-04T13:26:37.781+0000] {dag.py:2690} INFO - Sync 1 DAGs
[2023-03-04T13:26:37.827+0000] {logging_mixin.py:137} INFO - [2023-03-04T13:26:37.827+0000] {dag.py:3441} INFO - Setting next_dagrun for example_sensors to None, run_after=None
[2023-03-04T13:26:37.845+0000] {processor.py:175} INFO - Processing /home/airflow/.local/lib/python3.7/site-packages/airflow/example_dags/example_sensors.py took 0.255 seconds
[2023-03-04T13:40:39.758+0000] {processor.py:153} INFO - Started process (PID=5597) to work on /home/airflow/.local/lib/python3.7/site-packages/airflow/example_dags/example_sensors.py
[2023-03-04T13:40:39.760+0000] {processor.py:743} INFO - Processing file /home/airflow/.local/lib/python3.7/site-packages/airflow/example_dags/example_sensors.py for tasks to queue
[2023-03-04T13:40:39.761+0000] {logging_mixin.py:137} INFO - [2023-03-04T13:40:39.761+0000] {dagbag.py:538} INFO - Filling up the DagBag from /home/airflow/.local/lib/python3.7/site-packages/airflow/example_dags/example_sensors.py
[2023-03-04T13:40:39.822+0000] {processor.py:753} INFO - DAG(s) dict_keys(['example_sensors']) retrieved from /home/airflow/.local/lib/python3.7/site-packages/airflow/example_dags/example_sensors.py
[2023-03-04T13:40:39.873+0000] {logging_mixin.py:137} INFO - [2023-03-04T13:40:39.873+0000] {dag.py:2690} INFO - Sync 1 DAGs
[2023-03-04T13:40:39.897+0000] {logging_mixin.py:137} INFO - [2023-03-04T13:40:39.897+0000] {dag.py:3441} INFO - Setting next_dagrun for example_sensors to None, run_after=None
[2023-03-04T13:40:39.912+0000] {processor.py:175} INFO - Processing /home/airflow/.local/lib/python3.7/site-packages/airflow/example_dags/example_sensors.py took 0.165 seconds
[2023-03-04T14:00:03.968+0000] {processor.py:153} INFO - Started process (PID=5660) to work on /home/airflow/.local/lib/python3.7/site-packages/airflow/example_dags/example_sensors.py
[2023-03-04T14:00:03.971+0000] {processor.py:743} INFO - Processing file /home/airflow/.local/lib/python3.7/site-packages/airflow/example_dags/example_sensors.py for tasks to queue
[2023-03-04T14:00:03.972+0000] {logging_mixin.py:137} INFO - [2023-03-04T14:00:03.972+0000] {dagbag.py:538} INFO - Filling up the DagBag from /home/airflow/.local/lib/python3.7/site-packages/airflow/example_dags/example_sensors.py
[2023-03-04T14:00:03.991+0000] {processor.py:753} INFO - DAG(s) dict_keys(['example_sensors']) retrieved from /home/airflow/.local/lib/python3.7/site-packages/airflow/example_dags/example_sensors.py
[2023-03-04T14:00:04.028+0000] {logging_mixin.py:137} INFO - [2023-03-04T14:00:04.028+0000] {dag.py:2690} INFO - Sync 1 DAGs
[2023-03-04T14:00:04.053+0000] {logging_mixin.py:137} INFO - [2023-03-04T14:00:04.053+0000] {dag.py:3441} INFO - Setting next_dagrun for example_sensors to None, run_after=None
[2023-03-04T14:00:04.067+0000] {processor.py:175} INFO - Processing /home/airflow/.local/lib/python3.7/site-packages/airflow/example_dags/example_sensors.py took 0.103 seconds
[2023-03-04T14:50:39.038+0000] {processor.py:153} INFO - Started process (PID=5723) to work on /home/airflow/.local/lib/python3.7/site-packages/airflow/example_dags/example_sensors.py
[2023-03-04T14:50:39.040+0000] {processor.py:743} INFO - Processing file /home/airflow/.local/lib/python3.7/site-packages/airflow/example_dags/example_sensors.py for tasks to queue
[2023-03-04T14:50:39.041+0000] {logging_mixin.py:137} INFO - [2023-03-04T14:50:39.041+0000] {dagbag.py:538} INFO - Filling up the DagBag from /home/airflow/.local/lib/python3.7/site-packages/airflow/example_dags/example_sensors.py
[2023-03-04T14:50:39.057+0000] {processor.py:753} INFO - DAG(s) dict_keys(['example_sensors']) retrieved from /home/airflow/.local/lib/python3.7/site-packages/airflow/example_dags/example_sensors.py
[2023-03-04T14:50:39.090+0000] {logging_mixin.py:137} INFO - [2023-03-04T14:50:39.090+0000] {dag.py:2690} INFO - Sync 1 DAGs
[2023-03-04T14:50:39.110+0000] {logging_mixin.py:137} INFO - [2023-03-04T14:50:39.110+0000] {dag.py:3441} INFO - Setting next_dagrun for example_sensors to None, run_after=None
[2023-03-04T14:50:39.143+0000] {processor.py:175} INFO - Processing /home/airflow/.local/lib/python3.7/site-packages/airflow/example_dags/example_sensors.py took 0.108 seconds
[2023-03-04T15:19:40.670+0000] {processor.py:153} INFO - Started process (PID=5795) to work on /home/airflow/.local/lib/python3.7/site-packages/airflow/example_dags/example_sensors.py
[2023-03-04T15:19:40.672+0000] {processor.py:743} INFO - Processing file /home/airflow/.local/lib/python3.7/site-packages/airflow/example_dags/example_sensors.py for tasks to queue
[2023-03-04T15:19:40.673+0000] {logging_mixin.py:137} INFO - [2023-03-04T15:19:40.673+0000] {dagbag.py:538} INFO - Filling up the DagBag from /home/airflow/.local/lib/python3.7/site-packages/airflow/example_dags/example_sensors.py
[2023-03-04T15:19:40.722+0000] {processor.py:753} INFO - DAG(s) dict_keys(['example_sensors']) retrieved from /home/airflow/.local/lib/python3.7/site-packages/airflow/example_dags/example_sensors.py
[2023-03-04T15:19:40.846+0000] {logging_mixin.py:137} INFO - [2023-03-04T15:19:40.846+0000] {dag.py:2690} INFO - Sync 1 DAGs
[2023-03-04T15:19:40.939+0000] {logging_mixin.py:137} INFO - [2023-03-04T15:19:40.939+0000] {dag.py:3441} INFO - Setting next_dagrun for example_sensors to None, run_after=None
[2023-03-04T15:19:40.999+0000] {processor.py:175} INFO - Processing /home/airflow/.local/lib/python3.7/site-packages/airflow/example_dags/example_sensors.py took 0.332 seconds
[2023-03-04T15:26:57.826+0000] {processor.py:153} INFO - Started process (PID=5860) to work on /home/airflow/.local/lib/python3.7/site-packages/airflow/example_dags/example_sensors.py
[2023-03-04T15:26:57.831+0000] {processor.py:743} INFO - Processing file /home/airflow/.local/lib/python3.7/site-packages/airflow/example_dags/example_sensors.py for tasks to queue
[2023-03-04T15:26:57.835+0000] {logging_mixin.py:137} INFO - [2023-03-04T15:26:57.835+0000] {dagbag.py:538} INFO - Filling up the DagBag from /home/airflow/.local/lib/python3.7/site-packages/airflow/example_dags/example_sensors.py
[2023-03-04T15:26:57.884+0000] {processor.py:753} INFO - DAG(s) dict_keys(['example_sensors']) retrieved from /home/airflow/.local/lib/python3.7/site-packages/airflow/example_dags/example_sensors.py
[2023-03-04T15:26:57.963+0000] {logging_mixin.py:137} INFO - [2023-03-04T15:26:57.961+0000] {dag.py:2690} INFO - Sync 1 DAGs
[2023-03-04T15:26:58.042+0000] {logging_mixin.py:137} INFO - [2023-03-04T15:26:58.042+0000] {dag.py:3441} INFO - Setting next_dagrun for example_sensors to None, run_after=None
[2023-03-04T15:26:58.117+0000] {processor.py:175} INFO - Processing /home/airflow/.local/lib/python3.7/site-packages/airflow/example_dags/example_sensors.py took 0.298 seconds
[2023-03-04T16:21:39.519+0000] {processor.py:153} INFO - Started process (PID=5911) to work on /home/airflow/.local/lib/python3.7/site-packages/airflow/example_dags/example_sensors.py
[2023-03-04T16:21:39.521+0000] {processor.py:743} INFO - Processing file /home/airflow/.local/lib/python3.7/site-packages/airflow/example_dags/example_sensors.py for tasks to queue
[2023-03-04T16:21:39.522+0000] {logging_mixin.py:137} INFO - [2023-03-04T16:21:39.522+0000] {dagbag.py:538} INFO - Filling up the DagBag from /home/airflow/.local/lib/python3.7/site-packages/airflow/example_dags/example_sensors.py
[2023-03-04T16:21:39.553+0000] {processor.py:753} INFO - DAG(s) dict_keys(['example_sensors']) retrieved from /home/airflow/.local/lib/python3.7/site-packages/airflow/example_dags/example_sensors.py
[2023-03-04T16:21:39.585+0000] {logging_mixin.py:137} INFO - [2023-03-04T16:21:39.585+0000] {dag.py:2690} INFO - Sync 1 DAGs
[2023-03-04T16:21:39.604+0000] {logging_mixin.py:137} INFO - [2023-03-04T16:21:39.604+0000] {dag.py:3441} INFO - Setting next_dagrun for example_sensors to None, run_after=None
[2023-03-04T16:21:39.618+0000] {processor.py:175} INFO - Processing /home/airflow/.local/lib/python3.7/site-packages/airflow/example_dags/example_sensors.py took 0.104 seconds
[2023-03-04T17:17:15.676+0000] {processor.py:153} INFO - Started process (PID=5969) to work on /home/airflow/.local/lib/python3.7/site-packages/airflow/example_dags/example_sensors.py
[2023-03-04T17:17:15.678+0000] {processor.py:743} INFO - Processing file /home/airflow/.local/lib/python3.7/site-packages/airflow/example_dags/example_sensors.py for tasks to queue
[2023-03-04T17:17:15.678+0000] {logging_mixin.py:137} INFO - [2023-03-04T17:17:15.678+0000] {dagbag.py:538} INFO - Filling up the DagBag from /home/airflow/.local/lib/python3.7/site-packages/airflow/example_dags/example_sensors.py
[2023-03-04T17:17:15.694+0000] {processor.py:753} INFO - DAG(s) dict_keys(['example_sensors']) retrieved from /home/airflow/.local/lib/python3.7/site-packages/airflow/example_dags/example_sensors.py
[2023-03-04T17:17:15.716+0000] {logging_mixin.py:137} INFO - [2023-03-04T17:17:15.716+0000] {dag.py:2690} INFO - Sync 1 DAGs
[2023-03-04T17:17:15.740+0000] {logging_mixin.py:137} INFO - [2023-03-04T17:17:15.740+0000] {dag.py:3441} INFO - Setting next_dagrun for example_sensors to None, run_after=None
[2023-03-04T17:17:15.758+0000] {processor.py:175} INFO - Processing /home/airflow/.local/lib/python3.7/site-packages/airflow/example_dags/example_sensors.py took 0.085 seconds
[2023-03-04T18:30:29.247+0000] {processor.py:153} INFO - Started process (PID=6032) to work on /home/airflow/.local/lib/python3.7/site-packages/airflow/example_dags/example_sensors.py
[2023-03-04T18:30:29.249+0000] {processor.py:743} INFO - Processing file /home/airflow/.local/lib/python3.7/site-packages/airflow/example_dags/example_sensors.py for tasks to queue
[2023-03-04T18:30:29.251+0000] {logging_mixin.py:137} INFO - [2023-03-04T18:30:29.250+0000] {dagbag.py:538} INFO - Filling up the DagBag from /home/airflow/.local/lib/python3.7/site-packages/airflow/example_dags/example_sensors.py
[2023-03-04T18:30:29.270+0000] {processor.py:753} INFO - DAG(s) dict_keys(['example_sensors']) retrieved from /home/airflow/.local/lib/python3.7/site-packages/airflow/example_dags/example_sensors.py
[2023-03-04T18:30:29.330+0000] {logging_mixin.py:137} INFO - [2023-03-04T18:30:29.330+0000] {dag.py:2690} INFO - Sync 1 DAGs
[2023-03-04T18:30:29.410+0000] {logging_mixin.py:137} INFO - [2023-03-04T18:30:29.409+0000] {dag.py:3441} INFO - Setting next_dagrun for example_sensors to None, run_after=None
[2023-03-04T18:30:29.459+0000] {processor.py:175} INFO - Processing /home/airflow/.local/lib/python3.7/site-packages/airflow/example_dags/example_sensors.py took 0.217 seconds
[2023-03-04T19:34:47.774+0000] {processor.py:153} INFO - Started process (PID=6105) to work on /home/airflow/.local/lib/python3.7/site-packages/airflow/example_dags/example_sensors.py
[2023-03-04T19:34:47.780+0000] {processor.py:743} INFO - Processing file /home/airflow/.local/lib/python3.7/site-packages/airflow/example_dags/example_sensors.py for tasks to queue
[2023-03-04T19:34:47.782+0000] {logging_mixin.py:137} INFO - [2023-03-04T19:34:47.782+0000] {dagbag.py:538} INFO - Filling up the DagBag from /home/airflow/.local/lib/python3.7/site-packages/airflow/example_dags/example_sensors.py
[2023-03-04T19:34:47.895+0000] {processor.py:753} INFO - DAG(s) dict_keys(['example_sensors']) retrieved from /home/airflow/.local/lib/python3.7/site-packages/airflow/example_dags/example_sensors.py
[2023-03-04T19:34:47.988+0000] {logging_mixin.py:137} INFO - [2023-03-04T19:34:47.988+0000] {dag.py:2690} INFO - Sync 1 DAGs
[2023-03-04T19:34:48.092+0000] {logging_mixin.py:137} INFO - [2023-03-04T19:34:48.092+0000] {dag.py:3441} INFO - Setting next_dagrun for example_sensors to None, run_after=None
[2023-03-04T19:34:48.164+0000] {processor.py:175} INFO - Processing /home/airflow/.local/lib/python3.7/site-packages/airflow/example_dags/example_sensors.py took 0.404 seconds
[2023-03-04T20:25:40.268+0000] {processor.py:153} INFO - Started process (PID=6167) to work on /home/airflow/.local/lib/python3.7/site-packages/airflow/example_dags/example_sensors.py
[2023-03-04T20:25:40.272+0000] {processor.py:743} INFO - Processing file /home/airflow/.local/lib/python3.7/site-packages/airflow/example_dags/example_sensors.py for tasks to queue
[2023-03-04T20:25:40.275+0000] {logging_mixin.py:137} INFO - [2023-03-04T20:25:40.275+0000] {dagbag.py:538} INFO - Filling up the DagBag from /home/airflow/.local/lib/python3.7/site-packages/airflow/example_dags/example_sensors.py
[2023-03-04T20:25:40.334+0000] {processor.py:753} INFO - DAG(s) dict_keys(['example_sensors']) retrieved from /home/airflow/.local/lib/python3.7/site-packages/airflow/example_dags/example_sensors.py
[2023-03-04T20:25:40.438+0000] {logging_mixin.py:137} INFO - [2023-03-04T20:25:40.437+0000] {dag.py:2690} INFO - Sync 1 DAGs
[2023-03-04T20:25:40.506+0000] {logging_mixin.py:137} INFO - [2023-03-04T20:25:40.506+0000] {dag.py:3441} INFO - Setting next_dagrun for example_sensors to None, run_after=None
[2023-03-04T20:25:40.569+0000] {processor.py:175} INFO - Processing /home/airflow/.local/lib/python3.7/site-packages/airflow/example_dags/example_sensors.py took 0.323 seconds
[2023-03-04T21:17:45.085+0000] {processor.py:153} INFO - Started process (PID=6235) to work on /home/airflow/.local/lib/python3.7/site-packages/airflow/example_dags/example_sensors.py
[2023-03-04T21:17:45.087+0000] {processor.py:743} INFO - Processing file /home/airflow/.local/lib/python3.7/site-packages/airflow/example_dags/example_sensors.py for tasks to queue
[2023-03-04T21:17:45.088+0000] {logging_mixin.py:137} INFO - [2023-03-04T21:17:45.088+0000] {dagbag.py:538} INFO - Filling up the DagBag from /home/airflow/.local/lib/python3.7/site-packages/airflow/example_dags/example_sensors.py
[2023-03-04T21:17:45.113+0000] {processor.py:753} INFO - DAG(s) dict_keys(['example_sensors']) retrieved from /home/airflow/.local/lib/python3.7/site-packages/airflow/example_dags/example_sensors.py
[2023-03-04T21:17:45.164+0000] {logging_mixin.py:137} INFO - [2023-03-04T21:17:45.163+0000] {dag.py:2690} INFO - Sync 1 DAGs
[2023-03-04T21:17:45.343+0000] {logging_mixin.py:137} INFO - [2023-03-04T21:17:45.342+0000] {dag.py:3441} INFO - Setting next_dagrun for example_sensors to None, run_after=None
[2023-03-04T21:17:45.441+0000] {processor.py:175} INFO - Processing /home/airflow/.local/lib/python3.7/site-packages/airflow/example_dags/example_sensors.py took 0.360 seconds
[2023-03-04T22:18:12.506+0000] {processor.py:153} INFO - Started process (PID=6299) to work on /home/airflow/.local/lib/python3.7/site-packages/airflow/example_dags/example_sensors.py
[2023-03-04T22:18:12.507+0000] {processor.py:743} INFO - Processing file /home/airflow/.local/lib/python3.7/site-packages/airflow/example_dags/example_sensors.py for tasks to queue
[2023-03-04T22:18:12.508+0000] {logging_mixin.py:137} INFO - [2023-03-04T22:18:12.508+0000] {dagbag.py:538} INFO - Filling up the DagBag from /home/airflow/.local/lib/python3.7/site-packages/airflow/example_dags/example_sensors.py
[2023-03-04T22:18:12.543+0000] {processor.py:753} INFO - DAG(s) dict_keys(['example_sensors']) retrieved from /home/airflow/.local/lib/python3.7/site-packages/airflow/example_dags/example_sensors.py
[2023-03-04T22:18:12.575+0000] {logging_mixin.py:137} INFO - [2023-03-04T22:18:12.575+0000] {dag.py:2690} INFO - Sync 1 DAGs
[2023-03-04T22:18:12.599+0000] {logging_mixin.py:137} INFO - [2023-03-04T22:18:12.599+0000] {dag.py:3441} INFO - Setting next_dagrun for example_sensors to None, run_after=None
[2023-03-04T22:18:12.621+0000] {processor.py:175} INFO - Processing /home/airflow/.local/lib/python3.7/site-packages/airflow/example_dags/example_sensors.py took 0.119 seconds
[2023-03-04T23:42:20.396+0000] {processor.py:153} INFO - Started process (PID=6362) to work on /home/airflow/.local/lib/python3.7/site-packages/airflow/example_dags/example_sensors.py
[2023-03-04T23:42:20.399+0000] {processor.py:743} INFO - Processing file /home/airflow/.local/lib/python3.7/site-packages/airflow/example_dags/example_sensors.py for tasks to queue
[2023-03-04T23:42:20.409+0000] {logging_mixin.py:137} INFO - [2023-03-04T23:42:20.409+0000] {dagbag.py:538} INFO - Filling up the DagBag from /home/airflow/.local/lib/python3.7/site-packages/airflow/example_dags/example_sensors.py
[2023-03-04T23:42:20.441+0000] {processor.py:753} INFO - DAG(s) dict_keys(['example_sensors']) retrieved from /home/airflow/.local/lib/python3.7/site-packages/airflow/example_dags/example_sensors.py
[2023-03-04T23:42:20.487+0000] {logging_mixin.py:137} INFO - [2023-03-04T23:42:20.486+0000] {dag.py:2690} INFO - Sync 1 DAGs
[2023-03-04T23:42:20.506+0000] {logging_mixin.py:137} INFO - [2023-03-04T23:42:20.505+0000] {dag.py:3441} INFO - Setting next_dagrun for example_sensors to None, run_after=None
[2023-03-04T23:42:20.521+0000] {processor.py:175} INFO - Processing /home/airflow/.local/lib/python3.7/site-packages/airflow/example_dags/example_sensors.py took 0.130 seconds
