[2023-03-04T06:33:27.750+0000] {processor.py:153} INFO - Started process (PID=4719) to work on /home/airflow/.local/lib/python3.7/site-packages/airflow/example_dags/example_branch_labels.py
[2023-03-04T06:33:27.784+0000] {processor.py:743} INFO - Processing file /home/airflow/.local/lib/python3.7/site-packages/airflow/example_dags/example_branch_labels.py for tasks to queue
[2023-03-04T06:33:27.828+0000] {logging_mixin.py:137} INFO - [2023-03-04T06:33:27.827+0000] {dagbag.py:538} INFO - Filling up the DagBag from /home/airflow/.local/lib/python3.7/site-packages/airflow/example_dags/example_branch_labels.py
[2023-03-04T06:33:28.125+0000] {processor.py:753} INFO - DAG(s) dict_keys(['example_branch_labels']) retrieved from /home/airflow/.local/lib/python3.7/site-packages/airflow/example_dags/example_branch_labels.py
[2023-03-04T06:33:30.616+0000] {logging_mixin.py:137} INFO - [2023-03-04T06:33:30.503+0000] {dag.py:2690} INFO - Sync 1 DAGs
[2023-03-04T06:33:31.432+0000] {logging_mixin.py:137} INFO - [2023-03-04T06:33:31.412+0000] {dag.py:3441} INFO - Setting next_dagrun for example_branch_labels to 2023-03-03T00:00:00+00:00, run_after=2023-03-04T00:00:00+00:00
[2023-03-04T06:33:31.848+0000] {processor.py:175} INFO - Processing /home/airflow/.local/lib/python3.7/site-packages/airflow/example_dags/example_branch_labels.py took 4.163 seconds
[2023-03-04T07:05:57.392+0000] {processor.py:153} INFO - Started process (PID=4785) to work on /home/airflow/.local/lib/python3.7/site-packages/airflow/example_dags/example_branch_labels.py
[2023-03-04T07:05:57.396+0000] {processor.py:743} INFO - Processing file /home/airflow/.local/lib/python3.7/site-packages/airflow/example_dags/example_branch_labels.py for tasks to queue
[2023-03-04T07:05:57.406+0000] {logging_mixin.py:137} INFO - [2023-03-04T07:05:57.406+0000] {dagbag.py:538} INFO - Filling up the DagBag from /home/airflow/.local/lib/python3.7/site-packages/airflow/example_dags/example_branch_labels.py
[2023-03-04T07:05:57.463+0000] {processor.py:753} INFO - DAG(s) dict_keys(['example_branch_labels']) retrieved from /home/airflow/.local/lib/python3.7/site-packages/airflow/example_dags/example_branch_labels.py
[2023-03-04T07:05:57.524+0000] {logging_mixin.py:137} INFO - [2023-03-04T07:05:57.524+0000] {dag.py:2690} INFO - Sync 1 DAGs
[2023-03-04T07:05:57.619+0000] {logging_mixin.py:137} INFO - [2023-03-04T07:05:57.618+0000] {dag.py:3441} INFO - Setting next_dagrun for example_branch_labels to 2023-03-03T00:00:00+00:00, run_after=2023-03-04T00:00:00+00:00
[2023-03-04T07:05:57.719+0000] {processor.py:175} INFO - Processing /home/airflow/.local/lib/python3.7/site-packages/airflow/example_dags/example_branch_labels.py took 0.336 seconds
[2023-03-04T07:37:54.353+0000] {processor.py:153} INFO - Started process (PID=4836) to work on /home/airflow/.local/lib/python3.7/site-packages/airflow/example_dags/example_branch_labels.py
[2023-03-04T07:37:54.354+0000] {processor.py:743} INFO - Processing file /home/airflow/.local/lib/python3.7/site-packages/airflow/example_dags/example_branch_labels.py for tasks to queue
[2023-03-04T07:37:54.355+0000] {logging_mixin.py:137} INFO - [2023-03-04T07:37:54.355+0000] {dagbag.py:538} INFO - Filling up the DagBag from /home/airflow/.local/lib/python3.7/site-packages/airflow/example_dags/example_branch_labels.py
[2023-03-04T07:37:54.368+0000] {processor.py:753} INFO - DAG(s) dict_keys(['example_branch_labels']) retrieved from /home/airflow/.local/lib/python3.7/site-packages/airflow/example_dags/example_branch_labels.py
[2023-03-04T07:37:54.391+0000] {logging_mixin.py:137} INFO - [2023-03-04T07:37:54.391+0000] {dag.py:2690} INFO - Sync 1 DAGs
[2023-03-04T07:37:54.411+0000] {logging_mixin.py:137} INFO - [2023-03-04T07:37:54.410+0000] {dag.py:3441} INFO - Setting next_dagrun for example_branch_labels to 2023-03-03T00:00:00+00:00, run_after=2023-03-04T00:00:00+00:00
[2023-03-04T07:37:54.423+0000] {processor.py:175} INFO - Processing /home/airflow/.local/lib/python3.7/site-packages/airflow/example_dags/example_branch_labels.py took 0.073 seconds
[2023-03-04T07:43:53.257+0000] {processor.py:153} INFO - Started process (PID=4906) to work on /home/airflow/.local/lib/python3.7/site-packages/airflow/example_dags/example_branch_labels.py
[2023-03-04T07:43:53.264+0000] {processor.py:743} INFO - Processing file /home/airflow/.local/lib/python3.7/site-packages/airflow/example_dags/example_branch_labels.py for tasks to queue
[2023-03-04T07:43:53.266+0000] {logging_mixin.py:137} INFO - [2023-03-04T07:43:53.266+0000] {dagbag.py:538} INFO - Filling up the DagBag from /home/airflow/.local/lib/python3.7/site-packages/airflow/example_dags/example_branch_labels.py
[2023-03-04T07:43:53.301+0000] {processor.py:753} INFO - DAG(s) dict_keys(['example_branch_labels']) retrieved from /home/airflow/.local/lib/python3.7/site-packages/airflow/example_dags/example_branch_labels.py
[2023-03-04T07:43:53.357+0000] {logging_mixin.py:137} INFO - [2023-03-04T07:43:53.357+0000] {dag.py:2690} INFO - Sync 1 DAGs
[2023-03-04T07:43:53.441+0000] {logging_mixin.py:137} INFO - [2023-03-04T07:43:53.440+0000] {dag.py:3441} INFO - Setting next_dagrun for example_branch_labels to 2023-03-03T00:00:00+00:00, run_after=2023-03-04T00:00:00+00:00
[2023-03-04T07:43:53.496+0000] {processor.py:175} INFO - Processing /home/airflow/.local/lib/python3.7/site-packages/airflow/example_dags/example_branch_labels.py took 0.250 seconds
[2023-03-04T09:08:15.234+0000] {processor.py:153} INFO - Started process (PID=4974) to work on /home/airflow/.local/lib/python3.7/site-packages/airflow/example_dags/example_branch_labels.py
[2023-03-04T09:08:15.235+0000] {processor.py:743} INFO - Processing file /home/airflow/.local/lib/python3.7/site-packages/airflow/example_dags/example_branch_labels.py for tasks to queue
[2023-03-04T09:08:15.236+0000] {logging_mixin.py:137} INFO - [2023-03-04T09:08:15.236+0000] {dagbag.py:538} INFO - Filling up the DagBag from /home/airflow/.local/lib/python3.7/site-packages/airflow/example_dags/example_branch_labels.py
[2023-03-04T09:08:15.259+0000] {processor.py:753} INFO - DAG(s) dict_keys(['example_branch_labels']) retrieved from /home/airflow/.local/lib/python3.7/site-packages/airflow/example_dags/example_branch_labels.py
[2023-03-04T09:08:15.339+0000] {logging_mixin.py:137} INFO - [2023-03-04T09:08:15.339+0000] {dag.py:2690} INFO - Sync 1 DAGs
[2023-03-04T09:08:15.427+0000] {logging_mixin.py:137} INFO - [2023-03-04T09:08:15.426+0000] {dag.py:3441} INFO - Setting next_dagrun for example_branch_labels to 2023-03-03T00:00:00+00:00, run_after=2023-03-04T00:00:00+00:00
[2023-03-04T09:08:15.482+0000] {processor.py:175} INFO - Processing /home/airflow/.local/lib/python3.7/site-packages/airflow/example_dags/example_branch_labels.py took 0.252 seconds
[2023-03-04T10:01:51.070+0000] {processor.py:153} INFO - Started process (PID=5037) to work on /home/airflow/.local/lib/python3.7/site-packages/airflow/example_dags/example_branch_labels.py
[2023-03-04T10:01:51.072+0000] {processor.py:743} INFO - Processing file /home/airflow/.local/lib/python3.7/site-packages/airflow/example_dags/example_branch_labels.py for tasks to queue
[2023-03-04T10:01:51.073+0000] {logging_mixin.py:137} INFO - [2023-03-04T10:01:51.073+0000] {dagbag.py:538} INFO - Filling up the DagBag from /home/airflow/.local/lib/python3.7/site-packages/airflow/example_dags/example_branch_labels.py
[2023-03-04T10:01:51.087+0000] {processor.py:753} INFO - DAG(s) dict_keys(['example_branch_labels']) retrieved from /home/airflow/.local/lib/python3.7/site-packages/airflow/example_dags/example_branch_labels.py
[2023-03-04T10:01:51.136+0000] {logging_mixin.py:137} INFO - [2023-03-04T10:01:51.136+0000] {dag.py:2690} INFO - Sync 1 DAGs
[2023-03-04T10:01:51.210+0000] {logging_mixin.py:137} INFO - [2023-03-04T10:01:51.209+0000] {dag.py:3441} INFO - Setting next_dagrun for example_branch_labels to 2023-03-03T00:00:00+00:00, run_after=2023-03-04T00:00:00+00:00
[2023-03-04T10:01:51.236+0000] {processor.py:175} INFO - Processing /home/airflow/.local/lib/python3.7/site-packages/airflow/example_dags/example_branch_labels.py took 0.176 seconds
[2023-03-04T10:51:24.835+0000] {processor.py:153} INFO - Started process (PID=5099) to work on /home/airflow/.local/lib/python3.7/site-packages/airflow/example_dags/example_branch_labels.py
[2023-03-04T10:51:24.838+0000] {processor.py:743} INFO - Processing file /home/airflow/.local/lib/python3.7/site-packages/airflow/example_dags/example_branch_labels.py for tasks to queue
[2023-03-04T10:51:24.839+0000] {logging_mixin.py:137} INFO - [2023-03-04T10:51:24.839+0000] {dagbag.py:538} INFO - Filling up the DagBag from /home/airflow/.local/lib/python3.7/site-packages/airflow/example_dags/example_branch_labels.py
[2023-03-04T10:51:24.866+0000] {processor.py:753} INFO - DAG(s) dict_keys(['example_branch_labels']) retrieved from /home/airflow/.local/lib/python3.7/site-packages/airflow/example_dags/example_branch_labels.py
[2023-03-04T10:51:24.900+0000] {logging_mixin.py:137} INFO - [2023-03-04T10:51:24.900+0000] {dag.py:2690} INFO - Sync 1 DAGs
[2023-03-04T10:51:24.934+0000] {logging_mixin.py:137} INFO - [2023-03-04T10:51:24.934+0000] {dag.py:3441} INFO - Setting next_dagrun for example_branch_labels to 2023-03-03T00:00:00+00:00, run_after=2023-03-04T00:00:00+00:00
[2023-03-04T10:51:24.964+0000] {processor.py:175} INFO - Processing /home/airflow/.local/lib/python3.7/site-packages/airflow/example_dags/example_branch_labels.py took 0.132 seconds
[2023-03-04T11:12:02.423+0000] {processor.py:153} INFO - Started process (PID=5162) to work on /home/airflow/.local/lib/python3.7/site-packages/airflow/example_dags/example_branch_labels.py
[2023-03-04T11:12:02.424+0000] {processor.py:743} INFO - Processing file /home/airflow/.local/lib/python3.7/site-packages/airflow/example_dags/example_branch_labels.py for tasks to queue
[2023-03-04T11:12:02.425+0000] {logging_mixin.py:137} INFO - [2023-03-04T11:12:02.425+0000] {dagbag.py:538} INFO - Filling up the DagBag from /home/airflow/.local/lib/python3.7/site-packages/airflow/example_dags/example_branch_labels.py
[2023-03-04T11:12:02.441+0000] {processor.py:753} INFO - DAG(s) dict_keys(['example_branch_labels']) retrieved from /home/airflow/.local/lib/python3.7/site-packages/airflow/example_dags/example_branch_labels.py
[2023-03-04T11:12:02.472+0000] {logging_mixin.py:137} INFO - [2023-03-04T11:12:02.472+0000] {dag.py:2690} INFO - Sync 1 DAGs
[2023-03-04T11:12:02.493+0000] {logging_mixin.py:137} INFO - [2023-03-04T11:12:02.493+0000] {dag.py:3441} INFO - Setting next_dagrun for example_branch_labels to 2023-03-03T00:00:00+00:00, run_after=2023-03-04T00:00:00+00:00
[2023-03-04T11:12:02.505+0000] {processor.py:175} INFO - Processing /home/airflow/.local/lib/python3.7/site-packages/airflow/example_dags/example_branch_labels.py took 0.086 seconds
[2023-03-04T11:21:28.780+0000] {processor.py:153} INFO - Started process (PID=5225) to work on /home/airflow/.local/lib/python3.7/site-packages/airflow/example_dags/example_branch_labels.py
[2023-03-04T11:21:28.785+0000] {processor.py:743} INFO - Processing file /home/airflow/.local/lib/python3.7/site-packages/airflow/example_dags/example_branch_labels.py for tasks to queue
[2023-03-04T11:21:28.797+0000] {logging_mixin.py:137} INFO - [2023-03-04T11:21:28.797+0000] {dagbag.py:538} INFO - Filling up the DagBag from /home/airflow/.local/lib/python3.7/site-packages/airflow/example_dags/example_branch_labels.py
[2023-03-04T11:21:28.837+0000] {processor.py:753} INFO - DAG(s) dict_keys(['example_branch_labels']) retrieved from /home/airflow/.local/lib/python3.7/site-packages/airflow/example_dags/example_branch_labels.py
[2023-03-04T11:21:28.874+0000] {logging_mixin.py:137} INFO - [2023-03-04T11:21:28.874+0000] {dag.py:2690} INFO - Sync 1 DAGs
[2023-03-04T11:21:28.896+0000] {logging_mixin.py:137} INFO - [2023-03-04T11:21:28.896+0000] {dag.py:3441} INFO - Setting next_dagrun for example_branch_labels to 2023-03-03T00:00:00+00:00, run_after=2023-03-04T00:00:00+00:00
[2023-03-04T11:21:28.909+0000] {processor.py:175} INFO - Processing /home/airflow/.local/lib/python3.7/site-packages/airflow/example_dags/example_branch_labels.py took 0.135 seconds
[2023-03-04T11:56:44.266+0000] {processor.py:153} INFO - Started process (PID=5289) to work on /home/airflow/.local/lib/python3.7/site-packages/airflow/example_dags/example_branch_labels.py
[2023-03-04T11:56:44.269+0000] {processor.py:743} INFO - Processing file /home/airflow/.local/lib/python3.7/site-packages/airflow/example_dags/example_branch_labels.py for tasks to queue
[2023-03-04T11:56:44.270+0000] {logging_mixin.py:137} INFO - [2023-03-04T11:56:44.270+0000] {dagbag.py:538} INFO - Filling up the DagBag from /home/airflow/.local/lib/python3.7/site-packages/airflow/example_dags/example_branch_labels.py
[2023-03-04T11:56:44.286+0000] {processor.py:753} INFO - DAG(s) dict_keys(['example_branch_labels']) retrieved from /home/airflow/.local/lib/python3.7/site-packages/airflow/example_dags/example_branch_labels.py
[2023-03-04T11:56:44.312+0000] {logging_mixin.py:137} INFO - [2023-03-04T11:56:44.312+0000] {dag.py:2690} INFO - Sync 1 DAGs
[2023-03-04T11:56:44.335+0000] {logging_mixin.py:137} INFO - [2023-03-04T11:56:44.335+0000] {dag.py:3441} INFO - Setting next_dagrun for example_branch_labels to 2023-03-03T00:00:00+00:00, run_after=2023-03-04T00:00:00+00:00
[2023-03-04T11:56:44.369+0000] {processor.py:175} INFO - Processing /home/airflow/.local/lib/python3.7/site-packages/airflow/example_dags/example_branch_labels.py took 0.107 seconds
[2023-03-04T12:36:28.523+0000] {processor.py:153} INFO - Started process (PID=5364) to work on /home/airflow/.local/lib/python3.7/site-packages/airflow/example_dags/example_branch_labels.py
[2023-03-04T12:36:28.531+0000] {processor.py:743} INFO - Processing file /home/airflow/.local/lib/python3.7/site-packages/airflow/example_dags/example_branch_labels.py for tasks to queue
[2023-03-04T12:36:28.536+0000] {logging_mixin.py:137} INFO - [2023-03-04T12:36:28.535+0000] {dagbag.py:538} INFO - Filling up the DagBag from /home/airflow/.local/lib/python3.7/site-packages/airflow/example_dags/example_branch_labels.py
[2023-03-04T12:36:28.583+0000] {processor.py:753} INFO - DAG(s) dict_keys(['example_branch_labels']) retrieved from /home/airflow/.local/lib/python3.7/site-packages/airflow/example_dags/example_branch_labels.py
[2023-03-04T12:36:28.635+0000] {logging_mixin.py:137} INFO - [2023-03-04T12:36:28.634+0000] {dag.py:2690} INFO - Sync 1 DAGs
[2023-03-04T12:36:28.662+0000] {logging_mixin.py:137} INFO - [2023-03-04T12:36:28.662+0000] {dag.py:3441} INFO - Setting next_dagrun for example_branch_labels to 2023-03-03T00:00:00+00:00, run_after=2023-03-04T00:00:00+00:00
[2023-03-04T12:36:28.685+0000] {processor.py:175} INFO - Processing /home/airflow/.local/lib/python3.7/site-packages/airflow/example_dags/example_branch_labels.py took 0.171 seconds
[2023-03-04T12:50:16.277+0000] {processor.py:153} INFO - Started process (PID=5427) to work on /home/airflow/.local/lib/python3.7/site-packages/airflow/example_dags/example_branch_labels.py
[2023-03-04T12:50:16.279+0000] {processor.py:743} INFO - Processing file /home/airflow/.local/lib/python3.7/site-packages/airflow/example_dags/example_branch_labels.py for tasks to queue
[2023-03-04T12:50:16.280+0000] {logging_mixin.py:137} INFO - [2023-03-04T12:50:16.280+0000] {dagbag.py:538} INFO - Filling up the DagBag from /home/airflow/.local/lib/python3.7/site-packages/airflow/example_dags/example_branch_labels.py
[2023-03-04T12:50:16.314+0000] {processor.py:753} INFO - DAG(s) dict_keys(['example_branch_labels']) retrieved from /home/airflow/.local/lib/python3.7/site-packages/airflow/example_dags/example_branch_labels.py
[2023-03-04T12:50:16.340+0000] {logging_mixin.py:137} INFO - [2023-03-04T12:50:16.340+0000] {dag.py:2690} INFO - Sync 1 DAGs
[2023-03-04T12:50:16.378+0000] {logging_mixin.py:137} INFO - [2023-03-04T12:50:16.377+0000] {dag.py:3441} INFO - Setting next_dagrun for example_branch_labels to 2023-03-03T00:00:00+00:00, run_after=2023-03-04T00:00:00+00:00
[2023-03-04T12:50:16.394+0000] {processor.py:175} INFO - Processing /home/airflow/.local/lib/python3.7/site-packages/airflow/example_dags/example_branch_labels.py took 0.122 seconds
[2023-03-04T13:10:06.961+0000] {processor.py:153} INFO - Started process (PID=5490) to work on /home/airflow/.local/lib/python3.7/site-packages/airflow/example_dags/example_branch_labels.py
[2023-03-04T13:10:06.963+0000] {processor.py:743} INFO - Processing file /home/airflow/.local/lib/python3.7/site-packages/airflow/example_dags/example_branch_labels.py for tasks to queue
[2023-03-04T13:10:06.964+0000] {logging_mixin.py:137} INFO - [2023-03-04T13:10:06.964+0000] {dagbag.py:538} INFO - Filling up the DagBag from /home/airflow/.local/lib/python3.7/site-packages/airflow/example_dags/example_branch_labels.py
[2023-03-04T13:10:06.977+0000] {processor.py:753} INFO - DAG(s) dict_keys(['example_branch_labels']) retrieved from /home/airflow/.local/lib/python3.7/site-packages/airflow/example_dags/example_branch_labels.py
[2023-03-04T13:10:07.007+0000] {logging_mixin.py:137} INFO - [2023-03-04T13:10:07.006+0000] {dag.py:2690} INFO - Sync 1 DAGs
[2023-03-04T13:10:07.030+0000] {logging_mixin.py:137} INFO - [2023-03-04T13:10:07.030+0000] {dag.py:3441} INFO - Setting next_dagrun for example_branch_labels to 2023-03-03T00:00:00+00:00, run_after=2023-03-04T00:00:00+00:00
[2023-03-04T13:10:07.049+0000] {processor.py:175} INFO - Processing /home/airflow/.local/lib/python3.7/site-packages/airflow/example_dags/example_branch_labels.py took 0.092 seconds
[2023-03-04T13:26:38.994+0000] {processor.py:153} INFO - Started process (PID=5554) to work on /home/airflow/.local/lib/python3.7/site-packages/airflow/example_dags/example_branch_labels.py
[2023-03-04T13:26:38.996+0000] {processor.py:743} INFO - Processing file /home/airflow/.local/lib/python3.7/site-packages/airflow/example_dags/example_branch_labels.py for tasks to queue
[2023-03-04T13:26:38.997+0000] {logging_mixin.py:137} INFO - [2023-03-04T13:26:38.996+0000] {dagbag.py:538} INFO - Filling up the DagBag from /home/airflow/.local/lib/python3.7/site-packages/airflow/example_dags/example_branch_labels.py
[2023-03-04T13:26:39.009+0000] {processor.py:753} INFO - DAG(s) dict_keys(['example_branch_labels']) retrieved from /home/airflow/.local/lib/python3.7/site-packages/airflow/example_dags/example_branch_labels.py
[2023-03-04T13:26:39.030+0000] {logging_mixin.py:137} INFO - [2023-03-04T13:26:39.030+0000] {dag.py:2690} INFO - Sync 1 DAGs
[2023-03-04T13:26:39.046+0000] {logging_mixin.py:137} INFO - [2023-03-04T13:26:39.046+0000] {dag.py:3441} INFO - Setting next_dagrun for example_branch_labels to 2023-03-03T00:00:00+00:00, run_after=2023-03-04T00:00:00+00:00
[2023-03-04T13:26:39.058+0000] {processor.py:175} INFO - Processing /home/airflow/.local/lib/python3.7/site-packages/airflow/example_dags/example_branch_labels.py took 0.066 seconds
[2023-03-04T13:40:41.108+0000] {processor.py:153} INFO - Started process (PID=5616) to work on /home/airflow/.local/lib/python3.7/site-packages/airflow/example_dags/example_branch_labels.py
[2023-03-04T13:40:41.110+0000] {processor.py:743} INFO - Processing file /home/airflow/.local/lib/python3.7/site-packages/airflow/example_dags/example_branch_labels.py for tasks to queue
[2023-03-04T13:40:41.111+0000] {logging_mixin.py:137} INFO - [2023-03-04T13:40:41.111+0000] {dagbag.py:538} INFO - Filling up the DagBag from /home/airflow/.local/lib/python3.7/site-packages/airflow/example_dags/example_branch_labels.py
[2023-03-04T13:40:41.125+0000] {processor.py:753} INFO - DAG(s) dict_keys(['example_branch_labels']) retrieved from /home/airflow/.local/lib/python3.7/site-packages/airflow/example_dags/example_branch_labels.py
[2023-03-04T13:40:41.150+0000] {logging_mixin.py:137} INFO - [2023-03-04T13:40:41.150+0000] {dag.py:2690} INFO - Sync 1 DAGs
[2023-03-04T13:40:41.174+0000] {logging_mixin.py:137} INFO - [2023-03-04T13:40:41.174+0000] {dag.py:3441} INFO - Setting next_dagrun for example_branch_labels to 2023-03-03T00:00:00+00:00, run_after=2023-03-04T00:00:00+00:00
[2023-03-04T13:40:41.227+0000] {processor.py:175} INFO - Processing /home/airflow/.local/lib/python3.7/site-packages/airflow/example_dags/example_branch_labels.py took 0.122 seconds
[2023-03-04T14:00:05.125+0000] {processor.py:153} INFO - Started process (PID=5679) to work on /home/airflow/.local/lib/python3.7/site-packages/airflow/example_dags/example_branch_labels.py
[2023-03-04T14:00:05.128+0000] {processor.py:743} INFO - Processing file /home/airflow/.local/lib/python3.7/site-packages/airflow/example_dags/example_branch_labels.py for tasks to queue
[2023-03-04T14:00:05.128+0000] {logging_mixin.py:137} INFO - [2023-03-04T14:00:05.128+0000] {dagbag.py:538} INFO - Filling up the DagBag from /home/airflow/.local/lib/python3.7/site-packages/airflow/example_dags/example_branch_labels.py
[2023-03-04T14:00:05.140+0000] {processor.py:753} INFO - DAG(s) dict_keys(['example_branch_labels']) retrieved from /home/airflow/.local/lib/python3.7/site-packages/airflow/example_dags/example_branch_labels.py
[2023-03-04T14:00:05.161+0000] {logging_mixin.py:137} INFO - [2023-03-04T14:00:05.161+0000] {dag.py:2690} INFO - Sync 1 DAGs
[2023-03-04T14:00:05.177+0000] {logging_mixin.py:137} INFO - [2023-03-04T14:00:05.177+0000] {dag.py:3441} INFO - Setting next_dagrun for example_branch_labels to 2023-03-03T00:00:00+00:00, run_after=2023-03-04T00:00:00+00:00
[2023-03-04T14:00:05.188+0000] {processor.py:175} INFO - Processing /home/airflow/.local/lib/python3.7/site-packages/airflow/example_dags/example_branch_labels.py took 0.066 seconds
[2023-03-04T14:50:41.088+0000] {processor.py:153} INFO - Started process (PID=5742) to work on /home/airflow/.local/lib/python3.7/site-packages/airflow/example_dags/example_branch_labels.py
[2023-03-04T14:50:41.090+0000] {processor.py:743} INFO - Processing file /home/airflow/.local/lib/python3.7/site-packages/airflow/example_dags/example_branch_labels.py for tasks to queue
[2023-03-04T14:50:41.093+0000] {logging_mixin.py:137} INFO - [2023-03-04T14:50:41.093+0000] {dagbag.py:538} INFO - Filling up the DagBag from /home/airflow/.local/lib/python3.7/site-packages/airflow/example_dags/example_branch_labels.py
[2023-03-04T14:50:41.107+0000] {processor.py:753} INFO - DAG(s) dict_keys(['example_branch_labels']) retrieved from /home/airflow/.local/lib/python3.7/site-packages/airflow/example_dags/example_branch_labels.py
[2023-03-04T14:50:41.129+0000] {logging_mixin.py:137} INFO - [2023-03-04T14:50:41.129+0000] {dag.py:2690} INFO - Sync 1 DAGs
[2023-03-04T14:50:41.147+0000] {logging_mixin.py:137} INFO - [2023-03-04T14:50:41.146+0000] {dag.py:3441} INFO - Setting next_dagrun for example_branch_labels to 2023-03-03T00:00:00+00:00, run_after=2023-03-04T00:00:00+00:00
[2023-03-04T14:50:41.158+0000] {processor.py:175} INFO - Processing /home/airflow/.local/lib/python3.7/site-packages/airflow/example_dags/example_branch_labels.py took 0.075 seconds
[2023-03-04T15:19:44.935+0000] {processor.py:153} INFO - Started process (PID=5817) to work on /home/airflow/.local/lib/python3.7/site-packages/airflow/example_dags/example_branch_labels.py
[2023-03-04T15:19:44.937+0000] {processor.py:743} INFO - Processing file /home/airflow/.local/lib/python3.7/site-packages/airflow/example_dags/example_branch_labels.py for tasks to queue
[2023-03-04T15:19:44.938+0000] {logging_mixin.py:137} INFO - [2023-03-04T15:19:44.938+0000] {dagbag.py:538} INFO - Filling up the DagBag from /home/airflow/.local/lib/python3.7/site-packages/airflow/example_dags/example_branch_labels.py
[2023-03-04T15:19:44.949+0000] {processor.py:753} INFO - DAG(s) dict_keys(['example_branch_labels']) retrieved from /home/airflow/.local/lib/python3.7/site-packages/airflow/example_dags/example_branch_labels.py
[2023-03-04T15:19:44.974+0000] {logging_mixin.py:137} INFO - [2023-03-04T15:19:44.973+0000] {dag.py:2690} INFO - Sync 1 DAGs
[2023-03-04T15:19:44.997+0000] {logging_mixin.py:137} INFO - [2023-03-04T15:19:44.997+0000] {dag.py:3441} INFO - Setting next_dagrun for example_branch_labels to 2023-03-03T00:00:00+00:00, run_after=2023-03-04T00:00:00+00:00
[2023-03-04T15:19:45.016+0000] {processor.py:175} INFO - Processing /home/airflow/.local/lib/python3.7/site-packages/airflow/example_dags/example_branch_labels.py took 0.084 seconds
[2023-03-04T15:27:08.354+0000] {processor.py:153} INFO - Started process (PID=5888) to work on /home/airflow/.local/lib/python3.7/site-packages/airflow/example_dags/example_branch_labels.py
[2023-03-04T15:27:08.362+0000] {processor.py:743} INFO - Processing file /home/airflow/.local/lib/python3.7/site-packages/airflow/example_dags/example_branch_labels.py for tasks to queue
[2023-03-04T15:27:08.371+0000] {logging_mixin.py:137} INFO - [2023-03-04T15:27:08.369+0000] {dagbag.py:538} INFO - Filling up the DagBag from /home/airflow/.local/lib/python3.7/site-packages/airflow/example_dags/example_branch_labels.py
[2023-03-04T15:27:08.471+0000] {processor.py:753} INFO - DAG(s) dict_keys(['example_branch_labels']) retrieved from /home/airflow/.local/lib/python3.7/site-packages/airflow/example_dags/example_branch_labels.py
[2023-03-04T15:27:08.836+0000] {logging_mixin.py:137} INFO - [2023-03-04T15:27:08.835+0000] {dag.py:2690} INFO - Sync 1 DAGs
[2023-03-04T15:27:09.123+0000] {logging_mixin.py:137} INFO - [2023-03-04T15:27:09.123+0000] {dag.py:3441} INFO - Setting next_dagrun for example_branch_labels to 2023-03-03T00:00:00+00:00, run_after=2023-03-04T00:00:00+00:00
[2023-03-04T15:27:09.370+0000] {processor.py:175} INFO - Processing /home/airflow/.local/lib/python3.7/site-packages/airflow/example_dags/example_branch_labels.py took 1.039 seconds
[2023-03-04T16:21:42.785+0000] {processor.py:153} INFO - Started process (PID=5930) to work on /home/airflow/.local/lib/python3.7/site-packages/airflow/example_dags/example_branch_labels.py
[2023-03-04T16:21:42.789+0000] {processor.py:743} INFO - Processing file /home/airflow/.local/lib/python3.7/site-packages/airflow/example_dags/example_branch_labels.py for tasks to queue
[2023-03-04T16:21:42.791+0000] {logging_mixin.py:137} INFO - [2023-03-04T16:21:42.790+0000] {dagbag.py:538} INFO - Filling up the DagBag from /home/airflow/.local/lib/python3.7/site-packages/airflow/example_dags/example_branch_labels.py
[2023-03-04T16:21:42.804+0000] {processor.py:753} INFO - DAG(s) dict_keys(['example_branch_labels']) retrieved from /home/airflow/.local/lib/python3.7/site-packages/airflow/example_dags/example_branch_labels.py
[2023-03-04T16:21:42.853+0000] {logging_mixin.py:137} INFO - [2023-03-04T16:21:42.853+0000] {dag.py:2690} INFO - Sync 1 DAGs
[2023-03-04T16:21:42.892+0000] {logging_mixin.py:137} INFO - [2023-03-04T16:21:42.891+0000] {dag.py:3441} INFO - Setting next_dagrun for example_branch_labels to 2023-03-03T00:00:00+00:00, run_after=2023-03-04T00:00:00+00:00
[2023-03-04T16:21:42.922+0000] {processor.py:175} INFO - Processing /home/airflow/.local/lib/python3.7/site-packages/airflow/example_dags/example_branch_labels.py took 0.143 seconds
[2023-03-04T17:17:19.183+0000] {processor.py:153} INFO - Started process (PID=5988) to work on /home/airflow/.local/lib/python3.7/site-packages/airflow/example_dags/example_branch_labels.py
[2023-03-04T17:17:19.185+0000] {processor.py:743} INFO - Processing file /home/airflow/.local/lib/python3.7/site-packages/airflow/example_dags/example_branch_labels.py for tasks to queue
[2023-03-04T17:17:19.186+0000] {logging_mixin.py:137} INFO - [2023-03-04T17:17:19.186+0000] {dagbag.py:538} INFO - Filling up the DagBag from /home/airflow/.local/lib/python3.7/site-packages/airflow/example_dags/example_branch_labels.py
[2023-03-04T17:17:19.198+0000] {processor.py:753} INFO - DAG(s) dict_keys(['example_branch_labels']) retrieved from /home/airflow/.local/lib/python3.7/site-packages/airflow/example_dags/example_branch_labels.py
[2023-03-04T17:17:19.238+0000] {logging_mixin.py:137} INFO - [2023-03-04T17:17:19.237+0000] {dag.py:2690} INFO - Sync 1 DAGs
[2023-03-04T17:17:19.270+0000] {logging_mixin.py:137} INFO - [2023-03-04T17:17:19.269+0000] {dag.py:3441} INFO - Setting next_dagrun for example_branch_labels to 2023-03-03T00:00:00+00:00, run_after=2023-03-04T00:00:00+00:00
[2023-03-04T17:17:19.291+0000] {processor.py:175} INFO - Processing /home/airflow/.local/lib/python3.7/site-packages/airflow/example_dags/example_branch_labels.py took 0.111 seconds
[2023-03-04T18:30:32.429+0000] {processor.py:153} INFO - Started process (PID=6051) to work on /home/airflow/.local/lib/python3.7/site-packages/airflow/example_dags/example_branch_labels.py
[2023-03-04T18:30:32.434+0000] {processor.py:743} INFO - Processing file /home/airflow/.local/lib/python3.7/site-packages/airflow/example_dags/example_branch_labels.py for tasks to queue
[2023-03-04T18:30:32.436+0000] {logging_mixin.py:137} INFO - [2023-03-04T18:30:32.436+0000] {dagbag.py:538} INFO - Filling up the DagBag from /home/airflow/.local/lib/python3.7/site-packages/airflow/example_dags/example_branch_labels.py
[2023-03-04T18:30:32.464+0000] {processor.py:753} INFO - DAG(s) dict_keys(['example_branch_labels']) retrieved from /home/airflow/.local/lib/python3.7/site-packages/airflow/example_dags/example_branch_labels.py
[2023-03-04T18:30:32.512+0000] {logging_mixin.py:137} INFO - [2023-03-04T18:30:32.512+0000] {dag.py:2690} INFO - Sync 1 DAGs
[2023-03-04T18:30:32.537+0000] {logging_mixin.py:137} INFO - [2023-03-04T18:30:32.537+0000] {dag.py:3441} INFO - Setting next_dagrun for example_branch_labels to 2023-03-03T00:00:00+00:00, run_after=2023-03-04T00:00:00+00:00
[2023-03-04T18:30:32.553+0000] {processor.py:175} INFO - Processing /home/airflow/.local/lib/python3.7/site-packages/airflow/example_dags/example_branch_labels.py took 0.137 seconds
[2023-03-04T19:34:54.467+0000] {processor.py:153} INFO - Started process (PID=6127) to work on /home/airflow/.local/lib/python3.7/site-packages/airflow/example_dags/example_branch_labels.py
[2023-03-04T19:34:54.470+0000] {processor.py:743} INFO - Processing file /home/airflow/.local/lib/python3.7/site-packages/airflow/example_dags/example_branch_labels.py for tasks to queue
[2023-03-04T19:34:54.476+0000] {logging_mixin.py:137} INFO - [2023-03-04T19:34:54.475+0000] {dagbag.py:538} INFO - Filling up the DagBag from /home/airflow/.local/lib/python3.7/site-packages/airflow/example_dags/example_branch_labels.py
[2023-03-04T19:34:54.510+0000] {processor.py:753} INFO - DAG(s) dict_keys(['example_branch_labels']) retrieved from /home/airflow/.local/lib/python3.7/site-packages/airflow/example_dags/example_branch_labels.py
[2023-03-04T19:34:54.632+0000] {logging_mixin.py:137} INFO - [2023-03-04T19:34:54.632+0000] {dag.py:2690} INFO - Sync 1 DAGs
[2023-03-04T19:34:54.667+0000] {logging_mixin.py:137} INFO - [2023-03-04T19:34:54.667+0000] {dag.py:3441} INFO - Setting next_dagrun for example_branch_labels to 2023-03-03T00:00:00+00:00, run_after=2023-03-04T00:00:00+00:00
[2023-03-04T19:34:54.694+0000] {processor.py:175} INFO - Processing /home/airflow/.local/lib/python3.7/site-packages/airflow/example_dags/example_branch_labels.py took 0.233 seconds
[2023-03-04T20:25:43.567+0000] {processor.py:153} INFO - Started process (PID=6191) to work on /home/airflow/.local/lib/python3.7/site-packages/airflow/example_dags/example_branch_labels.py
[2023-03-04T20:25:43.569+0000] {processor.py:743} INFO - Processing file /home/airflow/.local/lib/python3.7/site-packages/airflow/example_dags/example_branch_labels.py for tasks to queue
[2023-03-04T20:25:43.570+0000] {logging_mixin.py:137} INFO - [2023-03-04T20:25:43.570+0000] {dagbag.py:538} INFO - Filling up the DagBag from /home/airflow/.local/lib/python3.7/site-packages/airflow/example_dags/example_branch_labels.py
[2023-03-04T20:25:43.593+0000] {processor.py:753} INFO - DAG(s) dict_keys(['example_branch_labels']) retrieved from /home/airflow/.local/lib/python3.7/site-packages/airflow/example_dags/example_branch_labels.py
[2023-03-04T20:25:43.636+0000] {logging_mixin.py:137} INFO - [2023-03-04T20:25:43.635+0000] {dag.py:2690} INFO - Sync 1 DAGs
[2023-03-04T20:25:43.683+0000] {logging_mixin.py:137} INFO - [2023-03-04T20:25:43.683+0000] {dag.py:3441} INFO - Setting next_dagrun for example_branch_labels to 2023-03-03T00:00:00+00:00, run_after=2023-03-04T00:00:00+00:00
[2023-03-04T20:25:43.705+0000] {processor.py:175} INFO - Processing /home/airflow/.local/lib/python3.7/site-packages/airflow/example_dags/example_branch_labels.py took 0.142 seconds
[2023-03-04T21:17:48.091+0000] {processor.py:153} INFO - Started process (PID=6254) to work on /home/airflow/.local/lib/python3.7/site-packages/airflow/example_dags/example_branch_labels.py
[2023-03-04T21:17:48.094+0000] {processor.py:743} INFO - Processing file /home/airflow/.local/lib/python3.7/site-packages/airflow/example_dags/example_branch_labels.py for tasks to queue
[2023-03-04T21:17:48.095+0000] {logging_mixin.py:137} INFO - [2023-03-04T21:17:48.095+0000] {dagbag.py:538} INFO - Filling up the DagBag from /home/airflow/.local/lib/python3.7/site-packages/airflow/example_dags/example_branch_labels.py
[2023-03-04T21:17:48.115+0000] {processor.py:753} INFO - DAG(s) dict_keys(['example_branch_labels']) retrieved from /home/airflow/.local/lib/python3.7/site-packages/airflow/example_dags/example_branch_labels.py
[2023-03-04T21:17:48.137+0000] {logging_mixin.py:137} INFO - [2023-03-04T21:17:48.137+0000] {dag.py:2690} INFO - Sync 1 DAGs
[2023-03-04T21:17:48.156+0000] {logging_mixin.py:137} INFO - [2023-03-04T21:17:48.156+0000] {dag.py:3441} INFO - Setting next_dagrun for example_branch_labels to 2023-03-03T00:00:00+00:00, run_after=2023-03-04T00:00:00+00:00
[2023-03-04T21:17:48.171+0000] {processor.py:175} INFO - Processing /home/airflow/.local/lib/python3.7/site-packages/airflow/example_dags/example_branch_labels.py took 0.083 seconds
[2023-03-04T22:18:16.257+0000] {processor.py:153} INFO - Started process (PID=6318) to work on /home/airflow/.local/lib/python3.7/site-packages/airflow/example_dags/example_branch_labels.py
[2023-03-04T22:18:16.259+0000] {processor.py:743} INFO - Processing file /home/airflow/.local/lib/python3.7/site-packages/airflow/example_dags/example_branch_labels.py for tasks to queue
[2023-03-04T22:18:16.260+0000] {logging_mixin.py:137} INFO - [2023-03-04T22:18:16.260+0000] {dagbag.py:538} INFO - Filling up the DagBag from /home/airflow/.local/lib/python3.7/site-packages/airflow/example_dags/example_branch_labels.py
[2023-03-04T22:18:16.282+0000] {processor.py:753} INFO - DAG(s) dict_keys(['example_branch_labels']) retrieved from /home/airflow/.local/lib/python3.7/site-packages/airflow/example_dags/example_branch_labels.py
[2023-03-04T22:18:16.339+0000] {logging_mixin.py:137} INFO - [2023-03-04T22:18:16.339+0000] {dag.py:2690} INFO - Sync 1 DAGs
[2023-03-04T22:18:16.367+0000] {logging_mixin.py:137} INFO - [2023-03-04T22:18:16.367+0000] {dag.py:3441} INFO - Setting next_dagrun for example_branch_labels to 2023-03-03T00:00:00+00:00, run_after=2023-03-04T00:00:00+00:00
[2023-03-04T22:18:16.383+0000] {processor.py:175} INFO - Processing /home/airflow/.local/lib/python3.7/site-packages/airflow/example_dags/example_branch_labels.py took 0.130 seconds
[2023-03-04T23:42:21.857+0000] {processor.py:153} INFO - Started process (PID=6381) to work on /home/airflow/.local/lib/python3.7/site-packages/airflow/example_dags/example_branch_labels.py
[2023-03-04T23:42:21.859+0000] {processor.py:743} INFO - Processing file /home/airflow/.local/lib/python3.7/site-packages/airflow/example_dags/example_branch_labels.py for tasks to queue
[2023-03-04T23:42:21.860+0000] {logging_mixin.py:137} INFO - [2023-03-04T23:42:21.860+0000] {dagbag.py:538} INFO - Filling up the DagBag from /home/airflow/.local/lib/python3.7/site-packages/airflow/example_dags/example_branch_labels.py
[2023-03-04T23:42:21.872+0000] {processor.py:753} INFO - DAG(s) dict_keys(['example_branch_labels']) retrieved from /home/airflow/.local/lib/python3.7/site-packages/airflow/example_dags/example_branch_labels.py
[2023-03-04T23:42:21.898+0000] {logging_mixin.py:137} INFO - [2023-03-04T23:42:21.898+0000] {dag.py:2690} INFO - Sync 1 DAGs
[2023-03-04T23:42:21.915+0000] {logging_mixin.py:137} INFO - [2023-03-04T23:42:21.915+0000] {dag.py:3441} INFO - Setting next_dagrun for example_branch_labels to 2023-03-03T00:00:00+00:00, run_after=2023-03-04T00:00:00+00:00
[2023-03-04T23:42:21.928+0000] {processor.py:175} INFO - Processing /home/airflow/.local/lib/python3.7/site-packages/airflow/example_dags/example_branch_labels.py took 0.075 seconds
