[2023-03-04T00:16:22.348+0000] {processor.py:153} INFO - Started process (PID=4530) to work on /home/airflow/.local/lib/python3.7/site-packages/airflow/example_dags/example_latest_only.py
[2023-03-04T00:16:22.367+0000] {processor.py:743} INFO - Processing file /home/airflow/.local/lib/python3.7/site-packages/airflow/example_dags/example_latest_only.py for tasks to queue
[2023-03-04T00:16:22.400+0000] {logging_mixin.py:137} INFO - [2023-03-04T00:16:22.399+0000] {dagbag.py:538} INFO - Filling up the DagBag from /home/airflow/.local/lib/python3.7/site-packages/airflow/example_dags/example_latest_only.py
[2023-03-04T00:16:24.201+0000] {processor.py:753} INFO - DAG(s) dict_keys(['latest_only']) retrieved from /home/airflow/.local/lib/python3.7/site-packages/airflow/example_dags/example_latest_only.py
[2023-03-04T00:16:25.859+0000] {logging_mixin.py:137} INFO - [2023-03-04T00:16:25.822+0000] {dag.py:2690} INFO - Sync 1 DAGs
[2023-03-04T00:16:26.275+0000] {logging_mixin.py:137} INFO - [2023-03-04T00:16:26.250+0000] {dag.py:3441} INFO - Setting next_dagrun for latest_only to 2023-03-03T20:16:26.244687+00:00, run_after=2023-03-04T00:16:26.244687+00:00
[2023-03-04T00:16:26.474+0000] {processor.py:175} INFO - Processing /home/airflow/.local/lib/python3.7/site-packages/airflow/example_dags/example_latest_only.py took 4.266 seconds
[2023-03-04T05:01:36.183+0000] {processor.py:153} INFO - Started process (PID=4650) to work on /home/airflow/.local/lib/python3.7/site-packages/airflow/example_dags/example_latest_only.py
[2023-03-04T05:01:36.269+0000] {processor.py:743} INFO - Processing file /home/airflow/.local/lib/python3.7/site-packages/airflow/example_dags/example_latest_only.py for tasks to queue
[2023-03-04T05:01:36.311+0000] {logging_mixin.py:137} INFO - [2023-03-04T05:01:36.311+0000] {dagbag.py:538} INFO - Filling up the DagBag from /home/airflow/.local/lib/python3.7/site-packages/airflow/example_dags/example_latest_only.py
[2023-03-04T05:01:37.477+0000] {processor.py:753} INFO - DAG(s) dict_keys(['latest_only']) retrieved from /home/airflow/.local/lib/python3.7/site-packages/airflow/example_dags/example_latest_only.py
[2023-03-04T05:01:38.692+0000] {logging_mixin.py:137} INFO - [2023-03-04T05:01:38.673+0000] {dag.py:2690} INFO - Sync 1 DAGs
[2023-03-04T05:01:39.543+0000] {logging_mixin.py:137} INFO - [2023-03-04T05:01:39.523+0000] {dag.py:3441} INFO - Setting next_dagrun for latest_only to 2023-03-04T01:01:39.483226+00:00, run_after=2023-03-04T05:01:39.483226+00:00
[2023-03-04T05:01:40.358+0000] {processor.py:175} INFO - Processing /home/airflow/.local/lib/python3.7/site-packages/airflow/example_dags/example_latest_only.py took 4.484 seconds
[2023-03-04T06:33:46.501+0000] {processor.py:153} INFO - Started process (PID=4741) to work on /home/airflow/.local/lib/python3.7/site-packages/airflow/example_dags/example_latest_only.py
[2023-03-04T06:33:46.513+0000] {processor.py:743} INFO - Processing file /home/airflow/.local/lib/python3.7/site-packages/airflow/example_dags/example_latest_only.py for tasks to queue
[2023-03-04T06:33:46.528+0000] {logging_mixin.py:137} INFO - [2023-03-04T06:33:46.528+0000] {dagbag.py:538} INFO - Filling up the DagBag from /home/airflow/.local/lib/python3.7/site-packages/airflow/example_dags/example_latest_only.py
[2023-03-04T06:33:46.858+0000] {processor.py:753} INFO - DAG(s) dict_keys(['latest_only']) retrieved from /home/airflow/.local/lib/python3.7/site-packages/airflow/example_dags/example_latest_only.py
[2023-03-04T06:33:47.210+0000] {logging_mixin.py:137} INFO - [2023-03-04T06:33:47.209+0000] {dag.py:2690} INFO - Sync 1 DAGs
[2023-03-04T07:05:47.298+0000] {logging_mixin.py:137} INFO - [2023-03-04T07:05:47.288+0000] {dag.py:3441} INFO - Setting next_dagrun for latest_only to 2023-03-04T03:05:47.287433+00:00, run_after=2023-03-04T07:05:47.287433+00:00
[2023-03-04T07:37:51.364+0000] {processor.py:153} INFO - Started process (PID=4810) to work on /home/airflow/.local/lib/python3.7/site-packages/airflow/example_dags/example_latest_only.py
[2023-03-04T07:37:51.373+0000] {processor.py:743} INFO - Processing file /home/airflow/.local/lib/python3.7/site-packages/airflow/example_dags/example_latest_only.py for tasks to queue
[2023-03-04T07:37:51.383+0000] {logging_mixin.py:137} INFO - [2023-03-04T07:37:51.383+0000] {dagbag.py:538} INFO - Filling up the DagBag from /home/airflow/.local/lib/python3.7/site-packages/airflow/example_dags/example_latest_only.py
[2023-03-04T07:37:51.442+0000] {processor.py:753} INFO - DAG(s) dict_keys(['latest_only']) retrieved from /home/airflow/.local/lib/python3.7/site-packages/airflow/example_dags/example_latest_only.py
[2023-03-04T07:37:52.230+0000] {logging_mixin.py:137} INFO - [2023-03-04T07:37:52.225+0000] {dag.py:2690} INFO - Sync 1 DAGs
[2023-03-04T07:37:52.439+0000] {logging_mixin.py:137} INFO - [2023-03-04T07:37:52.439+0000] {dag.py:3441} INFO - Setting next_dagrun for latest_only to 2023-03-04T03:37:52.438133+00:00, run_after=2023-03-04T07:37:52.438133+00:00
[2023-03-04T07:37:52.574+0000] {processor.py:175} INFO - Processing /home/airflow/.local/lib/python3.7/site-packages/airflow/example_dags/example_latest_only.py took 1.232 seconds
[2023-03-04T07:43:50.600+0000] {processor.py:153} INFO - Started process (PID=4873) to work on /home/airflow/.local/lib/python3.7/site-packages/airflow/example_dags/example_latest_only.py
[2023-03-04T07:43:50.611+0000] {processor.py:743} INFO - Processing file /home/airflow/.local/lib/python3.7/site-packages/airflow/example_dags/example_latest_only.py for tasks to queue
[2023-03-04T07:43:50.623+0000] {logging_mixin.py:137} INFO - [2023-03-04T07:43:50.622+0000] {dagbag.py:538} INFO - Filling up the DagBag from /home/airflow/.local/lib/python3.7/site-packages/airflow/example_dags/example_latest_only.py
[2023-03-04T07:43:50.738+0000] {processor.py:753} INFO - DAG(s) dict_keys(['latest_only']) retrieved from /home/airflow/.local/lib/python3.7/site-packages/airflow/example_dags/example_latest_only.py
[2023-03-04T07:43:50.767+0000] {logging_mixin.py:137} INFO - [2023-03-04T07:43:50.767+0000] {dag.py:2690} INFO - Sync 1 DAGs
[2023-03-04T07:43:50.807+0000] {logging_mixin.py:137} INFO - [2023-03-04T07:43:50.807+0000] {dag.py:3441} INFO - Setting next_dagrun for latest_only to 2023-03-04T03:43:50.805818+00:00, run_after=2023-03-04T07:43:50.805818+00:00
[2023-03-04T07:43:50.837+0000] {processor.py:175} INFO - Processing /home/airflow/.local/lib/python3.7/site-packages/airflow/example_dags/example_latest_only.py took 0.245 seconds
[2023-03-04T09:08:08.741+0000] {processor.py:153} INFO - Started process (PID=4945) to work on /home/airflow/.local/lib/python3.7/site-packages/airflow/example_dags/example_latest_only.py
[2023-03-04T09:08:08.746+0000] {processor.py:743} INFO - Processing file /home/airflow/.local/lib/python3.7/site-packages/airflow/example_dags/example_latest_only.py for tasks to queue
[2023-03-04T09:08:08.749+0000] {logging_mixin.py:137} INFO - [2023-03-04T09:08:08.748+0000] {dagbag.py:538} INFO - Filling up the DagBag from /home/airflow/.local/lib/python3.7/site-packages/airflow/example_dags/example_latest_only.py
[2023-03-04T09:08:08.807+0000] {processor.py:753} INFO - DAG(s) dict_keys(['latest_only']) retrieved from /home/airflow/.local/lib/python3.7/site-packages/airflow/example_dags/example_latest_only.py
[2023-03-04T09:08:08.991+0000] {logging_mixin.py:137} INFO - [2023-03-04T09:08:08.989+0000] {dag.py:2690} INFO - Sync 1 DAGs
[2023-03-04T09:08:09.095+0000] {logging_mixin.py:137} INFO - [2023-03-04T09:08:09.094+0000] {dag.py:3441} INFO - Setting next_dagrun for latest_only to 2023-03-04T05:08:09.093038+00:00, run_after=2023-03-04T09:08:09.093038+00:00
[2023-03-04T09:08:09.153+0000] {processor.py:175} INFO - Processing /home/airflow/.local/lib/python3.7/site-packages/airflow/example_dags/example_latest_only.py took 0.424 seconds
[2023-03-04T10:01:43.993+0000] {processor.py:153} INFO - Started process (PID=5006) to work on /home/airflow/.local/lib/python3.7/site-packages/airflow/example_dags/example_latest_only.py
[2023-03-04T10:01:43.995+0000] {processor.py:743} INFO - Processing file /home/airflow/.local/lib/python3.7/site-packages/airflow/example_dags/example_latest_only.py for tasks to queue
[2023-03-04T10:01:44.000+0000] {logging_mixin.py:137} INFO - [2023-03-04T10:01:44.000+0000] {dagbag.py:538} INFO - Filling up the DagBag from /home/airflow/.local/lib/python3.7/site-packages/airflow/example_dags/example_latest_only.py
[2023-03-04T10:01:44.084+0000] {processor.py:753} INFO - DAG(s) dict_keys(['latest_only']) retrieved from /home/airflow/.local/lib/python3.7/site-packages/airflow/example_dags/example_latest_only.py
[2023-03-04T10:01:44.253+0000] {logging_mixin.py:137} INFO - [2023-03-04T10:01:44.252+0000] {dag.py:2690} INFO - Sync 1 DAGs
[2023-03-04T10:01:45.040+0000] {logging_mixin.py:137} INFO - [2023-03-04T10:01:45.034+0000] {dag.py:3441} INFO - Setting next_dagrun for latest_only to 2023-03-04T06:01:45.028034+00:00, run_after=2023-03-04T10:01:45.028034+00:00
[2023-03-04T10:01:45.208+0000] {processor.py:175} INFO - Processing /home/airflow/.local/lib/python3.7/site-packages/airflow/example_dags/example_latest_only.py took 1.225 seconds
[2023-03-04T10:51:18.590+0000] {processor.py:153} INFO - Started process (PID=5062) to work on /home/airflow/.local/lib/python3.7/site-packages/airflow/example_dags/example_latest_only.py
[2023-03-04T10:51:18.607+0000] {processor.py:743} INFO - Processing file /home/airflow/.local/lib/python3.7/site-packages/airflow/example_dags/example_latest_only.py for tasks to queue
[2023-03-04T10:51:18.608+0000] {logging_mixin.py:137} INFO - [2023-03-04T10:51:18.608+0000] {dagbag.py:538} INFO - Filling up the DagBag from /home/airflow/.local/lib/python3.7/site-packages/airflow/example_dags/example_latest_only.py
[2023-03-04T10:51:18.655+0000] {processor.py:753} INFO - DAG(s) dict_keys(['latest_only']) retrieved from /home/airflow/.local/lib/python3.7/site-packages/airflow/example_dags/example_latest_only.py
[2023-03-04T10:51:18.819+0000] {logging_mixin.py:137} INFO - [2023-03-04T10:51:18.819+0000] {dag.py:2690} INFO - Sync 1 DAGs
[2023-03-04T10:51:18.896+0000] {logging_mixin.py:137} INFO - [2023-03-04T10:51:18.896+0000] {dag.py:3441} INFO - Setting next_dagrun for latest_only to 2023-03-04T06:51:18.895093+00:00, run_after=2023-03-04T10:51:18.895093+00:00
[2023-03-04T10:51:18.973+0000] {processor.py:175} INFO - Processing /home/airflow/.local/lib/python3.7/site-packages/airflow/example_dags/example_latest_only.py took 0.387 seconds
[2023-03-04T11:11:59.336+0000] {processor.py:153} INFO - Started process (PID=5131) to work on /home/airflow/.local/lib/python3.7/site-packages/airflow/example_dags/example_latest_only.py
[2023-03-04T11:11:59.372+0000] {processor.py:743} INFO - Processing file /home/airflow/.local/lib/python3.7/site-packages/airflow/example_dags/example_latest_only.py for tasks to queue
[2023-03-04T11:11:59.377+0000] {logging_mixin.py:137} INFO - [2023-03-04T11:11:59.376+0000] {dagbag.py:538} INFO - Filling up the DagBag from /home/airflow/.local/lib/python3.7/site-packages/airflow/example_dags/example_latest_only.py
[2023-03-04T11:11:59.618+0000] {processor.py:753} INFO - DAG(s) dict_keys(['latest_only']) retrieved from /home/airflow/.local/lib/python3.7/site-packages/airflow/example_dags/example_latest_only.py
[2023-03-04T11:11:59.777+0000] {logging_mixin.py:137} INFO - [2023-03-04T11:11:59.776+0000] {dag.py:2690} INFO - Sync 1 DAGs
[2023-03-04T11:11:59.903+0000] {logging_mixin.py:137} INFO - [2023-03-04T11:11:59.903+0000] {dag.py:3441} INFO - Setting next_dagrun for latest_only to 2023-03-04T07:11:59.902645+00:00, run_after=2023-03-04T11:11:59.902645+00:00
[2023-03-04T11:12:00.002+0000] {processor.py:175} INFO - Processing /home/airflow/.local/lib/python3.7/site-packages/airflow/example_dags/example_latest_only.py took 0.715 seconds
[2023-03-04T11:21:24.746+0000] {processor.py:153} INFO - Started process (PID=5199) to work on /home/airflow/.local/lib/python3.7/site-packages/airflow/example_dags/example_latest_only.py
[2023-03-04T11:21:24.749+0000] {processor.py:743} INFO - Processing file /home/airflow/.local/lib/python3.7/site-packages/airflow/example_dags/example_latest_only.py for tasks to queue
[2023-03-04T11:21:24.751+0000] {logging_mixin.py:137} INFO - [2023-03-04T11:21:24.751+0000] {dagbag.py:538} INFO - Filling up the DagBag from /home/airflow/.local/lib/python3.7/site-packages/airflow/example_dags/example_latest_only.py
[2023-03-04T11:21:24.794+0000] {processor.py:753} INFO - DAG(s) dict_keys(['latest_only']) retrieved from /home/airflow/.local/lib/python3.7/site-packages/airflow/example_dags/example_latest_only.py
[2023-03-04T11:21:24.871+0000] {logging_mixin.py:137} INFO - [2023-03-04T11:21:24.871+0000] {dag.py:2690} INFO - Sync 1 DAGs
[2023-03-04T11:21:25.012+0000] {logging_mixin.py:137} INFO - [2023-03-04T11:21:25.011+0000] {dag.py:3441} INFO - Setting next_dagrun for latest_only to 2023-03-04T07:21:25.007510+00:00, run_after=2023-03-04T11:21:25.007510+00:00
[2023-03-04T11:21:25.126+0000] {processor.py:175} INFO - Processing /home/airflow/.local/lib/python3.7/site-packages/airflow/example_dags/example_latest_only.py took 0.385 seconds
[2023-03-04T11:56:41.244+0000] {processor.py:153} INFO - Started process (PID=5263) to work on /home/airflow/.local/lib/python3.7/site-packages/airflow/example_dags/example_latest_only.py
[2023-03-04T11:56:41.250+0000] {processor.py:743} INFO - Processing file /home/airflow/.local/lib/python3.7/site-packages/airflow/example_dags/example_latest_only.py for tasks to queue
[2023-03-04T11:56:41.256+0000] {logging_mixin.py:137} INFO - [2023-03-04T11:56:41.256+0000] {dagbag.py:538} INFO - Filling up the DagBag from /home/airflow/.local/lib/python3.7/site-packages/airflow/example_dags/example_latest_only.py
[2023-03-04T11:56:41.327+0000] {processor.py:753} INFO - DAG(s) dict_keys(['latest_only']) retrieved from /home/airflow/.local/lib/python3.7/site-packages/airflow/example_dags/example_latest_only.py
[2023-03-04T11:56:41.413+0000] {logging_mixin.py:137} INFO - [2023-03-04T11:56:41.411+0000] {dag.py:2690} INFO - Sync 1 DAGs
[2023-03-04T11:56:42.063+0000] {logging_mixin.py:137} INFO - [2023-03-04T11:56:42.061+0000] {dag.py:3441} INFO - Setting next_dagrun for latest_only to 2023-03-04T07:56:42.058345+00:00, run_after=2023-03-04T11:56:42.058345+00:00
[2023-03-04T11:56:42.187+0000] {processor.py:175} INFO - Processing /home/airflow/.local/lib/python3.7/site-packages/airflow/example_dags/example_latest_only.py took 0.950 seconds
[2023-03-04T12:36:14.638+0000] {processor.py:153} INFO - Started process (PID=5333) to work on /home/airflow/.local/lib/python3.7/site-packages/airflow/example_dags/example_latest_only.py
[2023-03-04T12:36:14.648+0000] {processor.py:743} INFO - Processing file /home/airflow/.local/lib/python3.7/site-packages/airflow/example_dags/example_latest_only.py for tasks to queue
[2023-03-04T12:36:14.652+0000] {logging_mixin.py:137} INFO - [2023-03-04T12:36:14.652+0000] {dagbag.py:538} INFO - Filling up the DagBag from /home/airflow/.local/lib/python3.7/site-packages/airflow/example_dags/example_latest_only.py
[2023-03-04T12:36:14.717+0000] {processor.py:753} INFO - DAG(s) dict_keys(['latest_only']) retrieved from /home/airflow/.local/lib/python3.7/site-packages/airflow/example_dags/example_latest_only.py
[2023-03-04T12:36:14.812+0000] {logging_mixin.py:137} INFO - [2023-03-04T12:36:14.812+0000] {dag.py:2690} INFO - Sync 1 DAGs
[2023-03-04T12:36:14.902+0000] {logging_mixin.py:137} INFO - [2023-03-04T12:36:14.902+0000] {dag.py:3441} INFO - Setting next_dagrun for latest_only to 2023-03-04T08:36:14.901375+00:00, run_after=2023-03-04T12:36:14.901375+00:00
[2023-03-04T12:36:14.949+0000] {processor.py:175} INFO - Processing /home/airflow/.local/lib/python3.7/site-packages/airflow/example_dags/example_latest_only.py took 0.384 seconds
[2023-03-04T12:50:13.115+0000] {processor.py:153} INFO - Started process (PID=5389) to work on /home/airflow/.local/lib/python3.7/site-packages/airflow/example_dags/example_latest_only.py
[2023-03-04T12:50:13.119+0000] {processor.py:743} INFO - Processing file /home/airflow/.local/lib/python3.7/site-packages/airflow/example_dags/example_latest_only.py for tasks to queue
[2023-03-04T12:50:13.121+0000] {logging_mixin.py:137} INFO - [2023-03-04T12:50:13.121+0000] {dagbag.py:538} INFO - Filling up the DagBag from /home/airflow/.local/lib/python3.7/site-packages/airflow/example_dags/example_latest_only.py
[2023-03-04T12:50:13.182+0000] {processor.py:753} INFO - DAG(s) dict_keys(['latest_only']) retrieved from /home/airflow/.local/lib/python3.7/site-packages/airflow/example_dags/example_latest_only.py
[2023-03-04T12:50:13.303+0000] {logging_mixin.py:137} INFO - [2023-03-04T12:50:13.303+0000] {dag.py:2690} INFO - Sync 1 DAGs
[2023-03-04T12:50:13.372+0000] {logging_mixin.py:137} INFO - [2023-03-04T12:50:13.371+0000] {dag.py:3441} INFO - Setting next_dagrun for latest_only to 2023-03-04T08:50:13.370526+00:00, run_after=2023-03-04T12:50:13.370526+00:00
[2023-03-04T12:50:13.417+0000] {processor.py:175} INFO - Processing /home/airflow/.local/lib/python3.7/site-packages/airflow/example_dags/example_latest_only.py took 0.314 seconds
[2023-03-04T13:10:02.558+0000] {processor.py:153} INFO - Started process (PID=5464) to work on /home/airflow/.local/lib/python3.7/site-packages/airflow/example_dags/example_latest_only.py
[2023-03-04T13:10:02.562+0000] {processor.py:743} INFO - Processing file /home/airflow/.local/lib/python3.7/site-packages/airflow/example_dags/example_latest_only.py for tasks to queue
[2023-03-04T13:10:02.563+0000] {logging_mixin.py:137} INFO - [2023-03-04T13:10:02.563+0000] {dagbag.py:538} INFO - Filling up the DagBag from /home/airflow/.local/lib/python3.7/site-packages/airflow/example_dags/example_latest_only.py
[2023-03-04T13:10:02.595+0000] {processor.py:753} INFO - DAG(s) dict_keys(['latest_only']) retrieved from /home/airflow/.local/lib/python3.7/site-packages/airflow/example_dags/example_latest_only.py
[2023-03-04T13:10:02.623+0000] {logging_mixin.py:137} INFO - [2023-03-04T13:10:02.622+0000] {dag.py:2690} INFO - Sync 1 DAGs
[2023-03-04T13:10:02.664+0000] {logging_mixin.py:137} INFO - [2023-03-04T13:10:02.664+0000] {dag.py:3441} INFO - Setting next_dagrun for latest_only to 2023-03-04T09:10:02.663571+00:00, run_after=2023-03-04T13:10:02.663571+00:00
[2023-03-04T13:10:02.699+0000] {processor.py:175} INFO - Processing /home/airflow/.local/lib/python3.7/site-packages/airflow/example_dags/example_latest_only.py took 0.148 seconds
[2023-03-04T13:26:36.919+0000] {processor.py:153} INFO - Started process (PID=5528) to work on /home/airflow/.local/lib/python3.7/site-packages/airflow/example_dags/example_latest_only.py
[2023-03-04T13:26:36.921+0000] {processor.py:743} INFO - Processing file /home/airflow/.local/lib/python3.7/site-packages/airflow/example_dags/example_latest_only.py for tasks to queue
[2023-03-04T13:26:36.922+0000] {logging_mixin.py:137} INFO - [2023-03-04T13:26:36.922+0000] {dagbag.py:538} INFO - Filling up the DagBag from /home/airflow/.local/lib/python3.7/site-packages/airflow/example_dags/example_latest_only.py
[2023-03-04T13:26:36.939+0000] {processor.py:753} INFO - DAG(s) dict_keys(['latest_only']) retrieved from /home/airflow/.local/lib/python3.7/site-packages/airflow/example_dags/example_latest_only.py
[2023-03-04T13:26:36.976+0000] {logging_mixin.py:137} INFO - [2023-03-04T13:26:36.976+0000] {dag.py:2690} INFO - Sync 1 DAGs
[2023-03-04T13:26:37.000+0000] {logging_mixin.py:137} INFO - [2023-03-04T13:26:37.000+0000] {dag.py:3441} INFO - Setting next_dagrun for latest_only to 2023-03-04T09:26:37.000250+00:00, run_after=2023-03-04T13:26:37.000250+00:00
[2023-03-04T13:26:37.017+0000] {processor.py:175} INFO - Processing /home/airflow/.local/lib/python3.7/site-packages/airflow/example_dags/example_latest_only.py took 0.101 seconds
[2023-03-04T13:40:38.855+0000] {processor.py:153} INFO - Started process (PID=5590) to work on /home/airflow/.local/lib/python3.7/site-packages/airflow/example_dags/example_latest_only.py
[2023-03-04T13:40:38.856+0000] {processor.py:743} INFO - Processing file /home/airflow/.local/lib/python3.7/site-packages/airflow/example_dags/example_latest_only.py for tasks to queue
[2023-03-04T13:40:38.857+0000] {logging_mixin.py:137} INFO - [2023-03-04T13:40:38.857+0000] {dagbag.py:538} INFO - Filling up the DagBag from /home/airflow/.local/lib/python3.7/site-packages/airflow/example_dags/example_latest_only.py
[2023-03-04T13:40:38.885+0000] {processor.py:753} INFO - DAG(s) dict_keys(['latest_only']) retrieved from /home/airflow/.local/lib/python3.7/site-packages/airflow/example_dags/example_latest_only.py
[2023-03-04T13:40:38.960+0000] {logging_mixin.py:137} INFO - [2023-03-04T13:40:38.960+0000] {dag.py:2690} INFO - Sync 1 DAGs
[2023-03-04T13:40:38.991+0000] {logging_mixin.py:137} INFO - [2023-03-04T13:40:38.991+0000] {dag.py:3441} INFO - Setting next_dagrun for latest_only to 2023-03-04T09:40:38.991360+00:00, run_after=2023-03-04T13:40:38.991360+00:00
[2023-03-04T13:40:39.018+0000] {processor.py:175} INFO - Processing /home/airflow/.local/lib/python3.7/site-packages/airflow/example_dags/example_latest_only.py took 0.167 seconds
[2023-03-04T14:00:03.302+0000] {processor.py:153} INFO - Started process (PID=5653) to work on /home/airflow/.local/lib/python3.7/site-packages/airflow/example_dags/example_latest_only.py
[2023-03-04T14:00:03.304+0000] {processor.py:743} INFO - Processing file /home/airflow/.local/lib/python3.7/site-packages/airflow/example_dags/example_latest_only.py for tasks to queue
[2023-03-04T14:00:03.305+0000] {logging_mixin.py:137} INFO - [2023-03-04T14:00:03.305+0000] {dagbag.py:538} INFO - Filling up the DagBag from /home/airflow/.local/lib/python3.7/site-packages/airflow/example_dags/example_latest_only.py
[2023-03-04T14:00:03.330+0000] {processor.py:753} INFO - DAG(s) dict_keys(['latest_only']) retrieved from /home/airflow/.local/lib/python3.7/site-packages/airflow/example_dags/example_latest_only.py
[2023-03-04T14:00:03.385+0000] {logging_mixin.py:137} INFO - [2023-03-04T14:00:03.385+0000] {dag.py:2690} INFO - Sync 1 DAGs
[2023-03-04T14:00:03.431+0000] {logging_mixin.py:137} INFO - [2023-03-04T14:00:03.431+0000] {dag.py:3441} INFO - Setting next_dagrun for latest_only to 2023-03-04T10:00:03.430885+00:00, run_after=2023-03-04T14:00:03.430885+00:00
[2023-03-04T14:00:03.450+0000] {processor.py:175} INFO - Processing /home/airflow/.local/lib/python3.7/site-packages/airflow/example_dags/example_latest_only.py took 0.152 seconds
[2023-03-04T14:50:38.268+0000] {processor.py:153} INFO - Started process (PID=5716) to work on /home/airflow/.local/lib/python3.7/site-packages/airflow/example_dags/example_latest_only.py
[2023-03-04T14:50:38.270+0000] {processor.py:743} INFO - Processing file /home/airflow/.local/lib/python3.7/site-packages/airflow/example_dags/example_latest_only.py for tasks to queue
[2023-03-04T14:50:38.271+0000] {logging_mixin.py:137} INFO - [2023-03-04T14:50:38.271+0000] {dagbag.py:538} INFO - Filling up the DagBag from /home/airflow/.local/lib/python3.7/site-packages/airflow/example_dags/example_latest_only.py
[2023-03-04T14:50:38.293+0000] {processor.py:753} INFO - DAG(s) dict_keys(['latest_only']) retrieved from /home/airflow/.local/lib/python3.7/site-packages/airflow/example_dags/example_latest_only.py
[2023-03-04T14:50:38.323+0000] {logging_mixin.py:137} INFO - [2023-03-04T14:50:38.323+0000] {dag.py:2690} INFO - Sync 1 DAGs
[2023-03-04T14:50:38.358+0000] {logging_mixin.py:137} INFO - [2023-03-04T14:50:38.358+0000] {dag.py:3441} INFO - Setting next_dagrun for latest_only to 2023-03-04T10:50:38.357636+00:00, run_after=2023-03-04T14:50:38.357636+00:00
[2023-03-04T14:50:38.418+0000] {processor.py:175} INFO - Processing /home/airflow/.local/lib/python3.7/site-packages/airflow/example_dags/example_latest_only.py took 0.154 seconds
[2023-03-04T15:19:38.307+0000] {processor.py:153} INFO - Started process (PID=5786) to work on /home/airflow/.local/lib/python3.7/site-packages/airflow/example_dags/example_latest_only.py
[2023-03-04T15:19:38.311+0000] {processor.py:743} INFO - Processing file /home/airflow/.local/lib/python3.7/site-packages/airflow/example_dags/example_latest_only.py for tasks to queue
[2023-03-04T15:19:38.313+0000] {logging_mixin.py:137} INFO - [2023-03-04T15:19:38.313+0000] {dagbag.py:538} INFO - Filling up the DagBag from /home/airflow/.local/lib/python3.7/site-packages/airflow/example_dags/example_latest_only.py
[2023-03-04T15:19:38.362+0000] {processor.py:753} INFO - DAG(s) dict_keys(['latest_only']) retrieved from /home/airflow/.local/lib/python3.7/site-packages/airflow/example_dags/example_latest_only.py
[2023-03-04T15:19:38.693+0000] {logging_mixin.py:137} INFO - [2023-03-04T15:19:38.692+0000] {dag.py:2690} INFO - Sync 1 DAGs
[2023-03-04T15:19:39.161+0000] {logging_mixin.py:137} INFO - [2023-03-04T15:19:39.160+0000] {dag.py:3441} INFO - Setting next_dagrun for latest_only to 2023-03-04T11:19:39.159233+00:00, run_after=2023-03-04T15:19:39.159233+00:00
[2023-03-04T15:19:39.334+0000] {processor.py:175} INFO - Processing /home/airflow/.local/lib/python3.7/site-packages/airflow/example_dags/example_latest_only.py took 1.047 seconds
[2023-03-04T15:26:46.524+0000] {processor.py:153} INFO - Started process (PID=5850) to work on /home/airflow/.local/lib/python3.7/site-packages/airflow/example_dags/example_latest_only.py
[2023-03-04T15:26:46.548+0000] {processor.py:743} INFO - Processing file /home/airflow/.local/lib/python3.7/site-packages/airflow/example_dags/example_latest_only.py for tasks to queue
[2023-03-04T15:26:46.560+0000] {logging_mixin.py:137} INFO - [2023-03-04T15:26:46.560+0000] {dagbag.py:538} INFO - Filling up the DagBag from /home/airflow/.local/lib/python3.7/site-packages/airflow/example_dags/example_latest_only.py
[2023-03-04T15:26:46.889+0000] {processor.py:753} INFO - DAG(s) dict_keys(['latest_only']) retrieved from /home/airflow/.local/lib/python3.7/site-packages/airflow/example_dags/example_latest_only.py
[2023-03-04T15:26:48.290+0000] {logging_mixin.py:137} INFO - [2023-03-04T15:26:48.279+0000] {dag.py:2690} INFO - Sync 1 DAGs
[2023-03-04T15:26:49.038+0000] {logging_mixin.py:137} INFO - [2023-03-04T15:26:49.037+0000] {dag.py:3441} INFO - Setting next_dagrun for latest_only to 2023-03-04T11:26:49.033656+00:00, run_after=2023-03-04T15:26:49.033656+00:00
[2023-03-04T15:26:49.409+0000] {processor.py:175} INFO - Processing /home/airflow/.local/lib/python3.7/site-packages/airflow/example_dags/example_latest_only.py took 2.980 seconds
[2023-03-04T16:21:38.856+0000] {processor.py:153} INFO - Started process (PID=5904) to work on /home/airflow/.local/lib/python3.7/site-packages/airflow/example_dags/example_latest_only.py
[2023-03-04T16:21:38.858+0000] {processor.py:743} INFO - Processing file /home/airflow/.local/lib/python3.7/site-packages/airflow/example_dags/example_latest_only.py for tasks to queue
[2023-03-04T16:21:38.860+0000] {logging_mixin.py:137} INFO - [2023-03-04T16:21:38.860+0000] {dagbag.py:538} INFO - Filling up the DagBag from /home/airflow/.local/lib/python3.7/site-packages/airflow/example_dags/example_latest_only.py
[2023-03-04T16:21:38.896+0000] {processor.py:753} INFO - DAG(s) dict_keys(['latest_only']) retrieved from /home/airflow/.local/lib/python3.7/site-packages/airflow/example_dags/example_latest_only.py
[2023-03-04T16:21:38.967+0000] {logging_mixin.py:137} INFO - [2023-03-04T16:21:38.967+0000] {dag.py:2690} INFO - Sync 1 DAGs
[2023-03-04T16:21:39.016+0000] {logging_mixin.py:137} INFO - [2023-03-04T16:21:39.016+0000] {dag.py:3441} INFO - Setting next_dagrun for latest_only to 2023-03-04T12:21:39.015628+00:00, run_after=2023-03-04T16:21:39.015628+00:00
[2023-03-04T16:21:39.054+0000] {processor.py:175} INFO - Processing /home/airflow/.local/lib/python3.7/site-packages/airflow/example_dags/example_latest_only.py took 0.202 seconds
[2023-03-04T17:17:15.180+0000] {processor.py:153} INFO - Started process (PID=5962) to work on /home/airflow/.local/lib/python3.7/site-packages/airflow/example_dags/example_latest_only.py
[2023-03-04T17:17:15.182+0000] {processor.py:743} INFO - Processing file /home/airflow/.local/lib/python3.7/site-packages/airflow/example_dags/example_latest_only.py for tasks to queue
[2023-03-04T17:17:15.184+0000] {logging_mixin.py:137} INFO - [2023-03-04T17:17:15.184+0000] {dagbag.py:538} INFO - Filling up the DagBag from /home/airflow/.local/lib/python3.7/site-packages/airflow/example_dags/example_latest_only.py
[2023-03-04T17:17:15.216+0000] {processor.py:753} INFO - DAG(s) dict_keys(['latest_only']) retrieved from /home/airflow/.local/lib/python3.7/site-packages/airflow/example_dags/example_latest_only.py
[2023-03-04T17:17:15.262+0000] {logging_mixin.py:137} INFO - [2023-03-04T17:17:15.262+0000] {dag.py:2690} INFO - Sync 1 DAGs
[2023-03-04T17:17:15.306+0000] {logging_mixin.py:137} INFO - [2023-03-04T17:17:15.306+0000] {dag.py:3441} INFO - Setting next_dagrun for latest_only to 2023-03-04T13:17:15.305996+00:00, run_after=2023-03-04T17:17:15.305996+00:00
[2023-03-04T17:17:15.326+0000] {processor.py:175} INFO - Processing /home/airflow/.local/lib/python3.7/site-packages/airflow/example_dags/example_latest_only.py took 0.151 seconds
[2023-03-04T18:30:27.998+0000] {processor.py:153} INFO - Started process (PID=6025) to work on /home/airflow/.local/lib/python3.7/site-packages/airflow/example_dags/example_latest_only.py
[2023-03-04T18:30:28.000+0000] {processor.py:743} INFO - Processing file /home/airflow/.local/lib/python3.7/site-packages/airflow/example_dags/example_latest_only.py for tasks to queue
[2023-03-04T18:30:28.000+0000] {logging_mixin.py:137} INFO - [2023-03-04T18:30:28.000+0000] {dagbag.py:538} INFO - Filling up the DagBag from /home/airflow/.local/lib/python3.7/site-packages/airflow/example_dags/example_latest_only.py
[2023-03-04T18:30:28.013+0000] {processor.py:753} INFO - DAG(s) dict_keys(['latest_only']) retrieved from /home/airflow/.local/lib/python3.7/site-packages/airflow/example_dags/example_latest_only.py
[2023-03-04T18:30:28.037+0000] {logging_mixin.py:137} INFO - [2023-03-04T18:30:28.037+0000] {dag.py:2690} INFO - Sync 1 DAGs
[2023-03-04T18:30:28.063+0000] {logging_mixin.py:137} INFO - [2023-03-04T18:30:28.063+0000] {dag.py:3441} INFO - Setting next_dagrun for latest_only to 2023-03-04T14:30:28.063281+00:00, run_after=2023-03-04T18:30:28.063281+00:00
[2023-03-04T18:30:28.090+0000] {processor.py:175} INFO - Processing /home/airflow/.local/lib/python3.7/site-packages/airflow/example_dags/example_latest_only.py took 0.094 seconds
[2023-03-04T19:34:44.622+0000] {processor.py:153} INFO - Started process (PID=6089) to work on /home/airflow/.local/lib/python3.7/site-packages/airflow/example_dags/example_latest_only.py
[2023-03-04T19:34:44.670+0000] {processor.py:743} INFO - Processing file /home/airflow/.local/lib/python3.7/site-packages/airflow/example_dags/example_latest_only.py for tasks to queue
[2023-03-04T19:34:44.707+0000] {logging_mixin.py:137} INFO - [2023-03-04T19:34:44.706+0000] {dagbag.py:538} INFO - Filling up the DagBag from /home/airflow/.local/lib/python3.7/site-packages/airflow/example_dags/example_latest_only.py
[2023-03-04T19:34:44.836+0000] {processor.py:753} INFO - DAG(s) dict_keys(['latest_only']) retrieved from /home/airflow/.local/lib/python3.7/site-packages/airflow/example_dags/example_latest_only.py
[2023-03-04T19:34:45.013+0000] {logging_mixin.py:137} INFO - [2023-03-04T19:34:45.013+0000] {dag.py:2690} INFO - Sync 1 DAGs
[2023-03-04T19:34:45.143+0000] {logging_mixin.py:137} INFO - [2023-03-04T19:34:45.143+0000] {dag.py:3441} INFO - Setting next_dagrun for latest_only to 2023-03-04T15:34:45.142174+00:00, run_after=2023-03-04T19:34:45.142174+00:00
[2023-03-04T19:34:45.192+0000] {processor.py:175} INFO - Processing /home/airflow/.local/lib/python3.7/site-packages/airflow/example_dags/example_latest_only.py took 0.605 seconds
[2023-03-04T20:25:39.293+0000] {processor.py:153} INFO - Started process (PID=6152) to work on /home/airflow/.local/lib/python3.7/site-packages/airflow/example_dags/example_latest_only.py
[2023-03-04T20:25:39.295+0000] {processor.py:743} INFO - Processing file /home/airflow/.local/lib/python3.7/site-packages/airflow/example_dags/example_latest_only.py for tasks to queue
[2023-03-04T20:25:39.296+0000] {logging_mixin.py:137} INFO - [2023-03-04T20:25:39.296+0000] {dagbag.py:538} INFO - Filling up the DagBag from /home/airflow/.local/lib/python3.7/site-packages/airflow/example_dags/example_latest_only.py
[2023-03-04T20:25:39.329+0000] {processor.py:753} INFO - DAG(s) dict_keys(['latest_only']) retrieved from /home/airflow/.local/lib/python3.7/site-packages/airflow/example_dags/example_latest_only.py
[2023-03-04T20:25:39.358+0000] {logging_mixin.py:137} INFO - [2023-03-04T20:25:39.358+0000] {dag.py:2690} INFO - Sync 1 DAGs
[2023-03-04T20:25:39.378+0000] {logging_mixin.py:137} INFO - [2023-03-04T20:25:39.378+0000] {dag.py:3441} INFO - Setting next_dagrun for latest_only to 2023-03-04T16:25:39.377828+00:00, run_after=2023-03-04T20:25:39.377828+00:00
[2023-03-04T20:25:39.396+0000] {processor.py:175} INFO - Processing /home/airflow/.local/lib/python3.7/site-packages/airflow/example_dags/example_latest_only.py took 0.107 seconds
[2023-03-04T21:17:43.088+0000] {processor.py:153} INFO - Started process (PID=6225) to work on /home/airflow/.local/lib/python3.7/site-packages/airflow/example_dags/example_latest_only.py
[2023-03-04T21:17:43.096+0000] {processor.py:743} INFO - Processing file /home/airflow/.local/lib/python3.7/site-packages/airflow/example_dags/example_latest_only.py for tasks to queue
[2023-03-04T21:17:43.104+0000] {logging_mixin.py:137} INFO - [2023-03-04T21:17:43.102+0000] {dagbag.py:538} INFO - Filling up the DagBag from /home/airflow/.local/lib/python3.7/site-packages/airflow/example_dags/example_latest_only.py
[2023-03-04T21:17:43.266+0000] {processor.py:753} INFO - DAG(s) dict_keys(['latest_only']) retrieved from /home/airflow/.local/lib/python3.7/site-packages/airflow/example_dags/example_latest_only.py
[2023-03-04T21:17:43.479+0000] {logging_mixin.py:137} INFO - [2023-03-04T21:17:43.478+0000] {dag.py:2690} INFO - Sync 1 DAGs
[2023-03-04T21:17:43.553+0000] {logging_mixin.py:137} INFO - [2023-03-04T21:17:43.553+0000] {dag.py:3441} INFO - Setting next_dagrun for latest_only to 2023-03-04T17:17:43.553079+00:00, run_after=2023-03-04T21:17:43.553079+00:00
[2023-03-04T21:17:43.608+0000] {processor.py:175} INFO - Processing /home/airflow/.local/lib/python3.7/site-packages/airflow/example_dags/example_latest_only.py took 0.529 seconds
[2023-03-04T22:18:10.789+0000] {processor.py:153} INFO - Started process (PID=6292) to work on /home/airflow/.local/lib/python3.7/site-packages/airflow/example_dags/example_latest_only.py
[2023-03-04T22:18:10.790+0000] {processor.py:743} INFO - Processing file /home/airflow/.local/lib/python3.7/site-packages/airflow/example_dags/example_latest_only.py for tasks to queue
[2023-03-04T22:18:10.791+0000] {logging_mixin.py:137} INFO - [2023-03-04T22:18:10.791+0000] {dagbag.py:538} INFO - Filling up the DagBag from /home/airflow/.local/lib/python3.7/site-packages/airflow/example_dags/example_latest_only.py
[2023-03-04T22:18:10.802+0000] {processor.py:753} INFO - DAG(s) dict_keys(['latest_only']) retrieved from /home/airflow/.local/lib/python3.7/site-packages/airflow/example_dags/example_latest_only.py
[2023-03-04T22:18:10.823+0000] {logging_mixin.py:137} INFO - [2023-03-04T22:18:10.823+0000] {dag.py:2690} INFO - Sync 1 DAGs
[2023-03-04T22:18:10.840+0000] {logging_mixin.py:137} INFO - [2023-03-04T22:18:10.840+0000] {dag.py:3441} INFO - Setting next_dagrun for latest_only to 2023-03-04T18:18:10.839999+00:00, run_after=2023-03-04T22:18:10.839999+00:00
[2023-03-04T22:18:10.855+0000] {processor.py:175} INFO - Processing /home/airflow/.local/lib/python3.7/site-packages/airflow/example_dags/example_latest_only.py took 0.069 seconds
[2023-03-04T23:42:19.593+0000] {processor.py:153} INFO - Started process (PID=6355) to work on /home/airflow/.local/lib/python3.7/site-packages/airflow/example_dags/example_latest_only.py
[2023-03-04T23:42:19.595+0000] {processor.py:743} INFO - Processing file /home/airflow/.local/lib/python3.7/site-packages/airflow/example_dags/example_latest_only.py for tasks to queue
[2023-03-04T23:42:19.597+0000] {logging_mixin.py:137} INFO - [2023-03-04T23:42:19.597+0000] {dagbag.py:538} INFO - Filling up the DagBag from /home/airflow/.local/lib/python3.7/site-packages/airflow/example_dags/example_latest_only.py
[2023-03-04T23:42:19.614+0000] {processor.py:753} INFO - DAG(s) dict_keys(['latest_only']) retrieved from /home/airflow/.local/lib/python3.7/site-packages/airflow/example_dags/example_latest_only.py
[2023-03-04T23:42:19.675+0000] {logging_mixin.py:137} INFO - [2023-03-04T23:42:19.675+0000] {dag.py:2690} INFO - Sync 1 DAGs
[2023-03-04T23:42:19.714+0000] {logging_mixin.py:137} INFO - [2023-03-04T23:42:19.714+0000] {dag.py:3441} INFO - Setting next_dagrun for latest_only to 2023-03-04T19:42:19.713919+00:00, run_after=2023-03-04T23:42:19.713919+00:00
[2023-03-04T23:42:19.736+0000] {processor.py:175} INFO - Processing /home/airflow/.local/lib/python3.7/site-packages/airflow/example_dags/example_latest_only.py took 0.148 seconds
