[2023-03-04T01:04:35.626+0000] {processor.py:153} INFO - Started process (PID=4582) to work on /home/airflow/.local/lib/python3.7/site-packages/airflow/example_dags/example_complex.py
[2023-03-04T01:04:35.806+0000] {processor.py:743} INFO - Processing file /home/airflow/.local/lib/python3.7/site-packages/airflow/example_dags/example_complex.py for tasks to queue
[2023-03-04T01:04:35.817+0000] {logging_mixin.py:137} INFO - [2023-03-04T01:04:35.816+0000] {dagbag.py:538} INFO - Filling up the DagBag from /home/airflow/.local/lib/python3.7/site-packages/airflow/example_dags/example_complex.py
[2023-03-04T01:04:36.106+0000] {logging_mixin.py:137} INFO - [2023-03-04T01:04:36.106+0000] {taskmixin.py:205} WARNING - Dependency <Task(BashOperator): create_entry_group>, delete_entry_group already registered for DAG: example_complex
[2023-03-04T01:04:36.118+0000] {logging_mixin.py:137} INFO - [2023-03-04T01:04:36.112+0000] {taskmixin.py:205} WARNING - Dependency <Task(BashOperator): delete_entry_group>, create_entry_group already registered for DAG: example_complex
[2023-03-04T01:04:36.123+0000] {logging_mixin.py:137} INFO - [2023-03-04T01:04:36.122+0000] {taskmixin.py:205} WARNING - Dependency <Task(BashOperator): create_entry_gcs>, delete_entry already registered for DAG: example_complex
[2023-03-04T01:04:36.128+0000] {logging_mixin.py:137} INFO - [2023-03-04T01:04:36.128+0000] {taskmixin.py:205} WARNING - Dependency <Task(BashOperator): delete_entry>, create_entry_gcs already registered for DAG: example_complex
[2023-03-04T01:04:36.132+0000] {logging_mixin.py:137} INFO - [2023-03-04T01:04:36.132+0000] {taskmixin.py:205} WARNING - Dependency <Task(BashOperator): create_tag>, delete_tag already registered for DAG: example_complex
[2023-03-04T01:04:36.135+0000] {logging_mixin.py:137} INFO - [2023-03-04T01:04:36.135+0000] {taskmixin.py:205} WARNING - Dependency <Task(BashOperator): delete_tag>, create_tag already registered for DAG: example_complex
[2023-03-04T01:04:36.232+0000] {processor.py:753} INFO - DAG(s) dict_keys(['example_complex']) retrieved from /home/airflow/.local/lib/python3.7/site-packages/airflow/example_dags/example_complex.py
[2023-03-04T01:04:38.580+0000] {logging_mixin.py:137} INFO - [2023-03-04T01:04:38.563+0000] {dag.py:2690} INFO - Sync 1 DAGs
[2023-03-04T01:04:39.380+0000] {logging_mixin.py:137} INFO - [2023-03-04T01:04:39.366+0000] {dag.py:3441} INFO - Setting next_dagrun for example_complex to None, run_after=None
[2023-03-04T01:04:42.091+0000] {processor.py:175} INFO - Processing /home/airflow/.local/lib/python3.7/site-packages/airflow/example_dags/example_complex.py took 6.474 seconds
[2023-03-04T06:33:19.915+0000] {processor.py:153} INFO - Started process (PID=4714) to work on /home/airflow/.local/lib/python3.7/site-packages/airflow/example_dags/example_complex.py
[2023-03-04T06:33:19.932+0000] {processor.py:743} INFO - Processing file /home/airflow/.local/lib/python3.7/site-packages/airflow/example_dags/example_complex.py for tasks to queue
[2023-03-04T06:33:19.947+0000] {logging_mixin.py:137} INFO - [2023-03-04T06:33:19.946+0000] {dagbag.py:538} INFO - Filling up the DagBag from /home/airflow/.local/lib/python3.7/site-packages/airflow/example_dags/example_complex.py
[2023-03-04T06:33:20.560+0000] {logging_mixin.py:137} INFO - [2023-03-04T06:33:20.517+0000] {taskmixin.py:205} WARNING - Dependency <Task(BashOperator): create_entry_group>, delete_entry_group already registered for DAG: example_complex
[2023-03-04T06:33:20.593+0000] {logging_mixin.py:137} INFO - [2023-03-04T06:33:20.593+0000] {taskmixin.py:205} WARNING - Dependency <Task(BashOperator): delete_entry_group>, create_entry_group already registered for DAG: example_complex
[2023-03-04T06:33:20.599+0000] {logging_mixin.py:137} INFO - [2023-03-04T06:33:20.598+0000] {taskmixin.py:205} WARNING - Dependency <Task(BashOperator): create_entry_gcs>, delete_entry already registered for DAG: example_complex
[2023-03-04T06:33:20.602+0000] {logging_mixin.py:137} INFO - [2023-03-04T06:33:20.601+0000] {taskmixin.py:205} WARNING - Dependency <Task(BashOperator): delete_entry>, create_entry_gcs already registered for DAG: example_complex
[2023-03-04T06:33:20.629+0000] {logging_mixin.py:137} INFO - [2023-03-04T06:33:20.629+0000] {taskmixin.py:205} WARNING - Dependency <Task(BashOperator): create_tag>, delete_tag already registered for DAG: example_complex
[2023-03-04T06:33:20.631+0000] {logging_mixin.py:137} INFO - [2023-03-04T06:33:20.631+0000] {taskmixin.py:205} WARNING - Dependency <Task(BashOperator): delete_tag>, create_tag already registered for DAG: example_complex
[2023-03-04T06:33:20.799+0000] {processor.py:753} INFO - DAG(s) dict_keys(['example_complex']) retrieved from /home/airflow/.local/lib/python3.7/site-packages/airflow/example_dags/example_complex.py
[2023-03-04T06:33:21.564+0000] {logging_mixin.py:137} INFO - [2023-03-04T06:33:21.564+0000] {dag.py:2690} INFO - Sync 1 DAGs
[2023-03-04T06:33:21.718+0000] {logging_mixin.py:137} INFO - [2023-03-04T06:33:21.717+0000] {dag.py:3441} INFO - Setting next_dagrun for example_complex to None, run_after=None
[2023-03-04T06:33:21.915+0000] {processor.py:175} INFO - Processing /home/airflow/.local/lib/python3.7/site-packages/airflow/example_dags/example_complex.py took 2.069 seconds
[2023-03-04T07:05:56.887+0000] {processor.py:153} INFO - Started process (PID=4780) to work on /home/airflow/.local/lib/python3.7/site-packages/airflow/example_dags/example_complex.py
[2023-03-04T07:05:56.890+0000] {processor.py:743} INFO - Processing file /home/airflow/.local/lib/python3.7/site-packages/airflow/example_dags/example_complex.py for tasks to queue
[2023-03-04T07:05:56.893+0000] {logging_mixin.py:137} INFO - [2023-03-04T07:05:56.892+0000] {dagbag.py:538} INFO - Filling up the DagBag from /home/airflow/.local/lib/python3.7/site-packages/airflow/example_dags/example_complex.py
[2023-03-04T07:05:56.953+0000] {logging_mixin.py:137} INFO - [2023-03-04T07:05:56.953+0000] {taskmixin.py:205} WARNING - Dependency <Task(BashOperator): create_entry_group>, delete_entry_group already registered for DAG: example_complex
[2023-03-04T07:05:56.955+0000] {logging_mixin.py:137} INFO - [2023-03-04T07:05:56.955+0000] {taskmixin.py:205} WARNING - Dependency <Task(BashOperator): delete_entry_group>, create_entry_group already registered for DAG: example_complex
[2023-03-04T07:05:56.957+0000] {logging_mixin.py:137} INFO - [2023-03-04T07:05:56.957+0000] {taskmixin.py:205} WARNING - Dependency <Task(BashOperator): create_entry_gcs>, delete_entry already registered for DAG: example_complex
[2023-03-04T07:05:56.959+0000] {logging_mixin.py:137} INFO - [2023-03-04T07:05:56.959+0000] {taskmixin.py:205} WARNING - Dependency <Task(BashOperator): delete_entry>, create_entry_gcs already registered for DAG: example_complex
[2023-03-04T07:05:56.961+0000] {logging_mixin.py:137} INFO - [2023-03-04T07:05:56.961+0000] {taskmixin.py:205} WARNING - Dependency <Task(BashOperator): create_tag>, delete_tag already registered for DAG: example_complex
[2023-03-04T07:05:56.962+0000] {logging_mixin.py:137} INFO - [2023-03-04T07:05:56.962+0000] {taskmixin.py:205} WARNING - Dependency <Task(BashOperator): delete_tag>, create_tag already registered for DAG: example_complex
[2023-03-04T07:05:56.975+0000] {processor.py:753} INFO - DAG(s) dict_keys(['example_complex']) retrieved from /home/airflow/.local/lib/python3.7/site-packages/airflow/example_dags/example_complex.py
[2023-03-04T07:05:57.055+0000] {logging_mixin.py:137} INFO - [2023-03-04T07:05:57.055+0000] {dag.py:2690} INFO - Sync 1 DAGs
[2023-03-04T07:05:57.082+0000] {logging_mixin.py:137} INFO - [2023-03-04T07:05:57.081+0000] {dag.py:3441} INFO - Setting next_dagrun for example_complex to None, run_after=None
[2023-03-04T07:05:57.133+0000] {processor.py:175} INFO - Processing /home/airflow/.local/lib/python3.7/site-packages/airflow/example_dags/example_complex.py took 0.253 seconds
[2023-03-04T07:37:54.126+0000] {processor.py:153} INFO - Started process (PID=4833) to work on /home/airflow/.local/lib/python3.7/site-packages/airflow/example_dags/example_complex.py
[2023-03-04T07:37:54.128+0000] {processor.py:743} INFO - Processing file /home/airflow/.local/lib/python3.7/site-packages/airflow/example_dags/example_complex.py for tasks to queue
[2023-03-04T07:37:54.129+0000] {logging_mixin.py:137} INFO - [2023-03-04T07:37:54.129+0000] {dagbag.py:538} INFO - Filling up the DagBag from /home/airflow/.local/lib/python3.7/site-packages/airflow/example_dags/example_complex.py
[2023-03-04T07:37:54.139+0000] {logging_mixin.py:137} INFO - [2023-03-04T07:37:54.139+0000] {taskmixin.py:205} WARNING - Dependency <Task(BashOperator): create_entry_group>, delete_entry_group already registered for DAG: example_complex
[2023-03-04T07:37:54.140+0000] {logging_mixin.py:137} INFO - [2023-03-04T07:37:54.140+0000] {taskmixin.py:205} WARNING - Dependency <Task(BashOperator): delete_entry_group>, create_entry_group already registered for DAG: example_complex
[2023-03-04T07:37:54.141+0000] {logging_mixin.py:137} INFO - [2023-03-04T07:37:54.140+0000] {taskmixin.py:205} WARNING - Dependency <Task(BashOperator): create_entry_gcs>, delete_entry already registered for DAG: example_complex
[2023-03-04T07:37:54.141+0000] {logging_mixin.py:137} INFO - [2023-03-04T07:37:54.141+0000] {taskmixin.py:205} WARNING - Dependency <Task(BashOperator): delete_entry>, create_entry_gcs already registered for DAG: example_complex
[2023-03-04T07:37:54.142+0000] {logging_mixin.py:137} INFO - [2023-03-04T07:37:54.142+0000] {taskmixin.py:205} WARNING - Dependency <Task(BashOperator): create_tag>, delete_tag already registered for DAG: example_complex
[2023-03-04T07:37:54.143+0000] {logging_mixin.py:137} INFO - [2023-03-04T07:37:54.143+0000] {taskmixin.py:205} WARNING - Dependency <Task(BashOperator): delete_tag>, create_tag already registered for DAG: example_complex
[2023-03-04T07:37:54.154+0000] {processor.py:753} INFO - DAG(s) dict_keys(['example_complex']) retrieved from /home/airflow/.local/lib/python3.7/site-packages/airflow/example_dags/example_complex.py
[2023-03-04T07:37:54.195+0000] {logging_mixin.py:137} INFO - [2023-03-04T07:37:54.195+0000] {dag.py:2690} INFO - Sync 1 DAGs
[2023-03-04T07:37:54.217+0000] {logging_mixin.py:137} INFO - [2023-03-04T07:37:54.217+0000] {dag.py:3441} INFO - Setting next_dagrun for example_complex to None, run_after=None
[2023-03-04T07:37:54.230+0000] {processor.py:175} INFO - Processing /home/airflow/.local/lib/python3.7/site-packages/airflow/example_dags/example_complex.py took 0.107 seconds
[2023-03-04T07:43:52.887+0000] {processor.py:153} INFO - Started process (PID=4896) to work on /home/airflow/.local/lib/python3.7/site-packages/airflow/example_dags/example_complex.py
[2023-03-04T07:43:52.892+0000] {processor.py:743} INFO - Processing file /home/airflow/.local/lib/python3.7/site-packages/airflow/example_dags/example_complex.py for tasks to queue
[2023-03-04T07:43:52.901+0000] {logging_mixin.py:137} INFO - [2023-03-04T07:43:52.901+0000] {dagbag.py:538} INFO - Filling up the DagBag from /home/airflow/.local/lib/python3.7/site-packages/airflow/example_dags/example_complex.py
[2023-03-04T07:43:52.928+0000] {logging_mixin.py:137} INFO - [2023-03-04T07:43:52.928+0000] {taskmixin.py:205} WARNING - Dependency <Task(BashOperator): create_entry_group>, delete_entry_group already registered for DAG: example_complex
[2023-03-04T07:43:52.929+0000] {logging_mixin.py:137} INFO - [2023-03-04T07:43:52.929+0000] {taskmixin.py:205} WARNING - Dependency <Task(BashOperator): delete_entry_group>, create_entry_group already registered for DAG: example_complex
[2023-03-04T07:43:52.930+0000] {logging_mixin.py:137} INFO - [2023-03-04T07:43:52.930+0000] {taskmixin.py:205} WARNING - Dependency <Task(BashOperator): create_entry_gcs>, delete_entry already registered for DAG: example_complex
[2023-03-04T07:43:52.931+0000] {logging_mixin.py:137} INFO - [2023-03-04T07:43:52.931+0000] {taskmixin.py:205} WARNING - Dependency <Task(BashOperator): delete_entry>, create_entry_gcs already registered for DAG: example_complex
[2023-03-04T07:43:52.932+0000] {logging_mixin.py:137} INFO - [2023-03-04T07:43:52.932+0000] {taskmixin.py:205} WARNING - Dependency <Task(BashOperator): create_tag>, delete_tag already registered for DAG: example_complex
[2023-03-04T07:43:52.934+0000] {logging_mixin.py:137} INFO - [2023-03-04T07:43:52.934+0000] {taskmixin.py:205} WARNING - Dependency <Task(BashOperator): delete_tag>, create_tag already registered for DAG: example_complex
[2023-03-04T07:43:52.942+0000] {processor.py:753} INFO - DAG(s) dict_keys(['example_complex']) retrieved from /home/airflow/.local/lib/python3.7/site-packages/airflow/example_dags/example_complex.py
[2023-03-04T07:43:52.985+0000] {logging_mixin.py:137} INFO - [2023-03-04T07:43:52.985+0000] {dag.py:2690} INFO - Sync 1 DAGs
[2023-03-04T07:43:53.007+0000] {logging_mixin.py:137} INFO - [2023-03-04T07:43:53.007+0000] {dag.py:3441} INFO - Setting next_dagrun for example_complex to None, run_after=None
[2023-03-04T07:43:53.028+0000] {processor.py:175} INFO - Processing /home/airflow/.local/lib/python3.7/site-packages/airflow/example_dags/example_complex.py took 0.149 seconds
[2023-03-04T09:08:15.040+0000] {processor.py:153} INFO - Started process (PID=4971) to work on /home/airflow/.local/lib/python3.7/site-packages/airflow/example_dags/example_complex.py
[2023-03-04T09:08:15.045+0000] {processor.py:743} INFO - Processing file /home/airflow/.local/lib/python3.7/site-packages/airflow/example_dags/example_complex.py for tasks to queue
[2023-03-04T09:08:15.047+0000] {logging_mixin.py:137} INFO - [2023-03-04T09:08:15.046+0000] {dagbag.py:538} INFO - Filling up the DagBag from /home/airflow/.local/lib/python3.7/site-packages/airflow/example_dags/example_complex.py
[2023-03-04T09:08:15.086+0000] {logging_mixin.py:137} INFO - [2023-03-04T09:08:15.086+0000] {taskmixin.py:205} WARNING - Dependency <Task(BashOperator): create_entry_group>, delete_entry_group already registered for DAG: example_complex
[2023-03-04T09:08:15.088+0000] {logging_mixin.py:137} INFO - [2023-03-04T09:08:15.088+0000] {taskmixin.py:205} WARNING - Dependency <Task(BashOperator): delete_entry_group>, create_entry_group already registered for DAG: example_complex
[2023-03-04T09:08:15.090+0000] {logging_mixin.py:137} INFO - [2023-03-04T09:08:15.090+0000] {taskmixin.py:205} WARNING - Dependency <Task(BashOperator): create_entry_gcs>, delete_entry already registered for DAG: example_complex
[2023-03-04T09:08:15.091+0000] {logging_mixin.py:137} INFO - [2023-03-04T09:08:15.091+0000] {taskmixin.py:205} WARNING - Dependency <Task(BashOperator): delete_entry>, create_entry_gcs already registered for DAG: example_complex
[2023-03-04T09:08:15.092+0000] {logging_mixin.py:137} INFO - [2023-03-04T09:08:15.092+0000] {taskmixin.py:205} WARNING - Dependency <Task(BashOperator): create_tag>, delete_tag already registered for DAG: example_complex
[2023-03-04T09:08:15.093+0000] {logging_mixin.py:137} INFO - [2023-03-04T09:08:15.093+0000] {taskmixin.py:205} WARNING - Dependency <Task(BashOperator): delete_tag>, create_tag already registered for DAG: example_complex
[2023-03-04T09:08:15.101+0000] {processor.py:753} INFO - DAG(s) dict_keys(['example_complex']) retrieved from /home/airflow/.local/lib/python3.7/site-packages/airflow/example_dags/example_complex.py
[2023-03-04T09:08:15.132+0000] {logging_mixin.py:137} INFO - [2023-03-04T09:08:15.131+0000] {dag.py:2690} INFO - Sync 1 DAGs
[2023-03-04T09:08:15.161+0000] {logging_mixin.py:137} INFO - [2023-03-04T09:08:15.161+0000] {dag.py:3441} INFO - Setting next_dagrun for example_complex to None, run_after=None
[2023-03-04T09:08:15.177+0000] {processor.py:175} INFO - Processing /home/airflow/.local/lib/python3.7/site-packages/airflow/example_dags/example_complex.py took 0.144 seconds
[2023-03-04T10:01:49.906+0000] {processor.py:153} INFO - Started process (PID=5034) to work on /home/airflow/.local/lib/python3.7/site-packages/airflow/example_dags/example_complex.py
[2023-03-04T10:01:49.909+0000] {processor.py:743} INFO - Processing file /home/airflow/.local/lib/python3.7/site-packages/airflow/example_dags/example_complex.py for tasks to queue
[2023-03-04T10:01:49.910+0000] {logging_mixin.py:137} INFO - [2023-03-04T10:01:49.910+0000] {dagbag.py:538} INFO - Filling up the DagBag from /home/airflow/.local/lib/python3.7/site-packages/airflow/example_dags/example_complex.py
[2023-03-04T10:01:49.930+0000] {logging_mixin.py:137} INFO - [2023-03-04T10:01:49.929+0000] {taskmixin.py:205} WARNING - Dependency <Task(BashOperator): create_entry_group>, delete_entry_group already registered for DAG: example_complex
[2023-03-04T10:01:49.931+0000] {logging_mixin.py:137} INFO - [2023-03-04T10:01:49.931+0000] {taskmixin.py:205} WARNING - Dependency <Task(BashOperator): delete_entry_group>, create_entry_group already registered for DAG: example_complex
[2023-03-04T10:01:49.932+0000] {logging_mixin.py:137} INFO - [2023-03-04T10:01:49.932+0000] {taskmixin.py:205} WARNING - Dependency <Task(BashOperator): create_entry_gcs>, delete_entry already registered for DAG: example_complex
[2023-03-04T10:01:49.933+0000] {logging_mixin.py:137} INFO - [2023-03-04T10:01:49.933+0000] {taskmixin.py:205} WARNING - Dependency <Task(BashOperator): delete_entry>, create_entry_gcs already registered for DAG: example_complex
[2023-03-04T10:01:49.936+0000] {logging_mixin.py:137} INFO - [2023-03-04T10:01:49.936+0000] {taskmixin.py:205} WARNING - Dependency <Task(BashOperator): create_tag>, delete_tag already registered for DAG: example_complex
[2023-03-04T10:01:49.938+0000] {logging_mixin.py:137} INFO - [2023-03-04T10:01:49.938+0000] {taskmixin.py:205} WARNING - Dependency <Task(BashOperator): delete_tag>, create_tag already registered for DAG: example_complex
[2023-03-04T10:01:49.948+0000] {processor.py:753} INFO - DAG(s) dict_keys(['example_complex']) retrieved from /home/airflow/.local/lib/python3.7/site-packages/airflow/example_dags/example_complex.py
[2023-03-04T10:01:49.995+0000] {logging_mixin.py:137} INFO - [2023-03-04T10:01:49.995+0000] {dag.py:2690} INFO - Sync 1 DAGs
[2023-03-04T10:01:50.021+0000] {logging_mixin.py:137} INFO - [2023-03-04T10:01:50.021+0000] {dag.py:3441} INFO - Setting next_dagrun for example_complex to None, run_after=None
[2023-03-04T10:01:50.044+0000] {processor.py:175} INFO - Processing /home/airflow/.local/lib/python3.7/site-packages/airflow/example_dags/example_complex.py took 0.146 seconds
[2023-03-04T10:51:24.405+0000] {processor.py:153} INFO - Started process (PID=5093) to work on /home/airflow/.local/lib/python3.7/site-packages/airflow/example_dags/example_complex.py
[2023-03-04T10:51:24.407+0000] {processor.py:743} INFO - Processing file /home/airflow/.local/lib/python3.7/site-packages/airflow/example_dags/example_complex.py for tasks to queue
[2023-03-04T10:51:24.422+0000] {logging_mixin.py:137} INFO - [2023-03-04T10:51:24.421+0000] {dagbag.py:538} INFO - Filling up the DagBag from /home/airflow/.local/lib/python3.7/site-packages/airflow/example_dags/example_complex.py
[2023-03-04T10:51:24.455+0000] {logging_mixin.py:137} INFO - [2023-03-04T10:51:24.455+0000] {taskmixin.py:205} WARNING - Dependency <Task(BashOperator): create_entry_group>, delete_entry_group already registered for DAG: example_complex
[2023-03-04T10:51:24.458+0000] {logging_mixin.py:137} INFO - [2023-03-04T10:51:24.457+0000] {taskmixin.py:205} WARNING - Dependency <Task(BashOperator): delete_entry_group>, create_entry_group already registered for DAG: example_complex
[2023-03-04T10:51:24.459+0000] {logging_mixin.py:137} INFO - [2023-03-04T10:51:24.459+0000] {taskmixin.py:205} WARNING - Dependency <Task(BashOperator): create_entry_gcs>, delete_entry already registered for DAG: example_complex
[2023-03-04T10:51:24.461+0000] {logging_mixin.py:137} INFO - [2023-03-04T10:51:24.461+0000] {taskmixin.py:205} WARNING - Dependency <Task(BashOperator): delete_entry>, create_entry_gcs already registered for DAG: example_complex
[2023-03-04T10:51:24.462+0000] {logging_mixin.py:137} INFO - [2023-03-04T10:51:24.462+0000] {taskmixin.py:205} WARNING - Dependency <Task(BashOperator): create_tag>, delete_tag already registered for DAG: example_complex
[2023-03-04T10:51:24.464+0000] {logging_mixin.py:137} INFO - [2023-03-04T10:51:24.464+0000] {taskmixin.py:205} WARNING - Dependency <Task(BashOperator): delete_tag>, create_tag already registered for DAG: example_complex
[2023-03-04T10:51:24.475+0000] {processor.py:753} INFO - DAG(s) dict_keys(['example_complex']) retrieved from /home/airflow/.local/lib/python3.7/site-packages/airflow/example_dags/example_complex.py
[2023-03-04T10:51:24.552+0000] {logging_mixin.py:137} INFO - [2023-03-04T10:51:24.552+0000] {dag.py:2690} INFO - Sync 1 DAGs
[2023-03-04T10:51:24.610+0000] {logging_mixin.py:137} INFO - [2023-03-04T10:51:24.609+0000] {dag.py:3441} INFO - Setting next_dagrun for example_complex to None, run_after=None
[2023-03-04T10:51:24.650+0000] {processor.py:175} INFO - Processing /home/airflow/.local/lib/python3.7/site-packages/airflow/example_dags/example_complex.py took 0.248 seconds
[2023-03-04T11:12:02.127+0000] {processor.py:153} INFO - Started process (PID=5159) to work on /home/airflow/.local/lib/python3.7/site-packages/airflow/example_dags/example_complex.py
[2023-03-04T11:12:02.137+0000] {processor.py:743} INFO - Processing file /home/airflow/.local/lib/python3.7/site-packages/airflow/example_dags/example_complex.py for tasks to queue
[2023-03-04T11:12:02.144+0000] {logging_mixin.py:137} INFO - [2023-03-04T11:12:02.143+0000] {dagbag.py:538} INFO - Filling up the DagBag from /home/airflow/.local/lib/python3.7/site-packages/airflow/example_dags/example_complex.py
[2023-03-04T11:12:02.163+0000] {logging_mixin.py:137} INFO - [2023-03-04T11:12:02.163+0000] {taskmixin.py:205} WARNING - Dependency <Task(BashOperator): create_entry_group>, delete_entry_group already registered for DAG: example_complex
[2023-03-04T11:12:02.165+0000] {logging_mixin.py:137} INFO - [2023-03-04T11:12:02.165+0000] {taskmixin.py:205} WARNING - Dependency <Task(BashOperator): delete_entry_group>, create_entry_group already registered for DAG: example_complex
[2023-03-04T11:12:02.166+0000] {logging_mixin.py:137} INFO - [2023-03-04T11:12:02.166+0000] {taskmixin.py:205} WARNING - Dependency <Task(BashOperator): create_entry_gcs>, delete_entry already registered for DAG: example_complex
[2023-03-04T11:12:02.167+0000] {logging_mixin.py:137} INFO - [2023-03-04T11:12:02.166+0000] {taskmixin.py:205} WARNING - Dependency <Task(BashOperator): delete_entry>, create_entry_gcs already registered for DAG: example_complex
[2023-03-04T11:12:02.167+0000] {logging_mixin.py:137} INFO - [2023-03-04T11:12:02.167+0000] {taskmixin.py:205} WARNING - Dependency <Task(BashOperator): create_tag>, delete_tag already registered for DAG: example_complex
[2023-03-04T11:12:02.168+0000] {logging_mixin.py:137} INFO - [2023-03-04T11:12:02.168+0000] {taskmixin.py:205} WARNING - Dependency <Task(BashOperator): delete_tag>, create_tag already registered for DAG: example_complex
[2023-03-04T11:12:02.176+0000] {processor.py:753} INFO - DAG(s) dict_keys(['example_complex']) retrieved from /home/airflow/.local/lib/python3.7/site-packages/airflow/example_dags/example_complex.py
[2023-03-04T11:12:02.231+0000] {logging_mixin.py:137} INFO - [2023-03-04T11:12:02.231+0000] {dag.py:2690} INFO - Sync 1 DAGs
[2023-03-04T11:12:02.257+0000] {logging_mixin.py:137} INFO - [2023-03-04T11:12:02.257+0000] {dag.py:3441} INFO - Setting next_dagrun for example_complex to None, run_after=None
[2023-03-04T11:12:02.273+0000] {processor.py:175} INFO - Processing /home/airflow/.local/lib/python3.7/site-packages/airflow/example_dags/example_complex.py took 0.151 seconds
[2023-03-04T11:21:28.506+0000] {processor.py:153} INFO - Started process (PID=5222) to work on /home/airflow/.local/lib/python3.7/site-packages/airflow/example_dags/example_complex.py
[2023-03-04T11:21:28.508+0000] {processor.py:743} INFO - Processing file /home/airflow/.local/lib/python3.7/site-packages/airflow/example_dags/example_complex.py for tasks to queue
[2023-03-04T11:21:28.509+0000] {logging_mixin.py:137} INFO - [2023-03-04T11:21:28.509+0000] {dagbag.py:538} INFO - Filling up the DagBag from /home/airflow/.local/lib/python3.7/site-packages/airflow/example_dags/example_complex.py
[2023-03-04T11:21:28.518+0000] {logging_mixin.py:137} INFO - [2023-03-04T11:21:28.518+0000] {taskmixin.py:205} WARNING - Dependency <Task(BashOperator): create_entry_group>, delete_entry_group already registered for DAG: example_complex
[2023-03-04T11:21:28.519+0000] {logging_mixin.py:137} INFO - [2023-03-04T11:21:28.519+0000] {taskmixin.py:205} WARNING - Dependency <Task(BashOperator): delete_entry_group>, create_entry_group already registered for DAG: example_complex
[2023-03-04T11:21:28.520+0000] {logging_mixin.py:137} INFO - [2023-03-04T11:21:28.520+0000] {taskmixin.py:205} WARNING - Dependency <Task(BashOperator): create_entry_gcs>, delete_entry already registered for DAG: example_complex
[2023-03-04T11:21:28.520+0000] {logging_mixin.py:137} INFO - [2023-03-04T11:21:28.520+0000] {taskmixin.py:205} WARNING - Dependency <Task(BashOperator): delete_entry>, create_entry_gcs already registered for DAG: example_complex
[2023-03-04T11:21:28.521+0000] {logging_mixin.py:137} INFO - [2023-03-04T11:21:28.521+0000] {taskmixin.py:205} WARNING - Dependency <Task(BashOperator): create_tag>, delete_tag already registered for DAG: example_complex
[2023-03-04T11:21:28.521+0000] {logging_mixin.py:137} INFO - [2023-03-04T11:21:28.521+0000] {taskmixin.py:205} WARNING - Dependency <Task(BashOperator): delete_tag>, create_tag already registered for DAG: example_complex
[2023-03-04T11:21:28.527+0000] {processor.py:753} INFO - DAG(s) dict_keys(['example_complex']) retrieved from /home/airflow/.local/lib/python3.7/site-packages/airflow/example_dags/example_complex.py
[2023-03-04T11:21:28.553+0000] {logging_mixin.py:137} INFO - [2023-03-04T11:21:28.553+0000] {dag.py:2690} INFO - Sync 1 DAGs
[2023-03-04T11:21:28.569+0000] {logging_mixin.py:137} INFO - [2023-03-04T11:21:28.569+0000] {dag.py:3441} INFO - Setting next_dagrun for example_complex to None, run_after=None
[2023-03-04T11:21:28.582+0000] {processor.py:175} INFO - Processing /home/airflow/.local/lib/python3.7/site-packages/airflow/example_dags/example_complex.py took 0.079 seconds
[2023-03-04T11:56:44.029+0000] {processor.py:153} INFO - Started process (PID=5286) to work on /home/airflow/.local/lib/python3.7/site-packages/airflow/example_dags/example_complex.py
[2023-03-04T11:56:44.031+0000] {processor.py:743} INFO - Processing file /home/airflow/.local/lib/python3.7/site-packages/airflow/example_dags/example_complex.py for tasks to queue
[2023-03-04T11:56:44.033+0000] {logging_mixin.py:137} INFO - [2023-03-04T11:56:44.032+0000] {dagbag.py:538} INFO - Filling up the DagBag from /home/airflow/.local/lib/python3.7/site-packages/airflow/example_dags/example_complex.py
[2023-03-04T11:56:44.047+0000] {logging_mixin.py:137} INFO - [2023-03-04T11:56:44.047+0000] {taskmixin.py:205} WARNING - Dependency <Task(BashOperator): create_entry_group>, delete_entry_group already registered for DAG: example_complex
[2023-03-04T11:56:44.052+0000] {logging_mixin.py:137} INFO - [2023-03-04T11:56:44.052+0000] {taskmixin.py:205} WARNING - Dependency <Task(BashOperator): delete_entry_group>, create_entry_group already registered for DAG: example_complex
[2023-03-04T11:56:44.054+0000] {logging_mixin.py:137} INFO - [2023-03-04T11:56:44.054+0000] {taskmixin.py:205} WARNING - Dependency <Task(BashOperator): create_entry_gcs>, delete_entry already registered for DAG: example_complex
[2023-03-04T11:56:44.057+0000] {logging_mixin.py:137} INFO - [2023-03-04T11:56:44.057+0000] {taskmixin.py:205} WARNING - Dependency <Task(BashOperator): delete_entry>, create_entry_gcs already registered for DAG: example_complex
[2023-03-04T11:56:44.058+0000] {logging_mixin.py:137} INFO - [2023-03-04T11:56:44.058+0000] {taskmixin.py:205} WARNING - Dependency <Task(BashOperator): create_tag>, delete_tag already registered for DAG: example_complex
[2023-03-04T11:56:44.064+0000] {logging_mixin.py:137} INFO - [2023-03-04T11:56:44.063+0000] {taskmixin.py:205} WARNING - Dependency <Task(BashOperator): delete_tag>, create_tag already registered for DAG: example_complex
[2023-03-04T11:56:44.072+0000] {processor.py:753} INFO - DAG(s) dict_keys(['example_complex']) retrieved from /home/airflow/.local/lib/python3.7/site-packages/airflow/example_dags/example_complex.py
[2023-03-04T11:56:44.122+0000] {logging_mixin.py:137} INFO - [2023-03-04T11:56:44.122+0000] {dag.py:2690} INFO - Sync 1 DAGs
[2023-03-04T11:56:44.142+0000] {logging_mixin.py:137} INFO - [2023-03-04T11:56:44.142+0000] {dag.py:3441} INFO - Setting next_dagrun for example_complex to None, run_after=None
[2023-03-04T11:56:44.159+0000] {processor.py:175} INFO - Processing /home/airflow/.local/lib/python3.7/site-packages/airflow/example_dags/example_complex.py took 0.135 seconds
[2023-03-04T12:36:27.794+0000] {processor.py:153} INFO - Started process (PID=5361) to work on /home/airflow/.local/lib/python3.7/site-packages/airflow/example_dags/example_complex.py
[2023-03-04T12:36:27.799+0000] {processor.py:743} INFO - Processing file /home/airflow/.local/lib/python3.7/site-packages/airflow/example_dags/example_complex.py for tasks to queue
[2023-03-04T12:36:27.803+0000] {logging_mixin.py:137} INFO - [2023-03-04T12:36:27.802+0000] {dagbag.py:538} INFO - Filling up the DagBag from /home/airflow/.local/lib/python3.7/site-packages/airflow/example_dags/example_complex.py
[2023-03-04T12:36:27.830+0000] {logging_mixin.py:137} INFO - [2023-03-04T12:36:27.829+0000] {taskmixin.py:205} WARNING - Dependency <Task(BashOperator): create_entry_group>, delete_entry_group already registered for DAG: example_complex
[2023-03-04T12:36:27.832+0000] {logging_mixin.py:137} INFO - [2023-03-04T12:36:27.832+0000] {taskmixin.py:205} WARNING - Dependency <Task(BashOperator): delete_entry_group>, create_entry_group already registered for DAG: example_complex
[2023-03-04T12:36:27.834+0000] {logging_mixin.py:137} INFO - [2023-03-04T12:36:27.834+0000] {taskmixin.py:205} WARNING - Dependency <Task(BashOperator): create_entry_gcs>, delete_entry already registered for DAG: example_complex
[2023-03-04T12:36:27.836+0000] {logging_mixin.py:137} INFO - [2023-03-04T12:36:27.835+0000] {taskmixin.py:205} WARNING - Dependency <Task(BashOperator): delete_entry>, create_entry_gcs already registered for DAG: example_complex
[2023-03-04T12:36:27.837+0000] {logging_mixin.py:137} INFO - [2023-03-04T12:36:27.837+0000] {taskmixin.py:205} WARNING - Dependency <Task(BashOperator): create_tag>, delete_tag already registered for DAG: example_complex
[2023-03-04T12:36:27.838+0000] {logging_mixin.py:137} INFO - [2023-03-04T12:36:27.838+0000] {taskmixin.py:205} WARNING - Dependency <Task(BashOperator): delete_tag>, create_tag already registered for DAG: example_complex
[2023-03-04T12:36:27.856+0000] {processor.py:753} INFO - DAG(s) dict_keys(['example_complex']) retrieved from /home/airflow/.local/lib/python3.7/site-packages/airflow/example_dags/example_complex.py
[2023-03-04T12:36:27.941+0000] {logging_mixin.py:137} INFO - [2023-03-04T12:36:27.940+0000] {dag.py:2690} INFO - Sync 1 DAGs
[2023-03-04T12:36:27.988+0000] {logging_mixin.py:137} INFO - [2023-03-04T12:36:27.988+0000] {dag.py:3441} INFO - Setting next_dagrun for example_complex to None, run_after=None
[2023-03-04T12:36:28.017+0000] {processor.py:175} INFO - Processing /home/airflow/.local/lib/python3.7/site-packages/airflow/example_dags/example_complex.py took 0.231 seconds
[2023-03-04T12:50:15.740+0000] {processor.py:153} INFO - Started process (PID=5421) to work on /home/airflow/.local/lib/python3.7/site-packages/airflow/example_dags/example_complex.py
[2023-03-04T12:50:15.743+0000] {processor.py:743} INFO - Processing file /home/airflow/.local/lib/python3.7/site-packages/airflow/example_dags/example_complex.py for tasks to queue
[2023-03-04T12:50:15.744+0000] {logging_mixin.py:137} INFO - [2023-03-04T12:50:15.744+0000] {dagbag.py:538} INFO - Filling up the DagBag from /home/airflow/.local/lib/python3.7/site-packages/airflow/example_dags/example_complex.py
[2023-03-04T12:50:15.759+0000] {logging_mixin.py:137} INFO - [2023-03-04T12:50:15.759+0000] {taskmixin.py:205} WARNING - Dependency <Task(BashOperator): create_entry_group>, delete_entry_group already registered for DAG: example_complex
[2023-03-04T12:50:15.760+0000] {logging_mixin.py:137} INFO - [2023-03-04T12:50:15.760+0000] {taskmixin.py:205} WARNING - Dependency <Task(BashOperator): delete_entry_group>, create_entry_group already registered for DAG: example_complex
[2023-03-04T12:50:15.761+0000] {logging_mixin.py:137} INFO - [2023-03-04T12:50:15.761+0000] {taskmixin.py:205} WARNING - Dependency <Task(BashOperator): create_entry_gcs>, delete_entry already registered for DAG: example_complex
[2023-03-04T12:50:15.766+0000] {logging_mixin.py:137} INFO - [2023-03-04T12:50:15.766+0000] {taskmixin.py:205} WARNING - Dependency <Task(BashOperator): delete_entry>, create_entry_gcs already registered for DAG: example_complex
[2023-03-04T12:50:15.772+0000] {logging_mixin.py:137} INFO - [2023-03-04T12:50:15.770+0000] {taskmixin.py:205} WARNING - Dependency <Task(BashOperator): create_tag>, delete_tag already registered for DAG: example_complex
[2023-03-04T12:50:15.777+0000] {logging_mixin.py:137} INFO - [2023-03-04T12:50:15.776+0000] {taskmixin.py:205} WARNING - Dependency <Task(BashOperator): delete_tag>, create_tag already registered for DAG: example_complex
[2023-03-04T12:50:15.797+0000] {processor.py:753} INFO - DAG(s) dict_keys(['example_complex']) retrieved from /home/airflow/.local/lib/python3.7/site-packages/airflow/example_dags/example_complex.py
[2023-03-04T12:50:15.859+0000] {logging_mixin.py:137} INFO - [2023-03-04T12:50:15.859+0000] {dag.py:2690} INFO - Sync 1 DAGs
[2023-03-04T12:50:15.930+0000] {logging_mixin.py:137} INFO - [2023-03-04T12:50:15.930+0000] {dag.py:3441} INFO - Setting next_dagrun for example_complex to None, run_after=None
[2023-03-04T12:50:15.981+0000] {processor.py:175} INFO - Processing /home/airflow/.local/lib/python3.7/site-packages/airflow/example_dags/example_complex.py took 0.246 seconds
[2023-03-04T13:10:06.733+0000] {processor.py:153} INFO - Started process (PID=5487) to work on /home/airflow/.local/lib/python3.7/site-packages/airflow/example_dags/example_complex.py
[2023-03-04T13:10:06.754+0000] {processor.py:743} INFO - Processing file /home/airflow/.local/lib/python3.7/site-packages/airflow/example_dags/example_complex.py for tasks to queue
[2023-03-04T13:10:06.759+0000] {logging_mixin.py:137} INFO - [2023-03-04T13:10:06.758+0000] {dagbag.py:538} INFO - Filling up the DagBag from /home/airflow/.local/lib/python3.7/site-packages/airflow/example_dags/example_complex.py
[2023-03-04T13:10:06.789+0000] {logging_mixin.py:137} INFO - [2023-03-04T13:10:06.789+0000] {taskmixin.py:205} WARNING - Dependency <Task(BashOperator): create_entry_group>, delete_entry_group already registered for DAG: example_complex
[2023-03-04T13:10:06.790+0000] {logging_mixin.py:137} INFO - [2023-03-04T13:10:06.790+0000] {taskmixin.py:205} WARNING - Dependency <Task(BashOperator): delete_entry_group>, create_entry_group already registered for DAG: example_complex
[2023-03-04T13:10:06.791+0000] {logging_mixin.py:137} INFO - [2023-03-04T13:10:06.790+0000] {taskmixin.py:205} WARNING - Dependency <Task(BashOperator): create_entry_gcs>, delete_entry already registered for DAG: example_complex
[2023-03-04T13:10:06.791+0000] {logging_mixin.py:137} INFO - [2023-03-04T13:10:06.791+0000] {taskmixin.py:205} WARNING - Dependency <Task(BashOperator): delete_entry>, create_entry_gcs already registered for DAG: example_complex
[2023-03-04T13:10:06.792+0000] {logging_mixin.py:137} INFO - [2023-03-04T13:10:06.792+0000] {taskmixin.py:205} WARNING - Dependency <Task(BashOperator): create_tag>, delete_tag already registered for DAG: example_complex
[2023-03-04T13:10:06.793+0000] {logging_mixin.py:137} INFO - [2023-03-04T13:10:06.793+0000] {taskmixin.py:205} WARNING - Dependency <Task(BashOperator): delete_tag>, create_tag already registered for DAG: example_complex
[2023-03-04T13:10:06.802+0000] {processor.py:753} INFO - DAG(s) dict_keys(['example_complex']) retrieved from /home/airflow/.local/lib/python3.7/site-packages/airflow/example_dags/example_complex.py
[2023-03-04T13:10:06.838+0000] {logging_mixin.py:137} INFO - [2023-03-04T13:10:06.838+0000] {dag.py:2690} INFO - Sync 1 DAGs
[2023-03-04T13:10:06.869+0000] {logging_mixin.py:137} INFO - [2023-03-04T13:10:06.869+0000] {dag.py:3441} INFO - Setting next_dagrun for example_complex to None, run_after=None
[2023-03-04T13:10:06.884+0000] {processor.py:175} INFO - Processing /home/airflow/.local/lib/python3.7/site-packages/airflow/example_dags/example_complex.py took 0.157 seconds
[2023-03-04T13:26:38.793+0000] {processor.py:153} INFO - Started process (PID=5551) to work on /home/airflow/.local/lib/python3.7/site-packages/airflow/example_dags/example_complex.py
[2023-03-04T13:26:38.794+0000] {processor.py:743} INFO - Processing file /home/airflow/.local/lib/python3.7/site-packages/airflow/example_dags/example_complex.py for tasks to queue
[2023-03-04T13:26:38.795+0000] {logging_mixin.py:137} INFO - [2023-03-04T13:26:38.795+0000] {dagbag.py:538} INFO - Filling up the DagBag from /home/airflow/.local/lib/python3.7/site-packages/airflow/example_dags/example_complex.py
[2023-03-04T13:26:38.803+0000] {logging_mixin.py:137} INFO - [2023-03-04T13:26:38.803+0000] {taskmixin.py:205} WARNING - Dependency <Task(BashOperator): create_entry_group>, delete_entry_group already registered for DAG: example_complex
[2023-03-04T13:26:38.804+0000] {logging_mixin.py:137} INFO - [2023-03-04T13:26:38.804+0000] {taskmixin.py:205} WARNING - Dependency <Task(BashOperator): delete_entry_group>, create_entry_group already registered for DAG: example_complex
[2023-03-04T13:26:38.805+0000] {logging_mixin.py:137} INFO - [2023-03-04T13:26:38.804+0000] {taskmixin.py:205} WARNING - Dependency <Task(BashOperator): create_entry_gcs>, delete_entry already registered for DAG: example_complex
[2023-03-04T13:26:38.805+0000] {logging_mixin.py:137} INFO - [2023-03-04T13:26:38.805+0000] {taskmixin.py:205} WARNING - Dependency <Task(BashOperator): delete_entry>, create_entry_gcs already registered for DAG: example_complex
[2023-03-04T13:26:38.806+0000] {logging_mixin.py:137} INFO - [2023-03-04T13:26:38.806+0000] {taskmixin.py:205} WARNING - Dependency <Task(BashOperator): create_tag>, delete_tag already registered for DAG: example_complex
[2023-03-04T13:26:38.806+0000] {logging_mixin.py:137} INFO - [2023-03-04T13:26:38.806+0000] {taskmixin.py:205} WARNING - Dependency <Task(BashOperator): delete_tag>, create_tag already registered for DAG: example_complex
[2023-03-04T13:26:38.811+0000] {processor.py:753} INFO - DAG(s) dict_keys(['example_complex']) retrieved from /home/airflow/.local/lib/python3.7/site-packages/airflow/example_dags/example_complex.py
[2023-03-04T13:26:38.844+0000] {logging_mixin.py:137} INFO - [2023-03-04T13:26:38.844+0000] {dag.py:2690} INFO - Sync 1 DAGs
[2023-03-04T13:26:38.866+0000] {logging_mixin.py:137} INFO - [2023-03-04T13:26:38.866+0000] {dag.py:3441} INFO - Setting next_dagrun for example_complex to None, run_after=None
[2023-03-04T13:26:38.880+0000] {processor.py:175} INFO - Processing /home/airflow/.local/lib/python3.7/site-packages/airflow/example_dags/example_complex.py took 0.090 seconds
[2023-03-04T13:40:40.823+0000] {processor.py:153} INFO - Started process (PID=5613) to work on /home/airflow/.local/lib/python3.7/site-packages/airflow/example_dags/example_complex.py
[2023-03-04T13:40:40.825+0000] {processor.py:743} INFO - Processing file /home/airflow/.local/lib/python3.7/site-packages/airflow/example_dags/example_complex.py for tasks to queue
[2023-03-04T13:40:40.828+0000] {logging_mixin.py:137} INFO - [2023-03-04T13:40:40.828+0000] {dagbag.py:538} INFO - Filling up the DagBag from /home/airflow/.local/lib/python3.7/site-packages/airflow/example_dags/example_complex.py
[2023-03-04T13:40:40.852+0000] {logging_mixin.py:137} INFO - [2023-03-04T13:40:40.851+0000] {taskmixin.py:205} WARNING - Dependency <Task(BashOperator): create_entry_group>, delete_entry_group already registered for DAG: example_complex
[2023-03-04T13:40:40.853+0000] {logging_mixin.py:137} INFO - [2023-03-04T13:40:40.853+0000] {taskmixin.py:205} WARNING - Dependency <Task(BashOperator): delete_entry_group>, create_entry_group already registered for DAG: example_complex
[2023-03-04T13:40:40.868+0000] {logging_mixin.py:137} INFO - [2023-03-04T13:40:40.868+0000] {taskmixin.py:205} WARNING - Dependency <Task(BashOperator): create_entry_gcs>, delete_entry already registered for DAG: example_complex
[2023-03-04T13:40:40.870+0000] {logging_mixin.py:137} INFO - [2023-03-04T13:40:40.870+0000] {taskmixin.py:205} WARNING - Dependency <Task(BashOperator): delete_entry>, create_entry_gcs already registered for DAG: example_complex
[2023-03-04T13:40:40.872+0000] {logging_mixin.py:137} INFO - [2023-03-04T13:40:40.872+0000] {taskmixin.py:205} WARNING - Dependency <Task(BashOperator): create_tag>, delete_tag already registered for DAG: example_complex
[2023-03-04T13:40:40.872+0000] {logging_mixin.py:137} INFO - [2023-03-04T13:40:40.872+0000] {taskmixin.py:205} WARNING - Dependency <Task(BashOperator): delete_tag>, create_tag already registered for DAG: example_complex
[2023-03-04T13:40:40.889+0000] {processor.py:753} INFO - DAG(s) dict_keys(['example_complex']) retrieved from /home/airflow/.local/lib/python3.7/site-packages/airflow/example_dags/example_complex.py
[2023-03-04T13:40:40.923+0000] {logging_mixin.py:137} INFO - [2023-03-04T13:40:40.923+0000] {dag.py:2690} INFO - Sync 1 DAGs
[2023-03-04T13:40:40.952+0000] {logging_mixin.py:137} INFO - [2023-03-04T13:40:40.952+0000] {dag.py:3441} INFO - Setting next_dagrun for example_complex to None, run_after=None
[2023-03-04T13:40:40.977+0000] {processor.py:175} INFO - Processing /home/airflow/.local/lib/python3.7/site-packages/airflow/example_dags/example_complex.py took 0.156 seconds
[2023-03-04T14:00:04.913+0000] {processor.py:153} INFO - Started process (PID=5676) to work on /home/airflow/.local/lib/python3.7/site-packages/airflow/example_dags/example_complex.py
[2023-03-04T14:00:04.915+0000] {processor.py:743} INFO - Processing file /home/airflow/.local/lib/python3.7/site-packages/airflow/example_dags/example_complex.py for tasks to queue
[2023-03-04T14:00:04.916+0000] {logging_mixin.py:137} INFO - [2023-03-04T14:00:04.916+0000] {dagbag.py:538} INFO - Filling up the DagBag from /home/airflow/.local/lib/python3.7/site-packages/airflow/example_dags/example_complex.py
[2023-03-04T14:00:04.924+0000] {logging_mixin.py:137} INFO - [2023-03-04T14:00:04.924+0000] {taskmixin.py:205} WARNING - Dependency <Task(BashOperator): create_entry_group>, delete_entry_group already registered for DAG: example_complex
[2023-03-04T14:00:04.924+0000] {logging_mixin.py:137} INFO - [2023-03-04T14:00:04.924+0000] {taskmixin.py:205} WARNING - Dependency <Task(BashOperator): delete_entry_group>, create_entry_group already registered for DAG: example_complex
[2023-03-04T14:00:04.925+0000] {logging_mixin.py:137} INFO - [2023-03-04T14:00:04.925+0000] {taskmixin.py:205} WARNING - Dependency <Task(BashOperator): create_entry_gcs>, delete_entry already registered for DAG: example_complex
[2023-03-04T14:00:04.925+0000] {logging_mixin.py:137} INFO - [2023-03-04T14:00:04.925+0000] {taskmixin.py:205} WARNING - Dependency <Task(BashOperator): delete_entry>, create_entry_gcs already registered for DAG: example_complex
[2023-03-04T14:00:04.926+0000] {logging_mixin.py:137} INFO - [2023-03-04T14:00:04.926+0000] {taskmixin.py:205} WARNING - Dependency <Task(BashOperator): create_tag>, delete_tag already registered for DAG: example_complex
[2023-03-04T14:00:04.926+0000] {logging_mixin.py:137} INFO - [2023-03-04T14:00:04.926+0000] {taskmixin.py:205} WARNING - Dependency <Task(BashOperator): delete_tag>, create_tag already registered for DAG: example_complex
[2023-03-04T14:00:04.932+0000] {processor.py:753} INFO - DAG(s) dict_keys(['example_complex']) retrieved from /home/airflow/.local/lib/python3.7/site-packages/airflow/example_dags/example_complex.py
[2023-03-04T14:00:04.958+0000] {logging_mixin.py:137} INFO - [2023-03-04T14:00:04.958+0000] {dag.py:2690} INFO - Sync 1 DAGs
[2023-03-04T14:00:04.982+0000] {logging_mixin.py:137} INFO - [2023-03-04T14:00:04.981+0000] {dag.py:3441} INFO - Setting next_dagrun for example_complex to None, run_after=None
[2023-03-04T14:00:04.996+0000] {processor.py:175} INFO - Processing /home/airflow/.local/lib/python3.7/site-packages/airflow/example_dags/example_complex.py took 0.086 seconds
[2023-03-04T14:50:40.768+0000] {processor.py:153} INFO - Started process (PID=5739) to work on /home/airflow/.local/lib/python3.7/site-packages/airflow/example_dags/example_complex.py
[2023-03-04T14:50:40.771+0000] {processor.py:743} INFO - Processing file /home/airflow/.local/lib/python3.7/site-packages/airflow/example_dags/example_complex.py for tasks to queue
[2023-03-04T14:50:40.772+0000] {logging_mixin.py:137} INFO - [2023-03-04T14:50:40.772+0000] {dagbag.py:538} INFO - Filling up the DagBag from /home/airflow/.local/lib/python3.7/site-packages/airflow/example_dags/example_complex.py
[2023-03-04T14:50:40.791+0000] {logging_mixin.py:137} INFO - [2023-03-04T14:50:40.791+0000] {taskmixin.py:205} WARNING - Dependency <Task(BashOperator): create_entry_group>, delete_entry_group already registered for DAG: example_complex
[2023-03-04T14:50:40.793+0000] {logging_mixin.py:137} INFO - [2023-03-04T14:50:40.793+0000] {taskmixin.py:205} WARNING - Dependency <Task(BashOperator): delete_entry_group>, create_entry_group already registered for DAG: example_complex
[2023-03-04T14:50:40.797+0000] {logging_mixin.py:137} INFO - [2023-03-04T14:50:40.796+0000] {taskmixin.py:205} WARNING - Dependency <Task(BashOperator): create_entry_gcs>, delete_entry already registered for DAG: example_complex
[2023-03-04T14:50:40.798+0000] {logging_mixin.py:137} INFO - [2023-03-04T14:50:40.798+0000] {taskmixin.py:205} WARNING - Dependency <Task(BashOperator): delete_entry>, create_entry_gcs already registered for DAG: example_complex
[2023-03-04T14:50:40.799+0000] {logging_mixin.py:137} INFO - [2023-03-04T14:50:40.799+0000] {taskmixin.py:205} WARNING - Dependency <Task(BashOperator): create_tag>, delete_tag already registered for DAG: example_complex
[2023-03-04T14:50:40.799+0000] {logging_mixin.py:137} INFO - [2023-03-04T14:50:40.799+0000] {taskmixin.py:205} WARNING - Dependency <Task(BashOperator): delete_tag>, create_tag already registered for DAG: example_complex
[2023-03-04T14:50:40.806+0000] {processor.py:753} INFO - DAG(s) dict_keys(['example_complex']) retrieved from /home/airflow/.local/lib/python3.7/site-packages/airflow/example_dags/example_complex.py
[2023-03-04T14:50:40.857+0000] {logging_mixin.py:137} INFO - [2023-03-04T14:50:40.857+0000] {dag.py:2690} INFO - Sync 1 DAGs
[2023-03-04T14:50:40.890+0000] {logging_mixin.py:137} INFO - [2023-03-04T14:50:40.890+0000] {dag.py:3441} INFO - Setting next_dagrun for example_complex to None, run_after=None
[2023-03-04T14:50:40.909+0000] {processor.py:175} INFO - Processing /home/airflow/.local/lib/python3.7/site-packages/airflow/example_dags/example_complex.py took 0.145 seconds
[2023-03-04T15:19:44.705+0000] {processor.py:153} INFO - Started process (PID=5814) to work on /home/airflow/.local/lib/python3.7/site-packages/airflow/example_dags/example_complex.py
[2023-03-04T15:19:44.708+0000] {processor.py:743} INFO - Processing file /home/airflow/.local/lib/python3.7/site-packages/airflow/example_dags/example_complex.py for tasks to queue
[2023-03-04T15:19:44.709+0000] {logging_mixin.py:137} INFO - [2023-03-04T15:19:44.709+0000] {dagbag.py:538} INFO - Filling up the DagBag from /home/airflow/.local/lib/python3.7/site-packages/airflow/example_dags/example_complex.py
[2023-03-04T15:19:44.724+0000] {logging_mixin.py:137} INFO - [2023-03-04T15:19:44.723+0000] {taskmixin.py:205} WARNING - Dependency <Task(BashOperator): create_entry_group>, delete_entry_group already registered for DAG: example_complex
[2023-03-04T15:19:44.725+0000] {logging_mixin.py:137} INFO - [2023-03-04T15:19:44.725+0000] {taskmixin.py:205} WARNING - Dependency <Task(BashOperator): delete_entry_group>, create_entry_group already registered for DAG: example_complex
[2023-03-04T15:19:44.727+0000] {logging_mixin.py:137} INFO - [2023-03-04T15:19:44.727+0000] {taskmixin.py:205} WARNING - Dependency <Task(BashOperator): create_entry_gcs>, delete_entry already registered for DAG: example_complex
[2023-03-04T15:19:44.727+0000] {logging_mixin.py:137} INFO - [2023-03-04T15:19:44.727+0000] {taskmixin.py:205} WARNING - Dependency <Task(BashOperator): delete_entry>, create_entry_gcs already registered for DAG: example_complex
[2023-03-04T15:19:44.729+0000] {logging_mixin.py:137} INFO - [2023-03-04T15:19:44.729+0000] {taskmixin.py:205} WARNING - Dependency <Task(BashOperator): create_tag>, delete_tag already registered for DAG: example_complex
[2023-03-04T15:19:44.730+0000] {logging_mixin.py:137} INFO - [2023-03-04T15:19:44.729+0000] {taskmixin.py:205} WARNING - Dependency <Task(BashOperator): delete_tag>, create_tag already registered for DAG: example_complex
[2023-03-04T15:19:44.738+0000] {processor.py:753} INFO - DAG(s) dict_keys(['example_complex']) retrieved from /home/airflow/.local/lib/python3.7/site-packages/airflow/example_dags/example_complex.py
[2023-03-04T15:19:44.777+0000] {logging_mixin.py:137} INFO - [2023-03-04T15:19:44.777+0000] {dag.py:2690} INFO - Sync 1 DAGs
[2023-03-04T15:19:44.797+0000] {logging_mixin.py:137} INFO - [2023-03-04T15:19:44.797+0000] {dag.py:3441} INFO - Setting next_dagrun for example_complex to None, run_after=None
[2023-03-04T15:19:44.811+0000] {processor.py:175} INFO - Processing /home/airflow/.local/lib/python3.7/site-packages/airflow/example_dags/example_complex.py took 0.110 seconds
[2023-03-04T15:27:07.227+0000] {processor.py:153} INFO - Started process (PID=5885) to work on /home/airflow/.local/lib/python3.7/site-packages/airflow/example_dags/example_complex.py
[2023-03-04T15:27:07.245+0000] {processor.py:743} INFO - Processing file /home/airflow/.local/lib/python3.7/site-packages/airflow/example_dags/example_complex.py for tasks to queue
[2023-03-04T15:27:07.275+0000] {logging_mixin.py:137} INFO - [2023-03-04T15:27:07.266+0000] {dagbag.py:538} INFO - Filling up the DagBag from /home/airflow/.local/lib/python3.7/site-packages/airflow/example_dags/example_complex.py
[2023-03-04T15:27:07.565+0000] {logging_mixin.py:137} INFO - [2023-03-04T15:27:07.565+0000] {taskmixin.py:205} WARNING - Dependency <Task(BashOperator): create_entry_group>, delete_entry_group already registered for DAG: example_complex
[2023-03-04T15:27:07.588+0000] {logging_mixin.py:137} INFO - [2023-03-04T15:27:07.588+0000] {taskmixin.py:205} WARNING - Dependency <Task(BashOperator): delete_entry_group>, create_entry_group already registered for DAG: example_complex
[2023-03-04T15:27:07.602+0000] {logging_mixin.py:137} INFO - [2023-03-04T15:27:07.602+0000] {taskmixin.py:205} WARNING - Dependency <Task(BashOperator): create_entry_gcs>, delete_entry already registered for DAG: example_complex
[2023-03-04T15:27:07.605+0000] {logging_mixin.py:137} INFO - [2023-03-04T15:27:07.604+0000] {taskmixin.py:205} WARNING - Dependency <Task(BashOperator): delete_entry>, create_entry_gcs already registered for DAG: example_complex
[2023-03-04T15:27:07.607+0000] {logging_mixin.py:137} INFO - [2023-03-04T15:27:07.607+0000] {taskmixin.py:205} WARNING - Dependency <Task(BashOperator): create_tag>, delete_tag already registered for DAG: example_complex
[2023-03-04T15:27:07.608+0000] {logging_mixin.py:137} INFO - [2023-03-04T15:27:07.608+0000] {taskmixin.py:205} WARNING - Dependency <Task(BashOperator): delete_tag>, create_tag already registered for DAG: example_complex
[2023-03-04T15:27:07.731+0000] {processor.py:753} INFO - DAG(s) dict_keys(['example_complex']) retrieved from /home/airflow/.local/lib/python3.7/site-packages/airflow/example_dags/example_complex.py
[2023-03-04T15:27:07.883+0000] {logging_mixin.py:137} INFO - [2023-03-04T15:27:07.883+0000] {dag.py:2690} INFO - Sync 1 DAGs
[2023-03-04T15:27:08.003+0000] {logging_mixin.py:137} INFO - [2023-03-04T15:27:08.003+0000] {dag.py:3441} INFO - Setting next_dagrun for example_complex to None, run_after=None
[2023-03-04T15:27:08.084+0000] {processor.py:175} INFO - Processing /home/airflow/.local/lib/python3.7/site-packages/airflow/example_dags/example_complex.py took 0.945 seconds
[2023-03-04T16:21:42.530+0000] {processor.py:153} INFO - Started process (PID=5927) to work on /home/airflow/.local/lib/python3.7/site-packages/airflow/example_dags/example_complex.py
[2023-03-04T16:21:42.533+0000] {processor.py:743} INFO - Processing file /home/airflow/.local/lib/python3.7/site-packages/airflow/example_dags/example_complex.py for tasks to queue
[2023-03-04T16:21:42.536+0000] {logging_mixin.py:137} INFO - [2023-03-04T16:21:42.536+0000] {dagbag.py:538} INFO - Filling up the DagBag from /home/airflow/.local/lib/python3.7/site-packages/airflow/example_dags/example_complex.py
[2023-03-04T16:21:42.555+0000] {logging_mixin.py:137} INFO - [2023-03-04T16:21:42.554+0000] {taskmixin.py:205} WARNING - Dependency <Task(BashOperator): create_entry_group>, delete_entry_group already registered for DAG: example_complex
[2023-03-04T16:21:42.557+0000] {logging_mixin.py:137} INFO - [2023-03-04T16:21:42.557+0000] {taskmixin.py:205} WARNING - Dependency <Task(BashOperator): delete_entry_group>, create_entry_group already registered for DAG: example_complex
[2023-03-04T16:21:42.560+0000] {logging_mixin.py:137} INFO - [2023-03-04T16:21:42.560+0000] {taskmixin.py:205} WARNING - Dependency <Task(BashOperator): create_entry_gcs>, delete_entry already registered for DAG: example_complex
[2023-03-04T16:21:42.564+0000] {logging_mixin.py:137} INFO - [2023-03-04T16:21:42.563+0000] {taskmixin.py:205} WARNING - Dependency <Task(BashOperator): delete_entry>, create_entry_gcs already registered for DAG: example_complex
[2023-03-04T16:21:42.568+0000] {logging_mixin.py:137} INFO - [2023-03-04T16:21:42.567+0000] {taskmixin.py:205} WARNING - Dependency <Task(BashOperator): create_tag>, delete_tag already registered for DAG: example_complex
[2023-03-04T16:21:42.569+0000] {logging_mixin.py:137} INFO - [2023-03-04T16:21:42.569+0000] {taskmixin.py:205} WARNING - Dependency <Task(BashOperator): delete_tag>, create_tag already registered for DAG: example_complex
[2023-03-04T16:21:42.584+0000] {processor.py:753} INFO - DAG(s) dict_keys(['example_complex']) retrieved from /home/airflow/.local/lib/python3.7/site-packages/airflow/example_dags/example_complex.py
[2023-03-04T16:21:42.668+0000] {logging_mixin.py:137} INFO - [2023-03-04T16:21:42.668+0000] {dag.py:2690} INFO - Sync 1 DAGs
[2023-03-04T16:21:42.703+0000] {logging_mixin.py:137} INFO - [2023-03-04T16:21:42.703+0000] {dag.py:3441} INFO - Setting next_dagrun for example_complex to None, run_after=None
[2023-03-04T16:21:42.721+0000] {processor.py:175} INFO - Processing /home/airflow/.local/lib/python3.7/site-packages/airflow/example_dags/example_complex.py took 0.196 seconds
[2023-03-04T17:17:18.900+0000] {processor.py:153} INFO - Started process (PID=5985) to work on /home/airflow/.local/lib/python3.7/site-packages/airflow/example_dags/example_complex.py
[2023-03-04T17:17:18.902+0000] {processor.py:743} INFO - Processing file /home/airflow/.local/lib/python3.7/site-packages/airflow/example_dags/example_complex.py for tasks to queue
[2023-03-04T17:17:18.904+0000] {logging_mixin.py:137} INFO - [2023-03-04T17:17:18.903+0000] {dagbag.py:538} INFO - Filling up the DagBag from /home/airflow/.local/lib/python3.7/site-packages/airflow/example_dags/example_complex.py
[2023-03-04T17:17:18.917+0000] {logging_mixin.py:137} INFO - [2023-03-04T17:17:18.917+0000] {taskmixin.py:205} WARNING - Dependency <Task(BashOperator): create_entry_group>, delete_entry_group already registered for DAG: example_complex
[2023-03-04T17:17:18.918+0000] {logging_mixin.py:137} INFO - [2023-03-04T17:17:18.918+0000] {taskmixin.py:205} WARNING - Dependency <Task(BashOperator): delete_entry_group>, create_entry_group already registered for DAG: example_complex
[2023-03-04T17:17:18.919+0000] {logging_mixin.py:137} INFO - [2023-03-04T17:17:18.919+0000] {taskmixin.py:205} WARNING - Dependency <Task(BashOperator): create_entry_gcs>, delete_entry already registered for DAG: example_complex
[2023-03-04T17:17:18.920+0000] {logging_mixin.py:137} INFO - [2023-03-04T17:17:18.920+0000] {taskmixin.py:205} WARNING - Dependency <Task(BashOperator): delete_entry>, create_entry_gcs already registered for DAG: example_complex
[2023-03-04T17:17:18.921+0000] {logging_mixin.py:137} INFO - [2023-03-04T17:17:18.921+0000] {taskmixin.py:205} WARNING - Dependency <Task(BashOperator): create_tag>, delete_tag already registered for DAG: example_complex
[2023-03-04T17:17:18.922+0000] {logging_mixin.py:137} INFO - [2023-03-04T17:17:18.922+0000] {taskmixin.py:205} WARNING - Dependency <Task(BashOperator): delete_tag>, create_tag already registered for DAG: example_complex
[2023-03-04T17:17:18.931+0000] {processor.py:753} INFO - DAG(s) dict_keys(['example_complex']) retrieved from /home/airflow/.local/lib/python3.7/site-packages/airflow/example_dags/example_complex.py
[2023-03-04T17:17:18.977+0000] {logging_mixin.py:137} INFO - [2023-03-04T17:17:18.977+0000] {dag.py:2690} INFO - Sync 1 DAGs
[2023-03-04T17:17:19.012+0000] {logging_mixin.py:137} INFO - [2023-03-04T17:17:19.010+0000] {dag.py:3441} INFO - Setting next_dagrun for example_complex to None, run_after=None
[2023-03-04T17:17:19.051+0000] {processor.py:175} INFO - Processing /home/airflow/.local/lib/python3.7/site-packages/airflow/example_dags/example_complex.py took 0.157 seconds
[2023-03-04T18:30:32.167+0000] {processor.py:153} INFO - Started process (PID=6048) to work on /home/airflow/.local/lib/python3.7/site-packages/airflow/example_dags/example_complex.py
[2023-03-04T18:30:32.170+0000] {processor.py:743} INFO - Processing file /home/airflow/.local/lib/python3.7/site-packages/airflow/example_dags/example_complex.py for tasks to queue
[2023-03-04T18:30:32.171+0000] {logging_mixin.py:137} INFO - [2023-03-04T18:30:32.170+0000] {dagbag.py:538} INFO - Filling up the DagBag from /home/airflow/.local/lib/python3.7/site-packages/airflow/example_dags/example_complex.py
[2023-03-04T18:30:32.180+0000] {logging_mixin.py:137} INFO - [2023-03-04T18:30:32.180+0000] {taskmixin.py:205} WARNING - Dependency <Task(BashOperator): create_entry_group>, delete_entry_group already registered for DAG: example_complex
[2023-03-04T18:30:32.181+0000] {logging_mixin.py:137} INFO - [2023-03-04T18:30:32.181+0000] {taskmixin.py:205} WARNING - Dependency <Task(BashOperator): delete_entry_group>, create_entry_group already registered for DAG: example_complex
[2023-03-04T18:30:32.181+0000] {logging_mixin.py:137} INFO - [2023-03-04T18:30:32.181+0000] {taskmixin.py:205} WARNING - Dependency <Task(BashOperator): create_entry_gcs>, delete_entry already registered for DAG: example_complex
[2023-03-04T18:30:32.182+0000] {logging_mixin.py:137} INFO - [2023-03-04T18:30:32.182+0000] {taskmixin.py:205} WARNING - Dependency <Task(BashOperator): delete_entry>, create_entry_gcs already registered for DAG: example_complex
[2023-03-04T18:30:32.182+0000] {logging_mixin.py:137} INFO - [2023-03-04T18:30:32.182+0000] {taskmixin.py:205} WARNING - Dependency <Task(BashOperator): create_tag>, delete_tag already registered for DAG: example_complex
[2023-03-04T18:30:32.183+0000] {logging_mixin.py:137} INFO - [2023-03-04T18:30:32.183+0000] {taskmixin.py:205} WARNING - Dependency <Task(BashOperator): delete_tag>, create_tag already registered for DAG: example_complex
[2023-03-04T18:30:32.190+0000] {processor.py:753} INFO - DAG(s) dict_keys(['example_complex']) retrieved from /home/airflow/.local/lib/python3.7/site-packages/airflow/example_dags/example_complex.py
[2023-03-04T18:30:32.223+0000] {logging_mixin.py:137} INFO - [2023-03-04T18:30:32.223+0000] {dag.py:2690} INFO - Sync 1 DAGs
[2023-03-04T18:30:32.243+0000] {logging_mixin.py:137} INFO - [2023-03-04T18:30:32.243+0000] {dag.py:3441} INFO - Setting next_dagrun for example_complex to None, run_after=None
[2023-03-04T18:30:32.258+0000] {processor.py:175} INFO - Processing /home/airflow/.local/lib/python3.7/site-packages/airflow/example_dags/example_complex.py took 0.094 seconds
[2023-03-04T19:34:53.514+0000] {processor.py:153} INFO - Started process (PID=6124) to work on /home/airflow/.local/lib/python3.7/site-packages/airflow/example_dags/example_complex.py
[2023-03-04T19:34:53.519+0000] {processor.py:743} INFO - Processing file /home/airflow/.local/lib/python3.7/site-packages/airflow/example_dags/example_complex.py for tasks to queue
[2023-03-04T19:34:53.544+0000] {logging_mixin.py:137} INFO - [2023-03-04T19:34:53.544+0000] {dagbag.py:538} INFO - Filling up the DagBag from /home/airflow/.local/lib/python3.7/site-packages/airflow/example_dags/example_complex.py
[2023-03-04T19:34:53.588+0000] {logging_mixin.py:137} INFO - [2023-03-04T19:34:53.588+0000] {taskmixin.py:205} WARNING - Dependency <Task(BashOperator): create_entry_group>, delete_entry_group already registered for DAG: example_complex
[2023-03-04T19:34:53.591+0000] {logging_mixin.py:137} INFO - [2023-03-04T19:34:53.591+0000] {taskmixin.py:205} WARNING - Dependency <Task(BashOperator): delete_entry_group>, create_entry_group already registered for DAG: example_complex
[2023-03-04T19:34:53.594+0000] {logging_mixin.py:137} INFO - [2023-03-04T19:34:53.593+0000] {taskmixin.py:205} WARNING - Dependency <Task(BashOperator): create_entry_gcs>, delete_entry already registered for DAG: example_complex
[2023-03-04T19:34:53.595+0000] {logging_mixin.py:137} INFO - [2023-03-04T19:34:53.595+0000] {taskmixin.py:205} WARNING - Dependency <Task(BashOperator): delete_entry>, create_entry_gcs already registered for DAG: example_complex
[2023-03-04T19:34:53.599+0000] {logging_mixin.py:137} INFO - [2023-03-04T19:34:53.598+0000] {taskmixin.py:205} WARNING - Dependency <Task(BashOperator): create_tag>, delete_tag already registered for DAG: example_complex
[2023-03-04T19:34:53.601+0000] {logging_mixin.py:137} INFO - [2023-03-04T19:34:53.601+0000] {taskmixin.py:205} WARNING - Dependency <Task(BashOperator): delete_tag>, create_tag already registered for DAG: example_complex
[2023-03-04T19:34:53.634+0000] {processor.py:753} INFO - DAG(s) dict_keys(['example_complex']) retrieved from /home/airflow/.local/lib/python3.7/site-packages/airflow/example_dags/example_complex.py
[2023-03-04T19:34:53.874+0000] {logging_mixin.py:137} INFO - [2023-03-04T19:34:53.874+0000] {dag.py:2690} INFO - Sync 1 DAGs
[2023-03-04T19:34:53.971+0000] {logging_mixin.py:137} INFO - [2023-03-04T19:34:53.970+0000] {dag.py:3441} INFO - Setting next_dagrun for example_complex to None, run_after=None
[2023-03-04T19:34:54.019+0000] {processor.py:175} INFO - Processing /home/airflow/.local/lib/python3.7/site-packages/airflow/example_dags/example_complex.py took 0.531 seconds
[2023-03-04T20:25:43.348+0000] {processor.py:153} INFO - Started process (PID=6188) to work on /home/airflow/.local/lib/python3.7/site-packages/airflow/example_dags/example_complex.py
[2023-03-04T20:25:43.350+0000] {processor.py:743} INFO - Processing file /home/airflow/.local/lib/python3.7/site-packages/airflow/example_dags/example_complex.py for tasks to queue
[2023-03-04T20:25:43.351+0000] {logging_mixin.py:137} INFO - [2023-03-04T20:25:43.351+0000] {dagbag.py:538} INFO - Filling up the DagBag from /home/airflow/.local/lib/python3.7/site-packages/airflow/example_dags/example_complex.py
[2023-03-04T20:25:43.363+0000] {logging_mixin.py:137} INFO - [2023-03-04T20:25:43.362+0000] {taskmixin.py:205} WARNING - Dependency <Task(BashOperator): create_entry_group>, delete_entry_group already registered for DAG: example_complex
[2023-03-04T20:25:43.363+0000] {logging_mixin.py:137} INFO - [2023-03-04T20:25:43.363+0000] {taskmixin.py:205} WARNING - Dependency <Task(BashOperator): delete_entry_group>, create_entry_group already registered for DAG: example_complex
[2023-03-04T20:25:43.364+0000] {logging_mixin.py:137} INFO - [2023-03-04T20:25:43.364+0000] {taskmixin.py:205} WARNING - Dependency <Task(BashOperator): create_entry_gcs>, delete_entry already registered for DAG: example_complex
[2023-03-04T20:25:43.366+0000] {logging_mixin.py:137} INFO - [2023-03-04T20:25:43.366+0000] {taskmixin.py:205} WARNING - Dependency <Task(BashOperator): delete_entry>, create_entry_gcs already registered for DAG: example_complex
[2023-03-04T20:25:43.367+0000] {logging_mixin.py:137} INFO - [2023-03-04T20:25:43.367+0000] {taskmixin.py:205} WARNING - Dependency <Task(BashOperator): create_tag>, delete_tag already registered for DAG: example_complex
[2023-03-04T20:25:43.368+0000] {logging_mixin.py:137} INFO - [2023-03-04T20:25:43.368+0000] {taskmixin.py:205} WARNING - Dependency <Task(BashOperator): delete_tag>, create_tag already registered for DAG: example_complex
[2023-03-04T20:25:43.374+0000] {processor.py:753} INFO - DAG(s) dict_keys(['example_complex']) retrieved from /home/airflow/.local/lib/python3.7/site-packages/airflow/example_dags/example_complex.py
[2023-03-04T20:25:43.424+0000] {logging_mixin.py:137} INFO - [2023-03-04T20:25:43.424+0000] {dag.py:2690} INFO - Sync 1 DAGs
[2023-03-04T20:25:43.457+0000] {logging_mixin.py:137} INFO - [2023-03-04T20:25:43.457+0000] {dag.py:3441} INFO - Setting next_dagrun for example_complex to None, run_after=None
[2023-03-04T20:25:43.484+0000] {processor.py:175} INFO - Processing /home/airflow/.local/lib/python3.7/site-packages/airflow/example_dags/example_complex.py took 0.140 seconds
[2023-03-04T21:17:47.899+0000] {processor.py:153} INFO - Started process (PID=6251) to work on /home/airflow/.local/lib/python3.7/site-packages/airflow/example_dags/example_complex.py
[2023-03-04T21:17:47.900+0000] {processor.py:743} INFO - Processing file /home/airflow/.local/lib/python3.7/site-packages/airflow/example_dags/example_complex.py for tasks to queue
[2023-03-04T21:17:47.901+0000] {logging_mixin.py:137} INFO - [2023-03-04T21:17:47.901+0000] {dagbag.py:538} INFO - Filling up the DagBag from /home/airflow/.local/lib/python3.7/site-packages/airflow/example_dags/example_complex.py
[2023-03-04T21:17:47.909+0000] {logging_mixin.py:137} INFO - [2023-03-04T21:17:47.909+0000] {taskmixin.py:205} WARNING - Dependency <Task(BashOperator): create_entry_group>, delete_entry_group already registered for DAG: example_complex
[2023-03-04T21:17:47.910+0000] {logging_mixin.py:137} INFO - [2023-03-04T21:17:47.910+0000] {taskmixin.py:205} WARNING - Dependency <Task(BashOperator): delete_entry_group>, create_entry_group already registered for DAG: example_complex
[2023-03-04T21:17:47.910+0000] {logging_mixin.py:137} INFO - [2023-03-04T21:17:47.910+0000] {taskmixin.py:205} WARNING - Dependency <Task(BashOperator): create_entry_gcs>, delete_entry already registered for DAG: example_complex
[2023-03-04T21:17:47.911+0000] {logging_mixin.py:137} INFO - [2023-03-04T21:17:47.911+0000] {taskmixin.py:205} WARNING - Dependency <Task(BashOperator): delete_entry>, create_entry_gcs already registered for DAG: example_complex
[2023-03-04T21:17:47.911+0000] {logging_mixin.py:137} INFO - [2023-03-04T21:17:47.911+0000] {taskmixin.py:205} WARNING - Dependency <Task(BashOperator): create_tag>, delete_tag already registered for DAG: example_complex
[2023-03-04T21:17:47.912+0000] {logging_mixin.py:137} INFO - [2023-03-04T21:17:47.912+0000] {taskmixin.py:205} WARNING - Dependency <Task(BashOperator): delete_tag>, create_tag already registered for DAG: example_complex
[2023-03-04T21:17:47.917+0000] {processor.py:753} INFO - DAG(s) dict_keys(['example_complex']) retrieved from /home/airflow/.local/lib/python3.7/site-packages/airflow/example_dags/example_complex.py
[2023-03-04T21:17:47.950+0000] {logging_mixin.py:137} INFO - [2023-03-04T21:17:47.950+0000] {dag.py:2690} INFO - Sync 1 DAGs
[2023-03-04T21:17:47.971+0000] {logging_mixin.py:137} INFO - [2023-03-04T21:17:47.971+0000] {dag.py:3441} INFO - Setting next_dagrun for example_complex to None, run_after=None
[2023-03-04T21:17:47.983+0000] {processor.py:175} INFO - Processing /home/airflow/.local/lib/python3.7/site-packages/airflow/example_dags/example_complex.py took 0.088 seconds
[2023-03-04T22:18:16.017+0000] {processor.py:153} INFO - Started process (PID=6315) to work on /home/airflow/.local/lib/python3.7/site-packages/airflow/example_dags/example_complex.py
[2023-03-04T22:18:16.022+0000] {processor.py:743} INFO - Processing file /home/airflow/.local/lib/python3.7/site-packages/airflow/example_dags/example_complex.py for tasks to queue
[2023-03-04T22:18:16.023+0000] {logging_mixin.py:137} INFO - [2023-03-04T22:18:16.023+0000] {dagbag.py:538} INFO - Filling up the DagBag from /home/airflow/.local/lib/python3.7/site-packages/airflow/example_dags/example_complex.py
[2023-03-04T22:18:16.034+0000] {logging_mixin.py:137} INFO - [2023-03-04T22:18:16.034+0000] {taskmixin.py:205} WARNING - Dependency <Task(BashOperator): create_entry_group>, delete_entry_group already registered for DAG: example_complex
[2023-03-04T22:18:16.035+0000] {logging_mixin.py:137} INFO - [2023-03-04T22:18:16.035+0000] {taskmixin.py:205} WARNING - Dependency <Task(BashOperator): delete_entry_group>, create_entry_group already registered for DAG: example_complex
[2023-03-04T22:18:16.036+0000] {logging_mixin.py:137} INFO - [2023-03-04T22:18:16.036+0000] {taskmixin.py:205} WARNING - Dependency <Task(BashOperator): create_entry_gcs>, delete_entry already registered for DAG: example_complex
[2023-03-04T22:18:16.037+0000] {logging_mixin.py:137} INFO - [2023-03-04T22:18:16.037+0000] {taskmixin.py:205} WARNING - Dependency <Task(BashOperator): delete_entry>, create_entry_gcs already registered for DAG: example_complex
[2023-03-04T22:18:16.038+0000] {logging_mixin.py:137} INFO - [2023-03-04T22:18:16.038+0000] {taskmixin.py:205} WARNING - Dependency <Task(BashOperator): create_tag>, delete_tag already registered for DAG: example_complex
[2023-03-04T22:18:16.039+0000] {logging_mixin.py:137} INFO - [2023-03-04T22:18:16.039+0000] {taskmixin.py:205} WARNING - Dependency <Task(BashOperator): delete_tag>, create_tag already registered for DAG: example_complex
[2023-03-04T22:18:16.052+0000] {processor.py:753} INFO - DAG(s) dict_keys(['example_complex']) retrieved from /home/airflow/.local/lib/python3.7/site-packages/airflow/example_dags/example_complex.py
[2023-03-04T22:18:16.098+0000] {logging_mixin.py:137} INFO - [2023-03-04T22:18:16.097+0000] {dag.py:2690} INFO - Sync 1 DAGs
[2023-03-04T22:18:16.126+0000] {logging_mixin.py:137} INFO - [2023-03-04T22:18:16.126+0000] {dag.py:3441} INFO - Setting next_dagrun for example_complex to None, run_after=None
[2023-03-04T22:18:16.142+0000] {processor.py:175} INFO - Processing /home/airflow/.local/lib/python3.7/site-packages/airflow/example_dags/example_complex.py took 0.132 seconds
[2023-03-04T23:42:21.644+0000] {processor.py:153} INFO - Started process (PID=6378) to work on /home/airflow/.local/lib/python3.7/site-packages/airflow/example_dags/example_complex.py
[2023-03-04T23:42:21.645+0000] {processor.py:743} INFO - Processing file /home/airflow/.local/lib/python3.7/site-packages/airflow/example_dags/example_complex.py for tasks to queue
[2023-03-04T23:42:21.646+0000] {logging_mixin.py:137} INFO - [2023-03-04T23:42:21.646+0000] {dagbag.py:538} INFO - Filling up the DagBag from /home/airflow/.local/lib/python3.7/site-packages/airflow/example_dags/example_complex.py
[2023-03-04T23:42:21.653+0000] {logging_mixin.py:137} INFO - [2023-03-04T23:42:21.653+0000] {taskmixin.py:205} WARNING - Dependency <Task(BashOperator): create_entry_group>, delete_entry_group already registered for DAG: example_complex
[2023-03-04T23:42:21.654+0000] {logging_mixin.py:137} INFO - [2023-03-04T23:42:21.654+0000] {taskmixin.py:205} WARNING - Dependency <Task(BashOperator): delete_entry_group>, create_entry_group already registered for DAG: example_complex
[2023-03-04T23:42:21.654+0000] {logging_mixin.py:137} INFO - [2023-03-04T23:42:21.654+0000] {taskmixin.py:205} WARNING - Dependency <Task(BashOperator): create_entry_gcs>, delete_entry already registered for DAG: example_complex
[2023-03-04T23:42:21.655+0000] {logging_mixin.py:137} INFO - [2023-03-04T23:42:21.655+0000] {taskmixin.py:205} WARNING - Dependency <Task(BashOperator): delete_entry>, create_entry_gcs already registered for DAG: example_complex
[2023-03-04T23:42:21.655+0000] {logging_mixin.py:137} INFO - [2023-03-04T23:42:21.655+0000] {taskmixin.py:205} WARNING - Dependency <Task(BashOperator): create_tag>, delete_tag already registered for DAG: example_complex
[2023-03-04T23:42:21.656+0000] {logging_mixin.py:137} INFO - [2023-03-04T23:42:21.656+0000] {taskmixin.py:205} WARNING - Dependency <Task(BashOperator): delete_tag>, create_tag already registered for DAG: example_complex
[2023-03-04T23:42:21.663+0000] {processor.py:753} INFO - DAG(s) dict_keys(['example_complex']) retrieved from /home/airflow/.local/lib/python3.7/site-packages/airflow/example_dags/example_complex.py
[2023-03-04T23:42:21.694+0000] {logging_mixin.py:137} INFO - [2023-03-04T23:42:21.694+0000] {dag.py:2690} INFO - Sync 1 DAGs
[2023-03-04T23:42:21.714+0000] {logging_mixin.py:137} INFO - [2023-03-04T23:42:21.714+0000] {dag.py:3441} INFO - Setting next_dagrun for example_complex to None, run_after=None
[2023-03-04T23:42:21.730+0000] {processor.py:175} INFO - Processing /home/airflow/.local/lib/python3.7/site-packages/airflow/example_dags/example_complex.py took 0.089 seconds
