[2023-03-04T00:47:27.218+0000] {processor.py:153} INFO - Started process (PID=4562) to work on /home/airflow/.local/lib/python3.7/site-packages/airflow/example_dags/example_branch_operator_decorator.py
[2023-03-04T00:47:27.269+0000] {processor.py:743} INFO - Processing file /home/airflow/.local/lib/python3.7/site-packages/airflow/example_dags/example_branch_operator_decorator.py for tasks to queue
[2023-03-04T00:47:27.280+0000] {logging_mixin.py:137} INFO - [2023-03-04T00:47:27.279+0000] {dagbag.py:538} INFO - Filling up the DagBag from /home/airflow/.local/lib/python3.7/site-packages/airflow/example_dags/example_branch_operator_decorator.py
[2023-03-04T00:47:30.584+0000] {processor.py:753} INFO - DAG(s) dict_keys(['example_branch_python_operator_decorator']) retrieved from /home/airflow/.local/lib/python3.7/site-packages/airflow/example_dags/example_branch_operator_decorator.py
[2023-03-04T06:10:39.007+0000] {processor.py:153} INFO - Started process (PID=4687) to work on /home/airflow/.local/lib/python3.7/site-packages/airflow/example_dags/example_branch_operator_decorator.py
[2023-03-04T06:10:39.018+0000] {processor.py:743} INFO - Processing file /home/airflow/.local/lib/python3.7/site-packages/airflow/example_dags/example_branch_operator_decorator.py for tasks to queue
[2023-03-04T06:10:39.040+0000] {logging_mixin.py:137} INFO - [2023-03-04T06:10:39.040+0000] {dagbag.py:538} INFO - Filling up the DagBag from /home/airflow/.local/lib/python3.7/site-packages/airflow/example_dags/example_branch_operator_decorator.py
[2023-03-04T06:10:42.270+0000] {processor.py:753} INFO - DAG(s) dict_keys(['example_branch_python_operator_decorator']) retrieved from /home/airflow/.local/lib/python3.7/site-packages/airflow/example_dags/example_branch_operator_decorator.py
[2023-03-04T06:10:43.640+0000] {logging_mixin.py:137} INFO - [2023-03-04T06:10:43.603+0000] {dag.py:2690} INFO - Sync 1 DAGs
[2023-03-04T06:10:43.992+0000] {logging_mixin.py:137} INFO - [2023-03-04T06:10:43.992+0000] {dag.py:3441} INFO - Setting next_dagrun for example_branch_python_operator_decorator to 2023-03-03T00:00:00+00:00, run_after=2023-03-04T00:00:00+00:00
[2023-03-04T06:10:44.270+0000] {processor.py:175} INFO - Processing /home/airflow/.local/lib/python3.7/site-packages/airflow/example_dags/example_branch_operator_decorator.py took 5.406 seconds
[2023-03-04T07:05:52.935+0000] {processor.py:153} INFO - Started process (PID=4755) to work on /home/airflow/.local/lib/python3.7/site-packages/airflow/example_dags/example_branch_operator_decorator.py
[2023-03-04T07:05:52.937+0000] {processor.py:743} INFO - Processing file /home/airflow/.local/lib/python3.7/site-packages/airflow/example_dags/example_branch_operator_decorator.py for tasks to queue
[2023-03-04T07:05:52.938+0000] {logging_mixin.py:137} INFO - [2023-03-04T07:05:52.938+0000] {dagbag.py:538} INFO - Filling up the DagBag from /home/airflow/.local/lib/python3.7/site-packages/airflow/example_dags/example_branch_operator_decorator.py
[2023-03-04T07:05:52.963+0000] {processor.py:753} INFO - DAG(s) dict_keys(['example_branch_python_operator_decorator']) retrieved from /home/airflow/.local/lib/python3.7/site-packages/airflow/example_dags/example_branch_operator_decorator.py
[2023-03-04T07:05:53.001+0000] {logging_mixin.py:137} INFO - [2023-03-04T07:05:53.001+0000] {dag.py:2690} INFO - Sync 1 DAGs
[2023-03-04T07:05:53.034+0000] {logging_mixin.py:137} INFO - [2023-03-04T07:05:53.034+0000] {dag.py:3441} INFO - Setting next_dagrun for example_branch_python_operator_decorator to 2023-03-03T00:00:00+00:00, run_after=2023-03-04T00:00:00+00:00
[2023-03-04T07:05:53.070+0000] {processor.py:175} INFO - Processing /home/airflow/.local/lib/python3.7/site-packages/airflow/example_dags/example_branch_operator_decorator.py took 0.139 seconds
[2023-03-04T07:37:53.361+0000] {processor.py:153} INFO - Started process (PID=4821) to work on /home/airflow/.local/lib/python3.7/site-packages/airflow/example_dags/example_branch_operator_decorator.py
[2023-03-04T07:37:53.362+0000] {processor.py:743} INFO - Processing file /home/airflow/.local/lib/python3.7/site-packages/airflow/example_dags/example_branch_operator_decorator.py for tasks to queue
[2023-03-04T07:37:53.364+0000] {logging_mixin.py:137} INFO - [2023-03-04T07:37:53.364+0000] {dagbag.py:538} INFO - Filling up the DagBag from /home/airflow/.local/lib/python3.7/site-packages/airflow/example_dags/example_branch_operator_decorator.py
[2023-03-04T07:37:53.384+0000] {processor.py:753} INFO - DAG(s) dict_keys(['example_branch_python_operator_decorator']) retrieved from /home/airflow/.local/lib/python3.7/site-packages/airflow/example_dags/example_branch_operator_decorator.py
[2023-03-04T07:37:53.406+0000] {logging_mixin.py:137} INFO - [2023-03-04T07:37:53.406+0000] {dag.py:2690} INFO - Sync 1 DAGs
[2023-03-04T07:37:53.430+0000] {logging_mixin.py:137} INFO - [2023-03-04T07:37:53.430+0000] {dag.py:3441} INFO - Setting next_dagrun for example_branch_python_operator_decorator to 2023-03-03T00:00:00+00:00, run_after=2023-03-04T00:00:00+00:00
[2023-03-04T07:37:53.454+0000] {processor.py:175} INFO - Processing /home/airflow/.local/lib/python3.7/site-packages/airflow/example_dags/example_branch_operator_decorator.py took 0.097 seconds
[2023-03-04T07:43:51.767+0000] {processor.py:153} INFO - Started process (PID=4884) to work on /home/airflow/.local/lib/python3.7/site-packages/airflow/example_dags/example_branch_operator_decorator.py
[2023-03-04T07:43:51.769+0000] {processor.py:743} INFO - Processing file /home/airflow/.local/lib/python3.7/site-packages/airflow/example_dags/example_branch_operator_decorator.py for tasks to queue
[2023-03-04T07:43:51.772+0000] {logging_mixin.py:137} INFO - [2023-03-04T07:43:51.772+0000] {dagbag.py:538} INFO - Filling up the DagBag from /home/airflow/.local/lib/python3.7/site-packages/airflow/example_dags/example_branch_operator_decorator.py
[2023-03-04T07:43:51.807+0000] {processor.py:753} INFO - DAG(s) dict_keys(['example_branch_python_operator_decorator']) retrieved from /home/airflow/.local/lib/python3.7/site-packages/airflow/example_dags/example_branch_operator_decorator.py
[2023-03-04T07:43:51.862+0000] {logging_mixin.py:137} INFO - [2023-03-04T07:43:51.862+0000] {dag.py:2690} INFO - Sync 1 DAGs
[2023-03-04T07:43:51.898+0000] {logging_mixin.py:137} INFO - [2023-03-04T07:43:51.897+0000] {dag.py:3441} INFO - Setting next_dagrun for example_branch_python_operator_decorator to 2023-03-03T00:00:00+00:00, run_after=2023-03-04T00:00:00+00:00
[2023-03-04T07:43:51.914+0000] {processor.py:175} INFO - Processing /home/airflow/.local/lib/python3.7/site-packages/airflow/example_dags/example_branch_operator_decorator.py took 0.151 seconds
[2023-03-04T09:08:11.499+0000] {processor.py:153} INFO - Started process (PID=4959) to work on /home/airflow/.local/lib/python3.7/site-packages/airflow/example_dags/example_branch_operator_decorator.py
[2023-03-04T09:08:11.503+0000] {processor.py:743} INFO - Processing file /home/airflow/.local/lib/python3.7/site-packages/airflow/example_dags/example_branch_operator_decorator.py for tasks to queue
[2023-03-04T09:08:11.507+0000] {logging_mixin.py:137} INFO - [2023-03-04T09:08:11.507+0000] {dagbag.py:538} INFO - Filling up the DagBag from /home/airflow/.local/lib/python3.7/site-packages/airflow/example_dags/example_branch_operator_decorator.py
[2023-03-04T09:08:11.579+0000] {processor.py:753} INFO - DAG(s) dict_keys(['example_branch_python_operator_decorator']) retrieved from /home/airflow/.local/lib/python3.7/site-packages/airflow/example_dags/example_branch_operator_decorator.py
[2023-03-04T09:08:11.660+0000] {logging_mixin.py:137} INFO - [2023-03-04T09:08:11.660+0000] {dag.py:2690} INFO - Sync 1 DAGs
[2023-03-04T09:08:11.724+0000] {logging_mixin.py:137} INFO - [2023-03-04T09:08:11.724+0000] {dag.py:3441} INFO - Setting next_dagrun for example_branch_python_operator_decorator to 2023-03-03T00:00:00+00:00, run_after=2023-03-04T00:00:00+00:00
[2023-03-04T09:08:11.782+0000] {processor.py:175} INFO - Processing /home/airflow/.local/lib/python3.7/site-packages/airflow/example_dags/example_branch_operator_decorator.py took 0.287 seconds
[2023-03-04T10:01:48.336+0000] {processor.py:153} INFO - Started process (PID=5022) to work on /home/airflow/.local/lib/python3.7/site-packages/airflow/example_dags/example_branch_operator_decorator.py
[2023-03-04T10:01:48.340+0000] {processor.py:743} INFO - Processing file /home/airflow/.local/lib/python3.7/site-packages/airflow/example_dags/example_branch_operator_decorator.py for tasks to queue
[2023-03-04T10:01:48.343+0000] {logging_mixin.py:137} INFO - [2023-03-04T10:01:48.343+0000] {dagbag.py:538} INFO - Filling up the DagBag from /home/airflow/.local/lib/python3.7/site-packages/airflow/example_dags/example_branch_operator_decorator.py
[2023-03-04T10:01:48.403+0000] {processor.py:753} INFO - DAG(s) dict_keys(['example_branch_python_operator_decorator']) retrieved from /home/airflow/.local/lib/python3.7/site-packages/airflow/example_dags/example_branch_operator_decorator.py
[2023-03-04T10:01:48.479+0000] {logging_mixin.py:137} INFO - [2023-03-04T10:01:48.479+0000] {dag.py:2690} INFO - Sync 1 DAGs
[2023-03-04T10:01:48.523+0000] {logging_mixin.py:137} INFO - [2023-03-04T10:01:48.522+0000] {dag.py:3441} INFO - Setting next_dagrun for example_branch_python_operator_decorator to 2023-03-03T00:00:00+00:00, run_after=2023-03-04T00:00:00+00:00
[2023-03-04T10:01:48.539+0000] {processor.py:175} INFO - Processing /home/airflow/.local/lib/python3.7/site-packages/airflow/example_dags/example_branch_operator_decorator.py took 0.211 seconds
[2023-03-04T10:51:21.148+0000] {processor.py:153} INFO - Started process (PID=5073) to work on /home/airflow/.local/lib/python3.7/site-packages/airflow/example_dags/example_branch_operator_decorator.py
[2023-03-04T10:51:21.150+0000] {processor.py:743} INFO - Processing file /home/airflow/.local/lib/python3.7/site-packages/airflow/example_dags/example_branch_operator_decorator.py for tasks to queue
[2023-03-04T10:51:21.151+0000] {logging_mixin.py:137} INFO - [2023-03-04T10:51:21.151+0000] {dagbag.py:538} INFO - Filling up the DagBag from /home/airflow/.local/lib/python3.7/site-packages/airflow/example_dags/example_branch_operator_decorator.py
[2023-03-04T10:51:21.180+0000] {processor.py:753} INFO - DAG(s) dict_keys(['example_branch_python_operator_decorator']) retrieved from /home/airflow/.local/lib/python3.7/site-packages/airflow/example_dags/example_branch_operator_decorator.py
[2023-03-04T10:51:21.228+0000] {logging_mixin.py:137} INFO - [2023-03-04T10:51:21.228+0000] {dag.py:2690} INFO - Sync 1 DAGs
[2023-03-04T10:51:21.284+0000] {logging_mixin.py:137} INFO - [2023-03-04T10:51:21.283+0000] {dag.py:3441} INFO - Setting next_dagrun for example_branch_python_operator_decorator to 2023-03-03T00:00:00+00:00, run_after=2023-03-04T00:00:00+00:00
[2023-03-04T10:51:21.330+0000] {processor.py:175} INFO - Processing /home/airflow/.local/lib/python3.7/site-packages/airflow/example_dags/example_branch_operator_decorator.py took 0.186 seconds
[2023-03-04T11:12:01.170+0000] {processor.py:153} INFO - Started process (PID=5147) to work on /home/airflow/.local/lib/python3.7/site-packages/airflow/example_dags/example_branch_operator_decorator.py
[2023-03-04T11:12:01.173+0000] {processor.py:743} INFO - Processing file /home/airflow/.local/lib/python3.7/site-packages/airflow/example_dags/example_branch_operator_decorator.py for tasks to queue
[2023-03-04T11:12:01.174+0000] {logging_mixin.py:137} INFO - [2023-03-04T11:12:01.174+0000] {dagbag.py:538} INFO - Filling up the DagBag from /home/airflow/.local/lib/python3.7/site-packages/airflow/example_dags/example_branch_operator_decorator.py
[2023-03-04T11:12:01.211+0000] {processor.py:753} INFO - DAG(s) dict_keys(['example_branch_python_operator_decorator']) retrieved from /home/airflow/.local/lib/python3.7/site-packages/airflow/example_dags/example_branch_operator_decorator.py
[2023-03-04T11:12:01.242+0000] {logging_mixin.py:137} INFO - [2023-03-04T11:12:01.241+0000] {dag.py:2690} INFO - Sync 1 DAGs
[2023-03-04T11:12:01.285+0000] {logging_mixin.py:137} INFO - [2023-03-04T11:12:01.284+0000] {dag.py:3441} INFO - Setting next_dagrun for example_branch_python_operator_decorator to 2023-03-03T00:00:00+00:00, run_after=2023-03-04T00:00:00+00:00
[2023-03-04T11:12:01.318+0000] {processor.py:175} INFO - Processing /home/airflow/.local/lib/python3.7/site-packages/airflow/example_dags/example_branch_operator_decorator.py took 0.153 seconds
[2023-03-04T11:21:27.703+0000] {processor.py:153} INFO - Started process (PID=5210) to work on /home/airflow/.local/lib/python3.7/site-packages/airflow/example_dags/example_branch_operator_decorator.py
[2023-03-04T11:21:27.704+0000] {processor.py:743} INFO - Processing file /home/airflow/.local/lib/python3.7/site-packages/airflow/example_dags/example_branch_operator_decorator.py for tasks to queue
[2023-03-04T11:21:27.705+0000] {logging_mixin.py:137} INFO - [2023-03-04T11:21:27.705+0000] {dagbag.py:538} INFO - Filling up the DagBag from /home/airflow/.local/lib/python3.7/site-packages/airflow/example_dags/example_branch_operator_decorator.py
[2023-03-04T11:21:27.724+0000] {processor.py:753} INFO - DAG(s) dict_keys(['example_branch_python_operator_decorator']) retrieved from /home/airflow/.local/lib/python3.7/site-packages/airflow/example_dags/example_branch_operator_decorator.py
[2023-03-04T11:21:27.746+0000] {logging_mixin.py:137} INFO - [2023-03-04T11:21:27.746+0000] {dag.py:2690} INFO - Sync 1 DAGs
[2023-03-04T11:21:27.774+0000] {logging_mixin.py:137} INFO - [2023-03-04T11:21:27.774+0000] {dag.py:3441} INFO - Setting next_dagrun for example_branch_python_operator_decorator to 2023-03-03T00:00:00+00:00, run_after=2023-03-04T00:00:00+00:00
[2023-03-04T11:21:27.793+0000] {processor.py:175} INFO - Processing /home/airflow/.local/lib/python3.7/site-packages/airflow/example_dags/example_branch_operator_decorator.py took 0.093 seconds
[2023-03-04T11:56:43.288+0000] {processor.py:153} INFO - Started process (PID=5274) to work on /home/airflow/.local/lib/python3.7/site-packages/airflow/example_dags/example_branch_operator_decorator.py
[2023-03-04T11:56:43.290+0000] {processor.py:743} INFO - Processing file /home/airflow/.local/lib/python3.7/site-packages/airflow/example_dags/example_branch_operator_decorator.py for tasks to queue
[2023-03-04T11:56:43.290+0000] {logging_mixin.py:137} INFO - [2023-03-04T11:56:43.290+0000] {dagbag.py:538} INFO - Filling up the DagBag from /home/airflow/.local/lib/python3.7/site-packages/airflow/example_dags/example_branch_operator_decorator.py
[2023-03-04T11:56:43.310+0000] {processor.py:753} INFO - DAG(s) dict_keys(['example_branch_python_operator_decorator']) retrieved from /home/airflow/.local/lib/python3.7/site-packages/airflow/example_dags/example_branch_operator_decorator.py
[2023-03-04T11:56:43.331+0000] {logging_mixin.py:137} INFO - [2023-03-04T11:56:43.330+0000] {dag.py:2690} INFO - Sync 1 DAGs
[2023-03-04T11:56:43.353+0000] {logging_mixin.py:137} INFO - [2023-03-04T11:56:43.353+0000] {dag.py:3441} INFO - Setting next_dagrun for example_branch_python_operator_decorator to 2023-03-03T00:00:00+00:00, run_after=2023-03-04T00:00:00+00:00
[2023-03-04T11:56:43.367+0000] {processor.py:175} INFO - Processing /home/airflow/.local/lib/python3.7/site-packages/airflow/example_dags/example_branch_operator_decorator.py took 0.082 seconds
[2023-03-04T12:36:21.512+0000] {processor.py:153} INFO - Started process (PID=5349) to work on /home/airflow/.local/lib/python3.7/site-packages/airflow/example_dags/example_branch_operator_decorator.py
[2023-03-04T12:36:21.539+0000] {processor.py:743} INFO - Processing file /home/airflow/.local/lib/python3.7/site-packages/airflow/example_dags/example_branch_operator_decorator.py for tasks to queue
[2023-03-04T12:36:21.544+0000] {logging_mixin.py:137} INFO - [2023-03-04T12:36:21.544+0000] {dagbag.py:538} INFO - Filling up the DagBag from /home/airflow/.local/lib/python3.7/site-packages/airflow/example_dags/example_branch_operator_decorator.py
[2023-03-04T12:36:21.795+0000] {processor.py:753} INFO - DAG(s) dict_keys(['example_branch_python_operator_decorator']) retrieved from /home/airflow/.local/lib/python3.7/site-packages/airflow/example_dags/example_branch_operator_decorator.py
[2023-03-04T12:36:21.923+0000] {logging_mixin.py:137} INFO - [2023-03-04T12:36:21.923+0000] {dag.py:2690} INFO - Sync 1 DAGs
[2023-03-04T12:36:21.974+0000] {logging_mixin.py:137} INFO - [2023-03-04T12:36:21.974+0000] {dag.py:3441} INFO - Setting next_dagrun for example_branch_python_operator_decorator to 2023-03-03T00:00:00+00:00, run_after=2023-03-04T00:00:00+00:00
[2023-03-04T12:36:22.048+0000] {processor.py:175} INFO - Processing /home/airflow/.local/lib/python3.7/site-packages/airflow/example_dags/example_branch_operator_decorator.py took 0.565 seconds
[2023-03-04T12:50:14.268+0000] {processor.py:153} INFO - Started process (PID=5400) to work on /home/airflow/.local/lib/python3.7/site-packages/airflow/example_dags/example_branch_operator_decorator.py
[2023-03-04T12:50:14.269+0000] {processor.py:743} INFO - Processing file /home/airflow/.local/lib/python3.7/site-packages/airflow/example_dags/example_branch_operator_decorator.py for tasks to queue
[2023-03-04T12:50:14.271+0000] {logging_mixin.py:137} INFO - [2023-03-04T12:50:14.271+0000] {dagbag.py:538} INFO - Filling up the DagBag from /home/airflow/.local/lib/python3.7/site-packages/airflow/example_dags/example_branch_operator_decorator.py
[2023-03-04T12:50:14.300+0000] {processor.py:753} INFO - DAG(s) dict_keys(['example_branch_python_operator_decorator']) retrieved from /home/airflow/.local/lib/python3.7/site-packages/airflow/example_dags/example_branch_operator_decorator.py
[2023-03-04T12:50:14.333+0000] {logging_mixin.py:137} INFO - [2023-03-04T12:50:14.333+0000] {dag.py:2690} INFO - Sync 1 DAGs
[2023-03-04T12:50:14.355+0000] {logging_mixin.py:137} INFO - [2023-03-04T12:50:14.355+0000] {dag.py:3441} INFO - Setting next_dagrun for example_branch_python_operator_decorator to 2023-03-03T00:00:00+00:00, run_after=2023-03-04T00:00:00+00:00
[2023-03-04T12:50:14.370+0000] {processor.py:175} INFO - Processing /home/airflow/.local/lib/python3.7/site-packages/airflow/example_dags/example_branch_operator_decorator.py took 0.106 seconds
[2023-03-04T13:10:03.935+0000] {processor.py:153} INFO - Started process (PID=5475) to work on /home/airflow/.local/lib/python3.7/site-packages/airflow/example_dags/example_branch_operator_decorator.py
[2023-03-04T13:10:03.937+0000] {processor.py:743} INFO - Processing file /home/airflow/.local/lib/python3.7/site-packages/airflow/example_dags/example_branch_operator_decorator.py for tasks to queue
[2023-03-04T13:10:03.938+0000] {logging_mixin.py:137} INFO - [2023-03-04T13:10:03.938+0000] {dagbag.py:538} INFO - Filling up the DagBag from /home/airflow/.local/lib/python3.7/site-packages/airflow/example_dags/example_branch_operator_decorator.py
[2023-03-04T13:10:03.963+0000] {processor.py:753} INFO - DAG(s) dict_keys(['example_branch_python_operator_decorator']) retrieved from /home/airflow/.local/lib/python3.7/site-packages/airflow/example_dags/example_branch_operator_decorator.py
[2023-03-04T13:10:04.035+0000] {logging_mixin.py:137} INFO - [2023-03-04T13:10:04.034+0000] {dag.py:2690} INFO - Sync 1 DAGs
[2023-03-04T13:10:04.091+0000] {logging_mixin.py:137} INFO - [2023-03-04T13:10:04.091+0000] {dag.py:3441} INFO - Setting next_dagrun for example_branch_python_operator_decorator to 2023-03-03T00:00:00+00:00, run_after=2023-03-04T00:00:00+00:00
[2023-03-04T13:10:04.177+0000] {processor.py:175} INFO - Processing /home/airflow/.local/lib/python3.7/site-packages/airflow/example_dags/example_branch_operator_decorator.py took 0.244 seconds
[2023-03-04T13:26:38.017+0000] {processor.py:153} INFO - Started process (PID=5539) to work on /home/airflow/.local/lib/python3.7/site-packages/airflow/example_dags/example_branch_operator_decorator.py
[2023-03-04T13:26:38.019+0000] {processor.py:743} INFO - Processing file /home/airflow/.local/lib/python3.7/site-packages/airflow/example_dags/example_branch_operator_decorator.py for tasks to queue
[2023-03-04T13:26:38.020+0000] {logging_mixin.py:137} INFO - [2023-03-04T13:26:38.020+0000] {dagbag.py:538} INFO - Filling up the DagBag from /home/airflow/.local/lib/python3.7/site-packages/airflow/example_dags/example_branch_operator_decorator.py
[2023-03-04T13:26:38.037+0000] {processor.py:753} INFO - DAG(s) dict_keys(['example_branch_python_operator_decorator']) retrieved from /home/airflow/.local/lib/python3.7/site-packages/airflow/example_dags/example_branch_operator_decorator.py
[2023-03-04T13:26:38.070+0000] {logging_mixin.py:137} INFO - [2023-03-04T13:26:38.070+0000] {dag.py:2690} INFO - Sync 1 DAGs
[2023-03-04T13:26:38.094+0000] {logging_mixin.py:137} INFO - [2023-03-04T13:26:38.094+0000] {dag.py:3441} INFO - Setting next_dagrun for example_branch_python_operator_decorator to 2023-03-03T00:00:00+00:00, run_after=2023-03-04T00:00:00+00:00
[2023-03-04T13:26:38.106+0000] {processor.py:175} INFO - Processing /home/airflow/.local/lib/python3.7/site-packages/airflow/example_dags/example_branch_operator_decorator.py took 0.092 seconds
[2023-03-04T13:40:40.053+0000] {processor.py:153} INFO - Started process (PID=5601) to work on /home/airflow/.local/lib/python3.7/site-packages/airflow/example_dags/example_branch_operator_decorator.py
[2023-03-04T13:40:40.054+0000] {processor.py:743} INFO - Processing file /home/airflow/.local/lib/python3.7/site-packages/airflow/example_dags/example_branch_operator_decorator.py for tasks to queue
[2023-03-04T13:40:40.055+0000] {logging_mixin.py:137} INFO - [2023-03-04T13:40:40.054+0000] {dagbag.py:538} INFO - Filling up the DagBag from /home/airflow/.local/lib/python3.7/site-packages/airflow/example_dags/example_branch_operator_decorator.py
[2023-03-04T13:40:40.084+0000] {processor.py:753} INFO - DAG(s) dict_keys(['example_branch_python_operator_decorator']) retrieved from /home/airflow/.local/lib/python3.7/site-packages/airflow/example_dags/example_branch_operator_decorator.py
[2023-03-04T13:40:40.112+0000] {logging_mixin.py:137} INFO - [2023-03-04T13:40:40.112+0000] {dag.py:2690} INFO - Sync 1 DAGs
[2023-03-04T13:40:40.135+0000] {logging_mixin.py:137} INFO - [2023-03-04T13:40:40.135+0000] {dag.py:3441} INFO - Setting next_dagrun for example_branch_python_operator_decorator to 2023-03-03T00:00:00+00:00, run_after=2023-03-04T00:00:00+00:00
[2023-03-04T13:40:40.152+0000] {processor.py:175} INFO - Processing /home/airflow/.local/lib/python3.7/site-packages/airflow/example_dags/example_branch_operator_decorator.py took 0.103 seconds
[2023-03-04T14:00:04.210+0000] {processor.py:153} INFO - Started process (PID=5664) to work on /home/airflow/.local/lib/python3.7/site-packages/airflow/example_dags/example_branch_operator_decorator.py
[2023-03-04T14:00:04.211+0000] {processor.py:743} INFO - Processing file /home/airflow/.local/lib/python3.7/site-packages/airflow/example_dags/example_branch_operator_decorator.py for tasks to queue
[2023-03-04T14:00:04.212+0000] {logging_mixin.py:137} INFO - [2023-03-04T14:00:04.212+0000] {dagbag.py:538} INFO - Filling up the DagBag from /home/airflow/.local/lib/python3.7/site-packages/airflow/example_dags/example_branch_operator_decorator.py
[2023-03-04T14:00:04.236+0000] {processor.py:753} INFO - DAG(s) dict_keys(['example_branch_python_operator_decorator']) retrieved from /home/airflow/.local/lib/python3.7/site-packages/airflow/example_dags/example_branch_operator_decorator.py
[2023-03-04T14:00:04.258+0000] {logging_mixin.py:137} INFO - [2023-03-04T14:00:04.257+0000] {dag.py:2690} INFO - Sync 1 DAGs
[2023-03-04T14:00:04.275+0000] {logging_mixin.py:137} INFO - [2023-03-04T14:00:04.275+0000] {dag.py:3441} INFO - Setting next_dagrun for example_branch_python_operator_decorator to 2023-03-03T00:00:00+00:00, run_after=2023-03-04T00:00:00+00:00
[2023-03-04T14:00:04.293+0000] {processor.py:175} INFO - Processing /home/airflow/.local/lib/python3.7/site-packages/airflow/example_dags/example_branch_operator_decorator.py took 0.086 seconds
[2023-03-04T14:50:39.304+0000] {processor.py:153} INFO - Started process (PID=5727) to work on /home/airflow/.local/lib/python3.7/site-packages/airflow/example_dags/example_branch_operator_decorator.py
[2023-03-04T14:50:39.308+0000] {processor.py:743} INFO - Processing file /home/airflow/.local/lib/python3.7/site-packages/airflow/example_dags/example_branch_operator_decorator.py for tasks to queue
[2023-03-04T14:50:39.312+0000] {logging_mixin.py:137} INFO - [2023-03-04T14:50:39.311+0000] {dagbag.py:538} INFO - Filling up the DagBag from /home/airflow/.local/lib/python3.7/site-packages/airflow/example_dags/example_branch_operator_decorator.py
[2023-03-04T14:50:39.343+0000] {processor.py:753} INFO - DAG(s) dict_keys(['example_branch_python_operator_decorator']) retrieved from /home/airflow/.local/lib/python3.7/site-packages/airflow/example_dags/example_branch_operator_decorator.py
[2023-03-04T14:50:39.371+0000] {logging_mixin.py:137} INFO - [2023-03-04T14:50:39.370+0000] {dag.py:2690} INFO - Sync 1 DAGs
[2023-03-04T14:50:39.394+0000] {logging_mixin.py:137} INFO - [2023-03-04T14:50:39.393+0000] {dag.py:3441} INFO - Setting next_dagrun for example_branch_python_operator_decorator to 2023-03-03T00:00:00+00:00, run_after=2023-03-04T00:00:00+00:00
[2023-03-04T14:50:39.412+0000] {processor.py:175} INFO - Processing /home/airflow/.local/lib/python3.7/site-packages/airflow/example_dags/example_branch_operator_decorator.py took 0.113 seconds
[2023-03-04T15:19:42.221+0000] {processor.py:153} INFO - Started process (PID=5802) to work on /home/airflow/.local/lib/python3.7/site-packages/airflow/example_dags/example_branch_operator_decorator.py
[2023-03-04T15:19:42.223+0000] {processor.py:743} INFO - Processing file /home/airflow/.local/lib/python3.7/site-packages/airflow/example_dags/example_branch_operator_decorator.py for tasks to queue
[2023-03-04T15:19:42.224+0000] {logging_mixin.py:137} INFO - [2023-03-04T15:19:42.224+0000] {dagbag.py:538} INFO - Filling up the DagBag from /home/airflow/.local/lib/python3.7/site-packages/airflow/example_dags/example_branch_operator_decorator.py
[2023-03-04T15:19:42.282+0000] {processor.py:753} INFO - DAG(s) dict_keys(['example_branch_python_operator_decorator']) retrieved from /home/airflow/.local/lib/python3.7/site-packages/airflow/example_dags/example_branch_operator_decorator.py
[2023-03-04T15:19:42.365+0000] {logging_mixin.py:137} INFO - [2023-03-04T15:19:42.365+0000] {dag.py:2690} INFO - Sync 1 DAGs
[2023-03-04T15:19:42.424+0000] {logging_mixin.py:137} INFO - [2023-03-04T15:19:42.424+0000] {dag.py:3441} INFO - Setting next_dagrun for example_branch_python_operator_decorator to 2023-03-03T00:00:00+00:00, run_after=2023-03-04T00:00:00+00:00
[2023-03-04T15:19:42.452+0000] {processor.py:175} INFO - Processing /home/airflow/.local/lib/python3.7/site-packages/airflow/example_dags/example_branch_operator_decorator.py took 0.237 seconds
[2023-03-04T15:26:58.565+0000] {processor.py:153} INFO - Started process (PID=5864) to work on /home/airflow/.local/lib/python3.7/site-packages/airflow/example_dags/example_branch_operator_decorator.py
[2023-03-04T15:26:58.571+0000] {processor.py:743} INFO - Processing file /home/airflow/.local/lib/python3.7/site-packages/airflow/example_dags/example_branch_operator_decorator.py for tasks to queue
[2023-03-04T15:26:58.577+0000] {logging_mixin.py:137} INFO - [2023-03-04T15:26:58.576+0000] {dagbag.py:538} INFO - Filling up the DagBag from /home/airflow/.local/lib/python3.7/site-packages/airflow/example_dags/example_branch_operator_decorator.py
[2023-03-04T15:26:58.609+0000] {processor.py:753} INFO - DAG(s) dict_keys(['example_branch_python_operator_decorator']) retrieved from /home/airflow/.local/lib/python3.7/site-packages/airflow/example_dags/example_branch_operator_decorator.py
[2023-03-04T15:26:58.766+0000] {logging_mixin.py:137} INFO - [2023-03-04T15:26:58.765+0000] {dag.py:2690} INFO - Sync 1 DAGs
[2023-03-04T15:26:58.874+0000] {logging_mixin.py:137} INFO - [2023-03-04T15:26:58.873+0000] {dag.py:3441} INFO - Setting next_dagrun for example_branch_python_operator_decorator to 2023-03-03T00:00:00+00:00, run_after=2023-03-04T00:00:00+00:00
[2023-03-04T15:26:58.993+0000] {processor.py:175} INFO - Processing /home/airflow/.local/lib/python3.7/site-packages/airflow/example_dags/example_branch_operator_decorator.py took 0.432 seconds
[2023-03-04T16:21:39.978+0000] {processor.py:153} INFO - Started process (PID=5915) to work on /home/airflow/.local/lib/python3.7/site-packages/airflow/example_dags/example_branch_operator_decorator.py
[2023-03-04T16:21:39.987+0000] {processor.py:743} INFO - Processing file /home/airflow/.local/lib/python3.7/site-packages/airflow/example_dags/example_branch_operator_decorator.py for tasks to queue
[2023-03-04T16:21:39.994+0000] {logging_mixin.py:137} INFO - [2023-03-04T16:21:39.993+0000] {dagbag.py:538} INFO - Filling up the DagBag from /home/airflow/.local/lib/python3.7/site-packages/airflow/example_dags/example_branch_operator_decorator.py
[2023-03-04T16:21:40.089+0000] {processor.py:753} INFO - DAG(s) dict_keys(['example_branch_python_operator_decorator']) retrieved from /home/airflow/.local/lib/python3.7/site-packages/airflow/example_dags/example_branch_operator_decorator.py
[2023-03-04T16:21:40.150+0000] {logging_mixin.py:137} INFO - [2023-03-04T16:21:40.150+0000] {dag.py:2690} INFO - Sync 1 DAGs
[2023-03-04T16:21:40.191+0000] {logging_mixin.py:137} INFO - [2023-03-04T16:21:40.191+0000] {dag.py:3441} INFO - Setting next_dagrun for example_branch_python_operator_decorator to 2023-03-03T00:00:00+00:00, run_after=2023-03-04T00:00:00+00:00
[2023-03-04T16:21:40.235+0000] {processor.py:175} INFO - Processing /home/airflow/.local/lib/python3.7/site-packages/airflow/example_dags/example_branch_operator_decorator.py took 0.265 seconds
[2023-03-04T17:17:15.998+0000] {processor.py:153} INFO - Started process (PID=5973) to work on /home/airflow/.local/lib/python3.7/site-packages/airflow/example_dags/example_branch_operator_decorator.py
[2023-03-04T17:17:16.001+0000] {processor.py:743} INFO - Processing file /home/airflow/.local/lib/python3.7/site-packages/airflow/example_dags/example_branch_operator_decorator.py for tasks to queue
[2023-03-04T17:17:16.003+0000] {logging_mixin.py:137} INFO - [2023-03-04T17:17:16.003+0000] {dagbag.py:538} INFO - Filling up the DagBag from /home/airflow/.local/lib/python3.7/site-packages/airflow/example_dags/example_branch_operator_decorator.py
[2023-03-04T17:17:16.056+0000] {processor.py:753} INFO - DAG(s) dict_keys(['example_branch_python_operator_decorator']) retrieved from /home/airflow/.local/lib/python3.7/site-packages/airflow/example_dags/example_branch_operator_decorator.py
[2023-03-04T17:17:16.127+0000] {logging_mixin.py:137} INFO - [2023-03-04T17:17:16.126+0000] {dag.py:2690} INFO - Sync 1 DAGs
[2023-03-04T17:17:16.439+0000] {logging_mixin.py:137} INFO - [2023-03-04T17:17:16.439+0000] {dag.py:3441} INFO - Setting next_dagrun for example_branch_python_operator_decorator to 2023-03-03T00:00:00+00:00, run_after=2023-03-04T00:00:00+00:00
[2023-03-04T17:17:16.563+0000] {processor.py:175} INFO - Processing /home/airflow/.local/lib/python3.7/site-packages/airflow/example_dags/example_branch_operator_decorator.py took 0.574 seconds
[2023-03-04T18:30:31.310+0000] {processor.py:153} INFO - Started process (PID=6036) to work on /home/airflow/.local/lib/python3.7/site-packages/airflow/example_dags/example_branch_operator_decorator.py
[2023-03-04T18:30:31.316+0000] {processor.py:743} INFO - Processing file /home/airflow/.local/lib/python3.7/site-packages/airflow/example_dags/example_branch_operator_decorator.py for tasks to queue
[2023-03-04T18:30:31.320+0000] {logging_mixin.py:137} INFO - [2023-03-04T18:30:31.319+0000] {dagbag.py:538} INFO - Filling up the DagBag from /home/airflow/.local/lib/python3.7/site-packages/airflow/example_dags/example_branch_operator_decorator.py
[2023-03-04T18:30:31.393+0000] {processor.py:753} INFO - DAG(s) dict_keys(['example_branch_python_operator_decorator']) retrieved from /home/airflow/.local/lib/python3.7/site-packages/airflow/example_dags/example_branch_operator_decorator.py
[2023-03-04T18:30:31.466+0000] {logging_mixin.py:137} INFO - [2023-03-04T18:30:31.466+0000] {dag.py:2690} INFO - Sync 1 DAGs
[2023-03-04T18:30:31.497+0000] {logging_mixin.py:137} INFO - [2023-03-04T18:30:31.497+0000] {dag.py:3441} INFO - Setting next_dagrun for example_branch_python_operator_decorator to 2023-03-03T00:00:00+00:00, run_after=2023-03-04T00:00:00+00:00
[2023-03-04T18:30:31.513+0000] {processor.py:175} INFO - Processing /home/airflow/.local/lib/python3.7/site-packages/airflow/example_dags/example_branch_operator_decorator.py took 0.213 seconds
[2023-03-04T19:34:49.575+0000] {processor.py:153} INFO - Started process (PID=6112) to work on /home/airflow/.local/lib/python3.7/site-packages/airflow/example_dags/example_branch_operator_decorator.py
[2023-03-04T19:34:49.580+0000] {processor.py:743} INFO - Processing file /home/airflow/.local/lib/python3.7/site-packages/airflow/example_dags/example_branch_operator_decorator.py for tasks to queue
[2023-03-04T19:34:49.589+0000] {logging_mixin.py:137} INFO - [2023-03-04T19:34:49.589+0000] {dagbag.py:538} INFO - Filling up the DagBag from /home/airflow/.local/lib/python3.7/site-packages/airflow/example_dags/example_branch_operator_decorator.py
[2023-03-04T19:34:49.666+0000] {processor.py:753} INFO - DAG(s) dict_keys(['example_branch_python_operator_decorator']) retrieved from /home/airflow/.local/lib/python3.7/site-packages/airflow/example_dags/example_branch_operator_decorator.py
[2023-03-04T19:34:49.803+0000] {logging_mixin.py:137} INFO - [2023-03-04T19:34:49.802+0000] {dag.py:2690} INFO - Sync 1 DAGs
[2023-03-04T19:34:49.933+0000] {logging_mixin.py:137} INFO - [2023-03-04T19:34:49.932+0000] {dag.py:3441} INFO - Setting next_dagrun for example_branch_python_operator_decorator to 2023-03-03T00:00:00+00:00, run_after=2023-03-04T00:00:00+00:00
[2023-03-04T19:34:50.005+0000] {processor.py:175} INFO - Processing /home/airflow/.local/lib/python3.7/site-packages/airflow/example_dags/example_branch_operator_decorator.py took 0.438 seconds
[2023-03-04T20:25:41.027+0000] {processor.py:153} INFO - Started process (PID=6173) to work on /home/airflow/.local/lib/python3.7/site-packages/airflow/example_dags/example_branch_operator_decorator.py
[2023-03-04T20:25:41.029+0000] {processor.py:743} INFO - Processing file /home/airflow/.local/lib/python3.7/site-packages/airflow/example_dags/example_branch_operator_decorator.py for tasks to queue
[2023-03-04T20:25:41.033+0000] {logging_mixin.py:137} INFO - [2023-03-04T20:25:41.032+0000] {dagbag.py:538} INFO - Filling up the DagBag from /home/airflow/.local/lib/python3.7/site-packages/airflow/example_dags/example_branch_operator_decorator.py
[2023-03-04T20:25:41.080+0000] {processor.py:753} INFO - DAG(s) dict_keys(['example_branch_python_operator_decorator']) retrieved from /home/airflow/.local/lib/python3.7/site-packages/airflow/example_dags/example_branch_operator_decorator.py
[2023-03-04T20:25:41.118+0000] {logging_mixin.py:137} INFO - [2023-03-04T20:25:41.118+0000] {dag.py:2690} INFO - Sync 1 DAGs
[2023-03-04T20:25:41.184+0000] {logging_mixin.py:137} INFO - [2023-03-04T20:25:41.184+0000] {dag.py:3441} INFO - Setting next_dagrun for example_branch_python_operator_decorator to 2023-03-03T00:00:00+00:00, run_after=2023-03-04T00:00:00+00:00
[2023-03-04T20:25:41.215+0000] {processor.py:175} INFO - Processing /home/airflow/.local/lib/python3.7/site-packages/airflow/example_dags/example_branch_operator_decorator.py took 0.192 seconds
[2023-03-04T21:17:46.951+0000] {processor.py:153} INFO - Started process (PID=6239) to work on /home/airflow/.local/lib/python3.7/site-packages/airflow/example_dags/example_branch_operator_decorator.py
[2023-03-04T21:17:46.954+0000] {processor.py:743} INFO - Processing file /home/airflow/.local/lib/python3.7/site-packages/airflow/example_dags/example_branch_operator_decorator.py for tasks to queue
[2023-03-04T21:17:46.955+0000] {logging_mixin.py:137} INFO - [2023-03-04T21:17:46.955+0000] {dagbag.py:538} INFO - Filling up the DagBag from /home/airflow/.local/lib/python3.7/site-packages/airflow/example_dags/example_branch_operator_decorator.py
[2023-03-04T21:17:46.985+0000] {processor.py:753} INFO - DAG(s) dict_keys(['example_branch_python_operator_decorator']) retrieved from /home/airflow/.local/lib/python3.7/site-packages/airflow/example_dags/example_branch_operator_decorator.py
[2023-03-04T21:17:47.039+0000] {logging_mixin.py:137} INFO - [2023-03-04T21:17:47.039+0000] {dag.py:2690} INFO - Sync 1 DAGs
[2023-03-04T21:17:47.083+0000] {logging_mixin.py:137} INFO - [2023-03-04T21:17:47.082+0000] {dag.py:3441} INFO - Setting next_dagrun for example_branch_python_operator_decorator to 2023-03-03T00:00:00+00:00, run_after=2023-03-04T00:00:00+00:00
[2023-03-04T21:17:47.121+0000] {processor.py:175} INFO - Processing /home/airflow/.local/lib/python3.7/site-packages/airflow/example_dags/example_branch_operator_decorator.py took 0.180 seconds
[2023-03-04T22:18:12.800+0000] {processor.py:153} INFO - Started process (PID=6303) to work on /home/airflow/.local/lib/python3.7/site-packages/airflow/example_dags/example_branch_operator_decorator.py
[2023-03-04T22:18:12.802+0000] {processor.py:743} INFO - Processing file /home/airflow/.local/lib/python3.7/site-packages/airflow/example_dags/example_branch_operator_decorator.py for tasks to queue
[2023-03-04T22:18:12.803+0000] {logging_mixin.py:137} INFO - [2023-03-04T22:18:12.803+0000] {dagbag.py:538} INFO - Filling up the DagBag from /home/airflow/.local/lib/python3.7/site-packages/airflow/example_dags/example_branch_operator_decorator.py
[2023-03-04T22:18:12.836+0000] {processor.py:753} INFO - DAG(s) dict_keys(['example_branch_python_operator_decorator']) retrieved from /home/airflow/.local/lib/python3.7/site-packages/airflow/example_dags/example_branch_operator_decorator.py
[2023-03-04T22:18:12.863+0000] {logging_mixin.py:137} INFO - [2023-03-04T22:18:12.863+0000] {dag.py:2690} INFO - Sync 1 DAGs
[2023-03-04T22:18:12.883+0000] {logging_mixin.py:137} INFO - [2023-03-04T22:18:12.883+0000] {dag.py:3441} INFO - Setting next_dagrun for example_branch_python_operator_decorator to 2023-03-03T00:00:00+00:00, run_after=2023-03-04T00:00:00+00:00
[2023-03-04T22:18:12.904+0000] {processor.py:175} INFO - Processing /home/airflow/.local/lib/python3.7/site-packages/airflow/example_dags/example_branch_operator_decorator.py took 0.108 seconds
[2023-03-04T23:42:20.759+0000] {processor.py:153} INFO - Started process (PID=6366) to work on /home/airflow/.local/lib/python3.7/site-packages/airflow/example_dags/example_branch_operator_decorator.py
[2023-03-04T23:42:20.760+0000] {processor.py:743} INFO - Processing file /home/airflow/.local/lib/python3.7/site-packages/airflow/example_dags/example_branch_operator_decorator.py for tasks to queue
[2023-03-04T23:42:20.761+0000] {logging_mixin.py:137} INFO - [2023-03-04T23:42:20.761+0000] {dagbag.py:538} INFO - Filling up the DagBag from /home/airflow/.local/lib/python3.7/site-packages/airflow/example_dags/example_branch_operator_decorator.py
[2023-03-04T23:42:20.788+0000] {processor.py:753} INFO - DAG(s) dict_keys(['example_branch_python_operator_decorator']) retrieved from /home/airflow/.local/lib/python3.7/site-packages/airflow/example_dags/example_branch_operator_decorator.py
[2023-03-04T23:42:20.810+0000] {logging_mixin.py:137} INFO - [2023-03-04T23:42:20.810+0000] {dag.py:2690} INFO - Sync 1 DAGs
[2023-03-04T23:42:20.846+0000] {logging_mixin.py:137} INFO - [2023-03-04T23:42:20.846+0000] {dag.py:3441} INFO - Setting next_dagrun for example_branch_python_operator_decorator to 2023-03-03T00:00:00+00:00, run_after=2023-03-04T00:00:00+00:00
[2023-03-04T23:42:20.872+0000] {processor.py:175} INFO - Processing /home/airflow/.local/lib/python3.7/site-packages/airflow/example_dags/example_branch_operator_decorator.py took 0.116 seconds
