[2023-03-04T00:47:39.327+0000] {processor.py:153} INFO - Started process (PID=4565) to work on /home/airflow/.local/lib/python3.7/site-packages/airflow/example_dags/example_branch_operator.py
[2023-03-04T00:47:39.397+0000] {processor.py:743} INFO - Processing file /home/airflow/.local/lib/python3.7/site-packages/airflow/example_dags/example_branch_operator.py for tasks to queue
[2023-03-04T00:47:39.483+0000] {logging_mixin.py:137} INFO - [2023-03-04T00:47:39.483+0000] {dagbag.py:538} INFO - Filling up the DagBag from /home/airflow/.local/lib/python3.7/site-packages/airflow/example_dags/example_branch_operator.py
[2023-03-04T00:47:40.398+0000] {processor.py:753} INFO - DAG(s) dict_keys(['example_branch_operator']) retrieved from /home/airflow/.local/lib/python3.7/site-packages/airflow/example_dags/example_branch_operator.py
[2023-03-04T00:47:41.401+0000] {logging_mixin.py:137} INFO - [2023-03-04T00:47:41.398+0000] {dag.py:2690} INFO - Sync 1 DAGs
[2023-03-04T00:47:41.648+0000] {logging_mixin.py:137} INFO - [2023-03-04T00:47:41.647+0000] {dag.py:3441} INFO - Setting next_dagrun for example_branch_operator to 2023-03-03T00:00:00+00:00, run_after=2023-03-04T00:00:00+00:00
[2023-03-04T00:47:42.030+0000] {processor.py:175} INFO - Processing /home/airflow/.local/lib/python3.7/site-packages/airflow/example_dags/example_branch_operator.py took 2.863 seconds
[2023-03-04T06:10:49.091+0000] {processor.py:153} INFO - Started process (PID=4698) to work on /home/airflow/.local/lib/python3.7/site-packages/airflow/example_dags/example_branch_operator.py
[2023-03-04T06:10:49.107+0000] {processor.py:743} INFO - Processing file /home/airflow/.local/lib/python3.7/site-packages/airflow/example_dags/example_branch_operator.py for tasks to queue
[2023-03-04T06:10:49.117+0000] {logging_mixin.py:137} INFO - [2023-03-04T06:10:49.117+0000] {dagbag.py:538} INFO - Filling up the DagBag from /home/airflow/.local/lib/python3.7/site-packages/airflow/example_dags/example_branch_operator.py
[2023-03-04T06:10:49.624+0000] {processor.py:753} INFO - DAG(s) dict_keys(['example_branch_operator']) retrieved from /home/airflow/.local/lib/python3.7/site-packages/airflow/example_dags/example_branch_operator.py
[2023-03-04T06:10:51.131+0000] {logging_mixin.py:137} INFO - [2023-03-04T06:10:51.111+0000] {dag.py:2690} INFO - Sync 1 DAGs
[2023-03-04T06:10:53.583+0000] {logging_mixin.py:137} INFO - [2023-03-04T06:10:53.563+0000] {dag.py:3441} INFO - Setting next_dagrun for example_branch_operator to 2023-03-03T00:00:00+00:00, run_after=2023-03-04T00:00:00+00:00
[2023-03-04T06:10:54.050+0000] {processor.py:175} INFO - Processing /home/airflow/.local/lib/python3.7/site-packages/airflow/example_dags/example_branch_operator.py took 4.994 seconds
[2023-03-04T07:05:53.343+0000] {processor.py:153} INFO - Started process (PID=4758) to work on /home/airflow/.local/lib/python3.7/site-packages/airflow/example_dags/example_branch_operator.py
[2023-03-04T07:05:53.345+0000] {processor.py:743} INFO - Processing file /home/airflow/.local/lib/python3.7/site-packages/airflow/example_dags/example_branch_operator.py for tasks to queue
[2023-03-04T07:05:53.365+0000] {logging_mixin.py:137} INFO - [2023-03-04T07:05:53.362+0000] {dagbag.py:538} INFO - Filling up the DagBag from /home/airflow/.local/lib/python3.7/site-packages/airflow/example_dags/example_branch_operator.py
[2023-03-04T07:05:53.399+0000] {processor.py:753} INFO - DAG(s) dict_keys(['example_branch_operator']) retrieved from /home/airflow/.local/lib/python3.7/site-packages/airflow/example_dags/example_branch_operator.py
[2023-03-04T07:05:53.446+0000] {logging_mixin.py:137} INFO - [2023-03-04T07:05:53.445+0000] {dag.py:2690} INFO - Sync 1 DAGs
[2023-03-04T07:05:53.472+0000] {logging_mixin.py:137} INFO - [2023-03-04T07:05:53.472+0000] {dag.py:3441} INFO - Setting next_dagrun for example_branch_operator to 2023-03-03T00:00:00+00:00, run_after=2023-03-04T00:00:00+00:00
[2023-03-04T07:05:53.503+0000] {processor.py:175} INFO - Processing /home/airflow/.local/lib/python3.7/site-packages/airflow/example_dags/example_branch_operator.py took 0.165 seconds
[2023-03-04T07:37:53.561+0000] {processor.py:153} INFO - Started process (PID=4824) to work on /home/airflow/.local/lib/python3.7/site-packages/airflow/example_dags/example_branch_operator.py
[2023-03-04T07:37:53.563+0000] {processor.py:743} INFO - Processing file /home/airflow/.local/lib/python3.7/site-packages/airflow/example_dags/example_branch_operator.py for tasks to queue
[2023-03-04T07:37:53.564+0000] {logging_mixin.py:137} INFO - [2023-03-04T07:37:53.564+0000] {dagbag.py:538} INFO - Filling up the DagBag from /home/airflow/.local/lib/python3.7/site-packages/airflow/example_dags/example_branch_operator.py
[2023-03-04T07:37:53.582+0000] {processor.py:753} INFO - DAG(s) dict_keys(['example_branch_operator']) retrieved from /home/airflow/.local/lib/python3.7/site-packages/airflow/example_dags/example_branch_operator.py
[2023-03-04T07:37:53.625+0000] {logging_mixin.py:137} INFO - [2023-03-04T07:37:53.625+0000] {dag.py:2690} INFO - Sync 1 DAGs
[2023-03-04T07:37:53.647+0000] {logging_mixin.py:137} INFO - [2023-03-04T07:37:53.647+0000] {dag.py:3441} INFO - Setting next_dagrun for example_branch_operator to 2023-03-03T00:00:00+00:00, run_after=2023-03-04T00:00:00+00:00
[2023-03-04T07:37:53.664+0000] {processor.py:175} INFO - Processing /home/airflow/.local/lib/python3.7/site-packages/airflow/example_dags/example_branch_operator.py took 0.107 seconds
[2023-03-04T07:43:52.049+0000] {processor.py:153} INFO - Started process (PID=4887) to work on /home/airflow/.local/lib/python3.7/site-packages/airflow/example_dags/example_branch_operator.py
[2023-03-04T07:43:52.051+0000] {processor.py:743} INFO - Processing file /home/airflow/.local/lib/python3.7/site-packages/airflow/example_dags/example_branch_operator.py for tasks to queue
[2023-03-04T07:43:52.052+0000] {logging_mixin.py:137} INFO - [2023-03-04T07:43:52.052+0000] {dagbag.py:538} INFO - Filling up the DagBag from /home/airflow/.local/lib/python3.7/site-packages/airflow/example_dags/example_branch_operator.py
[2023-03-04T07:43:52.068+0000] {processor.py:753} INFO - DAG(s) dict_keys(['example_branch_operator']) retrieved from /home/airflow/.local/lib/python3.7/site-packages/airflow/example_dags/example_branch_operator.py
[2023-03-04T07:43:52.118+0000] {logging_mixin.py:137} INFO - [2023-03-04T07:43:52.118+0000] {dag.py:2690} INFO - Sync 1 DAGs
[2023-03-04T07:43:52.152+0000] {logging_mixin.py:137} INFO - [2023-03-04T07:43:52.152+0000] {dag.py:3441} INFO - Setting next_dagrun for example_branch_operator to 2023-03-03T00:00:00+00:00, run_after=2023-03-04T00:00:00+00:00
[2023-03-04T07:43:52.170+0000] {processor.py:175} INFO - Processing /home/airflow/.local/lib/python3.7/site-packages/airflow/example_dags/example_branch_operator.py took 0.124 seconds
[2023-03-04T09:08:12.144+0000] {processor.py:153} INFO - Started process (PID=4962) to work on /home/airflow/.local/lib/python3.7/site-packages/airflow/example_dags/example_branch_operator.py
[2023-03-04T09:08:12.146+0000] {processor.py:743} INFO - Processing file /home/airflow/.local/lib/python3.7/site-packages/airflow/example_dags/example_branch_operator.py for tasks to queue
[2023-03-04T09:08:12.147+0000] {logging_mixin.py:137} INFO - [2023-03-04T09:08:12.147+0000] {dagbag.py:538} INFO - Filling up the DagBag from /home/airflow/.local/lib/python3.7/site-packages/airflow/example_dags/example_branch_operator.py
[2023-03-04T09:08:12.181+0000] {processor.py:753} INFO - DAG(s) dict_keys(['example_branch_operator']) retrieved from /home/airflow/.local/lib/python3.7/site-packages/airflow/example_dags/example_branch_operator.py
[2023-03-04T09:08:12.230+0000] {logging_mixin.py:137} INFO - [2023-03-04T09:08:12.230+0000] {dag.py:2690} INFO - Sync 1 DAGs
[2023-03-04T09:08:12.306+0000] {logging_mixin.py:137} INFO - [2023-03-04T09:08:12.305+0000] {dag.py:3441} INFO - Setting next_dagrun for example_branch_operator to 2023-03-03T00:00:00+00:00, run_after=2023-03-04T00:00:00+00:00
[2023-03-04T09:08:12.360+0000] {processor.py:175} INFO - Processing /home/airflow/.local/lib/python3.7/site-packages/airflow/example_dags/example_branch_operator.py took 0.222 seconds
[2023-03-04T10:01:48.718+0000] {processor.py:153} INFO - Started process (PID=5025) to work on /home/airflow/.local/lib/python3.7/site-packages/airflow/example_dags/example_branch_operator.py
[2023-03-04T10:01:48.724+0000] {processor.py:743} INFO - Processing file /home/airflow/.local/lib/python3.7/site-packages/airflow/example_dags/example_branch_operator.py for tasks to queue
[2023-03-04T10:01:48.727+0000] {logging_mixin.py:137} INFO - [2023-03-04T10:01:48.726+0000] {dagbag.py:538} INFO - Filling up the DagBag from /home/airflow/.local/lib/python3.7/site-packages/airflow/example_dags/example_branch_operator.py
[2023-03-04T10:01:48.767+0000] {processor.py:753} INFO - DAG(s) dict_keys(['example_branch_operator']) retrieved from /home/airflow/.local/lib/python3.7/site-packages/airflow/example_dags/example_branch_operator.py
[2023-03-04T10:01:48.796+0000] {logging_mixin.py:137} INFO - [2023-03-04T10:01:48.796+0000] {dag.py:2690} INFO - Sync 1 DAGs
[2023-03-04T10:01:48.821+0000] {logging_mixin.py:137} INFO - [2023-03-04T10:01:48.821+0000] {dag.py:3441} INFO - Setting next_dagrun for example_branch_operator to 2023-03-03T00:00:00+00:00, run_after=2023-03-04T00:00:00+00:00
[2023-03-04T10:01:48.862+0000] {processor.py:175} INFO - Processing /home/airflow/.local/lib/python3.7/site-packages/airflow/example_dags/example_branch_operator.py took 0.155 seconds
[2023-03-04T10:51:21.863+0000] {processor.py:153} INFO - Started process (PID=5076) to work on /home/airflow/.local/lib/python3.7/site-packages/airflow/example_dags/example_branch_operator.py
[2023-03-04T10:51:21.875+0000] {processor.py:743} INFO - Processing file /home/airflow/.local/lib/python3.7/site-packages/airflow/example_dags/example_branch_operator.py for tasks to queue
[2023-03-04T10:51:21.887+0000] {logging_mixin.py:137} INFO - [2023-03-04T10:51:21.883+0000] {dagbag.py:538} INFO - Filling up the DagBag from /home/airflow/.local/lib/python3.7/site-packages/airflow/example_dags/example_branch_operator.py
[2023-03-04T10:51:21.964+0000] {processor.py:753} INFO - DAG(s) dict_keys(['example_branch_operator']) retrieved from /home/airflow/.local/lib/python3.7/site-packages/airflow/example_dags/example_branch_operator.py
[2023-03-04T10:51:22.032+0000] {logging_mixin.py:137} INFO - [2023-03-04T10:51:22.031+0000] {dag.py:2690} INFO - Sync 1 DAGs
[2023-03-04T10:51:23.054+0000] {logging_mixin.py:137} INFO - [2023-03-04T10:51:23.053+0000] {dag.py:3441} INFO - Setting next_dagrun for example_branch_operator to 2023-03-03T00:00:00+00:00, run_after=2023-03-04T00:00:00+00:00
[2023-03-04T10:51:23.202+0000] {processor.py:175} INFO - Processing /home/airflow/.local/lib/python3.7/site-packages/airflow/example_dags/example_branch_operator.py took 1.360 seconds
[2023-03-04T11:12:01.442+0000] {processor.py:153} INFO - Started process (PID=5150) to work on /home/airflow/.local/lib/python3.7/site-packages/airflow/example_dags/example_branch_operator.py
[2023-03-04T11:12:01.443+0000] {processor.py:743} INFO - Processing file /home/airflow/.local/lib/python3.7/site-packages/airflow/example_dags/example_branch_operator.py for tasks to queue
[2023-03-04T11:12:01.444+0000] {logging_mixin.py:137} INFO - [2023-03-04T11:12:01.444+0000] {dagbag.py:538} INFO - Filling up the DagBag from /home/airflow/.local/lib/python3.7/site-packages/airflow/example_dags/example_branch_operator.py
[2023-03-04T11:12:01.473+0000] {processor.py:753} INFO - DAG(s) dict_keys(['example_branch_operator']) retrieved from /home/airflow/.local/lib/python3.7/site-packages/airflow/example_dags/example_branch_operator.py
[2023-03-04T11:12:01.505+0000] {logging_mixin.py:137} INFO - [2023-03-04T11:12:01.505+0000] {dag.py:2690} INFO - Sync 1 DAGs
[2023-03-04T11:12:01.526+0000] {logging_mixin.py:137} INFO - [2023-03-04T11:12:01.526+0000] {dag.py:3441} INFO - Setting next_dagrun for example_branch_operator to 2023-03-03T00:00:00+00:00, run_after=2023-03-04T00:00:00+00:00
[2023-03-04T11:12:01.539+0000] {processor.py:175} INFO - Processing /home/airflow/.local/lib/python3.7/site-packages/airflow/example_dags/example_branch_operator.py took 0.102 seconds
[2023-03-04T11:21:27.875+0000] {processor.py:153} INFO - Started process (PID=5213) to work on /home/airflow/.local/lib/python3.7/site-packages/airflow/example_dags/example_branch_operator.py
[2023-03-04T11:21:27.876+0000] {processor.py:743} INFO - Processing file /home/airflow/.local/lib/python3.7/site-packages/airflow/example_dags/example_branch_operator.py for tasks to queue
[2023-03-04T11:21:27.877+0000] {logging_mixin.py:137} INFO - [2023-03-04T11:21:27.877+0000] {dagbag.py:538} INFO - Filling up the DagBag from /home/airflow/.local/lib/python3.7/site-packages/airflow/example_dags/example_branch_operator.py
[2023-03-04T11:21:27.890+0000] {processor.py:753} INFO - DAG(s) dict_keys(['example_branch_operator']) retrieved from /home/airflow/.local/lib/python3.7/site-packages/airflow/example_dags/example_branch_operator.py
[2023-03-04T11:21:27.914+0000] {logging_mixin.py:137} INFO - [2023-03-04T11:21:27.914+0000] {dag.py:2690} INFO - Sync 1 DAGs
[2023-03-04T11:21:27.935+0000] {logging_mixin.py:137} INFO - [2023-03-04T11:21:27.935+0000] {dag.py:3441} INFO - Setting next_dagrun for example_branch_operator to 2023-03-03T00:00:00+00:00, run_after=2023-03-04T00:00:00+00:00
[2023-03-04T11:21:27.951+0000] {processor.py:175} INFO - Processing /home/airflow/.local/lib/python3.7/site-packages/airflow/example_dags/example_branch_operator.py took 0.079 seconds
[2023-03-04T11:56:43.425+0000] {processor.py:153} INFO - Started process (PID=5277) to work on /home/airflow/.local/lib/python3.7/site-packages/airflow/example_dags/example_branch_operator.py
[2023-03-04T11:56:43.426+0000] {processor.py:743} INFO - Processing file /home/airflow/.local/lib/python3.7/site-packages/airflow/example_dags/example_branch_operator.py for tasks to queue
[2023-03-04T11:56:43.427+0000] {logging_mixin.py:137} INFO - [2023-03-04T11:56:43.427+0000] {dagbag.py:538} INFO - Filling up the DagBag from /home/airflow/.local/lib/python3.7/site-packages/airflow/example_dags/example_branch_operator.py
[2023-03-04T11:56:43.447+0000] {processor.py:753} INFO - DAG(s) dict_keys(['example_branch_operator']) retrieved from /home/airflow/.local/lib/python3.7/site-packages/airflow/example_dags/example_branch_operator.py
[2023-03-04T11:56:43.478+0000] {logging_mixin.py:137} INFO - [2023-03-04T11:56:43.478+0000] {dag.py:2690} INFO - Sync 1 DAGs
[2023-03-04T11:56:43.498+0000] {logging_mixin.py:137} INFO - [2023-03-04T11:56:43.498+0000] {dag.py:3441} INFO - Setting next_dagrun for example_branch_operator to 2023-03-03T00:00:00+00:00, run_after=2023-03-04T00:00:00+00:00
[2023-03-04T11:56:43.509+0000] {processor.py:175} INFO - Processing /home/airflow/.local/lib/python3.7/site-packages/airflow/example_dags/example_branch_operator.py took 0.087 seconds
[2023-03-04T12:36:22.399+0000] {processor.py:153} INFO - Started process (PID=5352) to work on /home/airflow/.local/lib/python3.7/site-packages/airflow/example_dags/example_branch_operator.py
[2023-03-04T12:36:22.402+0000] {processor.py:743} INFO - Processing file /home/airflow/.local/lib/python3.7/site-packages/airflow/example_dags/example_branch_operator.py for tasks to queue
[2023-03-04T12:36:22.403+0000] {logging_mixin.py:137} INFO - [2023-03-04T12:36:22.403+0000] {dagbag.py:538} INFO - Filling up the DagBag from /home/airflow/.local/lib/python3.7/site-packages/airflow/example_dags/example_branch_operator.py
[2023-03-04T12:36:22.430+0000] {processor.py:753} INFO - DAG(s) dict_keys(['example_branch_operator']) retrieved from /home/airflow/.local/lib/python3.7/site-packages/airflow/example_dags/example_branch_operator.py
[2023-03-04T12:36:22.579+0000] {logging_mixin.py:137} INFO - [2023-03-04T12:36:22.578+0000] {dag.py:2690} INFO - Sync 1 DAGs
[2023-03-04T12:36:22.675+0000] {logging_mixin.py:137} INFO - [2023-03-04T12:36:22.675+0000] {dag.py:3441} INFO - Setting next_dagrun for example_branch_operator to 2023-03-03T00:00:00+00:00, run_after=2023-03-04T00:00:00+00:00
[2023-03-04T12:36:22.715+0000] {processor.py:175} INFO - Processing /home/airflow/.local/lib/python3.7/site-packages/airflow/example_dags/example_branch_operator.py took 0.326 seconds
[2023-03-04T12:50:14.549+0000] {processor.py:153} INFO - Started process (PID=5403) to work on /home/airflow/.local/lib/python3.7/site-packages/airflow/example_dags/example_branch_operator.py
[2023-03-04T12:50:14.552+0000] {processor.py:743} INFO - Processing file /home/airflow/.local/lib/python3.7/site-packages/airflow/example_dags/example_branch_operator.py for tasks to queue
[2023-03-04T12:50:14.553+0000] {logging_mixin.py:137} INFO - [2023-03-04T12:50:14.553+0000] {dagbag.py:538} INFO - Filling up the DagBag from /home/airflow/.local/lib/python3.7/site-packages/airflow/example_dags/example_branch_operator.py
[2023-03-04T12:50:14.585+0000] {processor.py:753} INFO - DAG(s) dict_keys(['example_branch_operator']) retrieved from /home/airflow/.local/lib/python3.7/site-packages/airflow/example_dags/example_branch_operator.py
[2023-03-04T12:50:14.674+0000] {logging_mixin.py:137} INFO - [2023-03-04T12:50:14.674+0000] {dag.py:2690} INFO - Sync 1 DAGs
[2023-03-04T12:50:14.798+0000] {logging_mixin.py:137} INFO - [2023-03-04T12:50:14.798+0000] {dag.py:3441} INFO - Setting next_dagrun for example_branch_operator to 2023-03-03T00:00:00+00:00, run_after=2023-03-04T00:00:00+00:00
[2023-03-04T12:50:14.851+0000] {processor.py:175} INFO - Processing /home/airflow/.local/lib/python3.7/site-packages/airflow/example_dags/example_branch_operator.py took 0.307 seconds
[2023-03-04T13:10:05.043+0000] {processor.py:153} INFO - Started process (PID=5478) to work on /home/airflow/.local/lib/python3.7/site-packages/airflow/example_dags/example_branch_operator.py
[2023-03-04T13:10:05.055+0000] {processor.py:743} INFO - Processing file /home/airflow/.local/lib/python3.7/site-packages/airflow/example_dags/example_branch_operator.py for tasks to queue
[2023-03-04T13:10:05.061+0000] {logging_mixin.py:137} INFO - [2023-03-04T13:10:05.061+0000] {dagbag.py:538} INFO - Filling up the DagBag from /home/airflow/.local/lib/python3.7/site-packages/airflow/example_dags/example_branch_operator.py
[2023-03-04T13:10:05.234+0000] {processor.py:753} INFO - DAG(s) dict_keys(['example_branch_operator']) retrieved from /home/airflow/.local/lib/python3.7/site-packages/airflow/example_dags/example_branch_operator.py
[2023-03-04T13:10:05.383+0000] {logging_mixin.py:137} INFO - [2023-03-04T13:10:05.383+0000] {dag.py:2690} INFO - Sync 1 DAGs
[2023-03-04T13:10:05.418+0000] {logging_mixin.py:137} INFO - [2023-03-04T13:10:05.417+0000] {dag.py:3441} INFO - Setting next_dagrun for example_branch_operator to 2023-03-03T00:00:00+00:00, run_after=2023-03-04T00:00:00+00:00
[2023-03-04T13:10:05.436+0000] {processor.py:175} INFO - Processing /home/airflow/.local/lib/python3.7/site-packages/airflow/example_dags/example_branch_operator.py took 0.422 seconds
[2023-03-04T13:26:38.213+0000] {processor.py:153} INFO - Started process (PID=5542) to work on /home/airflow/.local/lib/python3.7/site-packages/airflow/example_dags/example_branch_operator.py
[2023-03-04T13:26:38.215+0000] {processor.py:743} INFO - Processing file /home/airflow/.local/lib/python3.7/site-packages/airflow/example_dags/example_branch_operator.py for tasks to queue
[2023-03-04T13:26:38.217+0000] {logging_mixin.py:137} INFO - [2023-03-04T13:26:38.216+0000] {dagbag.py:538} INFO - Filling up the DagBag from /home/airflow/.local/lib/python3.7/site-packages/airflow/example_dags/example_branch_operator.py
[2023-03-04T13:26:38.236+0000] {processor.py:753} INFO - DAG(s) dict_keys(['example_branch_operator']) retrieved from /home/airflow/.local/lib/python3.7/site-packages/airflow/example_dags/example_branch_operator.py
[2023-03-04T13:26:38.296+0000] {logging_mixin.py:137} INFO - [2023-03-04T13:26:38.296+0000] {dag.py:2690} INFO - Sync 1 DAGs
[2023-03-04T13:26:38.314+0000] {logging_mixin.py:137} INFO - [2023-03-04T13:26:38.314+0000] {dag.py:3441} INFO - Setting next_dagrun for example_branch_operator to 2023-03-03T00:00:00+00:00, run_after=2023-03-04T00:00:00+00:00
[2023-03-04T13:26:38.326+0000] {processor.py:175} INFO - Processing /home/airflow/.local/lib/python3.7/site-packages/airflow/example_dags/example_branch_operator.py took 0.118 seconds
[2023-03-04T13:40:40.323+0000] {processor.py:153} INFO - Started process (PID=5604) to work on /home/airflow/.local/lib/python3.7/site-packages/airflow/example_dags/example_branch_operator.py
[2023-03-04T13:40:40.325+0000] {processor.py:743} INFO - Processing file /home/airflow/.local/lib/python3.7/site-packages/airflow/example_dags/example_branch_operator.py for tasks to queue
[2023-03-04T13:40:40.326+0000] {logging_mixin.py:137} INFO - [2023-03-04T13:40:40.326+0000] {dagbag.py:538} INFO - Filling up the DagBag from /home/airflow/.local/lib/python3.7/site-packages/airflow/example_dags/example_branch_operator.py
[2023-03-04T13:40:40.339+0000] {processor.py:753} INFO - DAG(s) dict_keys(['example_branch_operator']) retrieved from /home/airflow/.local/lib/python3.7/site-packages/airflow/example_dags/example_branch_operator.py
[2023-03-04T13:40:40.365+0000] {logging_mixin.py:137} INFO - [2023-03-04T13:40:40.365+0000] {dag.py:2690} INFO - Sync 1 DAGs
[2023-03-04T13:40:40.386+0000] {logging_mixin.py:137} INFO - [2023-03-04T13:40:40.386+0000] {dag.py:3441} INFO - Setting next_dagrun for example_branch_operator to 2023-03-03T00:00:00+00:00, run_after=2023-03-04T00:00:00+00:00
[2023-03-04T13:40:40.399+0000] {processor.py:175} INFO - Processing /home/airflow/.local/lib/python3.7/site-packages/airflow/example_dags/example_branch_operator.py took 0.078 seconds
[2023-03-04T14:00:04.401+0000] {processor.py:153} INFO - Started process (PID=5667) to work on /home/airflow/.local/lib/python3.7/site-packages/airflow/example_dags/example_branch_operator.py
[2023-03-04T14:00:04.402+0000] {processor.py:743} INFO - Processing file /home/airflow/.local/lib/python3.7/site-packages/airflow/example_dags/example_branch_operator.py for tasks to queue
[2023-03-04T14:00:04.403+0000] {logging_mixin.py:137} INFO - [2023-03-04T14:00:04.403+0000] {dagbag.py:538} INFO - Filling up the DagBag from /home/airflow/.local/lib/python3.7/site-packages/airflow/example_dags/example_branch_operator.py
[2023-03-04T14:00:04.416+0000] {processor.py:753} INFO - DAG(s) dict_keys(['example_branch_operator']) retrieved from /home/airflow/.local/lib/python3.7/site-packages/airflow/example_dags/example_branch_operator.py
[2023-03-04T14:00:04.446+0000] {logging_mixin.py:137} INFO - [2023-03-04T14:00:04.446+0000] {dag.py:2690} INFO - Sync 1 DAGs
[2023-03-04T14:00:04.465+0000] {logging_mixin.py:137} INFO - [2023-03-04T14:00:04.465+0000] {dag.py:3441} INFO - Setting next_dagrun for example_branch_operator to 2023-03-03T00:00:00+00:00, run_after=2023-03-04T00:00:00+00:00
[2023-03-04T14:00:04.477+0000] {processor.py:175} INFO - Processing /home/airflow/.local/lib/python3.7/site-packages/airflow/example_dags/example_branch_operator.py took 0.079 seconds
[2023-03-04T14:50:39.541+0000] {processor.py:153} INFO - Started process (PID=5730) to work on /home/airflow/.local/lib/python3.7/site-packages/airflow/example_dags/example_branch_operator.py
[2023-03-04T14:50:39.545+0000] {processor.py:743} INFO - Processing file /home/airflow/.local/lib/python3.7/site-packages/airflow/example_dags/example_branch_operator.py for tasks to queue
[2023-03-04T14:50:39.547+0000] {logging_mixin.py:137} INFO - [2023-03-04T14:50:39.547+0000] {dagbag.py:538} INFO - Filling up the DagBag from /home/airflow/.local/lib/python3.7/site-packages/airflow/example_dags/example_branch_operator.py
[2023-03-04T14:50:39.567+0000] {processor.py:753} INFO - DAG(s) dict_keys(['example_branch_operator']) retrieved from /home/airflow/.local/lib/python3.7/site-packages/airflow/example_dags/example_branch_operator.py
[2023-03-04T14:50:39.603+0000] {logging_mixin.py:137} INFO - [2023-03-04T14:50:39.603+0000] {dag.py:2690} INFO - Sync 1 DAGs
[2023-03-04T14:50:39.623+0000] {logging_mixin.py:137} INFO - [2023-03-04T14:50:39.623+0000] {dag.py:3441} INFO - Setting next_dagrun for example_branch_operator to 2023-03-03T00:00:00+00:00, run_after=2023-03-04T00:00:00+00:00
[2023-03-04T14:50:39.636+0000] {processor.py:175} INFO - Processing /home/airflow/.local/lib/python3.7/site-packages/airflow/example_dags/example_branch_operator.py took 0.104 seconds
[2023-03-04T15:19:43.440+0000] {processor.py:153} INFO - Started process (PID=5805) to work on /home/airflow/.local/lib/python3.7/site-packages/airflow/example_dags/example_branch_operator.py
[2023-03-04T15:19:43.455+0000] {processor.py:743} INFO - Processing file /home/airflow/.local/lib/python3.7/site-packages/airflow/example_dags/example_branch_operator.py for tasks to queue
[2023-03-04T15:19:43.465+0000] {logging_mixin.py:137} INFO - [2023-03-04T15:19:43.465+0000] {dagbag.py:538} INFO - Filling up the DagBag from /home/airflow/.local/lib/python3.7/site-packages/airflow/example_dags/example_branch_operator.py
[2023-03-04T15:19:43.540+0000] {processor.py:753} INFO - DAG(s) dict_keys(['example_branch_operator']) retrieved from /home/airflow/.local/lib/python3.7/site-packages/airflow/example_dags/example_branch_operator.py
[2023-03-04T15:19:43.708+0000] {logging_mixin.py:137} INFO - [2023-03-04T15:19:43.708+0000] {dag.py:2690} INFO - Sync 1 DAGs
[2023-03-04T15:19:43.773+0000] {logging_mixin.py:137} INFO - [2023-03-04T15:19:43.773+0000] {dag.py:3441} INFO - Setting next_dagrun for example_branch_operator to 2023-03-03T00:00:00+00:00, run_after=2023-03-04T00:00:00+00:00
[2023-03-04T15:19:43.819+0000] {processor.py:175} INFO - Processing /home/airflow/.local/lib/python3.7/site-packages/airflow/example_dags/example_branch_operator.py took 0.395 seconds
[2023-03-04T15:27:00.726+0000] {processor.py:153} INFO - Started process (PID=5867) to work on /home/airflow/.local/lib/python3.7/site-packages/airflow/example_dags/example_branch_operator.py
[2023-03-04T15:27:00.868+0000] {processor.py:743} INFO - Processing file /home/airflow/.local/lib/python3.7/site-packages/airflow/example_dags/example_branch_operator.py for tasks to queue
[2023-03-04T15:27:00.942+0000] {logging_mixin.py:137} INFO - [2023-03-04T15:27:00.931+0000] {dagbag.py:538} INFO - Filling up the DagBag from /home/airflow/.local/lib/python3.7/site-packages/airflow/example_dags/example_branch_operator.py
[2023-03-04T15:27:01.450+0000] {processor.py:753} INFO - DAG(s) dict_keys(['example_branch_operator']) retrieved from /home/airflow/.local/lib/python3.7/site-packages/airflow/example_dags/example_branch_operator.py
[2023-03-04T15:27:01.786+0000] {logging_mixin.py:137} INFO - [2023-03-04T15:27:01.785+0000] {dag.py:2690} INFO - Sync 1 DAGs
[2023-03-04T15:27:01.841+0000] {logging_mixin.py:137} INFO - [2023-03-04T15:27:01.841+0000] {dag.py:3441} INFO - Setting next_dagrun for example_branch_operator to 2023-03-03T00:00:00+00:00, run_after=2023-03-04T00:00:00+00:00
[2023-03-04T15:27:01.947+0000] {processor.py:175} INFO - Processing /home/airflow/.local/lib/python3.7/site-packages/airflow/example_dags/example_branch_operator.py took 1.553 seconds
[2023-03-04T16:21:40.595+0000] {processor.py:153} INFO - Started process (PID=5918) to work on /home/airflow/.local/lib/python3.7/site-packages/airflow/example_dags/example_branch_operator.py
[2023-03-04T16:21:41.023+0000] {processor.py:743} INFO - Processing file /home/airflow/.local/lib/python3.7/site-packages/airflow/example_dags/example_branch_operator.py for tasks to queue
[2023-03-04T16:21:41.052+0000] {logging_mixin.py:137} INFO - [2023-03-04T16:21:41.052+0000] {dagbag.py:538} INFO - Filling up the DagBag from /home/airflow/.local/lib/python3.7/site-packages/airflow/example_dags/example_branch_operator.py
[2023-03-04T16:21:41.313+0000] {processor.py:753} INFO - DAG(s) dict_keys(['example_branch_operator']) retrieved from /home/airflow/.local/lib/python3.7/site-packages/airflow/example_dags/example_branch_operator.py
[2023-03-04T16:21:41.448+0000] {logging_mixin.py:137} INFO - [2023-03-04T16:21:41.448+0000] {dag.py:2690} INFO - Sync 1 DAGs
[2023-03-04T16:21:41.549+0000] {logging_mixin.py:137} INFO - [2023-03-04T16:21:41.549+0000] {dag.py:3441} INFO - Setting next_dagrun for example_branch_operator to 2023-03-03T00:00:00+00:00, run_after=2023-03-04T00:00:00+00:00
[2023-03-04T16:21:41.639+0000] {processor.py:175} INFO - Processing /home/airflow/.local/lib/python3.7/site-packages/airflow/example_dags/example_branch_operator.py took 1.055 seconds
[2023-03-04T17:17:16.952+0000] {processor.py:153} INFO - Started process (PID=5976) to work on /home/airflow/.local/lib/python3.7/site-packages/airflow/example_dags/example_branch_operator.py
[2023-03-04T17:17:16.955+0000] {processor.py:743} INFO - Processing file /home/airflow/.local/lib/python3.7/site-packages/airflow/example_dags/example_branch_operator.py for tasks to queue
[2023-03-04T17:17:16.958+0000] {logging_mixin.py:137} INFO - [2023-03-04T17:17:16.958+0000] {dagbag.py:538} INFO - Filling up the DagBag from /home/airflow/.local/lib/python3.7/site-packages/airflow/example_dags/example_branch_operator.py
[2023-03-04T17:17:16.980+0000] {processor.py:753} INFO - DAG(s) dict_keys(['example_branch_operator']) retrieved from /home/airflow/.local/lib/python3.7/site-packages/airflow/example_dags/example_branch_operator.py
[2023-03-04T17:17:17.005+0000] {logging_mixin.py:137} INFO - [2023-03-04T17:17:17.005+0000] {dag.py:2690} INFO - Sync 1 DAGs
[2023-03-04T17:17:17.023+0000] {logging_mixin.py:137} INFO - [2023-03-04T17:17:17.023+0000] {dag.py:3441} INFO - Setting next_dagrun for example_branch_operator to 2023-03-03T00:00:00+00:00, run_after=2023-03-04T00:00:00+00:00
[2023-03-04T17:17:17.042+0000] {processor.py:175} INFO - Processing /home/airflow/.local/lib/python3.7/site-packages/airflow/example_dags/example_branch_operator.py took 0.094 seconds
[2023-03-04T18:30:31.644+0000] {processor.py:153} INFO - Started process (PID=6039) to work on /home/airflow/.local/lib/python3.7/site-packages/airflow/example_dags/example_branch_operator.py
[2023-03-04T18:30:31.646+0000] {processor.py:743} INFO - Processing file /home/airflow/.local/lib/python3.7/site-packages/airflow/example_dags/example_branch_operator.py for tasks to queue
[2023-03-04T18:30:31.647+0000] {logging_mixin.py:137} INFO - [2023-03-04T18:30:31.647+0000] {dagbag.py:538} INFO - Filling up the DagBag from /home/airflow/.local/lib/python3.7/site-packages/airflow/example_dags/example_branch_operator.py
[2023-03-04T18:30:31.668+0000] {processor.py:753} INFO - DAG(s) dict_keys(['example_branch_operator']) retrieved from /home/airflow/.local/lib/python3.7/site-packages/airflow/example_dags/example_branch_operator.py
[2023-03-04T18:30:31.701+0000] {logging_mixin.py:137} INFO - [2023-03-04T18:30:31.701+0000] {dag.py:2690} INFO - Sync 1 DAGs
[2023-03-04T18:30:31.719+0000] {logging_mixin.py:137} INFO - [2023-03-04T18:30:31.719+0000] {dag.py:3441} INFO - Setting next_dagrun for example_branch_operator to 2023-03-03T00:00:00+00:00, run_after=2023-03-04T00:00:00+00:00
[2023-03-04T18:30:31.734+0000] {processor.py:175} INFO - Processing /home/airflow/.local/lib/python3.7/site-packages/airflow/example_dags/example_branch_operator.py took 0.093 seconds
[2023-03-04T19:34:50.419+0000] {processor.py:153} INFO - Started process (PID=6115) to work on /home/airflow/.local/lib/python3.7/site-packages/airflow/example_dags/example_branch_operator.py
[2023-03-04T19:34:50.422+0000] {processor.py:743} INFO - Processing file /home/airflow/.local/lib/python3.7/site-packages/airflow/example_dags/example_branch_operator.py for tasks to queue
[2023-03-04T19:34:50.424+0000] {logging_mixin.py:137} INFO - [2023-03-04T19:34:50.424+0000] {dagbag.py:538} INFO - Filling up the DagBag from /home/airflow/.local/lib/python3.7/site-packages/airflow/example_dags/example_branch_operator.py
[2023-03-04T19:34:50.521+0000] {processor.py:753} INFO - DAG(s) dict_keys(['example_branch_operator']) retrieved from /home/airflow/.local/lib/python3.7/site-packages/airflow/example_dags/example_branch_operator.py
[2023-03-04T19:34:50.624+0000] {logging_mixin.py:137} INFO - [2023-03-04T19:34:50.623+0000] {dag.py:2690} INFO - Sync 1 DAGs
[2023-03-04T19:34:51.000+0000] {logging_mixin.py:137} INFO - [2023-03-04T19:34:50.999+0000] {dag.py:3441} INFO - Setting next_dagrun for example_branch_operator to 2023-03-03T00:00:00+00:00, run_after=2023-03-04T00:00:00+00:00
[2023-03-04T19:34:51.311+0000] {processor.py:175} INFO - Processing /home/airflow/.local/lib/python3.7/site-packages/airflow/example_dags/example_branch_operator.py took 0.905 seconds
[2023-03-04T20:25:41.724+0000] {processor.py:153} INFO - Started process (PID=6176) to work on /home/airflow/.local/lib/python3.7/site-packages/airflow/example_dags/example_branch_operator.py
[2023-03-04T20:25:41.810+0000] {processor.py:743} INFO - Processing file /home/airflow/.local/lib/python3.7/site-packages/airflow/example_dags/example_branch_operator.py for tasks to queue
[2023-03-04T20:25:41.818+0000] {logging_mixin.py:137} INFO - [2023-03-04T20:25:41.818+0000] {dagbag.py:538} INFO - Filling up the DagBag from /home/airflow/.local/lib/python3.7/site-packages/airflow/example_dags/example_branch_operator.py
[2023-03-04T20:25:42.001+0000] {processor.py:753} INFO - DAG(s) dict_keys(['example_branch_operator']) retrieved from /home/airflow/.local/lib/python3.7/site-packages/airflow/example_dags/example_branch_operator.py
[2023-03-04T20:25:42.137+0000] {logging_mixin.py:137} INFO - [2023-03-04T20:25:42.137+0000] {dag.py:2690} INFO - Sync 1 DAGs
[2023-03-04T20:25:42.219+0000] {logging_mixin.py:137} INFO - [2023-03-04T20:25:42.218+0000] {dag.py:3441} INFO - Setting next_dagrun for example_branch_operator to 2023-03-03T00:00:00+00:00, run_after=2023-03-04T00:00:00+00:00
[2023-03-04T20:25:42.280+0000] {processor.py:175} INFO - Processing /home/airflow/.local/lib/python3.7/site-packages/airflow/example_dags/example_branch_operator.py took 0.571 seconds
[2023-03-04T21:17:47.249+0000] {processor.py:153} INFO - Started process (PID=6242) to work on /home/airflow/.local/lib/python3.7/site-packages/airflow/example_dags/example_branch_operator.py
[2023-03-04T21:17:47.251+0000] {processor.py:743} INFO - Processing file /home/airflow/.local/lib/python3.7/site-packages/airflow/example_dags/example_branch_operator.py for tasks to queue
[2023-03-04T21:17:47.252+0000] {logging_mixin.py:137} INFO - [2023-03-04T21:17:47.251+0000] {dagbag.py:538} INFO - Filling up the DagBag from /home/airflow/.local/lib/python3.7/site-packages/airflow/example_dags/example_branch_operator.py
[2023-03-04T21:17:47.274+0000] {processor.py:753} INFO - DAG(s) dict_keys(['example_branch_operator']) retrieved from /home/airflow/.local/lib/python3.7/site-packages/airflow/example_dags/example_branch_operator.py
[2023-03-04T21:17:47.315+0000] {logging_mixin.py:137} INFO - [2023-03-04T21:17:47.315+0000] {dag.py:2690} INFO - Sync 1 DAGs
[2023-03-04T21:17:47.357+0000] {logging_mixin.py:137} INFO - [2023-03-04T21:17:47.357+0000] {dag.py:3441} INFO - Setting next_dagrun for example_branch_operator to 2023-03-03T00:00:00+00:00, run_after=2023-03-04T00:00:00+00:00
[2023-03-04T21:17:47.389+0000] {processor.py:175} INFO - Processing /home/airflow/.local/lib/python3.7/site-packages/airflow/example_dags/example_branch_operator.py took 0.144 seconds
[2023-03-04T22:18:13.054+0000] {processor.py:153} INFO - Started process (PID=6306) to work on /home/airflow/.local/lib/python3.7/site-packages/airflow/example_dags/example_branch_operator.py
[2023-03-04T22:18:13.057+0000] {processor.py:743} INFO - Processing file /home/airflow/.local/lib/python3.7/site-packages/airflow/example_dags/example_branch_operator.py for tasks to queue
[2023-03-04T22:18:13.059+0000] {logging_mixin.py:137} INFO - [2023-03-04T22:18:13.059+0000] {dagbag.py:538} INFO - Filling up the DagBag from /home/airflow/.local/lib/python3.7/site-packages/airflow/example_dags/example_branch_operator.py
[2023-03-04T22:18:13.092+0000] {processor.py:753} INFO - DAG(s) dict_keys(['example_branch_operator']) retrieved from /home/airflow/.local/lib/python3.7/site-packages/airflow/example_dags/example_branch_operator.py
[2023-03-04T22:18:13.707+0000] {logging_mixin.py:137} INFO - [2023-03-04T22:18:13.706+0000] {dag.py:2690} INFO - Sync 1 DAGs
[2023-03-04T22:18:13.788+0000] {logging_mixin.py:137} INFO - [2023-03-04T22:18:13.787+0000] {dag.py:3441} INFO - Setting next_dagrun for example_branch_operator to 2023-03-03T00:00:00+00:00, run_after=2023-03-04T00:00:00+00:00
[2023-03-04T22:18:13.846+0000] {processor.py:175} INFO - Processing /home/airflow/.local/lib/python3.7/site-packages/airflow/example_dags/example_branch_operator.py took 0.797 seconds
[2023-03-04T23:42:21.035+0000] {processor.py:153} INFO - Started process (PID=6369) to work on /home/airflow/.local/lib/python3.7/site-packages/airflow/example_dags/example_branch_operator.py
[2023-03-04T23:42:21.036+0000] {processor.py:743} INFO - Processing file /home/airflow/.local/lib/python3.7/site-packages/airflow/example_dags/example_branch_operator.py for tasks to queue
[2023-03-04T23:42:21.038+0000] {logging_mixin.py:137} INFO - [2023-03-04T23:42:21.038+0000] {dagbag.py:538} INFO - Filling up the DagBag from /home/airflow/.local/lib/python3.7/site-packages/airflow/example_dags/example_branch_operator.py
[2023-03-04T23:42:21.056+0000] {processor.py:753} INFO - DAG(s) dict_keys(['example_branch_operator']) retrieved from /home/airflow/.local/lib/python3.7/site-packages/airflow/example_dags/example_branch_operator.py
[2023-03-04T23:42:21.092+0000] {logging_mixin.py:137} INFO - [2023-03-04T23:42:21.092+0000] {dag.py:2690} INFO - Sync 1 DAGs
[2023-03-04T23:42:21.126+0000] {logging_mixin.py:137} INFO - [2023-03-04T23:42:21.126+0000] {dag.py:3441} INFO - Setting next_dagrun for example_branch_operator to 2023-03-03T00:00:00+00:00, run_after=2023-03-04T00:00:00+00:00
[2023-03-04T23:42:21.141+0000] {processor.py:175} INFO - Processing /home/airflow/.local/lib/python3.7/site-packages/airflow/example_dags/example_branch_operator.py took 0.110 seconds
