[2023-03-04T00:47:47.723+0000] {processor.py:153} INFO - Started process (PID=4579) to work on /home/airflow/.local/lib/python3.7/site-packages/airflow/example_dags/example_datasets.py
[2023-03-04T00:47:47.856+0000] {processor.py:743} INFO - Processing file /home/airflow/.local/lib/python3.7/site-packages/airflow/example_dags/example_datasets.py for tasks to queue
[2023-03-04T00:47:47.870+0000] {logging_mixin.py:137} INFO - [2023-03-04T00:47:47.869+0000] {dagbag.py:538} INFO - Filling up the DagBag from /home/airflow/.local/lib/python3.7/site-packages/airflow/example_dags/example_datasets.py
[2023-03-04T00:47:49.989+0000] {processor.py:753} INFO - DAG(s) dict_keys(['dataset_consumes_1_and_2', 'dataset_consumes_1', 'dataset_consumes_unknown_never_scheduled', 'dataset_produces_2', 'dataset_produces_1', 'dataset_consumes_1_never_scheduled']) retrieved from /home/airflow/.local/lib/python3.7/site-packages/airflow/example_dags/example_datasets.py
[2023-03-04T00:47:51.754+0000] {logging_mixin.py:137} INFO - [2023-03-04T00:47:51.752+0000] {dag.py:2690} INFO - Sync 6 DAGs
[2023-03-04T00:47:53.015+0000] {logging_mixin.py:137} INFO - [2023-03-04T00:47:52.983+0000] {dag.py:3441} INFO - Setting next_dagrun for dataset_consumes_1 to None, run_after=None
[2023-03-04T00:47:53.701+0000] {logging_mixin.py:137} INFO - [2023-03-04T00:47:53.698+0000] {dag.py:3441} INFO - Setting next_dagrun for dataset_consumes_1_and_2 to None, run_after=None
[2023-03-04T00:47:53.764+0000] {logging_mixin.py:137} INFO - [2023-03-04T00:47:53.764+0000] {dag.py:3441} INFO - Setting next_dagrun for dataset_consumes_1_never_scheduled to None, run_after=None
[2023-03-04T00:47:53.786+0000] {logging_mixin.py:137} INFO - [2023-03-04T00:47:53.785+0000] {dag.py:3441} INFO - Setting next_dagrun for dataset_consumes_unknown_never_scheduled to None, run_after=None
[2023-03-04T00:47:53.962+0000] {logging_mixin.py:137} INFO - [2023-03-04T00:47:53.960+0000] {dag.py:3441} INFO - Setting next_dagrun for dataset_produces_1 to 2023-03-03T00:00:00+00:00, run_after=2023-03-04T00:00:00+00:00
[2023-03-04T00:47:53.990+0000] {logging_mixin.py:137} INFO - [2023-03-04T00:47:53.989+0000] {dag.py:3441} INFO - Setting next_dagrun for dataset_produces_2 to None, run_after=None
[2023-03-04T00:47:54.895+0000] {processor.py:175} INFO - Processing /home/airflow/.local/lib/python3.7/site-packages/airflow/example_dags/example_datasets.py took 7.214 seconds
[2023-03-04T06:11:05.330+0000] {processor.py:153} INFO - Started process (PID=4704) to work on /home/airflow/.local/lib/python3.7/site-packages/airflow/example_dags/example_datasets.py
[2023-03-04T06:33:17.585+0000] {processor.py:743} INFO - Processing file /home/airflow/.local/lib/python3.7/site-packages/airflow/example_dags/example_datasets.py for tasks to queue
[2023-03-04T06:33:17.616+0000] {logging_mixin.py:137} INFO - [2023-03-04T06:33:17.606+0000] {dagbag.py:538} INFO - Filling up the DagBag from /home/airflow/.local/lib/python3.7/site-packages/airflow/example_dags/example_datasets.py
[2023-03-04T06:33:18.232+0000] {processor.py:753} INFO - DAG(s) dict_keys(['dataset_consumes_1_never_scheduled', 'dataset_produces_1', 'dataset_consumes_unknown_never_scheduled', 'dataset_consumes_1_and_2', 'dataset_consumes_1', 'dataset_produces_2']) retrieved from /home/airflow/.local/lib/python3.7/site-packages/airflow/example_dags/example_datasets.py
[2023-03-04T07:05:55.930+0000] {processor.py:153} INFO - Started process (PID=4771) to work on /home/airflow/.local/lib/python3.7/site-packages/airflow/example_dags/example_datasets.py
[2023-03-04T07:05:55.939+0000] {processor.py:743} INFO - Processing file /home/airflow/.local/lib/python3.7/site-packages/airflow/example_dags/example_datasets.py for tasks to queue
[2023-03-04T07:05:55.945+0000] {logging_mixin.py:137} INFO - [2023-03-04T07:05:55.945+0000] {dagbag.py:538} INFO - Filling up the DagBag from /home/airflow/.local/lib/python3.7/site-packages/airflow/example_dags/example_datasets.py
[2023-03-04T07:05:55.974+0000] {processor.py:753} INFO - DAG(s) dict_keys(['dataset_consumes_1_never_scheduled', 'dataset_consumes_unknown_never_scheduled', 'dataset_consumes_1', 'dataset_produces_2', 'dataset_consumes_1_and_2', 'dataset_produces_1']) retrieved from /home/airflow/.local/lib/python3.7/site-packages/airflow/example_dags/example_datasets.py
[2023-03-04T07:05:56.168+0000] {logging_mixin.py:137} INFO - [2023-03-04T07:05:56.168+0000] {dag.py:2690} INFO - Sync 6 DAGs
[2023-03-04T07:05:56.247+0000] {logging_mixin.py:137} INFO - [2023-03-04T07:05:56.247+0000] {dag.py:3441} INFO - Setting next_dagrun for dataset_consumes_1 to None, run_after=None
[2023-03-04T07:05:56.255+0000] {logging_mixin.py:137} INFO - [2023-03-04T07:05:56.255+0000] {dag.py:3441} INFO - Setting next_dagrun for dataset_consumes_1_and_2 to None, run_after=None
[2023-03-04T07:05:56.266+0000] {logging_mixin.py:137} INFO - [2023-03-04T07:05:56.266+0000] {dag.py:3441} INFO - Setting next_dagrun for dataset_consumes_1_never_scheduled to None, run_after=None
[2023-03-04T07:05:56.286+0000] {logging_mixin.py:137} INFO - [2023-03-04T07:05:56.286+0000] {dag.py:3441} INFO - Setting next_dagrun for dataset_consumes_unknown_never_scheduled to None, run_after=None
[2023-03-04T07:05:56.296+0000] {logging_mixin.py:137} INFO - [2023-03-04T07:05:56.296+0000] {dag.py:3441} INFO - Setting next_dagrun for dataset_produces_1 to 2023-03-03T00:00:00+00:00, run_after=2023-03-04T00:00:00+00:00
[2023-03-04T07:05:56.304+0000] {logging_mixin.py:137} INFO - [2023-03-04T07:05:56.304+0000] {dag.py:3441} INFO - Setting next_dagrun for dataset_produces_2 to None, run_after=None
[2023-03-04T07:05:56.484+0000] {processor.py:175} INFO - Processing /home/airflow/.local/lib/python3.7/site-packages/airflow/example_dags/example_datasets.py took 0.558 seconds
[2023-03-04T07:37:53.933+0000] {processor.py:153} INFO - Started process (PID=4830) to work on /home/airflow/.local/lib/python3.7/site-packages/airflow/example_dags/example_datasets.py
[2023-03-04T07:37:53.934+0000] {processor.py:743} INFO - Processing file /home/airflow/.local/lib/python3.7/site-packages/airflow/example_dags/example_datasets.py for tasks to queue
[2023-03-04T07:37:53.935+0000] {logging_mixin.py:137} INFO - [2023-03-04T07:37:53.935+0000] {dagbag.py:538} INFO - Filling up the DagBag from /home/airflow/.local/lib/python3.7/site-packages/airflow/example_dags/example_datasets.py
[2023-03-04T07:37:53.954+0000] {processor.py:753} INFO - DAG(s) dict_keys(['dataset_produces_1', 'dataset_consumes_1_and_2', 'dataset_consumes_1', 'dataset_produces_2', 'dataset_consumes_1_never_scheduled', 'dataset_consumes_unknown_never_scheduled']) retrieved from /home/airflow/.local/lib/python3.7/site-packages/airflow/example_dags/example_datasets.py
[2023-03-04T07:37:53.991+0000] {logging_mixin.py:137} INFO - [2023-03-04T07:37:53.990+0000] {dag.py:2690} INFO - Sync 6 DAGs
[2023-03-04T07:37:54.008+0000] {logging_mixin.py:137} INFO - [2023-03-04T07:37:54.008+0000] {dag.py:3441} INFO - Setting next_dagrun for dataset_consumes_1 to None, run_after=None
[2023-03-04T07:37:54.011+0000] {logging_mixin.py:137} INFO - [2023-03-04T07:37:54.011+0000] {dag.py:3441} INFO - Setting next_dagrun for dataset_consumes_1_and_2 to None, run_after=None
[2023-03-04T07:37:54.012+0000] {logging_mixin.py:137} INFO - [2023-03-04T07:37:54.012+0000] {dag.py:3441} INFO - Setting next_dagrun for dataset_consumes_1_never_scheduled to None, run_after=None
[2023-03-04T07:37:54.013+0000] {logging_mixin.py:137} INFO - [2023-03-04T07:37:54.013+0000] {dag.py:3441} INFO - Setting next_dagrun for dataset_consumes_unknown_never_scheduled to None, run_after=None
[2023-03-04T07:37:54.015+0000] {logging_mixin.py:137} INFO - [2023-03-04T07:37:54.015+0000] {dag.py:3441} INFO - Setting next_dagrun for dataset_produces_1 to 2023-03-03T00:00:00+00:00, run_after=2023-03-04T00:00:00+00:00
[2023-03-04T07:37:54.016+0000] {logging_mixin.py:137} INFO - [2023-03-04T07:37:54.016+0000] {dag.py:3441} INFO - Setting next_dagrun for dataset_produces_2 to None, run_after=None
[2023-03-04T07:37:54.043+0000] {processor.py:175} INFO - Processing /home/airflow/.local/lib/python3.7/site-packages/airflow/example_dags/example_datasets.py took 0.113 seconds
[2023-03-04T07:43:52.520+0000] {processor.py:153} INFO - Started process (PID=4893) to work on /home/airflow/.local/lib/python3.7/site-packages/airflow/example_dags/example_datasets.py
[2023-03-04T07:43:52.523+0000] {processor.py:743} INFO - Processing file /home/airflow/.local/lib/python3.7/site-packages/airflow/example_dags/example_datasets.py for tasks to queue
[2023-03-04T07:43:52.526+0000] {logging_mixin.py:137} INFO - [2023-03-04T07:43:52.526+0000] {dagbag.py:538} INFO - Filling up the DagBag from /home/airflow/.local/lib/python3.7/site-packages/airflow/example_dags/example_datasets.py
[2023-03-04T07:43:52.570+0000] {processor.py:753} INFO - DAG(s) dict_keys(['dataset_consumes_1', 'dataset_consumes_1_and_2', 'dataset_consumes_unknown_never_scheduled', 'dataset_consumes_1_never_scheduled', 'dataset_produces_2', 'dataset_produces_1']) retrieved from /home/airflow/.local/lib/python3.7/site-packages/airflow/example_dags/example_datasets.py
[2023-03-04T07:43:52.651+0000] {logging_mixin.py:137} INFO - [2023-03-04T07:43:52.651+0000] {dag.py:2690} INFO - Sync 6 DAGs
[2023-03-04T07:43:52.672+0000] {logging_mixin.py:137} INFO - [2023-03-04T07:43:52.672+0000] {dag.py:3441} INFO - Setting next_dagrun for dataset_consumes_1 to None, run_after=None
[2023-03-04T07:43:52.675+0000] {logging_mixin.py:137} INFO - [2023-03-04T07:43:52.675+0000] {dag.py:3441} INFO - Setting next_dagrun for dataset_consumes_1_and_2 to None, run_after=None
[2023-03-04T07:43:52.677+0000] {logging_mixin.py:137} INFO - [2023-03-04T07:43:52.677+0000] {dag.py:3441} INFO - Setting next_dagrun for dataset_consumes_1_never_scheduled to None, run_after=None
[2023-03-04T07:43:52.678+0000] {logging_mixin.py:137} INFO - [2023-03-04T07:43:52.678+0000] {dag.py:3441} INFO - Setting next_dagrun for dataset_consumes_unknown_never_scheduled to None, run_after=None
[2023-03-04T07:43:52.680+0000] {logging_mixin.py:137} INFO - [2023-03-04T07:43:52.680+0000] {dag.py:3441} INFO - Setting next_dagrun for dataset_produces_1 to 2023-03-03T00:00:00+00:00, run_after=2023-03-04T00:00:00+00:00
[2023-03-04T07:43:52.693+0000] {logging_mixin.py:137} INFO - [2023-03-04T07:43:52.693+0000] {dag.py:3441} INFO - Setting next_dagrun for dataset_produces_2 to None, run_after=None
[2023-03-04T07:43:52.748+0000] {processor.py:175} INFO - Processing /home/airflow/.local/lib/python3.7/site-packages/airflow/example_dags/example_datasets.py took 0.235 seconds
[2023-03-04T09:08:14.361+0000] {processor.py:153} INFO - Started process (PID=4968) to work on /home/airflow/.local/lib/python3.7/site-packages/airflow/example_dags/example_datasets.py
[2023-03-04T09:08:14.362+0000] {processor.py:743} INFO - Processing file /home/airflow/.local/lib/python3.7/site-packages/airflow/example_dags/example_datasets.py for tasks to queue
[2023-03-04T09:08:14.363+0000] {logging_mixin.py:137} INFO - [2023-03-04T09:08:14.363+0000] {dagbag.py:538} INFO - Filling up the DagBag from /home/airflow/.local/lib/python3.7/site-packages/airflow/example_dags/example_datasets.py
[2023-03-04T09:08:14.388+0000] {processor.py:753} INFO - DAG(s) dict_keys(['dataset_consumes_1', 'dataset_consumes_1_never_scheduled', 'dataset_consumes_1_and_2', 'dataset_consumes_unknown_never_scheduled', 'dataset_produces_2', 'dataset_produces_1']) retrieved from /home/airflow/.local/lib/python3.7/site-packages/airflow/example_dags/example_datasets.py
[2023-03-04T09:08:14.453+0000] {logging_mixin.py:137} INFO - [2023-03-04T09:08:14.452+0000] {dag.py:2690} INFO - Sync 6 DAGs
[2023-03-04T09:08:14.483+0000] {logging_mixin.py:137} INFO - [2023-03-04T09:08:14.483+0000] {dag.py:3441} INFO - Setting next_dagrun for dataset_consumes_1 to None, run_after=None
[2023-03-04T09:08:14.489+0000] {logging_mixin.py:137} INFO - [2023-03-04T09:08:14.488+0000] {dag.py:3441} INFO - Setting next_dagrun for dataset_consumes_1_and_2 to None, run_after=None
[2023-03-04T09:08:14.491+0000] {logging_mixin.py:137} INFO - [2023-03-04T09:08:14.491+0000] {dag.py:3441} INFO - Setting next_dagrun for dataset_consumes_1_never_scheduled to None, run_after=None
[2023-03-04T09:08:14.494+0000] {logging_mixin.py:137} INFO - [2023-03-04T09:08:14.494+0000] {dag.py:3441} INFO - Setting next_dagrun for dataset_consumes_unknown_never_scheduled to None, run_after=None
[2023-03-04T09:08:14.498+0000] {logging_mixin.py:137} INFO - [2023-03-04T09:08:14.498+0000] {dag.py:3441} INFO - Setting next_dagrun for dataset_produces_1 to 2023-03-03T00:00:00+00:00, run_after=2023-03-04T00:00:00+00:00
[2023-03-04T09:08:14.505+0000] {logging_mixin.py:137} INFO - [2023-03-04T09:08:14.504+0000] {dag.py:3441} INFO - Setting next_dagrun for dataset_produces_2 to None, run_after=None
[2023-03-04T09:08:14.591+0000] {processor.py:175} INFO - Processing /home/airflow/.local/lib/python3.7/site-packages/airflow/example_dags/example_datasets.py took 0.234 seconds
[2023-03-04T10:01:49.405+0000] {processor.py:153} INFO - Started process (PID=5031) to work on /home/airflow/.local/lib/python3.7/site-packages/airflow/example_dags/example_datasets.py
[2023-03-04T10:01:49.408+0000] {processor.py:743} INFO - Processing file /home/airflow/.local/lib/python3.7/site-packages/airflow/example_dags/example_datasets.py for tasks to queue
[2023-03-04T10:01:49.409+0000] {logging_mixin.py:137} INFO - [2023-03-04T10:01:49.409+0000] {dagbag.py:538} INFO - Filling up the DagBag from /home/airflow/.local/lib/python3.7/site-packages/airflow/example_dags/example_datasets.py
[2023-03-04T10:01:49.427+0000] {processor.py:753} INFO - DAG(s) dict_keys(['dataset_consumes_1', 'dataset_consumes_1_and_2', 'dataset_produces_2', 'dataset_consumes_unknown_never_scheduled', 'dataset_consumes_1_never_scheduled', 'dataset_produces_1']) retrieved from /home/airflow/.local/lib/python3.7/site-packages/airflow/example_dags/example_datasets.py
[2023-03-04T10:01:49.517+0000] {logging_mixin.py:137} INFO - [2023-03-04T10:01:49.516+0000] {dag.py:2690} INFO - Sync 6 DAGs
[2023-03-04T10:01:49.553+0000] {logging_mixin.py:137} INFO - [2023-03-04T10:01:49.553+0000] {dag.py:3441} INFO - Setting next_dagrun for dataset_consumes_1 to None, run_after=None
[2023-03-04T10:01:49.558+0000] {logging_mixin.py:137} INFO - [2023-03-04T10:01:49.558+0000] {dag.py:3441} INFO - Setting next_dagrun for dataset_consumes_1_and_2 to None, run_after=None
[2023-03-04T10:01:49.564+0000] {logging_mixin.py:137} INFO - [2023-03-04T10:01:49.563+0000] {dag.py:3441} INFO - Setting next_dagrun for dataset_consumes_1_never_scheduled to None, run_after=None
[2023-03-04T10:01:49.569+0000] {logging_mixin.py:137} INFO - [2023-03-04T10:01:49.568+0000] {dag.py:3441} INFO - Setting next_dagrun for dataset_consumes_unknown_never_scheduled to None, run_after=None
[2023-03-04T10:01:49.574+0000] {logging_mixin.py:137} INFO - [2023-03-04T10:01:49.574+0000] {dag.py:3441} INFO - Setting next_dagrun for dataset_produces_1 to 2023-03-03T00:00:00+00:00, run_after=2023-03-04T00:00:00+00:00
[2023-03-04T10:01:49.579+0000] {logging_mixin.py:137} INFO - [2023-03-04T10:01:49.578+0000] {dag.py:3441} INFO - Setting next_dagrun for dataset_produces_2 to None, run_after=None
[2023-03-04T10:01:49.618+0000] {processor.py:175} INFO - Processing /home/airflow/.local/lib/python3.7/site-packages/airflow/example_dags/example_datasets.py took 0.218 seconds
[2023-03-04T10:51:24.035+0000] {processor.py:153} INFO - Started process (PID=5090) to work on /home/airflow/.local/lib/python3.7/site-packages/airflow/example_dags/example_datasets.py
[2023-03-04T10:51:24.038+0000] {processor.py:743} INFO - Processing file /home/airflow/.local/lib/python3.7/site-packages/airflow/example_dags/example_datasets.py for tasks to queue
[2023-03-04T10:51:24.040+0000] {logging_mixin.py:137} INFO - [2023-03-04T10:51:24.039+0000] {dagbag.py:538} INFO - Filling up the DagBag from /home/airflow/.local/lib/python3.7/site-packages/airflow/example_dags/example_datasets.py
[2023-03-04T10:51:24.071+0000] {processor.py:753} INFO - DAG(s) dict_keys(['dataset_consumes_1_and_2', 'dataset_produces_2', 'dataset_consumes_1_never_scheduled', 'dataset_consumes_unknown_never_scheduled', 'dataset_consumes_1', 'dataset_produces_1']) retrieved from /home/airflow/.local/lib/python3.7/site-packages/airflow/example_dags/example_datasets.py
[2023-03-04T10:51:24.154+0000] {logging_mixin.py:137} INFO - [2023-03-04T10:51:24.154+0000] {dag.py:2690} INFO - Sync 6 DAGs
[2023-03-04T10:51:24.196+0000] {logging_mixin.py:137} INFO - [2023-03-04T10:51:24.196+0000] {dag.py:3441} INFO - Setting next_dagrun for dataset_consumes_1 to None, run_after=None
[2023-03-04T10:51:24.199+0000] {logging_mixin.py:137} INFO - [2023-03-04T10:51:24.199+0000] {dag.py:3441} INFO - Setting next_dagrun for dataset_consumes_1_and_2 to None, run_after=None
[2023-03-04T10:51:24.201+0000] {logging_mixin.py:137} INFO - [2023-03-04T10:51:24.201+0000] {dag.py:3441} INFO - Setting next_dagrun for dataset_consumes_1_never_scheduled to None, run_after=None
[2023-03-04T10:51:24.202+0000] {logging_mixin.py:137} INFO - [2023-03-04T10:51:24.202+0000] {dag.py:3441} INFO - Setting next_dagrun for dataset_consumes_unknown_never_scheduled to None, run_after=None
[2023-03-04T10:51:24.206+0000] {logging_mixin.py:137} INFO - [2023-03-04T10:51:24.205+0000] {dag.py:3441} INFO - Setting next_dagrun for dataset_produces_1 to 2023-03-03T00:00:00+00:00, run_after=2023-03-04T00:00:00+00:00
[2023-03-04T10:51:24.210+0000] {logging_mixin.py:137} INFO - [2023-03-04T10:51:24.209+0000] {dag.py:3441} INFO - Setting next_dagrun for dataset_produces_2 to None, run_after=None
[2023-03-04T10:51:24.252+0000] {processor.py:175} INFO - Processing /home/airflow/.local/lib/python3.7/site-packages/airflow/example_dags/example_datasets.py took 0.223 seconds
[2023-03-04T11:12:01.866+0000] {processor.py:153} INFO - Started process (PID=5156) to work on /home/airflow/.local/lib/python3.7/site-packages/airflow/example_dags/example_datasets.py
[2023-03-04T11:12:01.868+0000] {processor.py:743} INFO - Processing file /home/airflow/.local/lib/python3.7/site-packages/airflow/example_dags/example_datasets.py for tasks to queue
[2023-03-04T11:12:01.870+0000] {logging_mixin.py:137} INFO - [2023-03-04T11:12:01.869+0000] {dagbag.py:538} INFO - Filling up the DagBag from /home/airflow/.local/lib/python3.7/site-packages/airflow/example_dags/example_datasets.py
[2023-03-04T11:12:01.886+0000] {processor.py:753} INFO - DAG(s) dict_keys(['dataset_produces_2', 'dataset_consumes_1', 'dataset_consumes_unknown_never_scheduled', 'dataset_produces_1', 'dataset_consumes_1_and_2', 'dataset_consumes_1_never_scheduled']) retrieved from /home/airflow/.local/lib/python3.7/site-packages/airflow/example_dags/example_datasets.py
[2023-03-04T11:12:01.922+0000] {logging_mixin.py:137} INFO - [2023-03-04T11:12:01.922+0000] {dag.py:2690} INFO - Sync 6 DAGs
[2023-03-04T11:12:01.942+0000] {logging_mixin.py:137} INFO - [2023-03-04T11:12:01.942+0000] {dag.py:3441} INFO - Setting next_dagrun for dataset_consumes_1 to None, run_after=None
[2023-03-04T11:12:01.945+0000] {logging_mixin.py:137} INFO - [2023-03-04T11:12:01.945+0000] {dag.py:3441} INFO - Setting next_dagrun for dataset_consumes_1_and_2 to None, run_after=None
[2023-03-04T11:12:01.946+0000] {logging_mixin.py:137} INFO - [2023-03-04T11:12:01.946+0000] {dag.py:3441} INFO - Setting next_dagrun for dataset_consumes_1_never_scheduled to None, run_after=None
[2023-03-04T11:12:01.947+0000] {logging_mixin.py:137} INFO - [2023-03-04T11:12:01.947+0000] {dag.py:3441} INFO - Setting next_dagrun for dataset_consumes_unknown_never_scheduled to None, run_after=None
[2023-03-04T11:12:01.952+0000] {logging_mixin.py:137} INFO - [2023-03-04T11:12:01.952+0000] {dag.py:3441} INFO - Setting next_dagrun for dataset_produces_1 to 2023-03-03T00:00:00+00:00, run_after=2023-03-04T00:00:00+00:00
[2023-03-04T11:12:01.956+0000] {logging_mixin.py:137} INFO - [2023-03-04T11:12:01.956+0000] {dag.py:3441} INFO - Setting next_dagrun for dataset_produces_2 to None, run_after=None
[2023-03-04T11:12:02.000+0000] {processor.py:175} INFO - Processing /home/airflow/.local/lib/python3.7/site-packages/airflow/example_dags/example_datasets.py took 0.140 seconds
[2023-03-04T11:21:28.259+0000] {processor.py:153} INFO - Started process (PID=5219) to work on /home/airflow/.local/lib/python3.7/site-packages/airflow/example_dags/example_datasets.py
[2023-03-04T11:21:28.262+0000] {processor.py:743} INFO - Processing file /home/airflow/.local/lib/python3.7/site-packages/airflow/example_dags/example_datasets.py for tasks to queue
[2023-03-04T11:21:28.263+0000] {logging_mixin.py:137} INFO - [2023-03-04T11:21:28.263+0000] {dagbag.py:538} INFO - Filling up the DagBag from /home/airflow/.local/lib/python3.7/site-packages/airflow/example_dags/example_datasets.py
[2023-03-04T11:21:28.293+0000] {processor.py:753} INFO - DAG(s) dict_keys(['dataset_consumes_1_never_scheduled', 'dataset_consumes_unknown_never_scheduled', 'dataset_produces_2', 'dataset_produces_1', 'dataset_consumes_1_and_2', 'dataset_consumes_1']) retrieved from /home/airflow/.local/lib/python3.7/site-packages/airflow/example_dags/example_datasets.py
[2023-03-04T11:21:28.330+0000] {logging_mixin.py:137} INFO - [2023-03-04T11:21:28.330+0000] {dag.py:2690} INFO - Sync 6 DAGs
[2023-03-04T11:21:28.371+0000] {logging_mixin.py:137} INFO - [2023-03-04T11:21:28.371+0000] {dag.py:3441} INFO - Setting next_dagrun for dataset_consumes_1 to None, run_after=None
[2023-03-04T11:21:28.375+0000] {logging_mixin.py:137} INFO - [2023-03-04T11:21:28.375+0000] {dag.py:3441} INFO - Setting next_dagrun for dataset_consumes_1_and_2 to None, run_after=None
[2023-03-04T11:21:28.377+0000] {logging_mixin.py:137} INFO - [2023-03-04T11:21:28.376+0000] {dag.py:3441} INFO - Setting next_dagrun for dataset_consumes_1_never_scheduled to None, run_after=None
[2023-03-04T11:21:28.378+0000] {logging_mixin.py:137} INFO - [2023-03-04T11:21:28.378+0000] {dag.py:3441} INFO - Setting next_dagrun for dataset_consumes_unknown_never_scheduled to None, run_after=None
[2023-03-04T11:21:28.381+0000] {logging_mixin.py:137} INFO - [2023-03-04T11:21:28.381+0000] {dag.py:3441} INFO - Setting next_dagrun for dataset_produces_1 to 2023-03-03T00:00:00+00:00, run_after=2023-03-04T00:00:00+00:00
[2023-03-04T11:21:28.383+0000] {logging_mixin.py:137} INFO - [2023-03-04T11:21:28.383+0000] {dag.py:3441} INFO - Setting next_dagrun for dataset_produces_2 to None, run_after=None
[2023-03-04T11:21:28.404+0000] {processor.py:175} INFO - Processing /home/airflow/.local/lib/python3.7/site-packages/airflow/example_dags/example_datasets.py took 0.149 seconds
[2023-03-04T11:56:43.776+0000] {processor.py:153} INFO - Started process (PID=5283) to work on /home/airflow/.local/lib/python3.7/site-packages/airflow/example_dags/example_datasets.py
[2023-03-04T11:56:43.777+0000] {processor.py:743} INFO - Processing file /home/airflow/.local/lib/python3.7/site-packages/airflow/example_dags/example_datasets.py for tasks to queue
[2023-03-04T11:56:43.778+0000] {logging_mixin.py:137} INFO - [2023-03-04T11:56:43.778+0000] {dagbag.py:538} INFO - Filling up the DagBag from /home/airflow/.local/lib/python3.7/site-packages/airflow/example_dags/example_datasets.py
[2023-03-04T11:56:43.791+0000] {processor.py:753} INFO - DAG(s) dict_keys(['dataset_consumes_1_never_scheduled', 'dataset_consumes_unknown_never_scheduled', 'dataset_produces_2', 'dataset_consumes_1', 'dataset_produces_1', 'dataset_consumes_1_and_2']) retrieved from /home/airflow/.local/lib/python3.7/site-packages/airflow/example_dags/example_datasets.py
[2023-03-04T11:56:43.851+0000] {logging_mixin.py:137} INFO - [2023-03-04T11:56:43.851+0000] {dag.py:2690} INFO - Sync 6 DAGs
[2023-03-04T11:56:43.872+0000] {logging_mixin.py:137} INFO - [2023-03-04T11:56:43.872+0000] {dag.py:3441} INFO - Setting next_dagrun for dataset_consumes_1 to None, run_after=None
[2023-03-04T11:56:43.876+0000] {logging_mixin.py:137} INFO - [2023-03-04T11:56:43.876+0000] {dag.py:3441} INFO - Setting next_dagrun for dataset_consumes_1_and_2 to None, run_after=None
[2023-03-04T11:56:43.878+0000] {logging_mixin.py:137} INFO - [2023-03-04T11:56:43.878+0000] {dag.py:3441} INFO - Setting next_dagrun for dataset_consumes_1_never_scheduled to None, run_after=None
[2023-03-04T11:56:43.880+0000] {logging_mixin.py:137} INFO - [2023-03-04T11:56:43.880+0000] {dag.py:3441} INFO - Setting next_dagrun for dataset_consumes_unknown_never_scheduled to None, run_after=None
[2023-03-04T11:56:43.888+0000] {logging_mixin.py:137} INFO - [2023-03-04T11:56:43.887+0000] {dag.py:3441} INFO - Setting next_dagrun for dataset_produces_1 to 2023-03-03T00:00:00+00:00, run_after=2023-03-04T00:00:00+00:00
[2023-03-04T11:56:43.896+0000] {logging_mixin.py:137} INFO - [2023-03-04T11:56:43.896+0000] {dag.py:3441} INFO - Setting next_dagrun for dataset_produces_2 to None, run_after=None
[2023-03-04T11:56:43.934+0000] {processor.py:175} INFO - Processing /home/airflow/.local/lib/python3.7/site-packages/airflow/example_dags/example_datasets.py took 0.161 seconds
[2023-03-04T12:36:26.857+0000] {processor.py:153} INFO - Started process (PID=5358) to work on /home/airflow/.local/lib/python3.7/site-packages/airflow/example_dags/example_datasets.py
[2023-03-04T12:36:26.865+0000] {processor.py:743} INFO - Processing file /home/airflow/.local/lib/python3.7/site-packages/airflow/example_dags/example_datasets.py for tasks to queue
[2023-03-04T12:36:26.872+0000] {logging_mixin.py:137} INFO - [2023-03-04T12:36:26.871+0000] {dagbag.py:538} INFO - Filling up the DagBag from /home/airflow/.local/lib/python3.7/site-packages/airflow/example_dags/example_datasets.py
[2023-03-04T12:36:26.950+0000] {processor.py:753} INFO - DAG(s) dict_keys(['dataset_consumes_1_and_2', 'dataset_produces_1', 'dataset_consumes_1_never_scheduled', 'dataset_consumes_1', 'dataset_produces_2', 'dataset_consumes_unknown_never_scheduled']) retrieved from /home/airflow/.local/lib/python3.7/site-packages/airflow/example_dags/example_datasets.py
[2023-03-04T12:36:27.263+0000] {logging_mixin.py:137} INFO - [2023-03-04T12:36:27.261+0000] {dag.py:2690} INFO - Sync 6 DAGs
[2023-03-04T12:36:27.413+0000] {logging_mixin.py:137} INFO - [2023-03-04T12:36:27.413+0000] {dag.py:3441} INFO - Setting next_dagrun for dataset_consumes_1 to None, run_after=None
[2023-03-04T12:36:27.420+0000] {logging_mixin.py:137} INFO - [2023-03-04T12:36:27.420+0000] {dag.py:3441} INFO - Setting next_dagrun for dataset_consumes_1_and_2 to None, run_after=None
[2023-03-04T12:36:27.424+0000] {logging_mixin.py:137} INFO - [2023-03-04T12:36:27.424+0000] {dag.py:3441} INFO - Setting next_dagrun for dataset_consumes_1_never_scheduled to None, run_after=None
[2023-03-04T12:36:27.427+0000] {logging_mixin.py:137} INFO - [2023-03-04T12:36:27.426+0000] {dag.py:3441} INFO - Setting next_dagrun for dataset_consumes_unknown_never_scheduled to None, run_after=None
[2023-03-04T12:36:27.431+0000] {logging_mixin.py:137} INFO - [2023-03-04T12:36:27.431+0000] {dag.py:3441} INFO - Setting next_dagrun for dataset_produces_1 to 2023-03-03T00:00:00+00:00, run_after=2023-03-04T00:00:00+00:00
[2023-03-04T12:36:27.439+0000] {logging_mixin.py:137} INFO - [2023-03-04T12:36:27.438+0000] {dag.py:3441} INFO - Setting next_dagrun for dataset_produces_2 to None, run_after=None
[2023-03-04T12:36:27.525+0000] {processor.py:175} INFO - Processing /home/airflow/.local/lib/python3.7/site-packages/airflow/example_dags/example_datasets.py took 0.682 seconds
[2023-03-04T12:50:15.373+0000] {processor.py:153} INFO - Started process (PID=5418) to work on /home/airflow/.local/lib/python3.7/site-packages/airflow/example_dags/example_datasets.py
[2023-03-04T12:50:15.378+0000] {processor.py:743} INFO - Processing file /home/airflow/.local/lib/python3.7/site-packages/airflow/example_dags/example_datasets.py for tasks to queue
[2023-03-04T12:50:15.379+0000] {logging_mixin.py:137} INFO - [2023-03-04T12:50:15.379+0000] {dagbag.py:538} INFO - Filling up the DagBag from /home/airflow/.local/lib/python3.7/site-packages/airflow/example_dags/example_datasets.py
[2023-03-04T12:50:15.418+0000] {processor.py:753} INFO - DAG(s) dict_keys(['dataset_consumes_1', 'dataset_consumes_1_and_2', 'dataset_produces_1', 'dataset_consumes_unknown_never_scheduled', 'dataset_produces_2', 'dataset_consumes_1_never_scheduled']) retrieved from /home/airflow/.local/lib/python3.7/site-packages/airflow/example_dags/example_datasets.py
[2023-03-04T12:50:15.481+0000] {logging_mixin.py:137} INFO - [2023-03-04T12:50:15.481+0000] {dag.py:2690} INFO - Sync 6 DAGs
[2023-03-04T12:50:15.515+0000] {logging_mixin.py:137} INFO - [2023-03-04T12:50:15.515+0000] {dag.py:3441} INFO - Setting next_dagrun for dataset_consumes_1 to None, run_after=None
[2023-03-04T12:50:15.528+0000] {logging_mixin.py:137} INFO - [2023-03-04T12:50:15.528+0000] {dag.py:3441} INFO - Setting next_dagrun for dataset_consumes_1_and_2 to None, run_after=None
[2023-03-04T12:50:15.532+0000] {logging_mixin.py:137} INFO - [2023-03-04T12:50:15.532+0000] {dag.py:3441} INFO - Setting next_dagrun for dataset_consumes_1_never_scheduled to None, run_after=None
[2023-03-04T12:50:15.537+0000] {logging_mixin.py:137} INFO - [2023-03-04T12:50:15.536+0000] {dag.py:3441} INFO - Setting next_dagrun for dataset_consumes_unknown_never_scheduled to None, run_after=None
[2023-03-04T12:50:15.542+0000] {logging_mixin.py:137} INFO - [2023-03-04T12:50:15.542+0000] {dag.py:3441} INFO - Setting next_dagrun for dataset_produces_1 to 2023-03-03T00:00:00+00:00, run_after=2023-03-04T00:00:00+00:00
[2023-03-04T12:50:15.549+0000] {logging_mixin.py:137} INFO - [2023-03-04T12:50:15.549+0000] {dag.py:3441} INFO - Setting next_dagrun for dataset_produces_2 to None, run_after=None
[2023-03-04T12:50:15.627+0000] {processor.py:175} INFO - Processing /home/airflow/.local/lib/python3.7/site-packages/airflow/example_dags/example_datasets.py took 0.259 seconds
[2023-03-04T13:10:06.291+0000] {processor.py:153} INFO - Started process (PID=5484) to work on /home/airflow/.local/lib/python3.7/site-packages/airflow/example_dags/example_datasets.py
[2023-03-04T13:10:06.297+0000] {processor.py:743} INFO - Processing file /home/airflow/.local/lib/python3.7/site-packages/airflow/example_dags/example_datasets.py for tasks to queue
[2023-03-04T13:10:06.303+0000] {logging_mixin.py:137} INFO - [2023-03-04T13:10:06.303+0000] {dagbag.py:538} INFO - Filling up the DagBag from /home/airflow/.local/lib/python3.7/site-packages/airflow/example_dags/example_datasets.py
[2023-03-04T13:10:06.358+0000] {processor.py:753} INFO - DAG(s) dict_keys(['dataset_consumes_unknown_never_scheduled', 'dataset_consumes_1_never_scheduled', 'dataset_consumes_1_and_2', 'dataset_produces_1', 'dataset_produces_2', 'dataset_consumes_1']) retrieved from /home/airflow/.local/lib/python3.7/site-packages/airflow/example_dags/example_datasets.py
[2023-03-04T13:10:06.452+0000] {logging_mixin.py:137} INFO - [2023-03-04T13:10:06.452+0000] {dag.py:2690} INFO - Sync 6 DAGs
[2023-03-04T13:10:06.491+0000] {logging_mixin.py:137} INFO - [2023-03-04T13:10:06.490+0000] {dag.py:3441} INFO - Setting next_dagrun for dataset_consumes_1 to None, run_after=None
[2023-03-04T13:10:06.499+0000] {logging_mixin.py:137} INFO - [2023-03-04T13:10:06.499+0000] {dag.py:3441} INFO - Setting next_dagrun for dataset_consumes_1_and_2 to None, run_after=None
[2023-03-04T13:10:06.505+0000] {logging_mixin.py:137} INFO - [2023-03-04T13:10:06.505+0000] {dag.py:3441} INFO - Setting next_dagrun for dataset_consumes_1_never_scheduled to None, run_after=None
[2023-03-04T13:10:06.508+0000] {logging_mixin.py:137} INFO - [2023-03-04T13:10:06.508+0000] {dag.py:3441} INFO - Setting next_dagrun for dataset_consumes_unknown_never_scheduled to None, run_after=None
[2023-03-04T13:10:06.514+0000] {logging_mixin.py:137} INFO - [2023-03-04T13:10:06.514+0000] {dag.py:3441} INFO - Setting next_dagrun for dataset_produces_1 to 2023-03-03T00:00:00+00:00, run_after=2023-03-04T00:00:00+00:00
[2023-03-04T13:10:06.519+0000] {logging_mixin.py:137} INFO - [2023-03-04T13:10:06.518+0000] {dag.py:3441} INFO - Setting next_dagrun for dataset_produces_2 to None, run_after=None
[2023-03-04T13:10:06.561+0000] {processor.py:175} INFO - Processing /home/airflow/.local/lib/python3.7/site-packages/airflow/example_dags/example_datasets.py took 0.307 seconds
[2023-03-04T13:26:38.578+0000] {processor.py:153} INFO - Started process (PID=5548) to work on /home/airflow/.local/lib/python3.7/site-packages/airflow/example_dags/example_datasets.py
[2023-03-04T13:26:38.579+0000] {processor.py:743} INFO - Processing file /home/airflow/.local/lib/python3.7/site-packages/airflow/example_dags/example_datasets.py for tasks to queue
[2023-03-04T13:26:38.580+0000] {logging_mixin.py:137} INFO - [2023-03-04T13:26:38.580+0000] {dagbag.py:538} INFO - Filling up the DagBag from /home/airflow/.local/lib/python3.7/site-packages/airflow/example_dags/example_datasets.py
[2023-03-04T13:26:38.605+0000] {processor.py:753} INFO - DAG(s) dict_keys(['dataset_produces_1', 'dataset_consumes_unknown_never_scheduled', 'dataset_consumes_1_and_2', 'dataset_consumes_1', 'dataset_consumes_1_never_scheduled', 'dataset_produces_2']) retrieved from /home/airflow/.local/lib/python3.7/site-packages/airflow/example_dags/example_datasets.py
[2023-03-04T13:26:38.650+0000] {logging_mixin.py:137} INFO - [2023-03-04T13:26:38.649+0000] {dag.py:2690} INFO - Sync 6 DAGs
[2023-03-04T13:26:38.671+0000] {logging_mixin.py:137} INFO - [2023-03-04T13:26:38.671+0000] {dag.py:3441} INFO - Setting next_dagrun for dataset_consumes_1 to None, run_after=None
[2023-03-04T13:26:38.674+0000] {logging_mixin.py:137} INFO - [2023-03-04T13:26:38.674+0000] {dag.py:3441} INFO - Setting next_dagrun for dataset_consumes_1_and_2 to None, run_after=None
[2023-03-04T13:26:38.676+0000] {logging_mixin.py:137} INFO - [2023-03-04T13:26:38.676+0000] {dag.py:3441} INFO - Setting next_dagrun for dataset_consumes_1_never_scheduled to None, run_after=None
[2023-03-04T13:26:38.679+0000] {logging_mixin.py:137} INFO - [2023-03-04T13:26:38.679+0000] {dag.py:3441} INFO - Setting next_dagrun for dataset_consumes_unknown_never_scheduled to None, run_after=None
[2023-03-04T13:26:38.688+0000] {logging_mixin.py:137} INFO - [2023-03-04T13:26:38.687+0000] {dag.py:3441} INFO - Setting next_dagrun for dataset_produces_1 to 2023-03-03T00:00:00+00:00, run_after=2023-03-04T00:00:00+00:00
[2023-03-04T13:26:38.691+0000] {logging_mixin.py:137} INFO - [2023-03-04T13:26:38.691+0000] {dag.py:3441} INFO - Setting next_dagrun for dataset_produces_2 to None, run_after=None
[2023-03-04T13:26:38.728+0000] {processor.py:175} INFO - Processing /home/airflow/.local/lib/python3.7/site-packages/airflow/example_dags/example_datasets.py took 0.153 seconds
[2023-03-04T13:40:40.657+0000] {processor.py:153} INFO - Started process (PID=5610) to work on /home/airflow/.local/lib/python3.7/site-packages/airflow/example_dags/example_datasets.py
[2023-03-04T13:40:40.659+0000] {processor.py:743} INFO - Processing file /home/airflow/.local/lib/python3.7/site-packages/airflow/example_dags/example_datasets.py for tasks to queue
[2023-03-04T13:40:40.660+0000] {logging_mixin.py:137} INFO - [2023-03-04T13:40:40.660+0000] {dagbag.py:538} INFO - Filling up the DagBag from /home/airflow/.local/lib/python3.7/site-packages/airflow/example_dags/example_datasets.py
[2023-03-04T13:40:40.676+0000] {processor.py:753} INFO - DAG(s) dict_keys(['dataset_consumes_unknown_never_scheduled', 'dataset_consumes_1_never_scheduled', 'dataset_produces_1', 'dataset_produces_2', 'dataset_consumes_1_and_2', 'dataset_consumes_1']) retrieved from /home/airflow/.local/lib/python3.7/site-packages/airflow/example_dags/example_datasets.py
[2023-03-04T13:40:40.721+0000] {logging_mixin.py:137} INFO - [2023-03-04T13:40:40.721+0000] {dag.py:2690} INFO - Sync 6 DAGs
[2023-03-04T13:40:40.743+0000] {logging_mixin.py:137} INFO - [2023-03-04T13:40:40.743+0000] {dag.py:3441} INFO - Setting next_dagrun for dataset_consumes_1 to None, run_after=None
[2023-03-04T13:40:40.746+0000] {logging_mixin.py:137} INFO - [2023-03-04T13:40:40.746+0000] {dag.py:3441} INFO - Setting next_dagrun for dataset_consumes_1_and_2 to None, run_after=None
[2023-03-04T13:40:40.748+0000] {logging_mixin.py:137} INFO - [2023-03-04T13:40:40.748+0000] {dag.py:3441} INFO - Setting next_dagrun for dataset_consumes_1_never_scheduled to None, run_after=None
[2023-03-04T13:40:40.749+0000] {logging_mixin.py:137} INFO - [2023-03-04T13:40:40.749+0000] {dag.py:3441} INFO - Setting next_dagrun for dataset_consumes_unknown_never_scheduled to None, run_after=None
[2023-03-04T13:40:40.751+0000] {logging_mixin.py:137} INFO - [2023-03-04T13:40:40.751+0000] {dag.py:3441} INFO - Setting next_dagrun for dataset_produces_1 to 2023-03-03T00:00:00+00:00, run_after=2023-03-04T00:00:00+00:00
[2023-03-04T13:40:40.753+0000] {logging_mixin.py:137} INFO - [2023-03-04T13:40:40.753+0000] {dag.py:3441} INFO - Setting next_dagrun for dataset_produces_2 to None, run_after=None
[2023-03-04T13:40:40.776+0000] {processor.py:175} INFO - Processing /home/airflow/.local/lib/python3.7/site-packages/airflow/example_dags/example_datasets.py took 0.125 seconds
[2023-03-04T14:00:04.757+0000] {processor.py:153} INFO - Started process (PID=5673) to work on /home/airflow/.local/lib/python3.7/site-packages/airflow/example_dags/example_datasets.py
[2023-03-04T14:00:04.758+0000] {processor.py:743} INFO - Processing file /home/airflow/.local/lib/python3.7/site-packages/airflow/example_dags/example_datasets.py for tasks to queue
[2023-03-04T14:00:04.759+0000] {logging_mixin.py:137} INFO - [2023-03-04T14:00:04.759+0000] {dagbag.py:538} INFO - Filling up the DagBag from /home/airflow/.local/lib/python3.7/site-packages/airflow/example_dags/example_datasets.py
[2023-03-04T14:00:04.772+0000] {processor.py:753} INFO - DAG(s) dict_keys(['dataset_produces_1', 'dataset_consumes_1_and_2', 'dataset_consumes_1', 'dataset_consumes_1_never_scheduled', 'dataset_produces_2', 'dataset_consumes_unknown_never_scheduled']) retrieved from /home/airflow/.local/lib/python3.7/site-packages/airflow/example_dags/example_datasets.py
[2023-03-04T14:00:04.805+0000] {logging_mixin.py:137} INFO - [2023-03-04T14:00:04.805+0000] {dag.py:2690} INFO - Sync 6 DAGs
[2023-03-04T14:00:04.821+0000] {logging_mixin.py:137} INFO - [2023-03-04T14:00:04.821+0000] {dag.py:3441} INFO - Setting next_dagrun for dataset_consumes_1 to None, run_after=None
[2023-03-04T14:00:04.824+0000] {logging_mixin.py:137} INFO - [2023-03-04T14:00:04.824+0000] {dag.py:3441} INFO - Setting next_dagrun for dataset_consumes_1_and_2 to None, run_after=None
[2023-03-04T14:00:04.825+0000] {logging_mixin.py:137} INFO - [2023-03-04T14:00:04.825+0000] {dag.py:3441} INFO - Setting next_dagrun for dataset_consumes_1_never_scheduled to None, run_after=None
[2023-03-04T14:00:04.826+0000] {logging_mixin.py:137} INFO - [2023-03-04T14:00:04.826+0000] {dag.py:3441} INFO - Setting next_dagrun for dataset_consumes_unknown_never_scheduled to None, run_after=None
[2023-03-04T14:00:04.828+0000] {logging_mixin.py:137} INFO - [2023-03-04T14:00:04.828+0000] {dag.py:3441} INFO - Setting next_dagrun for dataset_produces_1 to 2023-03-03T00:00:00+00:00, run_after=2023-03-04T00:00:00+00:00
[2023-03-04T14:00:04.829+0000] {logging_mixin.py:137} INFO - [2023-03-04T14:00:04.829+0000] {dag.py:3441} INFO - Setting next_dagrun for dataset_produces_2 to None, run_after=None
[2023-03-04T14:00:04.854+0000] {processor.py:175} INFO - Processing /home/airflow/.local/lib/python3.7/site-packages/airflow/example_dags/example_datasets.py took 0.100 seconds
[2023-03-04T14:50:39.928+0000] {processor.py:153} INFO - Started process (PID=5736) to work on /home/airflow/.local/lib/python3.7/site-packages/airflow/example_dags/example_datasets.py
[2023-03-04T14:50:39.932+0000] {processor.py:743} INFO - Processing file /home/airflow/.local/lib/python3.7/site-packages/airflow/example_dags/example_datasets.py for tasks to queue
[2023-03-04T14:50:39.934+0000] {logging_mixin.py:137} INFO - [2023-03-04T14:50:39.934+0000] {dagbag.py:538} INFO - Filling up the DagBag from /home/airflow/.local/lib/python3.7/site-packages/airflow/example_dags/example_datasets.py
[2023-03-04T14:50:39.976+0000] {processor.py:753} INFO - DAG(s) dict_keys(['dataset_consumes_1', 'dataset_consumes_unknown_never_scheduled', 'dataset_produces_2', 'dataset_consumes_1_and_2', 'dataset_consumes_1_never_scheduled', 'dataset_produces_1']) retrieved from /home/airflow/.local/lib/python3.7/site-packages/airflow/example_dags/example_datasets.py
[2023-03-04T14:50:40.029+0000] {logging_mixin.py:137} INFO - [2023-03-04T14:50:40.029+0000] {dag.py:2690} INFO - Sync 6 DAGs
[2023-03-04T14:50:40.333+0000] {logging_mixin.py:137} INFO - [2023-03-04T14:50:40.331+0000] {dag.py:3441} INFO - Setting next_dagrun for dataset_consumes_1 to None, run_after=None
[2023-03-04T14:50:40.352+0000] {logging_mixin.py:137} INFO - [2023-03-04T14:50:40.352+0000] {dag.py:3441} INFO - Setting next_dagrun for dataset_consumes_1_and_2 to None, run_after=None
[2023-03-04T14:50:40.357+0000] {logging_mixin.py:137} INFO - [2023-03-04T14:50:40.357+0000] {dag.py:3441} INFO - Setting next_dagrun for dataset_consumes_1_never_scheduled to None, run_after=None
[2023-03-04T14:50:40.364+0000] {logging_mixin.py:137} INFO - [2023-03-04T14:50:40.364+0000] {dag.py:3441} INFO - Setting next_dagrun for dataset_consumes_unknown_never_scheduled to None, run_after=None
[2023-03-04T14:50:40.374+0000] {logging_mixin.py:137} INFO - [2023-03-04T14:50:40.374+0000] {dag.py:3441} INFO - Setting next_dagrun for dataset_produces_1 to 2023-03-03T00:00:00+00:00, run_after=2023-03-04T00:00:00+00:00
[2023-03-04T14:50:40.381+0000] {logging_mixin.py:137} INFO - [2023-03-04T14:50:40.381+0000] {dag.py:3441} INFO - Setting next_dagrun for dataset_produces_2 to None, run_after=None
[2023-03-04T14:50:40.535+0000] {processor.py:175} INFO - Processing /home/airflow/.local/lib/python3.7/site-packages/airflow/example_dags/example_datasets.py took 0.617 seconds
[2023-03-04T15:19:44.380+0000] {processor.py:153} INFO - Started process (PID=5811) to work on /home/airflow/.local/lib/python3.7/site-packages/airflow/example_dags/example_datasets.py
[2023-03-04T15:19:44.391+0000] {processor.py:743} INFO - Processing file /home/airflow/.local/lib/python3.7/site-packages/airflow/example_dags/example_datasets.py for tasks to queue
[2023-03-04T15:19:44.396+0000] {logging_mixin.py:137} INFO - [2023-03-04T15:19:44.396+0000] {dagbag.py:538} INFO - Filling up the DagBag from /home/airflow/.local/lib/python3.7/site-packages/airflow/example_dags/example_datasets.py
[2023-03-04T15:19:44.420+0000] {processor.py:753} INFO - DAG(s) dict_keys(['dataset_consumes_1_never_scheduled', 'dataset_consumes_unknown_never_scheduled', 'dataset_produces_1', 'dataset_produces_2', 'dataset_consumes_1', 'dataset_consumes_1_and_2']) retrieved from /home/airflow/.local/lib/python3.7/site-packages/airflow/example_dags/example_datasets.py
[2023-03-04T15:19:44.457+0000] {logging_mixin.py:137} INFO - [2023-03-04T15:19:44.456+0000] {dag.py:2690} INFO - Sync 6 DAGs
[2023-03-04T15:19:44.481+0000] {logging_mixin.py:137} INFO - [2023-03-04T15:19:44.481+0000] {dag.py:3441} INFO - Setting next_dagrun for dataset_consumes_1 to None, run_after=None
[2023-03-04T15:19:44.493+0000] {logging_mixin.py:137} INFO - [2023-03-04T15:19:44.493+0000] {dag.py:3441} INFO - Setting next_dagrun for dataset_consumes_1_and_2 to None, run_after=None
[2023-03-04T15:19:44.496+0000] {logging_mixin.py:137} INFO - [2023-03-04T15:19:44.496+0000] {dag.py:3441} INFO - Setting next_dagrun for dataset_consumes_1_never_scheduled to None, run_after=None
[2023-03-04T15:19:44.501+0000] {logging_mixin.py:137} INFO - [2023-03-04T15:19:44.501+0000] {dag.py:3441} INFO - Setting next_dagrun for dataset_consumes_unknown_never_scheduled to None, run_after=None
[2023-03-04T15:19:44.512+0000] {logging_mixin.py:137} INFO - [2023-03-04T15:19:44.512+0000] {dag.py:3441} INFO - Setting next_dagrun for dataset_produces_1 to 2023-03-03T00:00:00+00:00, run_after=2023-03-04T00:00:00+00:00
[2023-03-04T15:19:44.515+0000] {logging_mixin.py:137} INFO - [2023-03-04T15:19:44.515+0000] {dag.py:3441} INFO - Setting next_dagrun for dataset_produces_2 to None, run_after=None
[2023-03-04T15:19:44.563+0000] {processor.py:175} INFO - Processing /home/airflow/.local/lib/python3.7/site-packages/airflow/example_dags/example_datasets.py took 0.191 seconds
[2023-03-04T15:27:04.836+0000] {processor.py:153} INFO - Started process (PID=5880) to work on /home/airflow/.local/lib/python3.7/site-packages/airflow/example_dags/example_datasets.py
[2023-03-04T15:27:04.853+0000] {processor.py:743} INFO - Processing file /home/airflow/.local/lib/python3.7/site-packages/airflow/example_dags/example_datasets.py for tasks to queue
[2023-03-04T15:27:04.858+0000] {logging_mixin.py:137} INFO - [2023-03-04T15:27:04.858+0000] {dagbag.py:538} INFO - Filling up the DagBag from /home/airflow/.local/lib/python3.7/site-packages/airflow/example_dags/example_datasets.py
[2023-03-04T15:27:04.983+0000] {processor.py:753} INFO - DAG(s) dict_keys(['dataset_consumes_1_and_2', 'dataset_produces_2', 'dataset_consumes_1_never_scheduled', 'dataset_consumes_1', 'dataset_produces_1', 'dataset_consumes_unknown_never_scheduled']) retrieved from /home/airflow/.local/lib/python3.7/site-packages/airflow/example_dags/example_datasets.py
[2023-03-04T15:27:05.194+0000] {logging_mixin.py:137} INFO - [2023-03-04T15:27:05.194+0000] {dag.py:2690} INFO - Sync 6 DAGs
[2023-03-04T15:27:05.259+0000] {logging_mixin.py:137} INFO - [2023-03-04T15:27:05.258+0000] {dag.py:3441} INFO - Setting next_dagrun for dataset_consumes_1 to None, run_after=None
[2023-03-04T15:27:05.301+0000] {logging_mixin.py:137} INFO - [2023-03-04T15:27:05.301+0000] {dag.py:3441} INFO - Setting next_dagrun for dataset_consumes_1_and_2 to None, run_after=None
[2023-03-04T15:27:05.311+0000] {logging_mixin.py:137} INFO - [2023-03-04T15:27:05.311+0000] {dag.py:3441} INFO - Setting next_dagrun for dataset_consumes_1_never_scheduled to None, run_after=None
[2023-03-04T15:27:05.318+0000] {logging_mixin.py:137} INFO - [2023-03-04T15:27:05.317+0000] {dag.py:3441} INFO - Setting next_dagrun for dataset_consumes_unknown_never_scheduled to None, run_after=None
[2023-03-04T15:27:05.330+0000] {logging_mixin.py:137} INFO - [2023-03-04T15:27:05.329+0000] {dag.py:3441} INFO - Setting next_dagrun for dataset_produces_1 to 2023-03-03T00:00:00+00:00, run_after=2023-03-04T00:00:00+00:00
[2023-03-04T15:27:05.336+0000] {logging_mixin.py:137} INFO - [2023-03-04T15:27:05.335+0000] {dag.py:3441} INFO - Setting next_dagrun for dataset_produces_2 to None, run_after=None
[2023-03-04T15:27:05.427+0000] {processor.py:175} INFO - Processing /home/airflow/.local/lib/python3.7/site-packages/airflow/example_dags/example_datasets.py took 0.637 seconds
[2023-03-04T16:21:42.015+0000] {processor.py:153} INFO - Started process (PID=5924) to work on /home/airflow/.local/lib/python3.7/site-packages/airflow/example_dags/example_datasets.py
[2023-03-04T16:21:42.017+0000] {processor.py:743} INFO - Processing file /home/airflow/.local/lib/python3.7/site-packages/airflow/example_dags/example_datasets.py for tasks to queue
[2023-03-04T16:21:42.018+0000] {logging_mixin.py:137} INFO - [2023-03-04T16:21:42.018+0000] {dagbag.py:538} INFO - Filling up the DagBag from /home/airflow/.local/lib/python3.7/site-packages/airflow/example_dags/example_datasets.py
[2023-03-04T16:21:42.034+0000] {processor.py:753} INFO - DAG(s) dict_keys(['dataset_produces_2', 'dataset_consumes_1_never_scheduled', 'dataset_consumes_1_and_2', 'dataset_produces_1', 'dataset_consumes_unknown_never_scheduled', 'dataset_consumes_1']) retrieved from /home/airflow/.local/lib/python3.7/site-packages/airflow/example_dags/example_datasets.py
[2023-03-04T16:21:42.133+0000] {logging_mixin.py:137} INFO - [2023-03-04T16:21:42.132+0000] {dag.py:2690} INFO - Sync 6 DAGs
[2023-03-04T16:21:42.218+0000] {logging_mixin.py:137} INFO - [2023-03-04T16:21:42.217+0000] {dag.py:3441} INFO - Setting next_dagrun for dataset_consumes_1 to None, run_after=None
[2023-03-04T16:21:42.230+0000] {logging_mixin.py:137} INFO - [2023-03-04T16:21:42.229+0000] {dag.py:3441} INFO - Setting next_dagrun for dataset_consumes_1_and_2 to None, run_after=None
[2023-03-04T16:21:42.235+0000] {logging_mixin.py:137} INFO - [2023-03-04T16:21:42.234+0000] {dag.py:3441} INFO - Setting next_dagrun for dataset_consumes_1_never_scheduled to None, run_after=None
[2023-03-04T16:21:42.238+0000] {logging_mixin.py:137} INFO - [2023-03-04T16:21:42.238+0000] {dag.py:3441} INFO - Setting next_dagrun for dataset_consumes_unknown_never_scheduled to None, run_after=None
[2023-03-04T16:21:42.250+0000] {logging_mixin.py:137} INFO - [2023-03-04T16:21:42.248+0000] {dag.py:3441} INFO - Setting next_dagrun for dataset_produces_1 to 2023-03-03T00:00:00+00:00, run_after=2023-03-04T00:00:00+00:00
[2023-03-04T16:21:42.266+0000] {logging_mixin.py:137} INFO - [2023-03-04T16:21:42.266+0000] {dag.py:3441} INFO - Setting next_dagrun for dataset_produces_2 to None, run_after=None
[2023-03-04T16:21:42.318+0000] {processor.py:175} INFO - Processing /home/airflow/.local/lib/python3.7/site-packages/airflow/example_dags/example_datasets.py took 0.307 seconds
[2023-03-04T17:17:18.473+0000] {processor.py:153} INFO - Started process (PID=5982) to work on /home/airflow/.local/lib/python3.7/site-packages/airflow/example_dags/example_datasets.py
[2023-03-04T17:17:18.482+0000] {processor.py:743} INFO - Processing file /home/airflow/.local/lib/python3.7/site-packages/airflow/example_dags/example_datasets.py for tasks to queue
[2023-03-04T17:17:18.490+0000] {logging_mixin.py:137} INFO - [2023-03-04T17:17:18.488+0000] {dagbag.py:538} INFO - Filling up the DagBag from /home/airflow/.local/lib/python3.7/site-packages/airflow/example_dags/example_datasets.py
[2023-03-04T17:17:18.568+0000] {processor.py:753} INFO - DAG(s) dict_keys(['dataset_consumes_1_never_scheduled', 'dataset_consumes_1_and_2', 'dataset_consumes_1', 'dataset_consumes_unknown_never_scheduled', 'dataset_produces_1', 'dataset_produces_2']) retrieved from /home/airflow/.local/lib/python3.7/site-packages/airflow/example_dags/example_datasets.py
[2023-03-04T17:17:18.706+0000] {logging_mixin.py:137} INFO - [2023-03-04T17:17:18.706+0000] {dag.py:2690} INFO - Sync 6 DAGs
[2023-03-04T17:17:18.736+0000] {logging_mixin.py:137} INFO - [2023-03-04T17:17:18.736+0000] {dag.py:3441} INFO - Setting next_dagrun for dataset_consumes_1 to None, run_after=None
[2023-03-04T17:17:18.740+0000] {logging_mixin.py:137} INFO - [2023-03-04T17:17:18.739+0000] {dag.py:3441} INFO - Setting next_dagrun for dataset_consumes_1_and_2 to None, run_after=None
[2023-03-04T17:17:18.741+0000] {logging_mixin.py:137} INFO - [2023-03-04T17:17:18.741+0000] {dag.py:3441} INFO - Setting next_dagrun for dataset_consumes_1_never_scheduled to None, run_after=None
[2023-03-04T17:17:18.743+0000] {logging_mixin.py:137} INFO - [2023-03-04T17:17:18.742+0000] {dag.py:3441} INFO - Setting next_dagrun for dataset_consumes_unknown_never_scheduled to None, run_after=None
[2023-03-04T17:17:18.745+0000] {logging_mixin.py:137} INFO - [2023-03-04T17:17:18.744+0000] {dag.py:3441} INFO - Setting next_dagrun for dataset_produces_1 to 2023-03-03T00:00:00+00:00, run_after=2023-03-04T00:00:00+00:00
[2023-03-04T17:17:18.746+0000] {logging_mixin.py:137} INFO - [2023-03-04T17:17:18.746+0000] {dag.py:3441} INFO - Setting next_dagrun for dataset_produces_2 to None, run_after=None
[2023-03-04T17:17:18.769+0000] {processor.py:175} INFO - Processing /home/airflow/.local/lib/python3.7/site-packages/airflow/example_dags/example_datasets.py took 0.327 seconds
[2023-03-04T18:30:31.961+0000] {processor.py:153} INFO - Started process (PID=6045) to work on /home/airflow/.local/lib/python3.7/site-packages/airflow/example_dags/example_datasets.py
[2023-03-04T18:30:31.962+0000] {processor.py:743} INFO - Processing file /home/airflow/.local/lib/python3.7/site-packages/airflow/example_dags/example_datasets.py for tasks to queue
[2023-03-04T18:30:31.963+0000] {logging_mixin.py:137} INFO - [2023-03-04T18:30:31.963+0000] {dagbag.py:538} INFO - Filling up the DagBag from /home/airflow/.local/lib/python3.7/site-packages/airflow/example_dags/example_datasets.py
[2023-03-04T18:30:31.974+0000] {processor.py:753} INFO - DAG(s) dict_keys(['dataset_consumes_unknown_never_scheduled', 'dataset_produces_1', 'dataset_produces_2', 'dataset_consumes_1_never_scheduled', 'dataset_consumes_1', 'dataset_consumes_1_and_2']) retrieved from /home/airflow/.local/lib/python3.7/site-packages/airflow/example_dags/example_datasets.py
[2023-03-04T18:30:32.005+0000] {logging_mixin.py:137} INFO - [2023-03-04T18:30:32.005+0000] {dag.py:2690} INFO - Sync 6 DAGs
[2023-03-04T18:30:32.025+0000] {logging_mixin.py:137} INFO - [2023-03-04T18:30:32.025+0000] {dag.py:3441} INFO - Setting next_dagrun for dataset_consumes_1 to None, run_after=None
[2023-03-04T18:30:32.030+0000] {logging_mixin.py:137} INFO - [2023-03-04T18:30:32.030+0000] {dag.py:3441} INFO - Setting next_dagrun for dataset_consumes_1_and_2 to None, run_after=None
[2023-03-04T18:30:32.034+0000] {logging_mixin.py:137} INFO - [2023-03-04T18:30:32.034+0000] {dag.py:3441} INFO - Setting next_dagrun for dataset_consumes_1_never_scheduled to None, run_after=None
[2023-03-04T18:30:32.036+0000] {logging_mixin.py:137} INFO - [2023-03-04T18:30:32.036+0000] {dag.py:3441} INFO - Setting next_dagrun for dataset_consumes_unknown_never_scheduled to None, run_after=None
[2023-03-04T18:30:32.039+0000] {logging_mixin.py:137} INFO - [2023-03-04T18:30:32.038+0000] {dag.py:3441} INFO - Setting next_dagrun for dataset_produces_1 to 2023-03-03T00:00:00+00:00, run_after=2023-03-04T00:00:00+00:00
[2023-03-04T18:30:32.040+0000] {logging_mixin.py:137} INFO - [2023-03-04T18:30:32.040+0000] {dag.py:3441} INFO - Setting next_dagrun for dataset_produces_2 to None, run_after=None
[2023-03-04T18:30:32.077+0000] {processor.py:175} INFO - Processing /home/airflow/.local/lib/python3.7/site-packages/airflow/example_dags/example_datasets.py took 0.119 seconds
[2023-03-04T19:34:53.051+0000] {processor.py:153} INFO - Started process (PID=6121) to work on /home/airflow/.local/lib/python3.7/site-packages/airflow/example_dags/example_datasets.py
[2023-03-04T19:34:53.053+0000] {processor.py:743} INFO - Processing file /home/airflow/.local/lib/python3.7/site-packages/airflow/example_dags/example_datasets.py for tasks to queue
[2023-03-04T19:34:53.055+0000] {logging_mixin.py:137} INFO - [2023-03-04T19:34:53.055+0000] {dagbag.py:538} INFO - Filling up the DagBag from /home/airflow/.local/lib/python3.7/site-packages/airflow/example_dags/example_datasets.py
[2023-03-04T19:34:53.089+0000] {processor.py:753} INFO - DAG(s) dict_keys(['dataset_produces_2', 'dataset_consumes_1', 'dataset_consumes_1_never_scheduled', 'dataset_consumes_unknown_never_scheduled', 'dataset_consumes_1_and_2', 'dataset_produces_1']) retrieved from /home/airflow/.local/lib/python3.7/site-packages/airflow/example_dags/example_datasets.py
[2023-03-04T19:34:53.187+0000] {logging_mixin.py:137} INFO - [2023-03-04T19:34:53.187+0000] {dag.py:2690} INFO - Sync 6 DAGs
[2023-03-04T19:34:53.228+0000] {logging_mixin.py:137} INFO - [2023-03-04T19:34:53.228+0000] {dag.py:3441} INFO - Setting next_dagrun for dataset_consumes_1 to None, run_after=None
[2023-03-04T19:34:53.234+0000] {logging_mixin.py:137} INFO - [2023-03-04T19:34:53.234+0000] {dag.py:3441} INFO - Setting next_dagrun for dataset_consumes_1_and_2 to None, run_after=None
[2023-03-04T19:34:53.237+0000] {logging_mixin.py:137} INFO - [2023-03-04T19:34:53.237+0000] {dag.py:3441} INFO - Setting next_dagrun for dataset_consumes_1_never_scheduled to None, run_after=None
[2023-03-04T19:34:53.239+0000] {logging_mixin.py:137} INFO - [2023-03-04T19:34:53.239+0000] {dag.py:3441} INFO - Setting next_dagrun for dataset_consumes_unknown_never_scheduled to None, run_after=None
[2023-03-04T19:34:53.243+0000] {logging_mixin.py:137} INFO - [2023-03-04T19:34:53.243+0000] {dag.py:3441} INFO - Setting next_dagrun for dataset_produces_1 to 2023-03-03T00:00:00+00:00, run_after=2023-03-04T00:00:00+00:00
[2023-03-04T19:34:53.244+0000] {logging_mixin.py:137} INFO - [2023-03-04T19:34:53.244+0000] {dag.py:3441} INFO - Setting next_dagrun for dataset_produces_2 to None, run_after=None
[2023-03-04T19:34:53.309+0000] {processor.py:175} INFO - Processing /home/airflow/.local/lib/python3.7/site-packages/airflow/example_dags/example_datasets.py took 0.263 seconds
[2023-03-04T20:25:42.985+0000] {processor.py:153} INFO - Started process (PID=6185) to work on /home/airflow/.local/lib/python3.7/site-packages/airflow/example_dags/example_datasets.py
[2023-03-04T20:25:42.987+0000] {processor.py:743} INFO - Processing file /home/airflow/.local/lib/python3.7/site-packages/airflow/example_dags/example_datasets.py for tasks to queue
[2023-03-04T20:25:42.988+0000] {logging_mixin.py:137} INFO - [2023-03-04T20:25:42.988+0000] {dagbag.py:538} INFO - Filling up the DagBag from /home/airflow/.local/lib/python3.7/site-packages/airflow/example_dags/example_datasets.py
[2023-03-04T20:25:43.004+0000] {processor.py:753} INFO - DAG(s) dict_keys(['dataset_produces_1', 'dataset_consumes_1_and_2', 'dataset_consumes_1_never_scheduled', 'dataset_consumes_unknown_never_scheduled', 'dataset_produces_2', 'dataset_consumes_1']) retrieved from /home/airflow/.local/lib/python3.7/site-packages/airflow/example_dags/example_datasets.py
[2023-03-04T20:25:43.055+0000] {logging_mixin.py:137} INFO - [2023-03-04T20:25:43.055+0000] {dag.py:2690} INFO - Sync 6 DAGs
[2023-03-04T20:25:43.095+0000] {logging_mixin.py:137} INFO - [2023-03-04T20:25:43.095+0000] {dag.py:3441} INFO - Setting next_dagrun for dataset_consumes_1 to None, run_after=None
[2023-03-04T20:25:43.100+0000] {logging_mixin.py:137} INFO - [2023-03-04T20:25:43.100+0000] {dag.py:3441} INFO - Setting next_dagrun for dataset_consumes_1_and_2 to None, run_after=None
[2023-03-04T20:25:43.102+0000] {logging_mixin.py:137} INFO - [2023-03-04T20:25:43.102+0000] {dag.py:3441} INFO - Setting next_dagrun for dataset_consumes_1_never_scheduled to None, run_after=None
[2023-03-04T20:25:43.104+0000] {logging_mixin.py:137} INFO - [2023-03-04T20:25:43.104+0000] {dag.py:3441} INFO - Setting next_dagrun for dataset_consumes_unknown_never_scheduled to None, run_after=None
[2023-03-04T20:25:43.107+0000] {logging_mixin.py:137} INFO - [2023-03-04T20:25:43.107+0000] {dag.py:3441} INFO - Setting next_dagrun for dataset_produces_1 to 2023-03-03T00:00:00+00:00, run_after=2023-03-04T00:00:00+00:00
[2023-03-04T20:25:43.109+0000] {logging_mixin.py:137} INFO - [2023-03-04T20:25:43.109+0000] {dag.py:3441} INFO - Setting next_dagrun for dataset_produces_2 to None, run_after=None
[2023-03-04T20:25:43.201+0000] {processor.py:175} INFO - Processing /home/airflow/.local/lib/python3.7/site-packages/airflow/example_dags/example_datasets.py took 0.220 seconds
[2023-03-04T21:17:47.714+0000] {processor.py:153} INFO - Started process (PID=6248) to work on /home/airflow/.local/lib/python3.7/site-packages/airflow/example_dags/example_datasets.py
[2023-03-04T21:17:47.716+0000] {processor.py:743} INFO - Processing file /home/airflow/.local/lib/python3.7/site-packages/airflow/example_dags/example_datasets.py for tasks to queue
[2023-03-04T21:17:47.717+0000] {logging_mixin.py:137} INFO - [2023-03-04T21:17:47.717+0000] {dagbag.py:538} INFO - Filling up the DagBag from /home/airflow/.local/lib/python3.7/site-packages/airflow/example_dags/example_datasets.py
[2023-03-04T21:17:47.731+0000] {processor.py:753} INFO - DAG(s) dict_keys(['dataset_produces_1', 'dataset_consumes_unknown_never_scheduled', 'dataset_consumes_1', 'dataset_consumes_1_never_scheduled', 'dataset_consumes_1_and_2', 'dataset_produces_2']) retrieved from /home/airflow/.local/lib/python3.7/site-packages/airflow/example_dags/example_datasets.py
[2023-03-04T21:17:47.762+0000] {logging_mixin.py:137} INFO - [2023-03-04T21:17:47.762+0000] {dag.py:2690} INFO - Sync 6 DAGs
[2023-03-04T21:17:47.781+0000] {logging_mixin.py:137} INFO - [2023-03-04T21:17:47.780+0000] {dag.py:3441} INFO - Setting next_dagrun for dataset_consumes_1 to None, run_after=None
[2023-03-04T21:17:47.783+0000] {logging_mixin.py:137} INFO - [2023-03-04T21:17:47.783+0000] {dag.py:3441} INFO - Setting next_dagrun for dataset_consumes_1_and_2 to None, run_after=None
[2023-03-04T21:17:47.784+0000] {logging_mixin.py:137} INFO - [2023-03-04T21:17:47.784+0000] {dag.py:3441} INFO - Setting next_dagrun for dataset_consumes_1_never_scheduled to None, run_after=None
[2023-03-04T21:17:47.785+0000] {logging_mixin.py:137} INFO - [2023-03-04T21:17:47.785+0000] {dag.py:3441} INFO - Setting next_dagrun for dataset_consumes_unknown_never_scheduled to None, run_after=None
[2023-03-04T21:17:47.788+0000] {logging_mixin.py:137} INFO - [2023-03-04T21:17:47.788+0000] {dag.py:3441} INFO - Setting next_dagrun for dataset_produces_1 to 2023-03-03T00:00:00+00:00, run_after=2023-03-04T00:00:00+00:00
[2023-03-04T21:17:47.789+0000] {logging_mixin.py:137} INFO - [2023-03-04T21:17:47.789+0000] {dag.py:3441} INFO - Setting next_dagrun for dataset_produces_2 to None, run_after=None
[2023-03-04T21:17:47.812+0000] {processor.py:175} INFO - Processing /home/airflow/.local/lib/python3.7/site-packages/airflow/example_dags/example_datasets.py took 0.101 seconds
[2023-03-04T22:18:15.476+0000] {processor.py:153} INFO - Started process (PID=6312) to work on /home/airflow/.local/lib/python3.7/site-packages/airflow/example_dags/example_datasets.py
[2023-03-04T22:18:15.480+0000] {processor.py:743} INFO - Processing file /home/airflow/.local/lib/python3.7/site-packages/airflow/example_dags/example_datasets.py for tasks to queue
[2023-03-04T22:18:15.483+0000] {logging_mixin.py:137} INFO - [2023-03-04T22:18:15.483+0000] {dagbag.py:538} INFO - Filling up the DagBag from /home/airflow/.local/lib/python3.7/site-packages/airflow/example_dags/example_datasets.py
[2023-03-04T22:18:15.515+0000] {processor.py:753} INFO - DAG(s) dict_keys(['dataset_consumes_unknown_never_scheduled', 'dataset_produces_2', 'dataset_produces_1', 'dataset_consumes_1_never_scheduled', 'dataset_consumes_1_and_2', 'dataset_consumes_1']) retrieved from /home/airflow/.local/lib/python3.7/site-packages/airflow/example_dags/example_datasets.py
[2023-03-04T22:18:15.704+0000] {logging_mixin.py:137} INFO - [2023-03-04T22:18:15.703+0000] {dag.py:2690} INFO - Sync 6 DAGs
[2023-03-04T22:18:15.764+0000] {logging_mixin.py:137} INFO - [2023-03-04T22:18:15.764+0000] {dag.py:3441} INFO - Setting next_dagrun for dataset_consumes_1 to None, run_after=None
[2023-03-04T22:18:15.768+0000] {logging_mixin.py:137} INFO - [2023-03-04T22:18:15.768+0000] {dag.py:3441} INFO - Setting next_dagrun for dataset_consumes_1_and_2 to None, run_after=None
[2023-03-04T22:18:15.773+0000] {logging_mixin.py:137} INFO - [2023-03-04T22:18:15.773+0000] {dag.py:3441} INFO - Setting next_dagrun for dataset_consumes_1_never_scheduled to None, run_after=None
[2023-03-04T22:18:15.778+0000] {logging_mixin.py:137} INFO - [2023-03-04T22:18:15.778+0000] {dag.py:3441} INFO - Setting next_dagrun for dataset_consumes_unknown_never_scheduled to None, run_after=None
[2023-03-04T22:18:15.785+0000] {logging_mixin.py:137} INFO - [2023-03-04T22:18:15.785+0000] {dag.py:3441} INFO - Setting next_dagrun for dataset_produces_1 to 2023-03-03T00:00:00+00:00, run_after=2023-03-04T00:00:00+00:00
[2023-03-04T22:18:15.789+0000] {logging_mixin.py:137} INFO - [2023-03-04T22:18:15.788+0000] {dag.py:3441} INFO - Setting next_dagrun for dataset_produces_2 to None, run_after=None
[2023-03-04T22:18:15.839+0000] {processor.py:175} INFO - Processing /home/airflow/.local/lib/python3.7/site-packages/airflow/example_dags/example_datasets.py took 0.373 seconds
[2023-03-04T23:42:21.525+0000] {processor.py:153} INFO - Started process (PID=6375) to work on /home/airflow/.local/lib/python3.7/site-packages/airflow/example_dags/example_datasets.py
[2023-03-04T23:42:21.527+0000] {processor.py:743} INFO - Processing file /home/airflow/.local/lib/python3.7/site-packages/airflow/example_dags/example_datasets.py for tasks to queue
[2023-03-04T23:42:21.528+0000] {logging_mixin.py:137} INFO - [2023-03-04T23:42:21.528+0000] {dagbag.py:538} INFO - Filling up the DagBag from /home/airflow/.local/lib/python3.7/site-packages/airflow/example_dags/example_datasets.py
[2023-03-04T23:42:21.542+0000] {processor.py:753} INFO - DAG(s) dict_keys(['dataset_produces_1', 'dataset_consumes_1_never_scheduled', 'dataset_consumes_1', 'dataset_produces_2', 'dataset_consumes_unknown_never_scheduled', 'dataset_consumes_1_and_2']) retrieved from /home/airflow/.local/lib/python3.7/site-packages/airflow/example_dags/example_datasets.py
[2023-03-04T23:42:21.570+0000] {logging_mixin.py:137} INFO - [2023-03-04T23:42:21.570+0000] {dag.py:2690} INFO - Sync 6 DAGs
[2023-03-04T23:42:21.587+0000] {logging_mixin.py:137} INFO - [2023-03-04T23:42:21.587+0000] {dag.py:3441} INFO - Setting next_dagrun for dataset_consumes_1 to None, run_after=None
[2023-03-04T23:42:21.589+0000] {logging_mixin.py:137} INFO - [2023-03-04T23:42:21.589+0000] {dag.py:3441} INFO - Setting next_dagrun for dataset_consumes_1_and_2 to None, run_after=None
[2023-03-04T23:42:21.590+0000] {logging_mixin.py:137} INFO - [2023-03-04T23:42:21.590+0000] {dag.py:3441} INFO - Setting next_dagrun for dataset_consumes_1_never_scheduled to None, run_after=None
[2023-03-04T23:42:21.592+0000] {logging_mixin.py:137} INFO - [2023-03-04T23:42:21.592+0000] {dag.py:3441} INFO - Setting next_dagrun for dataset_consumes_unknown_never_scheduled to None, run_after=None
[2023-03-04T23:42:21.593+0000] {logging_mixin.py:137} INFO - [2023-03-04T23:42:21.593+0000] {dag.py:3441} INFO - Setting next_dagrun for dataset_produces_1 to 2023-03-03T00:00:00+00:00, run_after=2023-03-04T00:00:00+00:00
[2023-03-04T23:42:21.594+0000] {logging_mixin.py:137} INFO - [2023-03-04T23:42:21.594+0000] {dag.py:3441} INFO - Setting next_dagrun for dataset_produces_2 to None, run_after=None
[2023-03-04T23:42:21.615+0000] {processor.py:175} INFO - Processing /home/airflow/.local/lib/python3.7/site-packages/airflow/example_dags/example_datasets.py took 0.093 seconds
