[2023-03-04T00:16:37.720+0000] {processor.py:153} INFO - Started process (PID=4545) to work on /home/airflow/.local/lib/python3.7/site-packages/airflow/example_dags/example_dag_decorator.py
[2023-03-04T00:16:37.724+0000] {processor.py:743} INFO - Processing file /home/airflow/.local/lib/python3.7/site-packages/airflow/example_dags/example_dag_decorator.py for tasks to queue
[2023-03-04T00:16:37.732+0000] {logging_mixin.py:137} INFO - [2023-03-04T00:16:37.731+0000] {dagbag.py:538} INFO - Filling up the DagBag from /home/airflow/.local/lib/python3.7/site-packages/airflow/example_dags/example_dag_decorator.py
[2023-03-04T00:16:38.333+0000] {logging_mixin.py:137} INFO - [2023-03-04T00:16:38.311+0000] {taskmixin.py:205} WARNING - Dependency <Task(_PythonDecoratedOperator): prepare_email>, send_email already registered for DAG: example_dag_decorator
[2023-03-04T00:16:38.348+0000] {logging_mixin.py:137} INFO - [2023-03-04T00:16:38.348+0000] {taskmixin.py:205} WARNING - Dependency <Task(EmailOperator): send_email>, prepare_email already registered for DAG: example_dag_decorator
[2023-03-04T00:16:39.830+0000] {processor.py:753} INFO - DAG(s) dict_keys(['example_dag_decorator']) retrieved from /home/airflow/.local/lib/python3.7/site-packages/airflow/example_dags/example_dag_decorator.py
[2023-03-04T00:16:43.229+0000] {logging_mixin.py:137} INFO - [2023-03-04T00:16:43.215+0000] {dag.py:2690} INFO - Sync 1 DAGs
[2023-03-04T00:16:43.578+0000] {logging_mixin.py:137} INFO - [2023-03-04T00:16:43.577+0000] {dag.py:3441} INFO - Setting next_dagrun for example_dag_decorator to None, run_after=None
[2023-03-04T00:16:44.064+0000] {processor.py:175} INFO - Processing /home/airflow/.local/lib/python3.7/site-packages/airflow/example_dags/example_dag_decorator.py took 6.390 seconds
[2023-03-04T05:01:55.814+0000] {processor.py:153} INFO - Started process (PID=4665) to work on /home/airflow/.local/lib/python3.7/site-packages/airflow/example_dags/example_dag_decorator.py
[2023-03-04T05:01:55.836+0000] {processor.py:743} INFO - Processing file /home/airflow/.local/lib/python3.7/site-packages/airflow/example_dags/example_dag_decorator.py for tasks to queue
[2023-03-04T05:01:55.856+0000] {logging_mixin.py:137} INFO - [2023-03-04T05:01:55.855+0000] {dagbag.py:538} INFO - Filling up the DagBag from /home/airflow/.local/lib/python3.7/site-packages/airflow/example_dags/example_dag_decorator.py
[2023-03-04T05:01:56.091+0000] {logging_mixin.py:137} INFO - [2023-03-04T05:01:56.091+0000] {taskmixin.py:205} WARNING - Dependency <Task(_PythonDecoratedOperator): prepare_email>, send_email already registered for DAG: example_dag_decorator
[2023-03-04T05:01:56.113+0000] {logging_mixin.py:137} INFO - [2023-03-04T05:01:56.113+0000] {taskmixin.py:205} WARNING - Dependency <Task(EmailOperator): send_email>, prepare_email already registered for DAG: example_dag_decorator
[2023-03-04T05:01:56.329+0000] {processor.py:753} INFO - DAG(s) dict_keys(['example_dag_decorator']) retrieved from /home/airflow/.local/lib/python3.7/site-packages/airflow/example_dags/example_dag_decorator.py
[2023-03-04T05:43:06.816+0000] {logging_mixin.py:137} INFO - [2023-03-04T05:43:06.758+0000] {dag.py:2690} INFO - Sync 1 DAGs
[2023-03-04T05:43:08.201+0000] {logging_mixin.py:137} INFO - [2023-03-04T05:43:08.125+0000] {dag.py:3441} INFO - Setting next_dagrun for example_dag_decorator to None, run_after=None
[2023-03-04T07:05:51.477+0000] {processor.py:153} INFO - Started process (PID=4750) to work on /home/airflow/.local/lib/python3.7/site-packages/airflow/example_dags/example_dag_decorator.py
[2023-03-04T07:05:51.509+0000] {processor.py:743} INFO - Processing file /home/airflow/.local/lib/python3.7/site-packages/airflow/example_dags/example_dag_decorator.py for tasks to queue
[2023-03-04T07:05:51.520+0000] {logging_mixin.py:137} INFO - [2023-03-04T07:05:51.519+0000] {dagbag.py:538} INFO - Filling up the DagBag from /home/airflow/.local/lib/python3.7/site-packages/airflow/example_dags/example_dag_decorator.py
[2023-03-04T07:05:51.742+0000] {logging_mixin.py:137} INFO - [2023-03-04T07:05:51.741+0000] {taskmixin.py:205} WARNING - Dependency <Task(_PythonDecoratedOperator): prepare_email>, send_email already registered for DAG: example_dag_decorator
[2023-03-04T07:05:51.748+0000] {logging_mixin.py:137} INFO - [2023-03-04T07:05:51.748+0000] {taskmixin.py:205} WARNING - Dependency <Task(EmailOperator): send_email>, prepare_email already registered for DAG: example_dag_decorator
[2023-03-04T07:05:52.033+0000] {processor.py:753} INFO - DAG(s) dict_keys(['example_dag_decorator']) retrieved from /home/airflow/.local/lib/python3.7/site-packages/airflow/example_dags/example_dag_decorator.py
[2023-03-04T07:05:52.244+0000] {logging_mixin.py:137} INFO - [2023-03-04T07:05:52.242+0000] {dag.py:2690} INFO - Sync 1 DAGs
[2023-03-04T07:05:52.298+0000] {logging_mixin.py:137} INFO - [2023-03-04T07:05:52.297+0000] {dag.py:3441} INFO - Setting next_dagrun for example_dag_decorator to None, run_after=None
[2023-03-04T07:05:52.352+0000] {processor.py:175} INFO - Processing /home/airflow/.local/lib/python3.7/site-packages/airflow/example_dags/example_dag_decorator.py took 0.899 seconds
[2023-03-04T07:37:52.985+0000] {processor.py:153} INFO - Started process (PID=4816) to work on /home/airflow/.local/lib/python3.7/site-packages/airflow/example_dags/example_dag_decorator.py
[2023-03-04T07:37:52.987+0000] {processor.py:743} INFO - Processing file /home/airflow/.local/lib/python3.7/site-packages/airflow/example_dags/example_dag_decorator.py for tasks to queue
[2023-03-04T07:37:52.988+0000] {logging_mixin.py:137} INFO - [2023-03-04T07:37:52.988+0000] {dagbag.py:538} INFO - Filling up the DagBag from /home/airflow/.local/lib/python3.7/site-packages/airflow/example_dags/example_dag_decorator.py
[2023-03-04T07:37:53.001+0000] {logging_mixin.py:137} INFO - [2023-03-04T07:37:53.001+0000] {taskmixin.py:205} WARNING - Dependency <Task(_PythonDecoratedOperator): prepare_email>, send_email already registered for DAG: example_dag_decorator
[2023-03-04T07:37:53.003+0000] {logging_mixin.py:137} INFO - [2023-03-04T07:37:53.003+0000] {taskmixin.py:205} WARNING - Dependency <Task(EmailOperator): send_email>, prepare_email already registered for DAG: example_dag_decorator
[2023-03-04T07:37:53.017+0000] {processor.py:753} INFO - DAG(s) dict_keys(['example_dag_decorator']) retrieved from /home/airflow/.local/lib/python3.7/site-packages/airflow/example_dags/example_dag_decorator.py
[2023-03-04T07:37:53.091+0000] {logging_mixin.py:137} INFO - [2023-03-04T07:37:53.091+0000] {dag.py:2690} INFO - Sync 1 DAGs
[2023-03-04T07:37:53.117+0000] {logging_mixin.py:137} INFO - [2023-03-04T07:37:53.117+0000] {dag.py:3441} INFO - Setting next_dagrun for example_dag_decorator to None, run_after=None
[2023-03-04T07:37:53.154+0000] {processor.py:175} INFO - Processing /home/airflow/.local/lib/python3.7/site-packages/airflow/example_dags/example_dag_decorator.py took 0.171 seconds
[2023-03-04T07:43:51.181+0000] {processor.py:153} INFO - Started process (PID=4879) to work on /home/airflow/.local/lib/python3.7/site-packages/airflow/example_dags/example_dag_decorator.py
[2023-03-04T07:43:51.182+0000] {processor.py:743} INFO - Processing file /home/airflow/.local/lib/python3.7/site-packages/airflow/example_dags/example_dag_decorator.py for tasks to queue
[2023-03-04T07:43:51.183+0000] {logging_mixin.py:137} INFO - [2023-03-04T07:43:51.183+0000] {dagbag.py:538} INFO - Filling up the DagBag from /home/airflow/.local/lib/python3.7/site-packages/airflow/example_dags/example_dag_decorator.py
[2023-03-04T07:43:51.199+0000] {logging_mixin.py:137} INFO - [2023-03-04T07:43:51.198+0000] {taskmixin.py:205} WARNING - Dependency <Task(_PythonDecoratedOperator): prepare_email>, send_email already registered for DAG: example_dag_decorator
[2023-03-04T07:43:51.199+0000] {logging_mixin.py:137} INFO - [2023-03-04T07:43:51.199+0000] {taskmixin.py:205} WARNING - Dependency <Task(EmailOperator): send_email>, prepare_email already registered for DAG: example_dag_decorator
[2023-03-04T07:43:51.211+0000] {processor.py:753} INFO - DAG(s) dict_keys(['example_dag_decorator']) retrieved from /home/airflow/.local/lib/python3.7/site-packages/airflow/example_dags/example_dag_decorator.py
[2023-03-04T07:43:51.263+0000] {logging_mixin.py:137} INFO - [2023-03-04T07:43:51.263+0000] {dag.py:2690} INFO - Sync 1 DAGs
[2023-03-04T07:43:51.284+0000] {logging_mixin.py:137} INFO - [2023-03-04T07:43:51.284+0000] {dag.py:3441} INFO - Setting next_dagrun for example_dag_decorator to None, run_after=None
[2023-03-04T07:43:51.405+0000] {processor.py:175} INFO - Processing /home/airflow/.local/lib/python3.7/site-packages/airflow/example_dags/example_dag_decorator.py took 0.229 seconds
[2023-03-04T09:08:10.298+0000] {processor.py:153} INFO - Started process (PID=4951) to work on /home/airflow/.local/lib/python3.7/site-packages/airflow/example_dags/example_dag_decorator.py
[2023-03-04T09:08:10.302+0000] {processor.py:743} INFO - Processing file /home/airflow/.local/lib/python3.7/site-packages/airflow/example_dags/example_dag_decorator.py for tasks to queue
[2023-03-04T09:08:10.306+0000] {logging_mixin.py:137} INFO - [2023-03-04T09:08:10.305+0000] {dagbag.py:538} INFO - Filling up the DagBag from /home/airflow/.local/lib/python3.7/site-packages/airflow/example_dags/example_dag_decorator.py
[2023-03-04T09:08:10.348+0000] {logging_mixin.py:137} INFO - [2023-03-04T09:08:10.347+0000] {taskmixin.py:205} WARNING - Dependency <Task(_PythonDecoratedOperator): prepare_email>, send_email already registered for DAG: example_dag_decorator
[2023-03-04T09:08:10.350+0000] {logging_mixin.py:137} INFO - [2023-03-04T09:08:10.349+0000] {taskmixin.py:205} WARNING - Dependency <Task(EmailOperator): send_email>, prepare_email already registered for DAG: example_dag_decorator
[2023-03-04T09:08:10.389+0000] {processor.py:753} INFO - DAG(s) dict_keys(['example_dag_decorator']) retrieved from /home/airflow/.local/lib/python3.7/site-packages/airflow/example_dags/example_dag_decorator.py
[2023-03-04T09:08:10.488+0000] {logging_mixin.py:137} INFO - [2023-03-04T09:08:10.488+0000] {dag.py:2690} INFO - Sync 1 DAGs
[2023-03-04T09:08:10.555+0000] {logging_mixin.py:137} INFO - [2023-03-04T09:08:10.554+0000] {dag.py:3441} INFO - Setting next_dagrun for example_dag_decorator to None, run_after=None
[2023-03-04T09:08:10.607+0000] {processor.py:175} INFO - Processing /home/airflow/.local/lib/python3.7/site-packages/airflow/example_dags/example_dag_decorator.py took 0.317 seconds
[2023-03-04T10:01:47.101+0000] {processor.py:153} INFO - Started process (PID=5014) to work on /home/airflow/.local/lib/python3.7/site-packages/airflow/example_dags/example_dag_decorator.py
[2023-03-04T10:01:47.104+0000] {processor.py:743} INFO - Processing file /home/airflow/.local/lib/python3.7/site-packages/airflow/example_dags/example_dag_decorator.py for tasks to queue
[2023-03-04T10:01:47.107+0000] {logging_mixin.py:137} INFO - [2023-03-04T10:01:47.107+0000] {dagbag.py:538} INFO - Filling up the DagBag from /home/airflow/.local/lib/python3.7/site-packages/airflow/example_dags/example_dag_decorator.py
[2023-03-04T10:01:47.146+0000] {logging_mixin.py:137} INFO - [2023-03-04T10:01:47.146+0000] {taskmixin.py:205} WARNING - Dependency <Task(_PythonDecoratedOperator): prepare_email>, send_email already registered for DAG: example_dag_decorator
[2023-03-04T10:01:47.152+0000] {logging_mixin.py:137} INFO - [2023-03-04T10:01:47.151+0000] {taskmixin.py:205} WARNING - Dependency <Task(EmailOperator): send_email>, prepare_email already registered for DAG: example_dag_decorator
[2023-03-04T10:01:47.242+0000] {processor.py:753} INFO - DAG(s) dict_keys(['example_dag_decorator']) retrieved from /home/airflow/.local/lib/python3.7/site-packages/airflow/example_dags/example_dag_decorator.py
[2023-03-04T10:01:47.408+0000] {logging_mixin.py:137} INFO - [2023-03-04T10:01:47.407+0000] {dag.py:2690} INFO - Sync 1 DAGs
[2023-03-04T10:01:47.449+0000] {logging_mixin.py:137} INFO - [2023-03-04T10:01:47.449+0000] {dag.py:3441} INFO - Setting next_dagrun for example_dag_decorator to None, run_after=None
[2023-03-04T10:01:47.516+0000] {processor.py:175} INFO - Processing /home/airflow/.local/lib/python3.7/site-packages/airflow/example_dags/example_dag_decorator.py took 0.423 seconds
[2023-03-04T10:51:20.239+0000] {processor.py:153} INFO - Started process (PID=5068) to work on /home/airflow/.local/lib/python3.7/site-packages/airflow/example_dags/example_dag_decorator.py
[2023-03-04T10:51:20.242+0000] {processor.py:743} INFO - Processing file /home/airflow/.local/lib/python3.7/site-packages/airflow/example_dags/example_dag_decorator.py for tasks to queue
[2023-03-04T10:51:20.245+0000] {logging_mixin.py:137} INFO - [2023-03-04T10:51:20.245+0000] {dagbag.py:538} INFO - Filling up the DagBag from /home/airflow/.local/lib/python3.7/site-packages/airflow/example_dags/example_dag_decorator.py
[2023-03-04T10:51:20.286+0000] {logging_mixin.py:137} INFO - [2023-03-04T10:51:20.286+0000] {taskmixin.py:205} WARNING - Dependency <Task(_PythonDecoratedOperator): prepare_email>, send_email already registered for DAG: example_dag_decorator
[2023-03-04T10:51:20.289+0000] {logging_mixin.py:137} INFO - [2023-03-04T10:51:20.288+0000] {taskmixin.py:205} WARNING - Dependency <Task(EmailOperator): send_email>, prepare_email already registered for DAG: example_dag_decorator
[2023-03-04T10:51:20.314+0000] {processor.py:753} INFO - DAG(s) dict_keys(['example_dag_decorator']) retrieved from /home/airflow/.local/lib/python3.7/site-packages/airflow/example_dags/example_dag_decorator.py
[2023-03-04T10:51:20.426+0000] {logging_mixin.py:137} INFO - [2023-03-04T10:51:20.426+0000] {dag.py:2690} INFO - Sync 1 DAGs
[2023-03-04T10:51:20.456+0000] {logging_mixin.py:137} INFO - [2023-03-04T10:51:20.456+0000] {dag.py:3441} INFO - Setting next_dagrun for example_dag_decorator to None, run_after=None
[2023-03-04T10:51:20.504+0000] {processor.py:175} INFO - Processing /home/airflow/.local/lib/python3.7/site-packages/airflow/example_dags/example_dag_decorator.py took 0.269 seconds
[2023-03-04T11:12:00.450+0000] {processor.py:153} INFO - Started process (PID=5139) to work on /home/airflow/.local/lib/python3.7/site-packages/airflow/example_dags/example_dag_decorator.py
[2023-03-04T11:12:00.452+0000] {processor.py:743} INFO - Processing file /home/airflow/.local/lib/python3.7/site-packages/airflow/example_dags/example_dag_decorator.py for tasks to queue
[2023-03-04T11:12:00.453+0000] {logging_mixin.py:137} INFO - [2023-03-04T11:12:00.453+0000] {dagbag.py:538} INFO - Filling up the DagBag from /home/airflow/.local/lib/python3.7/site-packages/airflow/example_dags/example_dag_decorator.py
[2023-03-04T11:12:00.467+0000] {logging_mixin.py:137} INFO - [2023-03-04T11:12:00.466+0000] {taskmixin.py:205} WARNING - Dependency <Task(_PythonDecoratedOperator): prepare_email>, send_email already registered for DAG: example_dag_decorator
[2023-03-04T11:12:00.467+0000] {logging_mixin.py:137} INFO - [2023-03-04T11:12:00.467+0000] {taskmixin.py:205} WARNING - Dependency <Task(EmailOperator): send_email>, prepare_email already registered for DAG: example_dag_decorator
[2023-03-04T11:12:00.491+0000] {processor.py:753} INFO - DAG(s) dict_keys(['example_dag_decorator']) retrieved from /home/airflow/.local/lib/python3.7/site-packages/airflow/example_dags/example_dag_decorator.py
[2023-03-04T11:12:00.562+0000] {logging_mixin.py:137} INFO - [2023-03-04T11:12:00.562+0000] {dag.py:2690} INFO - Sync 1 DAGs
[2023-03-04T11:12:00.599+0000] {logging_mixin.py:137} INFO - [2023-03-04T11:12:00.599+0000] {dag.py:3441} INFO - Setting next_dagrun for example_dag_decorator to None, run_after=None
[2023-03-04T11:12:00.692+0000] {processor.py:175} INFO - Processing /home/airflow/.local/lib/python3.7/site-packages/airflow/example_dags/example_dag_decorator.py took 0.245 seconds
[2023-03-04T11:21:27.308+0000] {processor.py:153} INFO - Started process (PID=5205) to work on /home/airflow/.local/lib/python3.7/site-packages/airflow/example_dags/example_dag_decorator.py
[2023-03-04T11:21:27.310+0000] {processor.py:743} INFO - Processing file /home/airflow/.local/lib/python3.7/site-packages/airflow/example_dags/example_dag_decorator.py for tasks to queue
[2023-03-04T11:21:27.311+0000] {logging_mixin.py:137} INFO - [2023-03-04T11:21:27.311+0000] {dagbag.py:538} INFO - Filling up the DagBag from /home/airflow/.local/lib/python3.7/site-packages/airflow/example_dags/example_dag_decorator.py
[2023-03-04T11:21:27.327+0000] {logging_mixin.py:137} INFO - [2023-03-04T11:21:27.326+0000] {taskmixin.py:205} WARNING - Dependency <Task(_PythonDecoratedOperator): prepare_email>, send_email already registered for DAG: example_dag_decorator
[2023-03-04T11:21:27.327+0000] {logging_mixin.py:137} INFO - [2023-03-04T11:21:27.327+0000] {taskmixin.py:205} WARNING - Dependency <Task(EmailOperator): send_email>, prepare_email already registered for DAG: example_dag_decorator
[2023-03-04T11:21:27.346+0000] {processor.py:753} INFO - DAG(s) dict_keys(['example_dag_decorator']) retrieved from /home/airflow/.local/lib/python3.7/site-packages/airflow/example_dags/example_dag_decorator.py
[2023-03-04T11:21:27.427+0000] {logging_mixin.py:137} INFO - [2023-03-04T11:21:27.427+0000] {dag.py:2690} INFO - Sync 1 DAGs
[2023-03-04T11:21:27.455+0000] {logging_mixin.py:137} INFO - [2023-03-04T11:21:27.455+0000] {dag.py:3441} INFO - Setting next_dagrun for example_dag_decorator to None, run_after=None
[2023-03-04T11:21:27.481+0000] {processor.py:175} INFO - Processing /home/airflow/.local/lib/python3.7/site-packages/airflow/example_dags/example_dag_decorator.py took 0.176 seconds
[2023-03-04T11:56:42.850+0000] {processor.py:153} INFO - Started process (PID=5269) to work on /home/airflow/.local/lib/python3.7/site-packages/airflow/example_dags/example_dag_decorator.py
[2023-03-04T11:56:42.854+0000] {processor.py:743} INFO - Processing file /home/airflow/.local/lib/python3.7/site-packages/airflow/example_dags/example_dag_decorator.py for tasks to queue
[2023-03-04T11:56:42.857+0000] {logging_mixin.py:137} INFO - [2023-03-04T11:56:42.857+0000] {dagbag.py:538} INFO - Filling up the DagBag from /home/airflow/.local/lib/python3.7/site-packages/airflow/example_dags/example_dag_decorator.py
[2023-03-04T11:56:42.879+0000] {logging_mixin.py:137} INFO - [2023-03-04T11:56:42.879+0000] {taskmixin.py:205} WARNING - Dependency <Task(_PythonDecoratedOperator): prepare_email>, send_email already registered for DAG: example_dag_decorator
[2023-03-04T11:56:42.881+0000] {logging_mixin.py:137} INFO - [2023-03-04T11:56:42.881+0000] {taskmixin.py:205} WARNING - Dependency <Task(EmailOperator): send_email>, prepare_email already registered for DAG: example_dag_decorator
[2023-03-04T11:56:42.894+0000] {processor.py:753} INFO - DAG(s) dict_keys(['example_dag_decorator']) retrieved from /home/airflow/.local/lib/python3.7/site-packages/airflow/example_dags/example_dag_decorator.py
[2023-03-04T11:56:42.976+0000] {logging_mixin.py:137} INFO - [2023-03-04T11:56:42.976+0000] {dag.py:2690} INFO - Sync 1 DAGs
[2023-03-04T11:56:43.032+0000] {logging_mixin.py:137} INFO - [2023-03-04T11:56:43.031+0000] {dag.py:3441} INFO - Setting next_dagrun for example_dag_decorator to None, run_after=None
[2023-03-04T11:56:43.057+0000] {processor.py:175} INFO - Processing /home/airflow/.local/lib/python3.7/site-packages/airflow/example_dags/example_dag_decorator.py took 0.210 seconds
[2023-03-04T12:36:19.252+0000] {processor.py:153} INFO - Started process (PID=5344) to work on /home/airflow/.local/lib/python3.7/site-packages/airflow/example_dags/example_dag_decorator.py
[2023-03-04T12:36:19.276+0000] {processor.py:743} INFO - Processing file /home/airflow/.local/lib/python3.7/site-packages/airflow/example_dags/example_dag_decorator.py for tasks to queue
[2023-03-04T12:36:19.279+0000] {logging_mixin.py:137} INFO - [2023-03-04T12:36:19.279+0000] {dagbag.py:538} INFO - Filling up the DagBag from /home/airflow/.local/lib/python3.7/site-packages/airflow/example_dags/example_dag_decorator.py
[2023-03-04T12:36:19.394+0000] {logging_mixin.py:137} INFO - [2023-03-04T12:36:19.393+0000] {taskmixin.py:205} WARNING - Dependency <Task(_PythonDecoratedOperator): prepare_email>, send_email already registered for DAG: example_dag_decorator
[2023-03-04T12:36:19.403+0000] {logging_mixin.py:137} INFO - [2023-03-04T12:36:19.403+0000] {taskmixin.py:205} WARNING - Dependency <Task(EmailOperator): send_email>, prepare_email already registered for DAG: example_dag_decorator
[2023-03-04T12:36:19.533+0000] {processor.py:753} INFO - DAG(s) dict_keys(['example_dag_decorator']) retrieved from /home/airflow/.local/lib/python3.7/site-packages/airflow/example_dags/example_dag_decorator.py
[2023-03-04T12:36:19.820+0000] {logging_mixin.py:137} INFO - [2023-03-04T12:36:19.817+0000] {dag.py:2690} INFO - Sync 1 DAGs
[2023-03-04T12:36:19.924+0000] {logging_mixin.py:137} INFO - [2023-03-04T12:36:19.924+0000] {dag.py:3441} INFO - Setting next_dagrun for example_dag_decorator to None, run_after=None
[2023-03-04T12:36:20.097+0000] {processor.py:175} INFO - Processing /home/airflow/.local/lib/python3.7/site-packages/airflow/example_dags/example_dag_decorator.py took 0.880 seconds
[2023-03-04T12:50:13.838+0000] {processor.py:153} INFO - Started process (PID=5395) to work on /home/airflow/.local/lib/python3.7/site-packages/airflow/example_dags/example_dag_decorator.py
[2023-03-04T12:50:13.839+0000] {processor.py:743} INFO - Processing file /home/airflow/.local/lib/python3.7/site-packages/airflow/example_dags/example_dag_decorator.py for tasks to queue
[2023-03-04T12:50:13.840+0000] {logging_mixin.py:137} INFO - [2023-03-04T12:50:13.840+0000] {dagbag.py:538} INFO - Filling up the DagBag from /home/airflow/.local/lib/python3.7/site-packages/airflow/example_dags/example_dag_decorator.py
[2023-03-04T12:50:13.855+0000] {logging_mixin.py:137} INFO - [2023-03-04T12:50:13.855+0000] {taskmixin.py:205} WARNING - Dependency <Task(_PythonDecoratedOperator): prepare_email>, send_email already registered for DAG: example_dag_decorator
[2023-03-04T12:50:13.856+0000] {logging_mixin.py:137} INFO - [2023-03-04T12:50:13.856+0000] {taskmixin.py:205} WARNING - Dependency <Task(EmailOperator): send_email>, prepare_email already registered for DAG: example_dag_decorator
[2023-03-04T12:50:13.870+0000] {processor.py:753} INFO - DAG(s) dict_keys(['example_dag_decorator']) retrieved from /home/airflow/.local/lib/python3.7/site-packages/airflow/example_dags/example_dag_decorator.py
[2023-03-04T12:50:13.970+0000] {logging_mixin.py:137} INFO - [2023-03-04T12:50:13.969+0000] {dag.py:2690} INFO - Sync 1 DAGs
[2023-03-04T12:50:13.996+0000] {logging_mixin.py:137} INFO - [2023-03-04T12:50:13.996+0000] {dag.py:3441} INFO - Setting next_dagrun for example_dag_decorator to None, run_after=None
[2023-03-04T12:50:14.015+0000] {processor.py:175} INFO - Processing /home/airflow/.local/lib/python3.7/site-packages/airflow/example_dags/example_dag_decorator.py took 0.180 seconds
[2023-03-04T13:10:03.338+0000] {processor.py:153} INFO - Started process (PID=5470) to work on /home/airflow/.local/lib/python3.7/site-packages/airflow/example_dags/example_dag_decorator.py
[2023-03-04T13:10:03.343+0000] {processor.py:743} INFO - Processing file /home/airflow/.local/lib/python3.7/site-packages/airflow/example_dags/example_dag_decorator.py for tasks to queue
[2023-03-04T13:10:03.347+0000] {logging_mixin.py:137} INFO - [2023-03-04T13:10:03.347+0000] {dagbag.py:538} INFO - Filling up the DagBag from /home/airflow/.local/lib/python3.7/site-packages/airflow/example_dags/example_dag_decorator.py
[2023-03-04T13:10:03.394+0000] {logging_mixin.py:137} INFO - [2023-03-04T13:10:03.394+0000] {taskmixin.py:205} WARNING - Dependency <Task(_PythonDecoratedOperator): prepare_email>, send_email already registered for DAG: example_dag_decorator
[2023-03-04T13:10:03.396+0000] {logging_mixin.py:137} INFO - [2023-03-04T13:10:03.395+0000] {taskmixin.py:205} WARNING - Dependency <Task(EmailOperator): send_email>, prepare_email already registered for DAG: example_dag_decorator
[2023-03-04T13:10:03.424+0000] {processor.py:753} INFO - DAG(s) dict_keys(['example_dag_decorator']) retrieved from /home/airflow/.local/lib/python3.7/site-packages/airflow/example_dags/example_dag_decorator.py
[2023-03-04T13:10:03.594+0000] {logging_mixin.py:137} INFO - [2023-03-04T13:10:03.593+0000] {dag.py:2690} INFO - Sync 1 DAGs
[2023-03-04T13:10:03.656+0000] {logging_mixin.py:137} INFO - [2023-03-04T13:10:03.655+0000] {dag.py:3441} INFO - Setting next_dagrun for example_dag_decorator to None, run_after=None
[2023-03-04T13:10:03.682+0000] {processor.py:175} INFO - Processing /home/airflow/.local/lib/python3.7/site-packages/airflow/example_dags/example_dag_decorator.py took 0.365 seconds
[2023-03-04T13:26:37.439+0000] {processor.py:153} INFO - Started process (PID=5534) to work on /home/airflow/.local/lib/python3.7/site-packages/airflow/example_dags/example_dag_decorator.py
[2023-03-04T13:26:37.442+0000] {processor.py:743} INFO - Processing file /home/airflow/.local/lib/python3.7/site-packages/airflow/example_dags/example_dag_decorator.py for tasks to queue
[2023-03-04T13:26:37.446+0000] {logging_mixin.py:137} INFO - [2023-03-04T13:26:37.445+0000] {dagbag.py:538} INFO - Filling up the DagBag from /home/airflow/.local/lib/python3.7/site-packages/airflow/example_dags/example_dag_decorator.py
[2023-03-04T13:26:37.474+0000] {logging_mixin.py:137} INFO - [2023-03-04T13:26:37.473+0000] {taskmixin.py:205} WARNING - Dependency <Task(_PythonDecoratedOperator): prepare_email>, send_email already registered for DAG: example_dag_decorator
[2023-03-04T13:26:37.475+0000] {logging_mixin.py:137} INFO - [2023-03-04T13:26:37.475+0000] {taskmixin.py:205} WARNING - Dependency <Task(EmailOperator): send_email>, prepare_email already registered for DAG: example_dag_decorator
[2023-03-04T13:26:37.493+0000] {processor.py:753} INFO - DAG(s) dict_keys(['example_dag_decorator']) retrieved from /home/airflow/.local/lib/python3.7/site-packages/airflow/example_dags/example_dag_decorator.py
[2023-03-04T13:26:37.608+0000] {logging_mixin.py:137} INFO - [2023-03-04T13:26:37.607+0000] {dag.py:2690} INFO - Sync 1 DAGs
[2023-03-04T13:26:37.634+0000] {logging_mixin.py:137} INFO - [2023-03-04T13:26:37.634+0000] {dag.py:3441} INFO - Setting next_dagrun for example_dag_decorator to None, run_after=None
[2023-03-04T13:26:37.696+0000] {processor.py:175} INFO - Processing /home/airflow/.local/lib/python3.7/site-packages/airflow/example_dags/example_dag_decorator.py took 0.260 seconds
[2023-03-04T13:40:39.446+0000] {processor.py:153} INFO - Started process (PID=5596) to work on /home/airflow/.local/lib/python3.7/site-packages/airflow/example_dags/example_dag_decorator.py
[2023-03-04T13:40:39.448+0000] {processor.py:743} INFO - Processing file /home/airflow/.local/lib/python3.7/site-packages/airflow/example_dags/example_dag_decorator.py for tasks to queue
[2023-03-04T13:40:39.449+0000] {logging_mixin.py:137} INFO - [2023-03-04T13:40:39.449+0000] {dagbag.py:538} INFO - Filling up the DagBag from /home/airflow/.local/lib/python3.7/site-packages/airflow/example_dags/example_dag_decorator.py
[2023-03-04T13:40:39.475+0000] {logging_mixin.py:137} INFO - [2023-03-04T13:40:39.475+0000] {taskmixin.py:205} WARNING - Dependency <Task(_PythonDecoratedOperator): prepare_email>, send_email already registered for DAG: example_dag_decorator
[2023-03-04T13:40:39.477+0000] {logging_mixin.py:137} INFO - [2023-03-04T13:40:39.477+0000] {taskmixin.py:205} WARNING - Dependency <Task(EmailOperator): send_email>, prepare_email already registered for DAG: example_dag_decorator
[2023-03-04T13:40:39.503+0000] {processor.py:753} INFO - DAG(s) dict_keys(['example_dag_decorator']) retrieved from /home/airflow/.local/lib/python3.7/site-packages/airflow/example_dags/example_dag_decorator.py
[2023-03-04T13:40:39.631+0000] {logging_mixin.py:137} INFO - [2023-03-04T13:40:39.630+0000] {dag.py:2690} INFO - Sync 1 DAGs
[2023-03-04T13:40:39.696+0000] {logging_mixin.py:137} INFO - [2023-03-04T13:40:39.695+0000] {dag.py:3441} INFO - Setting next_dagrun for example_dag_decorator to None, run_after=None
[2023-03-04T13:40:39.721+0000] {processor.py:175} INFO - Processing /home/airflow/.local/lib/python3.7/site-packages/airflow/example_dags/example_dag_decorator.py took 0.278 seconds
[2023-03-04T14:00:03.824+0000] {processor.py:153} INFO - Started process (PID=5659) to work on /home/airflow/.local/lib/python3.7/site-packages/airflow/example_dags/example_dag_decorator.py
[2023-03-04T14:00:03.825+0000] {processor.py:743} INFO - Processing file /home/airflow/.local/lib/python3.7/site-packages/airflow/example_dags/example_dag_decorator.py for tasks to queue
[2023-03-04T14:00:03.826+0000] {logging_mixin.py:137} INFO - [2023-03-04T14:00:03.826+0000] {dagbag.py:538} INFO - Filling up the DagBag from /home/airflow/.local/lib/python3.7/site-packages/airflow/example_dags/example_dag_decorator.py
[2023-03-04T14:00:03.838+0000] {logging_mixin.py:137} INFO - [2023-03-04T14:00:03.837+0000] {taskmixin.py:205} WARNING - Dependency <Task(_PythonDecoratedOperator): prepare_email>, send_email already registered for DAG: example_dag_decorator
[2023-03-04T14:00:03.838+0000] {logging_mixin.py:137} INFO - [2023-03-04T14:00:03.838+0000] {taskmixin.py:205} WARNING - Dependency <Task(EmailOperator): send_email>, prepare_email already registered for DAG: example_dag_decorator
[2023-03-04T14:00:03.848+0000] {processor.py:753} INFO - DAG(s) dict_keys(['example_dag_decorator']) retrieved from /home/airflow/.local/lib/python3.7/site-packages/airflow/example_dags/example_dag_decorator.py
[2023-03-04T14:00:03.897+0000] {logging_mixin.py:137} INFO - [2023-03-04T14:00:03.896+0000] {dag.py:2690} INFO - Sync 1 DAGs
[2023-03-04T14:00:03.913+0000] {logging_mixin.py:137} INFO - [2023-03-04T14:00:03.913+0000] {dag.py:3441} INFO - Setting next_dagrun for example_dag_decorator to None, run_after=None
[2023-03-04T14:00:03.929+0000] {processor.py:175} INFO - Processing /home/airflow/.local/lib/python3.7/site-packages/airflow/example_dags/example_dag_decorator.py took 0.108 seconds
[2023-03-04T14:50:38.815+0000] {processor.py:153} INFO - Started process (PID=5722) to work on /home/airflow/.local/lib/python3.7/site-packages/airflow/example_dags/example_dag_decorator.py
[2023-03-04T14:50:38.817+0000] {processor.py:743} INFO - Processing file /home/airflow/.local/lib/python3.7/site-packages/airflow/example_dags/example_dag_decorator.py for tasks to queue
[2023-03-04T14:50:38.818+0000] {logging_mixin.py:137} INFO - [2023-03-04T14:50:38.818+0000] {dagbag.py:538} INFO - Filling up the DagBag from /home/airflow/.local/lib/python3.7/site-packages/airflow/example_dags/example_dag_decorator.py
[2023-03-04T14:50:38.836+0000] {logging_mixin.py:137} INFO - [2023-03-04T14:50:38.836+0000] {taskmixin.py:205} WARNING - Dependency <Task(_PythonDecoratedOperator): prepare_email>, send_email already registered for DAG: example_dag_decorator
[2023-03-04T14:50:38.838+0000] {logging_mixin.py:137} INFO - [2023-03-04T14:50:38.838+0000] {taskmixin.py:205} WARNING - Dependency <Task(EmailOperator): send_email>, prepare_email already registered for DAG: example_dag_decorator
[2023-03-04T14:50:38.856+0000] {processor.py:753} INFO - DAG(s) dict_keys(['example_dag_decorator']) retrieved from /home/airflow/.local/lib/python3.7/site-packages/airflow/example_dags/example_dag_decorator.py
[2023-03-04T14:50:38.951+0000] {logging_mixin.py:137} INFO - [2023-03-04T14:50:38.951+0000] {dag.py:2690} INFO - Sync 1 DAGs
[2023-03-04T14:50:38.968+0000] {logging_mixin.py:137} INFO - [2023-03-04T14:50:38.968+0000] {dag.py:3441} INFO - Setting next_dagrun for example_dag_decorator to None, run_after=None
[2023-03-04T14:50:38.992+0000] {processor.py:175} INFO - Processing /home/airflow/.local/lib/python3.7/site-packages/airflow/example_dags/example_dag_decorator.py took 0.179 seconds
[2023-03-04T15:19:40.383+0000] {processor.py:153} INFO - Started process (PID=5794) to work on /home/airflow/.local/lib/python3.7/site-packages/airflow/example_dags/example_dag_decorator.py
[2023-03-04T15:19:40.385+0000] {processor.py:743} INFO - Processing file /home/airflow/.local/lib/python3.7/site-packages/airflow/example_dags/example_dag_decorator.py for tasks to queue
[2023-03-04T15:19:40.388+0000] {logging_mixin.py:137} INFO - [2023-03-04T15:19:40.388+0000] {dagbag.py:538} INFO - Filling up the DagBag from /home/airflow/.local/lib/python3.7/site-packages/airflow/example_dags/example_dag_decorator.py
[2023-03-04T15:19:40.461+0000] {logging_mixin.py:137} INFO - [2023-03-04T15:19:40.461+0000] {taskmixin.py:205} WARNING - Dependency <Task(_PythonDecoratedOperator): prepare_email>, send_email already registered for DAG: example_dag_decorator
[2023-03-04T15:19:40.466+0000] {logging_mixin.py:137} INFO - [2023-03-04T15:19:40.465+0000] {taskmixin.py:205} WARNING - Dependency <Task(EmailOperator): send_email>, prepare_email already registered for DAG: example_dag_decorator
[2023-03-04T15:19:40.523+0000] {processor.py:753} INFO - DAG(s) dict_keys(['example_dag_decorator']) retrieved from /home/airflow/.local/lib/python3.7/site-packages/airflow/example_dags/example_dag_decorator.py
[2023-03-04T15:19:40.734+0000] {logging_mixin.py:137} INFO - [2023-03-04T15:19:40.733+0000] {dag.py:2690} INFO - Sync 1 DAGs
[2023-03-04T15:19:40.891+0000] {logging_mixin.py:137} INFO - [2023-03-04T15:19:40.890+0000] {dag.py:3441} INFO - Setting next_dagrun for example_dag_decorator to None, run_after=None
[2023-03-04T15:19:40.953+0000] {processor.py:175} INFO - Processing /home/airflow/.local/lib/python3.7/site-packages/airflow/example_dags/example_dag_decorator.py took 0.573 seconds
[2023-03-04T15:26:57.315+0000] {processor.py:153} INFO - Started process (PID=5859) to work on /home/airflow/.local/lib/python3.7/site-packages/airflow/example_dags/example_dag_decorator.py
[2023-03-04T15:26:57.323+0000] {processor.py:743} INFO - Processing file /home/airflow/.local/lib/python3.7/site-packages/airflow/example_dags/example_dag_decorator.py for tasks to queue
[2023-03-04T15:26:57.330+0000] {logging_mixin.py:137} INFO - [2023-03-04T15:26:57.329+0000] {dagbag.py:538} INFO - Filling up the DagBag from /home/airflow/.local/lib/python3.7/site-packages/airflow/example_dags/example_dag_decorator.py
[2023-03-04T15:26:57.453+0000] {logging_mixin.py:137} INFO - [2023-03-04T15:26:57.453+0000] {taskmixin.py:205} WARNING - Dependency <Task(_PythonDecoratedOperator): prepare_email>, send_email already registered for DAG: example_dag_decorator
[2023-03-04T15:26:57.457+0000] {logging_mixin.py:137} INFO - [2023-03-04T15:26:57.456+0000] {taskmixin.py:205} WARNING - Dependency <Task(EmailOperator): send_email>, prepare_email already registered for DAG: example_dag_decorator
[2023-03-04T15:26:57.496+0000] {processor.py:753} INFO - DAG(s) dict_keys(['example_dag_decorator']) retrieved from /home/airflow/.local/lib/python3.7/site-packages/airflow/example_dags/example_dag_decorator.py
[2023-03-04T15:26:57.699+0000] {logging_mixin.py:137} INFO - [2023-03-04T15:26:57.697+0000] {dag.py:2690} INFO - Sync 1 DAGs
[2023-03-04T15:26:57.747+0000] {logging_mixin.py:137} INFO - [2023-03-04T15:26:57.747+0000] {dag.py:3441} INFO - Setting next_dagrun for example_dag_decorator to None, run_after=None
[2023-03-04T15:26:57.788+0000] {processor.py:175} INFO - Processing /home/airflow/.local/lib/python3.7/site-packages/airflow/example_dags/example_dag_decorator.py took 0.517 seconds
[2023-03-04T16:21:39.468+0000] {processor.py:153} INFO - Started process (PID=5910) to work on /home/airflow/.local/lib/python3.7/site-packages/airflow/example_dags/example_dag_decorator.py
[2023-03-04T16:21:39.470+0000] {processor.py:743} INFO - Processing file /home/airflow/.local/lib/python3.7/site-packages/airflow/example_dags/example_dag_decorator.py for tasks to queue
[2023-03-04T16:21:39.472+0000] {logging_mixin.py:137} INFO - [2023-03-04T16:21:39.472+0000] {dagbag.py:538} INFO - Filling up the DagBag from /home/airflow/.local/lib/python3.7/site-packages/airflow/example_dags/example_dag_decorator.py
[2023-03-04T16:21:39.491+0000] {logging_mixin.py:137} INFO - [2023-03-04T16:21:39.491+0000] {taskmixin.py:205} WARNING - Dependency <Task(_PythonDecoratedOperator): prepare_email>, send_email already registered for DAG: example_dag_decorator
[2023-03-04T16:21:39.492+0000] {logging_mixin.py:137} INFO - [2023-03-04T16:21:39.492+0000] {taskmixin.py:205} WARNING - Dependency <Task(EmailOperator): send_email>, prepare_email already registered for DAG: example_dag_decorator
[2023-03-04T16:21:39.511+0000] {processor.py:753} INFO - DAG(s) dict_keys(['example_dag_decorator']) retrieved from /home/airflow/.local/lib/python3.7/site-packages/airflow/example_dags/example_dag_decorator.py
[2023-03-04T16:21:39.594+0000] {logging_mixin.py:137} INFO - [2023-03-04T16:21:39.594+0000] {dag.py:2690} INFO - Sync 1 DAGs
[2023-03-04T16:21:39.609+0000] {logging_mixin.py:137} INFO - [2023-03-04T16:21:39.609+0000] {dag.py:3441} INFO - Setting next_dagrun for example_dag_decorator to None, run_after=None
[2023-03-04T16:21:39.624+0000] {processor.py:175} INFO - Processing /home/airflow/.local/lib/python3.7/site-packages/airflow/example_dags/example_dag_decorator.py took 0.160 seconds
[2023-03-04T17:17:15.666+0000] {processor.py:153} INFO - Started process (PID=5968) to work on /home/airflow/.local/lib/python3.7/site-packages/airflow/example_dags/example_dag_decorator.py
[2023-03-04T17:17:15.667+0000] {processor.py:743} INFO - Processing file /home/airflow/.local/lib/python3.7/site-packages/airflow/example_dags/example_dag_decorator.py for tasks to queue
[2023-03-04T17:17:15.668+0000] {logging_mixin.py:137} INFO - [2023-03-04T17:17:15.668+0000] {dagbag.py:538} INFO - Filling up the DagBag from /home/airflow/.local/lib/python3.7/site-packages/airflow/example_dags/example_dag_decorator.py
[2023-03-04T17:17:15.682+0000] {logging_mixin.py:137} INFO - [2023-03-04T17:17:15.682+0000] {taskmixin.py:205} WARNING - Dependency <Task(_PythonDecoratedOperator): prepare_email>, send_email already registered for DAG: example_dag_decorator
[2023-03-04T17:17:15.684+0000] {logging_mixin.py:137} INFO - [2023-03-04T17:17:15.684+0000] {taskmixin.py:205} WARNING - Dependency <Task(EmailOperator): send_email>, prepare_email already registered for DAG: example_dag_decorator
[2023-03-04T17:17:15.696+0000] {processor.py:753} INFO - DAG(s) dict_keys(['example_dag_decorator']) retrieved from /home/airflow/.local/lib/python3.7/site-packages/airflow/example_dags/example_dag_decorator.py
[2023-03-04T17:17:15.756+0000] {logging_mixin.py:137} INFO - [2023-03-04T17:17:15.755+0000] {dag.py:2690} INFO - Sync 1 DAGs
[2023-03-04T17:17:15.775+0000] {logging_mixin.py:137} INFO - [2023-03-04T17:17:15.775+0000] {dag.py:3441} INFO - Setting next_dagrun for example_dag_decorator to None, run_after=None
[2023-03-04T17:17:15.788+0000] {processor.py:175} INFO - Processing /home/airflow/.local/lib/python3.7/site-packages/airflow/example_dags/example_dag_decorator.py took 0.125 seconds
[2023-03-04T18:30:28.809+0000] {processor.py:153} INFO - Started process (PID=6031) to work on /home/airflow/.local/lib/python3.7/site-packages/airflow/example_dags/example_dag_decorator.py
[2023-03-04T18:30:28.822+0000] {processor.py:743} INFO - Processing file /home/airflow/.local/lib/python3.7/site-packages/airflow/example_dags/example_dag_decorator.py for tasks to queue
[2023-03-04T18:30:28.827+0000] {logging_mixin.py:137} INFO - [2023-03-04T18:30:28.826+0000] {dagbag.py:538} INFO - Filling up the DagBag from /home/airflow/.local/lib/python3.7/site-packages/airflow/example_dags/example_dag_decorator.py
[2023-03-04T18:30:28.916+0000] {logging_mixin.py:137} INFO - [2023-03-04T18:30:28.916+0000] {taskmixin.py:205} WARNING - Dependency <Task(_PythonDecoratedOperator): prepare_email>, send_email already registered for DAG: example_dag_decorator
[2023-03-04T18:30:28.918+0000] {logging_mixin.py:137} INFO - [2023-03-04T18:30:28.918+0000] {taskmixin.py:205} WARNING - Dependency <Task(EmailOperator): send_email>, prepare_email already registered for DAG: example_dag_decorator
[2023-03-04T18:30:28.952+0000] {processor.py:753} INFO - DAG(s) dict_keys(['example_dag_decorator']) retrieved from /home/airflow/.local/lib/python3.7/site-packages/airflow/example_dags/example_dag_decorator.py
[2023-03-04T18:30:29.111+0000] {logging_mixin.py:137} INFO - [2023-03-04T18:30:29.110+0000] {dag.py:2690} INFO - Sync 1 DAGs
[2023-03-04T18:30:29.141+0000] {logging_mixin.py:137} INFO - [2023-03-04T18:30:29.141+0000] {dag.py:3441} INFO - Setting next_dagrun for example_dag_decorator to None, run_after=None
[2023-03-04T18:30:29.184+0000] {processor.py:175} INFO - Processing /home/airflow/.local/lib/python3.7/site-packages/airflow/example_dags/example_dag_decorator.py took 0.388 seconds
[2023-03-04T19:34:46.910+0000] {processor.py:153} INFO - Started process (PID=6104) to work on /home/airflow/.local/lib/python3.7/site-packages/airflow/example_dags/example_dag_decorator.py
[2023-03-04T19:34:46.912+0000] {processor.py:743} INFO - Processing file /home/airflow/.local/lib/python3.7/site-packages/airflow/example_dags/example_dag_decorator.py for tasks to queue
[2023-03-04T19:34:46.913+0000] {logging_mixin.py:137} INFO - [2023-03-04T19:34:46.913+0000] {dagbag.py:538} INFO - Filling up the DagBag from /home/airflow/.local/lib/python3.7/site-packages/airflow/example_dags/example_dag_decorator.py
[2023-03-04T19:34:46.970+0000] {logging_mixin.py:137} INFO - [2023-03-04T19:34:46.970+0000] {taskmixin.py:205} WARNING - Dependency <Task(_PythonDecoratedOperator): prepare_email>, send_email already registered for DAG: example_dag_decorator
[2023-03-04T19:34:46.972+0000] {logging_mixin.py:137} INFO - [2023-03-04T19:34:46.972+0000] {taskmixin.py:205} WARNING - Dependency <Task(EmailOperator): send_email>, prepare_email already registered for DAG: example_dag_decorator
[2023-03-04T19:34:47.037+0000] {processor.py:753} INFO - DAG(s) dict_keys(['example_dag_decorator']) retrieved from /home/airflow/.local/lib/python3.7/site-packages/airflow/example_dags/example_dag_decorator.py
[2023-03-04T19:34:47.500+0000] {logging_mixin.py:137} INFO - [2023-03-04T19:34:47.496+0000] {dag.py:2690} INFO - Sync 1 DAGs
[2023-03-04T19:34:47.612+0000] {logging_mixin.py:137} INFO - [2023-03-04T19:34:47.611+0000] {dag.py:3441} INFO - Setting next_dagrun for example_dag_decorator to None, run_after=None
[2023-03-04T19:34:47.702+0000] {processor.py:175} INFO - Processing /home/airflow/.local/lib/python3.7/site-packages/airflow/example_dags/example_dag_decorator.py took 0.797 seconds
[2023-03-04T20:25:39.907+0000] {processor.py:153} INFO - Started process (PID=6158) to work on /home/airflow/.local/lib/python3.7/site-packages/airflow/example_dags/example_dag_decorator.py
[2023-03-04T20:25:39.921+0000] {processor.py:743} INFO - Processing file /home/airflow/.local/lib/python3.7/site-packages/airflow/example_dags/example_dag_decorator.py for tasks to queue
[2023-03-04T20:25:39.926+0000] {logging_mixin.py:137} INFO - [2023-03-04T20:25:39.924+0000] {dagbag.py:538} INFO - Filling up the DagBag from /home/airflow/.local/lib/python3.7/site-packages/airflow/example_dags/example_dag_decorator.py
[2023-03-04T20:25:39.991+0000] {logging_mixin.py:137} INFO - [2023-03-04T20:25:39.991+0000] {taskmixin.py:205} WARNING - Dependency <Task(_PythonDecoratedOperator): prepare_email>, send_email already registered for DAG: example_dag_decorator
[2023-03-04T20:25:40.003+0000] {logging_mixin.py:137} INFO - [2023-03-04T20:25:40.002+0000] {taskmixin.py:205} WARNING - Dependency <Task(EmailOperator): send_email>, prepare_email already registered for DAG: example_dag_decorator
[2023-03-04T20:25:40.034+0000] {processor.py:753} INFO - DAG(s) dict_keys(['example_dag_decorator']) retrieved from /home/airflow/.local/lib/python3.7/site-packages/airflow/example_dags/example_dag_decorator.py
[2023-03-04T20:25:40.252+0000] {logging_mixin.py:137} INFO - [2023-03-04T20:25:40.251+0000] {dag.py:2690} INFO - Sync 1 DAGs
[2023-03-04T20:25:40.335+0000] {logging_mixin.py:137} INFO - [2023-03-04T20:25:40.335+0000] {dag.py:3441} INFO - Setting next_dagrun for example_dag_decorator to None, run_after=None
[2023-03-04T20:25:40.395+0000] {processor.py:175} INFO - Processing /home/airflow/.local/lib/python3.7/site-packages/airflow/example_dags/example_dag_decorator.py took 0.499 seconds
[2023-03-04T21:17:45.047+0000] {processor.py:153} INFO - Started process (PID=6234) to work on /home/airflow/.local/lib/python3.7/site-packages/airflow/example_dags/example_dag_decorator.py
[2023-03-04T21:17:45.050+0000] {processor.py:743} INFO - Processing file /home/airflow/.local/lib/python3.7/site-packages/airflow/example_dags/example_dag_decorator.py for tasks to queue
[2023-03-04T21:17:45.053+0000] {logging_mixin.py:137} INFO - [2023-03-04T21:17:45.053+0000] {dagbag.py:538} INFO - Filling up the DagBag from /home/airflow/.local/lib/python3.7/site-packages/airflow/example_dags/example_dag_decorator.py
[2023-03-04T21:17:45.075+0000] {logging_mixin.py:137} INFO - [2023-03-04T21:17:45.075+0000] {taskmixin.py:205} WARNING - Dependency <Task(_PythonDecoratedOperator): prepare_email>, send_email already registered for DAG: example_dag_decorator
[2023-03-04T21:17:45.076+0000] {logging_mixin.py:137} INFO - [2023-03-04T21:17:45.076+0000] {taskmixin.py:205} WARNING - Dependency <Task(EmailOperator): send_email>, prepare_email already registered for DAG: example_dag_decorator
[2023-03-04T21:17:45.092+0000] {processor.py:753} INFO - DAG(s) dict_keys(['example_dag_decorator']) retrieved from /home/airflow/.local/lib/python3.7/site-packages/airflow/example_dags/example_dag_decorator.py
[2023-03-04T21:17:45.292+0000] {logging_mixin.py:137} INFO - [2023-03-04T21:17:45.291+0000] {dag.py:2690} INFO - Sync 1 DAGs
[2023-03-04T21:17:45.360+0000] {logging_mixin.py:137} INFO - [2023-03-04T21:17:45.360+0000] {dag.py:3441} INFO - Setting next_dagrun for example_dag_decorator to None, run_after=None
[2023-03-04T21:17:45.505+0000] {processor.py:175} INFO - Processing /home/airflow/.local/lib/python3.7/site-packages/airflow/example_dags/example_dag_decorator.py took 0.459 seconds
[2023-03-04T22:18:12.142+0000] {processor.py:153} INFO - Started process (PID=6298) to work on /home/airflow/.local/lib/python3.7/site-packages/airflow/example_dags/example_dag_decorator.py
[2023-03-04T22:18:12.153+0000] {processor.py:743} INFO - Processing file /home/airflow/.local/lib/python3.7/site-packages/airflow/example_dags/example_dag_decorator.py for tasks to queue
[2023-03-04T22:18:12.158+0000] {logging_mixin.py:137} INFO - [2023-03-04T22:18:12.158+0000] {dagbag.py:538} INFO - Filling up the DagBag from /home/airflow/.local/lib/python3.7/site-packages/airflow/example_dags/example_dag_decorator.py
[2023-03-04T22:18:12.222+0000] {logging_mixin.py:137} INFO - [2023-03-04T22:18:12.221+0000] {taskmixin.py:205} WARNING - Dependency <Task(_PythonDecoratedOperator): prepare_email>, send_email already registered for DAG: example_dag_decorator
[2023-03-04T22:18:12.225+0000] {logging_mixin.py:137} INFO - [2023-03-04T22:18:12.225+0000] {taskmixin.py:205} WARNING - Dependency <Task(EmailOperator): send_email>, prepare_email already registered for DAG: example_dag_decorator
[2023-03-04T22:18:12.281+0000] {processor.py:753} INFO - DAG(s) dict_keys(['example_dag_decorator']) retrieved from /home/airflow/.local/lib/python3.7/site-packages/airflow/example_dags/example_dag_decorator.py
[2023-03-04T22:18:12.423+0000] {logging_mixin.py:137} INFO - [2023-03-04T22:18:12.423+0000] {dag.py:2690} INFO - Sync 1 DAGs
[2023-03-04T22:18:12.446+0000] {logging_mixin.py:137} INFO - [2023-03-04T22:18:12.446+0000] {dag.py:3441} INFO - Setting next_dagrun for example_dag_decorator to None, run_after=None
[2023-03-04T22:18:12.463+0000] {processor.py:175} INFO - Processing /home/airflow/.local/lib/python3.7/site-packages/airflow/example_dags/example_dag_decorator.py took 0.338 seconds
[2023-03-04T23:42:20.193+0000] {processor.py:153} INFO - Started process (PID=6361) to work on /home/airflow/.local/lib/python3.7/site-packages/airflow/example_dags/example_dag_decorator.py
[2023-03-04T23:42:20.195+0000] {processor.py:743} INFO - Processing file /home/airflow/.local/lib/python3.7/site-packages/airflow/example_dags/example_dag_decorator.py for tasks to queue
[2023-03-04T23:42:20.196+0000] {logging_mixin.py:137} INFO - [2023-03-04T23:42:20.196+0000] {dagbag.py:538} INFO - Filling up the DagBag from /home/airflow/.local/lib/python3.7/site-packages/airflow/example_dags/example_dag_decorator.py
[2023-03-04T23:42:20.213+0000] {logging_mixin.py:137} INFO - [2023-03-04T23:42:20.213+0000] {taskmixin.py:205} WARNING - Dependency <Task(_PythonDecoratedOperator): prepare_email>, send_email already registered for DAG: example_dag_decorator
[2023-03-04T23:42:20.214+0000] {logging_mixin.py:137} INFO - [2023-03-04T23:42:20.214+0000] {taskmixin.py:205} WARNING - Dependency <Task(EmailOperator): send_email>, prepare_email already registered for DAG: example_dag_decorator
[2023-03-04T23:42:20.230+0000] {processor.py:753} INFO - DAG(s) dict_keys(['example_dag_decorator']) retrieved from /home/airflow/.local/lib/python3.7/site-packages/airflow/example_dags/example_dag_decorator.py
[2023-03-04T23:42:20.338+0000] {logging_mixin.py:137} INFO - [2023-03-04T23:42:20.337+0000] {dag.py:2690} INFO - Sync 1 DAGs
[2023-03-04T23:42:20.378+0000] {logging_mixin.py:137} INFO - [2023-03-04T23:42:20.377+0000] {dag.py:3441} INFO - Setting next_dagrun for example_dag_decorator to None, run_after=None
[2023-03-04T23:42:20.398+0000] {processor.py:175} INFO - Processing /home/airflow/.local/lib/python3.7/site-packages/airflow/example_dags/example_dag_decorator.py took 0.208 seconds
