[2023-03-04T00:16:27.765+0000] {processor.py:153} INFO - Started process (PID=4542) to work on /home/airflow/.local/lib/python3.7/site-packages/airflow/example_dags/example_latest_only_with_trigger.py
[2023-03-04T00:16:27.787+0000] {processor.py:743} INFO - Processing file /home/airflow/.local/lib/python3.7/site-packages/airflow/example_dags/example_latest_only_with_trigger.py for tasks to queue
[2023-03-04T00:16:27.796+0000] {logging_mixin.py:137} INFO - [2023-03-04T00:16:27.794+0000] {dagbag.py:538} INFO - Filling up the DagBag from /home/airflow/.local/lib/python3.7/site-packages/airflow/example_dags/example_latest_only_with_trigger.py
[2023-03-04T00:16:28.367+0000] {processor.py:753} INFO - DAG(s) dict_keys(['latest_only_with_trigger']) retrieved from /home/airflow/.local/lib/python3.7/site-packages/airflow/example_dags/example_latest_only_with_trigger.py
[2023-03-04T00:16:29.469+0000] {logging_mixin.py:137} INFO - [2023-03-04T00:16:29.467+0000] {dag.py:2690} INFO - Sync 1 DAGs
[2023-03-04T00:16:29.649+0000] {logging_mixin.py:137} INFO - [2023-03-04T00:16:29.649+0000] {dag.py:3441} INFO - Setting next_dagrun for latest_only_with_trigger to 2023-03-03T20:16:29.647383+00:00, run_after=2023-03-04T00:16:29.647383+00:00
[2023-03-04T00:16:29.898+0000] {processor.py:175} INFO - Processing /home/airflow/.local/lib/python3.7/site-packages/airflow/example_dags/example_latest_only_with_trigger.py took 2.210 seconds
[2023-03-04T05:01:46.662+0000] {processor.py:153} INFO - Started process (PID=4662) to work on /home/airflow/.local/lib/python3.7/site-packages/airflow/example_dags/example_latest_only_with_trigger.py
[2023-03-04T05:01:46.681+0000] {processor.py:743} INFO - Processing file /home/airflow/.local/lib/python3.7/site-packages/airflow/example_dags/example_latest_only_with_trigger.py for tasks to queue
[2023-03-04T05:01:46.696+0000] {logging_mixin.py:137} INFO - [2023-03-04T05:01:46.695+0000] {dagbag.py:538} INFO - Filling up the DagBag from /home/airflow/.local/lib/python3.7/site-packages/airflow/example_dags/example_latest_only_with_trigger.py
[2023-03-04T05:01:47.643+0000] {processor.py:753} INFO - DAG(s) dict_keys(['latest_only_with_trigger']) retrieved from /home/airflow/.local/lib/python3.7/site-packages/airflow/example_dags/example_latest_only_with_trigger.py
[2023-03-04T05:01:48.979+0000] {logging_mixin.py:137} INFO - [2023-03-04T05:01:48.929+0000] {dag.py:2690} INFO - Sync 1 DAGs
[2023-03-04T05:01:50.563+0000] {logging_mixin.py:137} INFO - [2023-03-04T05:01:50.458+0000] {dag.py:3441} INFO - Setting next_dagrun for latest_only_with_trigger to 2023-03-04T01:01:50.327388+00:00, run_after=2023-03-04T05:01:50.327388+00:00
[2023-03-04T05:01:53.626+0000] {processor.py:175} INFO - Processing /home/airflow/.local/lib/python3.7/site-packages/airflow/example_dags/example_latest_only_with_trigger.py took 6.944 seconds
[2023-03-04T07:05:48.453+0000] {processor.py:153} INFO - Started process (PID=4747) to work on /home/airflow/.local/lib/python3.7/site-packages/airflow/example_dags/example_latest_only_with_trigger.py
[2023-03-04T07:05:48.471+0000] {processor.py:743} INFO - Processing file /home/airflow/.local/lib/python3.7/site-packages/airflow/example_dags/example_latest_only_with_trigger.py for tasks to queue
[2023-03-04T07:05:48.480+0000] {logging_mixin.py:137} INFO - [2023-03-04T07:05:48.478+0000] {dagbag.py:538} INFO - Filling up the DagBag from /home/airflow/.local/lib/python3.7/site-packages/airflow/example_dags/example_latest_only_with_trigger.py
[2023-03-04T07:05:49.596+0000] {processor.py:753} INFO - DAG(s) dict_keys(['latest_only_with_trigger']) retrieved from /home/airflow/.local/lib/python3.7/site-packages/airflow/example_dags/example_latest_only_with_trigger.py
[2023-03-04T07:05:49.851+0000] {logging_mixin.py:137} INFO - [2023-03-04T07:05:49.851+0000] {dag.py:2690} INFO - Sync 1 DAGs
[2023-03-04T07:05:49.983+0000] {logging_mixin.py:137} INFO - [2023-03-04T07:05:49.983+0000] {dag.py:3441} INFO - Setting next_dagrun for latest_only_with_trigger to 2023-03-04T03:05:49.982536+00:00, run_after=2023-03-04T07:05:49.982536+00:00
[2023-03-04T07:05:50.139+0000] {processor.py:175} INFO - Processing /home/airflow/.local/lib/python3.7/site-packages/airflow/example_dags/example_latest_only_with_trigger.py took 1.715 seconds
[2023-03-04T07:37:52.811+0000] {processor.py:153} INFO - Started process (PID=4813) to work on /home/airflow/.local/lib/python3.7/site-packages/airflow/example_dags/example_latest_only_with_trigger.py
[2023-03-04T07:37:52.813+0000] {processor.py:743} INFO - Processing file /home/airflow/.local/lib/python3.7/site-packages/airflow/example_dags/example_latest_only_with_trigger.py for tasks to queue
[2023-03-04T07:37:52.814+0000] {logging_mixin.py:137} INFO - [2023-03-04T07:37:52.814+0000] {dagbag.py:538} INFO - Filling up the DagBag from /home/airflow/.local/lib/python3.7/site-packages/airflow/example_dags/example_latest_only_with_trigger.py
[2023-03-04T07:37:52.828+0000] {processor.py:753} INFO - DAG(s) dict_keys(['latest_only_with_trigger']) retrieved from /home/airflow/.local/lib/python3.7/site-packages/airflow/example_dags/example_latest_only_with_trigger.py
[2023-03-04T07:37:52.851+0000] {logging_mixin.py:137} INFO - [2023-03-04T07:37:52.851+0000] {dag.py:2690} INFO - Sync 1 DAGs
[2023-03-04T07:37:52.883+0000] {logging_mixin.py:137} INFO - [2023-03-04T07:37:52.883+0000] {dag.py:3441} INFO - Setting next_dagrun for latest_only_with_trigger to 2023-03-04T03:37:52.882912+00:00, run_after=2023-03-04T07:37:52.882912+00:00
[2023-03-04T07:37:52.897+0000] {processor.py:175} INFO - Processing /home/airflow/.local/lib/python3.7/site-packages/airflow/example_dags/example_latest_only_with_trigger.py took 0.090 seconds
[2023-03-04T07:43:50.930+0000] {processor.py:153} INFO - Started process (PID=4876) to work on /home/airflow/.local/lib/python3.7/site-packages/airflow/example_dags/example_latest_only_with_trigger.py
[2023-03-04T07:43:50.931+0000] {processor.py:743} INFO - Processing file /home/airflow/.local/lib/python3.7/site-packages/airflow/example_dags/example_latest_only_with_trigger.py for tasks to queue
[2023-03-04T07:43:50.932+0000] {logging_mixin.py:137} INFO - [2023-03-04T07:43:50.932+0000] {dagbag.py:538} INFO - Filling up the DagBag from /home/airflow/.local/lib/python3.7/site-packages/airflow/example_dags/example_latest_only_with_trigger.py
[2023-03-04T07:43:50.950+0000] {processor.py:753} INFO - DAG(s) dict_keys(['latest_only_with_trigger']) retrieved from /home/airflow/.local/lib/python3.7/site-packages/airflow/example_dags/example_latest_only_with_trigger.py
[2023-03-04T07:43:50.984+0000] {logging_mixin.py:137} INFO - [2023-03-04T07:43:50.983+0000] {dag.py:2690} INFO - Sync 1 DAGs
[2023-03-04T07:43:51.022+0000] {logging_mixin.py:137} INFO - [2023-03-04T07:43:51.022+0000] {dag.py:3441} INFO - Setting next_dagrun for latest_only_with_trigger to 2023-03-04T03:43:51.022504+00:00, run_after=2023-03-04T07:43:51.022504+00:00
[2023-03-04T07:43:51.038+0000] {processor.py:175} INFO - Processing /home/airflow/.local/lib/python3.7/site-packages/airflow/example_dags/example_latest_only_with_trigger.py took 0.112 seconds
[2023-03-04T09:08:09.366+0000] {processor.py:153} INFO - Started process (PID=4948) to work on /home/airflow/.local/lib/python3.7/site-packages/airflow/example_dags/example_latest_only_with_trigger.py
[2023-03-04T09:08:09.384+0000] {processor.py:743} INFO - Processing file /home/airflow/.local/lib/python3.7/site-packages/airflow/example_dags/example_latest_only_with_trigger.py for tasks to queue
[2023-03-04T09:08:09.394+0000] {logging_mixin.py:137} INFO - [2023-03-04T09:08:09.394+0000] {dagbag.py:538} INFO - Filling up the DagBag from /home/airflow/.local/lib/python3.7/site-packages/airflow/example_dags/example_latest_only_with_trigger.py
[2023-03-04T09:08:09.463+0000] {processor.py:753} INFO - DAG(s) dict_keys(['latest_only_with_trigger']) retrieved from /home/airflow/.local/lib/python3.7/site-packages/airflow/example_dags/example_latest_only_with_trigger.py
[2023-03-04T09:08:09.699+0000] {logging_mixin.py:137} INFO - [2023-03-04T09:08:09.699+0000] {dag.py:2690} INFO - Sync 1 DAGs
[2023-03-04T09:08:09.804+0000] {logging_mixin.py:137} INFO - [2023-03-04T09:08:09.804+0000] {dag.py:3441} INFO - Setting next_dagrun for latest_only_with_trigger to 2023-03-04T05:08:09.803178+00:00, run_after=2023-03-04T09:08:09.803178+00:00
[2023-03-04T09:08:09.866+0000] {processor.py:175} INFO - Processing /home/airflow/.local/lib/python3.7/site-packages/airflow/example_dags/example_latest_only_with_trigger.py took 0.506 seconds
[2023-03-04T10:01:46.135+0000] {processor.py:153} INFO - Started process (PID=5011) to work on /home/airflow/.local/lib/python3.7/site-packages/airflow/example_dags/example_latest_only_with_trigger.py
[2023-03-04T10:01:46.146+0000] {processor.py:743} INFO - Processing file /home/airflow/.local/lib/python3.7/site-packages/airflow/example_dags/example_latest_only_with_trigger.py for tasks to queue
[2023-03-04T10:01:46.155+0000] {logging_mixin.py:137} INFO - [2023-03-04T10:01:46.154+0000] {dagbag.py:538} INFO - Filling up the DagBag from /home/airflow/.local/lib/python3.7/site-packages/airflow/example_dags/example_latest_only_with_trigger.py
[2023-03-04T10:01:46.288+0000] {processor.py:753} INFO - DAG(s) dict_keys(['latest_only_with_trigger']) retrieved from /home/airflow/.local/lib/python3.7/site-packages/airflow/example_dags/example_latest_only_with_trigger.py
[2023-03-04T10:01:46.637+0000] {logging_mixin.py:137} INFO - [2023-03-04T10:01:46.635+0000] {dag.py:2690} INFO - Sync 1 DAGs
[2023-03-04T10:01:46.825+0000] {logging_mixin.py:137} INFO - [2023-03-04T10:01:46.825+0000] {dag.py:3441} INFO - Setting next_dagrun for latest_only_with_trigger to 2023-03-04T06:01:46.824894+00:00, run_after=2023-03-04T10:01:46.824894+00:00
[2023-03-04T10:01:46.912+0000] {processor.py:175} INFO - Processing /home/airflow/.local/lib/python3.7/site-packages/airflow/example_dags/example_latest_only_with_trigger.py took 0.807 seconds
[2023-03-04T10:51:19.811+0000] {processor.py:153} INFO - Started process (PID=5065) to work on /home/airflow/.local/lib/python3.7/site-packages/airflow/example_dags/example_latest_only_with_trigger.py
[2023-03-04T10:51:19.830+0000] {processor.py:743} INFO - Processing file /home/airflow/.local/lib/python3.7/site-packages/airflow/example_dags/example_latest_only_with_trigger.py for tasks to queue
[2023-03-04T10:51:19.837+0000] {logging_mixin.py:137} INFO - [2023-03-04T10:51:19.837+0000] {dagbag.py:538} INFO - Filling up the DagBag from /home/airflow/.local/lib/python3.7/site-packages/airflow/example_dags/example_latest_only_with_trigger.py
[2023-03-04T10:51:19.938+0000] {processor.py:753} INFO - DAG(s) dict_keys(['latest_only_with_trigger']) retrieved from /home/airflow/.local/lib/python3.7/site-packages/airflow/example_dags/example_latest_only_with_trigger.py
[2023-03-04T10:51:20.041+0000] {logging_mixin.py:137} INFO - [2023-03-04T10:51:20.041+0000] {dag.py:2690} INFO - Sync 1 DAGs
[2023-03-04T10:51:20.131+0000] {logging_mixin.py:137} INFO - [2023-03-04T10:51:20.130+0000] {dag.py:3441} INFO - Setting next_dagrun for latest_only_with_trigger to 2023-03-04T06:51:20.130100+00:00, run_after=2023-03-04T10:51:20.130100+00:00
[2023-03-04T10:51:20.183+0000] {processor.py:175} INFO - Processing /home/airflow/.local/lib/python3.7/site-packages/airflow/example_dags/example_latest_only_with_trigger.py took 0.397 seconds
[2023-03-04T11:12:00.288+0000] {processor.py:153} INFO - Started process (PID=5136) to work on /home/airflow/.local/lib/python3.7/site-packages/airflow/example_dags/example_latest_only_with_trigger.py
[2023-03-04T11:12:00.291+0000] {processor.py:743} INFO - Processing file /home/airflow/.local/lib/python3.7/site-packages/airflow/example_dags/example_latest_only_with_trigger.py for tasks to queue
[2023-03-04T11:12:00.292+0000] {logging_mixin.py:137} INFO - [2023-03-04T11:12:00.292+0000] {dagbag.py:538} INFO - Filling up the DagBag from /home/airflow/.local/lib/python3.7/site-packages/airflow/example_dags/example_latest_only_with_trigger.py
[2023-03-04T11:12:00.309+0000] {processor.py:753} INFO - DAG(s) dict_keys(['latest_only_with_trigger']) retrieved from /home/airflow/.local/lib/python3.7/site-packages/airflow/example_dags/example_latest_only_with_trigger.py
[2023-03-04T11:12:00.335+0000] {logging_mixin.py:137} INFO - [2023-03-04T11:12:00.334+0000] {dag.py:2690} INFO - Sync 1 DAGs
[2023-03-04T11:12:00.357+0000] {logging_mixin.py:137} INFO - [2023-03-04T11:12:00.357+0000] {dag.py:3441} INFO - Setting next_dagrun for latest_only_with_trigger to 2023-03-04T07:12:00.357038+00:00, run_after=2023-03-04T11:12:00.357038+00:00
[2023-03-04T11:12:00.380+0000] {processor.py:175} INFO - Processing /home/airflow/.local/lib/python3.7/site-packages/airflow/example_dags/example_latest_only_with_trigger.py took 0.099 seconds
[2023-03-04T11:21:27.057+0000] {processor.py:153} INFO - Started process (PID=5202) to work on /home/airflow/.local/lib/python3.7/site-packages/airflow/example_dags/example_latest_only_with_trigger.py
[2023-03-04T11:21:27.061+0000] {processor.py:743} INFO - Processing file /home/airflow/.local/lib/python3.7/site-packages/airflow/example_dags/example_latest_only_with_trigger.py for tasks to queue
[2023-03-04T11:21:27.068+0000] {logging_mixin.py:137} INFO - [2023-03-04T11:21:27.067+0000] {dagbag.py:538} INFO - Filling up the DagBag from /home/airflow/.local/lib/python3.7/site-packages/airflow/example_dags/example_latest_only_with_trigger.py
[2023-03-04T11:21:27.136+0000] {processor.py:753} INFO - DAG(s) dict_keys(['latest_only_with_trigger']) retrieved from /home/airflow/.local/lib/python3.7/site-packages/airflow/example_dags/example_latest_only_with_trigger.py
[2023-03-04T11:21:27.188+0000] {logging_mixin.py:137} INFO - [2023-03-04T11:21:27.187+0000] {dag.py:2690} INFO - Sync 1 DAGs
[2023-03-04T11:21:27.224+0000] {logging_mixin.py:137} INFO - [2023-03-04T11:21:27.224+0000] {dag.py:3441} INFO - Setting next_dagrun for latest_only_with_trigger to 2023-03-04T07:21:27.223888+00:00, run_after=2023-03-04T11:21:27.223888+00:00
[2023-03-04T11:21:27.243+0000] {processor.py:175} INFO - Processing /home/airflow/.local/lib/python3.7/site-packages/airflow/example_dags/example_latest_only_with_trigger.py took 0.195 seconds
[2023-03-04T11:56:42.602+0000] {processor.py:153} INFO - Started process (PID=5266) to work on /home/airflow/.local/lib/python3.7/site-packages/airflow/example_dags/example_latest_only_with_trigger.py
[2023-03-04T11:56:42.603+0000] {processor.py:743} INFO - Processing file /home/airflow/.local/lib/python3.7/site-packages/airflow/example_dags/example_latest_only_with_trigger.py for tasks to queue
[2023-03-04T11:56:42.604+0000] {logging_mixin.py:137} INFO - [2023-03-04T11:56:42.604+0000] {dagbag.py:538} INFO - Filling up the DagBag from /home/airflow/.local/lib/python3.7/site-packages/airflow/example_dags/example_latest_only_with_trigger.py
[2023-03-04T11:56:42.616+0000] {processor.py:753} INFO - DAG(s) dict_keys(['latest_only_with_trigger']) retrieved from /home/airflow/.local/lib/python3.7/site-packages/airflow/example_dags/example_latest_only_with_trigger.py
[2023-03-04T11:56:42.653+0000] {logging_mixin.py:137} INFO - [2023-03-04T11:56:42.653+0000] {dag.py:2690} INFO - Sync 1 DAGs
[2023-03-04T11:56:42.694+0000] {logging_mixin.py:137} INFO - [2023-03-04T11:56:42.694+0000] {dag.py:3441} INFO - Setting next_dagrun for latest_only_with_trigger to 2023-03-04T07:56:42.693543+00:00, run_after=2023-03-04T11:56:42.693543+00:00
[2023-03-04T11:56:42.713+0000] {processor.py:175} INFO - Processing /home/airflow/.local/lib/python3.7/site-packages/airflow/example_dags/example_latest_only_with_trigger.py took 0.115 seconds
[2023-03-04T12:36:16.507+0000] {processor.py:153} INFO - Started process (PID=5338) to work on /home/airflow/.local/lib/python3.7/site-packages/airflow/example_dags/example_latest_only_with_trigger.py
[2023-03-04T12:36:16.510+0000] {processor.py:743} INFO - Processing file /home/airflow/.local/lib/python3.7/site-packages/airflow/example_dags/example_latest_only_with_trigger.py for tasks to queue
[2023-03-04T12:36:16.513+0000] {logging_mixin.py:137} INFO - [2023-03-04T12:36:16.512+0000] {dagbag.py:538} INFO - Filling up the DagBag from /home/airflow/.local/lib/python3.7/site-packages/airflow/example_dags/example_latest_only_with_trigger.py
[2023-03-04T12:36:16.604+0000] {processor.py:753} INFO - DAG(s) dict_keys(['latest_only_with_trigger']) retrieved from /home/airflow/.local/lib/python3.7/site-packages/airflow/example_dags/example_latest_only_with_trigger.py
[2023-03-04T12:36:16.660+0000] {logging_mixin.py:137} INFO - [2023-03-04T12:36:16.660+0000] {dag.py:2690} INFO - Sync 1 DAGs
[2023-03-04T12:36:16.725+0000] {logging_mixin.py:137} INFO - [2023-03-04T12:36:16.724+0000] {dag.py:3441} INFO - Setting next_dagrun for latest_only_with_trigger to 2023-03-04T08:36:16.723615+00:00, run_after=2023-03-04T12:36:16.723615+00:00
[2023-03-04T12:36:16.771+0000] {processor.py:175} INFO - Processing /home/airflow/.local/lib/python3.7/site-packages/airflow/example_dags/example_latest_only_with_trigger.py took 0.307 seconds
[2023-03-04T12:50:13.525+0000] {processor.py:153} INFO - Started process (PID=5392) to work on /home/airflow/.local/lib/python3.7/site-packages/airflow/example_dags/example_latest_only_with_trigger.py
[2023-03-04T12:50:13.527+0000] {processor.py:743} INFO - Processing file /home/airflow/.local/lib/python3.7/site-packages/airflow/example_dags/example_latest_only_with_trigger.py for tasks to queue
[2023-03-04T12:50:13.528+0000] {logging_mixin.py:137} INFO - [2023-03-04T12:50:13.528+0000] {dagbag.py:538} INFO - Filling up the DagBag from /home/airflow/.local/lib/python3.7/site-packages/airflow/example_dags/example_latest_only_with_trigger.py
[2023-03-04T12:50:13.541+0000] {processor.py:753} INFO - DAG(s) dict_keys(['latest_only_with_trigger']) retrieved from /home/airflow/.local/lib/python3.7/site-packages/airflow/example_dags/example_latest_only_with_trigger.py
[2023-03-04T12:50:13.586+0000] {logging_mixin.py:137} INFO - [2023-03-04T12:50:13.586+0000] {dag.py:2690} INFO - Sync 1 DAGs
[2023-03-04T12:50:13.623+0000] {logging_mixin.py:137} INFO - [2023-03-04T12:50:13.623+0000] {dag.py:3441} INFO - Setting next_dagrun for latest_only_with_trigger to 2023-03-04T08:50:13.622897+00:00, run_after=2023-03-04T12:50:13.622897+00:00
[2023-03-04T12:50:13.647+0000] {processor.py:175} INFO - Processing /home/airflow/.local/lib/python3.7/site-packages/airflow/example_dags/example_latest_only_with_trigger.py took 0.126 seconds
[2023-03-04T13:10:02.833+0000] {processor.py:153} INFO - Started process (PID=5467) to work on /home/airflow/.local/lib/python3.7/site-packages/airflow/example_dags/example_latest_only_with_trigger.py
[2023-03-04T13:10:02.836+0000] {processor.py:743} INFO - Processing file /home/airflow/.local/lib/python3.7/site-packages/airflow/example_dags/example_latest_only_with_trigger.py for tasks to queue
[2023-03-04T13:10:02.838+0000] {logging_mixin.py:137} INFO - [2023-03-04T13:10:02.838+0000] {dagbag.py:538} INFO - Filling up the DagBag from /home/airflow/.local/lib/python3.7/site-packages/airflow/example_dags/example_latest_only_with_trigger.py
[2023-03-04T13:10:02.855+0000] {processor.py:753} INFO - DAG(s) dict_keys(['latest_only_with_trigger']) retrieved from /home/airflow/.local/lib/python3.7/site-packages/airflow/example_dags/example_latest_only_with_trigger.py
[2023-03-04T13:10:02.905+0000] {logging_mixin.py:137} INFO - [2023-03-04T13:10:02.904+0000] {dag.py:2690} INFO - Sync 1 DAGs
[2023-03-04T13:10:02.932+0000] {logging_mixin.py:137} INFO - [2023-03-04T13:10:02.932+0000] {dag.py:3441} INFO - Setting next_dagrun for latest_only_with_trigger to 2023-03-04T09:10:02.932250+00:00, run_after=2023-03-04T13:10:02.932250+00:00
[2023-03-04T13:10:02.961+0000] {processor.py:175} INFO - Processing /home/airflow/.local/lib/python3.7/site-packages/airflow/example_dags/example_latest_only_with_trigger.py took 0.140 seconds
[2023-03-04T13:26:37.231+0000] {processor.py:153} INFO - Started process (PID=5531) to work on /home/airflow/.local/lib/python3.7/site-packages/airflow/example_dags/example_latest_only_with_trigger.py
[2023-03-04T13:26:37.237+0000] {processor.py:743} INFO - Processing file /home/airflow/.local/lib/python3.7/site-packages/airflow/example_dags/example_latest_only_with_trigger.py for tasks to queue
[2023-03-04T13:26:37.244+0000] {logging_mixin.py:137} INFO - [2023-03-04T13:26:37.243+0000] {dagbag.py:538} INFO - Filling up the DagBag from /home/airflow/.local/lib/python3.7/site-packages/airflow/example_dags/example_latest_only_with_trigger.py
[2023-03-04T13:26:37.264+0000] {processor.py:753} INFO - DAG(s) dict_keys(['latest_only_with_trigger']) retrieved from /home/airflow/.local/lib/python3.7/site-packages/airflow/example_dags/example_latest_only_with_trigger.py
[2023-03-04T13:26:37.291+0000] {logging_mixin.py:137} INFO - [2023-03-04T13:26:37.291+0000] {dag.py:2690} INFO - Sync 1 DAGs
[2023-03-04T13:26:37.317+0000] {logging_mixin.py:137} INFO - [2023-03-04T13:26:37.317+0000] {dag.py:3441} INFO - Setting next_dagrun for latest_only_with_trigger to 2023-03-04T09:26:37.316798+00:00, run_after=2023-03-04T13:26:37.316798+00:00
[2023-03-04T13:26:37.366+0000] {processor.py:175} INFO - Processing /home/airflow/.local/lib/python3.7/site-packages/airflow/example_dags/example_latest_only_with_trigger.py took 0.140 seconds
[2023-03-04T13:40:39.178+0000] {processor.py:153} INFO - Started process (PID=5593) to work on /home/airflow/.local/lib/python3.7/site-packages/airflow/example_dags/example_latest_only_with_trigger.py
[2023-03-04T13:40:39.181+0000] {processor.py:743} INFO - Processing file /home/airflow/.local/lib/python3.7/site-packages/airflow/example_dags/example_latest_only_with_trigger.py for tasks to queue
[2023-03-04T13:40:39.182+0000] {logging_mixin.py:137} INFO - [2023-03-04T13:40:39.182+0000] {dagbag.py:538} INFO - Filling up the DagBag from /home/airflow/.local/lib/python3.7/site-packages/airflow/example_dags/example_latest_only_with_trigger.py
[2023-03-04T13:40:39.197+0000] {processor.py:753} INFO - DAG(s) dict_keys(['latest_only_with_trigger']) retrieved from /home/airflow/.local/lib/python3.7/site-packages/airflow/example_dags/example_latest_only_with_trigger.py
[2023-03-04T13:40:39.232+0000] {logging_mixin.py:137} INFO - [2023-03-04T13:40:39.232+0000] {dag.py:2690} INFO - Sync 1 DAGs
[2023-03-04T13:40:39.256+0000] {logging_mixin.py:137} INFO - [2023-03-04T13:40:39.256+0000] {dag.py:3441} INFO - Setting next_dagrun for latest_only_with_trigger to 2023-03-04T09:40:39.256020+00:00, run_after=2023-03-04T13:40:39.256020+00:00
[2023-03-04T13:40:39.274+0000] {processor.py:175} INFO - Processing /home/airflow/.local/lib/python3.7/site-packages/airflow/example_dags/example_latest_only_with_trigger.py took 0.101 seconds
[2023-03-04T14:00:03.615+0000] {processor.py:153} INFO - Started process (PID=5656) to work on /home/airflow/.local/lib/python3.7/site-packages/airflow/example_dags/example_latest_only_with_trigger.py
[2023-03-04T14:00:03.616+0000] {processor.py:743} INFO - Processing file /home/airflow/.local/lib/python3.7/site-packages/airflow/example_dags/example_latest_only_with_trigger.py for tasks to queue
[2023-03-04T14:00:03.617+0000] {logging_mixin.py:137} INFO - [2023-03-04T14:00:03.617+0000] {dagbag.py:538} INFO - Filling up the DagBag from /home/airflow/.local/lib/python3.7/site-packages/airflow/example_dags/example_latest_only_with_trigger.py
[2023-03-04T14:00:03.628+0000] {processor.py:753} INFO - DAG(s) dict_keys(['latest_only_with_trigger']) retrieved from /home/airflow/.local/lib/python3.7/site-packages/airflow/example_dags/example_latest_only_with_trigger.py
[2023-03-04T14:00:03.649+0000] {logging_mixin.py:137} INFO - [2023-03-04T14:00:03.649+0000] {dag.py:2690} INFO - Sync 1 DAGs
[2023-03-04T14:00:03.671+0000] {logging_mixin.py:137} INFO - [2023-03-04T14:00:03.671+0000] {dag.py:3441} INFO - Setting next_dagrun for latest_only_with_trigger to 2023-03-04T10:00:03.670824+00:00, run_after=2023-03-04T14:00:03.670824+00:00
[2023-03-04T14:00:03.683+0000] {processor.py:175} INFO - Processing /home/airflow/.local/lib/python3.7/site-packages/airflow/example_dags/example_latest_only_with_trigger.py took 0.071 seconds
[2023-03-04T14:50:38.611+0000] {processor.py:153} INFO - Started process (PID=5719) to work on /home/airflow/.local/lib/python3.7/site-packages/airflow/example_dags/example_latest_only_with_trigger.py
[2023-03-04T14:50:38.613+0000] {processor.py:743} INFO - Processing file /home/airflow/.local/lib/python3.7/site-packages/airflow/example_dags/example_latest_only_with_trigger.py for tasks to queue
[2023-03-04T14:50:38.614+0000] {logging_mixin.py:137} INFO - [2023-03-04T14:50:38.614+0000] {dagbag.py:538} INFO - Filling up the DagBag from /home/airflow/.local/lib/python3.7/site-packages/airflow/example_dags/example_latest_only_with_trigger.py
[2023-03-04T14:50:38.624+0000] {processor.py:753} INFO - DAG(s) dict_keys(['latest_only_with_trigger']) retrieved from /home/airflow/.local/lib/python3.7/site-packages/airflow/example_dags/example_latest_only_with_trigger.py
[2023-03-04T14:50:38.643+0000] {logging_mixin.py:137} INFO - [2023-03-04T14:50:38.643+0000] {dag.py:2690} INFO - Sync 1 DAGs
[2023-03-04T14:50:38.658+0000] {logging_mixin.py:137} INFO - [2023-03-04T14:50:38.658+0000] {dag.py:3441} INFO - Setting next_dagrun for latest_only_with_trigger to 2023-03-04T10:50:38.658456+00:00, run_after=2023-03-04T14:50:38.658456+00:00
[2023-03-04T14:50:38.669+0000] {processor.py:175} INFO - Processing /home/airflow/.local/lib/python3.7/site-packages/airflow/example_dags/example_latest_only_with_trigger.py took 0.061 seconds
[2023-03-04T15:19:39.936+0000] {processor.py:153} INFO - Started process (PID=5791) to work on /home/airflow/.local/lib/python3.7/site-packages/airflow/example_dags/example_latest_only_with_trigger.py
[2023-03-04T15:19:39.948+0000] {processor.py:743} INFO - Processing file /home/airflow/.local/lib/python3.7/site-packages/airflow/example_dags/example_latest_only_with_trigger.py for tasks to queue
[2023-03-04T15:19:39.950+0000] {logging_mixin.py:137} INFO - [2023-03-04T15:19:39.950+0000] {dagbag.py:538} INFO - Filling up the DagBag from /home/airflow/.local/lib/python3.7/site-packages/airflow/example_dags/example_latest_only_with_trigger.py
[2023-03-04T15:19:39.991+0000] {processor.py:753} INFO - DAG(s) dict_keys(['latest_only_with_trigger']) retrieved from /home/airflow/.local/lib/python3.7/site-packages/airflow/example_dags/example_latest_only_with_trigger.py
[2023-03-04T15:19:40.054+0000] {logging_mixin.py:137} INFO - [2023-03-04T15:19:40.053+0000] {dag.py:2690} INFO - Sync 1 DAGs
[2023-03-04T15:19:40.148+0000] {logging_mixin.py:137} INFO - [2023-03-04T15:19:40.147+0000] {dag.py:3441} INFO - Setting next_dagrun for latest_only_with_trigger to 2023-03-04T11:19:40.144404+00:00, run_after=2023-03-04T15:19:40.144404+00:00
[2023-03-04T15:19:40.212+0000] {processor.py:175} INFO - Processing /home/airflow/.local/lib/python3.7/site-packages/airflow/example_dags/example_latest_only_with_trigger.py took 0.283 seconds
[2023-03-04T15:26:51.230+0000] {processor.py:153} INFO - Started process (PID=5856) to work on /home/airflow/.local/lib/python3.7/site-packages/airflow/example_dags/example_latest_only_with_trigger.py
[2023-03-04T15:26:51.284+0000] {processor.py:743} INFO - Processing file /home/airflow/.local/lib/python3.7/site-packages/airflow/example_dags/example_latest_only_with_trigger.py for tasks to queue
[2023-03-04T15:26:51.303+0000] {logging_mixin.py:137} INFO - [2023-03-04T15:26:51.302+0000] {dagbag.py:538} INFO - Filling up the DagBag from /home/airflow/.local/lib/python3.7/site-packages/airflow/example_dags/example_latest_only_with_trigger.py
[2023-03-04T15:26:51.970+0000] {processor.py:753} INFO - DAG(s) dict_keys(['latest_only_with_trigger']) retrieved from /home/airflow/.local/lib/python3.7/site-packages/airflow/example_dags/example_latest_only_with_trigger.py
[2023-03-04T15:26:53.040+0000] {logging_mixin.py:137} INFO - [2023-03-04T15:26:53.034+0000] {dag.py:2690} INFO - Sync 1 DAGs
[2023-03-04T15:26:54.588+0000] {logging_mixin.py:137} INFO - [2023-03-04T15:26:54.586+0000] {dag.py:3441} INFO - Setting next_dagrun for latest_only_with_trigger to 2023-03-04T11:26:54.572605+00:00, run_after=2023-03-04T15:26:54.572605+00:00
[2023-03-04T15:26:54.899+0000] {processor.py:175} INFO - Processing /home/airflow/.local/lib/python3.7/site-packages/airflow/example_dags/example_latest_only_with_trigger.py took 3.716 seconds
[2023-03-04T16:21:39.164+0000] {processor.py:153} INFO - Started process (PID=5907) to work on /home/airflow/.local/lib/python3.7/site-packages/airflow/example_dags/example_latest_only_with_trigger.py
[2023-03-04T16:21:39.168+0000] {processor.py:743} INFO - Processing file /home/airflow/.local/lib/python3.7/site-packages/airflow/example_dags/example_latest_only_with_trigger.py for tasks to queue
[2023-03-04T16:21:39.171+0000] {logging_mixin.py:137} INFO - [2023-03-04T16:21:39.171+0000] {dagbag.py:538} INFO - Filling up the DagBag from /home/airflow/.local/lib/python3.7/site-packages/airflow/example_dags/example_latest_only_with_trigger.py
[2023-03-04T16:21:39.195+0000] {processor.py:753} INFO - DAG(s) dict_keys(['latest_only_with_trigger']) retrieved from /home/airflow/.local/lib/python3.7/site-packages/airflow/example_dags/example_latest_only_with_trigger.py
[2023-03-04T16:21:39.229+0000] {logging_mixin.py:137} INFO - [2023-03-04T16:21:39.229+0000] {dag.py:2690} INFO - Sync 1 DAGs
[2023-03-04T16:21:39.281+0000] {logging_mixin.py:137} INFO - [2023-03-04T16:21:39.281+0000] {dag.py:3441} INFO - Setting next_dagrun for latest_only_with_trigger to 2023-03-04T12:21:39.281197+00:00, run_after=2023-03-04T16:21:39.281197+00:00
[2023-03-04T16:21:39.299+0000] {processor.py:175} INFO - Processing /home/airflow/.local/lib/python3.7/site-packages/airflow/example_dags/example_latest_only_with_trigger.py took 0.140 seconds
[2023-03-04T17:17:15.388+0000] {processor.py:153} INFO - Started process (PID=5965) to work on /home/airflow/.local/lib/python3.7/site-packages/airflow/example_dags/example_latest_only_with_trigger.py
[2023-03-04T17:17:15.390+0000] {processor.py:743} INFO - Processing file /home/airflow/.local/lib/python3.7/site-packages/airflow/example_dags/example_latest_only_with_trigger.py for tasks to queue
[2023-03-04T17:17:15.391+0000] {logging_mixin.py:137} INFO - [2023-03-04T17:17:15.391+0000] {dagbag.py:538} INFO - Filling up the DagBag from /home/airflow/.local/lib/python3.7/site-packages/airflow/example_dags/example_latest_only_with_trigger.py
[2023-03-04T17:17:15.403+0000] {processor.py:753} INFO - DAG(s) dict_keys(['latest_only_with_trigger']) retrieved from /home/airflow/.local/lib/python3.7/site-packages/airflow/example_dags/example_latest_only_with_trigger.py
[2023-03-04T17:17:15.426+0000] {logging_mixin.py:137} INFO - [2023-03-04T17:17:15.425+0000] {dag.py:2690} INFO - Sync 1 DAGs
[2023-03-04T17:17:15.463+0000] {logging_mixin.py:137} INFO - [2023-03-04T17:17:15.463+0000] {dag.py:3441} INFO - Setting next_dagrun for latest_only_with_trigger to 2023-03-04T13:17:15.463082+00:00, run_after=2023-03-04T17:17:15.463082+00:00
[2023-03-04T17:17:15.478+0000] {processor.py:175} INFO - Processing /home/airflow/.local/lib/python3.7/site-packages/airflow/example_dags/example_latest_only_with_trigger.py took 0.093 seconds
[2023-03-04T18:30:28.214+0000] {processor.py:153} INFO - Started process (PID=6028) to work on /home/airflow/.local/lib/python3.7/site-packages/airflow/example_dags/example_latest_only_with_trigger.py
[2023-03-04T18:30:28.215+0000] {processor.py:743} INFO - Processing file /home/airflow/.local/lib/python3.7/site-packages/airflow/example_dags/example_latest_only_with_trigger.py for tasks to queue
[2023-03-04T18:30:28.216+0000] {logging_mixin.py:137} INFO - [2023-03-04T18:30:28.215+0000] {dagbag.py:538} INFO - Filling up the DagBag from /home/airflow/.local/lib/python3.7/site-packages/airflow/example_dags/example_latest_only_with_trigger.py
[2023-03-04T18:30:28.229+0000] {processor.py:753} INFO - DAG(s) dict_keys(['latest_only_with_trigger']) retrieved from /home/airflow/.local/lib/python3.7/site-packages/airflow/example_dags/example_latest_only_with_trigger.py
[2023-03-04T18:30:28.261+0000] {logging_mixin.py:137} INFO - [2023-03-04T18:30:28.260+0000] {dag.py:2690} INFO - Sync 1 DAGs
[2023-03-04T18:30:28.281+0000] {logging_mixin.py:137} INFO - [2023-03-04T18:30:28.281+0000] {dag.py:3441} INFO - Setting next_dagrun for latest_only_with_trigger to 2023-03-04T14:30:28.281084+00:00, run_after=2023-03-04T18:30:28.281084+00:00
[2023-03-04T18:30:28.298+0000] {processor.py:175} INFO - Processing /home/airflow/.local/lib/python3.7/site-packages/airflow/example_dags/example_latest_only_with_trigger.py took 0.087 seconds
[2023-03-04T19:34:46.110+0000] {processor.py:153} INFO - Started process (PID=6101) to work on /home/airflow/.local/lib/python3.7/site-packages/airflow/example_dags/example_latest_only_with_trigger.py
[2023-03-04T19:34:46.112+0000] {processor.py:743} INFO - Processing file /home/airflow/.local/lib/python3.7/site-packages/airflow/example_dags/example_latest_only_with_trigger.py for tasks to queue
[2023-03-04T19:34:46.123+0000] {logging_mixin.py:137} INFO - [2023-03-04T19:34:46.120+0000] {dagbag.py:538} INFO - Filling up the DagBag from /home/airflow/.local/lib/python3.7/site-packages/airflow/example_dags/example_latest_only_with_trigger.py
[2023-03-04T19:34:46.203+0000] {processor.py:753} INFO - DAG(s) dict_keys(['latest_only_with_trigger']) retrieved from /home/airflow/.local/lib/python3.7/site-packages/airflow/example_dags/example_latest_only_with_trigger.py
[2023-03-04T19:34:46.307+0000] {logging_mixin.py:137} INFO - [2023-03-04T19:34:46.306+0000] {dag.py:2690} INFO - Sync 1 DAGs
[2023-03-04T19:34:46.392+0000] {logging_mixin.py:137} INFO - [2023-03-04T19:34:46.392+0000] {dag.py:3441} INFO - Setting next_dagrun for latest_only_with_trigger to 2023-03-04T15:34:46.390483+00:00, run_after=2023-03-04T19:34:46.390483+00:00
[2023-03-04T19:34:46.567+0000] {processor.py:175} INFO - Processing /home/airflow/.local/lib/python3.7/site-packages/airflow/example_dags/example_latest_only_with_trigger.py took 0.462 seconds
[2023-03-04T20:25:39.666+0000] {processor.py:153} INFO - Started process (PID=6155) to work on /home/airflow/.local/lib/python3.7/site-packages/airflow/example_dags/example_latest_only_with_trigger.py
[2023-03-04T20:25:39.669+0000] {processor.py:743} INFO - Processing file /home/airflow/.local/lib/python3.7/site-packages/airflow/example_dags/example_latest_only_with_trigger.py for tasks to queue
[2023-03-04T20:25:39.672+0000] {logging_mixin.py:137} INFO - [2023-03-04T20:25:39.672+0000] {dagbag.py:538} INFO - Filling up the DagBag from /home/airflow/.local/lib/python3.7/site-packages/airflow/example_dags/example_latest_only_with_trigger.py
[2023-03-04T20:25:39.689+0000] {processor.py:753} INFO - DAG(s) dict_keys(['latest_only_with_trigger']) retrieved from /home/airflow/.local/lib/python3.7/site-packages/airflow/example_dags/example_latest_only_with_trigger.py
[2023-03-04T20:25:39.728+0000] {logging_mixin.py:137} INFO - [2023-03-04T20:25:39.728+0000] {dag.py:2690} INFO - Sync 1 DAGs
[2023-03-04T20:25:39.756+0000] {logging_mixin.py:137} INFO - [2023-03-04T20:25:39.756+0000] {dag.py:3441} INFO - Setting next_dagrun for latest_only_with_trigger to 2023-03-04T16:25:39.756404+00:00, run_after=2023-03-04T20:25:39.756404+00:00
[2023-03-04T20:25:39.772+0000] {processor.py:175} INFO - Processing /home/airflow/.local/lib/python3.7/site-packages/airflow/example_dags/example_latest_only_with_trigger.py took 0.111 seconds
[2023-03-04T21:17:44.708+0000] {processor.py:153} INFO - Started process (PID=6231) to work on /home/airflow/.local/lib/python3.7/site-packages/airflow/example_dags/example_latest_only_with_trigger.py
[2023-03-04T21:17:44.711+0000] {processor.py:743} INFO - Processing file /home/airflow/.local/lib/python3.7/site-packages/airflow/example_dags/example_latest_only_with_trigger.py for tasks to queue
[2023-03-04T21:17:44.712+0000] {logging_mixin.py:137} INFO - [2023-03-04T21:17:44.712+0000] {dagbag.py:538} INFO - Filling up the DagBag from /home/airflow/.local/lib/python3.7/site-packages/airflow/example_dags/example_latest_only_with_trigger.py
[2023-03-04T21:17:44.743+0000] {processor.py:753} INFO - DAG(s) dict_keys(['latest_only_with_trigger']) retrieved from /home/airflow/.local/lib/python3.7/site-packages/airflow/example_dags/example_latest_only_with_trigger.py
[2023-03-04T21:17:44.773+0000] {logging_mixin.py:137} INFO - [2023-03-04T21:17:44.773+0000] {dag.py:2690} INFO - Sync 1 DAGs
[2023-03-04T21:17:44.806+0000] {logging_mixin.py:137} INFO - [2023-03-04T21:17:44.806+0000] {dag.py:3441} INFO - Setting next_dagrun for latest_only_with_trigger to 2023-03-04T17:17:44.806115+00:00, run_after=2023-03-04T21:17:44.806115+00:00
[2023-03-04T21:17:44.836+0000] {processor.py:175} INFO - Processing /home/airflow/.local/lib/python3.7/site-packages/airflow/example_dags/example_latest_only_with_trigger.py took 0.133 seconds
[2023-03-04T22:18:11.371+0000] {processor.py:153} INFO - Started process (PID=6295) to work on /home/airflow/.local/lib/python3.7/site-packages/airflow/example_dags/example_latest_only_with_trigger.py
[2023-03-04T22:18:11.380+0000] {processor.py:743} INFO - Processing file /home/airflow/.local/lib/python3.7/site-packages/airflow/example_dags/example_latest_only_with_trigger.py for tasks to queue
[2023-03-04T22:18:11.385+0000] {logging_mixin.py:137} INFO - [2023-03-04T22:18:11.384+0000] {dagbag.py:538} INFO - Filling up the DagBag from /home/airflow/.local/lib/python3.7/site-packages/airflow/example_dags/example_latest_only_with_trigger.py
[2023-03-04T22:18:11.481+0000] {processor.py:753} INFO - DAG(s) dict_keys(['latest_only_with_trigger']) retrieved from /home/airflow/.local/lib/python3.7/site-packages/airflow/example_dags/example_latest_only_with_trigger.py
[2023-03-04T22:18:11.613+0000] {logging_mixin.py:137} INFO - [2023-03-04T22:18:11.613+0000] {dag.py:2690} INFO - Sync 1 DAGs
[2023-03-04T22:18:11.665+0000] {logging_mixin.py:137} INFO - [2023-03-04T22:18:11.665+0000] {dag.py:3441} INFO - Setting next_dagrun for latest_only_with_trigger to 2023-03-04T18:18:11.664963+00:00, run_after=2023-03-04T22:18:11.664963+00:00
[2023-03-04T22:18:11.696+0000] {processor.py:175} INFO - Processing /home/airflow/.local/lib/python3.7/site-packages/airflow/example_dags/example_latest_only_with_trigger.py took 0.357 seconds
[2023-03-04T23:42:19.915+0000] {processor.py:153} INFO - Started process (PID=6358) to work on /home/airflow/.local/lib/python3.7/site-packages/airflow/example_dags/example_latest_only_with_trigger.py
[2023-03-04T23:42:19.917+0000] {processor.py:743} INFO - Processing file /home/airflow/.local/lib/python3.7/site-packages/airflow/example_dags/example_latest_only_with_trigger.py for tasks to queue
[2023-03-04T23:42:19.918+0000] {logging_mixin.py:137} INFO - [2023-03-04T23:42:19.918+0000] {dagbag.py:538} INFO - Filling up the DagBag from /home/airflow/.local/lib/python3.7/site-packages/airflow/example_dags/example_latest_only_with_trigger.py
[2023-03-04T23:42:19.935+0000] {processor.py:753} INFO - DAG(s) dict_keys(['latest_only_with_trigger']) retrieved from /home/airflow/.local/lib/python3.7/site-packages/airflow/example_dags/example_latest_only_with_trigger.py
[2023-03-04T23:42:19.971+0000] {logging_mixin.py:137} INFO - [2023-03-04T23:42:19.971+0000] {dag.py:2690} INFO - Sync 1 DAGs
[2023-03-04T23:42:19.996+0000] {logging_mixin.py:137} INFO - [2023-03-04T23:42:19.996+0000] {dag.py:3441} INFO - Setting next_dagrun for latest_only_with_trigger to 2023-03-04T19:42:19.995760+00:00, run_after=2023-03-04T23:42:19.995760+00:00
[2023-03-04T23:42:20.012+0000] {processor.py:175} INFO - Processing /home/airflow/.local/lib/python3.7/site-packages/airflow/example_dags/example_latest_only_with_trigger.py took 0.100 seconds
