[2023-03-04T06:33:23.997+0000] {processor.py:153} INFO - Started process (PID=4718) to work on /home/airflow/.local/lib/python3.7/site-packages/airflow/example_dags/tutorial.py
[2023-03-04T06:33:24.048+0000] {processor.py:743} INFO - Processing file /home/airflow/.local/lib/python3.7/site-packages/airflow/example_dags/tutorial.py for tasks to queue
[2023-03-04T06:33:24.053+0000] {logging_mixin.py:137} INFO - [2023-03-04T06:33:24.052+0000] {dagbag.py:538} INFO - Filling up the DagBag from /home/airflow/.local/lib/python3.7/site-packages/airflow/example_dags/tutorial.py
[2023-03-04T06:33:24.422+0000] {processor.py:753} INFO - DAG(s) dict_keys(['tutorial']) retrieved from /home/airflow/.local/lib/python3.7/site-packages/airflow/example_dags/tutorial.py
[2023-03-04T06:33:26.445+0000] {logging_mixin.py:137} INFO - [2023-03-04T06:33:26.419+0000] {dag.py:2690} INFO - Sync 1 DAGs
[2023-03-04T06:33:26.760+0000] {logging_mixin.py:137} INFO - [2023-03-04T06:33:26.759+0000] {dag.py:3441} INFO - Setting next_dagrun for tutorial to 2023-03-03T06:33:26.756711+00:00, run_after=2023-03-04T06:33:26.756711+00:00
[2023-03-04T06:33:26.904+0000] {processor.py:175} INFO - Processing /home/airflow/.local/lib/python3.7/site-packages/airflow/example_dags/tutorial.py took 3.001 seconds
[2023-03-04T07:05:57.188+0000] {processor.py:153} INFO - Started process (PID=4784) to work on /home/airflow/.local/lib/python3.7/site-packages/airflow/example_dags/tutorial.py
[2023-03-04T07:05:57.193+0000] {processor.py:743} INFO - Processing file /home/airflow/.local/lib/python3.7/site-packages/airflow/example_dags/tutorial.py for tasks to queue
[2023-03-04T07:05:57.194+0000] {logging_mixin.py:137} INFO - [2023-03-04T07:05:57.194+0000] {dagbag.py:538} INFO - Filling up the DagBag from /home/airflow/.local/lib/python3.7/site-packages/airflow/example_dags/tutorial.py
[2023-03-04T07:05:57.225+0000] {processor.py:753} INFO - DAG(s) dict_keys(['tutorial']) retrieved from /home/airflow/.local/lib/python3.7/site-packages/airflow/example_dags/tutorial.py
[2023-03-04T07:05:57.309+0000] {logging_mixin.py:137} INFO - [2023-03-04T07:05:57.308+0000] {dag.py:2690} INFO - Sync 1 DAGs
[2023-03-04T07:05:57.375+0000] {logging_mixin.py:137} INFO - [2023-03-04T07:05:57.375+0000] {dag.py:3441} INFO - Setting next_dagrun for tutorial to 2023-03-03T07:05:57.374975+00:00, run_after=2023-03-04T07:05:57.374975+00:00
[2023-03-04T07:05:57.419+0000] {processor.py:175} INFO - Processing /home/airflow/.local/lib/python3.7/site-packages/airflow/example_dags/tutorial.py took 0.236 seconds
[2023-03-04T07:37:54.263+0000] {processor.py:153} INFO - Started process (PID=4835) to work on /home/airflow/.local/lib/python3.7/site-packages/airflow/example_dags/tutorial.py
[2023-03-04T07:37:54.265+0000] {processor.py:743} INFO - Processing file /home/airflow/.local/lib/python3.7/site-packages/airflow/example_dags/tutorial.py for tasks to queue
[2023-03-04T07:37:54.267+0000] {logging_mixin.py:137} INFO - [2023-03-04T07:37:54.266+0000] {dagbag.py:538} INFO - Filling up the DagBag from /home/airflow/.local/lib/python3.7/site-packages/airflow/example_dags/tutorial.py
[2023-03-04T07:37:54.283+0000] {processor.py:753} INFO - DAG(s) dict_keys(['tutorial']) retrieved from /home/airflow/.local/lib/python3.7/site-packages/airflow/example_dags/tutorial.py
[2023-03-04T07:37:54.307+0000] {logging_mixin.py:137} INFO - [2023-03-04T07:37:54.307+0000] {dag.py:2690} INFO - Sync 1 DAGs
[2023-03-04T07:37:54.336+0000] {logging_mixin.py:137} INFO - [2023-03-04T07:37:54.335+0000] {dag.py:3441} INFO - Setting next_dagrun for tutorial to 2023-03-03T07:37:54.335394+00:00, run_after=2023-03-04T07:37:54.335394+00:00
[2023-03-04T07:37:54.351+0000] {processor.py:175} INFO - Processing /home/airflow/.local/lib/python3.7/site-packages/airflow/example_dags/tutorial.py took 0.094 seconds
[2023-03-04T07:43:53.106+0000] {processor.py:153} INFO - Started process (PID=4898) to work on /home/airflow/.local/lib/python3.7/site-packages/airflow/example_dags/tutorial.py
[2023-03-04T07:43:53.108+0000] {processor.py:743} INFO - Processing file /home/airflow/.local/lib/python3.7/site-packages/airflow/example_dags/tutorial.py for tasks to queue
[2023-03-04T07:43:53.111+0000] {logging_mixin.py:137} INFO - [2023-03-04T07:43:53.111+0000] {dagbag.py:538} INFO - Filling up the DagBag from /home/airflow/.local/lib/python3.7/site-packages/airflow/example_dags/tutorial.py
[2023-03-04T07:43:53.146+0000] {processor.py:753} INFO - DAG(s) dict_keys(['tutorial']) retrieved from /home/airflow/.local/lib/python3.7/site-packages/airflow/example_dags/tutorial.py
[2023-03-04T07:43:53.211+0000] {logging_mixin.py:137} INFO - [2023-03-04T07:43:53.210+0000] {dag.py:2690} INFO - Sync 1 DAGs
[2023-03-04T07:43:53.235+0000] {logging_mixin.py:137} INFO - [2023-03-04T07:43:53.235+0000] {dag.py:3441} INFO - Setting next_dagrun for tutorial to 2023-03-03T07:43:53.235057+00:00, run_after=2023-03-04T07:43:53.235057+00:00
[2023-03-04T07:43:53.282+0000] {processor.py:175} INFO - Processing /home/airflow/.local/lib/python3.7/site-packages/airflow/example_dags/tutorial.py took 0.181 seconds
[2023-03-04T09:08:15.219+0000] {processor.py:153} INFO - Started process (PID=4973) to work on /home/airflow/.local/lib/python3.7/site-packages/airflow/example_dags/tutorial.py
[2023-03-04T09:08:15.221+0000] {processor.py:743} INFO - Processing file /home/airflow/.local/lib/python3.7/site-packages/airflow/example_dags/tutorial.py for tasks to queue
[2023-03-04T09:08:15.221+0000] {logging_mixin.py:137} INFO - [2023-03-04T09:08:15.221+0000] {dagbag.py:538} INFO - Filling up the DagBag from /home/airflow/.local/lib/python3.7/site-packages/airflow/example_dags/tutorial.py
[2023-03-04T09:08:15.235+0000] {processor.py:753} INFO - DAG(s) dict_keys(['tutorial']) retrieved from /home/airflow/.local/lib/python3.7/site-packages/airflow/example_dags/tutorial.py
[2023-03-04T09:08:15.273+0000] {logging_mixin.py:137} INFO - [2023-03-04T09:08:15.273+0000] {dag.py:2690} INFO - Sync 1 DAGs
[2023-03-04T09:08:15.354+0000] {logging_mixin.py:137} INFO - [2023-03-04T09:08:15.353+0000] {dag.py:3441} INFO - Setting next_dagrun for tutorial to 2023-03-03T09:08:15.352691+00:00, run_after=2023-03-04T09:08:15.352691+00:00
[2023-03-04T09:08:15.404+0000] {processor.py:175} INFO - Processing /home/airflow/.local/lib/python3.7/site-packages/airflow/example_dags/tutorial.py took 0.188 seconds
[2023-03-04T10:01:50.350+0000] {processor.py:153} INFO - Started process (PID=5036) to work on /home/airflow/.local/lib/python3.7/site-packages/airflow/example_dags/tutorial.py
[2023-03-04T10:01:50.702+0000] {processor.py:743} INFO - Processing file /home/airflow/.local/lib/python3.7/site-packages/airflow/example_dags/tutorial.py for tasks to queue
[2023-03-04T10:01:50.763+0000] {logging_mixin.py:137} INFO - [2023-03-04T10:01:50.761+0000] {dagbag.py:538} INFO - Filling up the DagBag from /home/airflow/.local/lib/python3.7/site-packages/airflow/example_dags/tutorial.py
[2023-03-04T10:01:50.915+0000] {processor.py:753} INFO - DAG(s) dict_keys(['tutorial']) retrieved from /home/airflow/.local/lib/python3.7/site-packages/airflow/example_dags/tutorial.py
[2023-03-04T10:01:51.004+0000] {logging_mixin.py:137} INFO - [2023-03-04T10:01:51.004+0000] {dag.py:2690} INFO - Sync 1 DAGs
[2023-03-04T10:01:51.047+0000] {logging_mixin.py:137} INFO - [2023-03-04T10:01:51.047+0000] {dag.py:3441} INFO - Setting next_dagrun for tutorial to 2023-03-03T10:01:51.046848+00:00, run_after=2023-03-04T10:01:51.046848+00:00
[2023-03-04T10:01:51.064+0000] {processor.py:175} INFO - Processing /home/airflow/.local/lib/python3.7/site-packages/airflow/example_dags/tutorial.py took 0.970 seconds
[2023-03-04T10:51:24.729+0000] {processor.py:153} INFO - Started process (PID=5098) to work on /home/airflow/.local/lib/python3.7/site-packages/airflow/example_dags/tutorial.py
[2023-03-04T10:51:24.731+0000] {processor.py:743} INFO - Processing file /home/airflow/.local/lib/python3.7/site-packages/airflow/example_dags/tutorial.py for tasks to queue
[2023-03-04T10:51:24.733+0000] {logging_mixin.py:137} INFO - [2023-03-04T10:51:24.733+0000] {dagbag.py:538} INFO - Filling up the DagBag from /home/airflow/.local/lib/python3.7/site-packages/airflow/example_dags/tutorial.py
[2023-03-04T10:51:24.755+0000] {processor.py:753} INFO - DAG(s) dict_keys(['tutorial']) retrieved from /home/airflow/.local/lib/python3.7/site-packages/airflow/example_dags/tutorial.py
[2023-03-04T10:51:24.817+0000] {logging_mixin.py:137} INFO - [2023-03-04T10:51:24.817+0000] {dag.py:2690} INFO - Sync 1 DAGs
[2023-03-04T10:51:24.838+0000] {logging_mixin.py:137} INFO - [2023-03-04T10:51:24.838+0000] {dag.py:3441} INFO - Setting next_dagrun for tutorial to 2023-03-03T10:51:24.837945+00:00, run_after=2023-03-04T10:51:24.837945+00:00
[2023-03-04T10:51:24.864+0000] {processor.py:175} INFO - Processing /home/airflow/.local/lib/python3.7/site-packages/airflow/example_dags/tutorial.py took 0.140 seconds
[2023-03-04T11:12:02.313+0000] {processor.py:153} INFO - Started process (PID=5161) to work on /home/airflow/.local/lib/python3.7/site-packages/airflow/example_dags/tutorial.py
[2023-03-04T11:12:02.315+0000] {processor.py:743} INFO - Processing file /home/airflow/.local/lib/python3.7/site-packages/airflow/example_dags/tutorial.py for tasks to queue
[2023-03-04T11:12:02.317+0000] {logging_mixin.py:137} INFO - [2023-03-04T11:12:02.316+0000] {dagbag.py:538} INFO - Filling up the DagBag from /home/airflow/.local/lib/python3.7/site-packages/airflow/example_dags/tutorial.py
[2023-03-04T11:12:02.348+0000] {processor.py:753} INFO - DAG(s) dict_keys(['tutorial']) retrieved from /home/airflow/.local/lib/python3.7/site-packages/airflow/example_dags/tutorial.py
[2023-03-04T11:12:02.383+0000] {logging_mixin.py:137} INFO - [2023-03-04T11:12:02.383+0000] {dag.py:2690} INFO - Sync 1 DAGs
[2023-03-04T11:12:02.406+0000] {logging_mixin.py:137} INFO - [2023-03-04T11:12:02.405+0000] {dag.py:3441} INFO - Setting next_dagrun for tutorial to 2023-03-03T11:12:02.405512+00:00, run_after=2023-03-04T11:12:02.405512+00:00
[2023-03-04T11:12:02.420+0000] {processor.py:175} INFO - Processing /home/airflow/.local/lib/python3.7/site-packages/airflow/example_dags/tutorial.py took 0.113 seconds
[2023-03-04T11:21:28.634+0000] {processor.py:153} INFO - Started process (PID=5224) to work on /home/airflow/.local/lib/python3.7/site-packages/airflow/example_dags/tutorial.py
[2023-03-04T11:21:28.642+0000] {processor.py:743} INFO - Processing file /home/airflow/.local/lib/python3.7/site-packages/airflow/example_dags/tutorial.py for tasks to queue
[2023-03-04T11:21:28.647+0000] {logging_mixin.py:137} INFO - [2023-03-04T11:21:28.646+0000] {dagbag.py:538} INFO - Filling up the DagBag from /home/airflow/.local/lib/python3.7/site-packages/airflow/example_dags/tutorial.py
[2023-03-04T11:21:28.681+0000] {processor.py:753} INFO - DAG(s) dict_keys(['tutorial']) retrieved from /home/airflow/.local/lib/python3.7/site-packages/airflow/example_dags/tutorial.py
[2023-03-04T11:21:28.730+0000] {logging_mixin.py:137} INFO - [2023-03-04T11:21:28.730+0000] {dag.py:2690} INFO - Sync 1 DAGs
[2023-03-04T11:21:28.775+0000] {logging_mixin.py:137} INFO - [2023-03-04T11:21:28.774+0000] {dag.py:3441} INFO - Setting next_dagrun for tutorial to 2023-03-03T11:21:28.774164+00:00, run_after=2023-03-04T11:21:28.774164+00:00
[2023-03-04T11:21:28.825+0000] {processor.py:175} INFO - Processing /home/airflow/.local/lib/python3.7/site-packages/airflow/example_dags/tutorial.py took 0.197 seconds
[2023-03-04T11:56:44.188+0000] {processor.py:153} INFO - Started process (PID=5288) to work on /home/airflow/.local/lib/python3.7/site-packages/airflow/example_dags/tutorial.py
[2023-03-04T11:56:44.189+0000] {processor.py:743} INFO - Processing file /home/airflow/.local/lib/python3.7/site-packages/airflow/example_dags/tutorial.py for tasks to queue
[2023-03-04T11:56:44.190+0000] {logging_mixin.py:137} INFO - [2023-03-04T11:56:44.190+0000] {dagbag.py:538} INFO - Filling up the DagBag from /home/airflow/.local/lib/python3.7/site-packages/airflow/example_dags/tutorial.py
[2023-03-04T11:56:44.202+0000] {processor.py:753} INFO - DAG(s) dict_keys(['tutorial']) retrieved from /home/airflow/.local/lib/python3.7/site-packages/airflow/example_dags/tutorial.py
[2023-03-04T11:56:44.246+0000] {logging_mixin.py:137} INFO - [2023-03-04T11:56:44.246+0000] {dag.py:2690} INFO - Sync 1 DAGs
[2023-03-04T11:56:44.267+0000] {logging_mixin.py:137} INFO - [2023-03-04T11:56:44.267+0000] {dag.py:3441} INFO - Setting next_dagrun for tutorial to 2023-03-03T11:56:44.266587+00:00, run_after=2023-03-04T11:56:44.266587+00:00
[2023-03-04T11:56:44.284+0000] {processor.py:175} INFO - Processing /home/airflow/.local/lib/python3.7/site-packages/airflow/example_dags/tutorial.py took 0.099 seconds
[2023-03-04T12:36:28.078+0000] {processor.py:153} INFO - Started process (PID=5363) to work on /home/airflow/.local/lib/python3.7/site-packages/airflow/example_dags/tutorial.py
[2023-03-04T12:36:28.080+0000] {processor.py:743} INFO - Processing file /home/airflow/.local/lib/python3.7/site-packages/airflow/example_dags/tutorial.py for tasks to queue
[2023-03-04T12:36:28.082+0000] {logging_mixin.py:137} INFO - [2023-03-04T12:36:28.082+0000] {dagbag.py:538} INFO - Filling up the DagBag from /home/airflow/.local/lib/python3.7/site-packages/airflow/example_dags/tutorial.py
[2023-03-04T12:36:28.116+0000] {processor.py:753} INFO - DAG(s) dict_keys(['tutorial']) retrieved from /home/airflow/.local/lib/python3.7/site-packages/airflow/example_dags/tutorial.py
[2023-03-04T12:36:28.356+0000] {logging_mixin.py:137} INFO - [2023-03-04T12:36:28.356+0000] {dag.py:2690} INFO - Sync 1 DAGs
[2023-03-04T12:36:28.419+0000] {logging_mixin.py:137} INFO - [2023-03-04T12:36:28.419+0000] {dag.py:3441} INFO - Setting next_dagrun for tutorial to 2023-03-03T12:36:28.419262+00:00, run_after=2023-03-04T12:36:28.419262+00:00
[2023-03-04T12:36:28.468+0000] {processor.py:175} INFO - Processing /home/airflow/.local/lib/python3.7/site-packages/airflow/example_dags/tutorial.py took 0.396 seconds
[2023-03-04T12:50:16.024+0000] {processor.py:153} INFO - Started process (PID=5423) to work on /home/airflow/.local/lib/python3.7/site-packages/airflow/example_dags/tutorial.py
[2023-03-04T12:50:16.027+0000] {processor.py:743} INFO - Processing file /home/airflow/.local/lib/python3.7/site-packages/airflow/example_dags/tutorial.py for tasks to queue
[2023-03-04T12:50:16.028+0000] {logging_mixin.py:137} INFO - [2023-03-04T12:50:16.028+0000] {dagbag.py:538} INFO - Filling up the DagBag from /home/airflow/.local/lib/python3.7/site-packages/airflow/example_dags/tutorial.py
[2023-03-04T12:50:16.056+0000] {processor.py:753} INFO - DAG(s) dict_keys(['tutorial']) retrieved from /home/airflow/.local/lib/python3.7/site-packages/airflow/example_dags/tutorial.py
[2023-03-04T12:50:16.120+0000] {logging_mixin.py:137} INFO - [2023-03-04T12:50:16.120+0000] {dag.py:2690} INFO - Sync 1 DAGs
[2023-03-04T12:50:16.187+0000] {logging_mixin.py:137} INFO - [2023-03-04T12:50:16.187+0000] {dag.py:3441} INFO - Setting next_dagrun for tutorial to 2023-03-03T12:50:16.184879+00:00, run_after=2023-03-04T12:50:16.184879+00:00
[2023-03-04T12:50:16.233+0000] {processor.py:175} INFO - Processing /home/airflow/.local/lib/python3.7/site-packages/airflow/example_dags/tutorial.py took 0.212 seconds
[2023-03-04T13:10:06.926+0000] {processor.py:153} INFO - Started process (PID=5489) to work on /home/airflow/.local/lib/python3.7/site-packages/airflow/example_dags/tutorial.py
[2023-03-04T13:10:06.929+0000] {processor.py:743} INFO - Processing file /home/airflow/.local/lib/python3.7/site-packages/airflow/example_dags/tutorial.py for tasks to queue
[2023-03-04T13:10:06.930+0000] {logging_mixin.py:137} INFO - [2023-03-04T13:10:06.930+0000] {dagbag.py:538} INFO - Filling up the DagBag from /home/airflow/.local/lib/python3.7/site-packages/airflow/example_dags/tutorial.py
[2023-03-04T13:10:06.949+0000] {processor.py:753} INFO - DAG(s) dict_keys(['tutorial']) retrieved from /home/airflow/.local/lib/python3.7/site-packages/airflow/example_dags/tutorial.py
[2023-03-04T13:10:06.973+0000] {logging_mixin.py:137} INFO - [2023-03-04T13:10:06.973+0000] {dag.py:2690} INFO - Sync 1 DAGs
[2023-03-04T13:10:06.991+0000] {logging_mixin.py:137} INFO - [2023-03-04T13:10:06.991+0000] {dag.py:3441} INFO - Setting next_dagrun for tutorial to 2023-03-03T13:10:06.991463+00:00, run_after=2023-03-04T13:10:06.991463+00:00
[2023-03-04T13:10:07.013+0000] {processor.py:175} INFO - Processing /home/airflow/.local/lib/python3.7/site-packages/airflow/example_dags/tutorial.py took 0.091 seconds
[2023-03-04T13:26:38.910+0000] {processor.py:153} INFO - Started process (PID=5553) to work on /home/airflow/.local/lib/python3.7/site-packages/airflow/example_dags/tutorial.py
[2023-03-04T13:26:38.913+0000] {processor.py:743} INFO - Processing file /home/airflow/.local/lib/python3.7/site-packages/airflow/example_dags/tutorial.py for tasks to queue
[2023-03-04T13:26:38.914+0000] {logging_mixin.py:137} INFO - [2023-03-04T13:26:38.914+0000] {dagbag.py:538} INFO - Filling up the DagBag from /home/airflow/.local/lib/python3.7/site-packages/airflow/example_dags/tutorial.py
[2023-03-04T13:26:38.934+0000] {processor.py:753} INFO - DAG(s) dict_keys(['tutorial']) retrieved from /home/airflow/.local/lib/python3.7/site-packages/airflow/example_dags/tutorial.py
[2023-03-04T13:26:38.959+0000] {logging_mixin.py:137} INFO - [2023-03-04T13:26:38.959+0000] {dag.py:2690} INFO - Sync 1 DAGs
[2023-03-04T13:26:38.980+0000] {logging_mixin.py:137} INFO - [2023-03-04T13:26:38.980+0000] {dag.py:3441} INFO - Setting next_dagrun for tutorial to 2023-03-03T13:26:38.980388+00:00, run_after=2023-03-04T13:26:38.980388+00:00
[2023-03-04T13:26:38.994+0000] {processor.py:175} INFO - Processing /home/airflow/.local/lib/python3.7/site-packages/airflow/example_dags/tutorial.py took 0.088 seconds
[2023-03-04T13:40:41.010+0000] {processor.py:153} INFO - Started process (PID=5615) to work on /home/airflow/.local/lib/python3.7/site-packages/airflow/example_dags/tutorial.py
[2023-03-04T13:40:41.014+0000] {processor.py:743} INFO - Processing file /home/airflow/.local/lib/python3.7/site-packages/airflow/example_dags/tutorial.py for tasks to queue
[2023-03-04T13:40:41.016+0000] {logging_mixin.py:137} INFO - [2023-03-04T13:40:41.016+0000] {dagbag.py:538} INFO - Filling up the DagBag from /home/airflow/.local/lib/python3.7/site-packages/airflow/example_dags/tutorial.py
[2023-03-04T13:40:41.034+0000] {processor.py:753} INFO - DAG(s) dict_keys(['tutorial']) retrieved from /home/airflow/.local/lib/python3.7/site-packages/airflow/example_dags/tutorial.py
[2023-03-04T13:40:41.058+0000] {logging_mixin.py:137} INFO - [2023-03-04T13:40:41.058+0000] {dag.py:2690} INFO - Sync 1 DAGs
[2023-03-04T13:40:41.076+0000] {logging_mixin.py:137} INFO - [2023-03-04T13:40:41.076+0000] {dag.py:3441} INFO - Setting next_dagrun for tutorial to 2023-03-03T13:40:41.075674+00:00, run_after=2023-03-04T13:40:41.075674+00:00
[2023-03-04T13:40:41.090+0000] {processor.py:175} INFO - Processing /home/airflow/.local/lib/python3.7/site-packages/airflow/example_dags/tutorial.py took 0.083 seconds
[2023-03-04T14:00:05.030+0000] {processor.py:153} INFO - Started process (PID=5678) to work on /home/airflow/.local/lib/python3.7/site-packages/airflow/example_dags/tutorial.py
[2023-03-04T14:00:05.032+0000] {processor.py:743} INFO - Processing file /home/airflow/.local/lib/python3.7/site-packages/airflow/example_dags/tutorial.py for tasks to queue
[2023-03-04T14:00:05.033+0000] {logging_mixin.py:137} INFO - [2023-03-04T14:00:05.033+0000] {dagbag.py:538} INFO - Filling up the DagBag from /home/airflow/.local/lib/python3.7/site-packages/airflow/example_dags/tutorial.py
[2023-03-04T14:00:05.044+0000] {processor.py:753} INFO - DAG(s) dict_keys(['tutorial']) retrieved from /home/airflow/.local/lib/python3.7/site-packages/airflow/example_dags/tutorial.py
[2023-03-04T14:00:05.067+0000] {logging_mixin.py:137} INFO - [2023-03-04T14:00:05.067+0000] {dag.py:2690} INFO - Sync 1 DAGs
[2023-03-04T14:00:05.095+0000] {logging_mixin.py:137} INFO - [2023-03-04T14:00:05.095+0000] {dag.py:3441} INFO - Setting next_dagrun for tutorial to 2023-03-03T14:00:05.094876+00:00, run_after=2023-03-04T14:00:05.094876+00:00
[2023-03-04T14:00:05.115+0000] {processor.py:175} INFO - Processing /home/airflow/.local/lib/python3.7/site-packages/airflow/example_dags/tutorial.py took 0.089 seconds
[2023-03-04T14:50:40.950+0000] {processor.py:153} INFO - Started process (PID=5741) to work on /home/airflow/.local/lib/python3.7/site-packages/airflow/example_dags/tutorial.py
[2023-03-04T14:50:40.962+0000] {processor.py:743} INFO - Processing file /home/airflow/.local/lib/python3.7/site-packages/airflow/example_dags/tutorial.py for tasks to queue
[2023-03-04T14:50:40.963+0000] {logging_mixin.py:137} INFO - [2023-03-04T14:50:40.963+0000] {dagbag.py:538} INFO - Filling up the DagBag from /home/airflow/.local/lib/python3.7/site-packages/airflow/example_dags/tutorial.py
[2023-03-04T14:50:40.984+0000] {processor.py:753} INFO - DAG(s) dict_keys(['tutorial']) retrieved from /home/airflow/.local/lib/python3.7/site-packages/airflow/example_dags/tutorial.py
[2023-03-04T14:50:41.013+0000] {logging_mixin.py:137} INFO - [2023-03-04T14:50:41.013+0000] {dag.py:2690} INFO - Sync 1 DAGs
[2023-03-04T14:50:41.035+0000] {logging_mixin.py:137} INFO - [2023-03-04T14:50:41.035+0000] {dag.py:3441} INFO - Setting next_dagrun for tutorial to 2023-03-03T14:50:41.034025+00:00, run_after=2023-03-04T14:50:41.034025+00:00
[2023-03-04T14:50:41.056+0000] {processor.py:175} INFO - Processing /home/airflow/.local/lib/python3.7/site-packages/airflow/example_dags/tutorial.py took 0.109 seconds
[2023-03-04T15:19:44.855+0000] {processor.py:153} INFO - Started process (PID=5816) to work on /home/airflow/.local/lib/python3.7/site-packages/airflow/example_dags/tutorial.py
[2023-03-04T15:19:44.860+0000] {processor.py:743} INFO - Processing file /home/airflow/.local/lib/python3.7/site-packages/airflow/example_dags/tutorial.py for tasks to queue
[2023-03-04T15:19:44.861+0000] {logging_mixin.py:137} INFO - [2023-03-04T15:19:44.861+0000] {dagbag.py:538} INFO - Filling up the DagBag from /home/airflow/.local/lib/python3.7/site-packages/airflow/example_dags/tutorial.py
[2023-03-04T15:19:44.879+0000] {processor.py:753} INFO - DAG(s) dict_keys(['tutorial']) retrieved from /home/airflow/.local/lib/python3.7/site-packages/airflow/example_dags/tutorial.py
[2023-03-04T15:19:44.913+0000] {logging_mixin.py:137} INFO - [2023-03-04T15:19:44.913+0000] {dag.py:2690} INFO - Sync 1 DAGs
[2023-03-04T15:19:44.936+0000] {logging_mixin.py:137} INFO - [2023-03-04T15:19:44.936+0000] {dag.py:3441} INFO - Setting next_dagrun for tutorial to 2023-03-03T15:19:44.935745+00:00, run_after=2023-03-04T15:19:44.935745+00:00
[2023-03-04T15:19:44.948+0000] {processor.py:175} INFO - Processing /home/airflow/.local/lib/python3.7/site-packages/airflow/example_dags/tutorial.py took 0.105 seconds
[2023-03-04T15:27:08.283+0000] {processor.py:153} INFO - Started process (PID=5887) to work on /home/airflow/.local/lib/python3.7/site-packages/airflow/example_dags/tutorial.py
[2023-03-04T15:27:08.294+0000] {processor.py:743} INFO - Processing file /home/airflow/.local/lib/python3.7/site-packages/airflow/example_dags/tutorial.py for tasks to queue
[2023-03-04T15:27:08.298+0000] {logging_mixin.py:137} INFO - [2023-03-04T15:27:08.297+0000] {dagbag.py:538} INFO - Filling up the DagBag from /home/airflow/.local/lib/python3.7/site-packages/airflow/example_dags/tutorial.py
[2023-03-04T15:27:08.396+0000] {processor.py:753} INFO - DAG(s) dict_keys(['tutorial']) retrieved from /home/airflow/.local/lib/python3.7/site-packages/airflow/example_dags/tutorial.py
[2023-03-04T15:27:08.584+0000] {logging_mixin.py:137} INFO - [2023-03-04T15:27:08.583+0000] {dag.py:2690} INFO - Sync 1 DAGs
[2023-03-04T15:27:08.945+0000] {logging_mixin.py:137} INFO - [2023-03-04T15:27:08.941+0000] {dag.py:3441} INFO - Setting next_dagrun for tutorial to 2023-03-03T15:27:08.933482+00:00, run_after=2023-03-04T15:27:08.933482+00:00
[2023-03-04T15:27:09.187+0000] {processor.py:175} INFO - Processing /home/airflow/.local/lib/python3.7/site-packages/airflow/example_dags/tutorial.py took 0.914 seconds
[2023-03-04T16:21:42.765+0000] {processor.py:153} INFO - Started process (PID=5929) to work on /home/airflow/.local/lib/python3.7/site-packages/airflow/example_dags/tutorial.py
[2023-03-04T16:21:42.766+0000] {processor.py:743} INFO - Processing file /home/airflow/.local/lib/python3.7/site-packages/airflow/example_dags/tutorial.py for tasks to queue
[2023-03-04T16:21:42.768+0000] {logging_mixin.py:137} INFO - [2023-03-04T16:21:42.768+0000] {dagbag.py:538} INFO - Filling up the DagBag from /home/airflow/.local/lib/python3.7/site-packages/airflow/example_dags/tutorial.py
[2023-03-04T16:21:42.783+0000] {processor.py:753} INFO - DAG(s) dict_keys(['tutorial']) retrieved from /home/airflow/.local/lib/python3.7/site-packages/airflow/example_dags/tutorial.py
[2023-03-04T16:21:42.807+0000] {logging_mixin.py:137} INFO - [2023-03-04T16:21:42.807+0000] {dag.py:2690} INFO - Sync 1 DAGs
[2023-03-04T16:21:42.848+0000] {logging_mixin.py:137} INFO - [2023-03-04T16:21:42.848+0000] {dag.py:3441} INFO - Setting next_dagrun for tutorial to 2023-03-03T16:21:42.847021+00:00, run_after=2023-03-04T16:21:42.847021+00:00
[2023-03-04T16:21:42.874+0000] {processor.py:175} INFO - Processing /home/airflow/.local/lib/python3.7/site-packages/airflow/example_dags/tutorial.py took 0.113 seconds
[2023-03-04T17:17:19.103+0000] {processor.py:153} INFO - Started process (PID=5987) to work on /home/airflow/.local/lib/python3.7/site-packages/airflow/example_dags/tutorial.py
[2023-03-04T17:17:19.105+0000] {processor.py:743} INFO - Processing file /home/airflow/.local/lib/python3.7/site-packages/airflow/example_dags/tutorial.py for tasks to queue
[2023-03-04T17:17:19.106+0000] {logging_mixin.py:137} INFO - [2023-03-04T17:17:19.106+0000] {dagbag.py:538} INFO - Filling up the DagBag from /home/airflow/.local/lib/python3.7/site-packages/airflow/example_dags/tutorial.py
[2023-03-04T17:17:19.124+0000] {processor.py:753} INFO - DAG(s) dict_keys(['tutorial']) retrieved from /home/airflow/.local/lib/python3.7/site-packages/airflow/example_dags/tutorial.py
[2023-03-04T17:17:19.158+0000] {logging_mixin.py:137} INFO - [2023-03-04T17:17:19.158+0000] {dag.py:2690} INFO - Sync 1 DAGs
[2023-03-04T17:17:19.181+0000] {logging_mixin.py:137} INFO - [2023-03-04T17:17:19.180+0000] {dag.py:3441} INFO - Setting next_dagrun for tutorial to 2023-03-03T17:17:19.180560+00:00, run_after=2023-03-04T17:17:19.180560+00:00
[2023-03-04T17:17:19.193+0000] {processor.py:175} INFO - Processing /home/airflow/.local/lib/python3.7/site-packages/airflow/example_dags/tutorial.py took 0.095 seconds
[2023-03-04T18:30:32.284+0000] {processor.py:153} INFO - Started process (PID=6050) to work on /home/airflow/.local/lib/python3.7/site-packages/airflow/example_dags/tutorial.py
[2023-03-04T18:30:32.285+0000] {processor.py:743} INFO - Processing file /home/airflow/.local/lib/python3.7/site-packages/airflow/example_dags/tutorial.py for tasks to queue
[2023-03-04T18:30:32.286+0000] {logging_mixin.py:137} INFO - [2023-03-04T18:30:32.286+0000] {dagbag.py:538} INFO - Filling up the DagBag from /home/airflow/.local/lib/python3.7/site-packages/airflow/example_dags/tutorial.py
[2023-03-04T18:30:32.298+0000] {processor.py:753} INFO - DAG(s) dict_keys(['tutorial']) retrieved from /home/airflow/.local/lib/python3.7/site-packages/airflow/example_dags/tutorial.py
[2023-03-04T18:30:32.337+0000] {logging_mixin.py:137} INFO - [2023-03-04T18:30:32.337+0000] {dag.py:2690} INFO - Sync 1 DAGs
[2023-03-04T18:30:32.381+0000] {logging_mixin.py:137} INFO - [2023-03-04T18:30:32.380+0000] {dag.py:3441} INFO - Setting next_dagrun for tutorial to 2023-03-03T18:30:32.380226+00:00, run_after=2023-03-04T18:30:32.380226+00:00
[2023-03-04T18:30:32.398+0000] {processor.py:175} INFO - Processing /home/airflow/.local/lib/python3.7/site-packages/airflow/example_dags/tutorial.py took 0.117 seconds
[2023-03-04T19:34:54.453+0000] {processor.py:153} INFO - Started process (PID=6126) to work on /home/airflow/.local/lib/python3.7/site-packages/airflow/example_dags/tutorial.py
[2023-03-04T19:34:54.457+0000] {processor.py:743} INFO - Processing file /home/airflow/.local/lib/python3.7/site-packages/airflow/example_dags/tutorial.py for tasks to queue
[2023-03-04T19:34:54.461+0000] {logging_mixin.py:137} INFO - [2023-03-04T19:34:54.461+0000] {dagbag.py:538} INFO - Filling up the DagBag from /home/airflow/.local/lib/python3.7/site-packages/airflow/example_dags/tutorial.py
[2023-03-04T19:34:54.512+0000] {processor.py:753} INFO - DAG(s) dict_keys(['tutorial']) retrieved from /home/airflow/.local/lib/python3.7/site-packages/airflow/example_dags/tutorial.py
[2023-03-04T19:34:54.634+0000] {logging_mixin.py:137} INFO - [2023-03-04T19:34:54.633+0000] {dag.py:2690} INFO - Sync 1 DAGs
[2023-03-04T19:34:54.665+0000] {logging_mixin.py:137} INFO - [2023-03-04T19:34:54.665+0000] {dag.py:3441} INFO - Setting next_dagrun for tutorial to 2023-03-03T19:34:54.664667+00:00, run_after=2023-03-04T19:34:54.664667+00:00
[2023-03-04T19:34:54.694+0000] {processor.py:175} INFO - Processing /home/airflow/.local/lib/python3.7/site-packages/airflow/example_dags/tutorial.py took 0.258 seconds
[2023-03-04T20:25:43.520+0000] {processor.py:153} INFO - Started process (PID=6190) to work on /home/airflow/.local/lib/python3.7/site-packages/airflow/example_dags/tutorial.py
[2023-03-04T20:25:43.525+0000] {processor.py:743} INFO - Processing file /home/airflow/.local/lib/python3.7/site-packages/airflow/example_dags/tutorial.py for tasks to queue
[2023-03-04T20:25:43.526+0000] {logging_mixin.py:137} INFO - [2023-03-04T20:25:43.526+0000] {dagbag.py:538} INFO - Filling up the DagBag from /home/airflow/.local/lib/python3.7/site-packages/airflow/example_dags/tutorial.py
[2023-03-04T20:25:43.542+0000] {processor.py:753} INFO - DAG(s) dict_keys(['tutorial']) retrieved from /home/airflow/.local/lib/python3.7/site-packages/airflow/example_dags/tutorial.py
[2023-03-04T20:25:43.572+0000] {logging_mixin.py:137} INFO - [2023-03-04T20:25:43.571+0000] {dag.py:2690} INFO - Sync 1 DAGs
[2023-03-04T20:25:43.602+0000] {logging_mixin.py:137} INFO - [2023-03-04T20:25:43.602+0000] {dag.py:3441} INFO - Setting next_dagrun for tutorial to 2023-03-03T20:25:43.602321+00:00, run_after=2023-03-04T20:25:43.602321+00:00
[2023-03-04T20:25:43.626+0000] {processor.py:175} INFO - Processing /home/airflow/.local/lib/python3.7/site-packages/airflow/example_dags/tutorial.py took 0.112 seconds
[2023-03-04T21:17:48.012+0000] {processor.py:153} INFO - Started process (PID=6253) to work on /home/airflow/.local/lib/python3.7/site-packages/airflow/example_dags/tutorial.py
[2023-03-04T21:17:48.014+0000] {processor.py:743} INFO - Processing file /home/airflow/.local/lib/python3.7/site-packages/airflow/example_dags/tutorial.py for tasks to queue
[2023-03-04T21:17:48.015+0000] {logging_mixin.py:137} INFO - [2023-03-04T21:17:48.015+0000] {dagbag.py:538} INFO - Filling up the DagBag from /home/airflow/.local/lib/python3.7/site-packages/airflow/example_dags/tutorial.py
[2023-03-04T21:17:48.034+0000] {processor.py:753} INFO - DAG(s) dict_keys(['tutorial']) retrieved from /home/airflow/.local/lib/python3.7/site-packages/airflow/example_dags/tutorial.py
[2023-03-04T21:17:48.063+0000] {logging_mixin.py:137} INFO - [2023-03-04T21:17:48.063+0000] {dag.py:2690} INFO - Sync 1 DAGs
[2023-03-04T21:17:48.083+0000] {logging_mixin.py:137} INFO - [2023-03-04T21:17:48.083+0000] {dag.py:3441} INFO - Setting next_dagrun for tutorial to 2023-03-03T21:17:48.082778+00:00, run_after=2023-03-04T21:17:48.082778+00:00
[2023-03-04T21:17:48.101+0000] {processor.py:175} INFO - Processing /home/airflow/.local/lib/python3.7/site-packages/airflow/example_dags/tutorial.py took 0.094 seconds
[2023-03-04T22:18:16.173+0000] {processor.py:153} INFO - Started process (PID=6317) to work on /home/airflow/.local/lib/python3.7/site-packages/airflow/example_dags/tutorial.py
[2023-03-04T22:18:16.175+0000] {processor.py:743} INFO - Processing file /home/airflow/.local/lib/python3.7/site-packages/airflow/example_dags/tutorial.py for tasks to queue
[2023-03-04T22:18:16.176+0000] {logging_mixin.py:137} INFO - [2023-03-04T22:18:16.176+0000] {dagbag.py:538} INFO - Filling up the DagBag from /home/airflow/.local/lib/python3.7/site-packages/airflow/example_dags/tutorial.py
[2023-03-04T22:18:16.187+0000] {processor.py:753} INFO - DAG(s) dict_keys(['tutorial']) retrieved from /home/airflow/.local/lib/python3.7/site-packages/airflow/example_dags/tutorial.py
[2023-03-04T22:18:16.234+0000] {logging_mixin.py:137} INFO - [2023-03-04T22:18:16.234+0000] {dag.py:2690} INFO - Sync 1 DAGs
[2023-03-04T22:18:16.256+0000] {logging_mixin.py:137} INFO - [2023-03-04T22:18:16.256+0000] {dag.py:3441} INFO - Setting next_dagrun for tutorial to 2023-03-03T22:18:16.255847+00:00, run_after=2023-03-04T22:18:16.255847+00:00
[2023-03-04T22:18:16.276+0000] {processor.py:175} INFO - Processing /home/airflow/.local/lib/python3.7/site-packages/airflow/example_dags/tutorial.py took 0.106 seconds
[2023-03-04T23:42:21.759+0000] {processor.py:153} INFO - Started process (PID=6380) to work on /home/airflow/.local/lib/python3.7/site-packages/airflow/example_dags/tutorial.py
[2023-03-04T23:42:21.760+0000] {processor.py:743} INFO - Processing file /home/airflow/.local/lib/python3.7/site-packages/airflow/example_dags/tutorial.py for tasks to queue
[2023-03-04T23:42:21.761+0000] {logging_mixin.py:137} INFO - [2023-03-04T23:42:21.761+0000] {dagbag.py:538} INFO - Filling up the DagBag from /home/airflow/.local/lib/python3.7/site-packages/airflow/example_dags/tutorial.py
[2023-03-04T23:42:21.775+0000] {processor.py:753} INFO - DAG(s) dict_keys(['tutorial']) retrieved from /home/airflow/.local/lib/python3.7/site-packages/airflow/example_dags/tutorial.py
[2023-03-04T23:42:21.795+0000] {logging_mixin.py:137} INFO - [2023-03-04T23:42:21.795+0000] {dag.py:2690} INFO - Sync 1 DAGs
[2023-03-04T23:42:21.810+0000] {logging_mixin.py:137} INFO - [2023-03-04T23:42:21.810+0000] {dag.py:3441} INFO - Setting next_dagrun for tutorial to 2023-03-03T23:42:21.810386+00:00, run_after=2023-03-04T23:42:21.810386+00:00
[2023-03-04T23:42:21.823+0000] {processor.py:175} INFO - Processing /home/airflow/.local/lib/python3.7/site-packages/airflow/example_dags/tutorial.py took 0.067 seconds
