[2023-03-04T00:47:35.841+0000] {processor.py:153} INFO - Started process (PID=4563) to work on /home/airflow/.local/lib/python3.7/site-packages/airflow/example_dags/tutorial_dag.py
[2023-03-04T00:47:35.876+0000] {processor.py:743} INFO - Processing file /home/airflow/.local/lib/python3.7/site-packages/airflow/example_dags/tutorial_dag.py for tasks to queue
[2023-03-04T00:47:35.886+0000] {logging_mixin.py:137} INFO - [2023-03-04T00:47:35.886+0000] {dagbag.py:538} INFO - Filling up the DagBag from /home/airflow/.local/lib/python3.7/site-packages/airflow/example_dags/tutorial_dag.py
[2023-03-04T00:47:36.425+0000] {processor.py:753} INFO - DAG(s) dict_keys(['tutorial_dag']) retrieved from /home/airflow/.local/lib/python3.7/site-packages/airflow/example_dags/tutorial_dag.py
[2023-03-04T00:47:36.838+0000] {logging_mixin.py:137} INFO - [2023-03-04T00:47:36.837+0000] {dag.py:2690} INFO - Sync 1 DAGs
[2023-03-04T00:47:37.491+0000] {logging_mixin.py:137} INFO - [2023-03-04T00:47:37.491+0000] {dag.py:3441} INFO - Setting next_dagrun for tutorial_dag to None, run_after=None
[2023-03-04T00:47:37.655+0000] {processor.py:175} INFO - Processing /home/airflow/.local/lib/python3.7/site-packages/airflow/example_dags/tutorial_dag.py took 1.990 seconds
[2023-03-04T06:10:44.890+0000] {processor.py:153} INFO - Started process (PID=4688) to work on /home/airflow/.local/lib/python3.7/site-packages/airflow/example_dags/tutorial_dag.py
[2023-03-04T06:10:44.901+0000] {processor.py:743} INFO - Processing file /home/airflow/.local/lib/python3.7/site-packages/airflow/example_dags/tutorial_dag.py for tasks to queue
[2023-03-04T06:10:44.911+0000] {logging_mixin.py:137} INFO - [2023-03-04T06:10:44.908+0000] {dagbag.py:538} INFO - Filling up the DagBag from /home/airflow/.local/lib/python3.7/site-packages/airflow/example_dags/tutorial_dag.py
[2023-03-04T06:10:45.333+0000] {processor.py:753} INFO - DAG(s) dict_keys(['tutorial_dag']) retrieved from /home/airflow/.local/lib/python3.7/site-packages/airflow/example_dags/tutorial_dag.py
[2023-03-04T06:10:46.702+0000] {logging_mixin.py:137} INFO - [2023-03-04T06:10:46.694+0000] {dag.py:2690} INFO - Sync 1 DAGs
[2023-03-04T06:10:47.033+0000] {logging_mixin.py:137} INFO - [2023-03-04T06:10:47.032+0000] {dag.py:3441} INFO - Setting next_dagrun for tutorial_dag to None, run_after=None
[2023-03-04T06:10:47.244+0000] {processor.py:175} INFO - Processing /home/airflow/.local/lib/python3.7/site-packages/airflow/example_dags/tutorial_dag.py took 2.423 seconds
[2023-03-04T07:05:53.060+0000] {processor.py:153} INFO - Started process (PID=4756) to work on /home/airflow/.local/lib/python3.7/site-packages/airflow/example_dags/tutorial_dag.py
[2023-03-04T07:05:53.063+0000] {processor.py:743} INFO - Processing file /home/airflow/.local/lib/python3.7/site-packages/airflow/example_dags/tutorial_dag.py for tasks to queue
[2023-03-04T07:05:53.066+0000] {logging_mixin.py:137} INFO - [2023-03-04T07:05:53.066+0000] {dagbag.py:538} INFO - Filling up the DagBag from /home/airflow/.local/lib/python3.7/site-packages/airflow/example_dags/tutorial_dag.py
[2023-03-04T07:05:53.096+0000] {processor.py:753} INFO - DAG(s) dict_keys(['tutorial_dag']) retrieved from /home/airflow/.local/lib/python3.7/site-packages/airflow/example_dags/tutorial_dag.py
[2023-03-04T07:05:53.149+0000] {logging_mixin.py:137} INFO - [2023-03-04T07:05:53.149+0000] {dag.py:2690} INFO - Sync 1 DAGs
[2023-03-04T07:05:53.193+0000] {logging_mixin.py:137} INFO - [2023-03-04T07:05:53.193+0000] {dag.py:3441} INFO - Setting next_dagrun for tutorial_dag to None, run_after=None
[2023-03-04T07:05:53.232+0000] {processor.py:175} INFO - Processing /home/airflow/.local/lib/python3.7/site-packages/airflow/example_dags/tutorial_dag.py took 0.178 seconds
[2023-03-04T07:37:53.451+0000] {processor.py:153} INFO - Started process (PID=4822) to work on /home/airflow/.local/lib/python3.7/site-packages/airflow/example_dags/tutorial_dag.py
[2023-03-04T07:37:53.453+0000] {processor.py:743} INFO - Processing file /home/airflow/.local/lib/python3.7/site-packages/airflow/example_dags/tutorial_dag.py for tasks to queue
[2023-03-04T07:37:53.455+0000] {logging_mixin.py:137} INFO - [2023-03-04T07:37:53.454+0000] {dagbag.py:538} INFO - Filling up the DagBag from /home/airflow/.local/lib/python3.7/site-packages/airflow/example_dags/tutorial_dag.py
[2023-03-04T07:37:53.469+0000] {processor.py:753} INFO - DAG(s) dict_keys(['tutorial_dag']) retrieved from /home/airflow/.local/lib/python3.7/site-packages/airflow/example_dags/tutorial_dag.py
[2023-03-04T07:37:53.492+0000] {logging_mixin.py:137} INFO - [2023-03-04T07:37:53.492+0000] {dag.py:2690} INFO - Sync 1 DAGs
[2023-03-04T07:37:53.508+0000] {logging_mixin.py:137} INFO - [2023-03-04T07:37:53.508+0000] {dag.py:3441} INFO - Setting next_dagrun for tutorial_dag to None, run_after=None
[2023-03-04T07:37:53.520+0000] {processor.py:175} INFO - Processing /home/airflow/.local/lib/python3.7/site-packages/airflow/example_dags/tutorial_dag.py took 0.074 seconds
[2023-03-04T07:43:51.891+0000] {processor.py:153} INFO - Started process (PID=4885) to work on /home/airflow/.local/lib/python3.7/site-packages/airflow/example_dags/tutorial_dag.py
[2023-03-04T07:43:51.894+0000] {processor.py:743} INFO - Processing file /home/airflow/.local/lib/python3.7/site-packages/airflow/example_dags/tutorial_dag.py for tasks to queue
[2023-03-04T07:43:51.897+0000] {logging_mixin.py:137} INFO - [2023-03-04T07:43:51.896+0000] {dagbag.py:538} INFO - Filling up the DagBag from /home/airflow/.local/lib/python3.7/site-packages/airflow/example_dags/tutorial_dag.py
[2023-03-04T07:43:51.911+0000] {processor.py:753} INFO - DAG(s) dict_keys(['tutorial_dag']) retrieved from /home/airflow/.local/lib/python3.7/site-packages/airflow/example_dags/tutorial_dag.py
[2023-03-04T07:43:51.951+0000] {logging_mixin.py:137} INFO - [2023-03-04T07:43:51.950+0000] {dag.py:2690} INFO - Sync 1 DAGs
[2023-03-04T07:43:51.972+0000] {logging_mixin.py:137} INFO - [2023-03-04T07:43:51.972+0000] {dag.py:3441} INFO - Setting next_dagrun for tutorial_dag to None, run_after=None
[2023-03-04T07:43:52.003+0000] {processor.py:175} INFO - Processing /home/airflow/.local/lib/python3.7/site-packages/airflow/example_dags/tutorial_dag.py took 0.117 seconds
[2023-03-04T09:08:11.894+0000] {processor.py:153} INFO - Started process (PID=4960) to work on /home/airflow/.local/lib/python3.7/site-packages/airflow/example_dags/tutorial_dag.py
[2023-03-04T09:08:11.899+0000] {processor.py:743} INFO - Processing file /home/airflow/.local/lib/python3.7/site-packages/airflow/example_dags/tutorial_dag.py for tasks to queue
[2023-03-04T09:08:11.904+0000] {logging_mixin.py:137} INFO - [2023-03-04T09:08:11.904+0000] {dagbag.py:538} INFO - Filling up the DagBag from /home/airflow/.local/lib/python3.7/site-packages/airflow/example_dags/tutorial_dag.py
[2023-03-04T09:08:11.939+0000] {processor.py:753} INFO - DAG(s) dict_keys(['tutorial_dag']) retrieved from /home/airflow/.local/lib/python3.7/site-packages/airflow/example_dags/tutorial_dag.py
[2023-03-04T09:08:12.002+0000] {logging_mixin.py:137} INFO - [2023-03-04T09:08:12.002+0000] {dag.py:2690} INFO - Sync 1 DAGs
[2023-03-04T09:08:12.038+0000] {logging_mixin.py:137} INFO - [2023-03-04T09:08:12.038+0000] {dag.py:3441} INFO - Setting next_dagrun for tutorial_dag to None, run_after=None
[2023-03-04T09:08:12.064+0000] {processor.py:175} INFO - Processing /home/airflow/.local/lib/python3.7/site-packages/airflow/example_dags/tutorial_dag.py took 0.180 seconds
[2023-03-04T10:01:48.539+0000] {processor.py:153} INFO - Started process (PID=5023) to work on /home/airflow/.local/lib/python3.7/site-packages/airflow/example_dags/tutorial_dag.py
[2023-03-04T10:01:48.542+0000] {processor.py:743} INFO - Processing file /home/airflow/.local/lib/python3.7/site-packages/airflow/example_dags/tutorial_dag.py for tasks to queue
[2023-03-04T10:01:48.544+0000] {logging_mixin.py:137} INFO - [2023-03-04T10:01:48.544+0000] {dagbag.py:538} INFO - Filling up the DagBag from /home/airflow/.local/lib/python3.7/site-packages/airflow/example_dags/tutorial_dag.py
[2023-03-04T10:01:48.559+0000] {processor.py:753} INFO - DAG(s) dict_keys(['tutorial_dag']) retrieved from /home/airflow/.local/lib/python3.7/site-packages/airflow/example_dags/tutorial_dag.py
[2023-03-04T10:01:48.599+0000] {logging_mixin.py:137} INFO - [2023-03-04T10:01:48.599+0000] {dag.py:2690} INFO - Sync 1 DAGs
[2023-03-04T10:01:48.618+0000] {logging_mixin.py:137} INFO - [2023-03-04T10:01:48.618+0000] {dag.py:3441} INFO - Setting next_dagrun for tutorial_dag to None, run_after=None
[2023-03-04T10:01:48.643+0000] {processor.py:175} INFO - Processing /home/airflow/.local/lib/python3.7/site-packages/airflow/example_dags/tutorial_dag.py took 0.107 seconds
[2023-03-04T10:51:21.167+0000] {processor.py:153} INFO - Started process (PID=5074) to work on /home/airflow/.local/lib/python3.7/site-packages/airflow/example_dags/tutorial_dag.py
[2023-03-04T10:51:21.169+0000] {processor.py:743} INFO - Processing file /home/airflow/.local/lib/python3.7/site-packages/airflow/example_dags/tutorial_dag.py for tasks to queue
[2023-03-04T10:51:21.170+0000] {logging_mixin.py:137} INFO - [2023-03-04T10:51:21.170+0000] {dagbag.py:538} INFO - Filling up the DagBag from /home/airflow/.local/lib/python3.7/site-packages/airflow/example_dags/tutorial_dag.py
[2023-03-04T10:51:21.184+0000] {processor.py:753} INFO - DAG(s) dict_keys(['tutorial_dag']) retrieved from /home/airflow/.local/lib/python3.7/site-packages/airflow/example_dags/tutorial_dag.py
[2023-03-04T10:51:21.230+0000] {logging_mixin.py:137} INFO - [2023-03-04T10:51:21.230+0000] {dag.py:2690} INFO - Sync 1 DAGs
[2023-03-04T10:51:21.281+0000] {logging_mixin.py:137} INFO - [2023-03-04T10:51:21.281+0000] {dag.py:3441} INFO - Setting next_dagrun for tutorial_dag to None, run_after=None
[2023-03-04T10:51:21.314+0000] {processor.py:175} INFO - Processing /home/airflow/.local/lib/python3.7/site-packages/airflow/example_dags/tutorial_dag.py took 0.150 seconds
[2023-03-04T11:12:01.237+0000] {processor.py:153} INFO - Started process (PID=5148) to work on /home/airflow/.local/lib/python3.7/site-packages/airflow/example_dags/tutorial_dag.py
[2023-03-04T11:12:01.238+0000] {processor.py:743} INFO - Processing file /home/airflow/.local/lib/python3.7/site-packages/airflow/example_dags/tutorial_dag.py for tasks to queue
[2023-03-04T11:12:01.239+0000] {logging_mixin.py:137} INFO - [2023-03-04T11:12:01.239+0000] {dagbag.py:538} INFO - Filling up the DagBag from /home/airflow/.local/lib/python3.7/site-packages/airflow/example_dags/tutorial_dag.py
[2023-03-04T11:12:01.259+0000] {processor.py:753} INFO - DAG(s) dict_keys(['tutorial_dag']) retrieved from /home/airflow/.local/lib/python3.7/site-packages/airflow/example_dags/tutorial_dag.py
[2023-03-04T11:12:01.324+0000] {logging_mixin.py:137} INFO - [2023-03-04T11:12:01.323+0000] {dag.py:2690} INFO - Sync 1 DAGs
[2023-03-04T11:12:01.357+0000] {logging_mixin.py:137} INFO - [2023-03-04T11:12:01.357+0000] {dag.py:3441} INFO - Setting next_dagrun for tutorial_dag to None, run_after=None
[2023-03-04T11:12:01.385+0000] {processor.py:175} INFO - Processing /home/airflow/.local/lib/python3.7/site-packages/airflow/example_dags/tutorial_dag.py took 0.152 seconds
[2023-03-04T11:21:27.746+0000] {processor.py:153} INFO - Started process (PID=5211) to work on /home/airflow/.local/lib/python3.7/site-packages/airflow/example_dags/tutorial_dag.py
[2023-03-04T11:21:27.747+0000] {processor.py:743} INFO - Processing file /home/airflow/.local/lib/python3.7/site-packages/airflow/example_dags/tutorial_dag.py for tasks to queue
[2023-03-04T11:21:27.748+0000] {logging_mixin.py:137} INFO - [2023-03-04T11:21:27.748+0000] {dagbag.py:538} INFO - Filling up the DagBag from /home/airflow/.local/lib/python3.7/site-packages/airflow/example_dags/tutorial_dag.py
[2023-03-04T11:21:27.762+0000] {processor.py:753} INFO - DAG(s) dict_keys(['tutorial_dag']) retrieved from /home/airflow/.local/lib/python3.7/site-packages/airflow/example_dags/tutorial_dag.py
[2023-03-04T11:21:27.800+0000] {logging_mixin.py:137} INFO - [2023-03-04T11:21:27.799+0000] {dag.py:2690} INFO - Sync 1 DAGs
[2023-03-04T11:21:27.830+0000] {logging_mixin.py:137} INFO - [2023-03-04T11:21:27.830+0000] {dag.py:3441} INFO - Setting next_dagrun for tutorial_dag to None, run_after=None
[2023-03-04T11:21:27.846+0000] {processor.py:175} INFO - Processing /home/airflow/.local/lib/python3.7/site-packages/airflow/example_dags/tutorial_dag.py took 0.103 seconds
[2023-03-04T11:56:43.321+0000] {processor.py:153} INFO - Started process (PID=5275) to work on /home/airflow/.local/lib/python3.7/site-packages/airflow/example_dags/tutorial_dag.py
[2023-03-04T11:56:43.324+0000] {processor.py:743} INFO - Processing file /home/airflow/.local/lib/python3.7/site-packages/airflow/example_dags/tutorial_dag.py for tasks to queue
[2023-03-04T11:56:43.325+0000] {logging_mixin.py:137} INFO - [2023-03-04T11:56:43.325+0000] {dagbag.py:538} INFO - Filling up the DagBag from /home/airflow/.local/lib/python3.7/site-packages/airflow/example_dags/tutorial_dag.py
[2023-03-04T11:56:43.337+0000] {processor.py:753} INFO - DAG(s) dict_keys(['tutorial_dag']) retrieved from /home/airflow/.local/lib/python3.7/site-packages/airflow/example_dags/tutorial_dag.py
[2023-03-04T11:56:43.364+0000] {logging_mixin.py:137} INFO - [2023-03-04T11:56:43.364+0000] {dag.py:2690} INFO - Sync 1 DAGs
[2023-03-04T11:56:43.382+0000] {logging_mixin.py:137} INFO - [2023-03-04T11:56:43.382+0000] {dag.py:3441} INFO - Setting next_dagrun for tutorial_dag to None, run_after=None
[2023-03-04T11:56:43.394+0000] {processor.py:175} INFO - Processing /home/airflow/.local/lib/python3.7/site-packages/airflow/example_dags/tutorial_dag.py took 0.076 seconds
[2023-03-04T12:36:22.081+0000] {processor.py:153} INFO - Started process (PID=5350) to work on /home/airflow/.local/lib/python3.7/site-packages/airflow/example_dags/tutorial_dag.py
[2023-03-04T12:36:22.089+0000] {processor.py:743} INFO - Processing file /home/airflow/.local/lib/python3.7/site-packages/airflow/example_dags/tutorial_dag.py for tasks to queue
[2023-03-04T12:36:22.091+0000] {logging_mixin.py:137} INFO - [2023-03-04T12:36:22.091+0000] {dagbag.py:538} INFO - Filling up the DagBag from /home/airflow/.local/lib/python3.7/site-packages/airflow/example_dags/tutorial_dag.py
[2023-03-04T12:36:22.122+0000] {processor.py:753} INFO - DAG(s) dict_keys(['tutorial_dag']) retrieved from /home/airflow/.local/lib/python3.7/site-packages/airflow/example_dags/tutorial_dag.py
[2023-03-04T12:36:22.187+0000] {logging_mixin.py:137} INFO - [2023-03-04T12:36:22.187+0000] {dag.py:2690} INFO - Sync 1 DAGs
[2023-03-04T12:36:22.270+0000] {logging_mixin.py:137} INFO - [2023-03-04T12:36:22.270+0000] {dag.py:3441} INFO - Setting next_dagrun for tutorial_dag to None, run_after=None
[2023-03-04T12:36:22.320+0000] {processor.py:175} INFO - Processing /home/airflow/.local/lib/python3.7/site-packages/airflow/example_dags/tutorial_dag.py took 0.251 seconds
[2023-03-04T12:50:14.348+0000] {processor.py:153} INFO - Started process (PID=5401) to work on /home/airflow/.local/lib/python3.7/site-packages/airflow/example_dags/tutorial_dag.py
[2023-03-04T12:50:14.350+0000] {processor.py:743} INFO - Processing file /home/airflow/.local/lib/python3.7/site-packages/airflow/example_dags/tutorial_dag.py for tasks to queue
[2023-03-04T12:50:14.352+0000] {logging_mixin.py:137} INFO - [2023-03-04T12:50:14.351+0000] {dagbag.py:538} INFO - Filling up the DagBag from /home/airflow/.local/lib/python3.7/site-packages/airflow/example_dags/tutorial_dag.py
[2023-03-04T12:50:14.365+0000] {processor.py:753} INFO - DAG(s) dict_keys(['tutorial_dag']) retrieved from /home/airflow/.local/lib/python3.7/site-packages/airflow/example_dags/tutorial_dag.py
[2023-03-04T12:50:14.402+0000] {logging_mixin.py:137} INFO - [2023-03-04T12:50:14.402+0000] {dag.py:2690} INFO - Sync 1 DAGs
[2023-03-04T12:50:14.450+0000] {logging_mixin.py:137} INFO - [2023-03-04T12:50:14.450+0000] {dag.py:3441} INFO - Setting next_dagrun for tutorial_dag to None, run_after=None
[2023-03-04T12:50:14.486+0000] {processor.py:175} INFO - Processing /home/airflow/.local/lib/python3.7/site-packages/airflow/example_dags/tutorial_dag.py took 0.140 seconds
[2023-03-04T13:10:04.054+0000] {processor.py:153} INFO - Started process (PID=5476) to work on /home/airflow/.local/lib/python3.7/site-packages/airflow/example_dags/tutorial_dag.py
[2023-03-04T13:10:04.057+0000] {processor.py:743} INFO - Processing file /home/airflow/.local/lib/python3.7/site-packages/airflow/example_dags/tutorial_dag.py for tasks to queue
[2023-03-04T13:10:04.058+0000] {logging_mixin.py:137} INFO - [2023-03-04T13:10:04.058+0000] {dagbag.py:538} INFO - Filling up the DagBag from /home/airflow/.local/lib/python3.7/site-packages/airflow/example_dags/tutorial_dag.py
[2023-03-04T13:10:04.082+0000] {processor.py:753} INFO - DAG(s) dict_keys(['tutorial_dag']) retrieved from /home/airflow/.local/lib/python3.7/site-packages/airflow/example_dags/tutorial_dag.py
[2023-03-04T13:10:04.208+0000] {logging_mixin.py:137} INFO - [2023-03-04T13:10:04.207+0000] {dag.py:2690} INFO - Sync 1 DAGs
[2023-03-04T13:10:04.248+0000] {logging_mixin.py:137} INFO - [2023-03-04T13:10:04.248+0000] {dag.py:3441} INFO - Setting next_dagrun for tutorial_dag to None, run_after=None
[2023-03-04T13:10:04.280+0000] {processor.py:175} INFO - Processing /home/airflow/.local/lib/python3.7/site-packages/airflow/example_dags/tutorial_dag.py took 0.231 seconds
[2023-03-04T13:26:38.087+0000] {processor.py:153} INFO - Started process (PID=5540) to work on /home/airflow/.local/lib/python3.7/site-packages/airflow/example_dags/tutorial_dag.py
[2023-03-04T13:26:38.089+0000] {processor.py:743} INFO - Processing file /home/airflow/.local/lib/python3.7/site-packages/airflow/example_dags/tutorial_dag.py for tasks to queue
[2023-03-04T13:26:38.090+0000] {logging_mixin.py:137} INFO - [2023-03-04T13:26:38.090+0000] {dagbag.py:538} INFO - Filling up the DagBag from /home/airflow/.local/lib/python3.7/site-packages/airflow/example_dags/tutorial_dag.py
[2023-03-04T13:26:38.101+0000] {processor.py:753} INFO - DAG(s) dict_keys(['tutorial_dag']) retrieved from /home/airflow/.local/lib/python3.7/site-packages/airflow/example_dags/tutorial_dag.py
[2023-03-04T13:26:38.130+0000] {logging_mixin.py:137} INFO - [2023-03-04T13:26:38.130+0000] {dag.py:2690} INFO - Sync 1 DAGs
[2023-03-04T13:26:38.158+0000] {logging_mixin.py:137} INFO - [2023-03-04T13:26:38.158+0000] {dag.py:3441} INFO - Setting next_dagrun for tutorial_dag to None, run_after=None
[2023-03-04T13:26:38.173+0000] {processor.py:175} INFO - Processing /home/airflow/.local/lib/python3.7/site-packages/airflow/example_dags/tutorial_dag.py took 0.089 seconds
[2023-03-04T13:40:40.188+0000] {processor.py:153} INFO - Started process (PID=5602) to work on /home/airflow/.local/lib/python3.7/site-packages/airflow/example_dags/tutorial_dag.py
[2023-03-04T13:40:40.190+0000] {processor.py:743} INFO - Processing file /home/airflow/.local/lib/python3.7/site-packages/airflow/example_dags/tutorial_dag.py for tasks to queue
[2023-03-04T13:40:40.191+0000] {logging_mixin.py:137} INFO - [2023-03-04T13:40:40.191+0000] {dagbag.py:538} INFO - Filling up the DagBag from /home/airflow/.local/lib/python3.7/site-packages/airflow/example_dags/tutorial_dag.py
[2023-03-04T13:40:40.212+0000] {processor.py:753} INFO - DAG(s) dict_keys(['tutorial_dag']) retrieved from /home/airflow/.local/lib/python3.7/site-packages/airflow/example_dags/tutorial_dag.py
[2023-03-04T13:40:40.243+0000] {logging_mixin.py:137} INFO - [2023-03-04T13:40:40.243+0000] {dag.py:2690} INFO - Sync 1 DAGs
[2023-03-04T13:40:40.274+0000] {logging_mixin.py:137} INFO - [2023-03-04T13:40:40.274+0000] {dag.py:3441} INFO - Setting next_dagrun for tutorial_dag to None, run_after=None
[2023-03-04T13:40:40.294+0000] {processor.py:175} INFO - Processing /home/airflow/.local/lib/python3.7/site-packages/airflow/example_dags/tutorial_dag.py took 0.110 seconds
[2023-03-04T14:00:04.309+0000] {processor.py:153} INFO - Started process (PID=5665) to work on /home/airflow/.local/lib/python3.7/site-packages/airflow/example_dags/tutorial_dag.py
[2023-03-04T14:00:04.311+0000] {processor.py:743} INFO - Processing file /home/airflow/.local/lib/python3.7/site-packages/airflow/example_dags/tutorial_dag.py for tasks to queue
[2023-03-04T14:00:04.312+0000] {logging_mixin.py:137} INFO - [2023-03-04T14:00:04.312+0000] {dagbag.py:538} INFO - Filling up the DagBag from /home/airflow/.local/lib/python3.7/site-packages/airflow/example_dags/tutorial_dag.py
[2023-03-04T14:00:04.324+0000] {processor.py:753} INFO - DAG(s) dict_keys(['tutorial_dag']) retrieved from /home/airflow/.local/lib/python3.7/site-packages/airflow/example_dags/tutorial_dag.py
[2023-03-04T14:00:04.345+0000] {logging_mixin.py:137} INFO - [2023-03-04T14:00:04.345+0000] {dag.py:2690} INFO - Sync 1 DAGs
[2023-03-04T14:00:04.361+0000] {logging_mixin.py:137} INFO - [2023-03-04T14:00:04.361+0000] {dag.py:3441} INFO - Setting next_dagrun for tutorial_dag to None, run_after=None
[2023-03-04T14:00:04.373+0000] {processor.py:175} INFO - Processing /home/airflow/.local/lib/python3.7/site-packages/airflow/example_dags/tutorial_dag.py took 0.068 seconds
[2023-03-04T14:50:39.426+0000] {processor.py:153} INFO - Started process (PID=5728) to work on /home/airflow/.local/lib/python3.7/site-packages/airflow/example_dags/tutorial_dag.py
[2023-03-04T14:50:39.428+0000] {processor.py:743} INFO - Processing file /home/airflow/.local/lib/python3.7/site-packages/airflow/example_dags/tutorial_dag.py for tasks to queue
[2023-03-04T14:50:39.429+0000] {logging_mixin.py:137} INFO - [2023-03-04T14:50:39.429+0000] {dagbag.py:538} INFO - Filling up the DagBag from /home/airflow/.local/lib/python3.7/site-packages/airflow/example_dags/tutorial_dag.py
[2023-03-04T14:50:39.447+0000] {processor.py:753} INFO - DAG(s) dict_keys(['tutorial_dag']) retrieved from /home/airflow/.local/lib/python3.7/site-packages/airflow/example_dags/tutorial_dag.py
[2023-03-04T14:50:39.467+0000] {logging_mixin.py:137} INFO - [2023-03-04T14:50:39.467+0000] {dag.py:2690} INFO - Sync 1 DAGs
[2023-03-04T14:50:39.483+0000] {logging_mixin.py:137} INFO - [2023-03-04T14:50:39.482+0000] {dag.py:3441} INFO - Setting next_dagrun for tutorial_dag to None, run_after=None
[2023-03-04T14:50:39.500+0000] {processor.py:175} INFO - Processing /home/airflow/.local/lib/python3.7/site-packages/airflow/example_dags/tutorial_dag.py took 0.077 seconds
[2023-03-04T15:19:42.229+0000] {processor.py:153} INFO - Started process (PID=5803) to work on /home/airflow/.local/lib/python3.7/site-packages/airflow/example_dags/tutorial_dag.py
[2023-03-04T15:19:42.231+0000] {processor.py:743} INFO - Processing file /home/airflow/.local/lib/python3.7/site-packages/airflow/example_dags/tutorial_dag.py for tasks to queue
[2023-03-04T15:19:42.233+0000] {logging_mixin.py:137} INFO - [2023-03-04T15:19:42.232+0000] {dagbag.py:538} INFO - Filling up the DagBag from /home/airflow/.local/lib/python3.7/site-packages/airflow/example_dags/tutorial_dag.py
[2023-03-04T15:19:42.252+0000] {processor.py:753} INFO - DAG(s) dict_keys(['tutorial_dag']) retrieved from /home/airflow/.local/lib/python3.7/site-packages/airflow/example_dags/tutorial_dag.py
[2023-03-04T15:19:42.353+0000] {logging_mixin.py:137} INFO - [2023-03-04T15:19:42.353+0000] {dag.py:2690} INFO - Sync 1 DAGs
[2023-03-04T15:19:42.411+0000] {logging_mixin.py:137} INFO - [2023-03-04T15:19:42.411+0000] {dag.py:3441} INFO - Setting next_dagrun for tutorial_dag to None, run_after=None
[2023-03-04T15:19:42.447+0000] {processor.py:175} INFO - Processing /home/airflow/.local/lib/python3.7/site-packages/airflow/example_dags/tutorial_dag.py took 0.223 seconds
[2023-03-04T15:26:58.591+0000] {processor.py:153} INFO - Started process (PID=5865) to work on /home/airflow/.local/lib/python3.7/site-packages/airflow/example_dags/tutorial_dag.py
[2023-03-04T15:26:58.593+0000] {processor.py:743} INFO - Processing file /home/airflow/.local/lib/python3.7/site-packages/airflow/example_dags/tutorial_dag.py for tasks to queue
[2023-03-04T15:26:58.595+0000] {logging_mixin.py:137} INFO - [2023-03-04T15:26:58.595+0000] {dagbag.py:538} INFO - Filling up the DagBag from /home/airflow/.local/lib/python3.7/site-packages/airflow/example_dags/tutorial_dag.py
[2023-03-04T15:26:58.610+0000] {processor.py:753} INFO - DAG(s) dict_keys(['tutorial_dag']) retrieved from /home/airflow/.local/lib/python3.7/site-packages/airflow/example_dags/tutorial_dag.py
[2023-03-04T15:26:58.766+0000] {logging_mixin.py:137} INFO - [2023-03-04T15:26:58.765+0000] {dag.py:2690} INFO - Sync 1 DAGs
[2023-03-04T15:26:58.867+0000] {logging_mixin.py:137} INFO - [2023-03-04T15:26:58.866+0000] {dag.py:3441} INFO - Setting next_dagrun for tutorial_dag to None, run_after=None
[2023-03-04T15:26:58.944+0000] {processor.py:175} INFO - Processing /home/airflow/.local/lib/python3.7/site-packages/airflow/example_dags/tutorial_dag.py took 0.357 seconds
[2023-03-04T16:21:40.026+0000] {processor.py:153} INFO - Started process (PID=5916) to work on /home/airflow/.local/lib/python3.7/site-packages/airflow/example_dags/tutorial_dag.py
[2023-03-04T16:21:40.032+0000] {processor.py:743} INFO - Processing file /home/airflow/.local/lib/python3.7/site-packages/airflow/example_dags/tutorial_dag.py for tasks to queue
[2023-03-04T16:21:40.037+0000] {logging_mixin.py:137} INFO - [2023-03-04T16:21:40.037+0000] {dagbag.py:538} INFO - Filling up the DagBag from /home/airflow/.local/lib/python3.7/site-packages/airflow/example_dags/tutorial_dag.py
[2023-03-04T16:21:40.089+0000] {processor.py:753} INFO - DAG(s) dict_keys(['tutorial_dag']) retrieved from /home/airflow/.local/lib/python3.7/site-packages/airflow/example_dags/tutorial_dag.py
[2023-03-04T16:21:40.150+0000] {logging_mixin.py:137} INFO - [2023-03-04T16:21:40.150+0000] {dag.py:2690} INFO - Sync 1 DAGs
[2023-03-04T16:21:40.189+0000] {logging_mixin.py:137} INFO - [2023-03-04T16:21:40.189+0000] {dag.py:3441} INFO - Setting next_dagrun for tutorial_dag to None, run_after=None
[2023-03-04T16:21:40.235+0000] {processor.py:175} INFO - Processing /home/airflow/.local/lib/python3.7/site-packages/airflow/example_dags/tutorial_dag.py took 0.227 seconds
[2023-03-04T17:17:16.647+0000] {processor.py:153} INFO - Started process (PID=5974) to work on /home/airflow/.local/lib/python3.7/site-packages/airflow/example_dags/tutorial_dag.py
[2023-03-04T17:17:16.676+0000] {processor.py:743} INFO - Processing file /home/airflow/.local/lib/python3.7/site-packages/airflow/example_dags/tutorial_dag.py for tasks to queue
[2023-03-04T17:17:16.681+0000] {logging_mixin.py:137} INFO - [2023-03-04T17:17:16.680+0000] {dagbag.py:538} INFO - Filling up the DagBag from /home/airflow/.local/lib/python3.7/site-packages/airflow/example_dags/tutorial_dag.py
[2023-03-04T17:17:16.726+0000] {processor.py:753} INFO - DAG(s) dict_keys(['tutorial_dag']) retrieved from /home/airflow/.local/lib/python3.7/site-packages/airflow/example_dags/tutorial_dag.py
[2023-03-04T17:17:16.787+0000] {logging_mixin.py:137} INFO - [2023-03-04T17:17:16.787+0000] {dag.py:2690} INFO - Sync 1 DAGs
[2023-03-04T17:17:16.853+0000] {logging_mixin.py:137} INFO - [2023-03-04T17:17:16.853+0000] {dag.py:3441} INFO - Setting next_dagrun for tutorial_dag to None, run_after=None
[2023-03-04T17:17:16.896+0000] {processor.py:175} INFO - Processing /home/airflow/.local/lib/python3.7/site-packages/airflow/example_dags/tutorial_dag.py took 0.310 seconds
[2023-03-04T18:30:31.531+0000] {processor.py:153} INFO - Started process (PID=6037) to work on /home/airflow/.local/lib/python3.7/site-packages/airflow/example_dags/tutorial_dag.py
[2023-03-04T18:30:31.532+0000] {processor.py:743} INFO - Processing file /home/airflow/.local/lib/python3.7/site-packages/airflow/example_dags/tutorial_dag.py for tasks to queue
[2023-03-04T18:30:31.533+0000] {logging_mixin.py:137} INFO - [2023-03-04T18:30:31.533+0000] {dagbag.py:538} INFO - Filling up the DagBag from /home/airflow/.local/lib/python3.7/site-packages/airflow/example_dags/tutorial_dag.py
[2023-03-04T18:30:31.546+0000] {processor.py:753} INFO - DAG(s) dict_keys(['tutorial_dag']) retrieved from /home/airflow/.local/lib/python3.7/site-packages/airflow/example_dags/tutorial_dag.py
[2023-03-04T18:30:31.571+0000] {logging_mixin.py:137} INFO - [2023-03-04T18:30:31.571+0000] {dag.py:2690} INFO - Sync 1 DAGs
[2023-03-04T18:30:31.588+0000] {logging_mixin.py:137} INFO - [2023-03-04T18:30:31.587+0000] {dag.py:3441} INFO - Setting next_dagrun for tutorial_dag to None, run_after=None
[2023-03-04T18:30:31.603+0000] {processor.py:175} INFO - Processing /home/airflow/.local/lib/python3.7/site-packages/airflow/example_dags/tutorial_dag.py took 0.075 seconds
[2023-03-04T19:34:49.639+0000] {processor.py:153} INFO - Started process (PID=6113) to work on /home/airflow/.local/lib/python3.7/site-packages/airflow/example_dags/tutorial_dag.py
[2023-03-04T19:34:49.644+0000] {processor.py:743} INFO - Processing file /home/airflow/.local/lib/python3.7/site-packages/airflow/example_dags/tutorial_dag.py for tasks to queue
[2023-03-04T19:34:49.646+0000] {logging_mixin.py:137} INFO - [2023-03-04T19:34:49.646+0000] {dagbag.py:538} INFO - Filling up the DagBag from /home/airflow/.local/lib/python3.7/site-packages/airflow/example_dags/tutorial_dag.py
[2023-03-04T19:34:49.699+0000] {processor.py:753} INFO - DAG(s) dict_keys(['tutorial_dag']) retrieved from /home/airflow/.local/lib/python3.7/site-packages/airflow/example_dags/tutorial_dag.py
[2023-03-04T19:34:49.899+0000] {logging_mixin.py:137} INFO - [2023-03-04T19:34:49.897+0000] {dag.py:2690} INFO - Sync 1 DAGs
[2023-03-04T19:34:49.975+0000] {logging_mixin.py:137} INFO - [2023-03-04T19:34:49.975+0000] {dag.py:3441} INFO - Setting next_dagrun for tutorial_dag to None, run_after=None
[2023-03-04T19:34:50.043+0000] {processor.py:175} INFO - Processing /home/airflow/.local/lib/python3.7/site-packages/airflow/example_dags/tutorial_dag.py took 0.409 seconds
[2023-03-04T20:25:41.073+0000] {processor.py:153} INFO - Started process (PID=6174) to work on /home/airflow/.local/lib/python3.7/site-packages/airflow/example_dags/tutorial_dag.py
[2023-03-04T20:25:41.076+0000] {processor.py:743} INFO - Processing file /home/airflow/.local/lib/python3.7/site-packages/airflow/example_dags/tutorial_dag.py for tasks to queue
[2023-03-04T20:25:41.077+0000] {logging_mixin.py:137} INFO - [2023-03-04T20:25:41.077+0000] {dagbag.py:538} INFO - Filling up the DagBag from /home/airflow/.local/lib/python3.7/site-packages/airflow/example_dags/tutorial_dag.py
[2023-03-04T20:25:41.097+0000] {processor.py:753} INFO - DAG(s) dict_keys(['tutorial_dag']) retrieved from /home/airflow/.local/lib/python3.7/site-packages/airflow/example_dags/tutorial_dag.py
[2023-03-04T20:25:41.171+0000] {logging_mixin.py:137} INFO - [2023-03-04T20:25:41.171+0000] {dag.py:2690} INFO - Sync 1 DAGs
[2023-03-04T20:25:41.233+0000] {logging_mixin.py:137} INFO - [2023-03-04T20:25:41.232+0000] {dag.py:3441} INFO - Setting next_dagrun for tutorial_dag to None, run_after=None
[2023-03-04T20:25:41.308+0000] {processor.py:175} INFO - Processing /home/airflow/.local/lib/python3.7/site-packages/airflow/example_dags/tutorial_dag.py took 0.239 seconds
[2023-03-04T21:17:47.053+0000] {processor.py:153} INFO - Started process (PID=6240) to work on /home/airflow/.local/lib/python3.7/site-packages/airflow/example_dags/tutorial_dag.py
[2023-03-04T21:17:47.064+0000] {processor.py:743} INFO - Processing file /home/airflow/.local/lib/python3.7/site-packages/airflow/example_dags/tutorial_dag.py for tasks to queue
[2023-03-04T21:17:47.067+0000] {logging_mixin.py:137} INFO - [2023-03-04T21:17:47.067+0000] {dagbag.py:538} INFO - Filling up the DagBag from /home/airflow/.local/lib/python3.7/site-packages/airflow/example_dags/tutorial_dag.py
[2023-03-04T21:17:47.092+0000] {processor.py:753} INFO - DAG(s) dict_keys(['tutorial_dag']) retrieved from /home/airflow/.local/lib/python3.7/site-packages/airflow/example_dags/tutorial_dag.py
[2023-03-04T21:17:47.155+0000] {logging_mixin.py:137} INFO - [2023-03-04T21:17:47.155+0000] {dag.py:2690} INFO - Sync 1 DAGs
[2023-03-04T21:17:47.191+0000] {logging_mixin.py:137} INFO - [2023-03-04T21:17:47.191+0000] {dag.py:3441} INFO - Setting next_dagrun for tutorial_dag to None, run_after=None
[2023-03-04T21:17:47.212+0000] {processor.py:175} INFO - Processing /home/airflow/.local/lib/python3.7/site-packages/airflow/example_dags/tutorial_dag.py took 0.166 seconds
[2023-03-04T22:18:12.816+0000] {processor.py:153} INFO - Started process (PID=6304) to work on /home/airflow/.local/lib/python3.7/site-packages/airflow/example_dags/tutorial_dag.py
[2023-03-04T22:18:12.817+0000] {processor.py:743} INFO - Processing file /home/airflow/.local/lib/python3.7/site-packages/airflow/example_dags/tutorial_dag.py for tasks to queue
[2023-03-04T22:18:12.819+0000] {logging_mixin.py:137} INFO - [2023-03-04T22:18:12.819+0000] {dagbag.py:538} INFO - Filling up the DagBag from /home/airflow/.local/lib/python3.7/site-packages/airflow/example_dags/tutorial_dag.py
[2023-03-04T22:18:12.836+0000] {processor.py:753} INFO - DAG(s) dict_keys(['tutorial_dag']) retrieved from /home/airflow/.local/lib/python3.7/site-packages/airflow/example_dags/tutorial_dag.py
[2023-03-04T22:18:12.880+0000] {logging_mixin.py:137} INFO - [2023-03-04T22:18:12.880+0000] {dag.py:2690} INFO - Sync 1 DAGs
[2023-03-04T22:18:12.958+0000] {logging_mixin.py:137} INFO - [2023-03-04T22:18:12.957+0000] {dag.py:3441} INFO - Setting next_dagrun for tutorial_dag to None, run_after=None
[2023-03-04T22:18:12.993+0000] {processor.py:175} INFO - Processing /home/airflow/.local/lib/python3.7/site-packages/airflow/example_dags/tutorial_dag.py took 0.181 seconds
[2023-03-04T23:42:20.769+0000] {processor.py:153} INFO - Started process (PID=6367) to work on /home/airflow/.local/lib/python3.7/site-packages/airflow/example_dags/tutorial_dag.py
[2023-03-04T23:42:20.771+0000] {processor.py:743} INFO - Processing file /home/airflow/.local/lib/python3.7/site-packages/airflow/example_dags/tutorial_dag.py for tasks to queue
[2023-03-04T23:42:20.772+0000] {logging_mixin.py:137} INFO - [2023-03-04T23:42:20.772+0000] {dagbag.py:538} INFO - Filling up the DagBag from /home/airflow/.local/lib/python3.7/site-packages/airflow/example_dags/tutorial_dag.py
[2023-03-04T23:42:20.787+0000] {processor.py:753} INFO - DAG(s) dict_keys(['tutorial_dag']) retrieved from /home/airflow/.local/lib/python3.7/site-packages/airflow/example_dags/tutorial_dag.py
[2023-03-04T23:42:20.818+0000] {logging_mixin.py:137} INFO - [2023-03-04T23:42:20.818+0000] {dag.py:2690} INFO - Sync 1 DAGs
[2023-03-04T23:42:20.851+0000] {logging_mixin.py:137} INFO - [2023-03-04T23:42:20.850+0000] {dag.py:3441} INFO - Setting next_dagrun for tutorial_dag to None, run_after=None
[2023-03-04T23:42:20.881+0000] {processor.py:175} INFO - Processing /home/airflow/.local/lib/python3.7/site-packages/airflow/example_dags/tutorial_dag.py took 0.115 seconds
