[2023-03-02T13:04:49.596+0000] {processor.py:153} INFO - Started process (PID=75) to work on /home/airflow/.local/lib/python3.7/site-packages/airflow/example_dags/example_branch_labels.py
[2023-03-02T13:04:49.599+0000] {processor.py:743} INFO - Processing file /home/airflow/.local/lib/python3.7/site-packages/airflow/example_dags/example_branch_labels.py for tasks to queue
[2023-03-02T13:04:49.600+0000] {logging_mixin.py:137} INFO - [2023-03-02T13:04:49.600+0000] {dagbag.py:538} INFO - Filling up the DagBag from /home/airflow/.local/lib/python3.7/site-packages/airflow/example_dags/example_branch_labels.py
[2023-03-02T13:04:49.654+0000] {processor.py:753} INFO - DAG(s) dict_keys(['example_branch_labels']) retrieved from /home/airflow/.local/lib/python3.7/site-packages/airflow/example_dags/example_branch_labels.py
[2023-03-02T13:04:50.019+0000] {logging_mixin.py:137} INFO - [2023-03-02T13:04:50.017+0000] {manager.py:504} INFO - Created Permission View: can delete on DAG:example_branch_labels
[2023-03-02T13:04:50.035+0000] {logging_mixin.py:137} INFO - [2023-03-02T13:04:50.035+0000] {manager.py:504} INFO - Created Permission View: can read on DAG:example_branch_labels
[2023-03-02T13:04:50.040+0000] {logging_mixin.py:137} INFO - [2023-03-02T13:04:50.040+0000] {manager.py:504} INFO - Created Permission View: can edit on DAG:example_branch_labels
[2023-03-02T13:04:50.041+0000] {logging_mixin.py:137} INFO - [2023-03-02T13:04:50.041+0000] {dag.py:2690} INFO - Sync 1 DAGs
[2023-03-02T13:04:50.053+0000] {logging_mixin.py:137} INFO - [2023-03-02T13:04:50.052+0000] {dag.py:2711} INFO - Creating ORM DAG for example_branch_labels
[2023-03-02T13:04:50.064+0000] {logging_mixin.py:137} INFO - [2023-03-02T13:04:50.064+0000] {dag.py:3441} INFO - Setting next_dagrun for example_branch_labels to 2023-03-01T00:00:00+00:00, run_after=2023-03-02T00:00:00+00:00
[2023-03-02T13:04:50.078+0000] {processor.py:175} INFO - Processing /home/airflow/.local/lib/python3.7/site-packages/airflow/example_dags/example_branch_labels.py took 0.494 seconds
[2023-03-02T13:05:20.959+0000] {processor.py:153} INFO - Started process (PID=152) to work on /home/airflow/.local/lib/python3.7/site-packages/airflow/example_dags/example_branch_labels.py
[2023-03-02T13:05:20.961+0000] {processor.py:743} INFO - Processing file /home/airflow/.local/lib/python3.7/site-packages/airflow/example_dags/example_branch_labels.py for tasks to queue
[2023-03-02T13:05:20.963+0000] {logging_mixin.py:137} INFO - [2023-03-02T13:05:20.963+0000] {dagbag.py:538} INFO - Filling up the DagBag from /home/airflow/.local/lib/python3.7/site-packages/airflow/example_dags/example_branch_labels.py
[2023-03-02T13:05:20.988+0000] {processor.py:753} INFO - DAG(s) dict_keys(['example_branch_labels']) retrieved from /home/airflow/.local/lib/python3.7/site-packages/airflow/example_dags/example_branch_labels.py
[2023-03-02T13:05:21.050+0000] {logging_mixin.py:137} INFO - [2023-03-02T13:05:21.050+0000] {dag.py:2690} INFO - Sync 1 DAGs
[2023-03-02T13:05:21.083+0000] {logging_mixin.py:137} INFO - [2023-03-02T13:05:21.083+0000] {dag.py:3441} INFO - Setting next_dagrun for example_branch_labels to 2023-03-01T00:00:00+00:00, run_after=2023-03-02T00:00:00+00:00
[2023-03-02T13:05:21.099+0000] {processor.py:175} INFO - Processing /home/airflow/.local/lib/python3.7/site-packages/airflow/example_dags/example_branch_labels.py took 0.146 seconds
[2023-03-02T13:05:51.290+0000] {processor.py:153} INFO - Started process (PID=215) to work on /home/airflow/.local/lib/python3.7/site-packages/airflow/example_dags/example_branch_labels.py
[2023-03-02T13:05:51.292+0000] {processor.py:743} INFO - Processing file /home/airflow/.local/lib/python3.7/site-packages/airflow/example_dags/example_branch_labels.py for tasks to queue
[2023-03-02T13:05:51.293+0000] {logging_mixin.py:137} INFO - [2023-03-02T13:05:51.293+0000] {dagbag.py:538} INFO - Filling up the DagBag from /home/airflow/.local/lib/python3.7/site-packages/airflow/example_dags/example_branch_labels.py
[2023-03-02T13:05:51.333+0000] {processor.py:753} INFO - DAG(s) dict_keys(['example_branch_labels']) retrieved from /home/airflow/.local/lib/python3.7/site-packages/airflow/example_dags/example_branch_labels.py
[2023-03-02T13:05:51.403+0000] {logging_mixin.py:137} INFO - [2023-03-02T13:05:51.401+0000] {dag.py:2690} INFO - Sync 1 DAGs
[2023-03-02T13:05:51.447+0000] {logging_mixin.py:137} INFO - [2023-03-02T13:05:51.447+0000] {dag.py:3441} INFO - Setting next_dagrun for example_branch_labels to 2023-03-01T00:00:00+00:00, run_after=2023-03-02T00:00:00+00:00
[2023-03-02T13:05:51.482+0000] {processor.py:175} INFO - Processing /home/airflow/.local/lib/python3.7/site-packages/airflow/example_dags/example_branch_labels.py took 0.200 seconds
[2023-03-02T13:19:52.121+0000] {processor.py:153} INFO - Started process (PID=301) to work on /home/airflow/.local/lib/python3.7/site-packages/airflow/example_dags/example_branch_labels.py
[2023-03-02T13:19:52.145+0000] {processor.py:743} INFO - Processing file /home/airflow/.local/lib/python3.7/site-packages/airflow/example_dags/example_branch_labels.py for tasks to queue
[2023-03-02T13:19:52.201+0000] {logging_mixin.py:137} INFO - [2023-03-02T13:19:52.200+0000] {dagbag.py:538} INFO - Filling up the DagBag from /home/airflow/.local/lib/python3.7/site-packages/airflow/example_dags/example_branch_labels.py
[2023-03-02T13:19:52.934+0000] {processor.py:753} INFO - DAG(s) dict_keys(['example_branch_labels']) retrieved from /home/airflow/.local/lib/python3.7/site-packages/airflow/example_dags/example_branch_labels.py
[2023-03-02T13:19:53.658+0000] {logging_mixin.py:137} INFO - [2023-03-02T13:19:53.650+0000] {dag.py:2690} INFO - Sync 1 DAGs
[2023-03-02T13:19:55.122+0000] {logging_mixin.py:137} INFO - [2023-03-02T13:19:55.037+0000] {dag.py:3441} INFO - Setting next_dagrun for example_branch_labels to 2023-03-01T00:00:00+00:00, run_after=2023-03-02T00:00:00+00:00
[2023-03-02T13:19:55.763+0000] {processor.py:175} INFO - Processing /home/airflow/.local/lib/python3.7/site-packages/airflow/example_dags/example_branch_labels.py took 3.683 seconds
[2023-03-02T14:26:31.186+0000] {processor.py:153} INFO - Started process (PID=361) to work on /home/airflow/.local/lib/python3.7/site-packages/airflow/example_dags/example_branch_labels.py
[2023-03-02T14:26:31.189+0000] {processor.py:743} INFO - Processing file /home/airflow/.local/lib/python3.7/site-packages/airflow/example_dags/example_branch_labels.py for tasks to queue
[2023-03-02T14:26:31.194+0000] {logging_mixin.py:137} INFO - [2023-03-02T14:26:31.193+0000] {dagbag.py:538} INFO - Filling up the DagBag from /home/airflow/.local/lib/python3.7/site-packages/airflow/example_dags/example_branch_labels.py
[2023-03-02T14:26:31.223+0000] {processor.py:753} INFO - DAG(s) dict_keys(['example_branch_labels']) retrieved from /home/airflow/.local/lib/python3.7/site-packages/airflow/example_dags/example_branch_labels.py
[2023-03-02T14:26:31.255+0000] {logging_mixin.py:137} INFO - [2023-03-02T14:26:31.255+0000] {dag.py:2690} INFO - Sync 1 DAGs
[2023-03-02T14:26:31.280+0000] {logging_mixin.py:137} INFO - [2023-03-02T14:26:31.280+0000] {dag.py:3441} INFO - Setting next_dagrun for example_branch_labels to 2023-03-01T00:00:00+00:00, run_after=2023-03-02T00:00:00+00:00
[2023-03-02T14:26:31.297+0000] {processor.py:175} INFO - Processing /home/airflow/.local/lib/python3.7/site-packages/airflow/example_dags/example_branch_labels.py took 0.115 seconds
[2023-03-02T14:27:04.167+0000] {processor.py:153} INFO - Started process (PID=423) to work on /home/airflow/.local/lib/python3.7/site-packages/airflow/example_dags/example_branch_labels.py
[2023-03-02T14:27:04.168+0000] {processor.py:743} INFO - Processing file /home/airflow/.local/lib/python3.7/site-packages/airflow/example_dags/example_branch_labels.py for tasks to queue
[2023-03-02T14:27:04.169+0000] {logging_mixin.py:137} INFO - [2023-03-02T14:27:04.169+0000] {dagbag.py:538} INFO - Filling up the DagBag from /home/airflow/.local/lib/python3.7/site-packages/airflow/example_dags/example_branch_labels.py
[2023-03-02T14:27:04.186+0000] {processor.py:753} INFO - DAG(s) dict_keys(['example_branch_labels']) retrieved from /home/airflow/.local/lib/python3.7/site-packages/airflow/example_dags/example_branch_labels.py
[2023-03-02T14:27:04.213+0000] {logging_mixin.py:137} INFO - [2023-03-02T14:27:04.213+0000] {dag.py:2690} INFO - Sync 1 DAGs
[2023-03-02T14:27:04.231+0000] {logging_mixin.py:137} INFO - [2023-03-02T14:27:04.231+0000] {dag.py:3441} INFO - Setting next_dagrun for example_branch_labels to 2023-03-01T00:00:00+00:00, run_after=2023-03-02T00:00:00+00:00
[2023-03-02T14:27:04.282+0000] {processor.py:175} INFO - Processing /home/airflow/.local/lib/python3.7/site-packages/airflow/example_dags/example_branch_labels.py took 0.118 seconds
[2023-03-02T14:28:22.250+0000] {processor.py:153} INFO - Started process (PID=469) to work on /home/airflow/.local/lib/python3.7/site-packages/airflow/example_dags/example_branch_labels.py
[2023-03-02T14:28:22.255+0000] {processor.py:743} INFO - Processing file /home/airflow/.local/lib/python3.7/site-packages/airflow/example_dags/example_branch_labels.py for tasks to queue
[2023-03-02T14:28:22.260+0000] {logging_mixin.py:137} INFO - [2023-03-02T14:28:22.258+0000] {dagbag.py:538} INFO - Filling up the DagBag from /home/airflow/.local/lib/python3.7/site-packages/airflow/example_dags/example_branch_labels.py
[2023-03-02T14:28:22.283+0000] {processor.py:753} INFO - DAG(s) dict_keys(['example_branch_labels']) retrieved from /home/airflow/.local/lib/python3.7/site-packages/airflow/example_dags/example_branch_labels.py
[2023-03-02T14:28:22.334+0000] {logging_mixin.py:137} INFO - [2023-03-02T14:28:22.333+0000] {dag.py:2690} INFO - Sync 1 DAGs
[2023-03-02T14:28:22.385+0000] {logging_mixin.py:137} INFO - [2023-03-02T14:28:22.384+0000] {dag.py:3441} INFO - Setting next_dagrun for example_branch_labels to 2023-03-01T00:00:00+00:00, run_after=2023-03-02T00:00:00+00:00
[2023-03-02T14:28:22.430+0000] {processor.py:175} INFO - Processing /home/airflow/.local/lib/python3.7/site-packages/airflow/example_dags/example_branch_labels.py took 0.185 seconds
[2023-03-02T14:28:54.268+0000] {processor.py:153} INFO - Started process (PID=521) to work on /home/airflow/.local/lib/python3.7/site-packages/airflow/example_dags/example_branch_labels.py
[2023-03-02T14:28:54.276+0000] {processor.py:743} INFO - Processing file /home/airflow/.local/lib/python3.7/site-packages/airflow/example_dags/example_branch_labels.py for tasks to queue
[2023-03-02T14:28:54.282+0000] {logging_mixin.py:137} INFO - [2023-03-02T14:28:54.282+0000] {dagbag.py:538} INFO - Filling up the DagBag from /home/airflow/.local/lib/python3.7/site-packages/airflow/example_dags/example_branch_labels.py
[2023-03-02T14:28:54.359+0000] {processor.py:753} INFO - DAG(s) dict_keys(['example_branch_labels']) retrieved from /home/airflow/.local/lib/python3.7/site-packages/airflow/example_dags/example_branch_labels.py
[2023-03-02T14:28:54.429+0000] {logging_mixin.py:137} INFO - [2023-03-02T14:28:54.428+0000] {dag.py:2690} INFO - Sync 1 DAGs
[2023-03-02T14:28:54.477+0000] {logging_mixin.py:137} INFO - [2023-03-02T14:28:54.476+0000] {dag.py:3441} INFO - Setting next_dagrun for example_branch_labels to 2023-03-01T00:00:00+00:00, run_after=2023-03-02T00:00:00+00:00
[2023-03-02T14:28:54.521+0000] {processor.py:175} INFO - Processing /home/airflow/.local/lib/python3.7/site-packages/airflow/example_dags/example_branch_labels.py took 0.271 seconds
[2023-03-02T15:58:27.344+0000] {processor.py:153} INFO - Started process (PID=584) to work on /home/airflow/.local/lib/python3.7/site-packages/airflow/example_dags/example_branch_labels.py
[2023-03-02T15:58:27.345+0000] {processor.py:743} INFO - Processing file /home/airflow/.local/lib/python3.7/site-packages/airflow/example_dags/example_branch_labels.py for tasks to queue
[2023-03-02T15:58:27.346+0000] {logging_mixin.py:137} INFO - [2023-03-02T15:58:27.346+0000] {dagbag.py:538} INFO - Filling up the DagBag from /home/airflow/.local/lib/python3.7/site-packages/airflow/example_dags/example_branch_labels.py
[2023-03-02T15:58:27.358+0000] {processor.py:753} INFO - DAG(s) dict_keys(['example_branch_labels']) retrieved from /home/airflow/.local/lib/python3.7/site-packages/airflow/example_dags/example_branch_labels.py
[2023-03-02T15:58:27.379+0000] {logging_mixin.py:137} INFO - [2023-03-02T15:58:27.379+0000] {dag.py:2690} INFO - Sync 1 DAGs
[2023-03-02T15:58:27.396+0000] {logging_mixin.py:137} INFO - [2023-03-02T15:58:27.396+0000] {dag.py:3441} INFO - Setting next_dagrun for example_branch_labels to 2023-03-01T00:00:00+00:00, run_after=2023-03-02T00:00:00+00:00
[2023-03-02T15:58:27.410+0000] {processor.py:175} INFO - Processing /home/airflow/.local/lib/python3.7/site-packages/airflow/example_dags/example_branch_labels.py took 0.069 seconds
[2023-03-02T16:32:19.649+0000] {processor.py:153} INFO - Started process (PID=647) to work on /home/airflow/.local/lib/python3.7/site-packages/airflow/example_dags/example_branch_labels.py
[2023-03-02T16:32:19.652+0000] {processor.py:743} INFO - Processing file /home/airflow/.local/lib/python3.7/site-packages/airflow/example_dags/example_branch_labels.py for tasks to queue
[2023-03-02T16:32:19.653+0000] {logging_mixin.py:137} INFO - [2023-03-02T16:32:19.653+0000] {dagbag.py:538} INFO - Filling up the DagBag from /home/airflow/.local/lib/python3.7/site-packages/airflow/example_dags/example_branch_labels.py
[2023-03-02T16:32:19.671+0000] {processor.py:753} INFO - DAG(s) dict_keys(['example_branch_labels']) retrieved from /home/airflow/.local/lib/python3.7/site-packages/airflow/example_dags/example_branch_labels.py
[2023-03-02T16:32:19.698+0000] {logging_mixin.py:137} INFO - [2023-03-02T16:32:19.697+0000] {dag.py:2690} INFO - Sync 1 DAGs
[2023-03-02T16:32:19.729+0000] {logging_mixin.py:137} INFO - [2023-03-02T16:32:19.729+0000] {dag.py:3441} INFO - Setting next_dagrun for example_branch_labels to 2023-03-01T00:00:00+00:00, run_after=2023-03-02T00:00:00+00:00
[2023-03-02T16:32:19.751+0000] {processor.py:175} INFO - Processing /home/airflow/.local/lib/python3.7/site-packages/airflow/example_dags/example_branch_labels.py took 0.106 seconds
[2023-03-02T16:40:23.509+0000] {processor.py:153} INFO - Started process (PID=765) to work on /home/airflow/.local/lib/python3.7/site-packages/airflow/example_dags/example_branch_labels.py
[2023-03-02T16:40:23.529+0000] {processor.py:743} INFO - Processing file /home/airflow/.local/lib/python3.7/site-packages/airflow/example_dags/example_branch_labels.py for tasks to queue
[2023-03-02T16:40:23.543+0000] {logging_mixin.py:137} INFO - [2023-03-02T16:40:23.542+0000] {dagbag.py:538} INFO - Filling up the DagBag from /home/airflow/.local/lib/python3.7/site-packages/airflow/example_dags/example_branch_labels.py
[2023-03-02T16:40:23.895+0000] {processor.py:753} INFO - DAG(s) dict_keys(['example_branch_labels']) retrieved from /home/airflow/.local/lib/python3.7/site-packages/airflow/example_dags/example_branch_labels.py
[2023-03-02T16:40:24.385+0000] {logging_mixin.py:137} INFO - [2023-03-02T16:40:24.361+0000] {dag.py:2690} INFO - Sync 1 DAGs
[2023-03-02T16:40:24.811+0000] {logging_mixin.py:137} INFO - [2023-03-02T16:40:24.810+0000] {dag.py:3441} INFO - Setting next_dagrun for example_branch_labels to 2023-03-01T00:00:00+00:00, run_after=2023-03-02T00:00:00+00:00
[2023-03-02T16:40:25.193+0000] {processor.py:175} INFO - Processing /home/airflow/.local/lib/python3.7/site-packages/airflow/example_dags/example_branch_labels.py took 1.775 seconds
[2023-03-02T16:40:57.577+0000] {processor.py:153} INFO - Started process (PID=828) to work on /home/airflow/.local/lib/python3.7/site-packages/airflow/example_dags/example_branch_labels.py
[2023-03-02T16:40:57.590+0000] {processor.py:743} INFO - Processing file /home/airflow/.local/lib/python3.7/site-packages/airflow/example_dags/example_branch_labels.py for tasks to queue
[2023-03-02T16:40:57.611+0000] {logging_mixin.py:137} INFO - [2023-03-02T16:40:57.610+0000] {dagbag.py:538} INFO - Filling up the DagBag from /home/airflow/.local/lib/python3.7/site-packages/airflow/example_dags/example_branch_labels.py
[2023-03-02T16:40:57.809+0000] {processor.py:753} INFO - DAG(s) dict_keys(['example_branch_labels']) retrieved from /home/airflow/.local/lib/python3.7/site-packages/airflow/example_dags/example_branch_labels.py
[2023-03-02T16:40:58.902+0000] {logging_mixin.py:137} INFO - [2023-03-02T16:40:58.883+0000] {dag.py:2690} INFO - Sync 1 DAGs
[2023-03-02T16:40:59.358+0000] {logging_mixin.py:137} INFO - [2023-03-02T16:40:59.358+0000] {dag.py:3441} INFO - Setting next_dagrun for example_branch_labels to 2023-03-01T00:00:00+00:00, run_after=2023-03-02T00:00:00+00:00
[2023-03-02T16:40:59.692+0000] {processor.py:175} INFO - Processing /home/airflow/.local/lib/python3.7/site-packages/airflow/example_dags/example_branch_labels.py took 2.214 seconds
[2023-03-02T16:41:30.661+0000] {processor.py:153} INFO - Started process (PID=878) to work on /home/airflow/.local/lib/python3.7/site-packages/airflow/example_dags/example_branch_labels.py
[2023-03-02T16:41:30.666+0000] {processor.py:743} INFO - Processing file /home/airflow/.local/lib/python3.7/site-packages/airflow/example_dags/example_branch_labels.py for tasks to queue
[2023-03-02T16:41:30.668+0000] {logging_mixin.py:137} INFO - [2023-03-02T16:41:30.668+0000] {dagbag.py:538} INFO - Filling up the DagBag from /home/airflow/.local/lib/python3.7/site-packages/airflow/example_dags/example_branch_labels.py
[2023-03-02T16:41:30.737+0000] {processor.py:753} INFO - DAG(s) dict_keys(['example_branch_labels']) retrieved from /home/airflow/.local/lib/python3.7/site-packages/airflow/example_dags/example_branch_labels.py
[2023-03-02T16:41:30.847+0000] {logging_mixin.py:137} INFO - [2023-03-02T16:41:30.846+0000] {dag.py:2690} INFO - Sync 1 DAGs
[2023-03-02T16:41:30.908+0000] {logging_mixin.py:137} INFO - [2023-03-02T16:41:30.908+0000] {dag.py:3441} INFO - Setting next_dagrun for example_branch_labels to 2023-03-01T00:00:00+00:00, run_after=2023-03-02T00:00:00+00:00
[2023-03-02T16:41:30.936+0000] {processor.py:175} INFO - Processing /home/airflow/.local/lib/python3.7/site-packages/airflow/example_dags/example_branch_labels.py took 0.326 seconds
[2023-03-02T16:42:01.440+0000] {processor.py:153} INFO - Started process (PID=953) to work on /home/airflow/.local/lib/python3.7/site-packages/airflow/example_dags/example_branch_labels.py
[2023-03-02T16:42:01.443+0000] {processor.py:743} INFO - Processing file /home/airflow/.local/lib/python3.7/site-packages/airflow/example_dags/example_branch_labels.py for tasks to queue
[2023-03-02T16:42:01.446+0000] {logging_mixin.py:137} INFO - [2023-03-02T16:42:01.445+0000] {dagbag.py:538} INFO - Filling up the DagBag from /home/airflow/.local/lib/python3.7/site-packages/airflow/example_dags/example_branch_labels.py
[2023-03-02T16:42:01.493+0000] {processor.py:753} INFO - DAG(s) dict_keys(['example_branch_labels']) retrieved from /home/airflow/.local/lib/python3.7/site-packages/airflow/example_dags/example_branch_labels.py
[2023-03-02T16:42:01.569+0000] {logging_mixin.py:137} INFO - [2023-03-02T16:42:01.569+0000] {dag.py:2690} INFO - Sync 1 DAGs
[2023-03-02T16:42:01.624+0000] {logging_mixin.py:137} INFO - [2023-03-02T16:42:01.624+0000] {dag.py:3441} INFO - Setting next_dagrun for example_branch_labels to 2023-03-01T00:00:00+00:00, run_after=2023-03-02T00:00:00+00:00
[2023-03-02T16:42:01.713+0000] {processor.py:175} INFO - Processing /home/airflow/.local/lib/python3.7/site-packages/airflow/example_dags/example_branch_labels.py took 0.292 seconds
[2023-03-02T16:42:32.497+0000] {processor.py:153} INFO - Started process (PID=1016) to work on /home/airflow/.local/lib/python3.7/site-packages/airflow/example_dags/example_branch_labels.py
[2023-03-02T16:42:32.524+0000] {processor.py:743} INFO - Processing file /home/airflow/.local/lib/python3.7/site-packages/airflow/example_dags/example_branch_labels.py for tasks to queue
[2023-03-02T16:42:32.600+0000] {logging_mixin.py:137} INFO - [2023-03-02T16:42:32.599+0000] {dagbag.py:538} INFO - Filling up the DagBag from /home/airflow/.local/lib/python3.7/site-packages/airflow/example_dags/example_branch_labels.py
[2023-03-02T16:42:34.118+0000] {processor.py:753} INFO - DAG(s) dict_keys(['example_branch_labels']) retrieved from /home/airflow/.local/lib/python3.7/site-packages/airflow/example_dags/example_branch_labels.py
[2023-03-02T16:42:35.745+0000] {logging_mixin.py:137} INFO - [2023-03-02T16:42:35.740+0000] {dag.py:2690} INFO - Sync 1 DAGs
[2023-03-02T16:42:37.273+0000] {logging_mixin.py:137} INFO - [2023-03-02T16:42:37.209+0000] {dag.py:3441} INFO - Setting next_dagrun for example_branch_labels to 2023-03-01T00:00:00+00:00, run_after=2023-03-02T00:00:00+00:00
[2023-03-02T16:42:37.917+0000] {processor.py:175} INFO - Processing /home/airflow/.local/lib/python3.7/site-packages/airflow/example_dags/example_branch_labels.py took 5.509 seconds
[2023-03-02T16:43:09.112+0000] {processor.py:153} INFO - Started process (PID=1079) to work on /home/airflow/.local/lib/python3.7/site-packages/airflow/example_dags/example_branch_labels.py
[2023-03-02T16:43:09.116+0000] {processor.py:743} INFO - Processing file /home/airflow/.local/lib/python3.7/site-packages/airflow/example_dags/example_branch_labels.py for tasks to queue
[2023-03-02T16:43:09.118+0000] {logging_mixin.py:137} INFO - [2023-03-02T16:43:09.118+0000] {dagbag.py:538} INFO - Filling up the DagBag from /home/airflow/.local/lib/python3.7/site-packages/airflow/example_dags/example_branch_labels.py
[2023-03-02T16:43:09.193+0000] {processor.py:753} INFO - DAG(s) dict_keys(['example_branch_labels']) retrieved from /home/airflow/.local/lib/python3.7/site-packages/airflow/example_dags/example_branch_labels.py
[2023-03-02T16:43:09.297+0000] {logging_mixin.py:137} INFO - [2023-03-02T16:43:09.297+0000] {dag.py:2690} INFO - Sync 1 DAGs
[2023-03-02T16:43:09.375+0000] {logging_mixin.py:137} INFO - [2023-03-02T16:43:09.374+0000] {dag.py:3441} INFO - Setting next_dagrun for example_branch_labels to 2023-03-01T00:00:00+00:00, run_after=2023-03-02T00:00:00+00:00
[2023-03-02T16:43:09.443+0000] {processor.py:175} INFO - Processing /home/airflow/.local/lib/python3.7/site-packages/airflow/example_dags/example_branch_labels.py took 0.364 seconds
[2023-03-02T16:43:40.119+0000] {processor.py:153} INFO - Started process (PID=1142) to work on /home/airflow/.local/lib/python3.7/site-packages/airflow/example_dags/example_branch_labels.py
[2023-03-02T16:43:40.126+0000] {processor.py:743} INFO - Processing file /home/airflow/.local/lib/python3.7/site-packages/airflow/example_dags/example_branch_labels.py for tasks to queue
[2023-03-02T16:43:40.129+0000] {logging_mixin.py:137} INFO - [2023-03-02T16:43:40.128+0000] {dagbag.py:538} INFO - Filling up the DagBag from /home/airflow/.local/lib/python3.7/site-packages/airflow/example_dags/example_branch_labels.py
[2023-03-02T16:43:40.186+0000] {processor.py:753} INFO - DAG(s) dict_keys(['example_branch_labels']) retrieved from /home/airflow/.local/lib/python3.7/site-packages/airflow/example_dags/example_branch_labels.py
[2023-03-02T16:43:40.272+0000] {logging_mixin.py:137} INFO - [2023-03-02T16:43:40.272+0000] {dag.py:2690} INFO - Sync 1 DAGs
[2023-03-02T16:43:40.310+0000] {logging_mixin.py:137} INFO - [2023-03-02T16:43:40.310+0000] {dag.py:3441} INFO - Setting next_dagrun for example_branch_labels to 2023-03-01T00:00:00+00:00, run_after=2023-03-02T00:00:00+00:00
[2023-03-02T16:43:40.327+0000] {processor.py:175} INFO - Processing /home/airflow/.local/lib/python3.7/site-packages/airflow/example_dags/example_branch_labels.py took 0.250 seconds
[2023-03-02T16:44:11.165+0000] {processor.py:153} INFO - Started process (PID=1216) to work on /home/airflow/.local/lib/python3.7/site-packages/airflow/example_dags/example_branch_labels.py
[2023-03-02T16:44:11.184+0000] {processor.py:743} INFO - Processing file /home/airflow/.local/lib/python3.7/site-packages/airflow/example_dags/example_branch_labels.py for tasks to queue
[2023-03-02T16:44:11.190+0000] {logging_mixin.py:137} INFO - [2023-03-02T16:44:11.189+0000] {dagbag.py:538} INFO - Filling up the DagBag from /home/airflow/.local/lib/python3.7/site-packages/airflow/example_dags/example_branch_labels.py
[2023-03-02T16:44:11.369+0000] {processor.py:753} INFO - DAG(s) dict_keys(['example_branch_labels']) retrieved from /home/airflow/.local/lib/python3.7/site-packages/airflow/example_dags/example_branch_labels.py
[2023-03-02T16:44:11.781+0000] {logging_mixin.py:137} INFO - [2023-03-02T16:44:11.779+0000] {dag.py:2690} INFO - Sync 1 DAGs
[2023-03-02T16:44:11.915+0000] {logging_mixin.py:137} INFO - [2023-03-02T16:44:11.914+0000] {dag.py:3441} INFO - Setting next_dagrun for example_branch_labels to 2023-03-01T00:00:00+00:00, run_after=2023-03-02T00:00:00+00:00
[2023-03-02T16:44:12.050+0000] {processor.py:175} INFO - Processing /home/airflow/.local/lib/python3.7/site-packages/airflow/example_dags/example_branch_labels.py took 0.958 seconds
[2023-03-02T16:49:50.349+0000] {processor.py:153} INFO - Started process (PID=1295) to work on /home/airflow/.local/lib/python3.7/site-packages/airflow/example_dags/example_branch_labels.py
[2023-03-02T16:49:50.361+0000] {processor.py:743} INFO - Processing file /home/airflow/.local/lib/python3.7/site-packages/airflow/example_dags/example_branch_labels.py for tasks to queue
[2023-03-02T16:49:50.365+0000] {logging_mixin.py:137} INFO - [2023-03-02T16:49:50.364+0000] {dagbag.py:538} INFO - Filling up the DagBag from /home/airflow/.local/lib/python3.7/site-packages/airflow/example_dags/example_branch_labels.py
[2023-03-02T16:49:50.616+0000] {processor.py:753} INFO - DAG(s) dict_keys(['example_branch_labels']) retrieved from /home/airflow/.local/lib/python3.7/site-packages/airflow/example_dags/example_branch_labels.py
[2023-03-02T16:49:50.901+0000] {logging_mixin.py:137} INFO - [2023-03-02T16:49:50.898+0000] {dag.py:2690} INFO - Sync 1 DAGs
[2023-03-02T16:49:51.008+0000] {logging_mixin.py:137} INFO - [2023-03-02T16:49:51.007+0000] {dag.py:3441} INFO - Setting next_dagrun for example_branch_labels to 2023-03-01T00:00:00+00:00, run_after=2023-03-02T00:00:00+00:00
[2023-03-02T16:49:51.058+0000] {processor.py:175} INFO - Processing /home/airflow/.local/lib/python3.7/site-packages/airflow/example_dags/example_branch_labels.py took 0.728 seconds
[2023-03-02T16:50:26.695+0000] {processor.py:153} INFO - Started process (PID=1370) to work on /home/airflow/.local/lib/python3.7/site-packages/airflow/example_dags/example_branch_labels.py
[2023-03-02T16:50:26.698+0000] {processor.py:743} INFO - Processing file /home/airflow/.local/lib/python3.7/site-packages/airflow/example_dags/example_branch_labels.py for tasks to queue
[2023-03-02T16:50:26.699+0000] {logging_mixin.py:137} INFO - [2023-03-02T16:50:26.699+0000] {dagbag.py:538} INFO - Filling up the DagBag from /home/airflow/.local/lib/python3.7/site-packages/airflow/example_dags/example_branch_labels.py
[2023-03-02T16:50:26.720+0000] {processor.py:753} INFO - DAG(s) dict_keys(['example_branch_labels']) retrieved from /home/airflow/.local/lib/python3.7/site-packages/airflow/example_dags/example_branch_labels.py
[2023-03-02T16:50:26.759+0000] {logging_mixin.py:137} INFO - [2023-03-02T16:50:26.759+0000] {dag.py:2690} INFO - Sync 1 DAGs
[2023-03-02T16:50:26.792+0000] {logging_mixin.py:137} INFO - [2023-03-02T16:50:26.792+0000] {dag.py:3441} INFO - Setting next_dagrun for example_branch_labels to 2023-03-01T00:00:00+00:00, run_after=2023-03-02T00:00:00+00:00
[2023-03-02T16:50:26.811+0000] {processor.py:175} INFO - Processing /home/airflow/.local/lib/python3.7/site-packages/airflow/example_dags/example_branch_labels.py took 0.121 seconds
[2023-03-02T16:50:58.612+0000] {processor.py:153} INFO - Started process (PID=1435) to work on /home/airflow/.local/lib/python3.7/site-packages/airflow/example_dags/example_branch_labels.py
[2023-03-02T16:50:58.615+0000] {processor.py:743} INFO - Processing file /home/airflow/.local/lib/python3.7/site-packages/airflow/example_dags/example_branch_labels.py for tasks to queue
[2023-03-02T16:50:58.617+0000] {logging_mixin.py:137} INFO - [2023-03-02T16:50:58.617+0000] {dagbag.py:538} INFO - Filling up the DagBag from /home/airflow/.local/lib/python3.7/site-packages/airflow/example_dags/example_branch_labels.py
[2023-03-02T16:50:58.650+0000] {processor.py:753} INFO - DAG(s) dict_keys(['example_branch_labels']) retrieved from /home/airflow/.local/lib/python3.7/site-packages/airflow/example_dags/example_branch_labels.py
[2023-03-02T16:50:58.698+0000] {logging_mixin.py:137} INFO - [2023-03-02T16:50:58.698+0000] {dag.py:2690} INFO - Sync 1 DAGs
[2023-03-02T16:50:58.736+0000] {logging_mixin.py:137} INFO - [2023-03-02T16:50:58.735+0000] {dag.py:3441} INFO - Setting next_dagrun for example_branch_labels to 2023-03-01T00:00:00+00:00, run_after=2023-03-02T00:00:00+00:00
[2023-03-02T16:50:58.755+0000] {processor.py:175} INFO - Processing /home/airflow/.local/lib/python3.7/site-packages/airflow/example_dags/example_branch_labels.py took 0.147 seconds
[2023-03-02T16:51:30.788+0000] {processor.py:153} INFO - Started process (PID=1498) to work on /home/airflow/.local/lib/python3.7/site-packages/airflow/example_dags/example_branch_labels.py
[2023-03-02T16:51:30.796+0000] {processor.py:743} INFO - Processing file /home/airflow/.local/lib/python3.7/site-packages/airflow/example_dags/example_branch_labels.py for tasks to queue
[2023-03-02T16:51:30.800+0000] {logging_mixin.py:137} INFO - [2023-03-02T16:51:30.800+0000] {dagbag.py:538} INFO - Filling up the DagBag from /home/airflow/.local/lib/python3.7/site-packages/airflow/example_dags/example_branch_labels.py
[2023-03-02T16:51:30.840+0000] {processor.py:753} INFO - DAG(s) dict_keys(['example_branch_labels']) retrieved from /home/airflow/.local/lib/python3.7/site-packages/airflow/example_dags/example_branch_labels.py
[2023-03-02T16:51:30.900+0000] {logging_mixin.py:137} INFO - [2023-03-02T16:51:30.900+0000] {dag.py:2690} INFO - Sync 1 DAGs
[2023-03-02T16:51:30.943+0000] {logging_mixin.py:137} INFO - [2023-03-02T16:51:30.943+0000] {dag.py:3441} INFO - Setting next_dagrun for example_branch_labels to 2023-03-01T00:00:00+00:00, run_after=2023-03-02T00:00:00+00:00
[2023-03-02T16:51:30.961+0000] {processor.py:175} INFO - Processing /home/airflow/.local/lib/python3.7/site-packages/airflow/example_dags/example_branch_labels.py took 0.178 seconds
[2023-03-02T16:52:01.524+0000] {processor.py:153} INFO - Started process (PID=1561) to work on /home/airflow/.local/lib/python3.7/site-packages/airflow/example_dags/example_branch_labels.py
[2023-03-02T16:52:01.526+0000] {processor.py:743} INFO - Processing file /home/airflow/.local/lib/python3.7/site-packages/airflow/example_dags/example_branch_labels.py for tasks to queue
[2023-03-02T16:52:01.527+0000] {logging_mixin.py:137} INFO - [2023-03-02T16:52:01.527+0000] {dagbag.py:538} INFO - Filling up the DagBag from /home/airflow/.local/lib/python3.7/site-packages/airflow/example_dags/example_branch_labels.py
[2023-03-02T16:52:01.541+0000] {processor.py:753} INFO - DAG(s) dict_keys(['example_branch_labels']) retrieved from /home/airflow/.local/lib/python3.7/site-packages/airflow/example_dags/example_branch_labels.py
[2023-03-02T16:52:01.579+0000] {logging_mixin.py:137} INFO - [2023-03-02T16:52:01.578+0000] {dag.py:2690} INFO - Sync 1 DAGs
[2023-03-02T16:52:01.600+0000] {logging_mixin.py:137} INFO - [2023-03-02T16:52:01.600+0000] {dag.py:3441} INFO - Setting next_dagrun for example_branch_labels to 2023-03-01T00:00:00+00:00, run_after=2023-03-02T00:00:00+00:00
[2023-03-02T16:52:01.613+0000] {processor.py:175} INFO - Processing /home/airflow/.local/lib/python3.7/site-packages/airflow/example_dags/example_branch_labels.py took 0.091 seconds
[2023-03-02T16:52:35.332+0000] {processor.py:153} INFO - Started process (PID=1637) to work on /home/airflow/.local/lib/python3.7/site-packages/airflow/example_dags/example_branch_labels.py
[2023-03-02T16:52:35.334+0000] {processor.py:743} INFO - Processing file /home/airflow/.local/lib/python3.7/site-packages/airflow/example_dags/example_branch_labels.py for tasks to queue
[2023-03-02T16:52:35.337+0000] {logging_mixin.py:137} INFO - [2023-03-02T16:52:35.337+0000] {dagbag.py:538} INFO - Filling up the DagBag from /home/airflow/.local/lib/python3.7/site-packages/airflow/example_dags/example_branch_labels.py
[2023-03-02T16:52:35.357+0000] {processor.py:753} INFO - DAG(s) dict_keys(['example_branch_labels']) retrieved from /home/airflow/.local/lib/python3.7/site-packages/airflow/example_dags/example_branch_labels.py
[2023-03-02T16:52:35.410+0000] {logging_mixin.py:137} INFO - [2023-03-02T16:52:35.409+0000] {dag.py:2690} INFO - Sync 1 DAGs
[2023-03-02T16:52:35.439+0000] {logging_mixin.py:137} INFO - [2023-03-02T16:52:35.439+0000] {dag.py:3441} INFO - Setting next_dagrun for example_branch_labels to 2023-03-01T00:00:00+00:00, run_after=2023-03-02T00:00:00+00:00
[2023-03-02T16:52:35.454+0000] {processor.py:175} INFO - Processing /home/airflow/.local/lib/python3.7/site-packages/airflow/example_dags/example_branch_labels.py took 0.126 seconds
[2023-03-02T16:53:06.301+0000] {processor.py:153} INFO - Started process (PID=1701) to work on /home/airflow/.local/lib/python3.7/site-packages/airflow/example_dags/example_branch_labels.py
[2023-03-02T16:53:06.303+0000] {processor.py:743} INFO - Processing file /home/airflow/.local/lib/python3.7/site-packages/airflow/example_dags/example_branch_labels.py for tasks to queue
[2023-03-02T16:53:06.303+0000] {logging_mixin.py:137} INFO - [2023-03-02T16:53:06.303+0000] {dagbag.py:538} INFO - Filling up the DagBag from /home/airflow/.local/lib/python3.7/site-packages/airflow/example_dags/example_branch_labels.py
[2023-03-02T16:53:06.315+0000] {processor.py:753} INFO - DAG(s) dict_keys(['example_branch_labels']) retrieved from /home/airflow/.local/lib/python3.7/site-packages/airflow/example_dags/example_branch_labels.py
[2023-03-02T16:53:06.336+0000] {logging_mixin.py:137} INFO - [2023-03-02T16:53:06.336+0000] {dag.py:2690} INFO - Sync 1 DAGs
[2023-03-02T16:53:06.355+0000] {logging_mixin.py:137} INFO - [2023-03-02T16:53:06.355+0000] {dag.py:3441} INFO - Setting next_dagrun for example_branch_labels to 2023-03-01T00:00:00+00:00, run_after=2023-03-02T00:00:00+00:00
[2023-03-02T16:53:06.383+0000] {processor.py:175} INFO - Processing /home/airflow/.local/lib/python3.7/site-packages/airflow/example_dags/example_branch_labels.py took 0.086 seconds
[2023-03-02T16:53:37.041+0000] {processor.py:153} INFO - Started process (PID=1776) to work on /home/airflow/.local/lib/python3.7/site-packages/airflow/example_dags/example_branch_labels.py
[2023-03-02T16:53:37.042+0000] {processor.py:743} INFO - Processing file /home/airflow/.local/lib/python3.7/site-packages/airflow/example_dags/example_branch_labels.py for tasks to queue
[2023-03-02T16:53:37.043+0000] {logging_mixin.py:137} INFO - [2023-03-02T16:53:37.043+0000] {dagbag.py:538} INFO - Filling up the DagBag from /home/airflow/.local/lib/python3.7/site-packages/airflow/example_dags/example_branch_labels.py
[2023-03-02T16:53:37.063+0000] {processor.py:753} INFO - DAG(s) dict_keys(['example_branch_labels']) retrieved from /home/airflow/.local/lib/python3.7/site-packages/airflow/example_dags/example_branch_labels.py
[2023-03-02T16:53:37.093+0000] {logging_mixin.py:137} INFO - [2023-03-02T16:53:37.092+0000] {dag.py:2690} INFO - Sync 1 DAGs
[2023-03-02T16:53:37.128+0000] {logging_mixin.py:137} INFO - [2023-03-02T16:53:37.127+0000] {dag.py:3441} INFO - Setting next_dagrun for example_branch_labels to 2023-03-01T00:00:00+00:00, run_after=2023-03-02T00:00:00+00:00
[2023-03-02T16:53:37.159+0000] {processor.py:175} INFO - Processing /home/airflow/.local/lib/python3.7/site-packages/airflow/example_dags/example_branch_labels.py took 0.122 seconds
[2023-03-02T16:54:07.893+0000] {processor.py:153} INFO - Started process (PID=1840) to work on /home/airflow/.local/lib/python3.7/site-packages/airflow/example_dags/example_branch_labels.py
[2023-03-02T16:54:07.895+0000] {processor.py:743} INFO - Processing file /home/airflow/.local/lib/python3.7/site-packages/airflow/example_dags/example_branch_labels.py for tasks to queue
[2023-03-02T16:54:07.896+0000] {logging_mixin.py:137} INFO - [2023-03-02T16:54:07.896+0000] {dagbag.py:538} INFO - Filling up the DagBag from /home/airflow/.local/lib/python3.7/site-packages/airflow/example_dags/example_branch_labels.py
[2023-03-02T16:54:07.909+0000] {processor.py:753} INFO - DAG(s) dict_keys(['example_branch_labels']) retrieved from /home/airflow/.local/lib/python3.7/site-packages/airflow/example_dags/example_branch_labels.py
[2023-03-02T16:54:07.932+0000] {logging_mixin.py:137} INFO - [2023-03-02T16:54:07.931+0000] {dag.py:2690} INFO - Sync 1 DAGs
[2023-03-02T16:54:07.949+0000] {logging_mixin.py:137} INFO - [2023-03-02T16:54:07.949+0000] {dag.py:3441} INFO - Setting next_dagrun for example_branch_labels to 2023-03-01T00:00:00+00:00, run_after=2023-03-02T00:00:00+00:00
[2023-03-02T16:54:07.962+0000] {processor.py:175} INFO - Processing /home/airflow/.local/lib/python3.7/site-packages/airflow/example_dags/example_branch_labels.py took 0.073 seconds
[2023-03-02T17:25:16.427+0000] {processor.py:153} INFO - Started process (PID=1961) to work on /home/airflow/.local/lib/python3.7/site-packages/airflow/example_dags/example_branch_labels.py
[2023-03-02T17:25:16.533+0000] {processor.py:743} INFO - Processing file /home/airflow/.local/lib/python3.7/site-packages/airflow/example_dags/example_branch_labels.py for tasks to queue
[2023-03-02T17:25:16.541+0000] {logging_mixin.py:137} INFO - [2023-03-02T17:25:16.540+0000] {dagbag.py:538} INFO - Filling up the DagBag from /home/airflow/.local/lib/python3.7/site-packages/airflow/example_dags/example_branch_labels.py
[2023-03-02T17:25:16.781+0000] {processor.py:753} INFO - DAG(s) dict_keys(['example_branch_labels']) retrieved from /home/airflow/.local/lib/python3.7/site-packages/airflow/example_dags/example_branch_labels.py
[2023-03-02T17:25:17.465+0000] {logging_mixin.py:137} INFO - [2023-03-02T17:25:17.464+0000] {dag.py:2690} INFO - Sync 1 DAGs
[2023-03-02T17:25:17.720+0000] {logging_mixin.py:137} INFO - [2023-03-02T17:25:17.719+0000] {dag.py:3441} INFO - Setting next_dagrun for example_branch_labels to 2023-03-01T00:00:00+00:00, run_after=2023-03-02T00:00:00+00:00
[2023-03-02T17:25:17.853+0000] {processor.py:175} INFO - Processing /home/airflow/.local/lib/python3.7/site-packages/airflow/example_dags/example_branch_labels.py took 1.499 seconds
[2023-03-02T17:25:48.410+0000] {processor.py:153} INFO - Started process (PID=2025) to work on /home/airflow/.local/lib/python3.7/site-packages/airflow/example_dags/example_branch_labels.py
[2023-03-02T17:25:48.412+0000] {processor.py:743} INFO - Processing file /home/airflow/.local/lib/python3.7/site-packages/airflow/example_dags/example_branch_labels.py for tasks to queue
[2023-03-02T17:25:48.414+0000] {logging_mixin.py:137} INFO - [2023-03-02T17:25:48.414+0000] {dagbag.py:538} INFO - Filling up the DagBag from /home/airflow/.local/lib/python3.7/site-packages/airflow/example_dags/example_branch_labels.py
[2023-03-02T17:25:48.467+0000] {processor.py:753} INFO - DAG(s) dict_keys(['example_branch_labels']) retrieved from /home/airflow/.local/lib/python3.7/site-packages/airflow/example_dags/example_branch_labels.py
[2023-03-02T17:25:48.540+0000] {logging_mixin.py:137} INFO - [2023-03-02T17:25:48.539+0000] {dag.py:2690} INFO - Sync 1 DAGs
[2023-03-02T17:25:48.581+0000] {logging_mixin.py:137} INFO - [2023-03-02T17:25:48.581+0000] {dag.py:3441} INFO - Setting next_dagrun for example_branch_labels to 2023-03-01T00:00:00+00:00, run_after=2023-03-02T00:00:00+00:00
[2023-03-02T17:25:48.600+0000] {processor.py:175} INFO - Processing /home/airflow/.local/lib/python3.7/site-packages/airflow/example_dags/example_branch_labels.py took 0.197 seconds
[2023-03-02T17:26:19.016+0000] {processor.py:153} INFO - Started process (PID=2088) to work on /home/airflow/.local/lib/python3.7/site-packages/airflow/example_dags/example_branch_labels.py
[2023-03-02T17:26:19.018+0000] {processor.py:743} INFO - Processing file /home/airflow/.local/lib/python3.7/site-packages/airflow/example_dags/example_branch_labels.py for tasks to queue
[2023-03-02T17:26:19.021+0000] {logging_mixin.py:137} INFO - [2023-03-02T17:26:19.021+0000] {dagbag.py:538} INFO - Filling up the DagBag from /home/airflow/.local/lib/python3.7/site-packages/airflow/example_dags/example_branch_labels.py
[2023-03-02T17:26:19.057+0000] {processor.py:753} INFO - DAG(s) dict_keys(['example_branch_labels']) retrieved from /home/airflow/.local/lib/python3.7/site-packages/airflow/example_dags/example_branch_labels.py
[2023-03-02T17:26:19.098+0000] {logging_mixin.py:137} INFO - [2023-03-02T17:26:19.098+0000] {dag.py:2690} INFO - Sync 1 DAGs
[2023-03-02T17:26:19.129+0000] {logging_mixin.py:137} INFO - [2023-03-02T17:26:19.128+0000] {dag.py:3441} INFO - Setting next_dagrun for example_branch_labels to 2023-03-01T00:00:00+00:00, run_after=2023-03-02T00:00:00+00:00
[2023-03-02T17:26:19.145+0000] {processor.py:175} INFO - Processing /home/airflow/.local/lib/python3.7/site-packages/airflow/example_dags/example_branch_labels.py took 0.135 seconds
[2023-03-02T17:26:49.320+0000] {processor.py:153} INFO - Started process (PID=2164) to work on /home/airflow/.local/lib/python3.7/site-packages/airflow/example_dags/example_branch_labels.py
[2023-03-02T17:26:49.324+0000] {processor.py:743} INFO - Processing file /home/airflow/.local/lib/python3.7/site-packages/airflow/example_dags/example_branch_labels.py for tasks to queue
[2023-03-02T17:26:49.325+0000] {logging_mixin.py:137} INFO - [2023-03-02T17:26:49.325+0000] {dagbag.py:538} INFO - Filling up the DagBag from /home/airflow/.local/lib/python3.7/site-packages/airflow/example_dags/example_branch_labels.py
[2023-03-02T17:26:49.362+0000] {processor.py:753} INFO - DAG(s) dict_keys(['example_branch_labels']) retrieved from /home/airflow/.local/lib/python3.7/site-packages/airflow/example_dags/example_branch_labels.py
[2023-03-02T17:26:49.414+0000] {logging_mixin.py:137} INFO - [2023-03-02T17:26:49.414+0000] {dag.py:2690} INFO - Sync 1 DAGs
[2023-03-02T17:26:49.458+0000] {logging_mixin.py:137} INFO - [2023-03-02T17:26:49.458+0000] {dag.py:3441} INFO - Setting next_dagrun for example_branch_labels to 2023-03-01T00:00:00+00:00, run_after=2023-03-02T00:00:00+00:00
[2023-03-02T17:26:49.480+0000] {processor.py:175} INFO - Processing /home/airflow/.local/lib/python3.7/site-packages/airflow/example_dags/example_branch_labels.py took 0.168 seconds
[2023-03-02T17:27:22.787+0000] {processor.py:153} INFO - Started process (PID=2224) to work on /home/airflow/.local/lib/python3.7/site-packages/airflow/example_dags/example_branch_labels.py
[2023-03-02T17:27:22.825+0000] {processor.py:743} INFO - Processing file /home/airflow/.local/lib/python3.7/site-packages/airflow/example_dags/example_branch_labels.py for tasks to queue
[2023-03-02T17:27:22.840+0000] {logging_mixin.py:137} INFO - [2023-03-02T17:27:22.839+0000] {dagbag.py:538} INFO - Filling up the DagBag from /home/airflow/.local/lib/python3.7/site-packages/airflow/example_dags/example_branch_labels.py
[2023-03-02T18:31:35.252+0000] {processor.py:753} INFO - DAG(s) dict_keys(['example_branch_labels']) retrieved from /home/airflow/.local/lib/python3.7/site-packages/airflow/example_dags/example_branch_labels.py
[2023-03-02T18:31:37.260+0000] {logging_mixin.py:137} INFO - [2023-03-02T18:31:37.249+0000] {dag.py:2690} INFO - Sync 1 DAGs
[2023-03-02T18:49:44.361+0000] {processor.py:153} INFO - Started process (PID=2319) to work on /home/airflow/.local/lib/python3.7/site-packages/airflow/example_dags/example_branch_labels.py
[2023-03-02T18:49:44.367+0000] {processor.py:743} INFO - Processing file /home/airflow/.local/lib/python3.7/site-packages/airflow/example_dags/example_branch_labels.py for tasks to queue
[2023-03-02T18:49:44.376+0000] {logging_mixin.py:137} INFO - [2023-03-02T18:49:44.376+0000] {dagbag.py:538} INFO - Filling up the DagBag from /home/airflow/.local/lib/python3.7/site-packages/airflow/example_dags/example_branch_labels.py
[2023-03-02T18:49:44.402+0000] {processor.py:753} INFO - DAG(s) dict_keys(['example_branch_labels']) retrieved from /home/airflow/.local/lib/python3.7/site-packages/airflow/example_dags/example_branch_labels.py
[2023-03-02T18:49:44.578+0000] {logging_mixin.py:137} INFO - [2023-03-02T18:49:44.577+0000] {dag.py:2690} INFO - Sync 1 DAGs
[2023-03-02T18:49:44.644+0000] {logging_mixin.py:137} INFO - [2023-03-02T18:49:44.643+0000] {dag.py:3441} INFO - Setting next_dagrun for example_branch_labels to 2023-03-01T00:00:00+00:00, run_after=2023-03-02T00:00:00+00:00
[2023-03-02T18:49:45.394+0000] {processor.py:175} INFO - Processing /home/airflow/.local/lib/python3.7/site-packages/airflow/example_dags/example_branch_labels.py took 1.059 seconds
[2023-03-02T20:56:06.139+0000] {processor.py:153} INFO - Started process (PID=2410) to work on /home/airflow/.local/lib/python3.7/site-packages/airflow/example_dags/example_branch_labels.py
[2023-03-02T20:56:06.166+0000] {processor.py:743} INFO - Processing file /home/airflow/.local/lib/python3.7/site-packages/airflow/example_dags/example_branch_labels.py for tasks to queue
[2023-03-02T20:56:06.171+0000] {logging_mixin.py:137} INFO - [2023-03-02T20:56:06.170+0000] {dagbag.py:538} INFO - Filling up the DagBag from /home/airflow/.local/lib/python3.7/site-packages/airflow/example_dags/example_branch_labels.py
[2023-03-02T20:56:06.492+0000] {processor.py:753} INFO - DAG(s) dict_keys(['example_branch_labels']) retrieved from /home/airflow/.local/lib/python3.7/site-packages/airflow/example_dags/example_branch_labels.py
[2023-03-02T20:56:08.247+0000] {logging_mixin.py:137} INFO - [2023-03-02T20:56:08.203+0000] {dag.py:2690} INFO - Sync 1 DAGs
[2023-03-02T20:56:10.018+0000] {logging_mixin.py:137} INFO - [2023-03-02T20:56:09.972+0000] {dag.py:3441} INFO - Setting next_dagrun for example_branch_labels to 2023-03-01T00:00:00+00:00, run_after=2023-03-02T00:00:00+00:00
[2023-03-02T20:56:10.816+0000] {processor.py:175} INFO - Processing /home/airflow/.local/lib/python3.7/site-packages/airflow/example_dags/example_branch_labels.py took 4.731 seconds
