[2023-03-02T13:04:48.981+0000] {processor.py:153} INFO - Started process (PID=71) to work on /home/airflow/.local/lib/python3.7/site-packages/airflow/example_dags/example_xcom.py
[2023-03-02T13:04:48.983+0000] {processor.py:743} INFO - Processing file /home/airflow/.local/lib/python3.7/site-packages/airflow/example_dags/example_xcom.py for tasks to queue
[2023-03-02T13:04:48.983+0000] {logging_mixin.py:137} INFO - [2023-03-02T13:04:48.983+0000] {dagbag.py:538} INFO - Filling up the DagBag from /home/airflow/.local/lib/python3.7/site-packages/airflow/example_dags/example_xcom.py
[2023-03-02T13:04:49.005+0000] {processor.py:753} INFO - DAG(s) dict_keys(['example_xcom']) retrieved from /home/airflow/.local/lib/python3.7/site-packages/airflow/example_dags/example_xcom.py
[2023-03-02T13:04:49.097+0000] {logging_mixin.py:137} INFO - [2023-03-02T13:04:49.097+0000] {manager.py:504} INFO - Created Permission View: can delete on DAG:example_xcom
[2023-03-02T13:04:49.103+0000] {logging_mixin.py:137} INFO - [2023-03-02T13:04:49.103+0000] {manager.py:504} INFO - Created Permission View: can read on DAG:example_xcom
[2023-03-02T13:04:49.106+0000] {logging_mixin.py:137} INFO - [2023-03-02T13:04:49.106+0000] {manager.py:504} INFO - Created Permission View: can edit on DAG:example_xcom
[2023-03-02T13:04:49.107+0000] {logging_mixin.py:137} INFO - [2023-03-02T13:04:49.107+0000] {dag.py:2690} INFO - Sync 1 DAGs
[2023-03-02T13:04:49.115+0000] {logging_mixin.py:137} INFO - [2023-03-02T13:04:49.115+0000] {dag.py:2711} INFO - Creating ORM DAG for example_xcom
[2023-03-02T13:04:49.122+0000] {logging_mixin.py:137} INFO - [2023-03-02T13:04:49.122+0000] {dag.py:3441} INFO - Setting next_dagrun for example_xcom to 2021-01-01T00:00:00+00:00, run_after=2021-01-01T00:00:00+00:00
[2023-03-02T13:04:49.134+0000] {processor.py:175} INFO - Processing /home/airflow/.local/lib/python3.7/site-packages/airflow/example_dags/example_xcom.py took 0.156 seconds
[2023-03-02T13:05:19.646+0000] {processor.py:153} INFO - Started process (PID=135) to work on /home/airflow/.local/lib/python3.7/site-packages/airflow/example_dags/example_xcom.py
[2023-03-02T13:05:19.648+0000] {processor.py:743} INFO - Processing file /home/airflow/.local/lib/python3.7/site-packages/airflow/example_dags/example_xcom.py for tasks to queue
[2023-03-02T13:05:19.649+0000] {logging_mixin.py:137} INFO - [2023-03-02T13:05:19.648+0000] {dagbag.py:538} INFO - Filling up the DagBag from /home/airflow/.local/lib/python3.7/site-packages/airflow/example_dags/example_xcom.py
[2023-03-02T13:05:19.665+0000] {processor.py:753} INFO - DAG(s) dict_keys(['example_xcom']) retrieved from /home/airflow/.local/lib/python3.7/site-packages/airflow/example_dags/example_xcom.py
[2023-03-02T13:05:19.692+0000] {logging_mixin.py:137} INFO - [2023-03-02T13:05:19.692+0000] {dag.py:2690} INFO - Sync 1 DAGs
[2023-03-02T13:05:19.711+0000] {logging_mixin.py:137} INFO - [2023-03-02T13:05:19.711+0000] {dag.py:3441} INFO - Setting next_dagrun for example_xcom to 2021-01-01T00:00:00+00:00, run_after=2021-01-01T00:00:00+00:00
[2023-03-02T13:05:19.725+0000] {processor.py:175} INFO - Processing /home/airflow/.local/lib/python3.7/site-packages/airflow/example_dags/example_xcom.py took 0.083 seconds
[2023-03-02T13:05:49.836+0000] {processor.py:153} INFO - Started process (PID=211) to work on /home/airflow/.local/lib/python3.7/site-packages/airflow/example_dags/example_xcom.py
[2023-03-02T13:05:49.837+0000] {processor.py:743} INFO - Processing file /home/airflow/.local/lib/python3.7/site-packages/airflow/example_dags/example_xcom.py for tasks to queue
[2023-03-02T13:05:49.838+0000] {logging_mixin.py:137} INFO - [2023-03-02T13:05:49.838+0000] {dagbag.py:538} INFO - Filling up the DagBag from /home/airflow/.local/lib/python3.7/site-packages/airflow/example_dags/example_xcom.py
[2023-03-02T13:05:49.853+0000] {processor.py:753} INFO - DAG(s) dict_keys(['example_xcom']) retrieved from /home/airflow/.local/lib/python3.7/site-packages/airflow/example_dags/example_xcom.py
[2023-03-02T13:05:49.878+0000] {logging_mixin.py:137} INFO - [2023-03-02T13:05:49.877+0000] {dag.py:2690} INFO - Sync 1 DAGs
[2023-03-02T13:05:49.893+0000] {logging_mixin.py:137} INFO - [2023-03-02T13:05:49.893+0000] {dag.py:3441} INFO - Setting next_dagrun for example_xcom to 2021-01-01T00:00:00+00:00, run_after=2021-01-01T00:00:00+00:00
[2023-03-02T13:05:49.904+0000] {processor.py:175} INFO - Processing /home/airflow/.local/lib/python3.7/site-packages/airflow/example_dags/example_xcom.py took 0.071 seconds
[2023-03-02T13:06:36.907+0000] {processor.py:153} INFO - Started process (PID=287) to work on /home/airflow/.local/lib/python3.7/site-packages/airflow/example_dags/example_xcom.py
[2023-03-02T13:06:36.960+0000] {processor.py:743} INFO - Processing file /home/airflow/.local/lib/python3.7/site-packages/airflow/example_dags/example_xcom.py for tasks to queue
[2023-03-02T13:06:36.970+0000] {logging_mixin.py:137} INFO - [2023-03-02T13:06:36.970+0000] {dagbag.py:538} INFO - Filling up the DagBag from /home/airflow/.local/lib/python3.7/site-packages/airflow/example_dags/example_xcom.py
[2023-03-02T13:06:37.249+0000] {processor.py:753} INFO - DAG(s) dict_keys(['example_xcom']) retrieved from /home/airflow/.local/lib/python3.7/site-packages/airflow/example_dags/example_xcom.py
[2023-03-02T13:06:37.545+0000] {logging_mixin.py:137} INFO - [2023-03-02T13:06:37.544+0000] {dag.py:2690} INFO - Sync 1 DAGs
[2023-03-02T13:06:37.942+0000] {logging_mixin.py:137} INFO - [2023-03-02T13:06:37.938+0000] {dag.py:3441} INFO - Setting next_dagrun for example_xcom to 2021-01-01T00:00:00+00:00, run_after=2021-01-01T00:00:00+00:00
[2023-03-02T13:06:38.397+0000] {processor.py:175} INFO - Processing /home/airflow/.local/lib/python3.7/site-packages/airflow/example_dags/example_xcom.py took 1.551 seconds
[2023-03-02T14:26:30.749+0000] {processor.py:153} INFO - Started process (PID=357) to work on /home/airflow/.local/lib/python3.7/site-packages/airflow/example_dags/example_xcom.py
[2023-03-02T14:26:30.752+0000] {processor.py:743} INFO - Processing file /home/airflow/.local/lib/python3.7/site-packages/airflow/example_dags/example_xcom.py for tasks to queue
[2023-03-02T14:26:30.755+0000] {logging_mixin.py:137} INFO - [2023-03-02T14:26:30.755+0000] {dagbag.py:538} INFO - Filling up the DagBag from /home/airflow/.local/lib/python3.7/site-packages/airflow/example_dags/example_xcom.py
[2023-03-02T14:26:30.830+0000] {processor.py:753} INFO - DAG(s) dict_keys(['example_xcom']) retrieved from /home/airflow/.local/lib/python3.7/site-packages/airflow/example_dags/example_xcom.py
[2023-03-02T14:26:30.896+0000] {logging_mixin.py:137} INFO - [2023-03-02T14:26:30.895+0000] {dag.py:2690} INFO - Sync 1 DAGs
[2023-03-02T14:26:30.923+0000] {logging_mixin.py:137} INFO - [2023-03-02T14:26:30.923+0000] {dag.py:3441} INFO - Setting next_dagrun for example_xcom to 2021-01-01T00:00:00+00:00, run_after=2021-01-01T00:00:00+00:00
[2023-03-02T14:26:30.959+0000] {processor.py:175} INFO - Processing /home/airflow/.local/lib/python3.7/site-packages/airflow/example_dags/example_xcom.py took 0.215 seconds
[2023-03-02T14:27:03.890+0000] {processor.py:153} INFO - Started process (PID=419) to work on /home/airflow/.local/lib/python3.7/site-packages/airflow/example_dags/example_xcom.py
[2023-03-02T14:27:03.892+0000] {processor.py:743} INFO - Processing file /home/airflow/.local/lib/python3.7/site-packages/airflow/example_dags/example_xcom.py for tasks to queue
[2023-03-02T14:27:03.893+0000] {logging_mixin.py:137} INFO - [2023-03-02T14:27:03.893+0000] {dagbag.py:538} INFO - Filling up the DagBag from /home/airflow/.local/lib/python3.7/site-packages/airflow/example_dags/example_xcom.py
[2023-03-02T14:27:03.913+0000] {processor.py:753} INFO - DAG(s) dict_keys(['example_xcom']) retrieved from /home/airflow/.local/lib/python3.7/site-packages/airflow/example_dags/example_xcom.py
[2023-03-02T14:27:03.945+0000] {logging_mixin.py:137} INFO - [2023-03-02T14:27:03.945+0000] {dag.py:2690} INFO - Sync 1 DAGs
[2023-03-02T14:27:03.978+0000] {logging_mixin.py:137} INFO - [2023-03-02T14:27:03.978+0000] {dag.py:3441} INFO - Setting next_dagrun for example_xcom to 2021-01-01T00:00:00+00:00, run_after=2021-01-01T00:00:00+00:00
[2023-03-02T14:27:03.998+0000] {processor.py:175} INFO - Processing /home/airflow/.local/lib/python3.7/site-packages/airflow/example_dags/example_xcom.py took 0.112 seconds
[2023-03-02T14:28:21.507+0000] {processor.py:153} INFO - Started process (PID=465) to work on /home/airflow/.local/lib/python3.7/site-packages/airflow/example_dags/example_xcom.py
[2023-03-02T14:28:21.513+0000] {processor.py:743} INFO - Processing file /home/airflow/.local/lib/python3.7/site-packages/airflow/example_dags/example_xcom.py for tasks to queue
[2023-03-02T14:28:21.529+0000] {logging_mixin.py:137} INFO - [2023-03-02T14:28:21.529+0000] {dagbag.py:538} INFO - Filling up the DagBag from /home/airflow/.local/lib/python3.7/site-packages/airflow/example_dags/example_xcom.py
[2023-03-02T14:28:21.597+0000] {processor.py:753} INFO - DAG(s) dict_keys(['example_xcom']) retrieved from /home/airflow/.local/lib/python3.7/site-packages/airflow/example_dags/example_xcom.py
[2023-03-02T14:28:21.742+0000] {logging_mixin.py:137} INFO - [2023-03-02T14:28:21.742+0000] {dag.py:2690} INFO - Sync 1 DAGs
[2023-03-02T14:28:21.816+0000] {logging_mixin.py:137} INFO - [2023-03-02T14:28:21.815+0000] {dag.py:3441} INFO - Setting next_dagrun for example_xcom to 2021-01-01T00:00:00+00:00, run_after=2021-01-01T00:00:00+00:00
[2023-03-02T14:28:21.871+0000] {processor.py:175} INFO - Processing /home/airflow/.local/lib/python3.7/site-packages/airflow/example_dags/example_xcom.py took 0.371 seconds
[2023-03-02T14:28:53.353+0000] {processor.py:153} INFO - Started process (PID=517) to work on /home/airflow/.local/lib/python3.7/site-packages/airflow/example_dags/example_xcom.py
[2023-03-02T14:28:53.357+0000] {processor.py:743} INFO - Processing file /home/airflow/.local/lib/python3.7/site-packages/airflow/example_dags/example_xcom.py for tasks to queue
[2023-03-02T14:28:53.359+0000] {logging_mixin.py:137} INFO - [2023-03-02T14:28:53.359+0000] {dagbag.py:538} INFO - Filling up the DagBag from /home/airflow/.local/lib/python3.7/site-packages/airflow/example_dags/example_xcom.py
[2023-03-02T14:28:53.387+0000] {processor.py:753} INFO - DAG(s) dict_keys(['example_xcom']) retrieved from /home/airflow/.local/lib/python3.7/site-packages/airflow/example_dags/example_xcom.py
[2023-03-02T14:28:53.411+0000] {logging_mixin.py:137} INFO - [2023-03-02T14:28:53.410+0000] {dag.py:2690} INFO - Sync 1 DAGs
[2023-03-02T14:28:53.427+0000] {logging_mixin.py:137} INFO - [2023-03-02T14:28:53.427+0000] {dag.py:3441} INFO - Setting next_dagrun for example_xcom to 2021-01-01T00:00:00+00:00, run_after=2021-01-01T00:00:00+00:00
[2023-03-02T14:28:53.439+0000] {processor.py:175} INFO - Processing /home/airflow/.local/lib/python3.7/site-packages/airflow/example_dags/example_xcom.py took 0.088 seconds
[2023-03-02T15:58:27.123+0000] {processor.py:153} INFO - Started process (PID=580) to work on /home/airflow/.local/lib/python3.7/site-packages/airflow/example_dags/example_xcom.py
[2023-03-02T15:58:27.124+0000] {processor.py:743} INFO - Processing file /home/airflow/.local/lib/python3.7/site-packages/airflow/example_dags/example_xcom.py for tasks to queue
[2023-03-02T15:58:27.125+0000] {logging_mixin.py:137} INFO - [2023-03-02T15:58:27.125+0000] {dagbag.py:538} INFO - Filling up the DagBag from /home/airflow/.local/lib/python3.7/site-packages/airflow/example_dags/example_xcom.py
[2023-03-02T15:58:27.147+0000] {processor.py:753} INFO - DAG(s) dict_keys(['example_xcom']) retrieved from /home/airflow/.local/lib/python3.7/site-packages/airflow/example_dags/example_xcom.py
[2023-03-02T15:58:27.170+0000] {logging_mixin.py:137} INFO - [2023-03-02T15:58:27.170+0000] {dag.py:2690} INFO - Sync 1 DAGs
[2023-03-02T15:58:27.186+0000] {logging_mixin.py:137} INFO - [2023-03-02T15:58:27.186+0000] {dag.py:3441} INFO - Setting next_dagrun for example_xcom to 2021-01-01T00:00:00+00:00, run_after=2021-01-01T00:00:00+00:00
[2023-03-02T15:58:27.199+0000] {processor.py:175} INFO - Processing /home/airflow/.local/lib/python3.7/site-packages/airflow/example_dags/example_xcom.py took 0.079 seconds
[2023-03-02T16:32:19.217+0000] {processor.py:153} INFO - Started process (PID=643) to work on /home/airflow/.local/lib/python3.7/site-packages/airflow/example_dags/example_xcom.py
[2023-03-02T16:32:19.220+0000] {processor.py:743} INFO - Processing file /home/airflow/.local/lib/python3.7/site-packages/airflow/example_dags/example_xcom.py for tasks to queue
[2023-03-02T16:32:19.222+0000] {logging_mixin.py:137} INFO - [2023-03-02T16:32:19.222+0000] {dagbag.py:538} INFO - Filling up the DagBag from /home/airflow/.local/lib/python3.7/site-packages/airflow/example_dags/example_xcom.py
[2023-03-02T16:32:19.267+0000] {processor.py:753} INFO - DAG(s) dict_keys(['example_xcom']) retrieved from /home/airflow/.local/lib/python3.7/site-packages/airflow/example_dags/example_xcom.py
[2023-03-02T16:32:19.320+0000] {logging_mixin.py:137} INFO - [2023-03-02T16:32:19.320+0000] {dag.py:2690} INFO - Sync 1 DAGs
[2023-03-02T16:32:19.343+0000] {logging_mixin.py:137} INFO - [2023-03-02T16:32:19.343+0000] {dag.py:3441} INFO - Setting next_dagrun for example_xcom to 2021-01-01T00:00:00+00:00, run_after=2021-01-01T00:00:00+00:00
[2023-03-02T16:32:19.372+0000] {processor.py:175} INFO - Processing /home/airflow/.local/lib/python3.7/site-packages/airflow/example_dags/example_xcom.py took 0.162 seconds
[2023-03-02T16:40:13.993+0000] {processor.py:153} INFO - Started process (PID=748) to work on /home/airflow/.local/lib/python3.7/site-packages/airflow/example_dags/example_xcom.py
[2023-03-02T16:40:14.023+0000] {processor.py:743} INFO - Processing file /home/airflow/.local/lib/python3.7/site-packages/airflow/example_dags/example_xcom.py for tasks to queue
[2023-03-02T16:40:14.044+0000] {logging_mixin.py:137} INFO - [2023-03-02T16:40:14.043+0000] {dagbag.py:538} INFO - Filling up the DagBag from /home/airflow/.local/lib/python3.7/site-packages/airflow/example_dags/example_xcom.py
[2023-03-02T16:40:16.296+0000] {processor.py:753} INFO - DAG(s) dict_keys(['example_xcom']) retrieved from /home/airflow/.local/lib/python3.7/site-packages/airflow/example_dags/example_xcom.py
[2023-03-02T16:40:16.751+0000] {logging_mixin.py:137} INFO - [2023-03-02T16:40:16.745+0000] {dag.py:2690} INFO - Sync 1 DAGs
[2023-03-02T16:40:17.625+0000] {logging_mixin.py:137} INFO - [2023-03-02T16:40:17.544+0000] {dag.py:3441} INFO - Setting next_dagrun for example_xcom to 2021-01-01T00:00:00+00:00, run_after=2021-01-01T00:00:00+00:00
[2023-03-02T16:40:17.951+0000] {processor.py:175} INFO - Processing /home/airflow/.local/lib/python3.7/site-packages/airflow/example_dags/example_xcom.py took 4.033 seconds
[2023-03-02T16:40:50.063+0000] {processor.py:153} INFO - Started process (PID=813) to work on /home/airflow/.local/lib/python3.7/site-packages/airflow/example_dags/example_xcom.py
[2023-03-02T16:40:50.092+0000] {processor.py:743} INFO - Processing file /home/airflow/.local/lib/python3.7/site-packages/airflow/example_dags/example_xcom.py for tasks to queue
[2023-03-02T16:40:50.108+0000] {logging_mixin.py:137} INFO - [2023-03-02T16:40:50.106+0000] {dagbag.py:538} INFO - Filling up the DagBag from /home/airflow/.local/lib/python3.7/site-packages/airflow/example_dags/example_xcom.py
[2023-03-02T16:40:50.204+0000] {processor.py:753} INFO - DAG(s) dict_keys(['example_xcom']) retrieved from /home/airflow/.local/lib/python3.7/site-packages/airflow/example_dags/example_xcom.py
[2023-03-02T16:40:50.369+0000] {logging_mixin.py:137} INFO - [2023-03-02T16:40:50.367+0000] {dag.py:2690} INFO - Sync 1 DAGs
[2023-03-02T16:40:50.466+0000] {logging_mixin.py:137} INFO - [2023-03-02T16:40:50.466+0000] {dag.py:3441} INFO - Setting next_dagrun for example_xcom to 2021-01-01T00:00:00+00:00, run_after=2021-01-01T00:00:00+00:00
[2023-03-02T16:40:50.521+0000] {processor.py:175} INFO - Processing /home/airflow/.local/lib/python3.7/site-packages/airflow/example_dags/example_xcom.py took 0.463 seconds
[2023-03-02T16:41:23.746+0000] {processor.py:153} INFO - Started process (PID=874) to work on /home/airflow/.local/lib/python3.7/site-packages/airflow/example_dags/example_xcom.py
[2023-03-02T16:41:23.753+0000] {processor.py:743} INFO - Processing file /home/airflow/.local/lib/python3.7/site-packages/airflow/example_dags/example_xcom.py for tasks to queue
[2023-03-02T16:41:23.759+0000] {logging_mixin.py:137} INFO - [2023-03-02T16:41:23.759+0000] {dagbag.py:538} INFO - Filling up the DagBag from /home/airflow/.local/lib/python3.7/site-packages/airflow/example_dags/example_xcom.py
[2023-03-02T16:41:23.802+0000] {processor.py:753} INFO - DAG(s) dict_keys(['example_xcom']) retrieved from /home/airflow/.local/lib/python3.7/site-packages/airflow/example_dags/example_xcom.py
[2023-03-02T16:41:23.841+0000] {logging_mixin.py:137} INFO - [2023-03-02T16:41:23.841+0000] {dag.py:2690} INFO - Sync 1 DAGs
[2023-03-02T16:41:23.877+0000] {logging_mixin.py:137} INFO - [2023-03-02T16:41:23.877+0000] {dag.py:3441} INFO - Setting next_dagrun for example_xcom to 2021-01-01T00:00:00+00:00, run_after=2021-01-01T00:00:00+00:00
[2023-03-02T16:41:23.914+0000] {processor.py:175} INFO - Processing /home/airflow/.local/lib/python3.7/site-packages/airflow/example_dags/example_xcom.py took 0.186 seconds
[2023-03-02T16:41:55.866+0000] {processor.py:153} INFO - Started process (PID=937) to work on /home/airflow/.local/lib/python3.7/site-packages/airflow/example_dags/example_xcom.py
[2023-03-02T16:41:55.876+0000] {processor.py:743} INFO - Processing file /home/airflow/.local/lib/python3.7/site-packages/airflow/example_dags/example_xcom.py for tasks to queue
[2023-03-02T16:41:55.880+0000] {logging_mixin.py:137} INFO - [2023-03-02T16:41:55.879+0000] {dagbag.py:538} INFO - Filling up the DagBag from /home/airflow/.local/lib/python3.7/site-packages/airflow/example_dags/example_xcom.py
[2023-03-02T16:41:55.924+0000] {processor.py:753} INFO - DAG(s) dict_keys(['example_xcom']) retrieved from /home/airflow/.local/lib/python3.7/site-packages/airflow/example_dags/example_xcom.py
[2023-03-02T16:41:55.952+0000] {logging_mixin.py:137} INFO - [2023-03-02T16:41:55.951+0000] {dag.py:2690} INFO - Sync 1 DAGs
[2023-03-02T16:41:55.973+0000] {logging_mixin.py:137} INFO - [2023-03-02T16:41:55.973+0000] {dag.py:3441} INFO - Setting next_dagrun for example_xcom to 2021-01-01T00:00:00+00:00, run_after=2021-01-01T00:00:00+00:00
[2023-03-02T16:41:55.987+0000] {processor.py:175} INFO - Processing /home/airflow/.local/lib/python3.7/site-packages/airflow/example_dags/example_xcom.py took 0.133 seconds
[2023-03-02T16:42:26.474+0000] {processor.py:153} INFO - Started process (PID=1000) to work on /home/airflow/.local/lib/python3.7/site-packages/airflow/example_dags/example_xcom.py
[2023-03-02T16:42:26.475+0000] {processor.py:743} INFO - Processing file /home/airflow/.local/lib/python3.7/site-packages/airflow/example_dags/example_xcom.py for tasks to queue
[2023-03-02T16:42:26.476+0000] {logging_mixin.py:137} INFO - [2023-03-02T16:42:26.476+0000] {dagbag.py:538} INFO - Filling up the DagBag from /home/airflow/.local/lib/python3.7/site-packages/airflow/example_dags/example_xcom.py
[2023-03-02T16:42:26.493+0000] {processor.py:753} INFO - DAG(s) dict_keys(['example_xcom']) retrieved from /home/airflow/.local/lib/python3.7/site-packages/airflow/example_dags/example_xcom.py
[2023-03-02T16:42:26.515+0000] {logging_mixin.py:137} INFO - [2023-03-02T16:42:26.515+0000] {dag.py:2690} INFO - Sync 1 DAGs
[2023-03-02T16:42:26.541+0000] {logging_mixin.py:137} INFO - [2023-03-02T16:42:26.541+0000] {dag.py:3441} INFO - Setting next_dagrun for example_xcom to 2021-01-01T00:00:00+00:00, run_after=2021-01-01T00:00:00+00:00
[2023-03-02T16:42:26.557+0000] {processor.py:175} INFO - Processing /home/airflow/.local/lib/python3.7/site-packages/airflow/example_dags/example_xcom.py took 0.086 seconds
[2023-03-02T16:42:57.423+0000] {processor.py:153} INFO - Started process (PID=1063) to work on /home/airflow/.local/lib/python3.7/site-packages/airflow/example_dags/example_xcom.py
[2023-03-02T16:42:57.424+0000] {processor.py:743} INFO - Processing file /home/airflow/.local/lib/python3.7/site-packages/airflow/example_dags/example_xcom.py for tasks to queue
[2023-03-02T16:42:57.425+0000] {logging_mixin.py:137} INFO - [2023-03-02T16:42:57.425+0000] {dagbag.py:538} INFO - Filling up the DagBag from /home/airflow/.local/lib/python3.7/site-packages/airflow/example_dags/example_xcom.py
[2023-03-02T16:42:57.447+0000] {processor.py:753} INFO - DAG(s) dict_keys(['example_xcom']) retrieved from /home/airflow/.local/lib/python3.7/site-packages/airflow/example_dags/example_xcom.py
[2023-03-02T16:42:57.470+0000] {logging_mixin.py:137} INFO - [2023-03-02T16:42:57.469+0000] {dag.py:2690} INFO - Sync 1 DAGs
[2023-03-02T16:42:57.485+0000] {logging_mixin.py:137} INFO - [2023-03-02T16:42:57.485+0000] {dag.py:3441} INFO - Setting next_dagrun for example_xcom to 2021-01-01T00:00:00+00:00, run_after=2021-01-01T00:00:00+00:00
[2023-03-02T16:42:57.499+0000] {processor.py:175} INFO - Processing /home/airflow/.local/lib/python3.7/site-packages/airflow/example_dags/example_xcom.py took 0.079 seconds
[2023-03-02T16:43:29.188+0000] {processor.py:153} INFO - Started process (PID=1138) to work on /home/airflow/.local/lib/python3.7/site-packages/airflow/example_dags/example_xcom.py
[2023-03-02T16:43:29.203+0000] {processor.py:743} INFO - Processing file /home/airflow/.local/lib/python3.7/site-packages/airflow/example_dags/example_xcom.py for tasks to queue
[2023-03-02T16:43:29.205+0000] {logging_mixin.py:137} INFO - [2023-03-02T16:43:29.205+0000] {dagbag.py:538} INFO - Filling up the DagBag from /home/airflow/.local/lib/python3.7/site-packages/airflow/example_dags/example_xcom.py
[2023-03-02T16:43:29.557+0000] {processor.py:753} INFO - DAG(s) dict_keys(['example_xcom']) retrieved from /home/airflow/.local/lib/python3.7/site-packages/airflow/example_dags/example_xcom.py
[2023-03-02T16:43:29.809+0000] {logging_mixin.py:137} INFO - [2023-03-02T16:43:29.809+0000] {dag.py:2690} INFO - Sync 1 DAGs
[2023-03-02T16:43:29.940+0000] {logging_mixin.py:137} INFO - [2023-03-02T16:43:29.939+0000] {dag.py:3441} INFO - Setting next_dagrun for example_xcom to 2021-01-01T00:00:00+00:00, run_after=2021-01-01T00:00:00+00:00
[2023-03-02T16:43:30.007+0000] {processor.py:175} INFO - Processing /home/airflow/.local/lib/python3.7/site-packages/airflow/example_dags/example_xcom.py took 0.843 seconds
[2023-03-02T16:44:00.276+0000] {processor.py:153} INFO - Started process (PID=1200) to work on /home/airflow/.local/lib/python3.7/site-packages/airflow/example_dags/example_xcom.py
[2023-03-02T16:44:00.293+0000] {processor.py:743} INFO - Processing file /home/airflow/.local/lib/python3.7/site-packages/airflow/example_dags/example_xcom.py for tasks to queue
[2023-03-02T16:44:00.302+0000] {logging_mixin.py:137} INFO - [2023-03-02T16:44:00.301+0000] {dagbag.py:538} INFO - Filling up the DagBag from /home/airflow/.local/lib/python3.7/site-packages/airflow/example_dags/example_xcom.py
[2023-03-02T16:44:00.382+0000] {processor.py:753} INFO - DAG(s) dict_keys(['example_xcom']) retrieved from /home/airflow/.local/lib/python3.7/site-packages/airflow/example_dags/example_xcom.py
[2023-03-02T16:44:00.487+0000] {logging_mixin.py:137} INFO - [2023-03-02T16:44:00.487+0000] {dag.py:2690} INFO - Sync 1 DAGs
[2023-03-02T16:44:00.522+0000] {logging_mixin.py:137} INFO - [2023-03-02T16:44:00.521+0000] {dag.py:3441} INFO - Setting next_dagrun for example_xcom to 2021-01-01T00:00:00+00:00, run_after=2021-01-01T00:00:00+00:00
[2023-03-02T16:44:00.576+0000] {processor.py:175} INFO - Processing /home/airflow/.local/lib/python3.7/site-packages/airflow/example_dags/example_xcom.py took 0.328 seconds
[2023-03-02T16:49:49.669+0000] {processor.py:153} INFO - Started process (PID=1291) to work on /home/airflow/.local/lib/python3.7/site-packages/airflow/example_dags/example_xcom.py
[2023-03-02T16:49:49.682+0000] {processor.py:743} INFO - Processing file /home/airflow/.local/lib/python3.7/site-packages/airflow/example_dags/example_xcom.py for tasks to queue
[2023-03-02T16:49:49.683+0000] {logging_mixin.py:137} INFO - [2023-03-02T16:49:49.683+0000] {dagbag.py:538} INFO - Filling up the DagBag from /home/airflow/.local/lib/python3.7/site-packages/airflow/example_dags/example_xcom.py
[2023-03-02T16:49:49.714+0000] {processor.py:753} INFO - DAG(s) dict_keys(['example_xcom']) retrieved from /home/airflow/.local/lib/python3.7/site-packages/airflow/example_dags/example_xcom.py
[2023-03-02T16:49:49.801+0000] {logging_mixin.py:137} INFO - [2023-03-02T16:49:49.800+0000] {dag.py:2690} INFO - Sync 1 DAGs
[2023-03-02T16:49:49.850+0000] {logging_mixin.py:137} INFO - [2023-03-02T16:49:49.850+0000] {dag.py:3441} INFO - Setting next_dagrun for example_xcom to 2021-01-01T00:00:00+00:00, run_after=2021-01-01T00:00:00+00:00
[2023-03-02T16:49:49.892+0000] {processor.py:175} INFO - Processing /home/airflow/.local/lib/python3.7/site-packages/airflow/example_dags/example_xcom.py took 0.228 seconds
[2023-03-02T16:50:26.094+0000] {processor.py:153} INFO - Started process (PID=1366) to work on /home/airflow/.local/lib/python3.7/site-packages/airflow/example_dags/example_xcom.py
[2023-03-02T16:50:26.097+0000] {processor.py:743} INFO - Processing file /home/airflow/.local/lib/python3.7/site-packages/airflow/example_dags/example_xcom.py for tasks to queue
[2023-03-02T16:50:26.098+0000] {logging_mixin.py:137} INFO - [2023-03-02T16:50:26.098+0000] {dagbag.py:538} INFO - Filling up the DagBag from /home/airflow/.local/lib/python3.7/site-packages/airflow/example_dags/example_xcom.py
[2023-03-02T16:50:26.139+0000] {processor.py:753} INFO - DAG(s) dict_keys(['example_xcom']) retrieved from /home/airflow/.local/lib/python3.7/site-packages/airflow/example_dags/example_xcom.py
[2023-03-02T16:50:26.248+0000] {logging_mixin.py:137} INFO - [2023-03-02T16:50:26.246+0000] {dag.py:2690} INFO - Sync 1 DAGs
[2023-03-02T16:50:26.339+0000] {logging_mixin.py:137} INFO - [2023-03-02T16:50:26.338+0000] {dag.py:3441} INFO - Setting next_dagrun for example_xcom to 2021-01-01T00:00:00+00:00, run_after=2021-01-01T00:00:00+00:00
[2023-03-02T16:50:26.382+0000] {processor.py:175} INFO - Processing /home/airflow/.local/lib/python3.7/site-packages/airflow/example_dags/example_xcom.py took 0.293 seconds
[2023-03-02T16:50:57.736+0000] {processor.py:153} INFO - Started process (PID=1431) to work on /home/airflow/.local/lib/python3.7/site-packages/airflow/example_dags/example_xcom.py
[2023-03-02T16:50:57.756+0000] {processor.py:743} INFO - Processing file /home/airflow/.local/lib/python3.7/site-packages/airflow/example_dags/example_xcom.py for tasks to queue
[2023-03-02T16:50:57.760+0000] {logging_mixin.py:137} INFO - [2023-03-02T16:50:57.759+0000] {dagbag.py:538} INFO - Filling up the DagBag from /home/airflow/.local/lib/python3.7/site-packages/airflow/example_dags/example_xcom.py
[2023-03-02T16:50:57.829+0000] {processor.py:753} INFO - DAG(s) dict_keys(['example_xcom']) retrieved from /home/airflow/.local/lib/python3.7/site-packages/airflow/example_dags/example_xcom.py
[2023-03-02T16:50:57.906+0000] {logging_mixin.py:137} INFO - [2023-03-02T16:50:57.905+0000] {dag.py:2690} INFO - Sync 1 DAGs
[2023-03-02T16:50:57.956+0000] {logging_mixin.py:137} INFO - [2023-03-02T16:50:57.956+0000] {dag.py:3441} INFO - Setting next_dagrun for example_xcom to 2021-01-01T00:00:00+00:00, run_after=2021-01-01T00:00:00+00:00
[2023-03-02T16:50:57.978+0000] {processor.py:175} INFO - Processing /home/airflow/.local/lib/python3.7/site-packages/airflow/example_dags/example_xcom.py took 0.257 seconds
[2023-03-02T16:51:29.480+0000] {processor.py:153} INFO - Started process (PID=1494) to work on /home/airflow/.local/lib/python3.7/site-packages/airflow/example_dags/example_xcom.py
[2023-03-02T16:51:29.509+0000] {processor.py:743} INFO - Processing file /home/airflow/.local/lib/python3.7/site-packages/airflow/example_dags/example_xcom.py for tasks to queue
[2023-03-02T16:51:29.519+0000] {logging_mixin.py:137} INFO - [2023-03-02T16:51:29.518+0000] {dagbag.py:538} INFO - Filling up the DagBag from /home/airflow/.local/lib/python3.7/site-packages/airflow/example_dags/example_xcom.py
[2023-03-02T16:51:29.682+0000] {processor.py:753} INFO - DAG(s) dict_keys(['example_xcom']) retrieved from /home/airflow/.local/lib/python3.7/site-packages/airflow/example_dags/example_xcom.py
[2023-03-02T16:51:29.807+0000] {logging_mixin.py:137} INFO - [2023-03-02T16:51:29.807+0000] {dag.py:2690} INFO - Sync 1 DAGs
[2023-03-02T16:51:29.872+0000] {logging_mixin.py:137} INFO - [2023-03-02T16:51:29.872+0000] {dag.py:3441} INFO - Setting next_dagrun for example_xcom to 2021-01-01T00:00:00+00:00, run_after=2021-01-01T00:00:00+00:00
[2023-03-02T16:51:29.914+0000] {processor.py:175} INFO - Processing /home/airflow/.local/lib/python3.7/site-packages/airflow/example_dags/example_xcom.py took 0.464 seconds
[2023-03-02T16:52:00.802+0000] {processor.py:153} INFO - Started process (PID=1557) to work on /home/airflow/.local/lib/python3.7/site-packages/airflow/example_dags/example_xcom.py
[2023-03-02T16:52:00.809+0000] {processor.py:743} INFO - Processing file /home/airflow/.local/lib/python3.7/site-packages/airflow/example_dags/example_xcom.py for tasks to queue
[2023-03-02T16:52:00.815+0000] {logging_mixin.py:137} INFO - [2023-03-02T16:52:00.814+0000] {dagbag.py:538} INFO - Filling up the DagBag from /home/airflow/.local/lib/python3.7/site-packages/airflow/example_dags/example_xcom.py
[2023-03-02T16:52:00.980+0000] {processor.py:753} INFO - DAG(s) dict_keys(['example_xcom']) retrieved from /home/airflow/.local/lib/python3.7/site-packages/airflow/example_dags/example_xcom.py
[2023-03-02T16:52:01.091+0000] {logging_mixin.py:137} INFO - [2023-03-02T16:52:01.091+0000] {dag.py:2690} INFO - Sync 1 DAGs
[2023-03-02T16:52:01.146+0000] {logging_mixin.py:137} INFO - [2023-03-02T16:52:01.145+0000] {dag.py:3441} INFO - Setting next_dagrun for example_xcom to 2021-01-01T00:00:00+00:00, run_after=2021-01-01T00:00:00+00:00
[2023-03-02T16:52:01.176+0000] {processor.py:175} INFO - Processing /home/airflow/.local/lib/python3.7/site-packages/airflow/example_dags/example_xcom.py took 0.398 seconds
[2023-03-02T16:52:32.216+0000] {processor.py:153} INFO - Started process (PID=1633) to work on /home/airflow/.local/lib/python3.7/site-packages/airflow/example_dags/example_xcom.py
[2023-03-02T16:52:32.244+0000] {processor.py:743} INFO - Processing file /home/airflow/.local/lib/python3.7/site-packages/airflow/example_dags/example_xcom.py for tasks to queue
[2023-03-02T16:52:32.250+0000] {logging_mixin.py:137} INFO - [2023-03-02T16:52:32.249+0000] {dagbag.py:538} INFO - Filling up the DagBag from /home/airflow/.local/lib/python3.7/site-packages/airflow/example_dags/example_xcom.py
[2023-03-02T16:52:32.512+0000] {processor.py:753} INFO - DAG(s) dict_keys(['example_xcom']) retrieved from /home/airflow/.local/lib/python3.7/site-packages/airflow/example_dags/example_xcom.py
[2023-03-02T16:52:33.169+0000] {logging_mixin.py:137} INFO - [2023-03-02T16:52:33.168+0000] {dag.py:2690} INFO - Sync 1 DAGs
[2023-03-02T16:52:33.401+0000] {logging_mixin.py:137} INFO - [2023-03-02T16:52:33.399+0000] {dag.py:3441} INFO - Setting next_dagrun for example_xcom to 2021-01-01T00:00:00+00:00, run_after=2021-01-01T00:00:00+00:00
[2023-03-02T16:52:34.016+0000] {processor.py:175} INFO - Processing /home/airflow/.local/lib/python3.7/site-packages/airflow/example_dags/example_xcom.py took 1.886 seconds
[2023-03-02T16:53:04.771+0000] {processor.py:153} INFO - Started process (PID=1697) to work on /home/airflow/.local/lib/python3.7/site-packages/airflow/example_dags/example_xcom.py
[2023-03-02T16:53:04.774+0000] {processor.py:743} INFO - Processing file /home/airflow/.local/lib/python3.7/site-packages/airflow/example_dags/example_xcom.py for tasks to queue
[2023-03-02T16:53:04.776+0000] {logging_mixin.py:137} INFO - [2023-03-02T16:53:04.776+0000] {dagbag.py:538} INFO - Filling up the DagBag from /home/airflow/.local/lib/python3.7/site-packages/airflow/example_dags/example_xcom.py
[2023-03-02T16:53:04.810+0000] {processor.py:753} INFO - DAG(s) dict_keys(['example_xcom']) retrieved from /home/airflow/.local/lib/python3.7/site-packages/airflow/example_dags/example_xcom.py
[2023-03-02T16:53:04.867+0000] {logging_mixin.py:137} INFO - [2023-03-02T16:53:04.867+0000] {dag.py:2690} INFO - Sync 1 DAGs
[2023-03-02T16:53:04.891+0000] {logging_mixin.py:137} INFO - [2023-03-02T16:53:04.891+0000] {dag.py:3441} INFO - Setting next_dagrun for example_xcom to 2021-01-01T00:00:00+00:00, run_after=2021-01-01T00:00:00+00:00
[2023-03-02T16:53:04.906+0000] {processor.py:175} INFO - Processing /home/airflow/.local/lib/python3.7/site-packages/airflow/example_dags/example_xcom.py took 0.138 seconds
[2023-03-02T16:53:35.678+0000] {processor.py:153} INFO - Started process (PID=1772) to work on /home/airflow/.local/lib/python3.7/site-packages/airflow/example_dags/example_xcom.py
[2023-03-02T16:53:35.688+0000] {processor.py:743} INFO - Processing file /home/airflow/.local/lib/python3.7/site-packages/airflow/example_dags/example_xcom.py for tasks to queue
[2023-03-02T16:53:35.691+0000] {logging_mixin.py:137} INFO - [2023-03-02T16:53:35.690+0000] {dagbag.py:538} INFO - Filling up the DagBag from /home/airflow/.local/lib/python3.7/site-packages/airflow/example_dags/example_xcom.py
[2023-03-02T16:53:35.737+0000] {processor.py:753} INFO - DAG(s) dict_keys(['example_xcom']) retrieved from /home/airflow/.local/lib/python3.7/site-packages/airflow/example_dags/example_xcom.py
[2023-03-02T16:53:35.784+0000] {logging_mixin.py:137} INFO - [2023-03-02T16:53:35.784+0000] {dag.py:2690} INFO - Sync 1 DAGs
[2023-03-02T16:53:35.806+0000] {logging_mixin.py:137} INFO - [2023-03-02T16:53:35.806+0000] {dag.py:3441} INFO - Setting next_dagrun for example_xcom to 2021-01-01T00:00:00+00:00, run_after=2021-01-01T00:00:00+00:00
[2023-03-02T16:53:35.821+0000] {processor.py:175} INFO - Processing /home/airflow/.local/lib/python3.7/site-packages/airflow/example_dags/example_xcom.py took 0.150 seconds
[2023-03-02T16:54:06.526+0000] {processor.py:153} INFO - Started process (PID=1836) to work on /home/airflow/.local/lib/python3.7/site-packages/airflow/example_dags/example_xcom.py
[2023-03-02T16:54:06.530+0000] {processor.py:743} INFO - Processing file /home/airflow/.local/lib/python3.7/site-packages/airflow/example_dags/example_xcom.py for tasks to queue
[2023-03-02T16:54:06.534+0000] {logging_mixin.py:137} INFO - [2023-03-02T16:54:06.533+0000] {dagbag.py:538} INFO - Filling up the DagBag from /home/airflow/.local/lib/python3.7/site-packages/airflow/example_dags/example_xcom.py
[2023-03-02T16:54:06.582+0000] {processor.py:753} INFO - DAG(s) dict_keys(['example_xcom']) retrieved from /home/airflow/.local/lib/python3.7/site-packages/airflow/example_dags/example_xcom.py
[2023-03-02T16:54:06.637+0000] {logging_mixin.py:137} INFO - [2023-03-02T16:54:06.637+0000] {dag.py:2690} INFO - Sync 1 DAGs
[2023-03-02T16:54:06.665+0000] {logging_mixin.py:137} INFO - [2023-03-02T16:54:06.665+0000] {dag.py:3441} INFO - Setting next_dagrun for example_xcom to 2021-01-01T00:00:00+00:00, run_after=2021-01-01T00:00:00+00:00
[2023-03-02T16:54:06.688+0000] {processor.py:175} INFO - Processing /home/airflow/.local/lib/python3.7/site-packages/airflow/example_dags/example_xcom.py took 0.176 seconds
[2023-03-02T17:25:12.885+0000] {processor.py:153} INFO - Started process (PID=1957) to work on /home/airflow/.local/lib/python3.7/site-packages/airflow/example_dags/example_xcom.py
[2023-03-02T17:25:12.897+0000] {processor.py:743} INFO - Processing file /home/airflow/.local/lib/python3.7/site-packages/airflow/example_dags/example_xcom.py for tasks to queue
[2023-03-02T17:25:12.905+0000] {logging_mixin.py:137} INFO - [2023-03-02T17:25:12.905+0000] {dagbag.py:538} INFO - Filling up the DagBag from /home/airflow/.local/lib/python3.7/site-packages/airflow/example_dags/example_xcom.py
[2023-03-02T17:25:13.072+0000] {processor.py:753} INFO - DAG(s) dict_keys(['example_xcom']) retrieved from /home/airflow/.local/lib/python3.7/site-packages/airflow/example_dags/example_xcom.py
[2023-03-02T17:25:13.323+0000] {logging_mixin.py:137} INFO - [2023-03-02T17:25:13.321+0000] {dag.py:2690} INFO - Sync 1 DAGs
[2023-03-02T17:25:13.533+0000] {logging_mixin.py:137} INFO - [2023-03-02T17:25:13.532+0000] {dag.py:3441} INFO - Setting next_dagrun for example_xcom to 2021-01-01T00:00:00+00:00, run_after=2021-01-01T00:00:00+00:00
[2023-03-02T17:25:13.616+0000] {processor.py:175} INFO - Processing /home/airflow/.local/lib/python3.7/site-packages/airflow/example_dags/example_xcom.py took 0.758 seconds
[2023-03-02T17:25:44.803+0000] {processor.py:153} INFO - Started process (PID=2021) to work on /home/airflow/.local/lib/python3.7/site-packages/airflow/example_dags/example_xcom.py
[2023-03-02T17:25:44.807+0000] {processor.py:743} INFO - Processing file /home/airflow/.local/lib/python3.7/site-packages/airflow/example_dags/example_xcom.py for tasks to queue
[2023-03-02T17:25:44.809+0000] {logging_mixin.py:137} INFO - [2023-03-02T17:25:44.809+0000] {dagbag.py:538} INFO - Filling up the DagBag from /home/airflow/.local/lib/python3.7/site-packages/airflow/example_dags/example_xcom.py
[2023-03-02T17:25:44.864+0000] {processor.py:753} INFO - DAG(s) dict_keys(['example_xcom']) retrieved from /home/airflow/.local/lib/python3.7/site-packages/airflow/example_dags/example_xcom.py
[2023-03-02T17:25:44.917+0000] {logging_mixin.py:137} INFO - [2023-03-02T17:25:44.917+0000] {dag.py:2690} INFO - Sync 1 DAGs
[2023-03-02T17:25:44.955+0000] {logging_mixin.py:137} INFO - [2023-03-02T17:25:44.955+0000] {dag.py:3441} INFO - Setting next_dagrun for example_xcom to 2021-01-01T00:00:00+00:00, run_after=2021-01-01T00:00:00+00:00
[2023-03-02T17:25:44.978+0000] {processor.py:175} INFO - Processing /home/airflow/.local/lib/python3.7/site-packages/airflow/example_dags/example_xcom.py took 0.187 seconds
[2023-03-02T17:26:15.524+0000] {processor.py:153} INFO - Started process (PID=2084) to work on /home/airflow/.local/lib/python3.7/site-packages/airflow/example_dags/example_xcom.py
[2023-03-02T17:26:15.525+0000] {processor.py:743} INFO - Processing file /home/airflow/.local/lib/python3.7/site-packages/airflow/example_dags/example_xcom.py for tasks to queue
[2023-03-02T17:26:15.526+0000] {logging_mixin.py:137} INFO - [2023-03-02T17:26:15.526+0000] {dagbag.py:538} INFO - Filling up the DagBag from /home/airflow/.local/lib/python3.7/site-packages/airflow/example_dags/example_xcom.py
[2023-03-02T17:26:15.542+0000] {processor.py:753} INFO - DAG(s) dict_keys(['example_xcom']) retrieved from /home/airflow/.local/lib/python3.7/site-packages/airflow/example_dags/example_xcom.py
[2023-03-02T17:26:15.564+0000] {logging_mixin.py:137} INFO - [2023-03-02T17:26:15.564+0000] {dag.py:2690} INFO - Sync 1 DAGs
[2023-03-02T17:26:15.580+0000] {logging_mixin.py:137} INFO - [2023-03-02T17:26:15.580+0000] {dag.py:3441} INFO - Setting next_dagrun for example_xcom to 2021-01-01T00:00:00+00:00, run_after=2021-01-01T00:00:00+00:00
[2023-03-02T17:26:15.593+0000] {processor.py:175} INFO - Processing /home/airflow/.local/lib/python3.7/site-packages/airflow/example_dags/example_xcom.py took 0.073 seconds
[2023-03-02T17:26:46.751+0000] {processor.py:153} INFO - Started process (PID=2148) to work on /home/airflow/.local/lib/python3.7/site-packages/airflow/example_dags/example_xcom.py
[2023-03-02T17:26:46.752+0000] {processor.py:743} INFO - Processing file /home/airflow/.local/lib/python3.7/site-packages/airflow/example_dags/example_xcom.py for tasks to queue
[2023-03-02T17:26:46.754+0000] {logging_mixin.py:137} INFO - [2023-03-02T17:26:46.754+0000] {dagbag.py:538} INFO - Filling up the DagBag from /home/airflow/.local/lib/python3.7/site-packages/airflow/example_dags/example_xcom.py
[2023-03-02T17:26:46.790+0000] {processor.py:753} INFO - DAG(s) dict_keys(['example_xcom']) retrieved from /home/airflow/.local/lib/python3.7/site-packages/airflow/example_dags/example_xcom.py
[2023-03-02T17:26:46.823+0000] {logging_mixin.py:137} INFO - [2023-03-02T17:26:46.823+0000] {dag.py:2690} INFO - Sync 1 DAGs
[2023-03-02T17:26:46.895+0000] {logging_mixin.py:137} INFO - [2023-03-02T17:26:46.895+0000] {dag.py:3441} INFO - Setting next_dagrun for example_xcom to 2021-01-01T00:00:00+00:00, run_after=2021-01-01T00:00:00+00:00
[2023-03-02T17:26:46.917+0000] {processor.py:175} INFO - Processing /home/airflow/.local/lib/python3.7/site-packages/airflow/example_dags/example_xcom.py took 0.170 seconds
[2023-03-02T17:27:20.649+0000] {processor.py:153} INFO - Started process (PID=2218) to work on /home/airflow/.local/lib/python3.7/site-packages/airflow/example_dags/example_xcom.py
[2023-03-02T17:27:20.652+0000] {processor.py:743} INFO - Processing file /home/airflow/.local/lib/python3.7/site-packages/airflow/example_dags/example_xcom.py for tasks to queue
[2023-03-02T17:27:20.663+0000] {logging_mixin.py:137} INFO - [2023-03-02T17:27:20.662+0000] {dagbag.py:538} INFO - Filling up the DagBag from /home/airflow/.local/lib/python3.7/site-packages/airflow/example_dags/example_xcom.py
[2023-03-02T17:27:20.778+0000] {processor.py:753} INFO - DAG(s) dict_keys(['example_xcom']) retrieved from /home/airflow/.local/lib/python3.7/site-packages/airflow/example_dags/example_xcom.py
[2023-03-02T17:27:20.860+0000] {logging_mixin.py:137} INFO - [2023-03-02T17:27:20.859+0000] {dag.py:2690} INFO - Sync 1 DAGs
[2023-03-02T17:27:20.921+0000] {logging_mixin.py:137} INFO - [2023-03-02T17:27:20.921+0000] {dag.py:3441} INFO - Setting next_dagrun for example_xcom to 2021-01-01T00:00:00+00:00, run_after=2021-01-01T00:00:00+00:00
[2023-03-02T17:27:21.039+0000] {processor.py:175} INFO - Processing /home/airflow/.local/lib/python3.7/site-packages/airflow/example_dags/example_xcom.py took 0.394 seconds
[2023-03-02T18:31:45.721+0000] {processor.py:153} INFO - Started process (PID=2254) to work on /home/airflow/.local/lib/python3.7/site-packages/airflow/example_dags/example_xcom.py
[2023-03-02T18:31:45.723+0000] {processor.py:743} INFO - Processing file /home/airflow/.local/lib/python3.7/site-packages/airflow/example_dags/example_xcom.py for tasks to queue
[2023-03-02T18:31:45.724+0000] {logging_mixin.py:137} INFO - [2023-03-02T18:31:45.723+0000] {dagbag.py:538} INFO - Filling up the DagBag from /home/airflow/.local/lib/python3.7/site-packages/airflow/example_dags/example_xcom.py
[2023-03-02T18:31:45.741+0000] {processor.py:753} INFO - DAG(s) dict_keys(['example_xcom']) retrieved from /home/airflow/.local/lib/python3.7/site-packages/airflow/example_dags/example_xcom.py
[2023-03-02T18:31:45.765+0000] {logging_mixin.py:137} INFO - [2023-03-02T18:31:45.765+0000] {dag.py:2690} INFO - Sync 1 DAGs
[2023-03-02T18:31:45.791+0000] {logging_mixin.py:137} INFO - [2023-03-02T18:31:45.791+0000] {dag.py:3441} INFO - Setting next_dagrun for example_xcom to 2021-01-01T00:00:00+00:00, run_after=2021-01-01T00:00:00+00:00
[2023-03-02T18:31:45.807+0000] {processor.py:175} INFO - Processing /home/airflow/.local/lib/python3.7/site-packages/airflow/example_dags/example_xcom.py took 0.088 seconds
[2023-03-02T18:49:43.230+0000] {processor.py:153} INFO - Started process (PID=2315) to work on /home/airflow/.local/lib/python3.7/site-packages/airflow/example_dags/example_xcom.py
[2023-03-02T18:49:43.234+0000] {processor.py:743} INFO - Processing file /home/airflow/.local/lib/python3.7/site-packages/airflow/example_dags/example_xcom.py for tasks to queue
[2023-03-02T18:49:43.238+0000] {logging_mixin.py:137} INFO - [2023-03-02T18:49:43.238+0000] {dagbag.py:538} INFO - Filling up the DagBag from /home/airflow/.local/lib/python3.7/site-packages/airflow/example_dags/example_xcom.py
[2023-03-02T18:49:43.331+0000] {processor.py:753} INFO - DAG(s) dict_keys(['example_xcom']) retrieved from /home/airflow/.local/lib/python3.7/site-packages/airflow/example_dags/example_xcom.py
[2023-03-02T18:49:43.564+0000] {logging_mixin.py:137} INFO - [2023-03-02T18:49:43.564+0000] {dag.py:2690} INFO - Sync 1 DAGs
[2023-03-02T18:49:43.644+0000] {logging_mixin.py:137} INFO - [2023-03-02T18:49:43.644+0000] {dag.py:3441} INFO - Setting next_dagrun for example_xcom to 2021-01-01T00:00:00+00:00, run_after=2021-01-01T00:00:00+00:00
[2023-03-02T18:49:43.722+0000] {processor.py:175} INFO - Processing /home/airflow/.local/lib/python3.7/site-packages/airflow/example_dags/example_xcom.py took 0.511 seconds
[2023-03-02T20:07:27.417+0000] {processor.py:153} INFO - Started process (PID=2396) to work on /home/airflow/.local/lib/python3.7/site-packages/airflow/example_dags/example_xcom.py
[2023-03-02T20:07:27.446+0000] {processor.py:743} INFO - Processing file /home/airflow/.local/lib/python3.7/site-packages/airflow/example_dags/example_xcom.py for tasks to queue
[2023-03-02T20:07:27.457+0000] {logging_mixin.py:137} INFO - [2023-03-02T20:07:27.455+0000] {dagbag.py:538} INFO - Filling up the DagBag from /home/airflow/.local/lib/python3.7/site-packages/airflow/example_dags/example_xcom.py
[2023-03-02T20:07:29.437+0000] {processor.py:753} INFO - DAG(s) dict_keys(['example_xcom']) retrieved from /home/airflow/.local/lib/python3.7/site-packages/airflow/example_dags/example_xcom.py
[2023-03-02T20:07:30.756+0000] {logging_mixin.py:137} INFO - [2023-03-02T20:07:30.744+0000] {dag.py:2690} INFO - Sync 1 DAGs
[2023-03-02T20:07:31.696+0000] {logging_mixin.py:137} INFO - [2023-03-02T20:07:31.692+0000] {dag.py:3441} INFO - Setting next_dagrun for example_xcom to 2021-01-01T00:00:00+00:00, run_after=2021-01-01T00:00:00+00:00
[2023-03-02T20:07:33.131+0000] {processor.py:175} INFO - Processing /home/airflow/.local/lib/python3.7/site-packages/airflow/example_dags/example_xcom.py took 5.698 seconds
