[2023-03-02T13:04:46.101+0000] {processor.py:153} INFO - Started process (PID=63) to work on /home/airflow/.local/lib/python3.7/site-packages/airflow/example_dags/example_branch_operator.py
[2023-03-02T13:04:46.109+0000] {processor.py:743} INFO - Processing file /home/airflow/.local/lib/python3.7/site-packages/airflow/example_dags/example_branch_operator.py for tasks to queue
[2023-03-02T13:04:46.118+0000] {logging_mixin.py:137} INFO - [2023-03-02T13:04:46.117+0000] {dagbag.py:538} INFO - Filling up the DagBag from /home/airflow/.local/lib/python3.7/site-packages/airflow/example_dags/example_branch_operator.py
[2023-03-02T13:04:46.202+0000] {processor.py:753} INFO - DAG(s) dict_keys(['example_branch_operator']) retrieved from /home/airflow/.local/lib/python3.7/site-packages/airflow/example_dags/example_branch_operator.py
[2023-03-02T13:04:46.471+0000] {logging_mixin.py:137} INFO - [2023-03-02T13:04:46.470+0000] {manager.py:504} INFO - Created Permission View: can delete on DAG:example_branch_operator
[2023-03-02T13:04:46.492+0000] {logging_mixin.py:137} INFO - [2023-03-02T13:04:46.492+0000] {manager.py:504} INFO - Created Permission View: can read on DAG:example_branch_operator
[2023-03-02T13:04:46.517+0000] {logging_mixin.py:137} INFO - [2023-03-02T13:04:46.517+0000] {manager.py:504} INFO - Created Permission View: can edit on DAG:example_branch_operator
[2023-03-02T13:04:46.521+0000] {logging_mixin.py:137} INFO - [2023-03-02T13:04:46.521+0000] {dag.py:2690} INFO - Sync 1 DAGs
[2023-03-02T13:04:46.550+0000] {logging_mixin.py:137} INFO - [2023-03-02T13:04:46.549+0000] {dag.py:2711} INFO - Creating ORM DAG for example_branch_operator
[2023-03-02T13:04:46.602+0000] {logging_mixin.py:137} INFO - [2023-03-02T13:04:46.602+0000] {dag.py:3441} INFO - Setting next_dagrun for example_branch_operator to 2023-03-01T00:00:00+00:00, run_after=2023-03-02T00:00:00+00:00
[2023-03-02T13:04:46.649+0000] {processor.py:175} INFO - Processing /home/airflow/.local/lib/python3.7/site-packages/airflow/example_dags/example_branch_operator.py took 0.558 seconds
[2023-03-02T13:05:16.952+0000] {processor.py:153} INFO - Started process (PID=127) to work on /home/airflow/.local/lib/python3.7/site-packages/airflow/example_dags/example_branch_operator.py
[2023-03-02T13:05:16.954+0000] {processor.py:743} INFO - Processing file /home/airflow/.local/lib/python3.7/site-packages/airflow/example_dags/example_branch_operator.py for tasks to queue
[2023-03-02T13:05:16.954+0000] {logging_mixin.py:137} INFO - [2023-03-02T13:05:16.954+0000] {dagbag.py:538} INFO - Filling up the DagBag from /home/airflow/.local/lib/python3.7/site-packages/airflow/example_dags/example_branch_operator.py
[2023-03-02T13:05:16.967+0000] {processor.py:753} INFO - DAG(s) dict_keys(['example_branch_operator']) retrieved from /home/airflow/.local/lib/python3.7/site-packages/airflow/example_dags/example_branch_operator.py
[2023-03-02T13:05:16.986+0000] {logging_mixin.py:137} INFO - [2023-03-02T13:05:16.986+0000] {dag.py:2690} INFO - Sync 1 DAGs
[2023-03-02T13:05:17.000+0000] {logging_mixin.py:137} INFO - [2023-03-02T13:05:17.000+0000] {dag.py:3441} INFO - Setting next_dagrun for example_branch_operator to 2023-03-01T00:00:00+00:00, run_after=2023-03-02T00:00:00+00:00
[2023-03-02T13:05:17.011+0000] {processor.py:175} INFO - Processing /home/airflow/.local/lib/python3.7/site-packages/airflow/example_dags/example_branch_operator.py took 0.061 seconds
[2023-03-02T13:05:47.202+0000] {processor.py:153} INFO - Started process (PID=203) to work on /home/airflow/.local/lib/python3.7/site-packages/airflow/example_dags/example_branch_operator.py
[2023-03-02T13:05:47.204+0000] {processor.py:743} INFO - Processing file /home/airflow/.local/lib/python3.7/site-packages/airflow/example_dags/example_branch_operator.py for tasks to queue
[2023-03-02T13:05:47.205+0000] {logging_mixin.py:137} INFO - [2023-03-02T13:05:47.205+0000] {dagbag.py:538} INFO - Filling up the DagBag from /home/airflow/.local/lib/python3.7/site-packages/airflow/example_dags/example_branch_operator.py
[2023-03-02T13:05:47.220+0000] {processor.py:753} INFO - DAG(s) dict_keys(['example_branch_operator']) retrieved from /home/airflow/.local/lib/python3.7/site-packages/airflow/example_dags/example_branch_operator.py
[2023-03-02T13:05:47.243+0000] {logging_mixin.py:137} INFO - [2023-03-02T13:05:47.242+0000] {dag.py:2690} INFO - Sync 1 DAGs
[2023-03-02T13:05:47.258+0000] {logging_mixin.py:137} INFO - [2023-03-02T13:05:47.258+0000] {dag.py:3441} INFO - Setting next_dagrun for example_branch_operator to 2023-03-01T00:00:00+00:00, run_after=2023-03-02T00:00:00+00:00
[2023-03-02T13:05:47.270+0000] {processor.py:175} INFO - Processing /home/airflow/.local/lib/python3.7/site-packages/airflow/example_dags/example_branch_operator.py took 0.070 seconds
[2023-03-02T13:06:24.675+0000] {processor.py:153} INFO - Started process (PID=276) to work on /home/airflow/.local/lib/python3.7/site-packages/airflow/example_dags/example_branch_operator.py
[2023-03-02T13:06:24.680+0000] {processor.py:743} INFO - Processing file /home/airflow/.local/lib/python3.7/site-packages/airflow/example_dags/example_branch_operator.py for tasks to queue
[2023-03-02T13:06:24.683+0000] {logging_mixin.py:137} INFO - [2023-03-02T13:06:24.683+0000] {dagbag.py:538} INFO - Filling up the DagBag from /home/airflow/.local/lib/python3.7/site-packages/airflow/example_dags/example_branch_operator.py
[2023-03-02T13:06:24.754+0000] {processor.py:753} INFO - DAG(s) dict_keys(['example_branch_operator']) retrieved from /home/airflow/.local/lib/python3.7/site-packages/airflow/example_dags/example_branch_operator.py
[2023-03-02T13:06:24.935+0000] {logging_mixin.py:137} INFO - [2023-03-02T13:06:24.935+0000] {dag.py:2690} INFO - Sync 1 DAGs
[2023-03-02T13:06:26.164+0000] {logging_mixin.py:137} INFO - [2023-03-02T13:06:26.133+0000] {dag.py:3441} INFO - Setting next_dagrun for example_branch_operator to 2023-03-01T00:00:00+00:00, run_after=2023-03-02T00:00:00+00:00
[2023-03-02T13:06:26.417+0000] {processor.py:175} INFO - Processing /home/airflow/.local/lib/python3.7/site-packages/airflow/example_dags/example_branch_operator.py took 1.750 seconds
[2023-03-02T14:26:28.912+0000] {processor.py:153} INFO - Started process (PID=349) to work on /home/airflow/.local/lib/python3.7/site-packages/airflow/example_dags/example_branch_operator.py
[2023-03-02T14:26:28.916+0000] {processor.py:743} INFO - Processing file /home/airflow/.local/lib/python3.7/site-packages/airflow/example_dags/example_branch_operator.py for tasks to queue
[2023-03-02T14:26:28.919+0000] {logging_mixin.py:137} INFO - [2023-03-02T14:26:28.919+0000] {dagbag.py:538} INFO - Filling up the DagBag from /home/airflow/.local/lib/python3.7/site-packages/airflow/example_dags/example_branch_operator.py
[2023-03-02T14:26:28.961+0000] {processor.py:753} INFO - DAG(s) dict_keys(['example_branch_operator']) retrieved from /home/airflow/.local/lib/python3.7/site-packages/airflow/example_dags/example_branch_operator.py
[2023-03-02T14:26:29.103+0000] {logging_mixin.py:137} INFO - [2023-03-02T14:26:29.102+0000] {dag.py:2690} INFO - Sync 1 DAGs
[2023-03-02T14:26:29.188+0000] {logging_mixin.py:137} INFO - [2023-03-02T14:26:29.187+0000] {dag.py:3441} INFO - Setting next_dagrun for example_branch_operator to 2023-03-01T00:00:00+00:00, run_after=2023-03-02T00:00:00+00:00
[2023-03-02T14:26:29.232+0000] {processor.py:175} INFO - Processing /home/airflow/.local/lib/python3.7/site-packages/airflow/example_dags/example_branch_operator.py took 0.326 seconds
[2023-03-02T14:27:02.862+0000] {processor.py:153} INFO - Started process (PID=411) to work on /home/airflow/.local/lib/python3.7/site-packages/airflow/example_dags/example_branch_operator.py
[2023-03-02T14:27:02.880+0000] {processor.py:743} INFO - Processing file /home/airflow/.local/lib/python3.7/site-packages/airflow/example_dags/example_branch_operator.py for tasks to queue
[2023-03-02T14:27:02.882+0000] {logging_mixin.py:137} INFO - [2023-03-02T14:27:02.882+0000] {dagbag.py:538} INFO - Filling up the DagBag from /home/airflow/.local/lib/python3.7/site-packages/airflow/example_dags/example_branch_operator.py
[2023-03-02T14:27:02.938+0000] {processor.py:753} INFO - DAG(s) dict_keys(['example_branch_operator']) retrieved from /home/airflow/.local/lib/python3.7/site-packages/airflow/example_dags/example_branch_operator.py
[2023-03-02T14:27:03.028+0000] {logging_mixin.py:137} INFO - [2023-03-02T14:27:03.027+0000] {dag.py:2690} INFO - Sync 1 DAGs
[2023-03-02T14:27:03.150+0000] {logging_mixin.py:137} INFO - [2023-03-02T14:27:03.149+0000] {dag.py:3441} INFO - Setting next_dagrun for example_branch_operator to 2023-03-01T00:00:00+00:00, run_after=2023-03-02T00:00:00+00:00
[2023-03-02T14:27:03.214+0000] {processor.py:175} INFO - Processing /home/airflow/.local/lib/python3.7/site-packages/airflow/example_dags/example_branch_operator.py took 0.361 seconds
[2023-03-02T14:28:18.500+0000] {processor.py:153} INFO - Started process (PID=454) to work on /home/airflow/.local/lib/python3.7/site-packages/airflow/example_dags/example_branch_operator.py
[2023-03-02T14:28:18.524+0000] {processor.py:743} INFO - Processing file /home/airflow/.local/lib/python3.7/site-packages/airflow/example_dags/example_branch_operator.py for tasks to queue
[2023-03-02T14:28:18.547+0000] {logging_mixin.py:137} INFO - [2023-03-02T14:28:18.540+0000] {dagbag.py:538} INFO - Filling up the DagBag from /home/airflow/.local/lib/python3.7/site-packages/airflow/example_dags/example_branch_operator.py
[2023-03-02T14:28:18.869+0000] {processor.py:753} INFO - DAG(s) dict_keys(['example_branch_operator']) retrieved from /home/airflow/.local/lib/python3.7/site-packages/airflow/example_dags/example_branch_operator.py
[2023-03-02T14:28:19.501+0000] {logging_mixin.py:137} INFO - [2023-03-02T14:28:19.490+0000] {dag.py:2690} INFO - Sync 1 DAGs
[2023-03-02T14:28:19.666+0000] {logging_mixin.py:137} INFO - [2023-03-02T14:28:19.665+0000] {dag.py:3441} INFO - Setting next_dagrun for example_branch_operator to 2023-03-01T00:00:00+00:00, run_after=2023-03-02T00:00:00+00:00
[2023-03-02T14:28:19.779+0000] {processor.py:175} INFO - Processing /home/airflow/.local/lib/python3.7/site-packages/airflow/example_dags/example_branch_operator.py took 1.320 seconds
[2023-03-02T14:28:52.798+0000] {processor.py:153} INFO - Started process (PID=509) to work on /home/airflow/.local/lib/python3.7/site-packages/airflow/example_dags/example_branch_operator.py
[2023-03-02T14:28:52.801+0000] {processor.py:743} INFO - Processing file /home/airflow/.local/lib/python3.7/site-packages/airflow/example_dags/example_branch_operator.py for tasks to queue
[2023-03-02T14:28:52.804+0000] {logging_mixin.py:137} INFO - [2023-03-02T14:28:52.804+0000] {dagbag.py:538} INFO - Filling up the DagBag from /home/airflow/.local/lib/python3.7/site-packages/airflow/example_dags/example_branch_operator.py
[2023-03-02T14:28:52.824+0000] {processor.py:753} INFO - DAG(s) dict_keys(['example_branch_operator']) retrieved from /home/airflow/.local/lib/python3.7/site-packages/airflow/example_dags/example_branch_operator.py
[2023-03-02T14:28:52.847+0000] {logging_mixin.py:137} INFO - [2023-03-02T14:28:52.847+0000] {dag.py:2690} INFO - Sync 1 DAGs
[2023-03-02T14:28:52.865+0000] {logging_mixin.py:137} INFO - [2023-03-02T14:28:52.865+0000] {dag.py:3441} INFO - Setting next_dagrun for example_branch_operator to 2023-03-01T00:00:00+00:00, run_after=2023-03-02T00:00:00+00:00
[2023-03-02T14:28:52.877+0000] {processor.py:175} INFO - Processing /home/airflow/.local/lib/python3.7/site-packages/airflow/example_dags/example_branch_operator.py took 0.083 seconds
[2023-03-02T15:58:26.638+0000] {processor.py:153} INFO - Started process (PID=572) to work on /home/airflow/.local/lib/python3.7/site-packages/airflow/example_dags/example_branch_operator.py
[2023-03-02T15:58:26.639+0000] {processor.py:743} INFO - Processing file /home/airflow/.local/lib/python3.7/site-packages/airflow/example_dags/example_branch_operator.py for tasks to queue
[2023-03-02T15:58:26.640+0000] {logging_mixin.py:137} INFO - [2023-03-02T15:58:26.639+0000] {dagbag.py:538} INFO - Filling up the DagBag from /home/airflow/.local/lib/python3.7/site-packages/airflow/example_dags/example_branch_operator.py
[2023-03-02T15:58:26.651+0000] {processor.py:753} INFO - DAG(s) dict_keys(['example_branch_operator']) retrieved from /home/airflow/.local/lib/python3.7/site-packages/airflow/example_dags/example_branch_operator.py
[2023-03-02T15:58:26.674+0000] {logging_mixin.py:137} INFO - [2023-03-02T15:58:26.674+0000] {dag.py:2690} INFO - Sync 1 DAGs
[2023-03-02T15:58:26.694+0000] {logging_mixin.py:137} INFO - [2023-03-02T15:58:26.694+0000] {dag.py:3441} INFO - Setting next_dagrun for example_branch_operator to 2023-03-01T00:00:00+00:00, run_after=2023-03-02T00:00:00+00:00
[2023-03-02T15:58:26.706+0000] {processor.py:175} INFO - Processing /home/airflow/.local/lib/python3.7/site-packages/airflow/example_dags/example_branch_operator.py took 0.071 seconds
[2023-03-02T16:32:18.361+0000] {processor.py:153} INFO - Started process (PID=635) to work on /home/airflow/.local/lib/python3.7/site-packages/airflow/example_dags/example_branch_operator.py
[2023-03-02T16:32:18.365+0000] {processor.py:743} INFO - Processing file /home/airflow/.local/lib/python3.7/site-packages/airflow/example_dags/example_branch_operator.py for tasks to queue
[2023-03-02T16:32:18.367+0000] {logging_mixin.py:137} INFO - [2023-03-02T16:32:18.367+0000] {dagbag.py:538} INFO - Filling up the DagBag from /home/airflow/.local/lib/python3.7/site-packages/airflow/example_dags/example_branch_operator.py
[2023-03-02T16:32:18.400+0000] {processor.py:753} INFO - DAG(s) dict_keys(['example_branch_operator']) retrieved from /home/airflow/.local/lib/python3.7/site-packages/airflow/example_dags/example_branch_operator.py
[2023-03-02T16:32:18.442+0000] {logging_mixin.py:137} INFO - [2023-03-02T16:32:18.442+0000] {dag.py:2690} INFO - Sync 1 DAGs
[2023-03-02T16:32:18.478+0000] {logging_mixin.py:137} INFO - [2023-03-02T16:32:18.478+0000] {dag.py:3441} INFO - Setting next_dagrun for example_branch_operator to 2023-03-01T00:00:00+00:00, run_after=2023-03-02T00:00:00+00:00
[2023-03-02T16:32:18.509+0000] {processor.py:175} INFO - Processing /home/airflow/.local/lib/python3.7/site-packages/airflow/example_dags/example_branch_operator.py took 0.159 seconds
[2023-03-02T16:39:51.838+0000] {processor.py:153} INFO - Started process (PID=731) to work on /home/airflow/.local/lib/python3.7/site-packages/airflow/example_dags/example_branch_operator.py
[2023-03-02T16:39:51.846+0000] {processor.py:743} INFO - Processing file /home/airflow/.local/lib/python3.7/site-packages/airflow/example_dags/example_branch_operator.py for tasks to queue
[2023-03-02T16:39:51.875+0000] {logging_mixin.py:137} INFO - [2023-03-02T16:39:51.869+0000] {dagbag.py:538} INFO - Filling up the DagBag from /home/airflow/.local/lib/python3.7/site-packages/airflow/example_dags/example_branch_operator.py
[2023-03-02T16:39:52.198+0000] {processor.py:753} INFO - DAG(s) dict_keys(['example_branch_operator']) retrieved from /home/airflow/.local/lib/python3.7/site-packages/airflow/example_dags/example_branch_operator.py
[2023-03-02T16:39:52.463+0000] {logging_mixin.py:137} INFO - [2023-03-02T16:39:52.463+0000] {dag.py:2690} INFO - Sync 1 DAGs
[2023-03-02T16:39:52.866+0000] {logging_mixin.py:137} INFO - [2023-03-02T16:39:52.865+0000] {dag.py:3441} INFO - Setting next_dagrun for example_branch_operator to 2023-03-01T00:00:00+00:00, run_after=2023-03-02T00:00:00+00:00
[2023-03-02T16:39:53.073+0000] {processor.py:175} INFO - Processing /home/airflow/.local/lib/python3.7/site-packages/airflow/example_dags/example_branch_operator.py took 1.305 seconds
[2023-03-02T16:40:35.354+0000] {processor.py:153} INFO - Started process (PID=799) to work on /home/airflow/.local/lib/python3.7/site-packages/airflow/example_dags/example_branch_operator.py
[2023-03-02T16:40:35.359+0000] {processor.py:743} INFO - Processing file /home/airflow/.local/lib/python3.7/site-packages/airflow/example_dags/example_branch_operator.py for tasks to queue
[2023-03-02T16:40:35.363+0000] {logging_mixin.py:137} INFO - [2023-03-02T16:40:35.363+0000] {dagbag.py:538} INFO - Filling up the DagBag from /home/airflow/.local/lib/python3.7/site-packages/airflow/example_dags/example_branch_operator.py
[2023-03-02T16:40:35.476+0000] {processor.py:753} INFO - DAG(s) dict_keys(['example_branch_operator']) retrieved from /home/airflow/.local/lib/python3.7/site-packages/airflow/example_dags/example_branch_operator.py
[2023-03-02T16:40:35.560+0000] {logging_mixin.py:137} INFO - [2023-03-02T16:40:35.560+0000] {dag.py:2690} INFO - Sync 1 DAGs
[2023-03-02T16:40:35.617+0000] {logging_mixin.py:137} INFO - [2023-03-02T16:40:35.616+0000] {dag.py:3441} INFO - Setting next_dagrun for example_branch_operator to 2023-03-01T00:00:00+00:00, run_after=2023-03-02T00:00:00+00:00
[2023-03-02T16:40:35.646+0000] {processor.py:175} INFO - Processing /home/airflow/.local/lib/python3.7/site-packages/airflow/example_dags/example_branch_operator.py took 0.302 seconds
[2023-03-02T16:41:22.381+0000] {processor.py:153} INFO - Started process (PID=866) to work on /home/airflow/.local/lib/python3.7/site-packages/airflow/example_dags/example_branch_operator.py
[2023-03-02T16:41:22.413+0000] {processor.py:743} INFO - Processing file /home/airflow/.local/lib/python3.7/site-packages/airflow/example_dags/example_branch_operator.py for tasks to queue
[2023-03-02T16:41:22.418+0000] {logging_mixin.py:137} INFO - [2023-03-02T16:41:22.418+0000] {dagbag.py:538} INFO - Filling up the DagBag from /home/airflow/.local/lib/python3.7/site-packages/airflow/example_dags/example_branch_operator.py
[2023-03-02T16:41:22.441+0000] {processor.py:753} INFO - DAG(s) dict_keys(['example_branch_operator']) retrieved from /home/airflow/.local/lib/python3.7/site-packages/airflow/example_dags/example_branch_operator.py
[2023-03-02T16:41:22.503+0000] {logging_mixin.py:137} INFO - [2023-03-02T16:41:22.503+0000] {dag.py:2690} INFO - Sync 1 DAGs
[2023-03-02T16:41:22.563+0000] {logging_mixin.py:137} INFO - [2023-03-02T16:41:22.563+0000] {dag.py:3441} INFO - Setting next_dagrun for example_branch_operator to 2023-03-01T00:00:00+00:00, run_after=2023-03-02T00:00:00+00:00
[2023-03-02T16:41:22.621+0000] {processor.py:175} INFO - Processing /home/airflow/.local/lib/python3.7/site-packages/airflow/example_dags/example_branch_operator.py took 0.244 seconds
[2023-03-02T16:41:54.742+0000] {processor.py:153} INFO - Started process (PID=929) to work on /home/airflow/.local/lib/python3.7/site-packages/airflow/example_dags/example_branch_operator.py
[2023-03-02T16:41:54.755+0000] {processor.py:743} INFO - Processing file /home/airflow/.local/lib/python3.7/site-packages/airflow/example_dags/example_branch_operator.py for tasks to queue
[2023-03-02T16:41:54.767+0000] {logging_mixin.py:137} INFO - [2023-03-02T16:41:54.766+0000] {dagbag.py:538} INFO - Filling up the DagBag from /home/airflow/.local/lib/python3.7/site-packages/airflow/example_dags/example_branch_operator.py
[2023-03-02T16:41:54.844+0000] {processor.py:753} INFO - DAG(s) dict_keys(['example_branch_operator']) retrieved from /home/airflow/.local/lib/python3.7/site-packages/airflow/example_dags/example_branch_operator.py
[2023-03-02T16:41:54.936+0000] {logging_mixin.py:137} INFO - [2023-03-02T16:41:54.936+0000] {dag.py:2690} INFO - Sync 1 DAGs
[2023-03-02T16:41:55.031+0000] {logging_mixin.py:137} INFO - [2023-03-02T16:41:55.030+0000] {dag.py:3441} INFO - Setting next_dagrun for example_branch_operator to 2023-03-01T00:00:00+00:00, run_after=2023-03-02T00:00:00+00:00
[2023-03-02T16:41:55.100+0000] {processor.py:175} INFO - Processing /home/airflow/.local/lib/python3.7/site-packages/airflow/example_dags/example_branch_operator.py took 0.367 seconds
[2023-03-02T16:42:25.828+0000] {processor.py:153} INFO - Started process (PID=992) to work on /home/airflow/.local/lib/python3.7/site-packages/airflow/example_dags/example_branch_operator.py
[2023-03-02T16:42:25.830+0000] {processor.py:743} INFO - Processing file /home/airflow/.local/lib/python3.7/site-packages/airflow/example_dags/example_branch_operator.py for tasks to queue
[2023-03-02T16:42:25.831+0000] {logging_mixin.py:137} INFO - [2023-03-02T16:42:25.831+0000] {dagbag.py:538} INFO - Filling up the DagBag from /home/airflow/.local/lib/python3.7/site-packages/airflow/example_dags/example_branch_operator.py
[2023-03-02T16:42:25.855+0000] {processor.py:753} INFO - DAG(s) dict_keys(['example_branch_operator']) retrieved from /home/airflow/.local/lib/python3.7/site-packages/airflow/example_dags/example_branch_operator.py
[2023-03-02T16:42:25.886+0000] {logging_mixin.py:137} INFO - [2023-03-02T16:42:25.886+0000] {dag.py:2690} INFO - Sync 1 DAGs
[2023-03-02T16:42:25.922+0000] {logging_mixin.py:137} INFO - [2023-03-02T16:42:25.922+0000] {dag.py:3441} INFO - Setting next_dagrun for example_branch_operator to 2023-03-01T00:00:00+00:00, run_after=2023-03-02T00:00:00+00:00
[2023-03-02T16:42:25.940+0000] {processor.py:175} INFO - Processing /home/airflow/.local/lib/python3.7/site-packages/airflow/example_dags/example_branch_operator.py took 0.117 seconds
[2023-03-02T16:42:56.778+0000] {processor.py:153} INFO - Started process (PID=1055) to work on /home/airflow/.local/lib/python3.7/site-packages/airflow/example_dags/example_branch_operator.py
[2023-03-02T16:42:56.780+0000] {processor.py:743} INFO - Processing file /home/airflow/.local/lib/python3.7/site-packages/airflow/example_dags/example_branch_operator.py for tasks to queue
[2023-03-02T16:42:56.781+0000] {logging_mixin.py:137} INFO - [2023-03-02T16:42:56.781+0000] {dagbag.py:538} INFO - Filling up the DagBag from /home/airflow/.local/lib/python3.7/site-packages/airflow/example_dags/example_branch_operator.py
[2023-03-02T16:42:56.794+0000] {processor.py:753} INFO - DAG(s) dict_keys(['example_branch_operator']) retrieved from /home/airflow/.local/lib/python3.7/site-packages/airflow/example_dags/example_branch_operator.py
[2023-03-02T16:42:56.816+0000] {logging_mixin.py:137} INFO - [2023-03-02T16:42:56.816+0000] {dag.py:2690} INFO - Sync 1 DAGs
[2023-03-02T16:42:56.832+0000] {logging_mixin.py:137} INFO - [2023-03-02T16:42:56.832+0000] {dag.py:3441} INFO - Setting next_dagrun for example_branch_operator to 2023-03-01T00:00:00+00:00, run_after=2023-03-02T00:00:00+00:00
[2023-03-02T16:42:56.844+0000] {processor.py:175} INFO - Processing /home/airflow/.local/lib/python3.7/site-packages/airflow/example_dags/example_branch_operator.py took 0.069 seconds
[2023-03-02T16:43:27.741+0000] {processor.py:153} INFO - Started process (PID=1125) to work on /home/airflow/.local/lib/python3.7/site-packages/airflow/example_dags/example_branch_operator.py
[2023-03-02T16:43:27.742+0000] {processor.py:743} INFO - Processing file /home/airflow/.local/lib/python3.7/site-packages/airflow/example_dags/example_branch_operator.py for tasks to queue
[2023-03-02T16:43:27.743+0000] {logging_mixin.py:137} INFO - [2023-03-02T16:43:27.743+0000] {dagbag.py:538} INFO - Filling up the DagBag from /home/airflow/.local/lib/python3.7/site-packages/airflow/example_dags/example_branch_operator.py
[2023-03-02T16:43:27.757+0000] {processor.py:753} INFO - DAG(s) dict_keys(['example_branch_operator']) retrieved from /home/airflow/.local/lib/python3.7/site-packages/airflow/example_dags/example_branch_operator.py
[2023-03-02T16:43:27.782+0000] {logging_mixin.py:137} INFO - [2023-03-02T16:43:27.782+0000] {dag.py:2690} INFO - Sync 1 DAGs
[2023-03-02T16:43:27.840+0000] {logging_mixin.py:137} INFO - [2023-03-02T16:43:27.840+0000] {dag.py:3441} INFO - Setting next_dagrun for example_branch_operator to 2023-03-01T00:00:00+00:00, run_after=2023-03-02T00:00:00+00:00
[2023-03-02T16:43:27.857+0000] {processor.py:175} INFO - Processing /home/airflow/.local/lib/python3.7/site-packages/airflow/example_dags/example_branch_operator.py took 0.121 seconds
[2023-03-02T16:43:58.709+0000] {processor.py:153} INFO - Started process (PID=1192) to work on /home/airflow/.local/lib/python3.7/site-packages/airflow/example_dags/example_branch_operator.py
[2023-03-02T16:43:58.711+0000] {processor.py:743} INFO - Processing file /home/airflow/.local/lib/python3.7/site-packages/airflow/example_dags/example_branch_operator.py for tasks to queue
[2023-03-02T16:43:58.712+0000] {logging_mixin.py:137} INFO - [2023-03-02T16:43:58.712+0000] {dagbag.py:538} INFO - Filling up the DagBag from /home/airflow/.local/lib/python3.7/site-packages/airflow/example_dags/example_branch_operator.py
[2023-03-02T16:43:58.738+0000] {processor.py:753} INFO - DAG(s) dict_keys(['example_branch_operator']) retrieved from /home/airflow/.local/lib/python3.7/site-packages/airflow/example_dags/example_branch_operator.py
[2023-03-02T16:43:58.765+0000] {logging_mixin.py:137} INFO - [2023-03-02T16:43:58.765+0000] {dag.py:2690} INFO - Sync 1 DAGs
[2023-03-02T16:43:58.785+0000] {logging_mixin.py:137} INFO - [2023-03-02T16:43:58.785+0000] {dag.py:3441} INFO - Setting next_dagrun for example_branch_operator to 2023-03-01T00:00:00+00:00, run_after=2023-03-02T00:00:00+00:00
[2023-03-02T16:43:58.803+0000] {processor.py:175} INFO - Processing /home/airflow/.local/lib/python3.7/site-packages/airflow/example_dags/example_branch_operator.py took 0.097 seconds
[2023-03-02T16:49:48.820+0000] {processor.py:153} INFO - Started process (PID=1283) to work on /home/airflow/.local/lib/python3.7/site-packages/airflow/example_dags/example_branch_operator.py
[2023-03-02T16:49:48.824+0000] {processor.py:743} INFO - Processing file /home/airflow/.local/lib/python3.7/site-packages/airflow/example_dags/example_branch_operator.py for tasks to queue
[2023-03-02T16:49:48.825+0000] {logging_mixin.py:137} INFO - [2023-03-02T16:49:48.825+0000] {dagbag.py:538} INFO - Filling up the DagBag from /home/airflow/.local/lib/python3.7/site-packages/airflow/example_dags/example_branch_operator.py
[2023-03-02T16:49:48.855+0000] {processor.py:753} INFO - DAG(s) dict_keys(['example_branch_operator']) retrieved from /home/airflow/.local/lib/python3.7/site-packages/airflow/example_dags/example_branch_operator.py
[2023-03-02T16:49:48.890+0000] {logging_mixin.py:137} INFO - [2023-03-02T16:49:48.889+0000] {dag.py:2690} INFO - Sync 1 DAGs
[2023-03-02T16:49:48.920+0000] {logging_mixin.py:137} INFO - [2023-03-02T16:49:48.920+0000] {dag.py:3441} INFO - Setting next_dagrun for example_branch_operator to 2023-03-01T00:00:00+00:00, run_after=2023-03-02T00:00:00+00:00
[2023-03-02T16:49:48.946+0000] {processor.py:175} INFO - Processing /home/airflow/.local/lib/python3.7/site-packages/airflow/example_dags/example_branch_operator.py took 0.129 seconds
[2023-03-02T16:50:22.750+0000] {processor.py:153} INFO - Started process (PID=1358) to work on /home/airflow/.local/lib/python3.7/site-packages/airflow/example_dags/example_branch_operator.py
[2023-03-02T16:50:22.766+0000] {processor.py:743} INFO - Processing file /home/airflow/.local/lib/python3.7/site-packages/airflow/example_dags/example_branch_operator.py for tasks to queue
[2023-03-02T16:50:22.780+0000] {logging_mixin.py:137} INFO - [2023-03-02T16:50:22.780+0000] {dagbag.py:538} INFO - Filling up the DagBag from /home/airflow/.local/lib/python3.7/site-packages/airflow/example_dags/example_branch_operator.py
[2023-03-02T16:50:22.913+0000] {processor.py:753} INFO - DAG(s) dict_keys(['example_branch_operator']) retrieved from /home/airflow/.local/lib/python3.7/site-packages/airflow/example_dags/example_branch_operator.py
[2023-03-02T16:50:23.092+0000] {logging_mixin.py:137} INFO - [2023-03-02T16:50:23.092+0000] {dag.py:2690} INFO - Sync 1 DAGs
[2023-03-02T16:50:23.186+0000] {logging_mixin.py:137} INFO - [2023-03-02T16:50:23.185+0000] {dag.py:3441} INFO - Setting next_dagrun for example_branch_operator to 2023-03-01T00:00:00+00:00, run_after=2023-03-02T00:00:00+00:00
[2023-03-02T16:50:23.244+0000] {processor.py:175} INFO - Processing /home/airflow/.local/lib/python3.7/site-packages/airflow/example_dags/example_branch_operator.py took 0.502 seconds
[2023-03-02T16:50:55.207+0000] {processor.py:153} INFO - Started process (PID=1420) to work on /home/airflow/.local/lib/python3.7/site-packages/airflow/example_dags/example_branch_operator.py
[2023-03-02T16:50:55.215+0000] {processor.py:743} INFO - Processing file /home/airflow/.local/lib/python3.7/site-packages/airflow/example_dags/example_branch_operator.py for tasks to queue
[2023-03-02T16:50:55.218+0000] {logging_mixin.py:137} INFO - [2023-03-02T16:50:55.218+0000] {dagbag.py:538} INFO - Filling up the DagBag from /home/airflow/.local/lib/python3.7/site-packages/airflow/example_dags/example_branch_operator.py
[2023-03-02T16:50:55.284+0000] {processor.py:753} INFO - DAG(s) dict_keys(['example_branch_operator']) retrieved from /home/airflow/.local/lib/python3.7/site-packages/airflow/example_dags/example_branch_operator.py
[2023-03-02T16:50:55.388+0000] {logging_mixin.py:137} INFO - [2023-03-02T16:50:55.387+0000] {dag.py:2690} INFO - Sync 1 DAGs
[2023-03-02T16:50:55.442+0000] {logging_mixin.py:137} INFO - [2023-03-02T16:50:55.442+0000] {dag.py:3441} INFO - Setting next_dagrun for example_branch_operator to 2023-03-01T00:00:00+00:00, run_after=2023-03-02T00:00:00+00:00
[2023-03-02T16:50:55.497+0000] {processor.py:175} INFO - Processing /home/airflow/.local/lib/python3.7/site-packages/airflow/example_dags/example_branch_operator.py took 0.324 seconds
[2023-03-02T16:51:26.035+0000] {processor.py:153} INFO - Started process (PID=1481) to work on /home/airflow/.local/lib/python3.7/site-packages/airflow/example_dags/example_branch_operator.py
[2023-03-02T16:51:26.041+0000] {processor.py:743} INFO - Processing file /home/airflow/.local/lib/python3.7/site-packages/airflow/example_dags/example_branch_operator.py for tasks to queue
[2023-03-02T16:51:26.043+0000] {logging_mixin.py:137} INFO - [2023-03-02T16:51:26.043+0000] {dagbag.py:538} INFO - Filling up the DagBag from /home/airflow/.local/lib/python3.7/site-packages/airflow/example_dags/example_branch_operator.py
[2023-03-02T16:51:26.089+0000] {processor.py:753} INFO - DAG(s) dict_keys(['example_branch_operator']) retrieved from /home/airflow/.local/lib/python3.7/site-packages/airflow/example_dags/example_branch_operator.py
[2023-03-02T16:51:26.199+0000] {logging_mixin.py:137} INFO - [2023-03-02T16:51:26.198+0000] {dag.py:2690} INFO - Sync 1 DAGs
[2023-03-02T16:51:26.271+0000] {logging_mixin.py:137} INFO - [2023-03-02T16:51:26.270+0000] {dag.py:3441} INFO - Setting next_dagrun for example_branch_operator to 2023-03-01T00:00:00+00:00, run_after=2023-03-02T00:00:00+00:00
[2023-03-02T16:51:26.347+0000] {processor.py:175} INFO - Processing /home/airflow/.local/lib/python3.7/site-packages/airflow/example_dags/example_branch_operator.py took 0.320 seconds
[2023-03-02T16:51:57.176+0000] {processor.py:153} INFO - Started process (PID=1549) to work on /home/airflow/.local/lib/python3.7/site-packages/airflow/example_dags/example_branch_operator.py
[2023-03-02T16:51:57.178+0000] {processor.py:743} INFO - Processing file /home/airflow/.local/lib/python3.7/site-packages/airflow/example_dags/example_branch_operator.py for tasks to queue
[2023-03-02T16:51:57.179+0000] {logging_mixin.py:137} INFO - [2023-03-02T16:51:57.179+0000] {dagbag.py:538} INFO - Filling up the DagBag from /home/airflow/.local/lib/python3.7/site-packages/airflow/example_dags/example_branch_operator.py
[2023-03-02T16:51:57.197+0000] {processor.py:753} INFO - DAG(s) dict_keys(['example_branch_operator']) retrieved from /home/airflow/.local/lib/python3.7/site-packages/airflow/example_dags/example_branch_operator.py
[2023-03-02T16:51:57.227+0000] {logging_mixin.py:137} INFO - [2023-03-02T16:51:57.227+0000] {dag.py:2690} INFO - Sync 1 DAGs
[2023-03-02T16:51:57.247+0000] {logging_mixin.py:137} INFO - [2023-03-02T16:51:57.247+0000] {dag.py:3441} INFO - Setting next_dagrun for example_branch_operator to 2023-03-01T00:00:00+00:00, run_after=2023-03-02T00:00:00+00:00
[2023-03-02T16:51:57.262+0000] {processor.py:175} INFO - Processing /home/airflow/.local/lib/python3.7/site-packages/airflow/example_dags/example_branch_operator.py took 0.090 seconds
[2023-03-02T16:52:27.463+0000] {processor.py:153} INFO - Started process (PID=1613) to work on /home/airflow/.local/lib/python3.7/site-packages/airflow/example_dags/example_branch_operator.py
[2023-03-02T16:52:27.465+0000] {processor.py:743} INFO - Processing file /home/airflow/.local/lib/python3.7/site-packages/airflow/example_dags/example_branch_operator.py for tasks to queue
[2023-03-02T16:52:27.466+0000] {logging_mixin.py:137} INFO - [2023-03-02T16:52:27.466+0000] {dagbag.py:538} INFO - Filling up the DagBag from /home/airflow/.local/lib/python3.7/site-packages/airflow/example_dags/example_branch_operator.py
[2023-03-02T16:52:27.484+0000] {processor.py:753} INFO - DAG(s) dict_keys(['example_branch_operator']) retrieved from /home/airflow/.local/lib/python3.7/site-packages/airflow/example_dags/example_branch_operator.py
[2023-03-02T16:52:27.509+0000] {logging_mixin.py:137} INFO - [2023-03-02T16:52:27.509+0000] {dag.py:2690} INFO - Sync 1 DAGs
[2023-03-02T16:52:27.526+0000] {logging_mixin.py:137} INFO - [2023-03-02T16:52:27.526+0000] {dag.py:3441} INFO - Setting next_dagrun for example_branch_operator to 2023-03-01T00:00:00+00:00, run_after=2023-03-02T00:00:00+00:00
[2023-03-02T16:52:27.538+0000] {processor.py:175} INFO - Processing /home/airflow/.local/lib/python3.7/site-packages/airflow/example_dags/example_branch_operator.py took 0.081 seconds
[2023-03-02T16:52:57.954+0000] {processor.py:153} INFO - Started process (PID=1686) to work on /home/airflow/.local/lib/python3.7/site-packages/airflow/example_dags/example_branch_operator.py
[2023-03-02T16:52:57.960+0000] {processor.py:743} INFO - Processing file /home/airflow/.local/lib/python3.7/site-packages/airflow/example_dags/example_branch_operator.py for tasks to queue
[2023-03-02T16:52:57.965+0000] {logging_mixin.py:137} INFO - [2023-03-02T16:52:57.965+0000] {dagbag.py:538} INFO - Filling up the DagBag from /home/airflow/.local/lib/python3.7/site-packages/airflow/example_dags/example_branch_operator.py
[2023-03-02T16:52:57.993+0000] {processor.py:753} INFO - DAG(s) dict_keys(['example_branch_operator']) retrieved from /home/airflow/.local/lib/python3.7/site-packages/airflow/example_dags/example_branch_operator.py
[2023-03-02T16:52:58.024+0000] {logging_mixin.py:137} INFO - [2023-03-02T16:52:58.024+0000] {dag.py:2690} INFO - Sync 1 DAGs
[2023-03-02T16:52:58.049+0000] {logging_mixin.py:137} INFO - [2023-03-02T16:52:58.049+0000] {dag.py:3441} INFO - Setting next_dagrun for example_branch_operator to 2023-03-01T00:00:00+00:00, run_after=2023-03-02T00:00:00+00:00
[2023-03-02T16:52:58.067+0000] {processor.py:175} INFO - Processing /home/airflow/.local/lib/python3.7/site-packages/airflow/example_dags/example_branch_operator.py took 0.123 seconds
[2023-03-02T16:53:29.049+0000] {processor.py:153} INFO - Started process (PID=1752) to work on /home/airflow/.local/lib/python3.7/site-packages/airflow/example_dags/example_branch_operator.py
[2023-03-02T16:53:29.051+0000] {processor.py:743} INFO - Processing file /home/airflow/.local/lib/python3.7/site-packages/airflow/example_dags/example_branch_operator.py for tasks to queue
[2023-03-02T16:53:29.052+0000] {logging_mixin.py:137} INFO - [2023-03-02T16:53:29.052+0000] {dagbag.py:538} INFO - Filling up the DagBag from /home/airflow/.local/lib/python3.7/site-packages/airflow/example_dags/example_branch_operator.py
[2023-03-02T16:53:29.087+0000] {processor.py:753} INFO - DAG(s) dict_keys(['example_branch_operator']) retrieved from /home/airflow/.local/lib/python3.7/site-packages/airflow/example_dags/example_branch_operator.py
[2023-03-02T16:53:29.143+0000] {logging_mixin.py:137} INFO - [2023-03-02T16:53:29.143+0000] {dag.py:2690} INFO - Sync 1 DAGs
[2023-03-02T16:53:29.170+0000] {logging_mixin.py:137} INFO - [2023-03-02T16:53:29.170+0000] {dag.py:3441} INFO - Setting next_dagrun for example_branch_operator to 2023-03-01T00:00:00+00:00, run_after=2023-03-02T00:00:00+00:00
[2023-03-02T16:53:29.185+0000] {processor.py:175} INFO - Processing /home/airflow/.local/lib/python3.7/site-packages/airflow/example_dags/example_branch_operator.py took 0.143 seconds
[2023-03-02T16:53:59.841+0000] {processor.py:153} INFO - Started process (PID=1828) to work on /home/airflow/.local/lib/python3.7/site-packages/airflow/example_dags/example_branch_operator.py
[2023-03-02T16:53:59.845+0000] {processor.py:743} INFO - Processing file /home/airflow/.local/lib/python3.7/site-packages/airflow/example_dags/example_branch_operator.py for tasks to queue
[2023-03-02T16:53:59.847+0000] {logging_mixin.py:137} INFO - [2023-03-02T16:53:59.847+0000] {dagbag.py:538} INFO - Filling up the DagBag from /home/airflow/.local/lib/python3.7/site-packages/airflow/example_dags/example_branch_operator.py
[2023-03-02T16:53:59.881+0000] {processor.py:753} INFO - DAG(s) dict_keys(['example_branch_operator']) retrieved from /home/airflow/.local/lib/python3.7/site-packages/airflow/example_dags/example_branch_operator.py
[2023-03-02T16:53:59.912+0000] {logging_mixin.py:137} INFO - [2023-03-02T16:53:59.912+0000] {dag.py:2690} INFO - Sync 1 DAGs
[2023-03-02T16:53:59.940+0000] {logging_mixin.py:137} INFO - [2023-03-02T16:53:59.940+0000] {dag.py:3441} INFO - Setting next_dagrun for example_branch_operator to 2023-03-01T00:00:00+00:00, run_after=2023-03-02T00:00:00+00:00
[2023-03-02T16:53:59.956+0000] {processor.py:175} INFO - Processing /home/airflow/.local/lib/python3.7/site-packages/airflow/example_dags/example_branch_operator.py took 0.122 seconds
[2023-03-02T16:54:30.968+0000] {processor.py:153} INFO - Started process (PID=1892) to work on /home/airflow/.local/lib/python3.7/site-packages/airflow/example_dags/example_branch_operator.py
[2023-03-02T16:54:30.970+0000] {processor.py:743} INFO - Processing file /home/airflow/.local/lib/python3.7/site-packages/airflow/example_dags/example_branch_operator.py for tasks to queue
[2023-03-02T16:54:30.971+0000] {logging_mixin.py:137} INFO - [2023-03-02T16:54:30.971+0000] {dagbag.py:538} INFO - Filling up the DagBag from /home/airflow/.local/lib/python3.7/site-packages/airflow/example_dags/example_branch_operator.py
[2023-03-02T16:54:31.015+0000] {processor.py:753} INFO - DAG(s) dict_keys(['example_branch_operator']) retrieved from /home/airflow/.local/lib/python3.7/site-packages/airflow/example_dags/example_branch_operator.py
[2023-03-02T16:54:31.045+0000] {logging_mixin.py:137} INFO - [2023-03-02T16:54:31.045+0000] {dag.py:2690} INFO - Sync 1 DAGs
[2023-03-02T16:54:31.072+0000] {logging_mixin.py:137} INFO - [2023-03-02T16:54:31.071+0000] {dag.py:3441} INFO - Setting next_dagrun for example_branch_operator to 2023-03-01T00:00:00+00:00, run_after=2023-03-02T00:00:00+00:00
[2023-03-02T16:54:31.088+0000] {processor.py:175} INFO - Processing /home/airflow/.local/lib/python3.7/site-packages/airflow/example_dags/example_branch_operator.py took 0.126 seconds
[2023-03-02T17:25:03.818+0000] {processor.py:153} INFO - Started process (PID=1935) to work on /home/airflow/.local/lib/python3.7/site-packages/airflow/example_dags/example_branch_operator.py
[2023-03-02T17:25:03.846+0000] {processor.py:743} INFO - Processing file /home/airflow/.local/lib/python3.7/site-packages/airflow/example_dags/example_branch_operator.py for tasks to queue
[2023-03-02T17:25:03.882+0000] {logging_mixin.py:137} INFO - [2023-03-02T17:25:03.856+0000] {dagbag.py:538} INFO - Filling up the DagBag from /home/airflow/.local/lib/python3.7/site-packages/airflow/example_dags/example_branch_operator.py
[2023-03-02T17:25:04.591+0000] {processor.py:753} INFO - DAG(s) dict_keys(['example_branch_operator']) retrieved from /home/airflow/.local/lib/python3.7/site-packages/airflow/example_dags/example_branch_operator.py
[2023-03-02T17:25:05.524+0000] {logging_mixin.py:137} INFO - [2023-03-02T17:25:05.482+0000] {dag.py:2690} INFO - Sync 1 DAGs
[2023-03-02T17:25:05.690+0000] {logging_mixin.py:137} INFO - [2023-03-02T17:25:05.689+0000] {dag.py:3441} INFO - Setting next_dagrun for example_branch_operator to 2023-03-01T00:00:00+00:00, run_after=2023-03-02T00:00:00+00:00
[2023-03-02T17:25:05.838+0000] {processor.py:175} INFO - Processing /home/airflow/.local/lib/python3.7/site-packages/airflow/example_dags/example_branch_operator.py took 2.072 seconds
[2023-03-02T17:25:36.420+0000] {processor.py:153} INFO - Started process (PID=2002) to work on /home/airflow/.local/lib/python3.7/site-packages/airflow/example_dags/example_branch_operator.py
[2023-03-02T17:25:36.423+0000] {processor.py:743} INFO - Processing file /home/airflow/.local/lib/python3.7/site-packages/airflow/example_dags/example_branch_operator.py for tasks to queue
[2023-03-02T17:25:36.425+0000] {logging_mixin.py:137} INFO - [2023-03-02T17:25:36.425+0000] {dagbag.py:538} INFO - Filling up the DagBag from /home/airflow/.local/lib/python3.7/site-packages/airflow/example_dags/example_branch_operator.py
[2023-03-02T17:25:36.443+0000] {processor.py:753} INFO - DAG(s) dict_keys(['example_branch_operator']) retrieved from /home/airflow/.local/lib/python3.7/site-packages/airflow/example_dags/example_branch_operator.py
[2023-03-02T17:25:36.472+0000] {logging_mixin.py:137} INFO - [2023-03-02T17:25:36.472+0000] {dag.py:2690} INFO - Sync 1 DAGs
[2023-03-02T17:25:36.492+0000] {logging_mixin.py:137} INFO - [2023-03-02T17:25:36.491+0000] {dag.py:3441} INFO - Setting next_dagrun for example_branch_operator to 2023-03-01T00:00:00+00:00, run_after=2023-03-02T00:00:00+00:00
[2023-03-02T17:25:36.504+0000] {processor.py:175} INFO - Processing /home/airflow/.local/lib/python3.7/site-packages/airflow/example_dags/example_branch_operator.py took 0.088 seconds
[2023-03-02T17:26:06.746+0000] {processor.py:153} INFO - Started process (PID=2064) to work on /home/airflow/.local/lib/python3.7/site-packages/airflow/example_dags/example_branch_operator.py
[2023-03-02T17:26:06.750+0000] {processor.py:743} INFO - Processing file /home/airflow/.local/lib/python3.7/site-packages/airflow/example_dags/example_branch_operator.py for tasks to queue
[2023-03-02T17:26:06.752+0000] {logging_mixin.py:137} INFO - [2023-03-02T17:26:06.752+0000] {dagbag.py:538} INFO - Filling up the DagBag from /home/airflow/.local/lib/python3.7/site-packages/airflow/example_dags/example_branch_operator.py
[2023-03-02T17:26:06.780+0000] {processor.py:753} INFO - DAG(s) dict_keys(['example_branch_operator']) retrieved from /home/airflow/.local/lib/python3.7/site-packages/airflow/example_dags/example_branch_operator.py
[2023-03-02T17:26:06.818+0000] {logging_mixin.py:137} INFO - [2023-03-02T17:26:06.818+0000] {dag.py:2690} INFO - Sync 1 DAGs
[2023-03-02T17:26:06.848+0000] {logging_mixin.py:137} INFO - [2023-03-02T17:26:06.848+0000] {dag.py:3441} INFO - Setting next_dagrun for example_branch_operator to 2023-03-01T00:00:00+00:00, run_after=2023-03-02T00:00:00+00:00
[2023-03-02T17:26:06.863+0000] {processor.py:175} INFO - Processing /home/airflow/.local/lib/python3.7/site-packages/airflow/example_dags/example_branch_operator.py took 0.125 seconds
[2023-03-02T17:26:37.817+0000] {processor.py:153} INFO - Started process (PID=2140) to work on /home/airflow/.local/lib/python3.7/site-packages/airflow/example_dags/example_branch_operator.py
[2023-03-02T17:26:37.820+0000] {processor.py:743} INFO - Processing file /home/airflow/.local/lib/python3.7/site-packages/airflow/example_dags/example_branch_operator.py for tasks to queue
[2023-03-02T17:26:37.822+0000] {logging_mixin.py:137} INFO - [2023-03-02T17:26:37.822+0000] {dagbag.py:538} INFO - Filling up the DagBag from /home/airflow/.local/lib/python3.7/site-packages/airflow/example_dags/example_branch_operator.py
[2023-03-02T17:26:37.883+0000] {processor.py:753} INFO - DAG(s) dict_keys(['example_branch_operator']) retrieved from /home/airflow/.local/lib/python3.7/site-packages/airflow/example_dags/example_branch_operator.py
[2023-03-02T17:26:37.923+0000] {logging_mixin.py:137} INFO - [2023-03-02T17:26:37.923+0000] {dag.py:2690} INFO - Sync 1 DAGs
[2023-03-02T17:26:37.956+0000] {logging_mixin.py:137} INFO - [2023-03-02T17:26:37.956+0000] {dag.py:3441} INFO - Setting next_dagrun for example_branch_operator to 2023-03-01T00:00:00+00:00, run_after=2023-03-02T00:00:00+00:00
[2023-03-02T17:26:37.975+0000] {processor.py:175} INFO - Processing /home/airflow/.local/lib/python3.7/site-packages/airflow/example_dags/example_branch_operator.py took 0.164 seconds
[2023-03-02T17:27:14.063+0000] {processor.py:153} INFO - Started process (PID=2203) to work on /home/airflow/.local/lib/python3.7/site-packages/airflow/example_dags/example_branch_operator.py
[2023-03-02T17:27:14.074+0000] {processor.py:743} INFO - Processing file /home/airflow/.local/lib/python3.7/site-packages/airflow/example_dags/example_branch_operator.py for tasks to queue
[2023-03-02T17:27:14.081+0000] {logging_mixin.py:137} INFO - [2023-03-02T17:27:14.081+0000] {dagbag.py:538} INFO - Filling up the DagBag from /home/airflow/.local/lib/python3.7/site-packages/airflow/example_dags/example_branch_operator.py
[2023-03-02T17:27:14.142+0000] {processor.py:753} INFO - DAG(s) dict_keys(['example_branch_operator']) retrieved from /home/airflow/.local/lib/python3.7/site-packages/airflow/example_dags/example_branch_operator.py
[2023-03-02T17:27:14.202+0000] {logging_mixin.py:137} INFO - [2023-03-02T17:27:14.202+0000] {dag.py:2690} INFO - Sync 1 DAGs
[2023-03-02T17:27:14.260+0000] {logging_mixin.py:137} INFO - [2023-03-02T17:27:14.260+0000] {dag.py:3441} INFO - Setting next_dagrun for example_branch_operator to 2023-03-01T00:00:00+00:00, run_after=2023-03-02T00:00:00+00:00
[2023-03-02T17:27:14.314+0000] {processor.py:175} INFO - Processing /home/airflow/.local/lib/python3.7/site-packages/airflow/example_dags/example_branch_operator.py took 0.262 seconds
[2023-03-02T18:31:44.991+0000] {processor.py:153} INFO - Started process (PID=2246) to work on /home/airflow/.local/lib/python3.7/site-packages/airflow/example_dags/example_branch_operator.py
[2023-03-02T18:31:44.993+0000] {processor.py:743} INFO - Processing file /home/airflow/.local/lib/python3.7/site-packages/airflow/example_dags/example_branch_operator.py for tasks to queue
[2023-03-02T18:31:44.994+0000] {logging_mixin.py:137} INFO - [2023-03-02T18:31:44.994+0000] {dagbag.py:538} INFO - Filling up the DagBag from /home/airflow/.local/lib/python3.7/site-packages/airflow/example_dags/example_branch_operator.py
[2023-03-02T18:31:45.011+0000] {processor.py:753} INFO - DAG(s) dict_keys(['example_branch_operator']) retrieved from /home/airflow/.local/lib/python3.7/site-packages/airflow/example_dags/example_branch_operator.py
[2023-03-02T18:31:45.049+0000] {logging_mixin.py:137} INFO - [2023-03-02T18:31:45.049+0000] {dag.py:2690} INFO - Sync 1 DAGs
[2023-03-02T18:31:45.097+0000] {logging_mixin.py:137} INFO - [2023-03-02T18:31:45.097+0000] {dag.py:3441} INFO - Setting next_dagrun for example_branch_operator to 2023-03-01T00:00:00+00:00, run_after=2023-03-02T00:00:00+00:00
[2023-03-02T18:31:45.122+0000] {processor.py:175} INFO - Processing /home/airflow/.local/lib/python3.7/site-packages/airflow/example_dags/example_branch_operator.py took 0.136 seconds
[2023-03-02T18:49:38.186+0000] {processor.py:153} INFO - Started process (PID=2307) to work on /home/airflow/.local/lib/python3.7/site-packages/airflow/example_dags/example_branch_operator.py
[2023-03-02T18:49:38.192+0000] {processor.py:743} INFO - Processing file /home/airflow/.local/lib/python3.7/site-packages/airflow/example_dags/example_branch_operator.py for tasks to queue
[2023-03-02T18:49:38.197+0000] {logging_mixin.py:137} INFO - [2023-03-02T18:49:38.196+0000] {dagbag.py:538} INFO - Filling up the DagBag from /home/airflow/.local/lib/python3.7/site-packages/airflow/example_dags/example_branch_operator.py
[2023-03-02T18:49:38.233+0000] {processor.py:753} INFO - DAG(s) dict_keys(['example_branch_operator']) retrieved from /home/airflow/.local/lib/python3.7/site-packages/airflow/example_dags/example_branch_operator.py
[2023-03-02T18:49:38.306+0000] {logging_mixin.py:137} INFO - [2023-03-02T18:49:38.306+0000] {dag.py:2690} INFO - Sync 1 DAGs
[2023-03-02T18:49:38.350+0000] {logging_mixin.py:137} INFO - [2023-03-02T18:49:38.350+0000] {dag.py:3441} INFO - Setting next_dagrun for example_branch_operator to 2023-03-01T00:00:00+00:00, run_after=2023-03-02T00:00:00+00:00
[2023-03-02T18:49:38.379+0000] {processor.py:175} INFO - Processing /home/airflow/.local/lib/python3.7/site-packages/airflow/example_dags/example_branch_operator.py took 0.199 seconds
[2023-03-02T20:02:08.704+0000] {processor.py:153} INFO - Started process (PID=2377) to work on /home/airflow/.local/lib/python3.7/site-packages/airflow/example_dags/example_branch_operator.py
[2023-03-02T20:07:04.359+0000] {processor.py:743} INFO - Processing file /home/airflow/.local/lib/python3.7/site-packages/airflow/example_dags/example_branch_operator.py for tasks to queue
[2023-03-02T20:07:04.386+0000] {logging_mixin.py:137} INFO - [2023-03-02T20:07:04.385+0000] {dagbag.py:538} INFO - Filling up the DagBag from /home/airflow/.local/lib/python3.7/site-packages/airflow/example_dags/example_branch_operator.py
[2023-03-02T20:07:05.207+0000] {processor.py:753} INFO - DAG(s) dict_keys(['example_branch_operator']) retrieved from /home/airflow/.local/lib/python3.7/site-packages/airflow/example_dags/example_branch_operator.py
