[2023-03-02T13:04:50.131+0000] {processor.py:153} INFO - Started process (PID=77) to work on /home/airflow/.local/lib/python3.7/site-packages/airflow/example_dags/example_kubernetes_executor.py
[2023-03-02T13:04:50.132+0000] {processor.py:743} INFO - Processing file /home/airflow/.local/lib/python3.7/site-packages/airflow/example_dags/example_kubernetes_executor.py for tasks to queue
[2023-03-02T13:04:50.133+0000] {logging_mixin.py:137} INFO - [2023-03-02T13:04:50.133+0000] {dagbag.py:538} INFO - Filling up the DagBag from /home/airflow/.local/lib/python3.7/site-packages/airflow/example_dags/example_kubernetes_executor.py
[2023-03-02T13:04:50.181+0000] {processor.py:753} INFO - DAG(s) dict_keys(['example_kubernetes_executor']) retrieved from /home/airflow/.local/lib/python3.7/site-packages/airflow/example_dags/example_kubernetes_executor.py
[2023-03-02T13:04:50.334+0000] {logging_mixin.py:137} INFO - [2023-03-02T13:04:50.334+0000] {manager.py:504} INFO - Created Permission View: can delete on DAG:example_kubernetes_executor
[2023-03-02T13:04:50.344+0000] {logging_mixin.py:137} INFO - [2023-03-02T13:04:50.343+0000] {manager.py:504} INFO - Created Permission View: can read on DAG:example_kubernetes_executor
[2023-03-02T13:04:50.352+0000] {logging_mixin.py:137} INFO - [2023-03-02T13:04:50.351+0000] {manager.py:504} INFO - Created Permission View: can edit on DAG:example_kubernetes_executor
[2023-03-02T13:04:50.353+0000] {logging_mixin.py:137} INFO - [2023-03-02T13:04:50.353+0000] {dag.py:2690} INFO - Sync 1 DAGs
[2023-03-02T13:04:50.366+0000] {logging_mixin.py:137} INFO - [2023-03-02T13:04:50.366+0000] {dag.py:2711} INFO - Creating ORM DAG for example_kubernetes_executor
[2023-03-02T13:04:50.375+0000] {logging_mixin.py:137} INFO - [2023-03-02T13:04:50.375+0000] {dag.py:3441} INFO - Setting next_dagrun for example_kubernetes_executor to None, run_after=None
[2023-03-02T13:04:50.402+0000] {processor.py:175} INFO - Processing /home/airflow/.local/lib/python3.7/site-packages/airflow/example_dags/example_kubernetes_executor.py took 0.276 seconds
[2023-03-02T13:05:21.151+0000] {processor.py:153} INFO - Started process (PID=154) to work on /home/airflow/.local/lib/python3.7/site-packages/airflow/example_dags/example_kubernetes_executor.py
[2023-03-02T13:05:21.152+0000] {processor.py:743} INFO - Processing file /home/airflow/.local/lib/python3.7/site-packages/airflow/example_dags/example_kubernetes_executor.py for tasks to queue
[2023-03-02T13:05:21.153+0000] {logging_mixin.py:137} INFO - [2023-03-02T13:05:21.153+0000] {dagbag.py:538} INFO - Filling up the DagBag from /home/airflow/.local/lib/python3.7/site-packages/airflow/example_dags/example_kubernetes_executor.py
[2023-03-02T13:05:21.179+0000] {processor.py:753} INFO - DAG(s) dict_keys(['example_kubernetes_executor']) retrieved from /home/airflow/.local/lib/python3.7/site-packages/airflow/example_dags/example_kubernetes_executor.py
[2023-03-02T13:05:21.237+0000] {logging_mixin.py:137} INFO - [2023-03-02T13:05:21.237+0000] {dag.py:2690} INFO - Sync 1 DAGs
[2023-03-02T13:05:21.259+0000] {logging_mixin.py:137} INFO - [2023-03-02T13:05:21.259+0000] {dag.py:3441} INFO - Setting next_dagrun for example_kubernetes_executor to None, run_after=None
[2023-03-02T13:05:21.279+0000] {processor.py:175} INFO - Processing /home/airflow/.local/lib/python3.7/site-packages/airflow/example_dags/example_kubernetes_executor.py took 0.132 seconds
[2023-03-02T13:05:51.497+0000] {processor.py:153} INFO - Started process (PID=217) to work on /home/airflow/.local/lib/python3.7/site-packages/airflow/example_dags/example_kubernetes_executor.py
[2023-03-02T13:05:51.499+0000] {processor.py:743} INFO - Processing file /home/airflow/.local/lib/python3.7/site-packages/airflow/example_dags/example_kubernetes_executor.py for tasks to queue
[2023-03-02T13:05:51.501+0000] {logging_mixin.py:137} INFO - [2023-03-02T13:05:51.500+0000] {dagbag.py:538} INFO - Filling up the DagBag from /home/airflow/.local/lib/python3.7/site-packages/airflow/example_dags/example_kubernetes_executor.py
[2023-03-02T13:05:51.554+0000] {processor.py:753} INFO - DAG(s) dict_keys(['example_kubernetes_executor']) retrieved from /home/airflow/.local/lib/python3.7/site-packages/airflow/example_dags/example_kubernetes_executor.py
[2023-03-02T13:05:51.586+0000] {logging_mixin.py:137} INFO - [2023-03-02T13:05:51.586+0000] {dag.py:2690} INFO - Sync 1 DAGs
[2023-03-02T13:05:51.617+0000] {logging_mixin.py:137} INFO - [2023-03-02T13:05:51.617+0000] {dag.py:3441} INFO - Setting next_dagrun for example_kubernetes_executor to None, run_after=None
[2023-03-02T13:05:51.635+0000] {processor.py:175} INFO - Processing /home/airflow/.local/lib/python3.7/site-packages/airflow/example_dags/example_kubernetes_executor.py took 0.142 seconds
[2023-03-02T13:19:56.409+0000] {processor.py:153} INFO - Started process (PID=303) to work on /home/airflow/.local/lib/python3.7/site-packages/airflow/example_dags/example_kubernetes_executor.py
[2023-03-02T13:19:56.417+0000] {processor.py:743} INFO - Processing file /home/airflow/.local/lib/python3.7/site-packages/airflow/example_dags/example_kubernetes_executor.py for tasks to queue
[2023-03-02T13:19:56.428+0000] {logging_mixin.py:137} INFO - [2023-03-02T13:19:56.427+0000] {dagbag.py:538} INFO - Filling up the DagBag from /home/airflow/.local/lib/python3.7/site-packages/airflow/example_dags/example_kubernetes_executor.py
[2023-03-02T13:20:01.707+0000] {processor.py:753} INFO - DAG(s) dict_keys(['example_kubernetes_executor']) retrieved from /home/airflow/.local/lib/python3.7/site-packages/airflow/example_dags/example_kubernetes_executor.py
[2023-03-02T13:20:02.666+0000] {logging_mixin.py:137} INFO - [2023-03-02T13:20:02.663+0000] {dag.py:2690} INFO - Sync 1 DAGs
[2023-03-02T13:20:03.151+0000] {logging_mixin.py:137} INFO - [2023-03-02T13:20:03.150+0000] {dag.py:3441} INFO - Setting next_dagrun for example_kubernetes_executor to None, run_after=None
[2023-03-02T13:20:03.284+0000] {processor.py:175} INFO - Processing /home/airflow/.local/lib/python3.7/site-packages/airflow/example_dags/example_kubernetes_executor.py took 6.962 seconds
[2023-03-02T14:26:31.339+0000] {processor.py:153} INFO - Started process (PID=363) to work on /home/airflow/.local/lib/python3.7/site-packages/airflow/example_dags/example_kubernetes_executor.py
[2023-03-02T14:26:31.341+0000] {processor.py:743} INFO - Processing file /home/airflow/.local/lib/python3.7/site-packages/airflow/example_dags/example_kubernetes_executor.py for tasks to queue
[2023-03-02T14:26:31.343+0000] {logging_mixin.py:137} INFO - [2023-03-02T14:26:31.342+0000] {dagbag.py:538} INFO - Filling up the DagBag from /home/airflow/.local/lib/python3.7/site-packages/airflow/example_dags/example_kubernetes_executor.py
[2023-03-02T14:26:31.405+0000] {processor.py:753} INFO - DAG(s) dict_keys(['example_kubernetes_executor']) retrieved from /home/airflow/.local/lib/python3.7/site-packages/airflow/example_dags/example_kubernetes_executor.py
[2023-03-02T14:26:31.432+0000] {logging_mixin.py:137} INFO - [2023-03-02T14:26:31.432+0000] {dag.py:2690} INFO - Sync 1 DAGs
[2023-03-02T14:26:31.462+0000] {logging_mixin.py:137} INFO - [2023-03-02T14:26:31.462+0000] {dag.py:3441} INFO - Setting next_dagrun for example_kubernetes_executor to None, run_after=None
[2023-03-02T14:26:31.491+0000] {processor.py:175} INFO - Processing /home/airflow/.local/lib/python3.7/site-packages/airflow/example_dags/example_kubernetes_executor.py took 0.155 seconds
[2023-03-02T14:27:04.339+0000] {processor.py:153} INFO - Started process (PID=425) to work on /home/airflow/.local/lib/python3.7/site-packages/airflow/example_dags/example_kubernetes_executor.py
[2023-03-02T14:27:04.342+0000] {processor.py:743} INFO - Processing file /home/airflow/.local/lib/python3.7/site-packages/airflow/example_dags/example_kubernetes_executor.py for tasks to queue
[2023-03-02T14:27:04.349+0000] {logging_mixin.py:137} INFO - [2023-03-02T14:27:04.349+0000] {dagbag.py:538} INFO - Filling up the DagBag from /home/airflow/.local/lib/python3.7/site-packages/airflow/example_dags/example_kubernetes_executor.py
[2023-03-02T14:27:04.462+0000] {processor.py:753} INFO - DAG(s) dict_keys(['example_kubernetes_executor']) retrieved from /home/airflow/.local/lib/python3.7/site-packages/airflow/example_dags/example_kubernetes_executor.py
[2023-03-02T14:27:04.599+0000] {logging_mixin.py:137} INFO - [2023-03-02T14:27:04.598+0000] {dag.py:2690} INFO - Sync 1 DAGs
[2023-03-02T14:27:04.646+0000] {logging_mixin.py:137} INFO - [2023-03-02T14:27:04.646+0000] {dag.py:3441} INFO - Setting next_dagrun for example_kubernetes_executor to None, run_after=None
[2023-03-02T14:27:04.753+0000] {processor.py:175} INFO - Processing /home/airflow/.local/lib/python3.7/site-packages/airflow/example_dags/example_kubernetes_executor.py took 0.419 seconds
[2023-03-02T14:28:22.502+0000] {processor.py:153} INFO - Started process (PID=471) to work on /home/airflow/.local/lib/python3.7/site-packages/airflow/example_dags/example_kubernetes_executor.py
[2023-03-02T14:28:22.505+0000] {processor.py:743} INFO - Processing file /home/airflow/.local/lib/python3.7/site-packages/airflow/example_dags/example_kubernetes_executor.py for tasks to queue
[2023-03-02T14:28:22.506+0000] {logging_mixin.py:137} INFO - [2023-03-02T14:28:22.506+0000] {dagbag.py:538} INFO - Filling up the DagBag from /home/airflow/.local/lib/python3.7/site-packages/airflow/example_dags/example_kubernetes_executor.py
[2023-03-02T14:28:22.577+0000] {processor.py:753} INFO - DAG(s) dict_keys(['example_kubernetes_executor']) retrieved from /home/airflow/.local/lib/python3.7/site-packages/airflow/example_dags/example_kubernetes_executor.py
[2023-03-02T14:28:22.643+0000] {logging_mixin.py:137} INFO - [2023-03-02T14:28:22.641+0000] {dag.py:2690} INFO - Sync 1 DAGs
[2023-03-02T14:28:22.723+0000] {logging_mixin.py:137} INFO - [2023-03-02T14:28:22.722+0000] {dag.py:3441} INFO - Setting next_dagrun for example_kubernetes_executor to None, run_after=None
[2023-03-02T14:28:22.783+0000] {processor.py:175} INFO - Processing /home/airflow/.local/lib/python3.7/site-packages/airflow/example_dags/example_kubernetes_executor.py took 0.284 seconds
[2023-03-02T14:28:54.579+0000] {processor.py:153} INFO - Started process (PID=523) to work on /home/airflow/.local/lib/python3.7/site-packages/airflow/example_dags/example_kubernetes_executor.py
[2023-03-02T14:28:54.584+0000] {processor.py:743} INFO - Processing file /home/airflow/.local/lib/python3.7/site-packages/airflow/example_dags/example_kubernetes_executor.py for tasks to queue
[2023-03-02T14:28:54.587+0000] {logging_mixin.py:137} INFO - [2023-03-02T14:28:54.587+0000] {dagbag.py:538} INFO - Filling up the DagBag from /home/airflow/.local/lib/python3.7/site-packages/airflow/example_dags/example_kubernetes_executor.py
[2023-03-02T14:28:54.666+0000] {processor.py:753} INFO - DAG(s) dict_keys(['example_kubernetes_executor']) retrieved from /home/airflow/.local/lib/python3.7/site-packages/airflow/example_dags/example_kubernetes_executor.py
[2023-03-02T14:28:54.709+0000] {logging_mixin.py:137} INFO - [2023-03-02T14:28:54.708+0000] {dag.py:2690} INFO - Sync 1 DAGs
[2023-03-02T14:28:54.725+0000] {logging_mixin.py:137} INFO - [2023-03-02T14:28:54.725+0000] {dag.py:3441} INFO - Setting next_dagrun for example_kubernetes_executor to None, run_after=None
[2023-03-02T14:28:54.737+0000] {processor.py:175} INFO - Processing /home/airflow/.local/lib/python3.7/site-packages/airflow/example_dags/example_kubernetes_executor.py took 0.161 seconds
[2023-03-02T15:58:27.436+0000] {processor.py:153} INFO - Started process (PID=586) to work on /home/airflow/.local/lib/python3.7/site-packages/airflow/example_dags/example_kubernetes_executor.py
[2023-03-02T15:58:27.439+0000] {processor.py:743} INFO - Processing file /home/airflow/.local/lib/python3.7/site-packages/airflow/example_dags/example_kubernetes_executor.py for tasks to queue
[2023-03-02T15:58:27.441+0000] {logging_mixin.py:137} INFO - [2023-03-02T15:58:27.440+0000] {dagbag.py:538} INFO - Filling up the DagBag from /home/airflow/.local/lib/python3.7/site-packages/airflow/example_dags/example_kubernetes_executor.py
[2023-03-02T15:58:27.478+0000] {processor.py:753} INFO - DAG(s) dict_keys(['example_kubernetes_executor']) retrieved from /home/airflow/.local/lib/python3.7/site-packages/airflow/example_dags/example_kubernetes_executor.py
[2023-03-02T15:58:27.506+0000] {logging_mixin.py:137} INFO - [2023-03-02T15:58:27.506+0000] {dag.py:2690} INFO - Sync 1 DAGs
[2023-03-02T15:58:27.522+0000] {logging_mixin.py:137} INFO - [2023-03-02T15:58:27.522+0000] {dag.py:3441} INFO - Setting next_dagrun for example_kubernetes_executor to None, run_after=None
[2023-03-02T15:58:27.534+0000] {processor.py:175} INFO - Processing /home/airflow/.local/lib/python3.7/site-packages/airflow/example_dags/example_kubernetes_executor.py took 0.103 seconds
[2023-03-02T16:32:19.792+0000] {processor.py:153} INFO - Started process (PID=649) to work on /home/airflow/.local/lib/python3.7/site-packages/airflow/example_dags/example_kubernetes_executor.py
[2023-03-02T16:32:19.794+0000] {processor.py:743} INFO - Processing file /home/airflow/.local/lib/python3.7/site-packages/airflow/example_dags/example_kubernetes_executor.py for tasks to queue
[2023-03-02T16:32:19.795+0000] {logging_mixin.py:137} INFO - [2023-03-02T16:32:19.794+0000] {dagbag.py:538} INFO - Filling up the DagBag from /home/airflow/.local/lib/python3.7/site-packages/airflow/example_dags/example_kubernetes_executor.py
[2023-03-02T16:32:19.856+0000] {processor.py:753} INFO - DAG(s) dict_keys(['example_kubernetes_executor']) retrieved from /home/airflow/.local/lib/python3.7/site-packages/airflow/example_dags/example_kubernetes_executor.py
[2023-03-02T16:32:19.913+0000] {logging_mixin.py:137} INFO - [2023-03-02T16:32:19.913+0000] {dag.py:2690} INFO - Sync 1 DAGs
[2023-03-02T16:32:19.950+0000] {logging_mixin.py:137} INFO - [2023-03-02T16:32:19.950+0000] {dag.py:3441} INFO - Setting next_dagrun for example_kubernetes_executor to None, run_after=None
[2023-03-02T16:32:19.970+0000] {processor.py:175} INFO - Processing /home/airflow/.local/lib/python3.7/site-packages/airflow/example_dags/example_kubernetes_executor.py took 0.181 seconds
[2023-03-02T16:40:26.228+0000] {processor.py:153} INFO - Started process (PID=767) to work on /home/airflow/.local/lib/python3.7/site-packages/airflow/example_dags/example_kubernetes_executor.py
[2023-03-02T16:40:26.261+0000] {processor.py:743} INFO - Processing file /home/airflow/.local/lib/python3.7/site-packages/airflow/example_dags/example_kubernetes_executor.py for tasks to queue
[2023-03-02T16:40:26.289+0000] {logging_mixin.py:137} INFO - [2023-03-02T16:40:26.289+0000] {dagbag.py:538} INFO - Filling up the DagBag from /home/airflow/.local/lib/python3.7/site-packages/airflow/example_dags/example_kubernetes_executor.py
[2023-03-02T16:40:27.076+0000] {processor.py:753} INFO - DAG(s) dict_keys(['example_kubernetes_executor']) retrieved from /home/airflow/.local/lib/python3.7/site-packages/airflow/example_dags/example_kubernetes_executor.py
[2023-03-02T16:40:27.458+0000] {logging_mixin.py:137} INFO - [2023-03-02T16:40:27.457+0000] {dag.py:2690} INFO - Sync 1 DAGs
[2023-03-02T16:40:27.884+0000] {logging_mixin.py:137} INFO - [2023-03-02T16:40:27.883+0000] {dag.py:3441} INFO - Setting next_dagrun for example_kubernetes_executor to None, run_after=None
[2023-03-02T16:40:28.065+0000] {processor.py:175} INFO - Processing /home/airflow/.local/lib/python3.7/site-packages/airflow/example_dags/example_kubernetes_executor.py took 1.884 seconds
[2023-03-02T16:41:00.408+0000] {processor.py:153} INFO - Started process (PID=830) to work on /home/airflow/.local/lib/python3.7/site-packages/airflow/example_dags/example_kubernetes_executor.py
[2023-03-02T16:41:00.439+0000] {processor.py:743} INFO - Processing file /home/airflow/.local/lib/python3.7/site-packages/airflow/example_dags/example_kubernetes_executor.py for tasks to queue
[2023-03-02T16:41:00.442+0000] {logging_mixin.py:137} INFO - [2023-03-02T16:41:00.442+0000] {dagbag.py:538} INFO - Filling up the DagBag from /home/airflow/.local/lib/python3.7/site-packages/airflow/example_dags/example_kubernetes_executor.py
[2023-03-02T16:41:03.336+0000] {processor.py:753} INFO - DAG(s) dict_keys(['example_kubernetes_executor']) retrieved from /home/airflow/.local/lib/python3.7/site-packages/airflow/example_dags/example_kubernetes_executor.py
[2023-03-02T16:41:05.023+0000] {logging_mixin.py:137} INFO - [2023-03-02T16:41:05.022+0000] {dag.py:2690} INFO - Sync 1 DAGs
[2023-03-02T16:41:05.773+0000] {logging_mixin.py:137} INFO - [2023-03-02T16:41:05.772+0000] {dag.py:3441} INFO - Setting next_dagrun for example_kubernetes_executor to None, run_after=None
[2023-03-02T16:41:06.060+0000] {processor.py:175} INFO - Processing /home/airflow/.local/lib/python3.7/site-packages/airflow/example_dags/example_kubernetes_executor.py took 5.794 seconds
[2023-03-02T16:41:37.078+0000] {processor.py:153} INFO - Started process (PID=892) to work on /home/airflow/.local/lib/python3.7/site-packages/airflow/example_dags/example_kubernetes_executor.py
[2023-03-02T16:41:37.085+0000] {processor.py:743} INFO - Processing file /home/airflow/.local/lib/python3.7/site-packages/airflow/example_dags/example_kubernetes_executor.py for tasks to queue
[2023-03-02T16:41:37.090+0000] {logging_mixin.py:137} INFO - [2023-03-02T16:41:37.090+0000] {dagbag.py:538} INFO - Filling up the DagBag from /home/airflow/.local/lib/python3.7/site-packages/airflow/example_dags/example_kubernetes_executor.py
[2023-03-02T16:41:37.408+0000] {processor.py:753} INFO - DAG(s) dict_keys(['example_kubernetes_executor']) retrieved from /home/airflow/.local/lib/python3.7/site-packages/airflow/example_dags/example_kubernetes_executor.py
[2023-03-02T16:41:37.560+0000] {logging_mixin.py:137} INFO - [2023-03-02T16:41:37.560+0000] {dag.py:2690} INFO - Sync 1 DAGs
[2023-03-02T16:41:37.675+0000] {logging_mixin.py:137} INFO - [2023-03-02T16:41:37.673+0000] {dag.py:3441} INFO - Setting next_dagrun for example_kubernetes_executor to None, run_after=None
[2023-03-02T16:41:37.711+0000] {processor.py:175} INFO - Processing /home/airflow/.local/lib/python3.7/site-packages/airflow/example_dags/example_kubernetes_executor.py took 0.662 seconds
[2023-03-02T16:42:07.873+0000] {processor.py:153} INFO - Started process (PID=955) to work on /home/airflow/.local/lib/python3.7/site-packages/airflow/example_dags/example_kubernetes_executor.py
[2023-03-02T16:42:07.877+0000] {processor.py:743} INFO - Processing file /home/airflow/.local/lib/python3.7/site-packages/airflow/example_dags/example_kubernetes_executor.py for tasks to queue
[2023-03-02T16:42:07.879+0000] {logging_mixin.py:137} INFO - [2023-03-02T16:42:07.879+0000] {dagbag.py:538} INFO - Filling up the DagBag from /home/airflow/.local/lib/python3.7/site-packages/airflow/example_dags/example_kubernetes_executor.py
[2023-03-02T16:42:07.959+0000] {processor.py:753} INFO - DAG(s) dict_keys(['example_kubernetes_executor']) retrieved from /home/airflow/.local/lib/python3.7/site-packages/airflow/example_dags/example_kubernetes_executor.py
[2023-03-02T16:42:08.018+0000] {logging_mixin.py:137} INFO - [2023-03-02T16:42:08.017+0000] {dag.py:2690} INFO - Sync 1 DAGs
[2023-03-02T16:42:08.052+0000] {logging_mixin.py:137} INFO - [2023-03-02T16:42:08.052+0000] {dag.py:3441} INFO - Setting next_dagrun for example_kubernetes_executor to None, run_after=None
[2023-03-02T16:42:08.087+0000] {processor.py:175} INFO - Processing /home/airflow/.local/lib/python3.7/site-packages/airflow/example_dags/example_kubernetes_executor.py took 0.234 seconds
[2023-03-02T16:42:38.538+0000] {processor.py:153} INFO - Started process (PID=1018) to work on /home/airflow/.local/lib/python3.7/site-packages/airflow/example_dags/example_kubernetes_executor.py
[2023-03-02T16:42:38.552+0000] {processor.py:743} INFO - Processing file /home/airflow/.local/lib/python3.7/site-packages/airflow/example_dags/example_kubernetes_executor.py for tasks to queue
[2023-03-02T16:42:38.574+0000] {logging_mixin.py:137} INFO - [2023-03-02T16:42:38.572+0000] {dagbag.py:538} INFO - Filling up the DagBag from /home/airflow/.local/lib/python3.7/site-packages/airflow/example_dags/example_kubernetes_executor.py
[2023-03-02T16:42:38.899+0000] {processor.py:753} INFO - DAG(s) dict_keys(['example_kubernetes_executor']) retrieved from /home/airflow/.local/lib/python3.7/site-packages/airflow/example_dags/example_kubernetes_executor.py
[2023-03-02T16:42:39.846+0000] {logging_mixin.py:137} INFO - [2023-03-02T16:42:39.816+0000] {dag.py:2690} INFO - Sync 1 DAGs
[2023-03-02T16:42:40.160+0000] {logging_mixin.py:137} INFO - [2023-03-02T16:42:40.160+0000] {dag.py:3441} INFO - Setting next_dagrun for example_kubernetes_executor to None, run_after=None
[2023-03-02T16:42:40.275+0000] {processor.py:175} INFO - Processing /home/airflow/.local/lib/python3.7/site-packages/airflow/example_dags/example_kubernetes_executor.py took 1.794 seconds
[2023-03-02T16:43:10.643+0000] {processor.py:153} INFO - Started process (PID=1081) to work on /home/airflow/.local/lib/python3.7/site-packages/airflow/example_dags/example_kubernetes_executor.py
[2023-03-02T16:43:10.647+0000] {processor.py:743} INFO - Processing file /home/airflow/.local/lib/python3.7/site-packages/airflow/example_dags/example_kubernetes_executor.py for tasks to queue
[2023-03-02T16:43:10.650+0000] {logging_mixin.py:137} INFO - [2023-03-02T16:43:10.649+0000] {dagbag.py:538} INFO - Filling up the DagBag from /home/airflow/.local/lib/python3.7/site-packages/airflow/example_dags/example_kubernetes_executor.py
[2023-03-02T16:43:10.746+0000] {processor.py:753} INFO - DAG(s) dict_keys(['example_kubernetes_executor']) retrieved from /home/airflow/.local/lib/python3.7/site-packages/airflow/example_dags/example_kubernetes_executor.py
[2023-03-02T16:43:10.844+0000] {logging_mixin.py:137} INFO - [2023-03-02T16:43:10.844+0000] {dag.py:2690} INFO - Sync 1 DAGs
[2023-03-02T16:43:10.879+0000] {logging_mixin.py:137} INFO - [2023-03-02T16:43:10.879+0000] {dag.py:3441} INFO - Setting next_dagrun for example_kubernetes_executor to None, run_after=None
[2023-03-02T16:43:10.901+0000] {processor.py:175} INFO - Processing /home/airflow/.local/lib/python3.7/site-packages/airflow/example_dags/example_kubernetes_executor.py took 0.274 seconds
[2023-03-02T16:43:41.174+0000] {processor.py:153} INFO - Started process (PID=1144) to work on /home/airflow/.local/lib/python3.7/site-packages/airflow/example_dags/example_kubernetes_executor.py
[2023-03-02T16:43:41.176+0000] {processor.py:743} INFO - Processing file /home/airflow/.local/lib/python3.7/site-packages/airflow/example_dags/example_kubernetes_executor.py for tasks to queue
[2023-03-02T16:43:41.177+0000] {logging_mixin.py:137} INFO - [2023-03-02T16:43:41.177+0000] {dagbag.py:538} INFO - Filling up the DagBag from /home/airflow/.local/lib/python3.7/site-packages/airflow/example_dags/example_kubernetes_executor.py
[2023-03-02T16:43:41.212+0000] {processor.py:753} INFO - DAG(s) dict_keys(['example_kubernetes_executor']) retrieved from /home/airflow/.local/lib/python3.7/site-packages/airflow/example_dags/example_kubernetes_executor.py
[2023-03-02T16:43:41.251+0000] {logging_mixin.py:137} INFO - [2023-03-02T16:43:41.251+0000] {dag.py:2690} INFO - Sync 1 DAGs
[2023-03-02T16:43:41.288+0000] {logging_mixin.py:137} INFO - [2023-03-02T16:43:41.287+0000] {dag.py:3441} INFO - Setting next_dagrun for example_kubernetes_executor to None, run_after=None
[2023-03-02T16:43:41.305+0000] {processor.py:175} INFO - Processing /home/airflow/.local/lib/python3.7/site-packages/airflow/example_dags/example_kubernetes_executor.py took 0.136 seconds
[2023-03-02T16:44:12.255+0000] {processor.py:153} INFO - Started process (PID=1218) to work on /home/airflow/.local/lib/python3.7/site-packages/airflow/example_dags/example_kubernetes_executor.py
[2023-03-02T16:44:12.259+0000] {processor.py:743} INFO - Processing file /home/airflow/.local/lib/python3.7/site-packages/airflow/example_dags/example_kubernetes_executor.py for tasks to queue
[2023-03-02T16:44:12.262+0000] {logging_mixin.py:137} INFO - [2023-03-02T16:44:12.262+0000] {dagbag.py:538} INFO - Filling up the DagBag from /home/airflow/.local/lib/python3.7/site-packages/airflow/example_dags/example_kubernetes_executor.py
[2023-03-02T16:44:12.388+0000] {processor.py:753} INFO - DAG(s) dict_keys(['example_kubernetes_executor']) retrieved from /home/airflow/.local/lib/python3.7/site-packages/airflow/example_dags/example_kubernetes_executor.py
[2023-03-02T16:44:12.523+0000] {logging_mixin.py:137} INFO - [2023-03-02T16:44:12.522+0000] {dag.py:2690} INFO - Sync 1 DAGs
[2023-03-02T16:44:12.806+0000] {logging_mixin.py:137} INFO - [2023-03-02T16:44:12.802+0000] {dag.py:3441} INFO - Setting next_dagrun for example_kubernetes_executor to None, run_after=None
[2023-03-02T16:44:12.939+0000] {processor.py:175} INFO - Processing /home/airflow/.local/lib/python3.7/site-packages/airflow/example_dags/example_kubernetes_executor.py took 0.707 seconds
[2023-03-02T16:49:51.395+0000] {processor.py:153} INFO - Started process (PID=1297) to work on /home/airflow/.local/lib/python3.7/site-packages/airflow/example_dags/example_kubernetes_executor.py
[2023-03-02T16:49:51.397+0000] {processor.py:743} INFO - Processing file /home/airflow/.local/lib/python3.7/site-packages/airflow/example_dags/example_kubernetes_executor.py for tasks to queue
[2023-03-02T16:49:51.398+0000] {logging_mixin.py:137} INFO - [2023-03-02T16:49:51.398+0000] {dagbag.py:538} INFO - Filling up the DagBag from /home/airflow/.local/lib/python3.7/site-packages/airflow/example_dags/example_kubernetes_executor.py
[2023-03-02T16:49:51.477+0000] {processor.py:753} INFO - DAG(s) dict_keys(['example_kubernetes_executor']) retrieved from /home/airflow/.local/lib/python3.7/site-packages/airflow/example_dags/example_kubernetes_executor.py
[2023-03-02T16:49:51.573+0000] {logging_mixin.py:137} INFO - [2023-03-02T16:49:51.572+0000] {dag.py:2690} INFO - Sync 1 DAGs
[2023-03-02T16:49:51.644+0000] {logging_mixin.py:137} INFO - [2023-03-02T16:49:51.644+0000] {dag.py:3441} INFO - Setting next_dagrun for example_kubernetes_executor to None, run_after=None
[2023-03-02T16:49:51.684+0000] {processor.py:175} INFO - Processing /home/airflow/.local/lib/python3.7/site-packages/airflow/example_dags/example_kubernetes_executor.py took 0.297 seconds
[2023-03-02T16:50:26.992+0000] {processor.py:153} INFO - Started process (PID=1372) to work on /home/airflow/.local/lib/python3.7/site-packages/airflow/example_dags/example_kubernetes_executor.py
[2023-03-02T16:50:26.995+0000] {processor.py:743} INFO - Processing file /home/airflow/.local/lib/python3.7/site-packages/airflow/example_dags/example_kubernetes_executor.py for tasks to queue
[2023-03-02T16:50:26.997+0000] {logging_mixin.py:137} INFO - [2023-03-02T16:50:26.997+0000] {dagbag.py:538} INFO - Filling up the DagBag from /home/airflow/.local/lib/python3.7/site-packages/airflow/example_dags/example_kubernetes_executor.py
[2023-03-02T16:50:27.053+0000] {processor.py:753} INFO - DAG(s) dict_keys(['example_kubernetes_executor']) retrieved from /home/airflow/.local/lib/python3.7/site-packages/airflow/example_dags/example_kubernetes_executor.py
[2023-03-02T16:50:27.163+0000] {logging_mixin.py:137} INFO - [2023-03-02T16:50:27.163+0000] {dag.py:2690} INFO - Sync 1 DAGs
[2023-03-02T16:50:27.238+0000] {logging_mixin.py:137} INFO - [2023-03-02T16:50:27.237+0000] {dag.py:3441} INFO - Setting next_dagrun for example_kubernetes_executor to None, run_after=None
[2023-03-02T16:50:27.289+0000] {processor.py:175} INFO - Processing /home/airflow/.local/lib/python3.7/site-packages/airflow/example_dags/example_kubernetes_executor.py took 0.302 seconds
[2023-03-02T16:50:58.832+0000] {processor.py:153} INFO - Started process (PID=1437) to work on /home/airflow/.local/lib/python3.7/site-packages/airflow/example_dags/example_kubernetes_executor.py
[2023-03-02T16:50:58.834+0000] {processor.py:743} INFO - Processing file /home/airflow/.local/lib/python3.7/site-packages/airflow/example_dags/example_kubernetes_executor.py for tasks to queue
[2023-03-02T16:50:58.836+0000] {logging_mixin.py:137} INFO - [2023-03-02T16:50:58.836+0000] {dagbag.py:538} INFO - Filling up the DagBag from /home/airflow/.local/lib/python3.7/site-packages/airflow/example_dags/example_kubernetes_executor.py
[2023-03-02T16:50:58.898+0000] {processor.py:753} INFO - DAG(s) dict_keys(['example_kubernetes_executor']) retrieved from /home/airflow/.local/lib/python3.7/site-packages/airflow/example_dags/example_kubernetes_executor.py
[2023-03-02T16:50:58.963+0000] {logging_mixin.py:137} INFO - [2023-03-02T16:50:58.963+0000] {dag.py:2690} INFO - Sync 1 DAGs
[2023-03-02T16:50:58.997+0000] {logging_mixin.py:137} INFO - [2023-03-02T16:50:58.997+0000] {dag.py:3441} INFO - Setting next_dagrun for example_kubernetes_executor to None, run_after=None
[2023-03-02T16:50:59.028+0000] {processor.py:175} INFO - Processing /home/airflow/.local/lib/python3.7/site-packages/airflow/example_dags/example_kubernetes_executor.py took 0.208 seconds
[2023-03-02T16:51:31.159+0000] {processor.py:153} INFO - Started process (PID=1500) to work on /home/airflow/.local/lib/python3.7/site-packages/airflow/example_dags/example_kubernetes_executor.py
[2023-03-02T16:51:31.161+0000] {processor.py:743} INFO - Processing file /home/airflow/.local/lib/python3.7/site-packages/airflow/example_dags/example_kubernetes_executor.py for tasks to queue
[2023-03-02T16:51:31.162+0000] {logging_mixin.py:137} INFO - [2023-03-02T16:51:31.162+0000] {dagbag.py:538} INFO - Filling up the DagBag from /home/airflow/.local/lib/python3.7/site-packages/airflow/example_dags/example_kubernetes_executor.py
[2023-03-02T16:51:31.231+0000] {processor.py:753} INFO - DAG(s) dict_keys(['example_kubernetes_executor']) retrieved from /home/airflow/.local/lib/python3.7/site-packages/airflow/example_dags/example_kubernetes_executor.py
[2023-03-02T16:51:31.308+0000] {logging_mixin.py:137} INFO - [2023-03-02T16:51:31.308+0000] {dag.py:2690} INFO - Sync 1 DAGs
[2023-03-02T16:51:31.389+0000] {logging_mixin.py:137} INFO - [2023-03-02T16:51:31.389+0000] {dag.py:3441} INFO - Setting next_dagrun for example_kubernetes_executor to None, run_after=None
[2023-03-02T16:51:31.421+0000] {processor.py:175} INFO - Processing /home/airflow/.local/lib/python3.7/site-packages/airflow/example_dags/example_kubernetes_executor.py took 0.267 seconds
[2023-03-02T16:52:01.640+0000] {processor.py:153} INFO - Started process (PID=1563) to work on /home/airflow/.local/lib/python3.7/site-packages/airflow/example_dags/example_kubernetes_executor.py
[2023-03-02T16:52:01.642+0000] {processor.py:743} INFO - Processing file /home/airflow/.local/lib/python3.7/site-packages/airflow/example_dags/example_kubernetes_executor.py for tasks to queue
[2023-03-02T16:52:01.643+0000] {logging_mixin.py:137} INFO - [2023-03-02T16:52:01.643+0000] {dagbag.py:538} INFO - Filling up the DagBag from /home/airflow/.local/lib/python3.7/site-packages/airflow/example_dags/example_kubernetes_executor.py
[2023-03-02T16:52:01.676+0000] {processor.py:753} INFO - DAG(s) dict_keys(['example_kubernetes_executor']) retrieved from /home/airflow/.local/lib/python3.7/site-packages/airflow/example_dags/example_kubernetes_executor.py
[2023-03-02T16:52:01.704+0000] {logging_mixin.py:137} INFO - [2023-03-02T16:52:01.704+0000] {dag.py:2690} INFO - Sync 1 DAGs
[2023-03-02T16:52:01.721+0000] {logging_mixin.py:137} INFO - [2023-03-02T16:52:01.721+0000] {dag.py:3441} INFO - Setting next_dagrun for example_kubernetes_executor to None, run_after=None
[2023-03-02T16:52:01.737+0000] {processor.py:175} INFO - Processing /home/airflow/.local/lib/python3.7/site-packages/airflow/example_dags/example_kubernetes_executor.py took 0.100 seconds
[2023-03-02T16:52:35.499+0000] {processor.py:153} INFO - Started process (PID=1639) to work on /home/airflow/.local/lib/python3.7/site-packages/airflow/example_dags/example_kubernetes_executor.py
[2023-03-02T16:52:35.503+0000] {processor.py:743} INFO - Processing file /home/airflow/.local/lib/python3.7/site-packages/airflow/example_dags/example_kubernetes_executor.py for tasks to queue
[2023-03-02T16:52:35.506+0000] {logging_mixin.py:137} INFO - [2023-03-02T16:52:35.505+0000] {dagbag.py:538} INFO - Filling up the DagBag from /home/airflow/.local/lib/python3.7/site-packages/airflow/example_dags/example_kubernetes_executor.py
[2023-03-02T16:52:35.557+0000] {processor.py:753} INFO - DAG(s) dict_keys(['example_kubernetes_executor']) retrieved from /home/airflow/.local/lib/python3.7/site-packages/airflow/example_dags/example_kubernetes_executor.py
[2023-03-02T16:52:35.598+0000] {logging_mixin.py:137} INFO - [2023-03-02T16:52:35.597+0000] {dag.py:2690} INFO - Sync 1 DAGs
[2023-03-02T16:52:35.628+0000] {logging_mixin.py:137} INFO - [2023-03-02T16:52:35.628+0000] {dag.py:3441} INFO - Setting next_dagrun for example_kubernetes_executor to None, run_after=None
[2023-03-02T16:52:35.647+0000] {processor.py:175} INFO - Processing /home/airflow/.local/lib/python3.7/site-packages/airflow/example_dags/example_kubernetes_executor.py took 0.154 seconds
[2023-03-02T16:53:06.411+0000] {processor.py:153} INFO - Started process (PID=1703) to work on /home/airflow/.local/lib/python3.7/site-packages/airflow/example_dags/example_kubernetes_executor.py
[2023-03-02T16:53:06.412+0000] {processor.py:743} INFO - Processing file /home/airflow/.local/lib/python3.7/site-packages/airflow/example_dags/example_kubernetes_executor.py for tasks to queue
[2023-03-02T16:53:06.412+0000] {logging_mixin.py:137} INFO - [2023-03-02T16:53:06.412+0000] {dagbag.py:538} INFO - Filling up the DagBag from /home/airflow/.local/lib/python3.7/site-packages/airflow/example_dags/example_kubernetes_executor.py
[2023-03-02T16:53:06.433+0000] {processor.py:753} INFO - DAG(s) dict_keys(['example_kubernetes_executor']) retrieved from /home/airflow/.local/lib/python3.7/site-packages/airflow/example_dags/example_kubernetes_executor.py
[2023-03-02T16:53:06.461+0000] {logging_mixin.py:137} INFO - [2023-03-02T16:53:06.461+0000] {dag.py:2690} INFO - Sync 1 DAGs
[2023-03-02T16:53:06.478+0000] {logging_mixin.py:137} INFO - [2023-03-02T16:53:06.478+0000] {dag.py:3441} INFO - Setting next_dagrun for example_kubernetes_executor to None, run_after=None
[2023-03-02T16:53:06.488+0000] {processor.py:175} INFO - Processing /home/airflow/.local/lib/python3.7/site-packages/airflow/example_dags/example_kubernetes_executor.py took 0.081 seconds
[2023-03-02T16:53:37.208+0000] {processor.py:153} INFO - Started process (PID=1778) to work on /home/airflow/.local/lib/python3.7/site-packages/airflow/example_dags/example_kubernetes_executor.py
[2023-03-02T16:53:37.211+0000] {processor.py:743} INFO - Processing file /home/airflow/.local/lib/python3.7/site-packages/airflow/example_dags/example_kubernetes_executor.py for tasks to queue
[2023-03-02T16:53:37.214+0000] {logging_mixin.py:137} INFO - [2023-03-02T16:53:37.213+0000] {dagbag.py:538} INFO - Filling up the DagBag from /home/airflow/.local/lib/python3.7/site-packages/airflow/example_dags/example_kubernetes_executor.py
[2023-03-02T16:53:37.271+0000] {processor.py:753} INFO - DAG(s) dict_keys(['example_kubernetes_executor']) retrieved from /home/airflow/.local/lib/python3.7/site-packages/airflow/example_dags/example_kubernetes_executor.py
[2023-03-02T16:53:37.315+0000] {logging_mixin.py:137} INFO - [2023-03-02T16:53:37.315+0000] {dag.py:2690} INFO - Sync 1 DAGs
[2023-03-02T16:53:37.355+0000] {logging_mixin.py:137} INFO - [2023-03-02T16:53:37.355+0000] {dag.py:3441} INFO - Setting next_dagrun for example_kubernetes_executor to None, run_after=None
[2023-03-02T16:53:37.414+0000] {processor.py:175} INFO - Processing /home/airflow/.local/lib/python3.7/site-packages/airflow/example_dags/example_kubernetes_executor.py took 0.210 seconds
[2023-03-02T16:54:07.989+0000] {processor.py:153} INFO - Started process (PID=1842) to work on /home/airflow/.local/lib/python3.7/site-packages/airflow/example_dags/example_kubernetes_executor.py
[2023-03-02T16:54:07.991+0000] {processor.py:743} INFO - Processing file /home/airflow/.local/lib/python3.7/site-packages/airflow/example_dags/example_kubernetes_executor.py for tasks to queue
[2023-03-02T16:54:07.992+0000] {logging_mixin.py:137} INFO - [2023-03-02T16:54:07.991+0000] {dagbag.py:538} INFO - Filling up the DagBag from /home/airflow/.local/lib/python3.7/site-packages/airflow/example_dags/example_kubernetes_executor.py
[2023-03-02T16:54:08.021+0000] {processor.py:753} INFO - DAG(s) dict_keys(['example_kubernetes_executor']) retrieved from /home/airflow/.local/lib/python3.7/site-packages/airflow/example_dags/example_kubernetes_executor.py
[2023-03-02T16:54:08.059+0000] {logging_mixin.py:137} INFO - [2023-03-02T16:54:08.059+0000] {dag.py:2690} INFO - Sync 1 DAGs
[2023-03-02T16:54:08.082+0000] {logging_mixin.py:137} INFO - [2023-03-02T16:54:08.082+0000] {dag.py:3441} INFO - Setting next_dagrun for example_kubernetes_executor to None, run_after=None
[2023-03-02T16:54:08.095+0000] {processor.py:175} INFO - Processing /home/airflow/.local/lib/python3.7/site-packages/airflow/example_dags/example_kubernetes_executor.py took 0.109 seconds
[2023-03-02T17:25:18.524+0000] {processor.py:153} INFO - Started process (PID=1963) to work on /home/airflow/.local/lib/python3.7/site-packages/airflow/example_dags/example_kubernetes_executor.py
[2023-03-02T17:25:18.532+0000] {processor.py:743} INFO - Processing file /home/airflow/.local/lib/python3.7/site-packages/airflow/example_dags/example_kubernetes_executor.py for tasks to queue
[2023-03-02T17:25:18.535+0000] {logging_mixin.py:137} INFO - [2023-03-02T17:25:18.535+0000] {dagbag.py:538} INFO - Filling up the DagBag from /home/airflow/.local/lib/python3.7/site-packages/airflow/example_dags/example_kubernetes_executor.py
[2023-03-02T17:25:18.954+0000] {processor.py:753} INFO - DAG(s) dict_keys(['example_kubernetes_executor']) retrieved from /home/airflow/.local/lib/python3.7/site-packages/airflow/example_dags/example_kubernetes_executor.py
[2023-03-02T17:25:19.255+0000] {logging_mixin.py:137} INFO - [2023-03-02T17:25:19.254+0000] {dag.py:2690} INFO - Sync 1 DAGs
[2023-03-02T17:25:19.604+0000] {logging_mixin.py:137} INFO - [2023-03-02T17:25:19.601+0000] {dag.py:3441} INFO - Setting next_dagrun for example_kubernetes_executor to None, run_after=None
[2023-03-02T17:25:19.726+0000] {processor.py:175} INFO - Processing /home/airflow/.local/lib/python3.7/site-packages/airflow/example_dags/example_kubernetes_executor.py took 1.238 seconds
[2023-03-02T17:25:50.537+0000] {processor.py:153} INFO - Started process (PID=2027) to work on /home/airflow/.local/lib/python3.7/site-packages/airflow/example_dags/example_kubernetes_executor.py
[2023-03-02T17:25:50.540+0000] {processor.py:743} INFO - Processing file /home/airflow/.local/lib/python3.7/site-packages/airflow/example_dags/example_kubernetes_executor.py for tasks to queue
[2023-03-02T17:25:50.543+0000] {logging_mixin.py:137} INFO - [2023-03-02T17:25:50.543+0000] {dagbag.py:538} INFO - Filling up the DagBag from /home/airflow/.local/lib/python3.7/site-packages/airflow/example_dags/example_kubernetes_executor.py
[2023-03-02T17:25:50.635+0000] {processor.py:753} INFO - DAG(s) dict_keys(['example_kubernetes_executor']) retrieved from /home/airflow/.local/lib/python3.7/site-packages/airflow/example_dags/example_kubernetes_executor.py
[2023-03-02T17:25:50.702+0000] {logging_mixin.py:137} INFO - [2023-03-02T17:25:50.701+0000] {dag.py:2690} INFO - Sync 1 DAGs
[2023-03-02T17:25:50.730+0000] {logging_mixin.py:137} INFO - [2023-03-02T17:25:50.730+0000] {dag.py:3441} INFO - Setting next_dagrun for example_kubernetes_executor to None, run_after=None
[2023-03-02T17:25:50.747+0000] {processor.py:175} INFO - Processing /home/airflow/.local/lib/python3.7/site-packages/airflow/example_dags/example_kubernetes_executor.py took 0.220 seconds
[2023-03-02T17:26:21.118+0000] {processor.py:153} INFO - Started process (PID=2090) to work on /home/airflow/.local/lib/python3.7/site-packages/airflow/example_dags/example_kubernetes_executor.py
[2023-03-02T17:26:21.120+0000] {processor.py:743} INFO - Processing file /home/airflow/.local/lib/python3.7/site-packages/airflow/example_dags/example_kubernetes_executor.py for tasks to queue
[2023-03-02T17:26:21.122+0000] {logging_mixin.py:137} INFO - [2023-03-02T17:26:21.122+0000] {dagbag.py:538} INFO - Filling up the DagBag from /home/airflow/.local/lib/python3.7/site-packages/airflow/example_dags/example_kubernetes_executor.py
[2023-03-02T17:26:21.185+0000] {processor.py:753} INFO - DAG(s) dict_keys(['example_kubernetes_executor']) retrieved from /home/airflow/.local/lib/python3.7/site-packages/airflow/example_dags/example_kubernetes_executor.py
[2023-03-02T17:26:21.247+0000] {logging_mixin.py:137} INFO - [2023-03-02T17:26:21.247+0000] {dag.py:2690} INFO - Sync 1 DAGs
[2023-03-02T17:26:21.278+0000] {logging_mixin.py:137} INFO - [2023-03-02T17:26:21.278+0000] {dag.py:3441} INFO - Setting next_dagrun for example_kubernetes_executor to None, run_after=None
[2023-03-02T17:26:21.312+0000] {processor.py:175} INFO - Processing /home/airflow/.local/lib/python3.7/site-packages/airflow/example_dags/example_kubernetes_executor.py took 0.200 seconds
[2023-03-02T17:26:52.530+0000] {processor.py:153} INFO - Started process (PID=2166) to work on /home/airflow/.local/lib/python3.7/site-packages/airflow/example_dags/example_kubernetes_executor.py
[2023-03-02T17:26:52.875+0000] {processor.py:743} INFO - Processing file /home/airflow/.local/lib/python3.7/site-packages/airflow/example_dags/example_kubernetes_executor.py for tasks to queue
[2023-03-02T17:26:53.500+0000] {logging_mixin.py:137} INFO - [2023-03-02T17:26:53.498+0000] {dagbag.py:538} INFO - Filling up the DagBag from /home/airflow/.local/lib/python3.7/site-packages/airflow/example_dags/example_kubernetes_executor.py
[2023-03-02T17:26:54.372+0000] {processor.py:753} INFO - DAG(s) dict_keys(['example_kubernetes_executor']) retrieved from /home/airflow/.local/lib/python3.7/site-packages/airflow/example_dags/example_kubernetes_executor.py
[2023-03-02T17:26:54.771+0000] {logging_mixin.py:137} INFO - [2023-03-02T17:26:54.770+0000] {dag.py:2690} INFO - Sync 1 DAGs
[2023-03-02T17:26:54.891+0000] {logging_mixin.py:137} INFO - [2023-03-02T17:26:54.891+0000] {dag.py:3441} INFO - Setting next_dagrun for example_kubernetes_executor to None, run_after=None
[2023-03-02T17:26:55.012+0000] {processor.py:175} INFO - Processing /home/airflow/.local/lib/python3.7/site-packages/airflow/example_dags/example_kubernetes_executor.py took 2.569 seconds
[2023-03-02T18:31:45.978+0000] {processor.py:153} INFO - Started process (PID=2258) to work on /home/airflow/.local/lib/python3.7/site-packages/airflow/example_dags/example_kubernetes_executor.py
[2023-03-02T18:31:45.979+0000] {processor.py:743} INFO - Processing file /home/airflow/.local/lib/python3.7/site-packages/airflow/example_dags/example_kubernetes_executor.py for tasks to queue
[2023-03-02T18:31:45.981+0000] {logging_mixin.py:137} INFO - [2023-03-02T18:31:45.980+0000] {dagbag.py:538} INFO - Filling up the DagBag from /home/airflow/.local/lib/python3.7/site-packages/airflow/example_dags/example_kubernetes_executor.py
[2023-03-02T18:31:46.026+0000] {processor.py:753} INFO - DAG(s) dict_keys(['example_kubernetes_executor']) retrieved from /home/airflow/.local/lib/python3.7/site-packages/airflow/example_dags/example_kubernetes_executor.py
[2023-03-02T18:31:46.058+0000] {logging_mixin.py:137} INFO - [2023-03-02T18:31:46.057+0000] {dag.py:2690} INFO - Sync 1 DAGs
[2023-03-02T18:31:46.073+0000] {logging_mixin.py:137} INFO - [2023-03-02T18:31:46.073+0000] {dag.py:3441} INFO - Setting next_dagrun for example_kubernetes_executor to None, run_after=None
[2023-03-02T18:31:46.086+0000] {processor.py:175} INFO - Processing /home/airflow/.local/lib/python3.7/site-packages/airflow/example_dags/example_kubernetes_executor.py took 0.112 seconds
[2023-03-02T18:49:45.632+0000] {processor.py:153} INFO - Started process (PID=2321) to work on /home/airflow/.local/lib/python3.7/site-packages/airflow/example_dags/example_kubernetes_executor.py
[2023-03-02T18:49:45.634+0000] {processor.py:743} INFO - Processing file /home/airflow/.local/lib/python3.7/site-packages/airflow/example_dags/example_kubernetes_executor.py for tasks to queue
[2023-03-02T18:49:45.635+0000] {logging_mixin.py:137} INFO - [2023-03-02T18:49:45.635+0000] {dagbag.py:538} INFO - Filling up the DagBag from /home/airflow/.local/lib/python3.7/site-packages/airflow/example_dags/example_kubernetes_executor.py
[2023-03-02T18:49:45.700+0000] {processor.py:753} INFO - DAG(s) dict_keys(['example_kubernetes_executor']) retrieved from /home/airflow/.local/lib/python3.7/site-packages/airflow/example_dags/example_kubernetes_executor.py
[2023-03-02T18:49:45.783+0000] {logging_mixin.py:137} INFO - [2023-03-02T18:49:45.783+0000] {dag.py:2690} INFO - Sync 1 DAGs
[2023-03-02T18:49:45.828+0000] {logging_mixin.py:137} INFO - [2023-03-02T18:49:45.828+0000] {dag.py:3441} INFO - Setting next_dagrun for example_kubernetes_executor to None, run_after=None
[2023-03-02T18:49:45.862+0000] {processor.py:175} INFO - Processing /home/airflow/.local/lib/python3.7/site-packages/airflow/example_dags/example_kubernetes_executor.py took 0.236 seconds
[2023-03-02T20:56:12.329+0000] {processor.py:153} INFO - Started process (PID=2414) to work on /home/airflow/.local/lib/python3.7/site-packages/airflow/example_dags/example_kubernetes_executor.py
[2023-03-02T20:56:12.346+0000] {processor.py:743} INFO - Processing file /home/airflow/.local/lib/python3.7/site-packages/airflow/example_dags/example_kubernetes_executor.py for tasks to queue
[2023-03-02T20:56:12.393+0000] {logging_mixin.py:137} INFO - [2023-03-02T20:56:12.392+0000] {dagbag.py:538} INFO - Filling up the DagBag from /home/airflow/.local/lib/python3.7/site-packages/airflow/example_dags/example_kubernetes_executor.py
[2023-03-02T20:56:13.287+0000] {processor.py:753} INFO - DAG(s) dict_keys(['example_kubernetes_executor']) retrieved from /home/airflow/.local/lib/python3.7/site-packages/airflow/example_dags/example_kubernetes_executor.py
[2023-03-02T20:56:17.371+0000] {logging_mixin.py:137} INFO - [2023-03-02T20:56:17.344+0000] {dag.py:2690} INFO - Sync 1 DAGs
[2023-03-02T20:56:17.600+0000] {logging_mixin.py:137} INFO - [2023-03-02T20:56:17.599+0000] {dag.py:3441} INFO - Setting next_dagrun for example_kubernetes_executor to None, run_after=None
[2023-03-02T20:56:17.851+0000] {processor.py:175} INFO - Processing /home/airflow/.local/lib/python3.7/site-packages/airflow/example_dags/example_kubernetes_executor.py took 5.615 seconds
