[2023-03-02T13:04:36.600+0000] {processor.py:153} INFO - Started process (PID=43) to work on /home/airflow/.local/lib/python3.7/site-packages/airflow/example_dags/example_task_group_decorator.py
[2023-03-02T13:04:36.620+0000] {processor.py:743} INFO - Processing file /home/airflow/.local/lib/python3.7/site-packages/airflow/example_dags/example_task_group_decorator.py for tasks to queue
[2023-03-02T13:04:36.656+0000] {logging_mixin.py:137} INFO - [2023-03-02T13:04:36.655+0000] {dagbag.py:538} INFO - Filling up the DagBag from /home/airflow/.local/lib/python3.7/site-packages/airflow/example_dags/example_task_group_decorator.py
[2023-03-02T13:04:36.775+0000] {processor.py:753} INFO - DAG(s) dict_keys(['example_task_group_decorator']) retrieved from /home/airflow/.local/lib/python3.7/site-packages/airflow/example_dags/example_task_group_decorator.py
[2023-03-02T13:04:37.297+0000] {logging_mixin.py:137} INFO - [2023-03-02T13:04:37.297+0000] {manager.py:504} INFO - Created Permission View: can delete on DAG:example_task_group_decorator
[2023-03-02T13:04:37.323+0000] {logging_mixin.py:137} INFO - [2023-03-02T13:04:37.323+0000] {manager.py:504} INFO - Created Permission View: can read on DAG:example_task_group_decorator
[2023-03-02T13:04:37.345+0000] {logging_mixin.py:137} INFO - [2023-03-02T13:04:37.344+0000] {manager.py:504} INFO - Created Permission View: can edit on DAG:example_task_group_decorator
[2023-03-02T13:04:37.346+0000] {logging_mixin.py:137} INFO - [2023-03-02T13:04:37.346+0000] {dag.py:2690} INFO - Sync 1 DAGs
[2023-03-02T13:04:37.422+0000] {logging_mixin.py:137} INFO - [2023-03-02T13:04:37.422+0000] {dag.py:2711} INFO - Creating ORM DAG for example_task_group_decorator
[2023-03-02T13:04:37.483+0000] {logging_mixin.py:137} INFO - [2023-03-02T13:04:37.483+0000] {dag.py:3441} INFO - Setting next_dagrun for example_task_group_decorator to 2023-03-01T13:04:37.483112+00:00, run_after=2023-03-02T13:04:37.483112+00:00
[2023-03-02T13:04:37.621+0000] {processor.py:175} INFO - Processing /home/airflow/.local/lib/python3.7/site-packages/airflow/example_dags/example_task_group_decorator.py took 1.025 seconds
[2023-03-02T13:05:07.783+0000] {processor.py:153} INFO - Started process (PID=100) to work on /home/airflow/.local/lib/python3.7/site-packages/airflow/example_dags/example_task_group_decorator.py
[2023-03-02T13:05:07.787+0000] {processor.py:743} INFO - Processing file /home/airflow/.local/lib/python3.7/site-packages/airflow/example_dags/example_task_group_decorator.py for tasks to queue
[2023-03-02T13:05:07.788+0000] {logging_mixin.py:137} INFO - [2023-03-02T13:05:07.788+0000] {dagbag.py:538} INFO - Filling up the DagBag from /home/airflow/.local/lib/python3.7/site-packages/airflow/example_dags/example_task_group_decorator.py
[2023-03-02T13:05:07.845+0000] {processor.py:753} INFO - DAG(s) dict_keys(['example_task_group_decorator']) retrieved from /home/airflow/.local/lib/python3.7/site-packages/airflow/example_dags/example_task_group_decorator.py
[2023-03-02T13:05:07.904+0000] {logging_mixin.py:137} INFO - [2023-03-02T13:05:07.904+0000] {dag.py:2690} INFO - Sync 1 DAGs
[2023-03-02T13:05:07.943+0000] {logging_mixin.py:137} INFO - [2023-03-02T13:05:07.943+0000] {dag.py:3441} INFO - Setting next_dagrun for example_task_group_decorator to 2023-03-01T13:05:07.943227+00:00, run_after=2023-03-02T13:05:07.943227+00:00
[2023-03-02T13:05:07.972+0000] {processor.py:175} INFO - Processing /home/airflow/.local/lib/python3.7/site-packages/airflow/example_dags/example_task_group_decorator.py took 0.201 seconds
[2023-03-02T13:05:38.160+0000] {processor.py:153} INFO - Started process (PID=176) to work on /home/airflow/.local/lib/python3.7/site-packages/airflow/example_dags/example_task_group_decorator.py
[2023-03-02T13:05:38.162+0000] {processor.py:743} INFO - Processing file /home/airflow/.local/lib/python3.7/site-packages/airflow/example_dags/example_task_group_decorator.py for tasks to queue
[2023-03-02T13:05:38.163+0000] {logging_mixin.py:137} INFO - [2023-03-02T13:05:38.163+0000] {dagbag.py:538} INFO - Filling up the DagBag from /home/airflow/.local/lib/python3.7/site-packages/airflow/example_dags/example_task_group_decorator.py
[2023-03-02T13:05:38.197+0000] {processor.py:753} INFO - DAG(s) dict_keys(['example_task_group_decorator']) retrieved from /home/airflow/.local/lib/python3.7/site-packages/airflow/example_dags/example_task_group_decorator.py
[2023-03-02T13:05:38.232+0000] {logging_mixin.py:137} INFO - [2023-03-02T13:05:38.231+0000] {dag.py:2690} INFO - Sync 1 DAGs
[2023-03-02T13:05:38.259+0000] {logging_mixin.py:137} INFO - [2023-03-02T13:05:38.259+0000] {dag.py:3441} INFO - Setting next_dagrun for example_task_group_decorator to 2023-03-01T13:05:38.258957+00:00, run_after=2023-03-02T13:05:38.258957+00:00
[2023-03-02T13:05:38.275+0000] {processor.py:175} INFO - Processing /home/airflow/.local/lib/python3.7/site-packages/airflow/example_dags/example_task_group_decorator.py took 0.119 seconds
[2023-03-02T13:06:08.422+0000] {processor.py:153} INFO - Started process (PID=251) to work on /home/airflow/.local/lib/python3.7/site-packages/airflow/example_dags/example_task_group_decorator.py
[2023-03-02T13:06:08.425+0000] {processor.py:743} INFO - Processing file /home/airflow/.local/lib/python3.7/site-packages/airflow/example_dags/example_task_group_decorator.py for tasks to queue
[2023-03-02T13:06:08.426+0000] {logging_mixin.py:137} INFO - [2023-03-02T13:06:08.426+0000] {dagbag.py:538} INFO - Filling up the DagBag from /home/airflow/.local/lib/python3.7/site-packages/airflow/example_dags/example_task_group_decorator.py
[2023-03-02T13:06:08.481+0000] {processor.py:753} INFO - DAG(s) dict_keys(['example_task_group_decorator']) retrieved from /home/airflow/.local/lib/python3.7/site-packages/airflow/example_dags/example_task_group_decorator.py
[2023-03-02T13:06:08.528+0000] {logging_mixin.py:137} INFO - [2023-03-02T13:06:08.528+0000] {dag.py:2690} INFO - Sync 1 DAGs
[2023-03-02T13:06:08.588+0000] {logging_mixin.py:137} INFO - [2023-03-02T13:06:08.588+0000] {dag.py:3441} INFO - Setting next_dagrun for example_task_group_decorator to 2023-03-01T13:06:08.588156+00:00, run_after=2023-03-02T13:06:08.588156+00:00
[2023-03-02T13:06:08.617+0000] {processor.py:175} INFO - Processing /home/airflow/.local/lib/python3.7/site-packages/airflow/example_dags/example_task_group_decorator.py took 0.201 seconds
[2023-03-02T14:26:18.308+0000] {processor.py:153} INFO - Started process (PID=322) to work on /home/airflow/.local/lib/python3.7/site-packages/airflow/example_dags/example_task_group_decorator.py
[2023-03-02T14:26:18.325+0000] {processor.py:743} INFO - Processing file /home/airflow/.local/lib/python3.7/site-packages/airflow/example_dags/example_task_group_decorator.py for tasks to queue
[2023-03-02T14:26:18.327+0000] {logging_mixin.py:137} INFO - [2023-03-02T14:26:18.327+0000] {dagbag.py:538} INFO - Filling up the DagBag from /home/airflow/.local/lib/python3.7/site-packages/airflow/example_dags/example_task_group_decorator.py
[2023-03-02T14:26:18.794+0000] {processor.py:753} INFO - DAG(s) dict_keys(['example_task_group_decorator']) retrieved from /home/airflow/.local/lib/python3.7/site-packages/airflow/example_dags/example_task_group_decorator.py
[2023-03-02T14:26:19.075+0000] {logging_mixin.py:137} INFO - [2023-03-02T14:26:19.074+0000] {dag.py:2690} INFO - Sync 1 DAGs
[2023-03-02T14:26:19.197+0000] {logging_mixin.py:137} INFO - [2023-03-02T14:26:19.197+0000] {dag.py:3441} INFO - Setting next_dagrun for example_task_group_decorator to 2023-03-01T14:26:19.196560+00:00, run_after=2023-03-02T14:26:19.196560+00:00
[2023-03-02T14:26:19.305+0000] {processor.py:175} INFO - Processing /home/airflow/.local/lib/python3.7/site-packages/airflow/example_dags/example_task_group_decorator.py took 1.049 seconds
[2023-03-02T14:26:49.528+0000] {processor.py:153} INFO - Started process (PID=383) to work on /home/airflow/.local/lib/python3.7/site-packages/airflow/example_dags/example_task_group_decorator.py
[2023-03-02T14:26:49.530+0000] {processor.py:743} INFO - Processing file /home/airflow/.local/lib/python3.7/site-packages/airflow/example_dags/example_task_group_decorator.py for tasks to queue
[2023-03-02T14:26:49.532+0000] {logging_mixin.py:137} INFO - [2023-03-02T14:26:49.532+0000] {dagbag.py:538} INFO - Filling up the DagBag from /home/airflow/.local/lib/python3.7/site-packages/airflow/example_dags/example_task_group_decorator.py
[2023-03-02T14:26:49.567+0000] {processor.py:753} INFO - DAG(s) dict_keys(['example_task_group_decorator']) retrieved from /home/airflow/.local/lib/python3.7/site-packages/airflow/example_dags/example_task_group_decorator.py
[2023-03-02T14:26:49.597+0000] {logging_mixin.py:137} INFO - [2023-03-02T14:26:49.597+0000] {dag.py:2690} INFO - Sync 1 DAGs
[2023-03-02T14:26:49.619+0000] {logging_mixin.py:137} INFO - [2023-03-02T14:26:49.619+0000] {dag.py:3441} INFO - Setting next_dagrun for example_task_group_decorator to 2023-03-01T14:26:49.618729+00:00, run_after=2023-03-02T14:26:49.618729+00:00
[2023-03-02T14:26:49.633+0000] {processor.py:175} INFO - Processing /home/airflow/.local/lib/python3.7/site-packages/airflow/example_dags/example_task_group_decorator.py took 0.113 seconds
[2023-03-02T14:28:13.770+0000] {processor.py:153} INFO - Started process (PID=430) to work on /home/airflow/.local/lib/python3.7/site-packages/airflow/example_dags/example_task_group_decorator.py
[2023-03-02T14:28:13.775+0000] {processor.py:743} INFO - Processing file /home/airflow/.local/lib/python3.7/site-packages/airflow/example_dags/example_task_group_decorator.py for tasks to queue
[2023-03-02T14:28:13.778+0000] {logging_mixin.py:137} INFO - [2023-03-02T14:28:13.777+0000] {dagbag.py:538} INFO - Filling up the DagBag from /home/airflow/.local/lib/python3.7/site-packages/airflow/example_dags/example_task_group_decorator.py
[2023-03-02T14:28:13.821+0000] {processor.py:753} INFO - DAG(s) dict_keys(['example_task_group_decorator']) retrieved from /home/airflow/.local/lib/python3.7/site-packages/airflow/example_dags/example_task_group_decorator.py
[2023-03-02T14:28:13.870+0000] {logging_mixin.py:137} INFO - [2023-03-02T14:28:13.870+0000] {dag.py:2690} INFO - Sync 1 DAGs
[2023-03-02T14:28:13.926+0000] {logging_mixin.py:137} INFO - [2023-03-02T14:28:13.926+0000] {dag.py:3441} INFO - Setting next_dagrun for example_task_group_decorator to 2023-03-01T14:28:13.925495+00:00, run_after=2023-03-02T14:28:13.925495+00:00
[2023-03-02T14:28:14.006+0000] {processor.py:175} INFO - Processing /home/airflow/.local/lib/python3.7/site-packages/airflow/example_dags/example_task_group_decorator.py took 0.243 seconds
[2023-03-02T14:28:50.978+0000] {processor.py:153} INFO - Started process (PID=494) to work on /home/airflow/.local/lib/python3.7/site-packages/airflow/example_dags/example_task_group_decorator.py
[2023-03-02T14:28:50.983+0000] {processor.py:743} INFO - Processing file /home/airflow/.local/lib/python3.7/site-packages/airflow/example_dags/example_task_group_decorator.py for tasks to queue
[2023-03-02T14:28:50.987+0000] {logging_mixin.py:137} INFO - [2023-03-02T14:28:50.987+0000] {dagbag.py:538} INFO - Filling up the DagBag from /home/airflow/.local/lib/python3.7/site-packages/airflow/example_dags/example_task_group_decorator.py
[2023-03-02T14:28:51.034+0000] {processor.py:753} INFO - DAG(s) dict_keys(['example_task_group_decorator']) retrieved from /home/airflow/.local/lib/python3.7/site-packages/airflow/example_dags/example_task_group_decorator.py
[2023-03-02T14:28:51.085+0000] {logging_mixin.py:137} INFO - [2023-03-02T14:28:51.085+0000] {dag.py:2690} INFO - Sync 1 DAGs
[2023-03-02T14:28:51.126+0000] {logging_mixin.py:137} INFO - [2023-03-02T14:28:51.125+0000] {dag.py:3441} INFO - Setting next_dagrun for example_task_group_decorator to 2023-03-01T14:28:51.125549+00:00, run_after=2023-03-02T14:28:51.125549+00:00
[2023-03-02T14:28:51.156+0000] {processor.py:175} INFO - Processing /home/airflow/.local/lib/python3.7/site-packages/airflow/example_dags/example_task_group_decorator.py took 0.184 seconds
[2023-03-02T15:58:24.738+0000] {processor.py:153} INFO - Started process (PID=557) to work on /home/airflow/.local/lib/python3.7/site-packages/airflow/example_dags/example_task_group_decorator.py
[2023-03-02T15:58:24.739+0000] {processor.py:743} INFO - Processing file /home/airflow/.local/lib/python3.7/site-packages/airflow/example_dags/example_task_group_decorator.py for tasks to queue
[2023-03-02T15:58:24.741+0000] {logging_mixin.py:137} INFO - [2023-03-02T15:58:24.741+0000] {dagbag.py:538} INFO - Filling up the DagBag from /home/airflow/.local/lib/python3.7/site-packages/airflow/example_dags/example_task_group_decorator.py
[2023-03-02T15:58:24.771+0000] {processor.py:753} INFO - DAG(s) dict_keys(['example_task_group_decorator']) retrieved from /home/airflow/.local/lib/python3.7/site-packages/airflow/example_dags/example_task_group_decorator.py
[2023-03-02T15:58:24.794+0000] {logging_mixin.py:137} INFO - [2023-03-02T15:58:24.794+0000] {dag.py:2690} INFO - Sync 1 DAGs
[2023-03-02T15:58:24.810+0000] {logging_mixin.py:137} INFO - [2023-03-02T15:58:24.810+0000] {dag.py:3441} INFO - Setting next_dagrun for example_task_group_decorator to 2023-03-01T15:58:24.809991+00:00, run_after=2023-03-02T15:58:24.809991+00:00
[2023-03-02T15:58:24.823+0000] {processor.py:175} INFO - Processing /home/airflow/.local/lib/python3.7/site-packages/airflow/example_dags/example_task_group_decorator.py took 0.089 seconds
[2023-03-02T16:32:14.288+0000] {processor.py:153} INFO - Started process (PID=620) to work on /home/airflow/.local/lib/python3.7/site-packages/airflow/example_dags/example_task_group_decorator.py
[2023-03-02T16:32:14.304+0000] {processor.py:743} INFO - Processing file /home/airflow/.local/lib/python3.7/site-packages/airflow/example_dags/example_task_group_decorator.py for tasks to queue
[2023-03-02T16:32:14.321+0000] {logging_mixin.py:137} INFO - [2023-03-02T16:32:14.321+0000] {dagbag.py:538} INFO - Filling up the DagBag from /home/airflow/.local/lib/python3.7/site-packages/airflow/example_dags/example_task_group_decorator.py
[2023-03-02T16:32:14.523+0000] {processor.py:753} INFO - DAG(s) dict_keys(['example_task_group_decorator']) retrieved from /home/airflow/.local/lib/python3.7/site-packages/airflow/example_dags/example_task_group_decorator.py
[2023-03-02T16:32:14.592+0000] {logging_mixin.py:137} INFO - [2023-03-02T16:32:14.592+0000] {dag.py:2690} INFO - Sync 1 DAGs
[2023-03-02T16:32:14.652+0000] {logging_mixin.py:137} INFO - [2023-03-02T16:32:14.651+0000] {dag.py:3441} INFO - Setting next_dagrun for example_task_group_decorator to 2023-03-01T16:32:14.651519+00:00, run_after=2023-03-02T16:32:14.651519+00:00
[2023-03-02T16:32:14.724+0000] {processor.py:175} INFO - Processing /home/airflow/.local/lib/python3.7/site-packages/airflow/example_dags/example_task_group_decorator.py took 0.478 seconds
[2023-03-02T16:38:11.475+0000] {processor.py:153} INFO - Started process (PID=671) to work on /home/airflow/.local/lib/python3.7/site-packages/airflow/example_dags/example_task_group_decorator.py
[2023-03-02T16:38:11.484+0000] {processor.py:743} INFO - Processing file /home/airflow/.local/lib/python3.7/site-packages/airflow/example_dags/example_task_group_decorator.py for tasks to queue
[2023-03-02T16:38:11.488+0000] {logging_mixin.py:137} INFO - [2023-03-02T16:38:11.488+0000] {dagbag.py:538} INFO - Filling up the DagBag from /home/airflow/.local/lib/python3.7/site-packages/airflow/example_dags/example_task_group_decorator.py
[2023-03-02T16:38:11.597+0000] {processor.py:753} INFO - DAG(s) dict_keys(['example_task_group_decorator']) retrieved from /home/airflow/.local/lib/python3.7/site-packages/airflow/example_dags/example_task_group_decorator.py
[2023-03-02T16:38:11.668+0000] {logging_mixin.py:137} INFO - [2023-03-02T16:38:11.668+0000] {dag.py:2690} INFO - Sync 1 DAGs
[2023-03-02T16:38:11.742+0000] {logging_mixin.py:137} INFO - [2023-03-02T16:38:11.742+0000] {dag.py:3441} INFO - Setting next_dagrun for example_task_group_decorator to 2023-03-01T16:38:11.740878+00:00, run_after=2023-03-02T16:38:11.740878+00:00
[2023-03-02T16:38:11.909+0000] {processor.py:175} INFO - Processing /home/airflow/.local/lib/python3.7/site-packages/airflow/example_dags/example_task_group_decorator.py took 0.459 seconds
[2023-03-02T16:40:31.023+0000] {processor.py:153} INFO - Started process (PID=777) to work on /home/airflow/.local/lib/python3.7/site-packages/airflow/example_dags/example_task_group_decorator.py
[2023-03-02T16:40:31.035+0000] {processor.py:743} INFO - Processing file /home/airflow/.local/lib/python3.7/site-packages/airflow/example_dags/example_task_group_decorator.py for tasks to queue
[2023-03-02T16:40:31.042+0000] {logging_mixin.py:137} INFO - [2023-03-02T16:40:31.042+0000] {dagbag.py:538} INFO - Filling up the DagBag from /home/airflow/.local/lib/python3.7/site-packages/airflow/example_dags/example_task_group_decorator.py
[2023-03-02T16:40:31.149+0000] {processor.py:753} INFO - DAG(s) dict_keys(['example_task_group_decorator']) retrieved from /home/airflow/.local/lib/python3.7/site-packages/airflow/example_dags/example_task_group_decorator.py
[2023-03-02T16:40:31.292+0000] {logging_mixin.py:137} INFO - [2023-03-02T16:40:31.291+0000] {dag.py:2690} INFO - Sync 1 DAGs
[2023-03-02T16:40:31.392+0000] {logging_mixin.py:137} INFO - [2023-03-02T16:40:31.392+0000] {dag.py:3441} INFO - Setting next_dagrun for example_task_group_decorator to 2023-03-01T16:40:31.391619+00:00, run_after=2023-03-02T16:40:31.391619+00:00
[2023-03-02T16:40:31.450+0000] {processor.py:175} INFO - Processing /home/airflow/.local/lib/python3.7/site-packages/airflow/example_dags/example_task_group_decorator.py took 0.444 seconds
[2023-03-02T16:41:10.485+0000] {processor.py:153} INFO - Started process (PID=835) to work on /home/airflow/.local/lib/python3.7/site-packages/airflow/example_dags/example_task_group_decorator.py
[2023-03-02T16:41:10.490+0000] {processor.py:743} INFO - Processing file /home/airflow/.local/lib/python3.7/site-packages/airflow/example_dags/example_task_group_decorator.py for tasks to queue
[2023-03-02T16:41:10.500+0000] {logging_mixin.py:137} INFO - [2023-03-02T16:41:10.500+0000] {dagbag.py:538} INFO - Filling up the DagBag from /home/airflow/.local/lib/python3.7/site-packages/airflow/example_dags/example_task_group_decorator.py
[2023-03-02T16:41:10.748+0000] {processor.py:753} INFO - DAG(s) dict_keys(['example_task_group_decorator']) retrieved from /home/airflow/.local/lib/python3.7/site-packages/airflow/example_dags/example_task_group_decorator.py
[2023-03-02T16:41:11.060+0000] {logging_mixin.py:137} INFO - [2023-03-02T16:41:11.056+0000] {dag.py:2690} INFO - Sync 1 DAGs
[2023-03-02T16:41:11.313+0000] {logging_mixin.py:137} INFO - [2023-03-02T16:41:11.312+0000] {dag.py:3441} INFO - Setting next_dagrun for example_task_group_decorator to 2023-03-01T16:41:11.296117+00:00, run_after=2023-03-02T16:41:11.296117+00:00
[2023-03-02T16:41:11.528+0000] {processor.py:175} INFO - Processing /home/airflow/.local/lib/python3.7/site-packages/airflow/example_dags/example_task_group_decorator.py took 1.118 seconds
[2023-03-02T16:41:42.503+0000] {processor.py:153} INFO - Started process (PID=897) to work on /home/airflow/.local/lib/python3.7/site-packages/airflow/example_dags/example_task_group_decorator.py
[2023-03-02T16:41:42.508+0000] {processor.py:743} INFO - Processing file /home/airflow/.local/lib/python3.7/site-packages/airflow/example_dags/example_task_group_decorator.py for tasks to queue
[2023-03-02T16:41:42.510+0000] {logging_mixin.py:137} INFO - [2023-03-02T16:41:42.509+0000] {dagbag.py:538} INFO - Filling up the DagBag from /home/airflow/.local/lib/python3.7/site-packages/airflow/example_dags/example_task_group_decorator.py
[2023-03-02T16:41:42.584+0000] {processor.py:753} INFO - DAG(s) dict_keys(['example_task_group_decorator']) retrieved from /home/airflow/.local/lib/python3.7/site-packages/airflow/example_dags/example_task_group_decorator.py
[2023-03-02T16:41:42.715+0000] {logging_mixin.py:137} INFO - [2023-03-02T16:41:42.715+0000] {dag.py:2690} INFO - Sync 1 DAGs
[2023-03-02T16:41:42.758+0000] {logging_mixin.py:137} INFO - [2023-03-02T16:41:42.758+0000] {dag.py:3441} INFO - Setting next_dagrun for example_task_group_decorator to 2023-03-01T16:41:42.757532+00:00, run_after=2023-03-02T16:41:42.757532+00:00
[2023-03-02T16:41:42.778+0000] {processor.py:175} INFO - Processing /home/airflow/.local/lib/python3.7/site-packages/airflow/example_dags/example_task_group_decorator.py took 0.293 seconds
[2023-03-02T16:42:13.302+0000] {processor.py:153} INFO - Started process (PID=960) to work on /home/airflow/.local/lib/python3.7/site-packages/airflow/example_dags/example_task_group_decorator.py
[2023-03-02T16:42:13.304+0000] {processor.py:743} INFO - Processing file /home/airflow/.local/lib/python3.7/site-packages/airflow/example_dags/example_task_group_decorator.py for tasks to queue
[2023-03-02T16:42:13.306+0000] {logging_mixin.py:137} INFO - [2023-03-02T16:42:13.306+0000] {dagbag.py:538} INFO - Filling up the DagBag from /home/airflow/.local/lib/python3.7/site-packages/airflow/example_dags/example_task_group_decorator.py
[2023-03-02T16:42:13.357+0000] {processor.py:753} INFO - DAG(s) dict_keys(['example_task_group_decorator']) retrieved from /home/airflow/.local/lib/python3.7/site-packages/airflow/example_dags/example_task_group_decorator.py
[2023-03-02T16:42:13.411+0000] {logging_mixin.py:137} INFO - [2023-03-02T16:42:13.411+0000] {dag.py:2690} INFO - Sync 1 DAGs
[2023-03-02T16:42:13.437+0000] {logging_mixin.py:137} INFO - [2023-03-02T16:42:13.436+0000] {dag.py:3441} INFO - Setting next_dagrun for example_task_group_decorator to 2023-03-01T16:42:13.436470+00:00, run_after=2023-03-02T16:42:13.436470+00:00
[2023-03-02T16:42:13.458+0000] {processor.py:175} INFO - Processing /home/airflow/.local/lib/python3.7/site-packages/airflow/example_dags/example_task_group_decorator.py took 0.164 seconds
[2023-03-02T16:42:43.570+0000] {processor.py:153} INFO - Started process (PID=1023) to work on /home/airflow/.local/lib/python3.7/site-packages/airflow/example_dags/example_task_group_decorator.py
[2023-03-02T16:42:43.573+0000] {processor.py:743} INFO - Processing file /home/airflow/.local/lib/python3.7/site-packages/airflow/example_dags/example_task_group_decorator.py for tasks to queue
[2023-03-02T16:42:43.575+0000] {logging_mixin.py:137} INFO - [2023-03-02T16:42:43.575+0000] {dagbag.py:538} INFO - Filling up the DagBag from /home/airflow/.local/lib/python3.7/site-packages/airflow/example_dags/example_task_group_decorator.py
[2023-03-02T16:42:43.633+0000] {processor.py:753} INFO - DAG(s) dict_keys(['example_task_group_decorator']) retrieved from /home/airflow/.local/lib/python3.7/site-packages/airflow/example_dags/example_task_group_decorator.py
[2023-03-02T16:42:43.687+0000] {logging_mixin.py:137} INFO - [2023-03-02T16:42:43.687+0000] {dag.py:2690} INFO - Sync 1 DAGs
[2023-03-02T16:42:43.716+0000] {logging_mixin.py:137} INFO - [2023-03-02T16:42:43.716+0000] {dag.py:3441} INFO - Setting next_dagrun for example_task_group_decorator to 2023-03-01T16:42:43.716254+00:00, run_after=2023-03-02T16:42:43.716254+00:00
[2023-03-02T16:42:43.735+0000] {processor.py:175} INFO - Processing /home/airflow/.local/lib/python3.7/site-packages/airflow/example_dags/example_task_group_decorator.py took 0.174 seconds
[2023-03-02T16:43:14.217+0000] {processor.py:153} INFO - Started process (PID=1093) to work on /home/airflow/.local/lib/python3.7/site-packages/airflow/example_dags/example_task_group_decorator.py
[2023-03-02T16:43:14.255+0000] {processor.py:743} INFO - Processing file /home/airflow/.local/lib/python3.7/site-packages/airflow/example_dags/example_task_group_decorator.py for tasks to queue
[2023-03-02T16:43:14.266+0000] {logging_mixin.py:137} INFO - [2023-03-02T16:43:14.265+0000] {dagbag.py:538} INFO - Filling up the DagBag from /home/airflow/.local/lib/python3.7/site-packages/airflow/example_dags/example_task_group_decorator.py
[2023-03-02T16:43:14.363+0000] {processor.py:753} INFO - DAG(s) dict_keys(['example_task_group_decorator']) retrieved from /home/airflow/.local/lib/python3.7/site-packages/airflow/example_dags/example_task_group_decorator.py
[2023-03-02T16:43:14.432+0000] {logging_mixin.py:137} INFO - [2023-03-02T16:43:14.432+0000] {dag.py:2690} INFO - Sync 1 DAGs
[2023-03-02T16:43:14.504+0000] {logging_mixin.py:137} INFO - [2023-03-02T16:43:14.504+0000] {dag.py:3441} INFO - Setting next_dagrun for example_task_group_decorator to 2023-03-01T16:43:14.503381+00:00, run_after=2023-03-02T16:43:14.503381+00:00
[2023-03-02T16:43:14.614+0000] {processor.py:175} INFO - Processing /home/airflow/.local/lib/python3.7/site-packages/airflow/example_dags/example_task_group_decorator.py took 0.408 seconds
[2023-03-02T16:43:44.926+0000] {processor.py:153} INFO - Started process (PID=1161) to work on /home/airflow/.local/lib/python3.7/site-packages/airflow/example_dags/example_task_group_decorator.py
[2023-03-02T16:43:44.932+0000] {processor.py:743} INFO - Processing file /home/airflow/.local/lib/python3.7/site-packages/airflow/example_dags/example_task_group_decorator.py for tasks to queue
[2023-03-02T16:43:44.937+0000] {logging_mixin.py:137} INFO - [2023-03-02T16:43:44.937+0000] {dagbag.py:538} INFO - Filling up the DagBag from /home/airflow/.local/lib/python3.7/site-packages/airflow/example_dags/example_task_group_decorator.py
[2023-03-02T16:43:45.059+0000] {processor.py:753} INFO - DAG(s) dict_keys(['example_task_group_decorator']) retrieved from /home/airflow/.local/lib/python3.7/site-packages/airflow/example_dags/example_task_group_decorator.py
[2023-03-02T16:43:45.208+0000] {logging_mixin.py:137} INFO - [2023-03-02T16:43:45.208+0000] {dag.py:2690} INFO - Sync 1 DAGs
[2023-03-02T16:43:45.290+0000] {logging_mixin.py:137} INFO - [2023-03-02T16:43:45.290+0000] {dag.py:3441} INFO - Setting next_dagrun for example_task_group_decorator to 2023-03-01T16:43:45.288834+00:00, run_after=2023-03-02T16:43:45.288834+00:00
[2023-03-02T16:43:45.486+0000] {processor.py:175} INFO - Processing /home/airflow/.local/lib/python3.7/site-packages/airflow/example_dags/example_task_group_decorator.py took 0.599 seconds
[2023-03-02T16:44:18.655+0000] {processor.py:153} INFO - Started process (PID=1223) to work on /home/airflow/.local/lib/python3.7/site-packages/airflow/example_dags/example_task_group_decorator.py
[2023-03-02T16:44:18.657+0000] {processor.py:743} INFO - Processing file /home/airflow/.local/lib/python3.7/site-packages/airflow/example_dags/example_task_group_decorator.py for tasks to queue
[2023-03-02T16:44:18.658+0000] {logging_mixin.py:137} INFO - [2023-03-02T16:44:18.658+0000] {dagbag.py:538} INFO - Filling up the DagBag from /home/airflow/.local/lib/python3.7/site-packages/airflow/example_dags/example_task_group_decorator.py
[2023-03-02T16:44:18.763+0000] {processor.py:753} INFO - DAG(s) dict_keys(['example_task_group_decorator']) retrieved from /home/airflow/.local/lib/python3.7/site-packages/airflow/example_dags/example_task_group_decorator.py
[2023-03-02T16:44:18.851+0000] {logging_mixin.py:137} INFO - [2023-03-02T16:44:18.851+0000] {dag.py:2690} INFO - Sync 1 DAGs
[2023-03-02T16:44:18.879+0000] {logging_mixin.py:137} INFO - [2023-03-02T16:44:18.879+0000] {dag.py:3441} INFO - Setting next_dagrun for example_task_group_decorator to 2023-03-01T16:44:18.877801+00:00, run_after=2023-03-02T16:44:18.877801+00:00
[2023-03-02T16:44:18.949+0000] {processor.py:175} INFO - Processing /home/airflow/.local/lib/python3.7/site-packages/airflow/example_dags/example_task_group_decorator.py took 0.298 seconds
[2023-03-02T16:49:46.116+0000] {processor.py:153} INFO - Started process (PID=1273) to work on /home/airflow/.local/lib/python3.7/site-packages/airflow/example_dags/example_task_group_decorator.py
[2023-03-02T16:49:46.120+0000] {processor.py:743} INFO - Processing file /home/airflow/.local/lib/python3.7/site-packages/airflow/example_dags/example_task_group_decorator.py for tasks to queue
[2023-03-02T16:49:46.121+0000] {logging_mixin.py:137} INFO - [2023-03-02T16:49:46.121+0000] {dagbag.py:538} INFO - Filling up the DagBag from /home/airflow/.local/lib/python3.7/site-packages/airflow/example_dags/example_task_group_decorator.py
[2023-03-02T16:49:46.159+0000] {processor.py:753} INFO - DAG(s) dict_keys(['example_task_group_decorator']) retrieved from /home/airflow/.local/lib/python3.7/site-packages/airflow/example_dags/example_task_group_decorator.py
[2023-03-02T16:49:46.200+0000] {logging_mixin.py:137} INFO - [2023-03-02T16:49:46.199+0000] {dag.py:2690} INFO - Sync 1 DAGs
[2023-03-02T16:49:46.260+0000] {logging_mixin.py:137} INFO - [2023-03-02T16:49:46.259+0000] {dag.py:3441} INFO - Setting next_dagrun for example_task_group_decorator to 2023-03-01T16:49:46.257331+00:00, run_after=2023-03-02T16:49:46.257331+00:00
[2023-03-02T16:49:46.360+0000] {processor.py:175} INFO - Processing /home/airflow/.local/lib/python3.7/site-packages/airflow/example_dags/example_task_group_decorator.py took 0.250 seconds
[2023-03-02T16:50:17.425+0000] {processor.py:153} INFO - Started process (PID=1336) to work on /home/airflow/.local/lib/python3.7/site-packages/airflow/example_dags/example_task_group_decorator.py
[2023-03-02T16:50:17.429+0000] {processor.py:743} INFO - Processing file /home/airflow/.local/lib/python3.7/site-packages/airflow/example_dags/example_task_group_decorator.py for tasks to queue
[2023-03-02T16:50:17.431+0000] {logging_mixin.py:137} INFO - [2023-03-02T16:50:17.431+0000] {dagbag.py:538} INFO - Filling up the DagBag from /home/airflow/.local/lib/python3.7/site-packages/airflow/example_dags/example_task_group_decorator.py
[2023-03-02T16:50:17.488+0000] {processor.py:753} INFO - DAG(s) dict_keys(['example_task_group_decorator']) retrieved from /home/airflow/.local/lib/python3.7/site-packages/airflow/example_dags/example_task_group_decorator.py
[2023-03-02T16:50:17.543+0000] {logging_mixin.py:137} INFO - [2023-03-02T16:50:17.543+0000] {dag.py:2690} INFO - Sync 1 DAGs
[2023-03-02T16:50:17.589+0000] {logging_mixin.py:137} INFO - [2023-03-02T16:50:17.588+0000] {dag.py:3441} INFO - Setting next_dagrun for example_task_group_decorator to 2023-03-01T16:50:17.588348+00:00, run_after=2023-03-02T16:50:17.588348+00:00
[2023-03-02T16:50:17.614+0000] {processor.py:175} INFO - Processing /home/airflow/.local/lib/python3.7/site-packages/airflow/example_dags/example_task_group_decorator.py took 0.205 seconds
[2023-03-02T16:50:48.708+0000] {processor.py:153} INFO - Started process (PID=1400) to work on /home/airflow/.local/lib/python3.7/site-packages/airflow/example_dags/example_task_group_decorator.py
[2023-03-02T16:50:48.714+0000] {processor.py:743} INFO - Processing file /home/airflow/.local/lib/python3.7/site-packages/airflow/example_dags/example_task_group_decorator.py for tasks to queue
[2023-03-02T16:50:48.716+0000] {logging_mixin.py:137} INFO - [2023-03-02T16:50:48.716+0000] {dagbag.py:538} INFO - Filling up the DagBag from /home/airflow/.local/lib/python3.7/site-packages/airflow/example_dags/example_task_group_decorator.py
[2023-03-02T16:50:48.790+0000] {processor.py:753} INFO - DAG(s) dict_keys(['example_task_group_decorator']) retrieved from /home/airflow/.local/lib/python3.7/site-packages/airflow/example_dags/example_task_group_decorator.py
[2023-03-02T16:50:48.867+0000] {logging_mixin.py:137} INFO - [2023-03-02T16:50:48.867+0000] {dag.py:2690} INFO - Sync 1 DAGs
[2023-03-02T16:50:48.914+0000] {logging_mixin.py:137} INFO - [2023-03-02T16:50:48.914+0000] {dag.py:3441} INFO - Setting next_dagrun for example_task_group_decorator to 2023-03-01T16:50:48.913667+00:00, run_after=2023-03-02T16:50:48.913667+00:00
[2023-03-02T16:50:48.945+0000] {processor.py:175} INFO - Processing /home/airflow/.local/lib/python3.7/site-packages/airflow/example_dags/example_task_group_decorator.py took 0.246 seconds
[2023-03-02T16:51:19.579+0000] {processor.py:153} INFO - Started process (PID=1464) to work on /home/airflow/.local/lib/python3.7/site-packages/airflow/example_dags/example_task_group_decorator.py
[2023-03-02T16:51:19.583+0000] {processor.py:743} INFO - Processing file /home/airflow/.local/lib/python3.7/site-packages/airflow/example_dags/example_task_group_decorator.py for tasks to queue
[2023-03-02T16:51:19.584+0000] {logging_mixin.py:137} INFO - [2023-03-02T16:51:19.584+0000] {dagbag.py:538} INFO - Filling up the DagBag from /home/airflow/.local/lib/python3.7/site-packages/airflow/example_dags/example_task_group_decorator.py
[2023-03-02T16:51:19.630+0000] {processor.py:753} INFO - DAG(s) dict_keys(['example_task_group_decorator']) retrieved from /home/airflow/.local/lib/python3.7/site-packages/airflow/example_dags/example_task_group_decorator.py
[2023-03-02T16:51:19.670+0000] {logging_mixin.py:137} INFO - [2023-03-02T16:51:19.670+0000] {dag.py:2690} INFO - Sync 1 DAGs
[2023-03-02T16:51:19.694+0000] {logging_mixin.py:137} INFO - [2023-03-02T16:51:19.694+0000] {dag.py:3441} INFO - Setting next_dagrun for example_task_group_decorator to 2023-03-01T16:51:19.694085+00:00, run_after=2023-03-02T16:51:19.694085+00:00
[2023-03-02T16:51:19.710+0000] {processor.py:175} INFO - Processing /home/airflow/.local/lib/python3.7/site-packages/airflow/example_dags/example_task_group_decorator.py took 0.141 seconds
[2023-03-02T16:51:50.412+0000] {processor.py:153} INFO - Started process (PID=1527) to work on /home/airflow/.local/lib/python3.7/site-packages/airflow/example_dags/example_task_group_decorator.py
[2023-03-02T16:51:50.417+0000] {processor.py:743} INFO - Processing file /home/airflow/.local/lib/python3.7/site-packages/airflow/example_dags/example_task_group_decorator.py for tasks to queue
[2023-03-02T16:51:50.419+0000] {logging_mixin.py:137} INFO - [2023-03-02T16:51:50.419+0000] {dagbag.py:538} INFO - Filling up the DagBag from /home/airflow/.local/lib/python3.7/site-packages/airflow/example_dags/example_task_group_decorator.py
[2023-03-02T16:51:50.455+0000] {processor.py:753} INFO - DAG(s) dict_keys(['example_task_group_decorator']) retrieved from /home/airflow/.local/lib/python3.7/site-packages/airflow/example_dags/example_task_group_decorator.py
[2023-03-02T16:51:50.485+0000] {logging_mixin.py:137} INFO - [2023-03-02T16:51:50.485+0000] {dag.py:2690} INFO - Sync 1 DAGs
[2023-03-02T16:51:50.504+0000] {logging_mixin.py:137} INFO - [2023-03-02T16:51:50.504+0000] {dag.py:3441} INFO - Setting next_dagrun for example_task_group_decorator to 2023-03-01T16:51:50.504536+00:00, run_after=2023-03-02T16:51:50.504536+00:00
[2023-03-02T16:51:50.517+0000] {processor.py:175} INFO - Processing /home/airflow/.local/lib/python3.7/site-packages/airflow/example_dags/example_task_group_decorator.py took 0.114 seconds
[2023-03-02T16:52:20.607+0000] {processor.py:153} INFO - Started process (PID=1603) to work on /home/airflow/.local/lib/python3.7/site-packages/airflow/example_dags/example_task_group_decorator.py
[2023-03-02T16:52:20.609+0000] {processor.py:743} INFO - Processing file /home/airflow/.local/lib/python3.7/site-packages/airflow/example_dags/example_task_group_decorator.py for tasks to queue
[2023-03-02T16:52:20.610+0000] {logging_mixin.py:137} INFO - [2023-03-02T16:52:20.610+0000] {dagbag.py:538} INFO - Filling up the DagBag from /home/airflow/.local/lib/python3.7/site-packages/airflow/example_dags/example_task_group_decorator.py
[2023-03-02T16:52:20.631+0000] {processor.py:753} INFO - DAG(s) dict_keys(['example_task_group_decorator']) retrieved from /home/airflow/.local/lib/python3.7/site-packages/airflow/example_dags/example_task_group_decorator.py
[2023-03-02T16:52:20.665+0000] {logging_mixin.py:137} INFO - [2023-03-02T16:52:20.665+0000] {dag.py:2690} INFO - Sync 1 DAGs
[2023-03-02T16:52:20.688+0000] {logging_mixin.py:137} INFO - [2023-03-02T16:52:20.688+0000] {dag.py:3441} INFO - Setting next_dagrun for example_task_group_decorator to 2023-03-01T16:52:20.688155+00:00, run_after=2023-03-02T16:52:20.688155+00:00
[2023-03-02T16:52:20.720+0000] {processor.py:175} INFO - Processing /home/airflow/.local/lib/python3.7/site-packages/airflow/example_dags/example_task_group_decorator.py took 0.117 seconds
[2023-03-02T16:52:50.904+0000] {processor.py:153} INFO - Started process (PID=1665) to work on /home/airflow/.local/lib/python3.7/site-packages/airflow/example_dags/example_task_group_decorator.py
[2023-03-02T16:52:50.905+0000] {processor.py:743} INFO - Processing file /home/airflow/.local/lib/python3.7/site-packages/airflow/example_dags/example_task_group_decorator.py for tasks to queue
[2023-03-02T16:52:50.907+0000] {logging_mixin.py:137} INFO - [2023-03-02T16:52:50.907+0000] {dagbag.py:538} INFO - Filling up the DagBag from /home/airflow/.local/lib/python3.7/site-packages/airflow/example_dags/example_task_group_decorator.py
[2023-03-02T16:52:50.930+0000] {processor.py:753} INFO - DAG(s) dict_keys(['example_task_group_decorator']) retrieved from /home/airflow/.local/lib/python3.7/site-packages/airflow/example_dags/example_task_group_decorator.py
[2023-03-02T16:52:50.955+0000] {logging_mixin.py:137} INFO - [2023-03-02T16:52:50.955+0000] {dag.py:2690} INFO - Sync 1 DAGs
[2023-03-02T16:52:50.973+0000] {logging_mixin.py:137} INFO - [2023-03-02T16:52:50.973+0000] {dag.py:3441} INFO - Setting next_dagrun for example_task_group_decorator to 2023-03-01T16:52:50.973082+00:00, run_after=2023-03-02T16:52:50.973082+00:00
[2023-03-02T16:52:50.989+0000] {processor.py:175} INFO - Processing /home/airflow/.local/lib/python3.7/site-packages/airflow/example_dags/example_task_group_decorator.py took 0.090 seconds
[2023-03-02T16:53:21.931+0000] {processor.py:153} INFO - Started process (PID=1741) to work on /home/airflow/.local/lib/python3.7/site-packages/airflow/example_dags/example_task_group_decorator.py
[2023-03-02T16:53:21.933+0000] {processor.py:743} INFO - Processing file /home/airflow/.local/lib/python3.7/site-packages/airflow/example_dags/example_task_group_decorator.py for tasks to queue
[2023-03-02T16:53:21.936+0000] {logging_mixin.py:137} INFO - [2023-03-02T16:53:21.935+0000] {dagbag.py:538} INFO - Filling up the DagBag from /home/airflow/.local/lib/python3.7/site-packages/airflow/example_dags/example_task_group_decorator.py
[2023-03-02T16:53:21.969+0000] {processor.py:753} INFO - DAG(s) dict_keys(['example_task_group_decorator']) retrieved from /home/airflow/.local/lib/python3.7/site-packages/airflow/example_dags/example_task_group_decorator.py
[2023-03-02T16:53:22.014+0000] {logging_mixin.py:137} INFO - [2023-03-02T16:53:22.013+0000] {dag.py:2690} INFO - Sync 1 DAGs
[2023-03-02T16:53:22.063+0000] {logging_mixin.py:137} INFO - [2023-03-02T16:53:22.062+0000] {dag.py:3441} INFO - Setting next_dagrun for example_task_group_decorator to 2023-03-01T16:53:22.062213+00:00, run_after=2023-03-02T16:53:22.062213+00:00
[2023-03-02T16:53:22.091+0000] {processor.py:175} INFO - Processing /home/airflow/.local/lib/python3.7/site-packages/airflow/example_dags/example_task_group_decorator.py took 0.163 seconds
[2023-03-02T16:53:52.720+0000] {processor.py:153} INFO - Started process (PID=1804) to work on /home/airflow/.local/lib/python3.7/site-packages/airflow/example_dags/example_task_group_decorator.py
[2023-03-02T16:53:52.721+0000] {processor.py:743} INFO - Processing file /home/airflow/.local/lib/python3.7/site-packages/airflow/example_dags/example_task_group_decorator.py for tasks to queue
[2023-03-02T16:53:52.722+0000] {logging_mixin.py:137} INFO - [2023-03-02T16:53:52.722+0000] {dagbag.py:538} INFO - Filling up the DagBag from /home/airflow/.local/lib/python3.7/site-packages/airflow/example_dags/example_task_group_decorator.py
[2023-03-02T16:53:52.742+0000] {processor.py:753} INFO - DAG(s) dict_keys(['example_task_group_decorator']) retrieved from /home/airflow/.local/lib/python3.7/site-packages/airflow/example_dags/example_task_group_decorator.py
[2023-03-02T16:53:52.764+0000] {logging_mixin.py:137} INFO - [2023-03-02T16:53:52.764+0000] {dag.py:2690} INFO - Sync 1 DAGs
[2023-03-02T16:53:52.779+0000] {logging_mixin.py:137} INFO - [2023-03-02T16:53:52.779+0000] {dag.py:3441} INFO - Setting next_dagrun for example_task_group_decorator to 2023-03-01T16:53:52.779371+00:00, run_after=2023-03-02T16:53:52.779371+00:00
[2023-03-02T16:53:52.792+0000] {processor.py:175} INFO - Processing /home/airflow/.local/lib/python3.7/site-packages/airflow/example_dags/example_task_group_decorator.py took 0.076 seconds
[2023-03-02T16:54:26.132+0000] {processor.py:153} INFO - Started process (PID=1881) to work on /home/airflow/.local/lib/python3.7/site-packages/airflow/example_dags/example_task_group_decorator.py
[2023-03-02T16:54:26.139+0000] {processor.py:743} INFO - Processing file /home/airflow/.local/lib/python3.7/site-packages/airflow/example_dags/example_task_group_decorator.py for tasks to queue
[2023-03-02T16:54:26.145+0000] {logging_mixin.py:137} INFO - [2023-03-02T16:54:26.144+0000] {dagbag.py:538} INFO - Filling up the DagBag from /home/airflow/.local/lib/python3.7/site-packages/airflow/example_dags/example_task_group_decorator.py
[2023-03-02T16:54:26.236+0000] {processor.py:753} INFO - DAG(s) dict_keys(['example_task_group_decorator']) retrieved from /home/airflow/.local/lib/python3.7/site-packages/airflow/example_dags/example_task_group_decorator.py
[2023-03-02T16:54:26.371+0000] {logging_mixin.py:137} INFO - [2023-03-02T16:54:26.371+0000] {dag.py:2690} INFO - Sync 1 DAGs
[2023-03-02T16:54:26.411+0000] {logging_mixin.py:137} INFO - [2023-03-02T16:54:26.411+0000] {dag.py:3441} INFO - Setting next_dagrun for example_task_group_decorator to 2023-03-01T16:54:26.410521+00:00, run_after=2023-03-02T16:54:26.410521+00:00
[2023-03-02T16:54:26.447+0000] {processor.py:175} INFO - Processing /home/airflow/.local/lib/python3.7/site-packages/airflow/example_dags/example_task_group_decorator.py took 0.324 seconds
[2023-03-02T17:10:42.097+0000] {processor.py:153} INFO - Started process (PID=1911) to work on /home/airflow/.local/lib/python3.7/site-packages/airflow/example_dags/example_task_group_decorator.py
[2023-03-02T17:10:42.133+0000] {processor.py:743} INFO - Processing file /home/airflow/.local/lib/python3.7/site-packages/airflow/example_dags/example_task_group_decorator.py for tasks to queue
[2023-03-02T17:10:42.161+0000] {logging_mixin.py:137} INFO - [2023-03-02T17:10:42.161+0000] {dagbag.py:538} INFO - Filling up the DagBag from /home/airflow/.local/lib/python3.7/site-packages/airflow/example_dags/example_task_group_decorator.py
[2023-03-02T17:10:42.568+0000] {processor.py:753} INFO - DAG(s) dict_keys(['example_task_group_decorator']) retrieved from /home/airflow/.local/lib/python3.7/site-packages/airflow/example_dags/example_task_group_decorator.py
[2023-03-02T17:10:43.428+0000] {logging_mixin.py:137} INFO - [2023-03-02T17:10:43.427+0000] {dag.py:2690} INFO - Sync 1 DAGs
[2023-03-02T17:10:44.264+0000] {logging_mixin.py:137} INFO - [2023-03-02T17:10:44.208+0000] {dag.py:3441} INFO - Setting next_dagrun for example_task_group_decorator to 2023-03-01T17:10:44.193012+00:00, run_after=2023-03-02T17:10:44.193012+00:00
[2023-03-02T17:10:45.576+0000] {processor.py:175} INFO - Processing /home/airflow/.local/lib/python3.7/site-packages/airflow/example_dags/example_task_group_decorator.py took 3.608 seconds
[2023-03-02T17:25:21.925+0000] {processor.py:153} INFO - Started process (PID=1973) to work on /home/airflow/.local/lib/python3.7/site-packages/airflow/example_dags/example_task_group_decorator.py
[2023-03-02T17:25:21.928+0000] {processor.py:743} INFO - Processing file /home/airflow/.local/lib/python3.7/site-packages/airflow/example_dags/example_task_group_decorator.py for tasks to queue
[2023-03-02T17:25:21.931+0000] {logging_mixin.py:137} INFO - [2023-03-02T17:25:21.931+0000] {dagbag.py:538} INFO - Filling up the DagBag from /home/airflow/.local/lib/python3.7/site-packages/airflow/example_dags/example_task_group_decorator.py
[2023-03-02T17:25:21.961+0000] {processor.py:753} INFO - DAG(s) dict_keys(['example_task_group_decorator']) retrieved from /home/airflow/.local/lib/python3.7/site-packages/airflow/example_dags/example_task_group_decorator.py
[2023-03-02T17:25:21.996+0000] {logging_mixin.py:137} INFO - [2023-03-02T17:25:21.996+0000] {dag.py:2690} INFO - Sync 1 DAGs
[2023-03-02T17:25:22.029+0000] {logging_mixin.py:137} INFO - [2023-03-02T17:25:22.029+0000] {dag.py:3441} INFO - Setting next_dagrun for example_task_group_decorator to 2023-03-01T17:25:22.028779+00:00, run_after=2023-03-02T17:25:22.028779+00:00
[2023-03-02T17:25:22.053+0000] {processor.py:175} INFO - Processing /home/airflow/.local/lib/python3.7/site-packages/airflow/example_dags/example_task_group_decorator.py took 0.136 seconds
[2023-03-02T17:25:52.173+0000] {processor.py:153} INFO - Started process (PID=2037) to work on /home/airflow/.local/lib/python3.7/site-packages/airflow/example_dags/example_task_group_decorator.py
[2023-03-02T17:25:52.175+0000] {processor.py:743} INFO - Processing file /home/airflow/.local/lib/python3.7/site-packages/airflow/example_dags/example_task_group_decorator.py for tasks to queue
[2023-03-02T17:25:52.177+0000] {logging_mixin.py:137} INFO - [2023-03-02T17:25:52.177+0000] {dagbag.py:538} INFO - Filling up the DagBag from /home/airflow/.local/lib/python3.7/site-packages/airflow/example_dags/example_task_group_decorator.py
[2023-03-02T17:25:52.205+0000] {processor.py:753} INFO - DAG(s) dict_keys(['example_task_group_decorator']) retrieved from /home/airflow/.local/lib/python3.7/site-packages/airflow/example_dags/example_task_group_decorator.py
[2023-03-02T17:25:52.231+0000] {logging_mixin.py:137} INFO - [2023-03-02T17:25:52.230+0000] {dag.py:2690} INFO - Sync 1 DAGs
[2023-03-02T17:25:52.251+0000] {logging_mixin.py:137} INFO - [2023-03-02T17:25:52.251+0000] {dag.py:3441} INFO - Setting next_dagrun for example_task_group_decorator to 2023-03-01T17:25:52.251159+00:00, run_after=2023-03-02T17:25:52.251159+00:00
[2023-03-02T17:25:52.263+0000] {processor.py:175} INFO - Processing /home/airflow/.local/lib/python3.7/site-packages/airflow/example_dags/example_task_group_decorator.py took 0.097 seconds
[2023-03-02T17:26:23.657+0000] {processor.py:153} INFO - Started process (PID=2113) to work on /home/airflow/.local/lib/python3.7/site-packages/airflow/example_dags/example_task_group_decorator.py
[2023-03-02T17:26:23.659+0000] {processor.py:743} INFO - Processing file /home/airflow/.local/lib/python3.7/site-packages/airflow/example_dags/example_task_group_decorator.py for tasks to queue
[2023-03-02T17:26:23.660+0000] {logging_mixin.py:137} INFO - [2023-03-02T17:26:23.660+0000] {dagbag.py:538} INFO - Filling up the DagBag from /home/airflow/.local/lib/python3.7/site-packages/airflow/example_dags/example_task_group_decorator.py
[2023-03-02T17:26:23.697+0000] {processor.py:753} INFO - DAG(s) dict_keys(['example_task_group_decorator']) retrieved from /home/airflow/.local/lib/python3.7/site-packages/airflow/example_dags/example_task_group_decorator.py
[2023-03-02T17:26:23.726+0000] {logging_mixin.py:137} INFO - [2023-03-02T17:26:23.726+0000] {dag.py:2690} INFO - Sync 1 DAGs
[2023-03-02T17:26:23.746+0000] {logging_mixin.py:137} INFO - [2023-03-02T17:26:23.746+0000] {dag.py:3441} INFO - Setting next_dagrun for example_task_group_decorator to 2023-03-01T17:26:23.746450+00:00, run_after=2023-03-02T17:26:23.746450+00:00
[2023-03-02T17:26:23.761+0000] {processor.py:175} INFO - Processing /home/airflow/.local/lib/python3.7/site-packages/airflow/example_dags/example_task_group_decorator.py took 0.108 seconds
[2023-03-02T17:26:55.698+0000] {processor.py:153} INFO - Started process (PID=2170) to work on /home/airflow/.local/lib/python3.7/site-packages/airflow/example_dags/example_task_group_decorator.py
[2023-03-02T17:26:55.707+0000] {processor.py:743} INFO - Processing file /home/airflow/.local/lib/python3.7/site-packages/airflow/example_dags/example_task_group_decorator.py for tasks to queue
[2023-03-02T17:26:55.711+0000] {logging_mixin.py:137} INFO - [2023-03-02T17:26:55.711+0000] {dagbag.py:538} INFO - Filling up the DagBag from /home/airflow/.local/lib/python3.7/site-packages/airflow/example_dags/example_task_group_decorator.py
[2023-03-02T17:26:55.752+0000] {processor.py:753} INFO - DAG(s) dict_keys(['example_task_group_decorator']) retrieved from /home/airflow/.local/lib/python3.7/site-packages/airflow/example_dags/example_task_group_decorator.py
[2023-03-02T17:26:55.856+0000] {logging_mixin.py:137} INFO - [2023-03-02T17:26:55.856+0000] {dag.py:2690} INFO - Sync 1 DAGs
[2023-03-02T17:26:55.971+0000] {logging_mixin.py:137} INFO - [2023-03-02T17:26:55.971+0000] {dag.py:3441} INFO - Setting next_dagrun for example_task_group_decorator to 2023-03-01T17:26:55.970461+00:00, run_after=2023-03-02T17:26:55.970461+00:00
[2023-03-02T17:26:56.004+0000] {processor.py:175} INFO - Processing /home/airflow/.local/lib/python3.7/site-packages/airflow/example_dags/example_task_group_decorator.py took 0.309 seconds
[2023-03-02T18:31:40.530+0000] {processor.py:153} INFO - Started process (PID=2231) to work on /home/airflow/.local/lib/python3.7/site-packages/airflow/example_dags/example_task_group_decorator.py
[2023-03-02T18:31:40.553+0000] {processor.py:743} INFO - Processing file /home/airflow/.local/lib/python3.7/site-packages/airflow/example_dags/example_task_group_decorator.py for tasks to queue
[2023-03-02T18:31:40.559+0000] {logging_mixin.py:137} INFO - [2023-03-02T18:31:40.559+0000] {dagbag.py:538} INFO - Filling up the DagBag from /home/airflow/.local/lib/python3.7/site-packages/airflow/example_dags/example_task_group_decorator.py
[2023-03-02T18:31:40.737+0000] {processor.py:753} INFO - DAG(s) dict_keys(['example_task_group_decorator']) retrieved from /home/airflow/.local/lib/python3.7/site-packages/airflow/example_dags/example_task_group_decorator.py
[2023-03-02T18:31:40.939+0000] {logging_mixin.py:137} INFO - [2023-03-02T18:31:40.939+0000] {dag.py:2690} INFO - Sync 1 DAGs
[2023-03-02T18:31:41.092+0000] {logging_mixin.py:137} INFO - [2023-03-02T18:31:41.092+0000] {dag.py:3441} INFO - Setting next_dagrun for example_task_group_decorator to 2023-03-01T18:31:41.090942+00:00, run_after=2023-03-02T18:31:41.090942+00:00
[2023-03-02T18:31:41.279+0000] {processor.py:175} INFO - Processing /home/airflow/.local/lib/python3.7/site-packages/airflow/example_dags/example_task_group_decorator.py took 0.772 seconds
[2023-03-02T18:49:35.797+0000] {processor.py:153} INFO - Started process (PID=2280) to work on /home/airflow/.local/lib/python3.7/site-packages/airflow/example_dags/example_task_group_decorator.py
[2023-03-02T18:49:35.801+0000] {processor.py:743} INFO - Processing file /home/airflow/.local/lib/python3.7/site-packages/airflow/example_dags/example_task_group_decorator.py for tasks to queue
[2023-03-02T18:49:35.807+0000] {logging_mixin.py:137} INFO - [2023-03-02T18:49:35.807+0000] {dagbag.py:538} INFO - Filling up the DagBag from /home/airflow/.local/lib/python3.7/site-packages/airflow/example_dags/example_task_group_decorator.py
[2023-03-02T18:49:35.871+0000] {processor.py:753} INFO - DAG(s) dict_keys(['example_task_group_decorator']) retrieved from /home/airflow/.local/lib/python3.7/site-packages/airflow/example_dags/example_task_group_decorator.py
[2023-03-02T18:49:35.989+0000] {logging_mixin.py:137} INFO - [2023-03-02T18:49:35.989+0000] {dag.py:2690} INFO - Sync 1 DAGs
[2023-03-02T18:49:36.045+0000] {logging_mixin.py:137} INFO - [2023-03-02T18:49:36.045+0000] {dag.py:3441} INFO - Setting next_dagrun for example_task_group_decorator to 2023-03-01T18:49:36.045271+00:00, run_after=2023-03-02T18:49:36.045271+00:00
[2023-03-02T18:49:36.114+0000] {processor.py:175} INFO - Processing /home/airflow/.local/lib/python3.7/site-packages/airflow/example_dags/example_task_group_decorator.py took 0.320 seconds
[2023-03-02T20:01:41.749+0000] {processor.py:153} INFO - Started process (PID=2344) to work on /home/airflow/.local/lib/python3.7/site-packages/airflow/example_dags/example_task_group_decorator.py
[2023-03-02T20:01:41.754+0000] {processor.py:743} INFO - Processing file /home/airflow/.local/lib/python3.7/site-packages/airflow/example_dags/example_task_group_decorator.py for tasks to queue
[2023-03-02T20:01:41.760+0000] {logging_mixin.py:137} INFO - [2023-03-02T20:01:41.760+0000] {dagbag.py:538} INFO - Filling up the DagBag from /home/airflow/.local/lib/python3.7/site-packages/airflow/example_dags/example_task_group_decorator.py
[2023-03-02T20:01:41.879+0000] {processor.py:753} INFO - DAG(s) dict_keys(['example_task_group_decorator']) retrieved from /home/airflow/.local/lib/python3.7/site-packages/airflow/example_dags/example_task_group_decorator.py
[2023-03-02T20:01:41.968+0000] {logging_mixin.py:137} INFO - [2023-03-02T20:01:41.967+0000] {dag.py:2690} INFO - Sync 1 DAGs
[2023-03-02T20:01:42.069+0000] {logging_mixin.py:137} INFO - [2023-03-02T20:01:42.069+0000] {dag.py:3441} INFO - Setting next_dagrun for example_task_group_decorator to 2023-03-01T20:01:42.065509+00:00, run_after=2023-03-02T20:01:42.065509+00:00
[2023-03-02T20:01:42.149+0000] {processor.py:175} INFO - Processing /home/airflow/.local/lib/python3.7/site-packages/airflow/example_dags/example_task_group_decorator.py took 0.415 seconds
[2023-03-02T21:32:25.484+0000] {processor.py:153} INFO - Started process (PID=2434) to work on /home/airflow/.local/lib/python3.7/site-packages/airflow/example_dags/example_task_group_decorator.py
[2023-03-02T21:32:25.506+0000] {processor.py:743} INFO - Processing file /home/airflow/.local/lib/python3.7/site-packages/airflow/example_dags/example_task_group_decorator.py for tasks to queue
[2023-03-02T21:32:25.517+0000] {logging_mixin.py:137} INFO - [2023-03-02T21:32:25.517+0000] {dagbag.py:538} INFO - Filling up the DagBag from /home/airflow/.local/lib/python3.7/site-packages/airflow/example_dags/example_task_group_decorator.py
[2023-03-02T21:32:25.889+0000] {processor.py:753} INFO - DAG(s) dict_keys(['example_task_group_decorator']) retrieved from /home/airflow/.local/lib/python3.7/site-packages/airflow/example_dags/example_task_group_decorator.py
[2023-03-02T21:32:26.200+0000] {logging_mixin.py:137} INFO - [2023-03-02T21:32:26.200+0000] {dag.py:2690} INFO - Sync 1 DAGs
[2023-03-02T21:32:26.554+0000] {logging_mixin.py:137} INFO - [2023-03-02T21:32:26.452+0000] {dag.py:3441} INFO - Setting next_dagrun for example_task_group_decorator to 2023-03-01T21:32:26.451708+00:00, run_after=2023-03-02T21:32:26.451708+00:00
[2023-03-02T21:32:26.738+0000] {processor.py:175} INFO - Processing /home/airflow/.local/lib/python3.7/site-packages/airflow/example_dags/example_task_group_decorator.py took 1.345 seconds
