[2023-03-02T13:04:43.529+0000] {processor.py:153} INFO - Started process (PID=60) to work on /home/airflow/.local/lib/python3.7/site-packages/airflow/example_dags/example_branch_operator_decorator.py
[2023-03-02T13:04:43.541+0000] {processor.py:743} INFO - Processing file /home/airflow/.local/lib/python3.7/site-packages/airflow/example_dags/example_branch_operator_decorator.py for tasks to queue
[2023-03-02T13:04:43.543+0000] {logging_mixin.py:137} INFO - [2023-03-02T13:04:43.543+0000] {dagbag.py:538} INFO - Filling up the DagBag from /home/airflow/.local/lib/python3.7/site-packages/airflow/example_dags/example_branch_operator_decorator.py
[2023-03-02T13:04:43.675+0000] {processor.py:753} INFO - DAG(s) dict_keys(['example_branch_python_operator_decorator']) retrieved from /home/airflow/.local/lib/python3.7/site-packages/airflow/example_dags/example_branch_operator_decorator.py
[2023-03-02T13:04:44.177+0000] {logging_mixin.py:137} INFO - [2023-03-02T13:04:44.176+0000] {manager.py:504} INFO - Created Permission View: can delete on DAG:example_branch_python_operator_decorator
[2023-03-02T13:04:44.257+0000] {logging_mixin.py:137} INFO - [2023-03-02T13:04:44.256+0000] {manager.py:504} INFO - Created Permission View: can read on DAG:example_branch_python_operator_decorator
[2023-03-02T13:04:44.280+0000] {logging_mixin.py:137} INFO - [2023-03-02T13:04:44.280+0000] {manager.py:504} INFO - Created Permission View: can edit on DAG:example_branch_python_operator_decorator
[2023-03-02T13:04:44.282+0000] {logging_mixin.py:137} INFO - [2023-03-02T13:04:44.281+0000] {dag.py:2690} INFO - Sync 1 DAGs
[2023-03-02T13:04:44.373+0000] {logging_mixin.py:137} INFO - [2023-03-02T13:04:44.371+0000] {dag.py:2711} INFO - Creating ORM DAG for example_branch_python_operator_decorator
[2023-03-02T13:04:44.649+0000] {logging_mixin.py:137} INFO - [2023-03-02T13:04:44.649+0000] {dag.py:3441} INFO - Setting next_dagrun for example_branch_python_operator_decorator to 2023-03-01T00:00:00+00:00, run_after=2023-03-02T00:00:00+00:00
[2023-03-02T13:04:44.785+0000] {processor.py:175} INFO - Processing /home/airflow/.local/lib/python3.7/site-packages/airflow/example_dags/example_branch_operator_decorator.py took 1.260 seconds
[2023-03-02T13:05:15.753+0000] {processor.py:153} INFO - Started process (PID=124) to work on /home/airflow/.local/lib/python3.7/site-packages/airflow/example_dags/example_branch_operator_decorator.py
[2023-03-02T13:05:15.757+0000] {processor.py:743} INFO - Processing file /home/airflow/.local/lib/python3.7/site-packages/airflow/example_dags/example_branch_operator_decorator.py for tasks to queue
[2023-03-02T13:05:15.758+0000] {logging_mixin.py:137} INFO - [2023-03-02T13:05:15.758+0000] {dagbag.py:538} INFO - Filling up the DagBag from /home/airflow/.local/lib/python3.7/site-packages/airflow/example_dags/example_branch_operator_decorator.py
[2023-03-02T13:05:15.827+0000] {processor.py:753} INFO - DAG(s) dict_keys(['example_branch_python_operator_decorator']) retrieved from /home/airflow/.local/lib/python3.7/site-packages/airflow/example_dags/example_branch_operator_decorator.py
[2023-03-02T13:05:15.865+0000] {logging_mixin.py:137} INFO - [2023-03-02T13:05:15.865+0000] {dag.py:2690} INFO - Sync 1 DAGs
[2023-03-02T13:05:15.890+0000] {logging_mixin.py:137} INFO - [2023-03-02T13:05:15.890+0000] {dag.py:3441} INFO - Setting next_dagrun for example_branch_python_operator_decorator to 2023-03-01T00:00:00+00:00, run_after=2023-03-02T00:00:00+00:00
[2023-03-02T13:05:15.913+0000] {processor.py:175} INFO - Processing /home/airflow/.local/lib/python3.7/site-packages/airflow/example_dags/example_branch_operator_decorator.py took 0.172 seconds
[2023-03-02T13:05:46.047+0000] {processor.py:153} INFO - Started process (PID=200) to work on /home/airflow/.local/lib/python3.7/site-packages/airflow/example_dags/example_branch_operator_decorator.py
[2023-03-02T13:05:46.050+0000] {processor.py:743} INFO - Processing file /home/airflow/.local/lib/python3.7/site-packages/airflow/example_dags/example_branch_operator_decorator.py for tasks to queue
[2023-03-02T13:05:46.052+0000] {logging_mixin.py:137} INFO - [2023-03-02T13:05:46.052+0000] {dagbag.py:538} INFO - Filling up the DagBag from /home/airflow/.local/lib/python3.7/site-packages/airflow/example_dags/example_branch_operator_decorator.py
[2023-03-02T13:05:46.078+0000] {processor.py:753} INFO - DAG(s) dict_keys(['example_branch_python_operator_decorator']) retrieved from /home/airflow/.local/lib/python3.7/site-packages/airflow/example_dags/example_branch_operator_decorator.py
[2023-03-02T13:05:46.115+0000] {logging_mixin.py:137} INFO - [2023-03-02T13:05:46.115+0000] {dag.py:2690} INFO - Sync 1 DAGs
[2023-03-02T13:05:46.137+0000] {logging_mixin.py:137} INFO - [2023-03-02T13:05:46.137+0000] {dag.py:3441} INFO - Setting next_dagrun for example_branch_python_operator_decorator to 2023-03-01T00:00:00+00:00, run_after=2023-03-02T00:00:00+00:00
[2023-03-02T13:05:46.152+0000] {processor.py:175} INFO - Processing /home/airflow/.local/lib/python3.7/site-packages/airflow/example_dags/example_branch_operator_decorator.py took 0.111 seconds
[2023-03-02T13:06:16.552+0000] {processor.py:153} INFO - Started process (PID=263) to work on /home/airflow/.local/lib/python3.7/site-packages/airflow/example_dags/example_branch_operator_decorator.py
[2023-03-02T13:06:16.557+0000] {processor.py:743} INFO - Processing file /home/airflow/.local/lib/python3.7/site-packages/airflow/example_dags/example_branch_operator_decorator.py for tasks to queue
[2023-03-02T13:06:16.560+0000] {logging_mixin.py:137} INFO - [2023-03-02T13:06:16.559+0000] {dagbag.py:538} INFO - Filling up the DagBag from /home/airflow/.local/lib/python3.7/site-packages/airflow/example_dags/example_branch_operator_decorator.py
[2023-03-02T13:06:16.615+0000] {processor.py:753} INFO - DAG(s) dict_keys(['example_branch_python_operator_decorator']) retrieved from /home/airflow/.local/lib/python3.7/site-packages/airflow/example_dags/example_branch_operator_decorator.py
[2023-03-02T13:06:16.680+0000] {logging_mixin.py:137} INFO - [2023-03-02T13:06:16.680+0000] {dag.py:2690} INFO - Sync 1 DAGs
[2023-03-02T13:06:16.715+0000] {logging_mixin.py:137} INFO - [2023-03-02T13:06:16.715+0000] {dag.py:3441} INFO - Setting next_dagrun for example_branch_python_operator_decorator to 2023-03-01T00:00:00+00:00, run_after=2023-03-02T00:00:00+00:00
[2023-03-02T13:06:16.731+0000] {processor.py:175} INFO - Processing /home/airflow/.local/lib/python3.7/site-packages/airflow/example_dags/example_branch_operator_decorator.py took 0.188 seconds
[2023-03-02T14:26:28.327+0000] {processor.py:153} INFO - Started process (PID=346) to work on /home/airflow/.local/lib/python3.7/site-packages/airflow/example_dags/example_branch_operator_decorator.py
[2023-03-02T14:26:28.330+0000] {processor.py:743} INFO - Processing file /home/airflow/.local/lib/python3.7/site-packages/airflow/example_dags/example_branch_operator_decorator.py for tasks to queue
[2023-03-02T14:26:28.334+0000] {logging_mixin.py:137} INFO - [2023-03-02T14:26:28.333+0000] {dagbag.py:538} INFO - Filling up the DagBag from /home/airflow/.local/lib/python3.7/site-packages/airflow/example_dags/example_branch_operator_decorator.py
[2023-03-02T14:26:28.425+0000] {processor.py:753} INFO - DAG(s) dict_keys(['example_branch_python_operator_decorator']) retrieved from /home/airflow/.local/lib/python3.7/site-packages/airflow/example_dags/example_branch_operator_decorator.py
[2023-03-02T14:26:28.490+0000] {logging_mixin.py:137} INFO - [2023-03-02T14:26:28.490+0000] {dag.py:2690} INFO - Sync 1 DAGs
[2023-03-02T14:26:28.557+0000] {logging_mixin.py:137} INFO - [2023-03-02T14:26:28.557+0000] {dag.py:3441} INFO - Setting next_dagrun for example_branch_python_operator_decorator to 2023-03-01T00:00:00+00:00, run_after=2023-03-02T00:00:00+00:00
[2023-03-02T14:26:28.609+0000] {processor.py:175} INFO - Processing /home/airflow/.local/lib/python3.7/site-packages/airflow/example_dags/example_branch_operator_decorator.py took 0.299 seconds
[2023-03-02T14:27:02.146+0000] {processor.py:153} INFO - Started process (PID=408) to work on /home/airflow/.local/lib/python3.7/site-packages/airflow/example_dags/example_branch_operator_decorator.py
[2023-03-02T14:27:02.157+0000] {processor.py:743} INFO - Processing file /home/airflow/.local/lib/python3.7/site-packages/airflow/example_dags/example_branch_operator_decorator.py for tasks to queue
[2023-03-02T14:27:02.159+0000] {logging_mixin.py:137} INFO - [2023-03-02T14:27:02.158+0000] {dagbag.py:538} INFO - Filling up the DagBag from /home/airflow/.local/lib/python3.7/site-packages/airflow/example_dags/example_branch_operator_decorator.py
[2023-03-02T14:27:02.256+0000] {processor.py:753} INFO - DAG(s) dict_keys(['example_branch_python_operator_decorator']) retrieved from /home/airflow/.local/lib/python3.7/site-packages/airflow/example_dags/example_branch_operator_decorator.py
[2023-03-02T14:27:02.312+0000] {logging_mixin.py:137} INFO - [2023-03-02T14:27:02.312+0000] {dag.py:2690} INFO - Sync 1 DAGs
[2023-03-02T14:27:02.402+0000] {logging_mixin.py:137} INFO - [2023-03-02T14:27:02.402+0000] {dag.py:3441} INFO - Setting next_dagrun for example_branch_python_operator_decorator to 2023-03-01T00:00:00+00:00, run_after=2023-03-02T00:00:00+00:00
[2023-03-02T14:27:02.448+0000] {processor.py:175} INFO - Processing /home/airflow/.local/lib/python3.7/site-packages/airflow/example_dags/example_branch_operator_decorator.py took 0.312 seconds
[2023-03-02T14:28:16.960+0000] {processor.py:153} INFO - Started process (PID=451) to work on /home/airflow/.local/lib/python3.7/site-packages/airflow/example_dags/example_branch_operator_decorator.py
[2023-03-02T14:28:16.987+0000] {processor.py:743} INFO - Processing file /home/airflow/.local/lib/python3.7/site-packages/airflow/example_dags/example_branch_operator_decorator.py for tasks to queue
[2023-03-02T14:28:17.003+0000] {logging_mixin.py:137} INFO - [2023-03-02T14:28:17.003+0000] {dagbag.py:538} INFO - Filling up the DagBag from /home/airflow/.local/lib/python3.7/site-packages/airflow/example_dags/example_branch_operator_decorator.py
[2023-03-02T14:28:17.375+0000] {processor.py:753} INFO - DAG(s) dict_keys(['example_branch_python_operator_decorator']) retrieved from /home/airflow/.local/lib/python3.7/site-packages/airflow/example_dags/example_branch_operator_decorator.py
[2023-03-02T14:28:17.449+0000] {logging_mixin.py:137} INFO - [2023-03-02T14:28:17.448+0000] {dag.py:2690} INFO - Sync 1 DAGs
[2023-03-02T14:28:17.715+0000] {logging_mixin.py:137} INFO - [2023-03-02T14:28:17.711+0000] {dag.py:3441} INFO - Setting next_dagrun for example_branch_python_operator_decorator to 2023-03-01T00:00:00+00:00, run_after=2023-03-02T00:00:00+00:00
[2023-03-02T14:28:17.875+0000] {processor.py:175} INFO - Processing /home/airflow/.local/lib/python3.7/site-packages/airflow/example_dags/example_branch_operator_decorator.py took 0.969 seconds
[2023-03-02T14:28:52.657+0000] {processor.py:153} INFO - Started process (PID=506) to work on /home/airflow/.local/lib/python3.7/site-packages/airflow/example_dags/example_branch_operator_decorator.py
[2023-03-02T14:28:52.658+0000] {processor.py:743} INFO - Processing file /home/airflow/.local/lib/python3.7/site-packages/airflow/example_dags/example_branch_operator_decorator.py for tasks to queue
[2023-03-02T14:28:52.659+0000] {logging_mixin.py:137} INFO - [2023-03-02T14:28:52.659+0000] {dagbag.py:538} INFO - Filling up the DagBag from /home/airflow/.local/lib/python3.7/site-packages/airflow/example_dags/example_branch_operator_decorator.py
[2023-03-02T14:28:52.681+0000] {processor.py:753} INFO - DAG(s) dict_keys(['example_branch_python_operator_decorator']) retrieved from /home/airflow/.local/lib/python3.7/site-packages/airflow/example_dags/example_branch_operator_decorator.py
[2023-03-02T14:28:52.710+0000] {logging_mixin.py:137} INFO - [2023-03-02T14:28:52.710+0000] {dag.py:2690} INFO - Sync 1 DAGs
[2023-03-02T14:28:52.731+0000] {logging_mixin.py:137} INFO - [2023-03-02T14:28:52.731+0000] {dag.py:3441} INFO - Setting next_dagrun for example_branch_python_operator_decorator to 2023-03-01T00:00:00+00:00, run_after=2023-03-02T00:00:00+00:00
[2023-03-02T14:28:52.742+0000] {processor.py:175} INFO - Processing /home/airflow/.local/lib/python3.7/site-packages/airflow/example_dags/example_branch_operator_decorator.py took 0.089 seconds
[2023-03-02T15:58:26.426+0000] {processor.py:153} INFO - Started process (PID=569) to work on /home/airflow/.local/lib/python3.7/site-packages/airflow/example_dags/example_branch_operator_decorator.py
[2023-03-02T15:58:26.431+0000] {processor.py:743} INFO - Processing file /home/airflow/.local/lib/python3.7/site-packages/airflow/example_dags/example_branch_operator_decorator.py for tasks to queue
[2023-03-02T15:58:26.435+0000] {logging_mixin.py:137} INFO - [2023-03-02T15:58:26.434+0000] {dagbag.py:538} INFO - Filling up the DagBag from /home/airflow/.local/lib/python3.7/site-packages/airflow/example_dags/example_branch_operator_decorator.py
[2023-03-02T15:58:26.477+0000] {processor.py:753} INFO - DAG(s) dict_keys(['example_branch_python_operator_decorator']) retrieved from /home/airflow/.local/lib/python3.7/site-packages/airflow/example_dags/example_branch_operator_decorator.py
[2023-03-02T15:58:26.512+0000] {logging_mixin.py:137} INFO - [2023-03-02T15:58:26.512+0000] {dag.py:2690} INFO - Sync 1 DAGs
[2023-03-02T15:58:26.554+0000] {logging_mixin.py:137} INFO - [2023-03-02T15:58:26.554+0000] {dag.py:3441} INFO - Setting next_dagrun for example_branch_python_operator_decorator to 2023-03-01T00:00:00+00:00, run_after=2023-03-02T00:00:00+00:00
[2023-03-02T15:58:26.578+0000] {processor.py:175} INFO - Processing /home/airflow/.local/lib/python3.7/site-packages/airflow/example_dags/example_branch_operator_decorator.py took 0.166 seconds
[2023-03-02T16:32:17.992+0000] {processor.py:153} INFO - Started process (PID=632) to work on /home/airflow/.local/lib/python3.7/site-packages/airflow/example_dags/example_branch_operator_decorator.py
[2023-03-02T16:32:17.997+0000] {processor.py:743} INFO - Processing file /home/airflow/.local/lib/python3.7/site-packages/airflow/example_dags/example_branch_operator_decorator.py for tasks to queue
[2023-03-02T16:32:17.999+0000] {logging_mixin.py:137} INFO - [2023-03-02T16:32:17.999+0000] {dagbag.py:538} INFO - Filling up the DagBag from /home/airflow/.local/lib/python3.7/site-packages/airflow/example_dags/example_branch_operator_decorator.py
[2023-03-02T16:32:18.037+0000] {processor.py:753} INFO - DAG(s) dict_keys(['example_branch_python_operator_decorator']) retrieved from /home/airflow/.local/lib/python3.7/site-packages/airflow/example_dags/example_branch_operator_decorator.py
[2023-03-02T16:32:18.084+0000] {logging_mixin.py:137} INFO - [2023-03-02T16:32:18.083+0000] {dag.py:2690} INFO - Sync 1 DAGs
[2023-03-02T16:32:18.130+0000] {logging_mixin.py:137} INFO - [2023-03-02T16:32:18.129+0000] {dag.py:3441} INFO - Setting next_dagrun for example_branch_python_operator_decorator to 2023-03-01T00:00:00+00:00, run_after=2023-03-02T00:00:00+00:00
[2023-03-02T16:32:18.154+0000] {processor.py:175} INFO - Processing /home/airflow/.local/lib/python3.7/site-packages/airflow/example_dags/example_branch_operator_decorator.py took 0.173 seconds
[2023-03-02T16:39:30.865+0000] {processor.py:153} INFO - Started process (PID=719) to work on /home/airflow/.local/lib/python3.7/site-packages/airflow/example_dags/example_branch_operator_decorator.py
[2023-03-02T16:39:31.214+0000] {processor.py:743} INFO - Processing file /home/airflow/.local/lib/python3.7/site-packages/airflow/example_dags/example_branch_operator_decorator.py for tasks to queue
[2023-03-02T16:39:31.287+0000] {logging_mixin.py:137} INFO - [2023-03-02T16:39:31.285+0000] {dagbag.py:538} INFO - Filling up the DagBag from /home/airflow/.local/lib/python3.7/site-packages/airflow/example_dags/example_branch_operator_decorator.py
[2023-03-02T16:39:35.683+0000] {processor.py:753} INFO - DAG(s) dict_keys(['example_branch_python_operator_decorator']) retrieved from /home/airflow/.local/lib/python3.7/site-packages/airflow/example_dags/example_branch_operator_decorator.py
[2023-03-02T16:39:39.217+0000] {logging_mixin.py:137} INFO - [2023-03-02T16:39:39.201+0000] {dag.py:2690} INFO - Sync 1 DAGs
[2023-03-02T16:39:41.360+0000] {logging_mixin.py:137} INFO - [2023-03-02T16:39:41.358+0000] {dag.py:3441} INFO - Setting next_dagrun for example_branch_python_operator_decorator to 2023-03-01T00:00:00+00:00, run_after=2023-03-02T00:00:00+00:00
[2023-03-02T16:39:42.903+0000] {processor.py:175} INFO - Processing /home/airflow/.local/lib/python3.7/site-packages/airflow/example_dags/example_branch_operator_decorator.py took 12.546 seconds
[2023-03-02T16:40:34.908+0000] {processor.py:153} INFO - Started process (PID=789) to work on /home/airflow/.local/lib/python3.7/site-packages/airflow/example_dags/example_branch_operator_decorator.py
[2023-03-02T16:40:34.912+0000] {processor.py:743} INFO - Processing file /home/airflow/.local/lib/python3.7/site-packages/airflow/example_dags/example_branch_operator_decorator.py for tasks to queue
[2023-03-02T16:40:34.914+0000] {logging_mixin.py:137} INFO - [2023-03-02T16:40:34.914+0000] {dagbag.py:538} INFO - Filling up the DagBag from /home/airflow/.local/lib/python3.7/site-packages/airflow/example_dags/example_branch_operator_decorator.py
[2023-03-02T16:40:34.970+0000] {processor.py:753} INFO - DAG(s) dict_keys(['example_branch_python_operator_decorator']) retrieved from /home/airflow/.local/lib/python3.7/site-packages/airflow/example_dags/example_branch_operator_decorator.py
[2023-03-02T16:40:35.016+0000] {logging_mixin.py:137} INFO - [2023-03-02T16:40:35.015+0000] {dag.py:2690} INFO - Sync 1 DAGs
[2023-03-02T16:40:35.124+0000] {logging_mixin.py:137} INFO - [2023-03-02T16:40:35.124+0000] {dag.py:3441} INFO - Setting next_dagrun for example_branch_python_operator_decorator to 2023-03-01T00:00:00+00:00, run_after=2023-03-02T00:00:00+00:00
[2023-03-02T16:40:35.178+0000] {processor.py:175} INFO - Processing /home/airflow/.local/lib/python3.7/site-packages/airflow/example_dags/example_branch_operator_decorator.py took 0.279 seconds
[2023-03-02T16:41:21.861+0000] {processor.py:153} INFO - Started process (PID=863) to work on /home/airflow/.local/lib/python3.7/site-packages/airflow/example_dags/example_branch_operator_decorator.py
[2023-03-02T16:41:21.864+0000] {processor.py:743} INFO - Processing file /home/airflow/.local/lib/python3.7/site-packages/airflow/example_dags/example_branch_operator_decorator.py for tasks to queue
[2023-03-02T16:41:21.867+0000] {logging_mixin.py:137} INFO - [2023-03-02T16:41:21.867+0000] {dagbag.py:538} INFO - Filling up the DagBag from /home/airflow/.local/lib/python3.7/site-packages/airflow/example_dags/example_branch_operator_decorator.py
[2023-03-02T16:41:21.915+0000] {processor.py:753} INFO - DAG(s) dict_keys(['example_branch_python_operator_decorator']) retrieved from /home/airflow/.local/lib/python3.7/site-packages/airflow/example_dags/example_branch_operator_decorator.py
[2023-03-02T16:41:21.982+0000] {logging_mixin.py:137} INFO - [2023-03-02T16:41:21.981+0000] {dag.py:2690} INFO - Sync 1 DAGs
[2023-03-02T16:41:22.051+0000] {logging_mixin.py:137} INFO - [2023-03-02T16:41:22.051+0000] {dag.py:3441} INFO - Setting next_dagrun for example_branch_python_operator_decorator to 2023-03-01T00:00:00+00:00, run_after=2023-03-02T00:00:00+00:00
[2023-03-02T16:41:22.109+0000] {processor.py:175} INFO - Processing /home/airflow/.local/lib/python3.7/site-packages/airflow/example_dags/example_branch_operator_decorator.py took 0.251 seconds
[2023-03-02T16:41:53.225+0000] {processor.py:153} INFO - Started process (PID=926) to work on /home/airflow/.local/lib/python3.7/site-packages/airflow/example_dags/example_branch_operator_decorator.py
[2023-03-02T16:41:53.231+0000] {processor.py:743} INFO - Processing file /home/airflow/.local/lib/python3.7/site-packages/airflow/example_dags/example_branch_operator_decorator.py for tasks to queue
[2023-03-02T16:41:53.233+0000] {logging_mixin.py:137} INFO - [2023-03-02T16:41:53.233+0000] {dagbag.py:538} INFO - Filling up the DagBag from /home/airflow/.local/lib/python3.7/site-packages/airflow/example_dags/example_branch_operator_decorator.py
[2023-03-02T16:41:53.296+0000] {processor.py:753} INFO - DAG(s) dict_keys(['example_branch_python_operator_decorator']) retrieved from /home/airflow/.local/lib/python3.7/site-packages/airflow/example_dags/example_branch_operator_decorator.py
[2023-03-02T16:41:53.523+0000] {logging_mixin.py:137} INFO - [2023-03-02T16:41:53.522+0000] {dag.py:2690} INFO - Sync 1 DAGs
[2023-03-02T16:41:53.634+0000] {logging_mixin.py:137} INFO - [2023-03-02T16:41:53.631+0000] {dag.py:3441} INFO - Setting next_dagrun for example_branch_python_operator_decorator to 2023-03-01T00:00:00+00:00, run_after=2023-03-02T00:00:00+00:00
[2023-03-02T16:41:53.794+0000] {processor.py:175} INFO - Processing /home/airflow/.local/lib/python3.7/site-packages/airflow/example_dags/example_branch_operator_decorator.py took 0.578 seconds
[2023-03-02T16:42:24.196+0000] {processor.py:153} INFO - Started process (PID=989) to work on /home/airflow/.local/lib/python3.7/site-packages/airflow/example_dags/example_branch_operator_decorator.py
[2023-03-02T16:42:24.197+0000] {processor.py:743} INFO - Processing file /home/airflow/.local/lib/python3.7/site-packages/airflow/example_dags/example_branch_operator_decorator.py for tasks to queue
[2023-03-02T16:42:24.198+0000] {logging_mixin.py:137} INFO - [2023-03-02T16:42:24.198+0000] {dagbag.py:538} INFO - Filling up the DagBag from /home/airflow/.local/lib/python3.7/site-packages/airflow/example_dags/example_branch_operator_decorator.py
[2023-03-02T16:42:24.241+0000] {processor.py:753} INFO - DAG(s) dict_keys(['example_branch_python_operator_decorator']) retrieved from /home/airflow/.local/lib/python3.7/site-packages/airflow/example_dags/example_branch_operator_decorator.py
[2023-03-02T16:42:24.285+0000] {logging_mixin.py:137} INFO - [2023-03-02T16:42:24.285+0000] {dag.py:2690} INFO - Sync 1 DAGs
[2023-03-02T16:42:24.309+0000] {logging_mixin.py:137} INFO - [2023-03-02T16:42:24.309+0000] {dag.py:3441} INFO - Setting next_dagrun for example_branch_python_operator_decorator to 2023-03-01T00:00:00+00:00, run_after=2023-03-02T00:00:00+00:00
[2023-03-02T16:42:24.323+0000] {processor.py:175} INFO - Processing /home/airflow/.local/lib/python3.7/site-packages/airflow/example_dags/example_branch_operator_decorator.py took 0.131 seconds
[2023-03-02T16:42:54.455+0000] {processor.py:153} INFO - Started process (PID=1052) to work on /home/airflow/.local/lib/python3.7/site-packages/airflow/example_dags/example_branch_operator_decorator.py
[2023-03-02T16:42:54.456+0000] {processor.py:743} INFO - Processing file /home/airflow/.local/lib/python3.7/site-packages/airflow/example_dags/example_branch_operator_decorator.py for tasks to queue
[2023-03-02T16:42:54.457+0000] {logging_mixin.py:137} INFO - [2023-03-02T16:42:54.457+0000] {dagbag.py:538} INFO - Filling up the DagBag from /home/airflow/.local/lib/python3.7/site-packages/airflow/example_dags/example_branch_operator_decorator.py
[2023-03-02T16:42:54.475+0000] {processor.py:753} INFO - DAG(s) dict_keys(['example_branch_python_operator_decorator']) retrieved from /home/airflow/.local/lib/python3.7/site-packages/airflow/example_dags/example_branch_operator_decorator.py
[2023-03-02T16:42:54.501+0000] {logging_mixin.py:137} INFO - [2023-03-02T16:42:54.501+0000] {dag.py:2690} INFO - Sync 1 DAGs
[2023-03-02T16:42:54.538+0000] {logging_mixin.py:137} INFO - [2023-03-02T16:42:54.538+0000] {dag.py:3441} INFO - Setting next_dagrun for example_branch_python_operator_decorator to 2023-03-01T00:00:00+00:00, run_after=2023-03-02T00:00:00+00:00
[2023-03-02T16:42:54.555+0000] {processor.py:175} INFO - Processing /home/airflow/.local/lib/python3.7/site-packages/airflow/example_dags/example_branch_operator_decorator.py took 0.103 seconds
[2023-03-02T16:43:25.234+0000] {processor.py:153} INFO - Started process (PID=1115) to work on /home/airflow/.local/lib/python3.7/site-packages/airflow/example_dags/example_branch_operator_decorator.py
[2023-03-02T16:43:25.235+0000] {processor.py:743} INFO - Processing file /home/airflow/.local/lib/python3.7/site-packages/airflow/example_dags/example_branch_operator_decorator.py for tasks to queue
[2023-03-02T16:43:25.236+0000] {logging_mixin.py:137} INFO - [2023-03-02T16:43:25.236+0000] {dagbag.py:538} INFO - Filling up the DagBag from /home/airflow/.local/lib/python3.7/site-packages/airflow/example_dags/example_branch_operator_decorator.py
[2023-03-02T16:43:25.254+0000] {processor.py:753} INFO - DAG(s) dict_keys(['example_branch_python_operator_decorator']) retrieved from /home/airflow/.local/lib/python3.7/site-packages/airflow/example_dags/example_branch_operator_decorator.py
[2023-03-02T16:43:25.276+0000] {logging_mixin.py:137} INFO - [2023-03-02T16:43:25.276+0000] {dag.py:2690} INFO - Sync 1 DAGs
[2023-03-02T16:43:25.296+0000] {logging_mixin.py:137} INFO - [2023-03-02T16:43:25.296+0000] {dag.py:3441} INFO - Setting next_dagrun for example_branch_python_operator_decorator to 2023-03-01T00:00:00+00:00, run_after=2023-03-02T00:00:00+00:00
[2023-03-02T16:43:25.310+0000] {processor.py:175} INFO - Processing /home/airflow/.local/lib/python3.7/site-packages/airflow/example_dags/example_branch_operator_decorator.py took 0.079 seconds
[2023-03-02T16:43:56.375+0000] {processor.py:153} INFO - Started process (PID=1189) to work on /home/airflow/.local/lib/python3.7/site-packages/airflow/example_dags/example_branch_operator_decorator.py
[2023-03-02T16:43:56.378+0000] {processor.py:743} INFO - Processing file /home/airflow/.local/lib/python3.7/site-packages/airflow/example_dags/example_branch_operator_decorator.py for tasks to queue
[2023-03-02T16:43:56.385+0000] {logging_mixin.py:137} INFO - [2023-03-02T16:43:56.385+0000] {dagbag.py:538} INFO - Filling up the DagBag from /home/airflow/.local/lib/python3.7/site-packages/airflow/example_dags/example_branch_operator_decorator.py
[2023-03-02T16:43:56.420+0000] {processor.py:753} INFO - DAG(s) dict_keys(['example_branch_python_operator_decorator']) retrieved from /home/airflow/.local/lib/python3.7/site-packages/airflow/example_dags/example_branch_operator_decorator.py
[2023-03-02T16:43:56.445+0000] {logging_mixin.py:137} INFO - [2023-03-02T16:43:56.445+0000] {dag.py:2690} INFO - Sync 1 DAGs
[2023-03-02T16:43:56.468+0000] {logging_mixin.py:137} INFO - [2023-03-02T16:43:56.468+0000] {dag.py:3441} INFO - Setting next_dagrun for example_branch_python_operator_decorator to 2023-03-01T00:00:00+00:00, run_after=2023-03-02T00:00:00+00:00
[2023-03-02T16:43:56.483+0000] {processor.py:175} INFO - Processing /home/airflow/.local/lib/python3.7/site-packages/airflow/example_dags/example_branch_operator_decorator.py took 0.115 seconds
[2023-03-02T16:49:44.290+0000] {processor.py:153} INFO - Started process (PID=1269) to work on /home/airflow/.local/lib/python3.7/site-packages/airflow/example_dags/example_branch_operator_decorator.py
[2023-03-02T16:49:44.296+0000] {processor.py:743} INFO - Processing file /home/airflow/.local/lib/python3.7/site-packages/airflow/example_dags/example_branch_operator_decorator.py for tasks to queue
[2023-03-02T16:49:44.304+0000] {logging_mixin.py:137} INFO - [2023-03-02T16:49:44.301+0000] {dagbag.py:538} INFO - Filling up the DagBag from /home/airflow/.local/lib/python3.7/site-packages/airflow/example_dags/example_branch_operator_decorator.py
[2023-03-02T16:49:44.563+0000] {processor.py:753} INFO - DAG(s) dict_keys(['example_branch_python_operator_decorator']) retrieved from /home/airflow/.local/lib/python3.7/site-packages/airflow/example_dags/example_branch_operator_decorator.py
[2023-03-02T16:49:44.814+0000] {logging_mixin.py:137} INFO - [2023-03-02T16:49:44.813+0000] {dag.py:2690} INFO - Sync 1 DAGs
[2023-03-02T16:49:44.961+0000] {logging_mixin.py:137} INFO - [2023-03-02T16:49:44.954+0000] {dag.py:3441} INFO - Setting next_dagrun for example_branch_python_operator_decorator to 2023-03-01T00:00:00+00:00, run_after=2023-03-02T00:00:00+00:00
[2023-03-02T16:49:45.240+0000] {processor.py:175} INFO - Processing /home/airflow/.local/lib/python3.7/site-packages/airflow/example_dags/example_branch_operator_decorator.py took 0.991 seconds
[2023-03-02T16:50:15.804+0000] {processor.py:153} INFO - Started process (PID=1333) to work on /home/airflow/.local/lib/python3.7/site-packages/airflow/example_dags/example_branch_operator_decorator.py
[2023-03-02T16:50:15.806+0000] {processor.py:743} INFO - Processing file /home/airflow/.local/lib/python3.7/site-packages/airflow/example_dags/example_branch_operator_decorator.py for tasks to queue
[2023-03-02T16:50:15.809+0000] {logging_mixin.py:137} INFO - [2023-03-02T16:50:15.808+0000] {dagbag.py:538} INFO - Filling up the DagBag from /home/airflow/.local/lib/python3.7/site-packages/airflow/example_dags/example_branch_operator_decorator.py
[2023-03-02T16:50:15.866+0000] {processor.py:753} INFO - DAG(s) dict_keys(['example_branch_python_operator_decorator']) retrieved from /home/airflow/.local/lib/python3.7/site-packages/airflow/example_dags/example_branch_operator_decorator.py
[2023-03-02T16:50:15.947+0000] {logging_mixin.py:137} INFO - [2023-03-02T16:50:15.946+0000] {dag.py:2690} INFO - Sync 1 DAGs
[2023-03-02T16:50:15.991+0000] {logging_mixin.py:137} INFO - [2023-03-02T16:50:15.991+0000] {dag.py:3441} INFO - Setting next_dagrun for example_branch_python_operator_decorator to 2023-03-01T00:00:00+00:00, run_after=2023-03-02T00:00:00+00:00
[2023-03-02T16:50:16.025+0000] {processor.py:175} INFO - Processing /home/airflow/.local/lib/python3.7/site-packages/airflow/example_dags/example_branch_operator_decorator.py took 0.228 seconds
[2023-03-02T16:50:46.602+0000] {processor.py:153} INFO - Started process (PID=1397) to work on /home/airflow/.local/lib/python3.7/site-packages/airflow/example_dags/example_branch_operator_decorator.py
[2023-03-02T16:50:46.605+0000] {processor.py:743} INFO - Processing file /home/airflow/.local/lib/python3.7/site-packages/airflow/example_dags/example_branch_operator_decorator.py for tasks to queue
[2023-03-02T16:50:46.607+0000] {logging_mixin.py:137} INFO - [2023-03-02T16:50:46.607+0000] {dagbag.py:538} INFO - Filling up the DagBag from /home/airflow/.local/lib/python3.7/site-packages/airflow/example_dags/example_branch_operator_decorator.py
[2023-03-02T16:50:46.662+0000] {processor.py:753} INFO - DAG(s) dict_keys(['example_branch_python_operator_decorator']) retrieved from /home/airflow/.local/lib/python3.7/site-packages/airflow/example_dags/example_branch_operator_decorator.py
[2023-03-02T16:50:46.753+0000] {logging_mixin.py:137} INFO - [2023-03-02T16:50:46.753+0000] {dag.py:2690} INFO - Sync 1 DAGs
[2023-03-02T16:50:46.805+0000] {logging_mixin.py:137} INFO - [2023-03-02T16:50:46.805+0000] {dag.py:3441} INFO - Setting next_dagrun for example_branch_python_operator_decorator to 2023-03-01T00:00:00+00:00, run_after=2023-03-02T00:00:00+00:00
[2023-03-02T16:50:46.831+0000] {processor.py:175} INFO - Processing /home/airflow/.local/lib/python3.7/site-packages/airflow/example_dags/example_branch_operator_decorator.py took 0.257 seconds
[2023-03-02T16:51:17.484+0000] {processor.py:153} INFO - Started process (PID=1461) to work on /home/airflow/.local/lib/python3.7/site-packages/airflow/example_dags/example_branch_operator_decorator.py
[2023-03-02T16:51:17.487+0000] {processor.py:743} INFO - Processing file /home/airflow/.local/lib/python3.7/site-packages/airflow/example_dags/example_branch_operator_decorator.py for tasks to queue
[2023-03-02T16:51:17.488+0000] {logging_mixin.py:137} INFO - [2023-03-02T16:51:17.488+0000] {dagbag.py:538} INFO - Filling up the DagBag from /home/airflow/.local/lib/python3.7/site-packages/airflow/example_dags/example_branch_operator_decorator.py
[2023-03-02T16:51:17.511+0000] {processor.py:753} INFO - DAG(s) dict_keys(['example_branch_python_operator_decorator']) retrieved from /home/airflow/.local/lib/python3.7/site-packages/airflow/example_dags/example_branch_operator_decorator.py
[2023-03-02T16:51:17.561+0000] {logging_mixin.py:137} INFO - [2023-03-02T16:51:17.560+0000] {dag.py:2690} INFO - Sync 1 DAGs
[2023-03-02T16:51:17.593+0000] {logging_mixin.py:137} INFO - [2023-03-02T16:51:17.593+0000] {dag.py:3441} INFO - Setting next_dagrun for example_branch_python_operator_decorator to 2023-03-01T00:00:00+00:00, run_after=2023-03-02T00:00:00+00:00
[2023-03-02T16:51:17.653+0000] {processor.py:175} INFO - Processing /home/airflow/.local/lib/python3.7/site-packages/airflow/example_dags/example_branch_operator_decorator.py took 0.173 seconds
[2023-03-02T16:51:48.315+0000] {processor.py:153} INFO - Started process (PID=1524) to work on /home/airflow/.local/lib/python3.7/site-packages/airflow/example_dags/example_branch_operator_decorator.py
[2023-03-02T16:51:48.318+0000] {processor.py:743} INFO - Processing file /home/airflow/.local/lib/python3.7/site-packages/airflow/example_dags/example_branch_operator_decorator.py for tasks to queue
[2023-03-02T16:51:48.319+0000] {logging_mixin.py:137} INFO - [2023-03-02T16:51:48.319+0000] {dagbag.py:538} INFO - Filling up the DagBag from /home/airflow/.local/lib/python3.7/site-packages/airflow/example_dags/example_branch_operator_decorator.py
[2023-03-02T16:51:48.411+0000] {processor.py:753} INFO - DAG(s) dict_keys(['example_branch_python_operator_decorator']) retrieved from /home/airflow/.local/lib/python3.7/site-packages/airflow/example_dags/example_branch_operator_decorator.py
[2023-03-02T16:51:48.518+0000] {logging_mixin.py:137} INFO - [2023-03-02T16:51:48.517+0000] {dag.py:2690} INFO - Sync 1 DAGs
[2023-03-02T16:51:48.563+0000] {logging_mixin.py:137} INFO - [2023-03-02T16:51:48.563+0000] {dag.py:3441} INFO - Setting next_dagrun for example_branch_python_operator_decorator to 2023-03-01T00:00:00+00:00, run_after=2023-03-02T00:00:00+00:00
[2023-03-02T16:51:48.584+0000] {processor.py:175} INFO - Processing /home/airflow/.local/lib/python3.7/site-packages/airflow/example_dags/example_branch_operator_decorator.py took 0.276 seconds
[2023-03-02T16:52:20.438+0000] {processor.py:153} INFO - Started process (PID=1602) to work on /home/airflow/.local/lib/python3.7/site-packages/airflow/example_dags/example_branch_operator_decorator.py
[2023-03-02T16:52:20.440+0000] {processor.py:743} INFO - Processing file /home/airflow/.local/lib/python3.7/site-packages/airflow/example_dags/example_branch_operator_decorator.py for tasks to queue
[2023-03-02T16:52:20.441+0000] {logging_mixin.py:137} INFO - [2023-03-02T16:52:20.441+0000] {dagbag.py:538} INFO - Filling up the DagBag from /home/airflow/.local/lib/python3.7/site-packages/airflow/example_dags/example_branch_operator_decorator.py
[2023-03-02T16:52:20.469+0000] {processor.py:753} INFO - DAG(s) dict_keys(['example_branch_python_operator_decorator']) retrieved from /home/airflow/.local/lib/python3.7/site-packages/airflow/example_dags/example_branch_operator_decorator.py
[2023-03-02T16:52:20.503+0000] {logging_mixin.py:137} INFO - [2023-03-02T16:52:20.502+0000] {dag.py:2690} INFO - Sync 1 DAGs
[2023-03-02T16:52:20.538+0000] {logging_mixin.py:137} INFO - [2023-03-02T16:52:20.538+0000] {dag.py:3441} INFO - Setting next_dagrun for example_branch_python_operator_decorator to 2023-03-01T00:00:00+00:00, run_after=2023-03-02T00:00:00+00:00
[2023-03-02T16:52:20.569+0000] {processor.py:175} INFO - Processing /home/airflow/.local/lib/python3.7/site-packages/airflow/example_dags/example_branch_operator_decorator.py took 0.135 seconds
[2023-03-02T16:52:51.223+0000] {processor.py:153} INFO - Started process (PID=1668) to work on /home/airflow/.local/lib/python3.7/site-packages/airflow/example_dags/example_branch_operator_decorator.py
[2023-03-02T16:52:51.225+0000] {processor.py:743} INFO - Processing file /home/airflow/.local/lib/python3.7/site-packages/airflow/example_dags/example_branch_operator_decorator.py for tasks to queue
[2023-03-02T16:52:51.227+0000] {logging_mixin.py:137} INFO - [2023-03-02T16:52:51.227+0000] {dagbag.py:538} INFO - Filling up the DagBag from /home/airflow/.local/lib/python3.7/site-packages/airflow/example_dags/example_branch_operator_decorator.py
[2023-03-02T16:52:51.259+0000] {processor.py:753} INFO - DAG(s) dict_keys(['example_branch_python_operator_decorator']) retrieved from /home/airflow/.local/lib/python3.7/site-packages/airflow/example_dags/example_branch_operator_decorator.py
[2023-03-02T16:52:51.300+0000] {logging_mixin.py:137} INFO - [2023-03-02T16:52:51.300+0000] {dag.py:2690} INFO - Sync 1 DAGs
[2023-03-02T16:52:51.349+0000] {logging_mixin.py:137} INFO - [2023-03-02T16:52:51.348+0000] {dag.py:3441} INFO - Setting next_dagrun for example_branch_python_operator_decorator to 2023-03-01T00:00:00+00:00, run_after=2023-03-02T00:00:00+00:00
[2023-03-02T16:52:51.404+0000] {processor.py:175} INFO - Processing /home/airflow/.local/lib/python3.7/site-packages/airflow/example_dags/example_branch_operator_decorator.py took 0.185 seconds
[2023-03-02T16:53:22.292+0000] {processor.py:153} INFO - Started process (PID=1744) to work on /home/airflow/.local/lib/python3.7/site-packages/airflow/example_dags/example_branch_operator_decorator.py
[2023-03-02T16:53:22.294+0000] {processor.py:743} INFO - Processing file /home/airflow/.local/lib/python3.7/site-packages/airflow/example_dags/example_branch_operator_decorator.py for tasks to queue
[2023-03-02T16:53:22.294+0000] {logging_mixin.py:137} INFO - [2023-03-02T16:53:22.294+0000] {dagbag.py:538} INFO - Filling up the DagBag from /home/airflow/.local/lib/python3.7/site-packages/airflow/example_dags/example_branch_operator_decorator.py
[2023-03-02T16:53:22.319+0000] {processor.py:753} INFO - DAG(s) dict_keys(['example_branch_python_operator_decorator']) retrieved from /home/airflow/.local/lib/python3.7/site-packages/airflow/example_dags/example_branch_operator_decorator.py
[2023-03-02T16:53:22.346+0000] {logging_mixin.py:137} INFO - [2023-03-02T16:53:22.346+0000] {dag.py:2690} INFO - Sync 1 DAGs
[2023-03-02T16:53:22.365+0000] {logging_mixin.py:137} INFO - [2023-03-02T16:53:22.365+0000] {dag.py:3441} INFO - Setting next_dagrun for example_branch_python_operator_decorator to 2023-03-01T00:00:00+00:00, run_after=2023-03-02T00:00:00+00:00
[2023-03-02T16:53:22.377+0000] {processor.py:175} INFO - Processing /home/airflow/.local/lib/python3.7/site-packages/airflow/example_dags/example_branch_operator_decorator.py took 0.088 seconds
[2023-03-02T16:53:52.914+0000] {processor.py:153} INFO - Started process (PID=1807) to work on /home/airflow/.local/lib/python3.7/site-packages/airflow/example_dags/example_branch_operator_decorator.py
[2023-03-02T16:53:52.915+0000] {processor.py:743} INFO - Processing file /home/airflow/.local/lib/python3.7/site-packages/airflow/example_dags/example_branch_operator_decorator.py for tasks to queue
[2023-03-02T16:53:52.916+0000] {logging_mixin.py:137} INFO - [2023-03-02T16:53:52.916+0000] {dagbag.py:538} INFO - Filling up the DagBag from /home/airflow/.local/lib/python3.7/site-packages/airflow/example_dags/example_branch_operator_decorator.py
[2023-03-02T16:53:52.933+0000] {processor.py:753} INFO - DAG(s) dict_keys(['example_branch_python_operator_decorator']) retrieved from /home/airflow/.local/lib/python3.7/site-packages/airflow/example_dags/example_branch_operator_decorator.py
[2023-03-02T16:53:52.953+0000] {logging_mixin.py:137} INFO - [2023-03-02T16:53:52.953+0000] {dag.py:2690} INFO - Sync 1 DAGs
[2023-03-02T16:53:52.968+0000] {logging_mixin.py:137} INFO - [2023-03-02T16:53:52.968+0000] {dag.py:3441} INFO - Setting next_dagrun for example_branch_python_operator_decorator to 2023-03-01T00:00:00+00:00, run_after=2023-03-02T00:00:00+00:00
[2023-03-02T16:53:52.979+0000] {processor.py:175} INFO - Processing /home/airflow/.local/lib/python3.7/site-packages/airflow/example_dags/example_branch_operator_decorator.py took 0.067 seconds
[2023-03-02T16:54:27.310+0000] {processor.py:153} INFO - Started process (PID=1884) to work on /home/airflow/.local/lib/python3.7/site-packages/airflow/example_dags/example_branch_operator_decorator.py
[2023-03-02T16:54:27.313+0000] {processor.py:743} INFO - Processing file /home/airflow/.local/lib/python3.7/site-packages/airflow/example_dags/example_branch_operator_decorator.py for tasks to queue
[2023-03-02T16:54:27.316+0000] {logging_mixin.py:137} INFO - [2023-03-02T16:54:27.315+0000] {dagbag.py:538} INFO - Filling up the DagBag from /home/airflow/.local/lib/python3.7/site-packages/airflow/example_dags/example_branch_operator_decorator.py
[2023-03-02T16:54:27.450+0000] {processor.py:753} INFO - DAG(s) dict_keys(['example_branch_python_operator_decorator']) retrieved from /home/airflow/.local/lib/python3.7/site-packages/airflow/example_dags/example_branch_operator_decorator.py
[2023-03-02T16:54:27.499+0000] {logging_mixin.py:137} INFO - [2023-03-02T16:54:27.499+0000] {dag.py:2690} INFO - Sync 1 DAGs
[2023-03-02T16:54:27.548+0000] {logging_mixin.py:137} INFO - [2023-03-02T16:54:27.548+0000] {dag.py:3441} INFO - Setting next_dagrun for example_branch_python_operator_decorator to 2023-03-01T00:00:00+00:00, run_after=2023-03-02T00:00:00+00:00
[2023-03-02T16:54:27.567+0000] {processor.py:175} INFO - Processing /home/airflow/.local/lib/python3.7/site-packages/airflow/example_dags/example_branch_operator_decorator.py took 0.272 seconds
[2023-03-02T17:25:01.423+0000] {processor.py:153} INFO - Started process (PID=1932) to work on /home/airflow/.local/lib/python3.7/site-packages/airflow/example_dags/example_branch_operator_decorator.py
[2023-03-02T17:25:01.431+0000] {processor.py:743} INFO - Processing file /home/airflow/.local/lib/python3.7/site-packages/airflow/example_dags/example_branch_operator_decorator.py for tasks to queue
[2023-03-02T17:25:01.433+0000] {logging_mixin.py:137} INFO - [2023-03-02T17:25:01.433+0000] {dagbag.py:538} INFO - Filling up the DagBag from /home/airflow/.local/lib/python3.7/site-packages/airflow/example_dags/example_branch_operator_decorator.py
[2023-03-02T17:25:01.816+0000] {processor.py:753} INFO - DAG(s) dict_keys(['example_branch_python_operator_decorator']) retrieved from /home/airflow/.local/lib/python3.7/site-packages/airflow/example_dags/example_branch_operator_decorator.py
[2023-03-02T17:25:02.014+0000] {logging_mixin.py:137} INFO - [2023-03-02T17:25:02.014+0000] {dag.py:2690} INFO - Sync 1 DAGs
[2023-03-02T17:25:02.209+0000] {logging_mixin.py:137} INFO - [2023-03-02T17:25:02.207+0000] {dag.py:3441} INFO - Setting next_dagrun for example_branch_python_operator_decorator to 2023-03-01T00:00:00+00:00, run_after=2023-03-02T00:00:00+00:00
[2023-03-02T17:25:02.345+0000] {processor.py:175} INFO - Processing /home/airflow/.local/lib/python3.7/site-packages/airflow/example_dags/example_branch_operator_decorator.py took 0.993 seconds
[2023-03-02T17:25:32.820+0000] {processor.py:153} INFO - Started process (PID=1998) to work on /home/airflow/.local/lib/python3.7/site-packages/airflow/example_dags/example_branch_operator_decorator.py
[2023-03-02T17:25:32.828+0000] {processor.py:743} INFO - Processing file /home/airflow/.local/lib/python3.7/site-packages/airflow/example_dags/example_branch_operator_decorator.py for tasks to queue
[2023-03-02T17:25:32.831+0000] {logging_mixin.py:137} INFO - [2023-03-02T17:25:32.831+0000] {dagbag.py:538} INFO - Filling up the DagBag from /home/airflow/.local/lib/python3.7/site-packages/airflow/example_dags/example_branch_operator_decorator.py
[2023-03-02T17:25:32.864+0000] {processor.py:753} INFO - DAG(s) dict_keys(['example_branch_python_operator_decorator']) retrieved from /home/airflow/.local/lib/python3.7/site-packages/airflow/example_dags/example_branch_operator_decorator.py
[2023-03-02T17:25:32.895+0000] {logging_mixin.py:137} INFO - [2023-03-02T17:25:32.895+0000] {dag.py:2690} INFO - Sync 1 DAGs
[2023-03-02T17:25:32.927+0000] {logging_mixin.py:137} INFO - [2023-03-02T17:25:32.927+0000] {dag.py:3441} INFO - Setting next_dagrun for example_branch_python_operator_decorator to 2023-03-01T00:00:00+00:00, run_after=2023-03-02T00:00:00+00:00
[2023-03-02T17:25:32.953+0000] {processor.py:175} INFO - Processing /home/airflow/.local/lib/python3.7/site-packages/airflow/example_dags/example_branch_operator_decorator.py took 0.140 seconds
[2023-03-02T17:26:03.427+0000] {processor.py:153} INFO - Started process (PID=2061) to work on /home/airflow/.local/lib/python3.7/site-packages/airflow/example_dags/example_branch_operator_decorator.py
[2023-03-02T17:26:03.429+0000] {processor.py:743} INFO - Processing file /home/airflow/.local/lib/python3.7/site-packages/airflow/example_dags/example_branch_operator_decorator.py for tasks to queue
[2023-03-02T17:26:03.431+0000] {logging_mixin.py:137} INFO - [2023-03-02T17:26:03.431+0000] {dagbag.py:538} INFO - Filling up the DagBag from /home/airflow/.local/lib/python3.7/site-packages/airflow/example_dags/example_branch_operator_decorator.py
[2023-03-02T17:26:03.458+0000] {processor.py:753} INFO - DAG(s) dict_keys(['example_branch_python_operator_decorator']) retrieved from /home/airflow/.local/lib/python3.7/site-packages/airflow/example_dags/example_branch_operator_decorator.py
[2023-03-02T17:26:03.482+0000] {logging_mixin.py:137} INFO - [2023-03-02T17:26:03.481+0000] {dag.py:2690} INFO - Sync 1 DAGs
[2023-03-02T17:26:03.501+0000] {logging_mixin.py:137} INFO - [2023-03-02T17:26:03.501+0000] {dag.py:3441} INFO - Setting next_dagrun for example_branch_python_operator_decorator to 2023-03-01T00:00:00+00:00, run_after=2023-03-02T00:00:00+00:00
[2023-03-02T17:26:03.515+0000] {processor.py:175} INFO - Processing /home/airflow/.local/lib/python3.7/site-packages/airflow/example_dags/example_branch_operator_decorator.py took 0.093 seconds
[2023-03-02T17:26:33.993+0000] {processor.py:153} INFO - Started process (PID=2125) to work on /home/airflow/.local/lib/python3.7/site-packages/airflow/example_dags/example_branch_operator_decorator.py
[2023-03-02T17:26:33.995+0000] {processor.py:743} INFO - Processing file /home/airflow/.local/lib/python3.7/site-packages/airflow/example_dags/example_branch_operator_decorator.py for tasks to queue
[2023-03-02T17:26:33.997+0000] {logging_mixin.py:137} INFO - [2023-03-02T17:26:33.997+0000] {dagbag.py:538} INFO - Filling up the DagBag from /home/airflow/.local/lib/python3.7/site-packages/airflow/example_dags/example_branch_operator_decorator.py
[2023-03-02T17:26:34.029+0000] {processor.py:753} INFO - DAG(s) dict_keys(['example_branch_python_operator_decorator']) retrieved from /home/airflow/.local/lib/python3.7/site-packages/airflow/example_dags/example_branch_operator_decorator.py
[2023-03-02T17:26:34.086+0000] {logging_mixin.py:137} INFO - [2023-03-02T17:26:34.086+0000] {dag.py:2690} INFO - Sync 1 DAGs
[2023-03-02T17:26:34.116+0000] {logging_mixin.py:137} INFO - [2023-03-02T17:26:34.116+0000] {dag.py:3441} INFO - Setting next_dagrun for example_branch_python_operator_decorator to 2023-03-01T00:00:00+00:00, run_after=2023-03-02T00:00:00+00:00
[2023-03-02T17:26:34.138+0000] {processor.py:175} INFO - Processing /home/airflow/.local/lib/python3.7/site-packages/airflow/example_dags/example_branch_operator_decorator.py took 0.156 seconds
[2023-03-02T17:27:08.956+0000] {processor.py:153} INFO - Started process (PID=2200) to work on /home/airflow/.local/lib/python3.7/site-packages/airflow/example_dags/example_branch_operator_decorator.py
[2023-03-02T17:27:08.967+0000] {processor.py:743} INFO - Processing file /home/airflow/.local/lib/python3.7/site-packages/airflow/example_dags/example_branch_operator_decorator.py for tasks to queue
[2023-03-02T17:27:08.972+0000] {logging_mixin.py:137} INFO - [2023-03-02T17:27:08.971+0000] {dagbag.py:538} INFO - Filling up the DagBag from /home/airflow/.local/lib/python3.7/site-packages/airflow/example_dags/example_branch_operator_decorator.py
[2023-03-02T17:27:09.306+0000] {processor.py:753} INFO - DAG(s) dict_keys(['example_branch_python_operator_decorator']) retrieved from /home/airflow/.local/lib/python3.7/site-packages/airflow/example_dags/example_branch_operator_decorator.py
[2023-03-02T17:27:12.137+0000] {logging_mixin.py:137} INFO - [2023-03-02T17:27:12.135+0000] {dag.py:2690} INFO - Sync 1 DAGs
[2023-03-02T17:27:12.982+0000] {logging_mixin.py:137} INFO - [2023-03-02T17:27:12.978+0000] {dag.py:3441} INFO - Setting next_dagrun for example_branch_python_operator_decorator to 2023-03-01T00:00:00+00:00, run_after=2023-03-02T00:00:00+00:00
[2023-03-02T17:27:13.192+0000] {processor.py:175} INFO - Processing /home/airflow/.local/lib/python3.7/site-packages/airflow/example_dags/example_branch_operator_decorator.py took 4.275 seconds
[2023-03-02T18:31:44.735+0000] {processor.py:153} INFO - Started process (PID=2243) to work on /home/airflow/.local/lib/python3.7/site-packages/airflow/example_dags/example_branch_operator_decorator.py
[2023-03-02T18:31:44.740+0000] {processor.py:743} INFO - Processing file /home/airflow/.local/lib/python3.7/site-packages/airflow/example_dags/example_branch_operator_decorator.py for tasks to queue
[2023-03-02T18:31:44.743+0000] {logging_mixin.py:137} INFO - [2023-03-02T18:31:44.743+0000] {dagbag.py:538} INFO - Filling up the DagBag from /home/airflow/.local/lib/python3.7/site-packages/airflow/example_dags/example_branch_operator_decorator.py
[2023-03-02T18:31:44.777+0000] {processor.py:753} INFO - DAG(s) dict_keys(['example_branch_python_operator_decorator']) retrieved from /home/airflow/.local/lib/python3.7/site-packages/airflow/example_dags/example_branch_operator_decorator.py
[2023-03-02T18:31:44.811+0000] {logging_mixin.py:137} INFO - [2023-03-02T18:31:44.811+0000] {dag.py:2690} INFO - Sync 1 DAGs
[2023-03-02T18:31:44.846+0000] {logging_mixin.py:137} INFO - [2023-03-02T18:31:44.846+0000] {dag.py:3441} INFO - Setting next_dagrun for example_branch_python_operator_decorator to 2023-03-01T00:00:00+00:00, run_after=2023-03-02T00:00:00+00:00
[2023-03-02T18:31:44.872+0000] {processor.py:175} INFO - Processing /home/airflow/.local/lib/python3.7/site-packages/airflow/example_dags/example_branch_operator_decorator.py took 0.150 seconds
[2023-03-02T18:49:37.889+0000] {processor.py:153} INFO - Started process (PID=2301) to work on /home/airflow/.local/lib/python3.7/site-packages/airflow/example_dags/example_branch_operator_decorator.py
[2023-03-02T18:49:37.891+0000] {processor.py:743} INFO - Processing file /home/airflow/.local/lib/python3.7/site-packages/airflow/example_dags/example_branch_operator_decorator.py for tasks to queue
[2023-03-02T18:49:37.893+0000] {logging_mixin.py:137} INFO - [2023-03-02T18:49:37.893+0000] {dagbag.py:538} INFO - Filling up the DagBag from /home/airflow/.local/lib/python3.7/site-packages/airflow/example_dags/example_branch_operator_decorator.py
[2023-03-02T18:49:37.954+0000] {processor.py:753} INFO - DAG(s) dict_keys(['example_branch_python_operator_decorator']) retrieved from /home/airflow/.local/lib/python3.7/site-packages/airflow/example_dags/example_branch_operator_decorator.py
[2023-03-02T18:49:38.028+0000] {logging_mixin.py:137} INFO - [2023-03-02T18:49:38.028+0000] {dag.py:2690} INFO - Sync 1 DAGs
[2023-03-02T18:49:38.077+0000] {logging_mixin.py:137} INFO - [2023-03-02T18:49:38.077+0000] {dag.py:3441} INFO - Setting next_dagrun for example_branch_python_operator_decorator to 2023-03-01T00:00:00+00:00, run_after=2023-03-02T00:00:00+00:00
[2023-03-02T18:49:38.126+0000] {processor.py:175} INFO - Processing /home/airflow/.local/lib/python3.7/site-packages/airflow/example_dags/example_branch_operator_decorator.py took 0.243 seconds
[2023-03-02T20:01:54.402+0000] {processor.py:153} INFO - Started process (PID=2365) to work on /home/airflow/.local/lib/python3.7/site-packages/airflow/example_dags/example_branch_operator_decorator.py
[2023-03-02T20:01:54.448+0000] {processor.py:743} INFO - Processing file /home/airflow/.local/lib/python3.7/site-packages/airflow/example_dags/example_branch_operator_decorator.py for tasks to queue
[2023-03-02T20:01:54.463+0000] {logging_mixin.py:137} INFO - [2023-03-02T20:01:54.463+0000] {dagbag.py:538} INFO - Filling up the DagBag from /home/airflow/.local/lib/python3.7/site-packages/airflow/example_dags/example_branch_operator_decorator.py
[2023-03-02T20:01:57.551+0000] {processor.py:753} INFO - DAG(s) dict_keys(['example_branch_python_operator_decorator']) retrieved from /home/airflow/.local/lib/python3.7/site-packages/airflow/example_dags/example_branch_operator_decorator.py
[2023-03-02T20:02:00.565+0000] {logging_mixin.py:137} INFO - [2023-03-02T20:02:00.559+0000] {dag.py:2690} INFO - Sync 1 DAGs
[2023-03-02T20:02:01.248+0000] {logging_mixin.py:137} INFO - [2023-03-02T20:02:01.248+0000] {dag.py:3441} INFO - Setting next_dagrun for example_branch_python_operator_decorator to 2023-03-01T00:00:00+00:00, run_after=2023-03-02T00:00:00+00:00
[2023-03-02T20:02:01.699+0000] {processor.py:175} INFO - Processing /home/airflow/.local/lib/python3.7/site-packages/airflow/example_dags/example_branch_operator_decorator.py took 7.397 seconds
