[2023-03-02T13:04:41.582+0000] {processor.py:153} INFO - Started process (PID=56) to work on /home/airflow/.local/lib/python3.7/site-packages/airflow/example_dags/example_sensors.py
[2023-03-02T13:04:41.597+0000] {processor.py:743} INFO - Processing file /home/airflow/.local/lib/python3.7/site-packages/airflow/example_dags/example_sensors.py for tasks to queue
[2023-03-02T13:04:41.604+0000] {logging_mixin.py:137} INFO - [2023-03-02T13:04:41.604+0000] {dagbag.py:538} INFO - Filling up the DagBag from /home/airflow/.local/lib/python3.7/site-packages/airflow/example_dags/example_sensors.py
[2023-03-02T13:04:41.732+0000] {processor.py:753} INFO - DAG(s) dict_keys(['example_sensors']) retrieved from /home/airflow/.local/lib/python3.7/site-packages/airflow/example_dags/example_sensors.py
[2023-03-02T13:04:41.987+0000] {logging_mixin.py:137} INFO - [2023-03-02T13:04:41.987+0000] {manager.py:504} INFO - Created Permission View: can delete on DAG:example_sensors
[2023-03-02T13:04:42.013+0000] {logging_mixin.py:137} INFO - [2023-03-02T13:04:42.013+0000] {manager.py:504} INFO - Created Permission View: can read on DAG:example_sensors
[2023-03-02T13:04:42.029+0000] {logging_mixin.py:137} INFO - [2023-03-02T13:04:42.029+0000] {manager.py:504} INFO - Created Permission View: can edit on DAG:example_sensors
[2023-03-02T13:04:42.031+0000] {logging_mixin.py:137} INFO - [2023-03-02T13:04:42.031+0000] {dag.py:2690} INFO - Sync 1 DAGs
[2023-03-02T13:04:42.109+0000] {logging_mixin.py:137} INFO - [2023-03-02T13:04:42.108+0000] {dag.py:2711} INFO - Creating ORM DAG for example_sensors
[2023-03-02T13:04:42.148+0000] {logging_mixin.py:137} INFO - [2023-03-02T13:04:42.147+0000] {dag.py:3441} INFO - Setting next_dagrun for example_sensors to None, run_after=None
[2023-03-02T13:04:42.239+0000] {processor.py:175} INFO - Processing /home/airflow/.local/lib/python3.7/site-packages/airflow/example_dags/example_sensors.py took 0.685 seconds
[2023-03-02T13:05:12.453+0000] {processor.py:153} INFO - Started process (PID=120) to work on /home/airflow/.local/lib/python3.7/site-packages/airflow/example_dags/example_sensors.py
[2023-03-02T13:05:12.454+0000] {processor.py:743} INFO - Processing file /home/airflow/.local/lib/python3.7/site-packages/airflow/example_dags/example_sensors.py for tasks to queue
[2023-03-02T13:05:12.455+0000] {logging_mixin.py:137} INFO - [2023-03-02T13:05:12.455+0000] {dagbag.py:538} INFO - Filling up the DagBag from /home/airflow/.local/lib/python3.7/site-packages/airflow/example_dags/example_sensors.py
[2023-03-02T13:05:12.471+0000] {processor.py:753} INFO - DAG(s) dict_keys(['example_sensors']) retrieved from /home/airflow/.local/lib/python3.7/site-packages/airflow/example_dags/example_sensors.py
[2023-03-02T13:05:12.490+0000] {logging_mixin.py:137} INFO - [2023-03-02T13:05:12.490+0000] {dag.py:2690} INFO - Sync 1 DAGs
[2023-03-02T13:05:12.504+0000] {logging_mixin.py:137} INFO - [2023-03-02T13:05:12.503+0000] {dag.py:3441} INFO - Setting next_dagrun for example_sensors to None, run_after=None
[2023-03-02T13:05:12.514+0000] {processor.py:175} INFO - Processing /home/airflow/.local/lib/python3.7/site-packages/airflow/example_dags/example_sensors.py took 0.065 seconds
[2023-03-02T13:05:42.782+0000] {processor.py:153} INFO - Started process (PID=184) to work on /home/airflow/.local/lib/python3.7/site-packages/airflow/example_dags/example_sensors.py
[2023-03-02T13:05:42.783+0000] {processor.py:743} INFO - Processing file /home/airflow/.local/lib/python3.7/site-packages/airflow/example_dags/example_sensors.py for tasks to queue
[2023-03-02T13:05:42.784+0000] {logging_mixin.py:137} INFO - [2023-03-02T13:05:42.784+0000] {dagbag.py:538} INFO - Filling up the DagBag from /home/airflow/.local/lib/python3.7/site-packages/airflow/example_dags/example_sensors.py
[2023-03-02T13:05:42.797+0000] {processor.py:753} INFO - DAG(s) dict_keys(['example_sensors']) retrieved from /home/airflow/.local/lib/python3.7/site-packages/airflow/example_dags/example_sensors.py
[2023-03-02T13:05:42.822+0000] {logging_mixin.py:137} INFO - [2023-03-02T13:05:42.822+0000] {dag.py:2690} INFO - Sync 1 DAGs
[2023-03-02T13:05:42.839+0000] {logging_mixin.py:137} INFO - [2023-03-02T13:05:42.839+0000] {dag.py:3441} INFO - Setting next_dagrun for example_sensors to None, run_after=None
[2023-03-02T13:05:42.851+0000] {processor.py:175} INFO - Processing /home/airflow/.local/lib/python3.7/site-packages/airflow/example_dags/example_sensors.py took 0.072 seconds
[2023-03-02T13:06:13.227+0000] {processor.py:153} INFO - Started process (PID=259) to work on /home/airflow/.local/lib/python3.7/site-packages/airflow/example_dags/example_sensors.py
[2023-03-02T13:06:13.230+0000] {processor.py:743} INFO - Processing file /home/airflow/.local/lib/python3.7/site-packages/airflow/example_dags/example_sensors.py for tasks to queue
[2023-03-02T13:06:13.232+0000] {logging_mixin.py:137} INFO - [2023-03-02T13:06:13.231+0000] {dagbag.py:538} INFO - Filling up the DagBag from /home/airflow/.local/lib/python3.7/site-packages/airflow/example_dags/example_sensors.py
[2023-03-02T13:06:13.277+0000] {processor.py:753} INFO - DAG(s) dict_keys(['example_sensors']) retrieved from /home/airflow/.local/lib/python3.7/site-packages/airflow/example_dags/example_sensors.py
[2023-03-02T13:06:13.325+0000] {logging_mixin.py:137} INFO - [2023-03-02T13:06:13.325+0000] {dag.py:2690} INFO - Sync 1 DAGs
[2023-03-02T13:06:13.349+0000] {logging_mixin.py:137} INFO - [2023-03-02T13:06:13.349+0000] {dag.py:3441} INFO - Setting next_dagrun for example_sensors to None, run_after=None
[2023-03-02T13:06:13.375+0000] {processor.py:175} INFO - Processing /home/airflow/.local/lib/python3.7/site-packages/airflow/example_dags/example_sensors.py took 0.152 seconds
[2023-03-02T14:26:26.724+0000] {processor.py:153} INFO - Started process (PID=342) to work on /home/airflow/.local/lib/python3.7/site-packages/airflow/example_dags/example_sensors.py
[2023-03-02T14:26:26.734+0000] {processor.py:743} INFO - Processing file /home/airflow/.local/lib/python3.7/site-packages/airflow/example_dags/example_sensors.py for tasks to queue
[2023-03-02T14:26:26.739+0000] {logging_mixin.py:137} INFO - [2023-03-02T14:26:26.739+0000] {dagbag.py:538} INFO - Filling up the DagBag from /home/airflow/.local/lib/python3.7/site-packages/airflow/example_dags/example_sensors.py
[2023-03-02T14:26:26.872+0000] {processor.py:753} INFO - DAG(s) dict_keys(['example_sensors']) retrieved from /home/airflow/.local/lib/python3.7/site-packages/airflow/example_dags/example_sensors.py
[2023-03-02T14:26:27.033+0000] {logging_mixin.py:137} INFO - [2023-03-02T14:26:27.032+0000] {dag.py:2690} INFO - Sync 1 DAGs
[2023-03-02T14:26:27.221+0000] {logging_mixin.py:137} INFO - [2023-03-02T14:26:27.220+0000] {dag.py:3441} INFO - Setting next_dagrun for example_sensors to None, run_after=None
[2023-03-02T14:26:27.411+0000] {processor.py:175} INFO - Processing /home/airflow/.local/lib/python3.7/site-packages/airflow/example_dags/example_sensors.py took 0.705 seconds
[2023-03-02T14:27:00.805+0000] {processor.py:153} INFO - Started process (PID=404) to work on /home/airflow/.local/lib/python3.7/site-packages/airflow/example_dags/example_sensors.py
[2023-03-02T14:27:00.808+0000] {processor.py:743} INFO - Processing file /home/airflow/.local/lib/python3.7/site-packages/airflow/example_dags/example_sensors.py for tasks to queue
[2023-03-02T14:27:00.811+0000] {logging_mixin.py:137} INFO - [2023-03-02T14:27:00.811+0000] {dagbag.py:538} INFO - Filling up the DagBag from /home/airflow/.local/lib/python3.7/site-packages/airflow/example_dags/example_sensors.py
[2023-03-02T14:27:00.853+0000] {processor.py:753} INFO - DAG(s) dict_keys(['example_sensors']) retrieved from /home/airflow/.local/lib/python3.7/site-packages/airflow/example_dags/example_sensors.py
[2023-03-02T14:27:00.919+0000] {logging_mixin.py:137} INFO - [2023-03-02T14:27:00.919+0000] {dag.py:2690} INFO - Sync 1 DAGs
[2023-03-02T14:27:00.957+0000] {logging_mixin.py:137} INFO - [2023-03-02T14:27:00.957+0000] {dag.py:3441} INFO - Setting next_dagrun for example_sensors to None, run_after=None
[2023-03-02T14:27:01.018+0000] {processor.py:175} INFO - Processing /home/airflow/.local/lib/python3.7/site-packages/airflow/example_dags/example_sensors.py took 0.219 seconds
[2023-03-02T14:28:15.141+0000] {processor.py:153} INFO - Started process (PID=438) to work on /home/airflow/.local/lib/python3.7/site-packages/airflow/example_dags/example_sensors.py
[2023-03-02T14:28:15.146+0000] {processor.py:743} INFO - Processing file /home/airflow/.local/lib/python3.7/site-packages/airflow/example_dags/example_sensors.py for tasks to queue
[2023-03-02T14:28:15.153+0000] {logging_mixin.py:137} INFO - [2023-03-02T14:28:15.152+0000] {dagbag.py:538} INFO - Filling up the DagBag from /home/airflow/.local/lib/python3.7/site-packages/airflow/example_dags/example_sensors.py
[2023-03-02T14:28:15.200+0000] {processor.py:753} INFO - DAG(s) dict_keys(['example_sensors']) retrieved from /home/airflow/.local/lib/python3.7/site-packages/airflow/example_dags/example_sensors.py
[2023-03-02T14:28:15.264+0000] {logging_mixin.py:137} INFO - [2023-03-02T14:28:15.264+0000] {dag.py:2690} INFO - Sync 1 DAGs
[2023-03-02T14:28:15.348+0000] {logging_mixin.py:137} INFO - [2023-03-02T14:28:15.348+0000] {dag.py:3441} INFO - Setting next_dagrun for example_sensors to None, run_after=None
[2023-03-02T14:28:15.396+0000] {processor.py:175} INFO - Processing /home/airflow/.local/lib/python3.7/site-packages/airflow/example_dags/example_sensors.py took 0.261 seconds
[2023-03-02T14:28:52.241+0000] {processor.py:153} INFO - Started process (PID=502) to work on /home/airflow/.local/lib/python3.7/site-packages/airflow/example_dags/example_sensors.py
[2023-03-02T14:28:52.243+0000] {processor.py:743} INFO - Processing file /home/airflow/.local/lib/python3.7/site-packages/airflow/example_dags/example_sensors.py for tasks to queue
[2023-03-02T14:28:52.245+0000] {logging_mixin.py:137} INFO - [2023-03-02T14:28:52.245+0000] {dagbag.py:538} INFO - Filling up the DagBag from /home/airflow/.local/lib/python3.7/site-packages/airflow/example_dags/example_sensors.py
[2023-03-02T14:28:52.270+0000] {processor.py:753} INFO - DAG(s) dict_keys(['example_sensors']) retrieved from /home/airflow/.local/lib/python3.7/site-packages/airflow/example_dags/example_sensors.py
[2023-03-02T14:28:52.299+0000] {logging_mixin.py:137} INFO - [2023-03-02T14:28:52.299+0000] {dag.py:2690} INFO - Sync 1 DAGs
[2023-03-02T14:28:52.330+0000] {logging_mixin.py:137} INFO - [2023-03-02T14:28:52.330+0000] {dag.py:3441} INFO - Setting next_dagrun for example_sensors to None, run_after=None
[2023-03-02T14:28:52.350+0000] {processor.py:175} INFO - Processing /home/airflow/.local/lib/python3.7/site-packages/airflow/example_dags/example_sensors.py took 0.112 seconds
[2023-03-02T15:58:25.819+0000] {processor.py:153} INFO - Started process (PID=565) to work on /home/airflow/.local/lib/python3.7/site-packages/airflow/example_dags/example_sensors.py
[2023-03-02T15:58:25.823+0000] {processor.py:743} INFO - Processing file /home/airflow/.local/lib/python3.7/site-packages/airflow/example_dags/example_sensors.py for tasks to queue
[2023-03-02T15:58:25.826+0000] {logging_mixin.py:137} INFO - [2023-03-02T15:58:25.826+0000] {dagbag.py:538} INFO - Filling up the DagBag from /home/airflow/.local/lib/python3.7/site-packages/airflow/example_dags/example_sensors.py
[2023-03-02T15:58:25.871+0000] {processor.py:753} INFO - DAG(s) dict_keys(['example_sensors']) retrieved from /home/airflow/.local/lib/python3.7/site-packages/airflow/example_dags/example_sensors.py
[2023-03-02T15:58:25.911+0000] {logging_mixin.py:137} INFO - [2023-03-02T15:58:25.911+0000] {dag.py:2690} INFO - Sync 1 DAGs
[2023-03-02T15:58:25.945+0000] {logging_mixin.py:137} INFO - [2023-03-02T15:58:25.945+0000] {dag.py:3441} INFO - Setting next_dagrun for example_sensors to None, run_after=None
[2023-03-02T15:58:25.979+0000] {processor.py:175} INFO - Processing /home/airflow/.local/lib/python3.7/site-packages/airflow/example_dags/example_sensors.py took 0.173 seconds
[2023-03-02T16:32:17.133+0000] {processor.py:153} INFO - Started process (PID=628) to work on /home/airflow/.local/lib/python3.7/site-packages/airflow/example_dags/example_sensors.py
[2023-03-02T16:32:17.137+0000] {processor.py:743} INFO - Processing file /home/airflow/.local/lib/python3.7/site-packages/airflow/example_dags/example_sensors.py for tasks to queue
[2023-03-02T16:32:17.141+0000] {logging_mixin.py:137} INFO - [2023-03-02T16:32:17.140+0000] {dagbag.py:538} INFO - Filling up the DagBag from /home/airflow/.local/lib/python3.7/site-packages/airflow/example_dags/example_sensors.py
[2023-03-02T16:32:17.229+0000] {processor.py:753} INFO - DAG(s) dict_keys(['example_sensors']) retrieved from /home/airflow/.local/lib/python3.7/site-packages/airflow/example_dags/example_sensors.py
[2023-03-02T16:32:17.361+0000] {logging_mixin.py:137} INFO - [2023-03-02T16:32:17.358+0000] {dag.py:2690} INFO - Sync 1 DAGs
[2023-03-02T16:32:17.433+0000] {logging_mixin.py:137} INFO - [2023-03-02T16:32:17.433+0000] {dag.py:3441} INFO - Setting next_dagrun for example_sensors to None, run_after=None
[2023-03-02T16:32:17.473+0000] {processor.py:175} INFO - Processing /home/airflow/.local/lib/python3.7/site-packages/airflow/example_dags/example_sensors.py took 0.345 seconds
[2023-03-02T16:38:35.653+0000] {processor.py:153} INFO - Started process (PID=689) to work on /home/airflow/.local/lib/python3.7/site-packages/airflow/example_dags/example_sensors.py
[2023-03-02T16:38:35.705+0000] {processor.py:743} INFO - Processing file /home/airflow/.local/lib/python3.7/site-packages/airflow/example_dags/example_sensors.py for tasks to queue
[2023-03-02T16:38:35.734+0000] {logging_mixin.py:137} INFO - [2023-03-02T16:38:35.726+0000] {dagbag.py:538} INFO - Filling up the DagBag from /home/airflow/.local/lib/python3.7/site-packages/airflow/example_dags/example_sensors.py
[2023-03-02T16:38:38.919+0000] {processor.py:753} INFO - DAG(s) dict_keys(['example_sensors']) retrieved from /home/airflow/.local/lib/python3.7/site-packages/airflow/example_dags/example_sensors.py
[2023-03-02T16:38:43.772+0000] {logging_mixin.py:137} INFO - [2023-03-02T16:38:43.719+0000] {dag.py:2690} INFO - Sync 1 DAGs
[2023-03-02T16:38:45.959+0000] {logging_mixin.py:137} INFO - [2023-03-02T16:38:45.958+0000] {dag.py:3441} INFO - Setting next_dagrun for example_sensors to None, run_after=None
[2023-03-02T16:38:47.208+0000] {processor.py:175} INFO - Processing /home/airflow/.local/lib/python3.7/site-packages/airflow/example_dags/example_sensors.py took 11.718 seconds
[2023-03-02T16:40:34.320+0000] {processor.py:153} INFO - Started process (PID=785) to work on /home/airflow/.local/lib/python3.7/site-packages/airflow/example_dags/example_sensors.py
[2023-03-02T16:40:34.321+0000] {processor.py:743} INFO - Processing file /home/airflow/.local/lib/python3.7/site-packages/airflow/example_dags/example_sensors.py for tasks to queue
[2023-03-02T16:40:34.322+0000] {logging_mixin.py:137} INFO - [2023-03-02T16:40:34.322+0000] {dagbag.py:538} INFO - Filling up the DagBag from /home/airflow/.local/lib/python3.7/site-packages/airflow/example_dags/example_sensors.py
[2023-03-02T16:40:34.344+0000] {processor.py:753} INFO - DAG(s) dict_keys(['example_sensors']) retrieved from /home/airflow/.local/lib/python3.7/site-packages/airflow/example_dags/example_sensors.py
[2023-03-02T16:40:34.385+0000] {logging_mixin.py:137} INFO - [2023-03-02T16:40:34.384+0000] {dag.py:2690} INFO - Sync 1 DAGs
[2023-03-02T16:40:34.421+0000] {logging_mixin.py:137} INFO - [2023-03-02T16:40:34.421+0000] {dag.py:3441} INFO - Setting next_dagrun for example_sensors to None, run_after=None
[2023-03-02T16:40:34.454+0000] {processor.py:175} INFO - Processing /home/airflow/.local/lib/python3.7/site-packages/airflow/example_dags/example_sensors.py took 0.138 seconds
[2023-03-02T16:41:19.478+0000] {processor.py:153} INFO - Started process (PID=859) to work on /home/airflow/.local/lib/python3.7/site-packages/airflow/example_dags/example_sensors.py
[2023-03-02T16:41:19.518+0000] {processor.py:743} INFO - Processing file /home/airflow/.local/lib/python3.7/site-packages/airflow/example_dags/example_sensors.py for tasks to queue
[2023-03-02T16:41:19.531+0000] {logging_mixin.py:137} INFO - [2023-03-02T16:41:19.531+0000] {dagbag.py:538} INFO - Filling up the DagBag from /home/airflow/.local/lib/python3.7/site-packages/airflow/example_dags/example_sensors.py
[2023-03-02T16:41:19.817+0000] {processor.py:753} INFO - DAG(s) dict_keys(['example_sensors']) retrieved from /home/airflow/.local/lib/python3.7/site-packages/airflow/example_dags/example_sensors.py
[2023-03-02T16:41:20.069+0000] {logging_mixin.py:137} INFO - [2023-03-02T16:41:20.052+0000] {dag.py:2690} INFO - Sync 1 DAGs
[2023-03-02T16:41:20.699+0000] {logging_mixin.py:137} INFO - [2023-03-02T16:41:20.682+0000] {dag.py:3441} INFO - Setting next_dagrun for example_sensors to None, run_after=None
[2023-03-02T16:41:20.916+0000] {processor.py:175} INFO - Processing /home/airflow/.local/lib/python3.7/site-packages/airflow/example_dags/example_sensors.py took 1.469 seconds
[2023-03-02T16:41:51.964+0000] {processor.py:153} INFO - Started process (PID=922) to work on /home/airflow/.local/lib/python3.7/site-packages/airflow/example_dags/example_sensors.py
[2023-03-02T16:41:51.979+0000] {processor.py:743} INFO - Processing file /home/airflow/.local/lib/python3.7/site-packages/airflow/example_dags/example_sensors.py for tasks to queue
[2023-03-02T16:41:51.981+0000] {logging_mixin.py:137} INFO - [2023-03-02T16:41:51.981+0000] {dagbag.py:538} INFO - Filling up the DagBag from /home/airflow/.local/lib/python3.7/site-packages/airflow/example_dags/example_sensors.py
[2023-03-02T16:41:52.113+0000] {processor.py:753} INFO - DAG(s) dict_keys(['example_sensors']) retrieved from /home/airflow/.local/lib/python3.7/site-packages/airflow/example_dags/example_sensors.py
[2023-03-02T16:41:52.360+0000] {logging_mixin.py:137} INFO - [2023-03-02T16:41:52.359+0000] {dag.py:2690} INFO - Sync 1 DAGs
[2023-03-02T16:41:52.479+0000] {logging_mixin.py:137} INFO - [2023-03-02T16:41:52.478+0000] {dag.py:3441} INFO - Setting next_dagrun for example_sensors to None, run_after=None
[2023-03-02T16:41:52.543+0000] {processor.py:175} INFO - Processing /home/airflow/.local/lib/python3.7/site-packages/airflow/example_dags/example_sensors.py took 0.624 seconds
[2023-03-02T16:42:23.586+0000] {processor.py:153} INFO - Started process (PID=985) to work on /home/airflow/.local/lib/python3.7/site-packages/airflow/example_dags/example_sensors.py
[2023-03-02T16:42:23.591+0000] {processor.py:743} INFO - Processing file /home/airflow/.local/lib/python3.7/site-packages/airflow/example_dags/example_sensors.py for tasks to queue
[2023-03-02T16:42:23.599+0000] {logging_mixin.py:137} INFO - [2023-03-02T16:42:23.598+0000] {dagbag.py:538} INFO - Filling up the DagBag from /home/airflow/.local/lib/python3.7/site-packages/airflow/example_dags/example_sensors.py
[2023-03-02T16:42:23.705+0000] {processor.py:753} INFO - DAG(s) dict_keys(['example_sensors']) retrieved from /home/airflow/.local/lib/python3.7/site-packages/airflow/example_dags/example_sensors.py
[2023-03-02T16:42:23.758+0000] {logging_mixin.py:137} INFO - [2023-03-02T16:42:23.758+0000] {dag.py:2690} INFO - Sync 1 DAGs
[2023-03-02T16:42:23.791+0000] {logging_mixin.py:137} INFO - [2023-03-02T16:42:23.790+0000] {dag.py:3441} INFO - Setting next_dagrun for example_sensors to None, run_after=None
[2023-03-02T16:42:23.856+0000] {processor.py:175} INFO - Processing /home/airflow/.local/lib/python3.7/site-packages/airflow/example_dags/example_sensors.py took 0.329 seconds
[2023-03-02T16:42:54.183+0000] {processor.py:153} INFO - Started process (PID=1048) to work on /home/airflow/.local/lib/python3.7/site-packages/airflow/example_dags/example_sensors.py
[2023-03-02T16:42:54.185+0000] {processor.py:743} INFO - Processing file /home/airflow/.local/lib/python3.7/site-packages/airflow/example_dags/example_sensors.py for tasks to queue
[2023-03-02T16:42:54.186+0000] {logging_mixin.py:137} INFO - [2023-03-02T16:42:54.186+0000] {dagbag.py:538} INFO - Filling up the DagBag from /home/airflow/.local/lib/python3.7/site-packages/airflow/example_dags/example_sensors.py
[2023-03-02T16:42:54.210+0000] {processor.py:753} INFO - DAG(s) dict_keys(['example_sensors']) retrieved from /home/airflow/.local/lib/python3.7/site-packages/airflow/example_dags/example_sensors.py
[2023-03-02T16:42:54.237+0000] {logging_mixin.py:137} INFO - [2023-03-02T16:42:54.237+0000] {dag.py:2690} INFO - Sync 1 DAGs
[2023-03-02T16:42:54.255+0000] {logging_mixin.py:137} INFO - [2023-03-02T16:42:54.255+0000] {dag.py:3441} INFO - Setting next_dagrun for example_sensors to None, run_after=None
[2023-03-02T16:42:54.270+0000] {processor.py:175} INFO - Processing /home/airflow/.local/lib/python3.7/site-packages/airflow/example_dags/example_sensors.py took 0.090 seconds
[2023-03-02T16:43:24.832+0000] {processor.py:153} INFO - Started process (PID=1111) to work on /home/airflow/.local/lib/python3.7/site-packages/airflow/example_dags/example_sensors.py
[2023-03-02T16:43:24.841+0000] {processor.py:743} INFO - Processing file /home/airflow/.local/lib/python3.7/site-packages/airflow/example_dags/example_sensors.py for tasks to queue
[2023-03-02T16:43:24.844+0000] {logging_mixin.py:137} INFO - [2023-03-02T16:43:24.844+0000] {dagbag.py:538} INFO - Filling up the DagBag from /home/airflow/.local/lib/python3.7/site-packages/airflow/example_dags/example_sensors.py
[2023-03-02T16:43:24.903+0000] {processor.py:753} INFO - DAG(s) dict_keys(['example_sensors']) retrieved from /home/airflow/.local/lib/python3.7/site-packages/airflow/example_dags/example_sensors.py
[2023-03-02T16:43:24.982+0000] {logging_mixin.py:137} INFO - [2023-03-02T16:43:24.982+0000] {dag.py:2690} INFO - Sync 1 DAGs
[2023-03-02T16:43:25.024+0000] {logging_mixin.py:137} INFO - [2023-03-02T16:43:25.024+0000] {dag.py:3441} INFO - Setting next_dagrun for example_sensors to None, run_after=None
[2023-03-02T16:43:25.047+0000] {processor.py:175} INFO - Processing /home/airflow/.local/lib/python3.7/site-packages/airflow/example_dags/example_sensors.py took 0.237 seconds
[2023-03-02T16:43:55.818+0000] {processor.py:153} INFO - Started process (PID=1185) to work on /home/airflow/.local/lib/python3.7/site-packages/airflow/example_dags/example_sensors.py
[2023-03-02T16:43:55.826+0000] {processor.py:743} INFO - Processing file /home/airflow/.local/lib/python3.7/site-packages/airflow/example_dags/example_sensors.py for tasks to queue
[2023-03-02T16:43:55.831+0000] {logging_mixin.py:137} INFO - [2023-03-02T16:43:55.831+0000] {dagbag.py:538} INFO - Filling up the DagBag from /home/airflow/.local/lib/python3.7/site-packages/airflow/example_dags/example_sensors.py
[2023-03-02T16:43:55.865+0000] {processor.py:753} INFO - DAG(s) dict_keys(['example_sensors']) retrieved from /home/airflow/.local/lib/python3.7/site-packages/airflow/example_dags/example_sensors.py
[2023-03-02T16:43:55.926+0000] {logging_mixin.py:137} INFO - [2023-03-02T16:43:55.926+0000] {dag.py:2690} INFO - Sync 1 DAGs
[2023-03-02T16:43:55.972+0000] {logging_mixin.py:137} INFO - [2023-03-02T16:43:55.971+0000] {dag.py:3441} INFO - Setting next_dagrun for example_sensors to None, run_after=None
[2023-03-02T16:43:56.000+0000] {processor.py:175} INFO - Processing /home/airflow/.local/lib/python3.7/site-packages/airflow/example_dags/example_sensors.py took 0.196 seconds
[2023-03-02T16:49:24.982+0000] {processor.py:153} INFO - Started process (PID=1253) to work on /home/airflow/.local/lib/python3.7/site-packages/airflow/example_dags/example_sensors.py
[2023-03-02T16:49:25.169+0000] {processor.py:743} INFO - Processing file /home/airflow/.local/lib/python3.7/site-packages/airflow/example_dags/example_sensors.py for tasks to queue
[2023-03-02T16:49:25.327+0000] {logging_mixin.py:137} INFO - [2023-03-02T16:49:25.294+0000] {dagbag.py:538} INFO - Filling up the DagBag from /home/airflow/.local/lib/python3.7/site-packages/airflow/example_dags/example_sensors.py
[2023-03-02T16:49:29.551+0000] {processor.py:753} INFO - DAG(s) dict_keys(['example_sensors']) retrieved from /home/airflow/.local/lib/python3.7/site-packages/airflow/example_dags/example_sensors.py
[2023-03-02T16:49:31.399+0000] {logging_mixin.py:137} INFO - [2023-03-02T16:49:31.348+0000] {dag.py:2690} INFO - Sync 1 DAGs
[2023-03-02T16:49:32.261+0000] {logging_mixin.py:137} INFO - [2023-03-02T16:49:32.238+0000] {dag.py:3441} INFO - Setting next_dagrun for example_sensors to None, run_after=None
[2023-03-02T16:49:34.380+0000] {processor.py:175} INFO - Processing /home/airflow/.local/lib/python3.7/site-packages/airflow/example_dags/example_sensors.py took 10.758 seconds
[2023-03-02T16:50:10.584+0000] {processor.py:153} INFO - Started process (PID=1329) to work on /home/airflow/.local/lib/python3.7/site-packages/airflow/example_dags/example_sensors.py
[2023-03-02T16:50:10.587+0000] {processor.py:743} INFO - Processing file /home/airflow/.local/lib/python3.7/site-packages/airflow/example_dags/example_sensors.py for tasks to queue
[2023-03-02T16:50:10.588+0000] {logging_mixin.py:137} INFO - [2023-03-02T16:50:10.588+0000] {dagbag.py:538} INFO - Filling up the DagBag from /home/airflow/.local/lib/python3.7/site-packages/airflow/example_dags/example_sensors.py
[2023-03-02T16:50:10.611+0000] {processor.py:753} INFO - DAG(s) dict_keys(['example_sensors']) retrieved from /home/airflow/.local/lib/python3.7/site-packages/airflow/example_dags/example_sensors.py
[2023-03-02T16:50:10.640+0000] {logging_mixin.py:137} INFO - [2023-03-02T16:50:10.640+0000] {dag.py:2690} INFO - Sync 1 DAGs
[2023-03-02T16:50:10.662+0000] {logging_mixin.py:137} INFO - [2023-03-02T16:50:10.662+0000] {dag.py:3441} INFO - Setting next_dagrun for example_sensors to None, run_after=None
[2023-03-02T16:50:10.681+0000] {processor.py:175} INFO - Processing /home/airflow/.local/lib/python3.7/site-packages/airflow/example_dags/example_sensors.py took 0.103 seconds
[2023-03-02T16:50:40.847+0000] {processor.py:153} INFO - Started process (PID=1393) to work on /home/airflow/.local/lib/python3.7/site-packages/airflow/example_dags/example_sensors.py
[2023-03-02T16:50:40.858+0000] {processor.py:743} INFO - Processing file /home/airflow/.local/lib/python3.7/site-packages/airflow/example_dags/example_sensors.py for tasks to queue
[2023-03-02T16:50:40.861+0000] {logging_mixin.py:137} INFO - [2023-03-02T16:50:40.861+0000] {dagbag.py:538} INFO - Filling up the DagBag from /home/airflow/.local/lib/python3.7/site-packages/airflow/example_dags/example_sensors.py
[2023-03-02T16:50:41.070+0000] {processor.py:753} INFO - DAG(s) dict_keys(['example_sensors']) retrieved from /home/airflow/.local/lib/python3.7/site-packages/airflow/example_dags/example_sensors.py
[2023-03-02T16:50:41.250+0000] {logging_mixin.py:137} INFO - [2023-03-02T16:50:41.249+0000] {dag.py:2690} INFO - Sync 1 DAGs
[2023-03-02T16:50:41.335+0000] {logging_mixin.py:137} INFO - [2023-03-02T16:50:41.334+0000] {dag.py:3441} INFO - Setting next_dagrun for example_sensors to None, run_after=None
[2023-03-02T16:50:41.405+0000] {processor.py:175} INFO - Processing /home/airflow/.local/lib/python3.7/site-packages/airflow/example_dags/example_sensors.py took 0.589 seconds
[2023-03-02T16:51:12.749+0000] {processor.py:153} INFO - Started process (PID=1453) to work on /home/airflow/.local/lib/python3.7/site-packages/airflow/example_dags/example_sensors.py
[2023-03-02T16:51:12.765+0000] {processor.py:743} INFO - Processing file /home/airflow/.local/lib/python3.7/site-packages/airflow/example_dags/example_sensors.py for tasks to queue
[2023-03-02T16:51:12.776+0000] {logging_mixin.py:137} INFO - [2023-03-02T16:51:12.776+0000] {dagbag.py:538} INFO - Filling up the DagBag from /home/airflow/.local/lib/python3.7/site-packages/airflow/example_dags/example_sensors.py
[2023-03-02T16:51:12.966+0000] {processor.py:753} INFO - DAG(s) dict_keys(['example_sensors']) retrieved from /home/airflow/.local/lib/python3.7/site-packages/airflow/example_dags/example_sensors.py
[2023-03-02T16:51:13.067+0000] {logging_mixin.py:137} INFO - [2023-03-02T16:51:13.067+0000] {dag.py:2690} INFO - Sync 1 DAGs
[2023-03-02T16:51:13.141+0000] {logging_mixin.py:137} INFO - [2023-03-02T16:51:13.141+0000] {dag.py:3441} INFO - Setting next_dagrun for example_sensors to None, run_after=None
[2023-03-02T16:51:13.217+0000] {processor.py:175} INFO - Processing /home/airflow/.local/lib/python3.7/site-packages/airflow/example_dags/example_sensors.py took 0.616 seconds
[2023-03-02T16:51:43.933+0000] {processor.py:153} INFO - Started process (PID=1519) to work on /home/airflow/.local/lib/python3.7/site-packages/airflow/example_dags/example_sensors.py
[2023-03-02T16:51:43.937+0000] {processor.py:743} INFO - Processing file /home/airflow/.local/lib/python3.7/site-packages/airflow/example_dags/example_sensors.py for tasks to queue
[2023-03-02T16:51:43.939+0000] {logging_mixin.py:137} INFO - [2023-03-02T16:51:43.939+0000] {dagbag.py:538} INFO - Filling up the DagBag from /home/airflow/.local/lib/python3.7/site-packages/airflow/example_dags/example_sensors.py
[2023-03-02T16:51:43.969+0000] {processor.py:753} INFO - DAG(s) dict_keys(['example_sensors']) retrieved from /home/airflow/.local/lib/python3.7/site-packages/airflow/example_dags/example_sensors.py
[2023-03-02T16:51:44.000+0000] {logging_mixin.py:137} INFO - [2023-03-02T16:51:44.000+0000] {dag.py:2690} INFO - Sync 1 DAGs
[2023-03-02T16:51:44.039+0000] {logging_mixin.py:137} INFO - [2023-03-02T16:51:44.039+0000] {dag.py:3441} INFO - Setting next_dagrun for example_sensors to None, run_after=None
[2023-03-02T16:51:44.057+0000] {processor.py:175} INFO - Processing /home/airflow/.local/lib/python3.7/site-packages/airflow/example_dags/example_sensors.py took 0.135 seconds
[2023-03-02T16:52:14.299+0000] {processor.py:153} INFO - Started process (PID=1583) to work on /home/airflow/.local/lib/python3.7/site-packages/airflow/example_dags/example_sensors.py
[2023-03-02T16:52:14.302+0000] {processor.py:743} INFO - Processing file /home/airflow/.local/lib/python3.7/site-packages/airflow/example_dags/example_sensors.py for tasks to queue
[2023-03-02T16:52:14.304+0000] {logging_mixin.py:137} INFO - [2023-03-02T16:52:14.304+0000] {dagbag.py:538} INFO - Filling up the DagBag from /home/airflow/.local/lib/python3.7/site-packages/airflow/example_dags/example_sensors.py
[2023-03-02T16:52:14.358+0000] {processor.py:753} INFO - DAG(s) dict_keys(['example_sensors']) retrieved from /home/airflow/.local/lib/python3.7/site-packages/airflow/example_dags/example_sensors.py
[2023-03-02T16:52:14.401+0000] {logging_mixin.py:137} INFO - [2023-03-02T16:52:14.401+0000] {dag.py:2690} INFO - Sync 1 DAGs
[2023-03-02T16:52:14.440+0000] {logging_mixin.py:137} INFO - [2023-03-02T16:52:14.439+0000] {dag.py:3441} INFO - Setting next_dagrun for example_sensors to None, run_after=None
[2023-03-02T16:52:14.463+0000] {processor.py:175} INFO - Processing /home/airflow/.local/lib/python3.7/site-packages/airflow/example_dags/example_sensors.py took 0.179 seconds
[2023-03-02T16:52:45.149+0000] {processor.py:153} INFO - Started process (PID=1646) to work on /home/airflow/.local/lib/python3.7/site-packages/airflow/example_dags/example_sensors.py
[2023-03-02T16:52:45.152+0000] {processor.py:743} INFO - Processing file /home/airflow/.local/lib/python3.7/site-packages/airflow/example_dags/example_sensors.py for tasks to queue
[2023-03-02T16:52:45.154+0000] {logging_mixin.py:137} INFO - [2023-03-02T16:52:45.154+0000] {dagbag.py:538} INFO - Filling up the DagBag from /home/airflow/.local/lib/python3.7/site-packages/airflow/example_dags/example_sensors.py
[2023-03-02T16:52:45.197+0000] {processor.py:753} INFO - DAG(s) dict_keys(['example_sensors']) retrieved from /home/airflow/.local/lib/python3.7/site-packages/airflow/example_dags/example_sensors.py
[2023-03-02T16:52:45.279+0000] {logging_mixin.py:137} INFO - [2023-03-02T16:52:45.279+0000] {dag.py:2690} INFO - Sync 1 DAGs
[2023-03-02T16:52:45.328+0000] {logging_mixin.py:137} INFO - [2023-03-02T16:52:45.327+0000] {dag.py:3441} INFO - Setting next_dagrun for example_sensors to None, run_after=None
[2023-03-02T16:52:45.380+0000] {processor.py:175} INFO - Processing /home/airflow/.local/lib/python3.7/site-packages/airflow/example_dags/example_sensors.py took 0.240 seconds
[2023-03-02T16:53:15.921+0000] {processor.py:153} INFO - Started process (PID=1722) to work on /home/airflow/.local/lib/python3.7/site-packages/airflow/example_dags/example_sensors.py
[2023-03-02T16:53:15.924+0000] {processor.py:743} INFO - Processing file /home/airflow/.local/lib/python3.7/site-packages/airflow/example_dags/example_sensors.py for tasks to queue
[2023-03-02T16:53:15.927+0000] {logging_mixin.py:137} INFO - [2023-03-02T16:53:15.926+0000] {dagbag.py:538} INFO - Filling up the DagBag from /home/airflow/.local/lib/python3.7/site-packages/airflow/example_dags/example_sensors.py
[2023-03-02T16:53:15.984+0000] {processor.py:753} INFO - DAG(s) dict_keys(['example_sensors']) retrieved from /home/airflow/.local/lib/python3.7/site-packages/airflow/example_dags/example_sensors.py
[2023-03-02T16:53:16.022+0000] {logging_mixin.py:137} INFO - [2023-03-02T16:53:16.022+0000] {dag.py:2690} INFO - Sync 1 DAGs
[2023-03-02T16:53:16.060+0000] {logging_mixin.py:137} INFO - [2023-03-02T16:53:16.059+0000] {dag.py:3441} INFO - Setting next_dagrun for example_sensors to None, run_after=None
[2023-03-02T16:53:16.084+0000] {processor.py:175} INFO - Processing /home/airflow/.local/lib/python3.7/site-packages/airflow/example_dags/example_sensors.py took 0.173 seconds
[2023-03-02T16:53:47.070+0000] {processor.py:153} INFO - Started process (PID=1797) to work on /home/airflow/.local/lib/python3.7/site-packages/airflow/example_dags/example_sensors.py
[2023-03-02T16:53:47.073+0000] {processor.py:743} INFO - Processing file /home/airflow/.local/lib/python3.7/site-packages/airflow/example_dags/example_sensors.py for tasks to queue
[2023-03-02T16:53:47.074+0000] {logging_mixin.py:137} INFO - [2023-03-02T16:53:47.073+0000] {dagbag.py:538} INFO - Filling up the DagBag from /home/airflow/.local/lib/python3.7/site-packages/airflow/example_dags/example_sensors.py
[2023-03-02T16:53:47.106+0000] {processor.py:753} INFO - DAG(s) dict_keys(['example_sensors']) retrieved from /home/airflow/.local/lib/python3.7/site-packages/airflow/example_dags/example_sensors.py
[2023-03-02T16:53:47.137+0000] {logging_mixin.py:137} INFO - [2023-03-02T16:53:47.137+0000] {dag.py:2690} INFO - Sync 1 DAGs
[2023-03-02T16:53:47.159+0000] {logging_mixin.py:137} INFO - [2023-03-02T16:53:47.159+0000] {dag.py:3441} INFO - Setting next_dagrun for example_sensors to None, run_after=None
[2023-03-02T16:53:47.175+0000] {processor.py:175} INFO - Processing /home/airflow/.local/lib/python3.7/site-packages/airflow/example_dags/example_sensors.py took 0.112 seconds
[2023-03-02T16:54:17.708+0000] {processor.py:153} INFO - Started process (PID=1861) to work on /home/airflow/.local/lib/python3.7/site-packages/airflow/example_dags/example_sensors.py
[2023-03-02T16:54:17.711+0000] {processor.py:743} INFO - Processing file /home/airflow/.local/lib/python3.7/site-packages/airflow/example_dags/example_sensors.py for tasks to queue
[2023-03-02T16:54:17.713+0000] {logging_mixin.py:137} INFO - [2023-03-02T16:54:17.712+0000] {dagbag.py:538} INFO - Filling up the DagBag from /home/airflow/.local/lib/python3.7/site-packages/airflow/example_dags/example_sensors.py
[2023-03-02T16:54:17.775+0000] {processor.py:753} INFO - DAG(s) dict_keys(['example_sensors']) retrieved from /home/airflow/.local/lib/python3.7/site-packages/airflow/example_dags/example_sensors.py
[2023-03-02T16:54:17.837+0000] {logging_mixin.py:137} INFO - [2023-03-02T16:54:17.837+0000] {dag.py:2690} INFO - Sync 1 DAGs
[2023-03-02T16:54:17.873+0000] {logging_mixin.py:137} INFO - [2023-03-02T16:54:17.873+0000] {dag.py:3441} INFO - Setting next_dagrun for example_sensors to None, run_after=None
[2023-03-02T16:54:17.892+0000] {processor.py:175} INFO - Processing /home/airflow/.local/lib/python3.7/site-packages/airflow/example_dags/example_sensors.py took 0.194 seconds
[2023-03-02T17:10:58.897+0000] {processor.py:153} INFO - Started process (PID=1928) to work on /home/airflow/.local/lib/python3.7/site-packages/airflow/example_dags/example_sensors.py
[2023-03-02T17:24:52.800+0000] {processor.py:743} INFO - Processing file /home/airflow/.local/lib/python3.7/site-packages/airflow/example_dags/example_sensors.py for tasks to queue
[2023-03-02T17:24:52.809+0000] {logging_mixin.py:137} INFO - [2023-03-02T17:24:52.808+0000] {dagbag.py:538} INFO - Filling up the DagBag from /home/airflow/.local/lib/python3.7/site-packages/airflow/example_dags/example_sensors.py
[2023-03-02T17:24:53.775+0000] {processor.py:753} INFO - DAG(s) dict_keys(['example_sensors']) retrieved from /home/airflow/.local/lib/python3.7/site-packages/airflow/example_dags/example_sensors.py
[2023-03-02T17:24:56.412+0000] {logging_mixin.py:137} INFO - [2023-03-02T17:24:56.357+0000] {dag.py:2690} INFO - Sync 1 DAGs
[2023-03-02T17:25:25.821+0000] {processor.py:153} INFO - Started process (PID=1991) to work on /home/airflow/.local/lib/python3.7/site-packages/airflow/example_dags/example_sensors.py
[2023-03-02T17:25:25.832+0000] {processor.py:743} INFO - Processing file /home/airflow/.local/lib/python3.7/site-packages/airflow/example_dags/example_sensors.py for tasks to queue
[2023-03-02T17:25:25.853+0000] {logging_mixin.py:137} INFO - [2023-03-02T17:25:25.853+0000] {dagbag.py:538} INFO - Filling up the DagBag from /home/airflow/.local/lib/python3.7/site-packages/airflow/example_dags/example_sensors.py
[2023-03-02T17:25:25.997+0000] {processor.py:753} INFO - DAG(s) dict_keys(['example_sensors']) retrieved from /home/airflow/.local/lib/python3.7/site-packages/airflow/example_dags/example_sensors.py
[2023-03-02T17:25:26.230+0000] {logging_mixin.py:137} INFO - [2023-03-02T17:25:26.228+0000] {dag.py:2690} INFO - Sync 1 DAGs
[2023-03-02T17:25:26.367+0000] {logging_mixin.py:137} INFO - [2023-03-02T17:25:26.367+0000] {dag.py:3441} INFO - Setting next_dagrun for example_sensors to None, run_after=None
[2023-03-02T17:25:26.461+0000] {processor.py:175} INFO - Processing /home/airflow/.local/lib/python3.7/site-packages/airflow/example_dags/example_sensors.py took 0.698 seconds
[2023-03-02T17:25:56.927+0000] {processor.py:153} INFO - Started process (PID=2054) to work on /home/airflow/.local/lib/python3.7/site-packages/airflow/example_dags/example_sensors.py
[2023-03-02T17:25:56.931+0000] {processor.py:743} INFO - Processing file /home/airflow/.local/lib/python3.7/site-packages/airflow/example_dags/example_sensors.py for tasks to queue
[2023-03-02T17:25:56.936+0000] {logging_mixin.py:137} INFO - [2023-03-02T17:25:56.935+0000] {dagbag.py:538} INFO - Filling up the DagBag from /home/airflow/.local/lib/python3.7/site-packages/airflow/example_dags/example_sensors.py
[2023-03-02T17:25:56.998+0000] {processor.py:753} INFO - DAG(s) dict_keys(['example_sensors']) retrieved from /home/airflow/.local/lib/python3.7/site-packages/airflow/example_dags/example_sensors.py
[2023-03-02T17:25:57.097+0000] {logging_mixin.py:137} INFO - [2023-03-02T17:25:57.097+0000] {dag.py:2690} INFO - Sync 1 DAGs
[2023-03-02T17:25:57.170+0000] {logging_mixin.py:137} INFO - [2023-03-02T17:25:57.170+0000] {dag.py:3441} INFO - Setting next_dagrun for example_sensors to None, run_after=None
[2023-03-02T17:25:57.193+0000] {processor.py:175} INFO - Processing /home/airflow/.local/lib/python3.7/site-packages/airflow/example_dags/example_sensors.py took 0.273 seconds
[2023-03-02T17:26:27.425+0000] {processor.py:153} INFO - Started process (PID=2121) to work on /home/airflow/.local/lib/python3.7/site-packages/airflow/example_dags/example_sensors.py
[2023-03-02T17:26:27.455+0000] {processor.py:743} INFO - Processing file /home/airflow/.local/lib/python3.7/site-packages/airflow/example_dags/example_sensors.py for tasks to queue
[2023-03-02T17:26:27.468+0000] {logging_mixin.py:137} INFO - [2023-03-02T17:26:27.468+0000] {dagbag.py:538} INFO - Filling up the DagBag from /home/airflow/.local/lib/python3.7/site-packages/airflow/example_dags/example_sensors.py
[2023-03-02T17:26:27.605+0000] {processor.py:753} INFO - DAG(s) dict_keys(['example_sensors']) retrieved from /home/airflow/.local/lib/python3.7/site-packages/airflow/example_dags/example_sensors.py
[2023-03-02T17:26:27.679+0000] {logging_mixin.py:137} INFO - [2023-03-02T17:26:27.678+0000] {dag.py:2690} INFO - Sync 1 DAGs
[2023-03-02T17:26:27.707+0000] {logging_mixin.py:137} INFO - [2023-03-02T17:26:27.707+0000] {dag.py:3441} INFO - Setting next_dagrun for example_sensors to None, run_after=None
[2023-03-02T17:26:27.746+0000] {processor.py:175} INFO - Processing /home/airflow/.local/lib/python3.7/site-packages/airflow/example_dags/example_sensors.py took 0.362 seconds
[2023-03-02T17:27:00.658+0000] {processor.py:153} INFO - Started process (PID=2184) to work on /home/airflow/.local/lib/python3.7/site-packages/airflow/example_dags/example_sensors.py
[2023-03-02T17:27:00.698+0000] {processor.py:743} INFO - Processing file /home/airflow/.local/lib/python3.7/site-packages/airflow/example_dags/example_sensors.py for tasks to queue
[2023-03-02T17:27:00.704+0000] {logging_mixin.py:137} INFO - [2023-03-02T17:27:00.703+0000] {dagbag.py:538} INFO - Filling up the DagBag from /home/airflow/.local/lib/python3.7/site-packages/airflow/example_dags/example_sensors.py
[2023-03-02T17:27:01.171+0000] {processor.py:753} INFO - DAG(s) dict_keys(['example_sensors']) retrieved from /home/airflow/.local/lib/python3.7/site-packages/airflow/example_dags/example_sensors.py
[2023-03-02T17:27:01.402+0000] {logging_mixin.py:137} INFO - [2023-03-02T17:27:01.399+0000] {dag.py:2690} INFO - Sync 1 DAGs
[2023-03-02T17:27:01.605+0000] {logging_mixin.py:137} INFO - [2023-03-02T17:27:01.604+0000] {dag.py:3441} INFO - Setting next_dagrun for example_sensors to None, run_after=None
[2023-03-02T17:27:01.810+0000] {processor.py:175} INFO - Processing /home/airflow/.local/lib/python3.7/site-packages/airflow/example_dags/example_sensors.py took 1.246 seconds
[2023-03-02T18:31:44.306+0000] {processor.py:153} INFO - Started process (PID=2239) to work on /home/airflow/.local/lib/python3.7/site-packages/airflow/example_dags/example_sensors.py
[2023-03-02T18:31:44.311+0000] {processor.py:743} INFO - Processing file /home/airflow/.local/lib/python3.7/site-packages/airflow/example_dags/example_sensors.py for tasks to queue
[2023-03-02T18:31:44.314+0000] {logging_mixin.py:137} INFO - [2023-03-02T18:31:44.313+0000] {dagbag.py:538} INFO - Filling up the DagBag from /home/airflow/.local/lib/python3.7/site-packages/airflow/example_dags/example_sensors.py
[2023-03-02T18:31:44.344+0000] {processor.py:753} INFO - DAG(s) dict_keys(['example_sensors']) retrieved from /home/airflow/.local/lib/python3.7/site-packages/airflow/example_dags/example_sensors.py
[2023-03-02T18:31:44.418+0000] {logging_mixin.py:137} INFO - [2023-03-02T18:31:44.418+0000] {dag.py:2690} INFO - Sync 1 DAGs
[2023-03-02T18:31:44.459+0000] {logging_mixin.py:137} INFO - [2023-03-02T18:31:44.458+0000] {dag.py:3441} INFO - Setting next_dagrun for example_sensors to None, run_after=None
[2023-03-02T18:31:44.488+0000] {processor.py:175} INFO - Processing /home/airflow/.local/lib/python3.7/site-packages/airflow/example_dags/example_sensors.py took 0.192 seconds
[2023-03-02T18:49:37.172+0000] {processor.py:153} INFO - Started process (PID=2297) to work on /home/airflow/.local/lib/python3.7/site-packages/airflow/example_dags/example_sensors.py
[2023-03-02T18:49:37.183+0000] {processor.py:743} INFO - Processing file /home/airflow/.local/lib/python3.7/site-packages/airflow/example_dags/example_sensors.py for tasks to queue
[2023-03-02T18:49:37.186+0000] {logging_mixin.py:137} INFO - [2023-03-02T18:49:37.186+0000] {dagbag.py:538} INFO - Filling up the DagBag from /home/airflow/.local/lib/python3.7/site-packages/airflow/example_dags/example_sensors.py
[2023-03-02T18:49:37.224+0000] {processor.py:753} INFO - DAG(s) dict_keys(['example_sensors']) retrieved from /home/airflow/.local/lib/python3.7/site-packages/airflow/example_dags/example_sensors.py
[2023-03-02T18:49:37.372+0000] {logging_mixin.py:137} INFO - [2023-03-02T18:49:37.371+0000] {dag.py:2690} INFO - Sync 1 DAGs
[2023-03-02T18:49:37.431+0000] {logging_mixin.py:137} INFO - [2023-03-02T18:49:37.431+0000] {dag.py:3441} INFO - Setting next_dagrun for example_sensors to None, run_after=None
[2023-03-02T18:49:37.512+0000] {processor.py:175} INFO - Processing /home/airflow/.local/lib/python3.7/site-packages/airflow/example_dags/example_sensors.py took 0.349 seconds
[2023-03-02T20:01:45.613+0000] {processor.py:153} INFO - Started process (PID=2358) to work on /home/airflow/.local/lib/python3.7/site-packages/airflow/example_dags/example_sensors.py
[2023-03-02T20:01:45.621+0000] {processor.py:743} INFO - Processing file /home/airflow/.local/lib/python3.7/site-packages/airflow/example_dags/example_sensors.py for tasks to queue
[2023-03-02T20:01:45.632+0000] {logging_mixin.py:137} INFO - [2023-03-02T20:01:45.631+0000] {dagbag.py:538} INFO - Filling up the DagBag from /home/airflow/.local/lib/python3.7/site-packages/airflow/example_dags/example_sensors.py
[2023-03-02T20:01:45.831+0000] {processor.py:753} INFO - DAG(s) dict_keys(['example_sensors']) retrieved from /home/airflow/.local/lib/python3.7/site-packages/airflow/example_dags/example_sensors.py
[2023-03-02T20:01:46.286+0000] {logging_mixin.py:137} INFO - [2023-03-02T20:01:46.285+0000] {dag.py:2690} INFO - Sync 1 DAGs
[2023-03-02T20:01:46.791+0000] {logging_mixin.py:137} INFO - [2023-03-02T20:01:46.791+0000] {dag.py:3441} INFO - Setting next_dagrun for example_sensors to None, run_after=None
[2023-03-02T20:01:47.063+0000] {processor.py:175} INFO - Processing /home/airflow/.local/lib/python3.7/site-packages/airflow/example_dags/example_sensors.py took 1.473 seconds
[2023-03-02T22:37:38.620+0000] {processor.py:153} INFO - Started process (PID=2460) to work on /home/airflow/.local/lib/python3.7/site-packages/airflow/example_dags/example_sensors.py
[2023-03-02T22:37:38.713+0000] {processor.py:743} INFO - Processing file /home/airflow/.local/lib/python3.7/site-packages/airflow/example_dags/example_sensors.py for tasks to queue
[2023-03-02T22:37:38.763+0000] {logging_mixin.py:137} INFO - [2023-03-02T22:37:38.756+0000] {dagbag.py:538} INFO - Filling up the DagBag from /home/airflow/.local/lib/python3.7/site-packages/airflow/example_dags/example_sensors.py
[2023-03-02T22:37:39.887+0000] {processor.py:753} INFO - DAG(s) dict_keys(['example_sensors']) retrieved from /home/airflow/.local/lib/python3.7/site-packages/airflow/example_dags/example_sensors.py
[2023-03-02T22:37:43.875+0000] {logging_mixin.py:137} INFO - [2023-03-02T22:37:43.781+0000] {dag.py:2690} INFO - Sync 1 DAGs
[2023-03-02T22:37:45.837+0000] {logging_mixin.py:137} INFO - [2023-03-02T22:37:45.736+0000] {dag.py:3441} INFO - Setting next_dagrun for example_sensors to None, run_after=None
[2023-03-03T00:01:01.269+0000] {processor.py:175} INFO - Processing /home/airflow/.local/lib/python3.7/site-packages/airflow/example_dags/example_sensors.py took 18.075 seconds
