[2023-03-02T13:04:48.138+0000] {processor.py:153} INFO - Started process (PID=68) to work on /home/airflow/.local/lib/python3.7/site-packages/airflow/example_dags/example_branch_python_dop_operator_3.py
[2023-03-02T13:04:48.149+0000] {processor.py:743} INFO - Processing file /home/airflow/.local/lib/python3.7/site-packages/airflow/example_dags/example_branch_python_dop_operator_3.py for tasks to queue
[2023-03-02T13:04:48.153+0000] {logging_mixin.py:137} INFO - [2023-03-02T13:04:48.153+0000] {dagbag.py:538} INFO - Filling up the DagBag from /home/airflow/.local/lib/python3.7/site-packages/airflow/example_dags/example_branch_python_dop_operator_3.py
[2023-03-02T13:04:48.239+0000] {processor.py:753} INFO - DAG(s) dict_keys(['example_branch_dop_operator_v3']) retrieved from /home/airflow/.local/lib/python3.7/site-packages/airflow/example_dags/example_branch_python_dop_operator_3.py
[2023-03-02T13:04:48.498+0000] {logging_mixin.py:137} INFO - [2023-03-02T13:04:48.498+0000] {manager.py:504} INFO - Created Permission View: can delete on DAG:example_branch_dop_operator_v3
[2023-03-02T13:04:48.515+0000] {logging_mixin.py:137} INFO - [2023-03-02T13:04:48.514+0000] {manager.py:504} INFO - Created Permission View: can read on DAG:example_branch_dop_operator_v3
[2023-03-02T13:04:48.535+0000] {logging_mixin.py:137} INFO - [2023-03-02T13:04:48.535+0000] {manager.py:504} INFO - Created Permission View: can edit on DAG:example_branch_dop_operator_v3
[2023-03-02T13:04:48.536+0000] {logging_mixin.py:137} INFO - [2023-03-02T13:04:48.536+0000] {dag.py:2690} INFO - Sync 1 DAGs
[2023-03-02T13:04:48.563+0000] {logging_mixin.py:137} INFO - [2023-03-02T13:04:48.563+0000] {dag.py:2711} INFO - Creating ORM DAG for example_branch_dop_operator_v3
[2023-03-02T13:04:48.593+0000] {logging_mixin.py:137} INFO - [2023-03-02T13:04:48.593+0000] {dag.py:3441} INFO - Setting next_dagrun for example_branch_dop_operator_v3 to 2023-03-02T13:03:00+00:00, run_after=2023-03-02T13:04:00+00:00
[2023-03-02T13:04:48.635+0000] {processor.py:175} INFO - Processing /home/airflow/.local/lib/python3.7/site-packages/airflow/example_dags/example_branch_python_dop_operator_3.py took 0.502 seconds
[2023-03-02T13:05:19.272+0000] {processor.py:153} INFO - Started process (PID=132) to work on /home/airflow/.local/lib/python3.7/site-packages/airflow/example_dags/example_branch_python_dop_operator_3.py
[2023-03-02T13:05:19.274+0000] {processor.py:743} INFO - Processing file /home/airflow/.local/lib/python3.7/site-packages/airflow/example_dags/example_branch_python_dop_operator_3.py for tasks to queue
[2023-03-02T13:05:19.275+0000] {logging_mixin.py:137} INFO - [2023-03-02T13:05:19.275+0000] {dagbag.py:538} INFO - Filling up the DagBag from /home/airflow/.local/lib/python3.7/site-packages/airflow/example_dags/example_branch_python_dop_operator_3.py
[2023-03-02T13:05:19.312+0000] {processor.py:753} INFO - DAG(s) dict_keys(['example_branch_dop_operator_v3']) retrieved from /home/airflow/.local/lib/python3.7/site-packages/airflow/example_dags/example_branch_python_dop_operator_3.py
[2023-03-02T13:05:19.355+0000] {logging_mixin.py:137} INFO - [2023-03-02T13:05:19.355+0000] {dag.py:2690} INFO - Sync 1 DAGs
[2023-03-02T13:05:19.407+0000] {logging_mixin.py:137} INFO - [2023-03-02T13:05:19.407+0000] {dag.py:3441} INFO - Setting next_dagrun for example_branch_dop_operator_v3 to 2023-03-02T13:04:00+00:00, run_after=2023-03-02T13:05:00+00:00
[2023-03-02T13:05:19.445+0000] {processor.py:175} INFO - Processing /home/airflow/.local/lib/python3.7/site-packages/airflow/example_dags/example_branch_python_dop_operator_3.py took 0.177 seconds
[2023-03-02T13:05:49.531+0000] {processor.py:153} INFO - Started process (PID=208) to work on /home/airflow/.local/lib/python3.7/site-packages/airflow/example_dags/example_branch_python_dop_operator_3.py
[2023-03-02T13:05:49.533+0000] {processor.py:743} INFO - Processing file /home/airflow/.local/lib/python3.7/site-packages/airflow/example_dags/example_branch_python_dop_operator_3.py for tasks to queue
[2023-03-02T13:05:49.533+0000] {logging_mixin.py:137} INFO - [2023-03-02T13:05:49.533+0000] {dagbag.py:538} INFO - Filling up the DagBag from /home/airflow/.local/lib/python3.7/site-packages/airflow/example_dags/example_branch_python_dop_operator_3.py
[2023-03-02T13:05:49.566+0000] {processor.py:753} INFO - DAG(s) dict_keys(['example_branch_dop_operator_v3']) retrieved from /home/airflow/.local/lib/python3.7/site-packages/airflow/example_dags/example_branch_python_dop_operator_3.py
[2023-03-02T13:05:49.606+0000] {logging_mixin.py:137} INFO - [2023-03-02T13:05:49.605+0000] {dag.py:2690} INFO - Sync 1 DAGs
[2023-03-02T13:05:49.631+0000] {logging_mixin.py:137} INFO - [2023-03-02T13:05:49.631+0000] {dag.py:3441} INFO - Setting next_dagrun for example_branch_dop_operator_v3 to 2023-03-02T13:04:00+00:00, run_after=2023-03-02T13:05:00+00:00
[2023-03-02T13:05:49.647+0000] {processor.py:175} INFO - Processing /home/airflow/.local/lib/python3.7/site-packages/airflow/example_dags/example_branch_python_dop_operator_3.py took 0.120 seconds
[2023-03-02T13:06:31.757+0000] {processor.py:153} INFO - Started process (PID=284) to work on /home/airflow/.local/lib/python3.7/site-packages/airflow/example_dags/example_branch_python_dop_operator_3.py
[2023-03-02T13:06:31.813+0000] {processor.py:743} INFO - Processing file /home/airflow/.local/lib/python3.7/site-packages/airflow/example_dags/example_branch_python_dop_operator_3.py for tasks to queue
[2023-03-02T13:06:31.815+0000] {logging_mixin.py:137} INFO - [2023-03-02T13:06:31.815+0000] {dagbag.py:538} INFO - Filling up the DagBag from /home/airflow/.local/lib/python3.7/site-packages/airflow/example_dags/example_branch_python_dop_operator_3.py
[2023-03-02T13:06:33.705+0000] {processor.py:753} INFO - DAG(s) dict_keys(['example_branch_dop_operator_v3']) retrieved from /home/airflow/.local/lib/python3.7/site-packages/airflow/example_dags/example_branch_python_dop_operator_3.py
[2023-03-02T13:06:34.629+0000] {logging_mixin.py:137} INFO - [2023-03-02T13:06:34.613+0000] {dag.py:2690} INFO - Sync 1 DAGs
[2023-03-02T13:06:35.076+0000] {logging_mixin.py:137} INFO - [2023-03-02T13:06:35.053+0000] {dag.py:3441} INFO - Setting next_dagrun for example_branch_dop_operator_v3 to 2023-03-02T13:05:00+00:00, run_after=2023-03-02T13:06:00+00:00
[2023-03-02T13:06:35.282+0000] {processor.py:175} INFO - Processing /home/airflow/.local/lib/python3.7/site-packages/airflow/example_dags/example_branch_python_dop_operator_3.py took 3.598 seconds
[2023-03-02T14:26:30.226+0000] {processor.py:153} INFO - Started process (PID=354) to work on /home/airflow/.local/lib/python3.7/site-packages/airflow/example_dags/example_branch_python_dop_operator_3.py
[2023-03-02T14:26:30.229+0000] {processor.py:743} INFO - Processing file /home/airflow/.local/lib/python3.7/site-packages/airflow/example_dags/example_branch_python_dop_operator_3.py for tasks to queue
[2023-03-02T14:26:30.232+0000] {logging_mixin.py:137} INFO - [2023-03-02T14:26:30.231+0000] {dagbag.py:538} INFO - Filling up the DagBag from /home/airflow/.local/lib/python3.7/site-packages/airflow/example_dags/example_branch_python_dop_operator_3.py
[2023-03-02T14:26:30.306+0000] {processor.py:753} INFO - DAG(s) dict_keys(['example_branch_dop_operator_v3']) retrieved from /home/airflow/.local/lib/python3.7/site-packages/airflow/example_dags/example_branch_python_dop_operator_3.py
[2023-03-02T14:26:30.355+0000] {logging_mixin.py:137} INFO - [2023-03-02T14:26:30.355+0000] {dag.py:2690} INFO - Sync 1 DAGs
[2023-03-02T14:26:30.398+0000] {logging_mixin.py:137} INFO - [2023-03-02T14:26:30.398+0000] {dag.py:3441} INFO - Setting next_dagrun for example_branch_dop_operator_v3 to 2023-03-02T14:25:00+00:00, run_after=2023-03-02T14:26:00+00:00
[2023-03-02T14:26:30.426+0000] {processor.py:175} INFO - Processing /home/airflow/.local/lib/python3.7/site-packages/airflow/example_dags/example_branch_python_dop_operator_3.py took 0.207 seconds
[2023-03-02T14:27:03.593+0000] {processor.py:153} INFO - Started process (PID=416) to work on /home/airflow/.local/lib/python3.7/site-packages/airflow/example_dags/example_branch_python_dop_operator_3.py
[2023-03-02T14:27:03.595+0000] {processor.py:743} INFO - Processing file /home/airflow/.local/lib/python3.7/site-packages/airflow/example_dags/example_branch_python_dop_operator_3.py for tasks to queue
[2023-03-02T14:27:03.597+0000] {logging_mixin.py:137} INFO - [2023-03-02T14:27:03.597+0000] {dagbag.py:538} INFO - Filling up the DagBag from /home/airflow/.local/lib/python3.7/site-packages/airflow/example_dags/example_branch_python_dop_operator_3.py
[2023-03-02T14:27:03.622+0000] {processor.py:753} INFO - DAG(s) dict_keys(['example_branch_dop_operator_v3']) retrieved from /home/airflow/.local/lib/python3.7/site-packages/airflow/example_dags/example_branch_python_dop_operator_3.py
[2023-03-02T14:27:03.659+0000] {logging_mixin.py:137} INFO - [2023-03-02T14:27:03.659+0000] {dag.py:2690} INFO - Sync 1 DAGs
[2023-03-02T14:27:03.696+0000] {logging_mixin.py:137} INFO - [2023-03-02T14:27:03.696+0000] {dag.py:3441} INFO - Setting next_dagrun for example_branch_dop_operator_v3 to 2023-03-02T14:26:00+00:00, run_after=2023-03-02T14:27:00+00:00
[2023-03-02T14:27:03.720+0000] {processor.py:175} INFO - Processing /home/airflow/.local/lib/python3.7/site-packages/airflow/example_dags/example_branch_python_dop_operator_3.py took 0.132 seconds
[2023-03-02T14:28:20.700+0000] {processor.py:153} INFO - Started process (PID=462) to work on /home/airflow/.local/lib/python3.7/site-packages/airflow/example_dags/example_branch_python_dop_operator_3.py
[2023-03-02T14:28:20.705+0000] {processor.py:743} INFO - Processing file /home/airflow/.local/lib/python3.7/site-packages/airflow/example_dags/example_branch_python_dop_operator_3.py for tasks to queue
[2023-03-02T14:28:20.710+0000] {logging_mixin.py:137} INFO - [2023-03-02T14:28:20.710+0000] {dagbag.py:538} INFO - Filling up the DagBag from /home/airflow/.local/lib/python3.7/site-packages/airflow/example_dags/example_branch_python_dop_operator_3.py
[2023-03-02T14:28:20.763+0000] {processor.py:753} INFO - DAG(s) dict_keys(['example_branch_dop_operator_v3']) retrieved from /home/airflow/.local/lib/python3.7/site-packages/airflow/example_dags/example_branch_python_dop_operator_3.py
[2023-03-02T14:28:20.853+0000] {logging_mixin.py:137} INFO - [2023-03-02T14:28:20.853+0000] {dag.py:2690} INFO - Sync 1 DAGs
[2023-03-02T14:28:20.946+0000] {logging_mixin.py:137} INFO - [2023-03-02T14:28:20.946+0000] {dag.py:3441} INFO - Setting next_dagrun for example_branch_dop_operator_v3 to 2023-03-02T14:27:00+00:00, run_after=2023-03-02T14:28:00+00:00
[2023-03-02T14:28:21.022+0000] {processor.py:175} INFO - Processing /home/airflow/.local/lib/python3.7/site-packages/airflow/example_dags/example_branch_python_dop_operator_3.py took 0.328 seconds
[2023-03-02T14:28:53.133+0000] {processor.py:153} INFO - Started process (PID=514) to work on /home/airflow/.local/lib/python3.7/site-packages/airflow/example_dags/example_branch_python_dop_operator_3.py
[2023-03-02T14:28:53.135+0000] {processor.py:743} INFO - Processing file /home/airflow/.local/lib/python3.7/site-packages/airflow/example_dags/example_branch_python_dop_operator_3.py for tasks to queue
[2023-03-02T14:28:53.136+0000] {logging_mixin.py:137} INFO - [2023-03-02T14:28:53.136+0000] {dagbag.py:538} INFO - Filling up the DagBag from /home/airflow/.local/lib/python3.7/site-packages/airflow/example_dags/example_branch_python_dop_operator_3.py
[2023-03-02T14:28:53.166+0000] {processor.py:753} INFO - DAG(s) dict_keys(['example_branch_dop_operator_v3']) retrieved from /home/airflow/.local/lib/python3.7/site-packages/airflow/example_dags/example_branch_python_dop_operator_3.py
[2023-03-02T14:28:53.194+0000] {logging_mixin.py:137} INFO - [2023-03-02T14:28:53.194+0000] {dag.py:2690} INFO - Sync 1 DAGs
[2023-03-02T14:28:53.214+0000] {logging_mixin.py:137} INFO - [2023-03-02T14:28:53.214+0000] {dag.py:3441} INFO - Setting next_dagrun for example_branch_dop_operator_v3 to 2023-03-02T14:27:00+00:00, run_after=2023-03-02T14:28:00+00:00
[2023-03-02T14:28:53.228+0000] {processor.py:175} INFO - Processing /home/airflow/.local/lib/python3.7/site-packages/airflow/example_dags/example_branch_python_dop_operator_3.py took 0.099 seconds
[2023-03-02T15:58:26.968+0000] {processor.py:153} INFO - Started process (PID=577) to work on /home/airflow/.local/lib/python3.7/site-packages/airflow/example_dags/example_branch_python_dop_operator_3.py
[2023-03-02T15:58:26.970+0000] {processor.py:743} INFO - Processing file /home/airflow/.local/lib/python3.7/site-packages/airflow/example_dags/example_branch_python_dop_operator_3.py for tasks to queue
[2023-03-02T15:58:26.971+0000] {logging_mixin.py:137} INFO - [2023-03-02T15:58:26.970+0000] {dagbag.py:538} INFO - Filling up the DagBag from /home/airflow/.local/lib/python3.7/site-packages/airflow/example_dags/example_branch_python_dop_operator_3.py
[2023-03-02T15:58:26.988+0000] {processor.py:753} INFO - DAG(s) dict_keys(['example_branch_dop_operator_v3']) retrieved from /home/airflow/.local/lib/python3.7/site-packages/airflow/example_dags/example_branch_python_dop_operator_3.py
[2023-03-02T15:58:27.007+0000] {logging_mixin.py:137} INFO - [2023-03-02T15:58:27.006+0000] {dag.py:2690} INFO - Sync 1 DAGs
[2023-03-02T15:58:27.031+0000] {logging_mixin.py:137} INFO - [2023-03-02T15:58:27.031+0000] {dag.py:3441} INFO - Setting next_dagrun for example_branch_dop_operator_v3 to 2023-03-02T15:57:00+00:00, run_after=2023-03-02T15:58:00+00:00
[2023-03-02T15:58:27.048+0000] {processor.py:175} INFO - Processing /home/airflow/.local/lib/python3.7/site-packages/airflow/example_dags/example_branch_python_dop_operator_3.py took 0.083 seconds
[2023-03-02T16:32:18.781+0000] {processor.py:153} INFO - Started process (PID=640) to work on /home/airflow/.local/lib/python3.7/site-packages/airflow/example_dags/example_branch_python_dop_operator_3.py
[2023-03-02T16:32:18.784+0000] {processor.py:743} INFO - Processing file /home/airflow/.local/lib/python3.7/site-packages/airflow/example_dags/example_branch_python_dop_operator_3.py for tasks to queue
[2023-03-02T16:32:18.785+0000] {logging_mixin.py:137} INFO - [2023-03-02T16:32:18.785+0000] {dagbag.py:538} INFO - Filling up the DagBag from /home/airflow/.local/lib/python3.7/site-packages/airflow/example_dags/example_branch_python_dop_operator_3.py
[2023-03-02T16:32:18.811+0000] {processor.py:753} INFO - DAG(s) dict_keys(['example_branch_dop_operator_v3']) retrieved from /home/airflow/.local/lib/python3.7/site-packages/airflow/example_dags/example_branch_python_dop_operator_3.py
[2023-03-02T16:32:18.853+0000] {logging_mixin.py:137} INFO - [2023-03-02T16:32:18.853+0000] {dag.py:2690} INFO - Sync 1 DAGs
[2023-03-02T16:32:18.876+0000] {logging_mixin.py:137} INFO - [2023-03-02T16:32:18.876+0000] {dag.py:3441} INFO - Setting next_dagrun for example_branch_dop_operator_v3 to 2023-03-02T16:31:00+00:00, run_after=2023-03-02T16:32:00+00:00
[2023-03-02T16:32:18.889+0000] {processor.py:175} INFO - Processing /home/airflow/.local/lib/python3.7/site-packages/airflow/example_dags/example_branch_python_dop_operator_3.py took 0.112 seconds
[2023-03-02T16:39:59.477+0000] {processor.py:153} INFO - Started process (PID=745) to work on /home/airflow/.local/lib/python3.7/site-packages/airflow/example_dags/example_branch_python_dop_operator_3.py
[2023-03-02T16:39:59.485+0000] {processor.py:743} INFO - Processing file /home/airflow/.local/lib/python3.7/site-packages/airflow/example_dags/example_branch_python_dop_operator_3.py for tasks to queue
[2023-03-02T16:39:59.497+0000] {logging_mixin.py:137} INFO - [2023-03-02T16:39:59.496+0000] {dagbag.py:538} INFO - Filling up the DagBag from /home/airflow/.local/lib/python3.7/site-packages/airflow/example_dags/example_branch_python_dop_operator_3.py
[2023-03-02T16:40:00.768+0000] {processor.py:753} INFO - DAG(s) dict_keys(['example_branch_dop_operator_v3']) retrieved from /home/airflow/.local/lib/python3.7/site-packages/airflow/example_dags/example_branch_python_dop_operator_3.py
[2023-03-02T16:40:01.537+0000] {logging_mixin.py:137} INFO - [2023-03-02T16:40:01.535+0000] {dag.py:2690} INFO - Sync 1 DAGs
[2023-03-02T16:40:02.907+0000] {logging_mixin.py:137} INFO - [2023-03-02T16:40:02.899+0000] {dag.py:3441} INFO - Setting next_dagrun for example_branch_dop_operator_v3 to 2023-03-02T16:39:00+00:00, run_after=2023-03-02T16:40:00+00:00
[2023-03-02T16:40:03.729+0000] {processor.py:175} INFO - Processing /home/airflow/.local/lib/python3.7/site-packages/airflow/example_dags/example_branch_python_dop_operator_3.py took 4.334 seconds
[2023-03-02T16:40:36.686+0000] {processor.py:153} INFO - Started process (PID=806) to work on /home/airflow/.local/lib/python3.7/site-packages/airflow/example_dags/example_branch_python_dop_operator_3.py
[2023-03-02T16:40:36.694+0000] {processor.py:743} INFO - Processing file /home/airflow/.local/lib/python3.7/site-packages/airflow/example_dags/example_branch_python_dop_operator_3.py for tasks to queue
[2023-03-02T16:40:36.696+0000] {logging_mixin.py:137} INFO - [2023-03-02T16:40:36.696+0000] {dagbag.py:538} INFO - Filling up the DagBag from /home/airflow/.local/lib/python3.7/site-packages/airflow/example_dags/example_branch_python_dop_operator_3.py
[2023-03-02T16:40:36.764+0000] {processor.py:753} INFO - DAG(s) dict_keys(['example_branch_dop_operator_v3']) retrieved from /home/airflow/.local/lib/python3.7/site-packages/airflow/example_dags/example_branch_python_dop_operator_3.py
[2023-03-02T16:40:36.860+0000] {logging_mixin.py:137} INFO - [2023-03-02T16:40:36.857+0000] {dag.py:2690} INFO - Sync 1 DAGs
[2023-03-02T16:40:36.908+0000] {logging_mixin.py:137} INFO - [2023-03-02T16:40:36.908+0000] {dag.py:3441} INFO - Setting next_dagrun for example_branch_dop_operator_v3 to 2023-03-02T16:39:00+00:00, run_after=2023-03-02T16:40:00+00:00
[2023-03-02T16:40:36.933+0000] {processor.py:175} INFO - Processing /home/airflow/.local/lib/python3.7/site-packages/airflow/example_dags/example_branch_python_dop_operator_3.py took 0.266 seconds
[2023-03-02T16:41:23.264+0000] {processor.py:153} INFO - Started process (PID=871) to work on /home/airflow/.local/lib/python3.7/site-packages/airflow/example_dags/example_branch_python_dop_operator_3.py
[2023-03-02T16:41:23.276+0000] {processor.py:743} INFO - Processing file /home/airflow/.local/lib/python3.7/site-packages/airflow/example_dags/example_branch_python_dop_operator_3.py for tasks to queue
[2023-03-02T16:41:23.283+0000] {logging_mixin.py:137} INFO - [2023-03-02T16:41:23.283+0000] {dagbag.py:538} INFO - Filling up the DagBag from /home/airflow/.local/lib/python3.7/site-packages/airflow/example_dags/example_branch_python_dop_operator_3.py
[2023-03-02T16:41:23.361+0000] {processor.py:753} INFO - DAG(s) dict_keys(['example_branch_dop_operator_v3']) retrieved from /home/airflow/.local/lib/python3.7/site-packages/airflow/example_dags/example_branch_python_dop_operator_3.py
[2023-03-02T16:41:23.417+0000] {logging_mixin.py:137} INFO - [2023-03-02T16:41:23.416+0000] {dag.py:2690} INFO - Sync 1 DAGs
[2023-03-02T16:41:23.460+0000] {logging_mixin.py:137} INFO - [2023-03-02T16:41:23.460+0000] {dag.py:3441} INFO - Setting next_dagrun for example_branch_dop_operator_v3 to 2023-03-02T16:40:00+00:00, run_after=2023-03-02T16:41:00+00:00
[2023-03-02T16:41:23.491+0000] {processor.py:175} INFO - Processing /home/airflow/.local/lib/python3.7/site-packages/airflow/example_dags/example_branch_python_dop_operator_3.py took 0.233 seconds
[2023-03-02T16:41:55.542+0000] {processor.py:153} INFO - Started process (PID=934) to work on /home/airflow/.local/lib/python3.7/site-packages/airflow/example_dags/example_branch_python_dop_operator_3.py
[2023-03-02T16:41:55.544+0000] {processor.py:743} INFO - Processing file /home/airflow/.local/lib/python3.7/site-packages/airflow/example_dags/example_branch_python_dop_operator_3.py for tasks to queue
[2023-03-02T16:41:55.545+0000] {logging_mixin.py:137} INFO - [2023-03-02T16:41:55.545+0000] {dagbag.py:538} INFO - Filling up the DagBag from /home/airflow/.local/lib/python3.7/site-packages/airflow/example_dags/example_branch_python_dop_operator_3.py
[2023-03-02T16:41:55.585+0000] {processor.py:753} INFO - DAG(s) dict_keys(['example_branch_dop_operator_v3']) retrieved from /home/airflow/.local/lib/python3.7/site-packages/airflow/example_dags/example_branch_python_dop_operator_3.py
[2023-03-02T16:41:55.627+0000] {logging_mixin.py:137} INFO - [2023-03-02T16:41:55.627+0000] {dag.py:2690} INFO - Sync 1 DAGs
[2023-03-02T16:41:55.661+0000] {logging_mixin.py:137} INFO - [2023-03-02T16:41:55.661+0000] {dag.py:3441} INFO - Setting next_dagrun for example_branch_dop_operator_v3 to 2023-03-02T16:40:00+00:00, run_after=2023-03-02T16:41:00+00:00
[2023-03-02T16:41:55.678+0000] {processor.py:175} INFO - Processing /home/airflow/.local/lib/python3.7/site-packages/airflow/example_dags/example_branch_python_dop_operator_3.py took 0.143 seconds
[2023-03-02T16:42:26.232+0000] {processor.py:153} INFO - Started process (PID=997) to work on /home/airflow/.local/lib/python3.7/site-packages/airflow/example_dags/example_branch_python_dop_operator_3.py
[2023-03-02T16:42:26.234+0000] {processor.py:743} INFO - Processing file /home/airflow/.local/lib/python3.7/site-packages/airflow/example_dags/example_branch_python_dop_operator_3.py for tasks to queue
[2023-03-02T16:42:26.235+0000] {logging_mixin.py:137} INFO - [2023-03-02T16:42:26.235+0000] {dagbag.py:538} INFO - Filling up the DagBag from /home/airflow/.local/lib/python3.7/site-packages/airflow/example_dags/example_branch_python_dop_operator_3.py
[2023-03-02T16:42:26.254+0000] {processor.py:753} INFO - DAG(s) dict_keys(['example_branch_dop_operator_v3']) retrieved from /home/airflow/.local/lib/python3.7/site-packages/airflow/example_dags/example_branch_python_dop_operator_3.py
[2023-03-02T16:42:26.283+0000] {logging_mixin.py:137} INFO - [2023-03-02T16:42:26.283+0000] {dag.py:2690} INFO - Sync 1 DAGs
[2023-03-02T16:42:26.308+0000] {logging_mixin.py:137} INFO - [2023-03-02T16:42:26.308+0000] {dag.py:3441} INFO - Setting next_dagrun for example_branch_dop_operator_v3 to 2023-03-02T16:41:00+00:00, run_after=2023-03-02T16:42:00+00:00
[2023-03-02T16:42:26.325+0000] {processor.py:175} INFO - Processing /home/airflow/.local/lib/python3.7/site-packages/airflow/example_dags/example_branch_python_dop_operator_3.py took 0.096 seconds
[2023-03-02T16:42:57.156+0000] {processor.py:153} INFO - Started process (PID=1060) to work on /home/airflow/.local/lib/python3.7/site-packages/airflow/example_dags/example_branch_python_dop_operator_3.py
[2023-03-02T16:42:57.158+0000] {processor.py:743} INFO - Processing file /home/airflow/.local/lib/python3.7/site-packages/airflow/example_dags/example_branch_python_dop_operator_3.py for tasks to queue
[2023-03-02T16:42:57.159+0000] {logging_mixin.py:137} INFO - [2023-03-02T16:42:57.159+0000] {dagbag.py:538} INFO - Filling up the DagBag from /home/airflow/.local/lib/python3.7/site-packages/airflow/example_dags/example_branch_python_dop_operator_3.py
[2023-03-02T16:42:57.183+0000] {processor.py:753} INFO - DAG(s) dict_keys(['example_branch_dop_operator_v3']) retrieved from /home/airflow/.local/lib/python3.7/site-packages/airflow/example_dags/example_branch_python_dop_operator_3.py
[2023-03-02T16:42:57.209+0000] {logging_mixin.py:137} INFO - [2023-03-02T16:42:57.209+0000] {dag.py:2690} INFO - Sync 1 DAGs
[2023-03-02T16:42:57.239+0000] {logging_mixin.py:137} INFO - [2023-03-02T16:42:57.239+0000] {dag.py:3441} INFO - Setting next_dagrun for example_branch_dop_operator_v3 to 2023-03-02T16:41:00+00:00, run_after=2023-03-02T16:42:00+00:00
[2023-03-02T16:42:57.257+0000] {processor.py:175} INFO - Processing /home/airflow/.local/lib/python3.7/site-packages/airflow/example_dags/example_branch_python_dop_operator_3.py took 0.115 seconds
[2023-03-02T16:43:28.430+0000] {processor.py:153} INFO - Started process (PID=1132) to work on /home/airflow/.local/lib/python3.7/site-packages/airflow/example_dags/example_branch_python_dop_operator_3.py
[2023-03-02T16:43:28.441+0000] {processor.py:743} INFO - Processing file /home/airflow/.local/lib/python3.7/site-packages/airflow/example_dags/example_branch_python_dop_operator_3.py for tasks to queue
[2023-03-02T16:43:28.443+0000] {logging_mixin.py:137} INFO - [2023-03-02T16:43:28.443+0000] {dagbag.py:538} INFO - Filling up the DagBag from /home/airflow/.local/lib/python3.7/site-packages/airflow/example_dags/example_branch_python_dop_operator_3.py
[2023-03-02T16:43:28.506+0000] {processor.py:753} INFO - DAG(s) dict_keys(['example_branch_dop_operator_v3']) retrieved from /home/airflow/.local/lib/python3.7/site-packages/airflow/example_dags/example_branch_python_dop_operator_3.py
[2023-03-02T16:43:28.624+0000] {logging_mixin.py:137} INFO - [2023-03-02T16:43:28.624+0000] {dag.py:2690} INFO - Sync 1 DAGs
[2023-03-02T16:43:28.669+0000] {logging_mixin.py:137} INFO - [2023-03-02T16:43:28.668+0000] {dag.py:3441} INFO - Setting next_dagrun for example_branch_dop_operator_v3 to 2023-03-02T16:42:00+00:00, run_after=2023-03-02T16:43:00+00:00
[2023-03-02T16:43:28.696+0000] {processor.py:175} INFO - Processing /home/airflow/.local/lib/python3.7/site-packages/airflow/example_dags/example_branch_python_dop_operator_3.py took 0.270 seconds
[2023-03-02T16:43:58.984+0000] {processor.py:153} INFO - Started process (PID=1197) to work on /home/airflow/.local/lib/python3.7/site-packages/airflow/example_dags/example_branch_python_dop_operator_3.py
[2023-03-02T16:43:58.985+0000] {processor.py:743} INFO - Processing file /home/airflow/.local/lib/python3.7/site-packages/airflow/example_dags/example_branch_python_dop_operator_3.py for tasks to queue
[2023-03-02T16:43:58.986+0000] {logging_mixin.py:137} INFO - [2023-03-02T16:43:58.986+0000] {dagbag.py:538} INFO - Filling up the DagBag from /home/airflow/.local/lib/python3.7/site-packages/airflow/example_dags/example_branch_python_dop_operator_3.py
[2023-03-02T16:43:59.004+0000] {processor.py:753} INFO - DAG(s) dict_keys(['example_branch_dop_operator_v3']) retrieved from /home/airflow/.local/lib/python3.7/site-packages/airflow/example_dags/example_branch_python_dop_operator_3.py
[2023-03-02T16:43:59.036+0000] {logging_mixin.py:137} INFO - [2023-03-02T16:43:59.036+0000] {dag.py:2690} INFO - Sync 1 DAGs
[2023-03-02T16:43:59.060+0000] {logging_mixin.py:137} INFO - [2023-03-02T16:43:59.060+0000] {dag.py:3441} INFO - Setting next_dagrun for example_branch_dop_operator_v3 to 2023-03-02T16:42:00+00:00, run_after=2023-03-02T16:43:00+00:00
[2023-03-02T16:43:59.072+0000] {processor.py:175} INFO - Processing /home/airflow/.local/lib/python3.7/site-packages/airflow/example_dags/example_branch_python_dop_operator_3.py took 0.091 seconds
[2023-03-02T16:49:49.153+0000] {processor.py:153} INFO - Started process (PID=1288) to work on /home/airflow/.local/lib/python3.7/site-packages/airflow/example_dags/example_branch_python_dop_operator_3.py
[2023-03-02T16:49:49.155+0000] {processor.py:743} INFO - Processing file /home/airflow/.local/lib/python3.7/site-packages/airflow/example_dags/example_branch_python_dop_operator_3.py for tasks to queue
[2023-03-02T16:49:49.157+0000] {logging_mixin.py:137} INFO - [2023-03-02T16:49:49.157+0000] {dagbag.py:538} INFO - Filling up the DagBag from /home/airflow/.local/lib/python3.7/site-packages/airflow/example_dags/example_branch_python_dop_operator_3.py
[2023-03-02T16:49:49.238+0000] {processor.py:753} INFO - DAG(s) dict_keys(['example_branch_dop_operator_v3']) retrieved from /home/airflow/.local/lib/python3.7/site-packages/airflow/example_dags/example_branch_python_dop_operator_3.py
[2023-03-02T16:49:49.304+0000] {logging_mixin.py:137} INFO - [2023-03-02T16:49:49.304+0000] {dag.py:2690} INFO - Sync 1 DAGs
[2023-03-02T16:49:49.344+0000] {logging_mixin.py:137} INFO - [2023-03-02T16:49:49.344+0000] {dag.py:3441} INFO - Setting next_dagrun for example_branch_dop_operator_v3 to 2023-03-02T16:48:00+00:00, run_after=2023-03-02T16:49:00+00:00
[2023-03-02T16:49:49.380+0000] {processor.py:175} INFO - Processing /home/airflow/.local/lib/python3.7/site-packages/airflow/example_dags/example_branch_python_dop_operator_3.py took 0.231 seconds
[2023-03-02T16:50:25.133+0000] {processor.py:153} INFO - Started process (PID=1363) to work on /home/airflow/.local/lib/python3.7/site-packages/airflow/example_dags/example_branch_python_dop_operator_3.py
[2023-03-02T16:50:25.137+0000] {processor.py:743} INFO - Processing file /home/airflow/.local/lib/python3.7/site-packages/airflow/example_dags/example_branch_python_dop_operator_3.py for tasks to queue
[2023-03-02T16:50:25.139+0000] {logging_mixin.py:137} INFO - [2023-03-02T16:50:25.139+0000] {dagbag.py:538} INFO - Filling up the DagBag from /home/airflow/.local/lib/python3.7/site-packages/airflow/example_dags/example_branch_python_dop_operator_3.py
[2023-03-02T16:50:25.177+0000] {processor.py:753} INFO - DAG(s) dict_keys(['example_branch_dop_operator_v3']) retrieved from /home/airflow/.local/lib/python3.7/site-packages/airflow/example_dags/example_branch_python_dop_operator_3.py
[2023-03-02T16:50:25.238+0000] {logging_mixin.py:137} INFO - [2023-03-02T16:50:25.238+0000] {dag.py:2690} INFO - Sync 1 DAGs
[2023-03-02T16:50:25.291+0000] {logging_mixin.py:137} INFO - [2023-03-02T16:50:25.290+0000] {dag.py:3441} INFO - Setting next_dagrun for example_branch_dop_operator_v3 to 2023-03-02T16:49:00+00:00, run_after=2023-03-02T16:50:00+00:00
[2023-03-02T16:50:25.322+0000] {processor.py:175} INFO - Processing /home/airflow/.local/lib/python3.7/site-packages/airflow/example_dags/example_branch_python_dop_operator_3.py took 0.210 seconds
[2023-03-02T16:50:56.411+0000] {processor.py:153} INFO - Started process (PID=1425) to work on /home/airflow/.local/lib/python3.7/site-packages/airflow/example_dags/example_branch_python_dop_operator_3.py
[2023-03-02T16:50:56.418+0000] {processor.py:743} INFO - Processing file /home/airflow/.local/lib/python3.7/site-packages/airflow/example_dags/example_branch_python_dop_operator_3.py for tasks to queue
[2023-03-02T16:50:56.420+0000] {logging_mixin.py:137} INFO - [2023-03-02T16:50:56.420+0000] {dagbag.py:538} INFO - Filling up the DagBag from /home/airflow/.local/lib/python3.7/site-packages/airflow/example_dags/example_branch_python_dop_operator_3.py
[2023-03-02T16:50:56.523+0000] {processor.py:753} INFO - DAG(s) dict_keys(['example_branch_dop_operator_v3']) retrieved from /home/airflow/.local/lib/python3.7/site-packages/airflow/example_dags/example_branch_python_dop_operator_3.py
[2023-03-02T16:50:56.622+0000] {logging_mixin.py:137} INFO - [2023-03-02T16:50:56.621+0000] {dag.py:2690} INFO - Sync 1 DAGs
[2023-03-02T16:50:56.766+0000] {logging_mixin.py:137} INFO - [2023-03-02T16:50:56.766+0000] {dag.py:3441} INFO - Setting next_dagrun for example_branch_dop_operator_v3 to 2023-03-02T16:49:00+00:00, run_after=2023-03-02T16:50:00+00:00
[2023-03-02T16:50:56.861+0000] {processor.py:175} INFO - Processing /home/airflow/.local/lib/python3.7/site-packages/airflow/example_dags/example_branch_python_dop_operator_3.py took 0.460 seconds
[2023-03-02T16:51:27.850+0000] {processor.py:153} INFO - Started process (PID=1488) to work on /home/airflow/.local/lib/python3.7/site-packages/airflow/example_dags/example_branch_python_dop_operator_3.py
[2023-03-02T16:51:27.856+0000] {processor.py:743} INFO - Processing file /home/airflow/.local/lib/python3.7/site-packages/airflow/example_dags/example_branch_python_dop_operator_3.py for tasks to queue
[2023-03-02T16:51:27.883+0000] {logging_mixin.py:137} INFO - [2023-03-02T16:51:27.883+0000] {dagbag.py:538} INFO - Filling up the DagBag from /home/airflow/.local/lib/python3.7/site-packages/airflow/example_dags/example_branch_python_dop_operator_3.py
[2023-03-02T16:51:28.251+0000] {processor.py:753} INFO - DAG(s) dict_keys(['example_branch_dop_operator_v3']) retrieved from /home/airflow/.local/lib/python3.7/site-packages/airflow/example_dags/example_branch_python_dop_operator_3.py
[2023-03-02T16:51:28.408+0000] {logging_mixin.py:137} INFO - [2023-03-02T16:51:28.407+0000] {dag.py:2690} INFO - Sync 1 DAGs
[2023-03-02T16:51:28.580+0000] {logging_mixin.py:137} INFO - [2023-03-02T16:51:28.580+0000] {dag.py:3441} INFO - Setting next_dagrun for example_branch_dop_operator_v3 to 2023-03-02T16:50:00+00:00, run_after=2023-03-02T16:51:00+00:00
[2023-03-02T16:51:28.680+0000] {processor.py:175} INFO - Processing /home/airflow/.local/lib/python3.7/site-packages/airflow/example_dags/example_branch_python_dop_operator_3.py took 0.908 seconds
[2023-03-02T16:51:59.465+0000] {processor.py:153} INFO - Started process (PID=1554) to work on /home/airflow/.local/lib/python3.7/site-packages/airflow/example_dags/example_branch_python_dop_operator_3.py
[2023-03-02T16:51:59.468+0000] {processor.py:743} INFO - Processing file /home/airflow/.local/lib/python3.7/site-packages/airflow/example_dags/example_branch_python_dop_operator_3.py for tasks to queue
[2023-03-02T16:51:59.470+0000] {logging_mixin.py:137} INFO - [2023-03-02T16:51:59.470+0000] {dagbag.py:538} INFO - Filling up the DagBag from /home/airflow/.local/lib/python3.7/site-packages/airflow/example_dags/example_branch_python_dop_operator_3.py
[2023-03-02T16:51:59.518+0000] {processor.py:753} INFO - DAG(s) dict_keys(['example_branch_dop_operator_v3']) retrieved from /home/airflow/.local/lib/python3.7/site-packages/airflow/example_dags/example_branch_python_dop_operator_3.py
[2023-03-02T16:51:59.556+0000] {logging_mixin.py:137} INFO - [2023-03-02T16:51:59.556+0000] {dag.py:2690} INFO - Sync 1 DAGs
[2023-03-02T16:51:59.588+0000] {logging_mixin.py:137} INFO - [2023-03-02T16:51:59.588+0000] {dag.py:3441} INFO - Setting next_dagrun for example_branch_dop_operator_v3 to 2023-03-02T16:50:00+00:00, run_after=2023-03-02T16:51:00+00:00
[2023-03-02T16:51:59.609+0000] {processor.py:175} INFO - Processing /home/airflow/.local/lib/python3.7/site-packages/airflow/example_dags/example_branch_python_dop_operator_3.py took 0.157 seconds
[2023-03-02T16:52:29.680+0000] {processor.py:153} INFO - Started process (PID=1618) to work on /home/airflow/.local/lib/python3.7/site-packages/airflow/example_dags/example_branch_python_dop_operator_3.py
[2023-03-02T16:52:29.681+0000] {processor.py:743} INFO - Processing file /home/airflow/.local/lib/python3.7/site-packages/airflow/example_dags/example_branch_python_dop_operator_3.py for tasks to queue
[2023-03-02T16:52:29.682+0000] {logging_mixin.py:137} INFO - [2023-03-02T16:52:29.682+0000] {dagbag.py:538} INFO - Filling up the DagBag from /home/airflow/.local/lib/python3.7/site-packages/airflow/example_dags/example_branch_python_dop_operator_3.py
[2023-03-02T16:52:29.718+0000] {processor.py:753} INFO - DAG(s) dict_keys(['example_branch_dop_operator_v3']) retrieved from /home/airflow/.local/lib/python3.7/site-packages/airflow/example_dags/example_branch_python_dop_operator_3.py
[2023-03-02T16:52:29.743+0000] {logging_mixin.py:137} INFO - [2023-03-02T16:52:29.743+0000] {dag.py:2690} INFO - Sync 1 DAGs
[2023-03-02T16:52:29.767+0000] {logging_mixin.py:137} INFO - [2023-03-02T16:52:29.767+0000] {dag.py:3441} INFO - Setting next_dagrun for example_branch_dop_operator_v3 to 2023-03-02T16:51:00+00:00, run_after=2023-03-02T16:52:00+00:00
[2023-03-02T16:52:29.780+0000] {processor.py:175} INFO - Processing /home/airflow/.local/lib/python3.7/site-packages/airflow/example_dags/example_branch_python_dop_operator_3.py took 0.103 seconds
[2023-03-02T16:53:00.312+0000] {processor.py:153} INFO - Started process (PID=1694) to work on /home/airflow/.local/lib/python3.7/site-packages/airflow/example_dags/example_branch_python_dop_operator_3.py
[2023-03-02T16:53:00.316+0000] {processor.py:743} INFO - Processing file /home/airflow/.local/lib/python3.7/site-packages/airflow/example_dags/example_branch_python_dop_operator_3.py for tasks to queue
[2023-03-02T16:53:00.319+0000] {logging_mixin.py:137} INFO - [2023-03-02T16:53:00.318+0000] {dagbag.py:538} INFO - Filling up the DagBag from /home/airflow/.local/lib/python3.7/site-packages/airflow/example_dags/example_branch_python_dop_operator_3.py
[2023-03-02T16:53:00.385+0000] {processor.py:753} INFO - DAG(s) dict_keys(['example_branch_dop_operator_v3']) retrieved from /home/airflow/.local/lib/python3.7/site-packages/airflow/example_dags/example_branch_python_dop_operator_3.py
[2023-03-02T16:53:00.473+0000] {logging_mixin.py:137} INFO - [2023-03-02T16:53:00.473+0000] {dag.py:2690} INFO - Sync 1 DAGs
[2023-03-02T16:53:00.526+0000] {logging_mixin.py:137} INFO - [2023-03-02T16:53:00.526+0000] {dag.py:3441} INFO - Setting next_dagrun for example_branch_dop_operator_v3 to 2023-03-02T16:52:00+00:00, run_after=2023-03-02T16:53:00+00:00
[2023-03-02T16:53:00.561+0000] {processor.py:175} INFO - Processing /home/airflow/.local/lib/python3.7/site-packages/airflow/example_dags/example_branch_python_dop_operator_3.py took 0.254 seconds
[2023-03-02T16:53:31.405+0000] {processor.py:153} INFO - Started process (PID=1757) to work on /home/airflow/.local/lib/python3.7/site-packages/airflow/example_dags/example_branch_python_dop_operator_3.py
[2023-03-02T16:53:31.408+0000] {processor.py:743} INFO - Processing file /home/airflow/.local/lib/python3.7/site-packages/airflow/example_dags/example_branch_python_dop_operator_3.py for tasks to queue
[2023-03-02T16:53:31.409+0000] {logging_mixin.py:137} INFO - [2023-03-02T16:53:31.409+0000] {dagbag.py:538} INFO - Filling up the DagBag from /home/airflow/.local/lib/python3.7/site-packages/airflow/example_dags/example_branch_python_dop_operator_3.py
[2023-03-02T16:53:31.453+0000] {processor.py:753} INFO - DAG(s) dict_keys(['example_branch_dop_operator_v3']) retrieved from /home/airflow/.local/lib/python3.7/site-packages/airflow/example_dags/example_branch_python_dop_operator_3.py
[2023-03-02T16:53:31.491+0000] {logging_mixin.py:137} INFO - [2023-03-02T16:53:31.491+0000] {dag.py:2690} INFO - Sync 1 DAGs
[2023-03-02T16:53:31.537+0000] {logging_mixin.py:137} INFO - [2023-03-02T16:53:31.537+0000] {dag.py:3441} INFO - Setting next_dagrun for example_branch_dop_operator_v3 to 2023-03-02T16:52:00+00:00, run_after=2023-03-02T16:53:00+00:00
[2023-03-02T16:53:31.555+0000] {processor.py:175} INFO - Processing /home/airflow/.local/lib/python3.7/site-packages/airflow/example_dags/example_branch_python_dop_operator_3.py took 0.156 seconds
[2023-03-02T16:54:02.224+0000] {processor.py:153} INFO - Started process (PID=1833) to work on /home/airflow/.local/lib/python3.7/site-packages/airflow/example_dags/example_branch_python_dop_operator_3.py
[2023-03-02T16:54:02.227+0000] {processor.py:743} INFO - Processing file /home/airflow/.local/lib/python3.7/site-packages/airflow/example_dags/example_branch_python_dop_operator_3.py for tasks to queue
[2023-03-02T16:54:02.228+0000] {logging_mixin.py:137} INFO - [2023-03-02T16:54:02.228+0000] {dagbag.py:538} INFO - Filling up the DagBag from /home/airflow/.local/lib/python3.7/site-packages/airflow/example_dags/example_branch_python_dop_operator_3.py
[2023-03-02T16:54:02.273+0000] {processor.py:753} INFO - DAG(s) dict_keys(['example_branch_dop_operator_v3']) retrieved from /home/airflow/.local/lib/python3.7/site-packages/airflow/example_dags/example_branch_python_dop_operator_3.py
[2023-03-02T16:54:02.305+0000] {logging_mixin.py:137} INFO - [2023-03-02T16:54:02.305+0000] {dag.py:2690} INFO - Sync 1 DAGs
[2023-03-02T16:54:02.336+0000] {logging_mixin.py:137} INFO - [2023-03-02T16:54:02.336+0000] {dag.py:3441} INFO - Setting next_dagrun for example_branch_dop_operator_v3 to 2023-03-02T16:53:00+00:00, run_after=2023-03-02T16:54:00+00:00
[2023-03-02T16:54:02.354+0000] {processor.py:175} INFO - Processing /home/airflow/.local/lib/python3.7/site-packages/airflow/example_dags/example_branch_python_dop_operator_3.py took 0.138 seconds
[2023-03-02T16:54:32.503+0000] {processor.py:153} INFO - Started process (PID=1897) to work on /home/airflow/.local/lib/python3.7/site-packages/airflow/example_dags/example_branch_python_dop_operator_3.py
[2023-03-02T16:54:32.507+0000] {processor.py:743} INFO - Processing file /home/airflow/.local/lib/python3.7/site-packages/airflow/example_dags/example_branch_python_dop_operator_3.py for tasks to queue
[2023-03-02T16:54:32.512+0000] {logging_mixin.py:137} INFO - [2023-03-02T16:54:32.512+0000] {dagbag.py:538} INFO - Filling up the DagBag from /home/airflow/.local/lib/python3.7/site-packages/airflow/example_dags/example_branch_python_dop_operator_3.py
[2023-03-02T16:54:32.625+0000] {processor.py:753} INFO - DAG(s) dict_keys(['example_branch_dop_operator_v3']) retrieved from /home/airflow/.local/lib/python3.7/site-packages/airflow/example_dags/example_branch_python_dop_operator_3.py
[2023-03-02T16:54:32.693+0000] {logging_mixin.py:137} INFO - [2023-03-02T16:54:32.692+0000] {dag.py:2690} INFO - Sync 1 DAGs
[2023-03-02T16:54:32.765+0000] {logging_mixin.py:137} INFO - [2023-03-02T16:54:32.765+0000] {dag.py:3441} INFO - Setting next_dagrun for example_branch_dop_operator_v3 to 2023-03-02T16:53:00+00:00, run_after=2023-03-02T16:54:00+00:00
[2023-03-02T16:54:32.805+0000] {processor.py:175} INFO - Processing /home/airflow/.local/lib/python3.7/site-packages/airflow/example_dags/example_branch_python_dop_operator_3.py took 0.323 seconds
[2023-03-02T17:25:09.994+0000] {processor.py:153} INFO - Started process (PID=1951) to work on /home/airflow/.local/lib/python3.7/site-packages/airflow/example_dags/example_branch_python_dop_operator_3.py
[2023-03-02T17:25:10.015+0000] {processor.py:743} INFO - Processing file /home/airflow/.local/lib/python3.7/site-packages/airflow/example_dags/example_branch_python_dop_operator_3.py for tasks to queue
[2023-03-02T17:25:10.067+0000] {logging_mixin.py:137} INFO - [2023-03-02T17:25:10.066+0000] {dagbag.py:538} INFO - Filling up the DagBag from /home/airflow/.local/lib/python3.7/site-packages/airflow/example_dags/example_branch_python_dop_operator_3.py
[2023-03-02T17:25:10.459+0000] {processor.py:753} INFO - DAG(s) dict_keys(['example_branch_dop_operator_v3']) retrieved from /home/airflow/.local/lib/python3.7/site-packages/airflow/example_dags/example_branch_python_dop_operator_3.py
[2023-03-02T17:25:10.880+0000] {logging_mixin.py:137} INFO - [2023-03-02T17:25:10.879+0000] {dag.py:2690} INFO - Sync 1 DAGs
[2023-03-02T17:25:11.248+0000] {logging_mixin.py:137} INFO - [2023-03-02T17:25:11.242+0000] {dag.py:3441} INFO - Setting next_dagrun for example_branch_dop_operator_v3 to 2023-03-02T17:24:00+00:00, run_after=2023-03-02T17:25:00+00:00
[2023-03-02T17:25:11.399+0000] {processor.py:175} INFO - Processing /home/airflow/.local/lib/python3.7/site-packages/airflow/example_dags/example_branch_python_dop_operator_3.py took 1.433 seconds
[2023-03-02T17:25:43.420+0000] {processor.py:153} INFO - Started process (PID=2018) to work on /home/airflow/.local/lib/python3.7/site-packages/airflow/example_dags/example_branch_python_dop_operator_3.py
[2023-03-02T17:25:43.432+0000] {processor.py:743} INFO - Processing file /home/airflow/.local/lib/python3.7/site-packages/airflow/example_dags/example_branch_python_dop_operator_3.py for tasks to queue
[2023-03-02T17:25:43.453+0000] {logging_mixin.py:137} INFO - [2023-03-02T17:25:43.453+0000] {dagbag.py:538} INFO - Filling up the DagBag from /home/airflow/.local/lib/python3.7/site-packages/airflow/example_dags/example_branch_python_dop_operator_3.py
[2023-03-02T17:25:43.881+0000] {processor.py:753} INFO - DAG(s) dict_keys(['example_branch_dop_operator_v3']) retrieved from /home/airflow/.local/lib/python3.7/site-packages/airflow/example_dags/example_branch_python_dop_operator_3.py
[2023-03-02T17:25:44.134+0000] {logging_mixin.py:137} INFO - [2023-03-02T17:25:44.133+0000] {dag.py:2690} INFO - Sync 1 DAGs
[2023-03-02T17:25:44.276+0000] {logging_mixin.py:137} INFO - [2023-03-02T17:25:44.276+0000] {dag.py:3441} INFO - Setting next_dagrun for example_branch_dop_operator_v3 to 2023-03-02T17:24:00+00:00, run_after=2023-03-02T17:25:00+00:00
[2023-03-02T17:25:44.398+0000] {processor.py:175} INFO - Processing /home/airflow/.local/lib/python3.7/site-packages/airflow/example_dags/example_branch_python_dop_operator_3.py took 0.989 seconds
[2023-03-02T17:26:15.295+0000] {processor.py:153} INFO - Started process (PID=2081) to work on /home/airflow/.local/lib/python3.7/site-packages/airflow/example_dags/example_branch_python_dop_operator_3.py
[2023-03-02T17:26:15.298+0000] {processor.py:743} INFO - Processing file /home/airflow/.local/lib/python3.7/site-packages/airflow/example_dags/example_branch_python_dop_operator_3.py for tasks to queue
[2023-03-02T17:26:15.300+0000] {logging_mixin.py:137} INFO - [2023-03-02T17:26:15.300+0000] {dagbag.py:538} INFO - Filling up the DagBag from /home/airflow/.local/lib/python3.7/site-packages/airflow/example_dags/example_branch_python_dop_operator_3.py
[2023-03-02T17:26:15.357+0000] {processor.py:753} INFO - DAG(s) dict_keys(['example_branch_dop_operator_v3']) retrieved from /home/airflow/.local/lib/python3.7/site-packages/airflow/example_dags/example_branch_python_dop_operator_3.py
[2023-03-02T17:26:15.409+0000] {logging_mixin.py:137} INFO - [2023-03-02T17:26:15.409+0000] {dag.py:2690} INFO - Sync 1 DAGs
[2023-03-02T17:26:15.444+0000] {logging_mixin.py:137} INFO - [2023-03-02T17:26:15.444+0000] {dag.py:3441} INFO - Setting next_dagrun for example_branch_dop_operator_v3 to 2023-03-02T17:25:00+00:00, run_after=2023-03-02T17:26:00+00:00
[2023-03-02T17:26:15.465+0000] {processor.py:175} INFO - Processing /home/airflow/.local/lib/python3.7/site-packages/airflow/example_dags/example_branch_python_dop_operator_3.py took 0.178 seconds
[2023-03-02T17:26:46.271+0000] {processor.py:153} INFO - Started process (PID=2145) to work on /home/airflow/.local/lib/python3.7/site-packages/airflow/example_dags/example_branch_python_dop_operator_3.py
[2023-03-02T17:26:46.276+0000] {processor.py:743} INFO - Processing file /home/airflow/.local/lib/python3.7/site-packages/airflow/example_dags/example_branch_python_dop_operator_3.py for tasks to queue
[2023-03-02T17:26:46.279+0000] {logging_mixin.py:137} INFO - [2023-03-02T17:26:46.278+0000] {dagbag.py:538} INFO - Filling up the DagBag from /home/airflow/.local/lib/python3.7/site-packages/airflow/example_dags/example_branch_python_dop_operator_3.py
[2023-03-02T17:26:46.437+0000] {processor.py:753} INFO - DAG(s) dict_keys(['example_branch_dop_operator_v3']) retrieved from /home/airflow/.local/lib/python3.7/site-packages/airflow/example_dags/example_branch_python_dop_operator_3.py
[2023-03-02T17:26:46.536+0000] {logging_mixin.py:137} INFO - [2023-03-02T17:26:46.536+0000] {dag.py:2690} INFO - Sync 1 DAGs
[2023-03-02T17:26:46.641+0000] {logging_mixin.py:137} INFO - [2023-03-02T17:26:46.641+0000] {dag.py:3441} INFO - Setting next_dagrun for example_branch_dop_operator_v3 to 2023-03-02T17:25:00+00:00, run_after=2023-03-02T17:26:00+00:00
[2023-03-02T17:26:46.663+0000] {processor.py:175} INFO - Processing /home/airflow/.local/lib/python3.7/site-packages/airflow/example_dags/example_branch_python_dop_operator_3.py took 0.406 seconds
[2023-03-02T17:27:17.348+0000] {processor.py:153} INFO - Started process (PID=2208) to work on /home/airflow/.local/lib/python3.7/site-packages/airflow/example_dags/example_branch_python_dop_operator_3.py
[2023-03-02T17:27:17.365+0000] {processor.py:743} INFO - Processing file /home/airflow/.local/lib/python3.7/site-packages/airflow/example_dags/example_branch_python_dop_operator_3.py for tasks to queue
[2023-03-02T17:27:17.419+0000] {logging_mixin.py:137} INFO - [2023-03-02T17:27:17.418+0000] {dagbag.py:538} INFO - Filling up the DagBag from /home/airflow/.local/lib/python3.7/site-packages/airflow/example_dags/example_branch_python_dop_operator_3.py
[2023-03-02T17:27:17.796+0000] {processor.py:753} INFO - DAG(s) dict_keys(['example_branch_dop_operator_v3']) retrieved from /home/airflow/.local/lib/python3.7/site-packages/airflow/example_dags/example_branch_python_dop_operator_3.py
[2023-03-02T17:27:18.479+0000] {logging_mixin.py:137} INFO - [2023-03-02T17:27:18.476+0000] {dag.py:2690} INFO - Sync 1 DAGs
[2023-03-02T17:27:18.997+0000] {logging_mixin.py:137} INFO - [2023-03-02T17:27:18.979+0000] {dag.py:3441} INFO - Setting next_dagrun for example_branch_dop_operator_v3 to 2023-03-02T17:26:00+00:00, run_after=2023-03-02T17:27:00+00:00
[2023-03-02T17:27:19.143+0000] {processor.py:175} INFO - Processing /home/airflow/.local/lib/python3.7/site-packages/airflow/example_dags/example_branch_python_dop_operator_3.py took 1.926 seconds
[2023-03-02T18:31:45.500+0000] {processor.py:153} INFO - Started process (PID=2251) to work on /home/airflow/.local/lib/python3.7/site-packages/airflow/example_dags/example_branch_python_dop_operator_3.py
[2023-03-02T18:31:45.504+0000] {processor.py:743} INFO - Processing file /home/airflow/.local/lib/python3.7/site-packages/airflow/example_dags/example_branch_python_dop_operator_3.py for tasks to queue
[2023-03-02T18:31:45.507+0000] {logging_mixin.py:137} INFO - [2023-03-02T18:31:45.506+0000] {dagbag.py:538} INFO - Filling up the DagBag from /home/airflow/.local/lib/python3.7/site-packages/airflow/example_dags/example_branch_python_dop_operator_3.py
[2023-03-02T18:31:45.538+0000] {processor.py:753} INFO - DAG(s) dict_keys(['example_branch_dop_operator_v3']) retrieved from /home/airflow/.local/lib/python3.7/site-packages/airflow/example_dags/example_branch_python_dop_operator_3.py
[2023-03-02T18:31:45.569+0000] {logging_mixin.py:137} INFO - [2023-03-02T18:31:45.568+0000] {dag.py:2690} INFO - Sync 1 DAGs
[2023-03-02T18:31:45.611+0000] {logging_mixin.py:137} INFO - [2023-03-02T18:31:45.611+0000] {dag.py:3441} INFO - Setting next_dagrun for example_branch_dop_operator_v3 to 2023-03-02T18:30:00+00:00, run_after=2023-03-02T18:31:00+00:00
[2023-03-02T18:31:45.630+0000] {processor.py:175} INFO - Processing /home/airflow/.local/lib/python3.7/site-packages/airflow/example_dags/example_branch_python_dop_operator_3.py took 0.135 seconds
[2023-03-02T18:49:41.244+0000] {processor.py:153} INFO - Started process (PID=2312) to work on /home/airflow/.local/lib/python3.7/site-packages/airflow/example_dags/example_branch_python_dop_operator_3.py
[2023-03-02T18:49:41.254+0000] {processor.py:743} INFO - Processing file /home/airflow/.local/lib/python3.7/site-packages/airflow/example_dags/example_branch_python_dop_operator_3.py for tasks to queue
[2023-03-02T18:49:41.259+0000] {logging_mixin.py:137} INFO - [2023-03-02T18:49:41.258+0000] {dagbag.py:538} INFO - Filling up the DagBag from /home/airflow/.local/lib/python3.7/site-packages/airflow/example_dags/example_branch_python_dop_operator_3.py
[2023-03-02T18:49:41.487+0000] {processor.py:753} INFO - DAG(s) dict_keys(['example_branch_dop_operator_v3']) retrieved from /home/airflow/.local/lib/python3.7/site-packages/airflow/example_dags/example_branch_python_dop_operator_3.py
[2023-03-02T18:49:41.984+0000] {logging_mixin.py:137} INFO - [2023-03-02T18:49:41.981+0000] {dag.py:2690} INFO - Sync 1 DAGs
[2023-03-02T18:49:42.378+0000] {logging_mixin.py:137} INFO - [2023-03-02T18:49:42.377+0000] {dag.py:3441} INFO - Setting next_dagrun for example_branch_dop_operator_v3 to 2023-03-02T18:48:00+00:00, run_after=2023-03-02T18:49:00+00:00
[2023-03-02T18:49:42.492+0000] {processor.py:175} INFO - Processing /home/airflow/.local/lib/python3.7/site-packages/airflow/example_dags/example_branch_python_dop_operator_3.py took 1.276 seconds
[2023-03-02T20:07:20.909+0000] {processor.py:153} INFO - Started process (PID=2384) to work on /home/airflow/.local/lib/python3.7/site-packages/airflow/example_dags/example_branch_python_dop_operator_3.py
[2023-03-02T20:07:20.921+0000] {processor.py:743} INFO - Processing file /home/airflow/.local/lib/python3.7/site-packages/airflow/example_dags/example_branch_python_dop_operator_3.py for tasks to queue
[2023-03-02T20:07:20.967+0000] {logging_mixin.py:137} INFO - [2023-03-02T20:07:20.967+0000] {dagbag.py:538} INFO - Filling up the DagBag from /home/airflow/.local/lib/python3.7/site-packages/airflow/example_dags/example_branch_python_dop_operator_3.py
[2023-03-02T20:07:22.855+0000] {processor.py:753} INFO - DAG(s) dict_keys(['example_branch_dop_operator_v3']) retrieved from /home/airflow/.local/lib/python3.7/site-packages/airflow/example_dags/example_branch_python_dop_operator_3.py
[2023-03-02T20:07:24.950+0000] {logging_mixin.py:137} INFO - [2023-03-02T20:07:24.943+0000] {dag.py:2690} INFO - Sync 1 DAGs
[2023-03-02T20:07:25.301+0000] {logging_mixin.py:137} INFO - [2023-03-02T20:07:25.301+0000] {dag.py:3441} INFO - Setting next_dagrun for example_branch_dop_operator_v3 to 2023-03-02T20:06:00+00:00, run_after=2023-03-02T20:07:00+00:00
[2023-03-02T20:07:25.582+0000] {processor.py:175} INFO - Processing /home/airflow/.local/lib/python3.7/site-packages/airflow/example_dags/example_branch_python_dop_operator_3.py took 4.761 seconds
