[2023-03-02T13:04:50.902+0000] {processor.py:153} INFO - Started process (PID=81) to work on /home/airflow/.local/lib/python3.7/site-packages/airflow/example_dags/example_branch_datetime_operator.py
[2023-03-02T13:04:50.906+0000] {processor.py:743} INFO - Processing file /home/airflow/.local/lib/python3.7/site-packages/airflow/example_dags/example_branch_datetime_operator.py for tasks to queue
[2023-03-02T13:04:50.909+0000] {logging_mixin.py:137} INFO - [2023-03-02T13:04:50.909+0000] {dagbag.py:538} INFO - Filling up the DagBag from /home/airflow/.local/lib/python3.7/site-packages/airflow/example_dags/example_branch_datetime_operator.py
[2023-03-02T13:04:50.942+0000] {processor.py:753} INFO - DAG(s) dict_keys(['example_branch_datetime_operator_2', 'example_branch_datetime_operator', 'example_branch_datetime_operator_3']) retrieved from /home/airflow/.local/lib/python3.7/site-packages/airflow/example_dags/example_branch_datetime_operator.py
[2023-03-02T13:04:51.107+0000] {logging_mixin.py:137} INFO - [2023-03-02T13:04:51.106+0000] {manager.py:504} INFO - Created Permission View: can delete on DAG:example_branch_datetime_operator_2
[2023-03-02T13:04:51.131+0000] {logging_mixin.py:137} INFO - [2023-03-02T13:04:51.130+0000] {manager.py:504} INFO - Created Permission View: can read on DAG:example_branch_datetime_operator_2
[2023-03-02T13:04:51.140+0000] {logging_mixin.py:137} INFO - [2023-03-02T13:04:51.140+0000] {manager.py:504} INFO - Created Permission View: can edit on DAG:example_branch_datetime_operator_2
[2023-03-02T13:04:51.151+0000] {logging_mixin.py:137} INFO - [2023-03-02T13:04:51.151+0000] {manager.py:504} INFO - Created Permission View: can delete on DAG:example_branch_datetime_operator
[2023-03-02T13:04:51.156+0000] {logging_mixin.py:137} INFO - [2023-03-02T13:04:51.156+0000] {manager.py:504} INFO - Created Permission View: can read on DAG:example_branch_datetime_operator
[2023-03-02T13:04:51.161+0000] {logging_mixin.py:137} INFO - [2023-03-02T13:04:51.161+0000] {manager.py:504} INFO - Created Permission View: can edit on DAG:example_branch_datetime_operator
[2023-03-02T13:04:51.169+0000] {logging_mixin.py:137} INFO - [2023-03-02T13:04:51.169+0000] {manager.py:504} INFO - Created Permission View: can delete on DAG:example_branch_datetime_operator_3
[2023-03-02T13:04:51.174+0000] {logging_mixin.py:137} INFO - [2023-03-02T13:04:51.174+0000] {manager.py:504} INFO - Created Permission View: can read on DAG:example_branch_datetime_operator_3
[2023-03-02T13:04:51.180+0000] {logging_mixin.py:137} INFO - [2023-03-02T13:04:51.179+0000] {manager.py:504} INFO - Created Permission View: can edit on DAG:example_branch_datetime_operator_3
[2023-03-02T13:04:51.182+0000] {logging_mixin.py:137} INFO - [2023-03-02T13:04:51.182+0000] {dag.py:2690} INFO - Sync 3 DAGs
[2023-03-02T13:04:51.204+0000] {logging_mixin.py:137} INFO - [2023-03-02T13:04:51.204+0000] {dag.py:2711} INFO - Creating ORM DAG for example_branch_datetime_operator
[2023-03-02T13:04:51.206+0000] {logging_mixin.py:137} INFO - [2023-03-02T13:04:51.206+0000] {dag.py:2711} INFO - Creating ORM DAG for example_branch_datetime_operator_3
[2023-03-02T13:04:51.208+0000] {logging_mixin.py:137} INFO - [2023-03-02T13:04:51.208+0000] {dag.py:2711} INFO - Creating ORM DAG for example_branch_datetime_operator_2
[2023-03-02T13:04:51.219+0000] {logging_mixin.py:137} INFO - [2023-03-02T13:04:51.219+0000] {dag.py:3441} INFO - Setting next_dagrun for example_branch_datetime_operator to 2023-03-01T00:00:00+00:00, run_after=2023-03-02T00:00:00+00:00
[2023-03-02T13:04:51.221+0000] {logging_mixin.py:137} INFO - [2023-03-02T13:04:51.221+0000] {dag.py:3441} INFO - Setting next_dagrun for example_branch_datetime_operator_2 to 2023-03-01T00:00:00+00:00, run_after=2023-03-02T00:00:00+00:00
[2023-03-02T13:04:51.223+0000] {logging_mixin.py:137} INFO - [2023-03-02T13:04:51.223+0000] {dag.py:3441} INFO - Setting next_dagrun for example_branch_datetime_operator_3 to 2023-03-01T00:00:00+00:00, run_after=2023-03-02T00:00:00+00:00
[2023-03-02T13:04:51.240+0000] {processor.py:175} INFO - Processing /home/airflow/.local/lib/python3.7/site-packages/airflow/example_dags/example_branch_datetime_operator.py took 0.344 seconds
[2023-03-02T13:05:21.474+0000] {processor.py:153} INFO - Started process (PID=158) to work on /home/airflow/.local/lib/python3.7/site-packages/airflow/example_dags/example_branch_datetime_operator.py
[2023-03-02T13:05:21.476+0000] {processor.py:743} INFO - Processing file /home/airflow/.local/lib/python3.7/site-packages/airflow/example_dags/example_branch_datetime_operator.py for tasks to queue
[2023-03-02T13:05:21.477+0000] {logging_mixin.py:137} INFO - [2023-03-02T13:05:21.477+0000] {dagbag.py:538} INFO - Filling up the DagBag from /home/airflow/.local/lib/python3.7/site-packages/airflow/example_dags/example_branch_datetime_operator.py
[2023-03-02T13:05:21.493+0000] {processor.py:753} INFO - DAG(s) dict_keys(['example_branch_datetime_operator', 'example_branch_datetime_operator_3', 'example_branch_datetime_operator_2']) retrieved from /home/airflow/.local/lib/python3.7/site-packages/airflow/example_dags/example_branch_datetime_operator.py
[2023-03-02T13:05:21.519+0000] {logging_mixin.py:137} INFO - [2023-03-02T13:05:21.519+0000] {dag.py:2690} INFO - Sync 3 DAGs
[2023-03-02T13:05:21.536+0000] {logging_mixin.py:137} INFO - [2023-03-02T13:05:21.536+0000] {dag.py:3441} INFO - Setting next_dagrun for example_branch_datetime_operator to 2023-03-01T00:00:00+00:00, run_after=2023-03-02T00:00:00+00:00
[2023-03-02T13:05:21.540+0000] {logging_mixin.py:137} INFO - [2023-03-02T13:05:21.540+0000] {dag.py:3441} INFO - Setting next_dagrun for example_branch_datetime_operator_2 to 2023-03-01T00:00:00+00:00, run_after=2023-03-02T00:00:00+00:00
[2023-03-02T13:05:21.543+0000] {logging_mixin.py:137} INFO - [2023-03-02T13:05:21.543+0000] {dag.py:3441} INFO - Setting next_dagrun for example_branch_datetime_operator_3 to 2023-03-01T00:00:00+00:00, run_after=2023-03-02T00:00:00+00:00
[2023-03-02T13:05:21.557+0000] {processor.py:175} INFO - Processing /home/airflow/.local/lib/python3.7/site-packages/airflow/example_dags/example_branch_datetime_operator.py took 0.087 seconds
[2023-03-02T13:05:51.771+0000] {processor.py:153} INFO - Started process (PID=221) to work on /home/airflow/.local/lib/python3.7/site-packages/airflow/example_dags/example_branch_datetime_operator.py
[2023-03-02T13:05:51.773+0000] {processor.py:743} INFO - Processing file /home/airflow/.local/lib/python3.7/site-packages/airflow/example_dags/example_branch_datetime_operator.py for tasks to queue
[2023-03-02T13:05:51.774+0000] {logging_mixin.py:137} INFO - [2023-03-02T13:05:51.774+0000] {dagbag.py:538} INFO - Filling up the DagBag from /home/airflow/.local/lib/python3.7/site-packages/airflow/example_dags/example_branch_datetime_operator.py
[2023-03-02T13:05:51.799+0000] {processor.py:753} INFO - DAG(s) dict_keys(['example_branch_datetime_operator', 'example_branch_datetime_operator_2', 'example_branch_datetime_operator_3']) retrieved from /home/airflow/.local/lib/python3.7/site-packages/airflow/example_dags/example_branch_datetime_operator.py
[2023-03-02T13:05:51.831+0000] {logging_mixin.py:137} INFO - [2023-03-02T13:05:51.831+0000] {dag.py:2690} INFO - Sync 3 DAGs
[2023-03-02T13:05:51.850+0000] {logging_mixin.py:137} INFO - [2023-03-02T13:05:51.850+0000] {dag.py:3441} INFO - Setting next_dagrun for example_branch_datetime_operator to 2023-03-01T00:00:00+00:00, run_after=2023-03-02T00:00:00+00:00
[2023-03-02T13:05:51.861+0000] {logging_mixin.py:137} INFO - [2023-03-02T13:05:51.861+0000] {dag.py:3441} INFO - Setting next_dagrun for example_branch_datetime_operator_2 to 2023-03-01T00:00:00+00:00, run_after=2023-03-02T00:00:00+00:00
[2023-03-02T13:05:51.864+0000] {logging_mixin.py:137} INFO - [2023-03-02T13:05:51.864+0000] {dag.py:3441} INFO - Setting next_dagrun for example_branch_datetime_operator_3 to 2023-03-01T00:00:00+00:00, run_after=2023-03-02T00:00:00+00:00
[2023-03-02T13:05:51.882+0000] {processor.py:175} INFO - Processing /home/airflow/.local/lib/python3.7/site-packages/airflow/example_dags/example_branch_datetime_operator.py took 0.116 seconds
[2023-03-02T14:26:13.708+0000] {processor.py:153} INFO - Started process (PID=316) to work on /home/airflow/.local/lib/python3.7/site-packages/airflow/example_dags/example_branch_datetime_operator.py
[2023-03-02T14:26:13.737+0000] {processor.py:743} INFO - Processing file /home/airflow/.local/lib/python3.7/site-packages/airflow/example_dags/example_branch_datetime_operator.py for tasks to queue
[2023-03-02T14:26:13.749+0000] {logging_mixin.py:137} INFO - [2023-03-02T14:26:13.749+0000] {dagbag.py:538} INFO - Filling up the DagBag from /home/airflow/.local/lib/python3.7/site-packages/airflow/example_dags/example_branch_datetime_operator.py
[2023-03-02T14:26:14.650+0000] {processor.py:753} INFO - DAG(s) dict_keys(['example_branch_datetime_operator', 'example_branch_datetime_operator_3', 'example_branch_datetime_operator_2']) retrieved from /home/airflow/.local/lib/python3.7/site-packages/airflow/example_dags/example_branch_datetime_operator.py
[2023-03-02T14:26:15.940+0000] {logging_mixin.py:137} INFO - [2023-03-02T14:26:15.927+0000] {dag.py:2690} INFO - Sync 3 DAGs
[2023-03-02T14:26:16.413+0000] {logging_mixin.py:137} INFO - [2023-03-02T14:26:16.411+0000] {dag.py:3441} INFO - Setting next_dagrun for example_branch_datetime_operator to 2023-03-01T00:00:00+00:00, run_after=2023-03-02T00:00:00+00:00
[2023-03-02T14:26:16.458+0000] {logging_mixin.py:137} INFO - [2023-03-02T14:26:16.457+0000] {dag.py:3441} INFO - Setting next_dagrun for example_branch_datetime_operator_2 to 2023-03-01T00:00:00+00:00, run_after=2023-03-02T00:00:00+00:00
[2023-03-02T14:26:16.464+0000] {logging_mixin.py:137} INFO - [2023-03-02T14:26:16.463+0000] {dag.py:3441} INFO - Setting next_dagrun for example_branch_datetime_operator_3 to 2023-03-01T00:00:00+00:00, run_after=2023-03-02T00:00:00+00:00
[2023-03-02T14:26:16.580+0000] {processor.py:175} INFO - Processing /home/airflow/.local/lib/python3.7/site-packages/airflow/example_dags/example_branch_datetime_operator.py took 2.961 seconds
[2023-03-02T14:26:47.251+0000] {processor.py:153} INFO - Started process (PID=380) to work on /home/airflow/.local/lib/python3.7/site-packages/airflow/example_dags/example_branch_datetime_operator.py
[2023-03-02T14:26:47.253+0000] {processor.py:743} INFO - Processing file /home/airflow/.local/lib/python3.7/site-packages/airflow/example_dags/example_branch_datetime_operator.py for tasks to queue
[2023-03-02T14:26:47.255+0000] {logging_mixin.py:137} INFO - [2023-03-02T14:26:47.255+0000] {dagbag.py:538} INFO - Filling up the DagBag from /home/airflow/.local/lib/python3.7/site-packages/airflow/example_dags/example_branch_datetime_operator.py
[2023-03-02T14:26:47.299+0000] {processor.py:753} INFO - DAG(s) dict_keys(['example_branch_datetime_operator_3', 'example_branch_datetime_operator_2', 'example_branch_datetime_operator']) retrieved from /home/airflow/.local/lib/python3.7/site-packages/airflow/example_dags/example_branch_datetime_operator.py
[2023-03-02T14:26:47.367+0000] {logging_mixin.py:137} INFO - [2023-03-02T14:26:47.366+0000] {dag.py:2690} INFO - Sync 3 DAGs
[2023-03-02T14:26:47.398+0000] {logging_mixin.py:137} INFO - [2023-03-02T14:26:47.398+0000] {dag.py:3441} INFO - Setting next_dagrun for example_branch_datetime_operator to 2023-03-01T00:00:00+00:00, run_after=2023-03-02T00:00:00+00:00
[2023-03-02T14:26:47.403+0000] {logging_mixin.py:137} INFO - [2023-03-02T14:26:47.403+0000] {dag.py:3441} INFO - Setting next_dagrun for example_branch_datetime_operator_2 to 2023-03-01T00:00:00+00:00, run_after=2023-03-02T00:00:00+00:00
[2023-03-02T14:26:47.406+0000] {logging_mixin.py:137} INFO - [2023-03-02T14:26:47.405+0000] {dag.py:3441} INFO - Setting next_dagrun for example_branch_datetime_operator_3 to 2023-03-01T00:00:00+00:00, run_after=2023-03-02T00:00:00+00:00
[2023-03-02T14:26:47.421+0000] {processor.py:175} INFO - Processing /home/airflow/.local/lib/python3.7/site-packages/airflow/example_dags/example_branch_datetime_operator.py took 0.176 seconds
[2023-03-02T14:28:23.388+0000] {processor.py:153} INFO - Started process (PID=475) to work on /home/airflow/.local/lib/python3.7/site-packages/airflow/example_dags/example_branch_datetime_operator.py
[2023-03-02T14:28:23.391+0000] {processor.py:743} INFO - Processing file /home/airflow/.local/lib/python3.7/site-packages/airflow/example_dags/example_branch_datetime_operator.py for tasks to queue
[2023-03-02T14:28:23.393+0000] {logging_mixin.py:137} INFO - [2023-03-02T14:28:23.393+0000] {dagbag.py:538} INFO - Filling up the DagBag from /home/airflow/.local/lib/python3.7/site-packages/airflow/example_dags/example_branch_datetime_operator.py
[2023-03-02T14:28:23.414+0000] {processor.py:753} INFO - DAG(s) dict_keys(['example_branch_datetime_operator_2', 'example_branch_datetime_operator', 'example_branch_datetime_operator_3']) retrieved from /home/airflow/.local/lib/python3.7/site-packages/airflow/example_dags/example_branch_datetime_operator.py
[2023-03-02T14:28:23.463+0000] {logging_mixin.py:137} INFO - [2023-03-02T14:28:23.463+0000] {dag.py:2690} INFO - Sync 3 DAGs
[2023-03-02T14:28:23.483+0000] {logging_mixin.py:137} INFO - [2023-03-02T14:28:23.483+0000] {dag.py:3441} INFO - Setting next_dagrun for example_branch_datetime_operator to 2023-03-01T00:00:00+00:00, run_after=2023-03-02T00:00:00+00:00
[2023-03-02T14:28:23.487+0000] {logging_mixin.py:137} INFO - [2023-03-02T14:28:23.487+0000] {dag.py:3441} INFO - Setting next_dagrun for example_branch_datetime_operator_2 to 2023-03-01T00:00:00+00:00, run_after=2023-03-02T00:00:00+00:00
[2023-03-02T14:28:23.488+0000] {logging_mixin.py:137} INFO - [2023-03-02T14:28:23.488+0000] {dag.py:3441} INFO - Setting next_dagrun for example_branch_datetime_operator_3 to 2023-03-01T00:00:00+00:00, run_after=2023-03-02T00:00:00+00:00
[2023-03-02T14:28:23.499+0000] {processor.py:175} INFO - Processing /home/airflow/.local/lib/python3.7/site-packages/airflow/example_dags/example_branch_datetime_operator.py took 0.116 seconds
[2023-03-02T14:28:55.023+0000] {processor.py:153} INFO - Started process (PID=527) to work on /home/airflow/.local/lib/python3.7/site-packages/airflow/example_dags/example_branch_datetime_operator.py
[2023-03-02T14:28:55.026+0000] {processor.py:743} INFO - Processing file /home/airflow/.local/lib/python3.7/site-packages/airflow/example_dags/example_branch_datetime_operator.py for tasks to queue
[2023-03-02T14:28:55.027+0000] {logging_mixin.py:137} INFO - [2023-03-02T14:28:55.027+0000] {dagbag.py:538} INFO - Filling up the DagBag from /home/airflow/.local/lib/python3.7/site-packages/airflow/example_dags/example_branch_datetime_operator.py
[2023-03-02T14:28:55.066+0000] {processor.py:753} INFO - DAG(s) dict_keys(['example_branch_datetime_operator_2', 'example_branch_datetime_operator_3', 'example_branch_datetime_operator']) retrieved from /home/airflow/.local/lib/python3.7/site-packages/airflow/example_dags/example_branch_datetime_operator.py
[2023-03-02T14:28:55.133+0000] {logging_mixin.py:137} INFO - [2023-03-02T14:28:55.133+0000] {dag.py:2690} INFO - Sync 3 DAGs
[2023-03-02T14:28:55.158+0000] {logging_mixin.py:137} INFO - [2023-03-02T14:28:55.157+0000] {dag.py:3441} INFO - Setting next_dagrun for example_branch_datetime_operator to 2023-03-01T00:00:00+00:00, run_after=2023-03-02T00:00:00+00:00
[2023-03-02T14:28:55.166+0000] {logging_mixin.py:137} INFO - [2023-03-02T14:28:55.166+0000] {dag.py:3441} INFO - Setting next_dagrun for example_branch_datetime_operator_2 to 2023-03-01T00:00:00+00:00, run_after=2023-03-02T00:00:00+00:00
[2023-03-02T14:28:55.168+0000] {logging_mixin.py:137} INFO - [2023-03-02T14:28:55.168+0000] {dag.py:3441} INFO - Setting next_dagrun for example_branch_datetime_operator_3 to 2023-03-01T00:00:00+00:00, run_after=2023-03-02T00:00:00+00:00
[2023-03-02T14:28:55.180+0000] {processor.py:175} INFO - Processing /home/airflow/.local/lib/python3.7/site-packages/airflow/example_dags/example_branch_datetime_operator.py took 0.163 seconds
[2023-03-02T15:58:27.685+0000] {processor.py:153} INFO - Started process (PID=590) to work on /home/airflow/.local/lib/python3.7/site-packages/airflow/example_dags/example_branch_datetime_operator.py
[2023-03-02T15:58:27.687+0000] {processor.py:743} INFO - Processing file /home/airflow/.local/lib/python3.7/site-packages/airflow/example_dags/example_branch_datetime_operator.py for tasks to queue
[2023-03-02T15:58:27.688+0000] {logging_mixin.py:137} INFO - [2023-03-02T15:58:27.688+0000] {dagbag.py:538} INFO - Filling up the DagBag from /home/airflow/.local/lib/python3.7/site-packages/airflow/example_dags/example_branch_datetime_operator.py
[2023-03-02T15:58:27.708+0000] {processor.py:753} INFO - DAG(s) dict_keys(['example_branch_datetime_operator', 'example_branch_datetime_operator_2', 'example_branch_datetime_operator_3']) retrieved from /home/airflow/.local/lib/python3.7/site-packages/airflow/example_dags/example_branch_datetime_operator.py
[2023-03-02T15:58:27.738+0000] {logging_mixin.py:137} INFO - [2023-03-02T15:58:27.738+0000] {dag.py:2690} INFO - Sync 3 DAGs
[2023-03-02T15:58:27.755+0000] {logging_mixin.py:137} INFO - [2023-03-02T15:58:27.755+0000] {dag.py:3441} INFO - Setting next_dagrun for example_branch_datetime_operator to 2023-03-01T00:00:00+00:00, run_after=2023-03-02T00:00:00+00:00
[2023-03-02T15:58:27.758+0000] {logging_mixin.py:137} INFO - [2023-03-02T15:58:27.758+0000] {dag.py:3441} INFO - Setting next_dagrun for example_branch_datetime_operator_2 to 2023-03-01T00:00:00+00:00, run_after=2023-03-02T00:00:00+00:00
[2023-03-02T15:58:27.760+0000] {logging_mixin.py:137} INFO - [2023-03-02T15:58:27.760+0000] {dag.py:3441} INFO - Setting next_dagrun for example_branch_datetime_operator_3 to 2023-03-01T00:00:00+00:00, run_after=2023-03-02T00:00:00+00:00
[2023-03-02T15:58:27.771+0000] {processor.py:175} INFO - Processing /home/airflow/.local/lib/python3.7/site-packages/airflow/example_dags/example_branch_datetime_operator.py took 0.089 seconds
[2023-03-02T16:32:20.105+0000] {processor.py:153} INFO - Started process (PID=653) to work on /home/airflow/.local/lib/python3.7/site-packages/airflow/example_dags/example_branch_datetime_operator.py
[2023-03-02T16:32:20.108+0000] {processor.py:743} INFO - Processing file /home/airflow/.local/lib/python3.7/site-packages/airflow/example_dags/example_branch_datetime_operator.py for tasks to queue
[2023-03-02T16:32:20.111+0000] {logging_mixin.py:137} INFO - [2023-03-02T16:32:20.110+0000] {dagbag.py:538} INFO - Filling up the DagBag from /home/airflow/.local/lib/python3.7/site-packages/airflow/example_dags/example_branch_datetime_operator.py
[2023-03-02T16:32:20.127+0000] {processor.py:753} INFO - DAG(s) dict_keys(['example_branch_datetime_operator_3', 'example_branch_datetime_operator_2', 'example_branch_datetime_operator']) retrieved from /home/airflow/.local/lib/python3.7/site-packages/airflow/example_dags/example_branch_datetime_operator.py
[2023-03-02T16:32:20.152+0000] {logging_mixin.py:137} INFO - [2023-03-02T16:32:20.152+0000] {dag.py:2690} INFO - Sync 3 DAGs
[2023-03-02T16:32:20.179+0000] {logging_mixin.py:137} INFO - [2023-03-02T16:32:20.179+0000] {dag.py:3441} INFO - Setting next_dagrun for example_branch_datetime_operator to 2023-03-01T00:00:00+00:00, run_after=2023-03-02T00:00:00+00:00
[2023-03-02T16:32:20.185+0000] {logging_mixin.py:137} INFO - [2023-03-02T16:32:20.185+0000] {dag.py:3441} INFO - Setting next_dagrun for example_branch_datetime_operator_2 to 2023-03-01T00:00:00+00:00, run_after=2023-03-02T00:00:00+00:00
[2023-03-02T16:32:20.188+0000] {logging_mixin.py:137} INFO - [2023-03-02T16:32:20.188+0000] {dag.py:3441} INFO - Setting next_dagrun for example_branch_datetime_operator_3 to 2023-03-01T00:00:00+00:00, run_after=2023-03-02T00:00:00+00:00
[2023-03-02T16:32:20.203+0000] {processor.py:175} INFO - Processing /home/airflow/.local/lib/python3.7/site-packages/airflow/example_dags/example_branch_datetime_operator.py took 0.101 seconds
[2023-03-02T16:40:30.243+0000] {processor.py:153} INFO - Started process (PID=771) to work on /home/airflow/.local/lib/python3.7/site-packages/airflow/example_dags/example_branch_datetime_operator.py
[2023-03-02T16:40:30.252+0000] {processor.py:743} INFO - Processing file /home/airflow/.local/lib/python3.7/site-packages/airflow/example_dags/example_branch_datetime_operator.py for tasks to queue
[2023-03-02T16:40:30.261+0000] {logging_mixin.py:137} INFO - [2023-03-02T16:40:30.260+0000] {dagbag.py:538} INFO - Filling up the DagBag from /home/airflow/.local/lib/python3.7/site-packages/airflow/example_dags/example_branch_datetime_operator.py
[2023-03-02T16:40:30.332+0000] {processor.py:753} INFO - DAG(s) dict_keys(['example_branch_datetime_operator_2', 'example_branch_datetime_operator', 'example_branch_datetime_operator_3']) retrieved from /home/airflow/.local/lib/python3.7/site-packages/airflow/example_dags/example_branch_datetime_operator.py
[2023-03-02T16:40:30.384+0000] {logging_mixin.py:137} INFO - [2023-03-02T16:40:30.384+0000] {dag.py:2690} INFO - Sync 3 DAGs
[2023-03-02T16:40:30.426+0000] {logging_mixin.py:137} INFO - [2023-03-02T16:40:30.425+0000] {dag.py:3441} INFO - Setting next_dagrun for example_branch_datetime_operator to 2023-03-01T00:00:00+00:00, run_after=2023-03-02T00:00:00+00:00
[2023-03-02T16:40:30.441+0000] {logging_mixin.py:137} INFO - [2023-03-02T16:40:30.441+0000] {dag.py:3441} INFO - Setting next_dagrun for example_branch_datetime_operator_2 to 2023-03-01T00:00:00+00:00, run_after=2023-03-02T00:00:00+00:00
[2023-03-02T16:40:30.448+0000] {logging_mixin.py:137} INFO - [2023-03-02T16:40:30.448+0000] {dag.py:3441} INFO - Setting next_dagrun for example_branch_datetime_operator_3 to 2023-03-01T00:00:00+00:00, run_after=2023-03-02T00:00:00+00:00
[2023-03-02T16:40:30.495+0000] {processor.py:175} INFO - Processing /home/airflow/.local/lib/python3.7/site-packages/airflow/example_dags/example_branch_datetime_operator.py took 0.262 seconds
[2023-03-02T16:41:14.429+0000] {processor.py:153} INFO - Started process (PID=846) to work on /home/airflow/.local/lib/python3.7/site-packages/airflow/example_dags/example_branch_datetime_operator.py
[2023-03-02T16:41:14.473+0000] {processor.py:743} INFO - Processing file /home/airflow/.local/lib/python3.7/site-packages/airflow/example_dags/example_branch_datetime_operator.py for tasks to queue
[2023-03-02T16:41:14.479+0000] {logging_mixin.py:137} INFO - [2023-03-02T16:41:14.479+0000] {dagbag.py:538} INFO - Filling up the DagBag from /home/airflow/.local/lib/python3.7/site-packages/airflow/example_dags/example_branch_datetime_operator.py
[2023-03-02T16:41:14.720+0000] {processor.py:753} INFO - DAG(s) dict_keys(['example_branch_datetime_operator_3', 'example_branch_datetime_operator', 'example_branch_datetime_operator_2']) retrieved from /home/airflow/.local/lib/python3.7/site-packages/airflow/example_dags/example_branch_datetime_operator.py
[2023-03-02T16:41:14.966+0000] {logging_mixin.py:137} INFO - [2023-03-02T16:41:14.966+0000] {dag.py:2690} INFO - Sync 3 DAGs
[2023-03-02T16:41:15.135+0000] {logging_mixin.py:137} INFO - [2023-03-02T16:41:15.135+0000] {dag.py:3441} INFO - Setting next_dagrun for example_branch_datetime_operator to 2023-03-01T00:00:00+00:00, run_after=2023-03-02T00:00:00+00:00
[2023-03-02T16:41:15.174+0000] {logging_mixin.py:137} INFO - [2023-03-02T16:41:15.173+0000] {dag.py:3441} INFO - Setting next_dagrun for example_branch_datetime_operator_2 to 2023-03-01T00:00:00+00:00, run_after=2023-03-02T00:00:00+00:00
[2023-03-02T16:41:15.184+0000] {logging_mixin.py:137} INFO - [2023-03-02T16:41:15.183+0000] {dag.py:3441} INFO - Setting next_dagrun for example_branch_datetime_operator_3 to 2023-03-01T00:00:00+00:00, run_after=2023-03-02T00:00:00+00:00
[2023-03-02T16:41:15.259+0000] {processor.py:175} INFO - Processing /home/airflow/.local/lib/python3.7/site-packages/airflow/example_dags/example_branch_datetime_operator.py took 0.890 seconds
[2023-03-02T16:41:45.960+0000] {processor.py:153} INFO - Started process (PID=900) to work on /home/airflow/.local/lib/python3.7/site-packages/airflow/example_dags/example_branch_datetime_operator.py
[2023-03-02T16:41:45.965+0000] {processor.py:743} INFO - Processing file /home/airflow/.local/lib/python3.7/site-packages/airflow/example_dags/example_branch_datetime_operator.py for tasks to queue
[2023-03-02T16:41:45.972+0000] {logging_mixin.py:137} INFO - [2023-03-02T16:41:45.971+0000] {dagbag.py:538} INFO - Filling up the DagBag from /home/airflow/.local/lib/python3.7/site-packages/airflow/example_dags/example_branch_datetime_operator.py
[2023-03-02T16:41:46.091+0000] {processor.py:753} INFO - DAG(s) dict_keys(['example_branch_datetime_operator_3', 'example_branch_datetime_operator', 'example_branch_datetime_operator_2']) retrieved from /home/airflow/.local/lib/python3.7/site-packages/airflow/example_dags/example_branch_datetime_operator.py
[2023-03-02T16:41:46.174+0000] {logging_mixin.py:137} INFO - [2023-03-02T16:41:46.173+0000] {dag.py:2690} INFO - Sync 3 DAGs
[2023-03-02T16:41:46.245+0000] {logging_mixin.py:137} INFO - [2023-03-02T16:41:46.245+0000] {dag.py:3441} INFO - Setting next_dagrun for example_branch_datetime_operator to 2023-03-01T00:00:00+00:00, run_after=2023-03-02T00:00:00+00:00
[2023-03-02T16:41:46.267+0000] {logging_mixin.py:137} INFO - [2023-03-02T16:41:46.267+0000] {dag.py:3441} INFO - Setting next_dagrun for example_branch_datetime_operator_2 to 2023-03-01T00:00:00+00:00, run_after=2023-03-02T00:00:00+00:00
[2023-03-02T16:41:46.280+0000] {logging_mixin.py:137} INFO - [2023-03-02T16:41:46.279+0000] {dag.py:3441} INFO - Setting next_dagrun for example_branch_datetime_operator_3 to 2023-03-01T00:00:00+00:00, run_after=2023-03-02T00:00:00+00:00
[2023-03-02T16:41:46.336+0000] {processor.py:175} INFO - Processing /home/airflow/.local/lib/python3.7/site-packages/airflow/example_dags/example_branch_datetime_operator.py took 0.391 seconds
[2023-03-02T16:42:18.003+0000] {processor.py:153} INFO - Started process (PID=977) to work on /home/airflow/.local/lib/python3.7/site-packages/airflow/example_dags/example_branch_datetime_operator.py
[2023-03-02T16:42:18.012+0000] {processor.py:743} INFO - Processing file /home/airflow/.local/lib/python3.7/site-packages/airflow/example_dags/example_branch_datetime_operator.py for tasks to queue
[2023-03-02T16:42:18.020+0000] {logging_mixin.py:137} INFO - [2023-03-02T16:42:18.020+0000] {dagbag.py:538} INFO - Filling up the DagBag from /home/airflow/.local/lib/python3.7/site-packages/airflow/example_dags/example_branch_datetime_operator.py
[2023-03-02T16:42:18.073+0000] {processor.py:753} INFO - DAG(s) dict_keys(['example_branch_datetime_operator_2', 'example_branch_datetime_operator', 'example_branch_datetime_operator_3']) retrieved from /home/airflow/.local/lib/python3.7/site-packages/airflow/example_dags/example_branch_datetime_operator.py
[2023-03-02T16:42:18.270+0000] {logging_mixin.py:137} INFO - [2023-03-02T16:42:18.269+0000] {dag.py:2690} INFO - Sync 3 DAGs
[2023-03-02T16:42:18.372+0000] {logging_mixin.py:137} INFO - [2023-03-02T16:42:18.370+0000] {dag.py:3441} INFO - Setting next_dagrun for example_branch_datetime_operator to 2023-03-01T00:00:00+00:00, run_after=2023-03-02T00:00:00+00:00
[2023-03-02T16:42:18.387+0000] {logging_mixin.py:137} INFO - [2023-03-02T16:42:18.387+0000] {dag.py:3441} INFO - Setting next_dagrun for example_branch_datetime_operator_2 to 2023-03-01T00:00:00+00:00, run_after=2023-03-02T00:00:00+00:00
[2023-03-02T16:42:18.405+0000] {logging_mixin.py:137} INFO - [2023-03-02T16:42:18.405+0000] {dag.py:3441} INFO - Setting next_dagrun for example_branch_datetime_operator_3 to 2023-03-01T00:00:00+00:00, run_after=2023-03-02T00:00:00+00:00
[2023-03-02T16:42:18.473+0000] {processor.py:175} INFO - Processing /home/airflow/.local/lib/python3.7/site-packages/airflow/example_dags/example_branch_datetime_operator.py took 0.477 seconds
[2023-03-02T16:42:49.163+0000] {processor.py:153} INFO - Started process (PID=1029) to work on /home/airflow/.local/lib/python3.7/site-packages/airflow/example_dags/example_branch_datetime_operator.py
[2023-03-02T16:42:49.165+0000] {processor.py:743} INFO - Processing file /home/airflow/.local/lib/python3.7/site-packages/airflow/example_dags/example_branch_datetime_operator.py for tasks to queue
[2023-03-02T16:42:49.166+0000] {logging_mixin.py:137} INFO - [2023-03-02T16:42:49.166+0000] {dagbag.py:538} INFO - Filling up the DagBag from /home/airflow/.local/lib/python3.7/site-packages/airflow/example_dags/example_branch_datetime_operator.py
[2023-03-02T16:42:49.202+0000] {processor.py:753} INFO - DAG(s) dict_keys(['example_branch_datetime_operator_2', 'example_branch_datetime_operator', 'example_branch_datetime_operator_3']) retrieved from /home/airflow/.local/lib/python3.7/site-packages/airflow/example_dags/example_branch_datetime_operator.py
[2023-03-02T16:42:49.264+0000] {logging_mixin.py:137} INFO - [2023-03-02T16:42:49.264+0000] {dag.py:2690} INFO - Sync 3 DAGs
[2023-03-02T16:42:49.302+0000] {logging_mixin.py:137} INFO - [2023-03-02T16:42:49.302+0000] {dag.py:3441} INFO - Setting next_dagrun for example_branch_datetime_operator to 2023-03-01T00:00:00+00:00, run_after=2023-03-02T00:00:00+00:00
[2023-03-02T16:42:49.308+0000] {logging_mixin.py:137} INFO - [2023-03-02T16:42:49.308+0000] {dag.py:3441} INFO - Setting next_dagrun for example_branch_datetime_operator_2 to 2023-03-01T00:00:00+00:00, run_after=2023-03-02T00:00:00+00:00
[2023-03-02T16:42:49.310+0000] {logging_mixin.py:137} INFO - [2023-03-02T16:42:49.310+0000] {dag.py:3441} INFO - Setting next_dagrun for example_branch_datetime_operator_3 to 2023-03-01T00:00:00+00:00, run_after=2023-03-02T00:00:00+00:00
[2023-03-02T16:42:49.340+0000] {processor.py:175} INFO - Processing /home/airflow/.local/lib/python3.7/site-packages/airflow/example_dags/example_branch_datetime_operator.py took 0.182 seconds
[2023-03-02T16:43:20.202+0000] {processor.py:153} INFO - Started process (PID=1105) to work on /home/airflow/.local/lib/python3.7/site-packages/airflow/example_dags/example_branch_datetime_operator.py
[2023-03-02T16:43:20.205+0000] {processor.py:743} INFO - Processing file /home/airflow/.local/lib/python3.7/site-packages/airflow/example_dags/example_branch_datetime_operator.py for tasks to queue
[2023-03-02T16:43:20.206+0000] {logging_mixin.py:137} INFO - [2023-03-02T16:43:20.206+0000] {dagbag.py:538} INFO - Filling up the DagBag from /home/airflow/.local/lib/python3.7/site-packages/airflow/example_dags/example_branch_datetime_operator.py
[2023-03-02T16:43:20.244+0000] {processor.py:753} INFO - DAG(s) dict_keys(['example_branch_datetime_operator_3', 'example_branch_datetime_operator', 'example_branch_datetime_operator_2']) retrieved from /home/airflow/.local/lib/python3.7/site-packages/airflow/example_dags/example_branch_datetime_operator.py
[2023-03-02T16:43:20.294+0000] {logging_mixin.py:137} INFO - [2023-03-02T16:43:20.294+0000] {dag.py:2690} INFO - Sync 3 DAGs
[2023-03-02T16:43:20.321+0000] {logging_mixin.py:137} INFO - [2023-03-02T16:43:20.320+0000] {dag.py:3441} INFO - Setting next_dagrun for example_branch_datetime_operator to 2023-03-01T00:00:00+00:00, run_after=2023-03-02T00:00:00+00:00
[2023-03-02T16:43:20.325+0000] {logging_mixin.py:137} INFO - [2023-03-02T16:43:20.325+0000] {dag.py:3441} INFO - Setting next_dagrun for example_branch_datetime_operator_2 to 2023-03-01T00:00:00+00:00, run_after=2023-03-02T00:00:00+00:00
[2023-03-02T16:43:20.328+0000] {logging_mixin.py:137} INFO - [2023-03-02T16:43:20.328+0000] {dag.py:3441} INFO - Setting next_dagrun for example_branch_datetime_operator_3 to 2023-03-01T00:00:00+00:00, run_after=2023-03-02T00:00:00+00:00
[2023-03-02T16:43:20.348+0000] {processor.py:175} INFO - Processing /home/airflow/.local/lib/python3.7/site-packages/airflow/example_dags/example_branch_datetime_operator.py took 0.151 seconds
[2023-03-02T16:43:50.466+0000] {processor.py:153} INFO - Started process (PID=1168) to work on /home/airflow/.local/lib/python3.7/site-packages/airflow/example_dags/example_branch_datetime_operator.py
[2023-03-02T16:43:50.467+0000] {processor.py:743} INFO - Processing file /home/airflow/.local/lib/python3.7/site-packages/airflow/example_dags/example_branch_datetime_operator.py for tasks to queue
[2023-03-02T16:43:50.468+0000] {logging_mixin.py:137} INFO - [2023-03-02T16:43:50.467+0000] {dagbag.py:538} INFO - Filling up the DagBag from /home/airflow/.local/lib/python3.7/site-packages/airflow/example_dags/example_branch_datetime_operator.py
[2023-03-02T16:43:50.479+0000] {processor.py:753} INFO - DAG(s) dict_keys(['example_branch_datetime_operator', 'example_branch_datetime_operator_3', 'example_branch_datetime_operator_2']) retrieved from /home/airflow/.local/lib/python3.7/site-packages/airflow/example_dags/example_branch_datetime_operator.py
[2023-03-02T16:43:50.502+0000] {logging_mixin.py:137} INFO - [2023-03-02T16:43:50.502+0000] {dag.py:2690} INFO - Sync 3 DAGs
[2023-03-02T16:43:50.518+0000] {logging_mixin.py:137} INFO - [2023-03-02T16:43:50.518+0000] {dag.py:3441} INFO - Setting next_dagrun for example_branch_datetime_operator to 2023-03-01T00:00:00+00:00, run_after=2023-03-02T00:00:00+00:00
[2023-03-02T16:43:50.521+0000] {logging_mixin.py:137} INFO - [2023-03-02T16:43:50.521+0000] {dag.py:3441} INFO - Setting next_dagrun for example_branch_datetime_operator_2 to 2023-03-01T00:00:00+00:00, run_after=2023-03-02T00:00:00+00:00
[2023-03-02T16:43:50.523+0000] {logging_mixin.py:137} INFO - [2023-03-02T16:43:50.523+0000] {dag.py:3441} INFO - Setting next_dagrun for example_branch_datetime_operator_3 to 2023-03-01T00:00:00+00:00, run_after=2023-03-02T00:00:00+00:00
[2023-03-02T16:43:50.532+0000] {processor.py:175} INFO - Processing /home/airflow/.local/lib/python3.7/site-packages/airflow/example_dags/example_branch_datetime_operator.py took 0.070 seconds
[2023-03-02T16:44:22.441+0000] {processor.py:153} INFO - Started process (PID=1230) to work on /home/airflow/.local/lib/python3.7/site-packages/airflow/example_dags/example_branch_datetime_operator.py
[2023-03-02T16:44:22.452+0000] {processor.py:743} INFO - Processing file /home/airflow/.local/lib/python3.7/site-packages/airflow/example_dags/example_branch_datetime_operator.py for tasks to queue
[2023-03-02T16:44:22.482+0000] {logging_mixin.py:137} INFO - [2023-03-02T16:44:22.481+0000] {dagbag.py:538} INFO - Filling up the DagBag from /home/airflow/.local/lib/python3.7/site-packages/airflow/example_dags/example_branch_datetime_operator.py
[2023-03-02T16:44:22.672+0000] {processor.py:753} INFO - DAG(s) dict_keys(['example_branch_datetime_operator', 'example_branch_datetime_operator_3', 'example_branch_datetime_operator_2']) retrieved from /home/airflow/.local/lib/python3.7/site-packages/airflow/example_dags/example_branch_datetime_operator.py
[2023-03-02T16:44:22.950+0000] {logging_mixin.py:137} INFO - [2023-03-02T16:44:22.950+0000] {dag.py:2690} INFO - Sync 3 DAGs
[2023-03-02T16:44:23.263+0000] {logging_mixin.py:137} INFO - [2023-03-02T16:44:23.260+0000] {dag.py:3441} INFO - Setting next_dagrun for example_branch_datetime_operator to 2023-03-01T00:00:00+00:00, run_after=2023-03-02T00:00:00+00:00
[2023-03-02T16:44:23.337+0000] {logging_mixin.py:137} INFO - [2023-03-02T16:44:23.336+0000] {dag.py:3441} INFO - Setting next_dagrun for example_branch_datetime_operator_2 to 2023-03-01T00:00:00+00:00, run_after=2023-03-02T00:00:00+00:00
[2023-03-02T16:44:23.346+0000] {logging_mixin.py:137} INFO - [2023-03-02T16:44:23.346+0000] {dag.py:3441} INFO - Setting next_dagrun for example_branch_datetime_operator_3 to 2023-03-01T00:00:00+00:00, run_after=2023-03-02T00:00:00+00:00
[2023-03-02T16:44:23.772+0000] {processor.py:175} INFO - Processing /home/airflow/.local/lib/python3.7/site-packages/airflow/example_dags/example_branch_datetime_operator.py took 1.355 seconds
[2023-03-02T16:49:51.932+0000] {processor.py:153} INFO - Started process (PID=1301) to work on /home/airflow/.local/lib/python3.7/site-packages/airflow/example_dags/example_branch_datetime_operator.py
[2023-03-02T16:49:51.938+0000] {processor.py:743} INFO - Processing file /home/airflow/.local/lib/python3.7/site-packages/airflow/example_dags/example_branch_datetime_operator.py for tasks to queue
[2023-03-02T16:49:51.940+0000] {logging_mixin.py:137} INFO - [2023-03-02T16:49:51.940+0000] {dagbag.py:538} INFO - Filling up the DagBag from /home/airflow/.local/lib/python3.7/site-packages/airflow/example_dags/example_branch_datetime_operator.py
[2023-03-02T16:49:51.960+0000] {processor.py:753} INFO - DAG(s) dict_keys(['example_branch_datetime_operator', 'example_branch_datetime_operator_3', 'example_branch_datetime_operator_2']) retrieved from /home/airflow/.local/lib/python3.7/site-packages/airflow/example_dags/example_branch_datetime_operator.py
[2023-03-02T16:49:52.070+0000] {logging_mixin.py:137} INFO - [2023-03-02T16:49:52.069+0000] {dag.py:2690} INFO - Sync 3 DAGs
[2023-03-02T16:49:52.088+0000] {logging_mixin.py:137} INFO - [2023-03-02T16:49:52.088+0000] {dag.py:3441} INFO - Setting next_dagrun for example_branch_datetime_operator to 2023-03-01T00:00:00+00:00, run_after=2023-03-02T00:00:00+00:00
[2023-03-02T16:49:52.097+0000] {logging_mixin.py:137} INFO - [2023-03-02T16:49:52.096+0000] {dag.py:3441} INFO - Setting next_dagrun for example_branch_datetime_operator_2 to 2023-03-01T00:00:00+00:00, run_after=2023-03-02T00:00:00+00:00
[2023-03-02T16:49:52.100+0000] {logging_mixin.py:137} INFO - [2023-03-02T16:49:52.100+0000] {dag.py:3441} INFO - Setting next_dagrun for example_branch_datetime_operator_3 to 2023-03-01T00:00:00+00:00, run_after=2023-03-02T00:00:00+00:00
[2023-03-02T16:49:52.119+0000] {processor.py:175} INFO - Processing /home/airflow/.local/lib/python3.7/site-packages/airflow/example_dags/example_branch_datetime_operator.py took 0.191 seconds
[2023-03-02T16:50:27.533+0000] {processor.py:153} INFO - Started process (PID=1376) to work on /home/airflow/.local/lib/python3.7/site-packages/airflow/example_dags/example_branch_datetime_operator.py
[2023-03-02T16:50:27.536+0000] {processor.py:743} INFO - Processing file /home/airflow/.local/lib/python3.7/site-packages/airflow/example_dags/example_branch_datetime_operator.py for tasks to queue
[2023-03-02T16:50:27.538+0000] {logging_mixin.py:137} INFO - [2023-03-02T16:50:27.538+0000] {dagbag.py:538} INFO - Filling up the DagBag from /home/airflow/.local/lib/python3.7/site-packages/airflow/example_dags/example_branch_datetime_operator.py
[2023-03-02T16:50:27.567+0000] {processor.py:753} INFO - DAG(s) dict_keys(['example_branch_datetime_operator_2', 'example_branch_datetime_operator', 'example_branch_datetime_operator_3']) retrieved from /home/airflow/.local/lib/python3.7/site-packages/airflow/example_dags/example_branch_datetime_operator.py
[2023-03-02T16:50:27.666+0000] {logging_mixin.py:137} INFO - [2023-03-02T16:50:27.666+0000] {dag.py:2690} INFO - Sync 3 DAGs
[2023-03-02T16:50:27.710+0000] {logging_mixin.py:137} INFO - [2023-03-02T16:50:27.709+0000] {dag.py:3441} INFO - Setting next_dagrun for example_branch_datetime_operator to 2023-03-01T00:00:00+00:00, run_after=2023-03-02T00:00:00+00:00
[2023-03-02T16:50:27.715+0000] {logging_mixin.py:137} INFO - [2023-03-02T16:50:27.715+0000] {dag.py:3441} INFO - Setting next_dagrun for example_branch_datetime_operator_2 to 2023-03-01T00:00:00+00:00, run_after=2023-03-02T00:00:00+00:00
[2023-03-02T16:50:27.720+0000] {logging_mixin.py:137} INFO - [2023-03-02T16:50:27.720+0000] {dag.py:3441} INFO - Setting next_dagrun for example_branch_datetime_operator_3 to 2023-03-01T00:00:00+00:00, run_after=2023-03-02T00:00:00+00:00
[2023-03-02T16:50:27.764+0000] {processor.py:175} INFO - Processing /home/airflow/.local/lib/python3.7/site-packages/airflow/example_dags/example_branch_datetime_operator.py took 0.235 seconds
[2023-03-02T16:50:59.279+0000] {processor.py:153} INFO - Started process (PID=1441) to work on /home/airflow/.local/lib/python3.7/site-packages/airflow/example_dags/example_branch_datetime_operator.py
[2023-03-02T16:50:59.282+0000] {processor.py:743} INFO - Processing file /home/airflow/.local/lib/python3.7/site-packages/airflow/example_dags/example_branch_datetime_operator.py for tasks to queue
[2023-03-02T16:50:59.283+0000] {logging_mixin.py:137} INFO - [2023-03-02T16:50:59.283+0000] {dagbag.py:538} INFO - Filling up the DagBag from /home/airflow/.local/lib/python3.7/site-packages/airflow/example_dags/example_branch_datetime_operator.py
[2023-03-02T16:50:59.301+0000] {processor.py:753} INFO - DAG(s) dict_keys(['example_branch_datetime_operator_2', 'example_branch_datetime_operator', 'example_branch_datetime_operator_3']) retrieved from /home/airflow/.local/lib/python3.7/site-packages/airflow/example_dags/example_branch_datetime_operator.py
[2023-03-02T16:50:59.380+0000] {logging_mixin.py:137} INFO - [2023-03-02T16:50:59.379+0000] {dag.py:2690} INFO - Sync 3 DAGs
[2023-03-02T16:50:59.436+0000] {logging_mixin.py:137} INFO - [2023-03-02T16:50:59.436+0000] {dag.py:3441} INFO - Setting next_dagrun for example_branch_datetime_operator to 2023-03-01T00:00:00+00:00, run_after=2023-03-02T00:00:00+00:00
[2023-03-02T16:50:59.442+0000] {logging_mixin.py:137} INFO - [2023-03-02T16:50:59.442+0000] {dag.py:3441} INFO - Setting next_dagrun for example_branch_datetime_operator_2 to 2023-03-01T00:00:00+00:00, run_after=2023-03-02T00:00:00+00:00
[2023-03-02T16:50:59.445+0000] {logging_mixin.py:137} INFO - [2023-03-02T16:50:59.444+0000] {dag.py:3441} INFO - Setting next_dagrun for example_branch_datetime_operator_3 to 2023-03-01T00:00:00+00:00, run_after=2023-03-02T00:00:00+00:00
[2023-03-02T16:50:59.463+0000] {processor.py:175} INFO - Processing /home/airflow/.local/lib/python3.7/site-packages/airflow/example_dags/example_branch_datetime_operator.py took 0.187 seconds
[2023-03-02T16:51:31.554+0000] {processor.py:153} INFO - Started process (PID=1504) to work on /home/airflow/.local/lib/python3.7/site-packages/airflow/example_dags/example_branch_datetime_operator.py
[2023-03-02T16:51:31.556+0000] {processor.py:743} INFO - Processing file /home/airflow/.local/lib/python3.7/site-packages/airflow/example_dags/example_branch_datetime_operator.py for tasks to queue
[2023-03-02T16:51:31.558+0000] {logging_mixin.py:137} INFO - [2023-03-02T16:51:31.557+0000] {dagbag.py:538} INFO - Filling up the DagBag from /home/airflow/.local/lib/python3.7/site-packages/airflow/example_dags/example_branch_datetime_operator.py
[2023-03-02T16:51:31.572+0000] {processor.py:753} INFO - DAG(s) dict_keys(['example_branch_datetime_operator_2', 'example_branch_datetime_operator', 'example_branch_datetime_operator_3']) retrieved from /home/airflow/.local/lib/python3.7/site-packages/airflow/example_dags/example_branch_datetime_operator.py
[2023-03-02T16:51:31.597+0000] {logging_mixin.py:137} INFO - [2023-03-02T16:51:31.597+0000] {dag.py:2690} INFO - Sync 3 DAGs
[2023-03-02T16:51:31.615+0000] {logging_mixin.py:137} INFO - [2023-03-02T16:51:31.615+0000] {dag.py:3441} INFO - Setting next_dagrun for example_branch_datetime_operator to 2023-03-01T00:00:00+00:00, run_after=2023-03-02T00:00:00+00:00
[2023-03-02T16:51:31.619+0000] {logging_mixin.py:137} INFO - [2023-03-02T16:51:31.619+0000] {dag.py:3441} INFO - Setting next_dagrun for example_branch_datetime_operator_2 to 2023-03-01T00:00:00+00:00, run_after=2023-03-02T00:00:00+00:00
[2023-03-02T16:51:31.621+0000] {logging_mixin.py:137} INFO - [2023-03-02T16:51:31.621+0000] {dag.py:3441} INFO - Setting next_dagrun for example_branch_datetime_operator_3 to 2023-03-01T00:00:00+00:00, run_after=2023-03-02T00:00:00+00:00
[2023-03-02T16:51:31.631+0000] {processor.py:175} INFO - Processing /home/airflow/.local/lib/python3.7/site-packages/airflow/example_dags/example_branch_datetime_operator.py took 0.081 seconds
[2023-03-02T16:52:01.888+0000] {processor.py:153} INFO - Started process (PID=1568) to work on /home/airflow/.local/lib/python3.7/site-packages/airflow/example_dags/example_branch_datetime_operator.py
[2023-03-02T16:52:01.890+0000] {processor.py:743} INFO - Processing file /home/airflow/.local/lib/python3.7/site-packages/airflow/example_dags/example_branch_datetime_operator.py for tasks to queue
[2023-03-02T16:52:01.891+0000] {logging_mixin.py:137} INFO - [2023-03-02T16:52:01.891+0000] {dagbag.py:538} INFO - Filling up the DagBag from /home/airflow/.local/lib/python3.7/site-packages/airflow/example_dags/example_branch_datetime_operator.py
[2023-03-02T16:52:01.913+0000] {processor.py:753} INFO - DAG(s) dict_keys(['example_branch_datetime_operator_2', 'example_branch_datetime_operator_3', 'example_branch_datetime_operator']) retrieved from /home/airflow/.local/lib/python3.7/site-packages/airflow/example_dags/example_branch_datetime_operator.py
[2023-03-02T16:52:01.945+0000] {logging_mixin.py:137} INFO - [2023-03-02T16:52:01.944+0000] {dag.py:2690} INFO - Sync 3 DAGs
[2023-03-02T16:52:01.963+0000] {logging_mixin.py:137} INFO - [2023-03-02T16:52:01.963+0000] {dag.py:3441} INFO - Setting next_dagrun for example_branch_datetime_operator to 2023-03-01T00:00:00+00:00, run_after=2023-03-02T00:00:00+00:00
[2023-03-02T16:52:01.969+0000] {logging_mixin.py:137} INFO - [2023-03-02T16:52:01.969+0000] {dag.py:3441} INFO - Setting next_dagrun for example_branch_datetime_operator_2 to 2023-03-01T00:00:00+00:00, run_after=2023-03-02T00:00:00+00:00
[2023-03-02T16:52:01.976+0000] {logging_mixin.py:137} INFO - [2023-03-02T16:52:01.976+0000] {dag.py:3441} INFO - Setting next_dagrun for example_branch_datetime_operator_3 to 2023-03-01T00:00:00+00:00, run_after=2023-03-02T00:00:00+00:00
[2023-03-02T16:52:02.005+0000] {processor.py:175} INFO - Processing /home/airflow/.local/lib/python3.7/site-packages/airflow/example_dags/example_branch_datetime_operator.py took 0.121 seconds
[2023-03-02T16:52:35.826+0000] {processor.py:153} INFO - Started process (PID=1643) to work on /home/airflow/.local/lib/python3.7/site-packages/airflow/example_dags/example_branch_datetime_operator.py
[2023-03-02T16:52:35.828+0000] {processor.py:743} INFO - Processing file /home/airflow/.local/lib/python3.7/site-packages/airflow/example_dags/example_branch_datetime_operator.py for tasks to queue
[2023-03-02T16:52:35.829+0000] {logging_mixin.py:137} INFO - [2023-03-02T16:52:35.829+0000] {dagbag.py:538} INFO - Filling up the DagBag from /home/airflow/.local/lib/python3.7/site-packages/airflow/example_dags/example_branch_datetime_operator.py
[2023-03-02T16:52:35.844+0000] {processor.py:753} INFO - DAG(s) dict_keys(['example_branch_datetime_operator_3', 'example_branch_datetime_operator', 'example_branch_datetime_operator_2']) retrieved from /home/airflow/.local/lib/python3.7/site-packages/airflow/example_dags/example_branch_datetime_operator.py
[2023-03-02T16:52:35.869+0000] {logging_mixin.py:137} INFO - [2023-03-02T16:52:35.869+0000] {dag.py:2690} INFO - Sync 3 DAGs
[2023-03-02T16:52:35.888+0000] {logging_mixin.py:137} INFO - [2023-03-02T16:52:35.888+0000] {dag.py:3441} INFO - Setting next_dagrun for example_branch_datetime_operator to 2023-03-01T00:00:00+00:00, run_after=2023-03-02T00:00:00+00:00
[2023-03-02T16:52:35.893+0000] {logging_mixin.py:137} INFO - [2023-03-02T16:52:35.893+0000] {dag.py:3441} INFO - Setting next_dagrun for example_branch_datetime_operator_2 to 2023-03-01T00:00:00+00:00, run_after=2023-03-02T00:00:00+00:00
[2023-03-02T16:52:35.897+0000] {logging_mixin.py:137} INFO - [2023-03-02T16:52:35.897+0000] {dag.py:3441} INFO - Setting next_dagrun for example_branch_datetime_operator_3 to 2023-03-01T00:00:00+00:00, run_after=2023-03-02T00:00:00+00:00
[2023-03-02T16:52:35.913+0000] {processor.py:175} INFO - Processing /home/airflow/.local/lib/python3.7/site-packages/airflow/example_dags/example_branch_datetime_operator.py took 0.090 seconds
[2023-03-02T16:53:06.668+0000] {processor.py:153} INFO - Started process (PID=1708) to work on /home/airflow/.local/lib/python3.7/site-packages/airflow/example_dags/example_branch_datetime_operator.py
[2023-03-02T16:53:06.670+0000] {processor.py:743} INFO - Processing file /home/airflow/.local/lib/python3.7/site-packages/airflow/example_dags/example_branch_datetime_operator.py for tasks to queue
[2023-03-02T16:53:06.671+0000] {logging_mixin.py:137} INFO - [2023-03-02T16:53:06.671+0000] {dagbag.py:538} INFO - Filling up the DagBag from /home/airflow/.local/lib/python3.7/site-packages/airflow/example_dags/example_branch_datetime_operator.py
[2023-03-02T16:53:06.684+0000] {processor.py:753} INFO - DAG(s) dict_keys(['example_branch_datetime_operator', 'example_branch_datetime_operator_2', 'example_branch_datetime_operator_3']) retrieved from /home/airflow/.local/lib/python3.7/site-packages/airflow/example_dags/example_branch_datetime_operator.py
[2023-03-02T16:53:06.711+0000] {logging_mixin.py:137} INFO - [2023-03-02T16:53:06.711+0000] {dag.py:2690} INFO - Sync 3 DAGs
[2023-03-02T16:53:06.729+0000] {logging_mixin.py:137} INFO - [2023-03-02T16:53:06.729+0000] {dag.py:3441} INFO - Setting next_dagrun for example_branch_datetime_operator to 2023-03-01T00:00:00+00:00, run_after=2023-03-02T00:00:00+00:00
[2023-03-02T16:53:06.732+0000] {logging_mixin.py:137} INFO - [2023-03-02T16:53:06.732+0000] {dag.py:3441} INFO - Setting next_dagrun for example_branch_datetime_operator_2 to 2023-03-01T00:00:00+00:00, run_after=2023-03-02T00:00:00+00:00
[2023-03-02T16:53:06.734+0000] {logging_mixin.py:137} INFO - [2023-03-02T16:53:06.734+0000] {dag.py:3441} INFO - Setting next_dagrun for example_branch_datetime_operator_3 to 2023-03-01T00:00:00+00:00, run_after=2023-03-02T00:00:00+00:00
[2023-03-02T16:53:06.745+0000] {processor.py:175} INFO - Processing /home/airflow/.local/lib/python3.7/site-packages/airflow/example_dags/example_branch_datetime_operator.py took 0.080 seconds
[2023-03-02T16:53:37.705+0000] {processor.py:153} INFO - Started process (PID=1782) to work on /home/airflow/.local/lib/python3.7/site-packages/airflow/example_dags/example_branch_datetime_operator.py
[2023-03-02T16:53:37.707+0000] {processor.py:743} INFO - Processing file /home/airflow/.local/lib/python3.7/site-packages/airflow/example_dags/example_branch_datetime_operator.py for tasks to queue
[2023-03-02T16:53:37.708+0000] {logging_mixin.py:137} INFO - [2023-03-02T16:53:37.708+0000] {dagbag.py:538} INFO - Filling up the DagBag from /home/airflow/.local/lib/python3.7/site-packages/airflow/example_dags/example_branch_datetime_operator.py
[2023-03-02T16:53:37.726+0000] {processor.py:753} INFO - DAG(s) dict_keys(['example_branch_datetime_operator_3', 'example_branch_datetime_operator', 'example_branch_datetime_operator_2']) retrieved from /home/airflow/.local/lib/python3.7/site-packages/airflow/example_dags/example_branch_datetime_operator.py
[2023-03-02T16:53:37.757+0000] {logging_mixin.py:137} INFO - [2023-03-02T16:53:37.757+0000] {dag.py:2690} INFO - Sync 3 DAGs
[2023-03-02T16:53:37.775+0000] {logging_mixin.py:137} INFO - [2023-03-02T16:53:37.775+0000] {dag.py:3441} INFO - Setting next_dagrun for example_branch_datetime_operator to 2023-03-01T00:00:00+00:00, run_after=2023-03-02T00:00:00+00:00
[2023-03-02T16:53:37.778+0000] {logging_mixin.py:137} INFO - [2023-03-02T16:53:37.778+0000] {dag.py:3441} INFO - Setting next_dagrun for example_branch_datetime_operator_2 to 2023-03-01T00:00:00+00:00, run_after=2023-03-02T00:00:00+00:00
[2023-03-02T16:53:37.780+0000] {logging_mixin.py:137} INFO - [2023-03-02T16:53:37.780+0000] {dag.py:3441} INFO - Setting next_dagrun for example_branch_datetime_operator_3 to 2023-03-01T00:00:00+00:00, run_after=2023-03-02T00:00:00+00:00
[2023-03-02T16:53:37.790+0000] {processor.py:175} INFO - Processing /home/airflow/.local/lib/python3.7/site-packages/airflow/example_dags/example_branch_datetime_operator.py took 0.089 seconds
[2023-03-02T16:54:08.287+0000] {processor.py:153} INFO - Started process (PID=1846) to work on /home/airflow/.local/lib/python3.7/site-packages/airflow/example_dags/example_branch_datetime_operator.py
[2023-03-02T16:54:08.292+0000] {processor.py:743} INFO - Processing file /home/airflow/.local/lib/python3.7/site-packages/airflow/example_dags/example_branch_datetime_operator.py for tasks to queue
[2023-03-02T16:54:08.296+0000] {logging_mixin.py:137} INFO - [2023-03-02T16:54:08.295+0000] {dagbag.py:538} INFO - Filling up the DagBag from /home/airflow/.local/lib/python3.7/site-packages/airflow/example_dags/example_branch_datetime_operator.py
[2023-03-02T16:54:08.337+0000] {processor.py:753} INFO - DAG(s) dict_keys(['example_branch_datetime_operator', 'example_branch_datetime_operator_2', 'example_branch_datetime_operator_3']) retrieved from /home/airflow/.local/lib/python3.7/site-packages/airflow/example_dags/example_branch_datetime_operator.py
[2023-03-02T16:54:08.411+0000] {logging_mixin.py:137} INFO - [2023-03-02T16:54:08.410+0000] {dag.py:2690} INFO - Sync 3 DAGs
[2023-03-02T16:54:08.445+0000] {logging_mixin.py:137} INFO - [2023-03-02T16:54:08.445+0000] {dag.py:3441} INFO - Setting next_dagrun for example_branch_datetime_operator to 2023-03-01T00:00:00+00:00, run_after=2023-03-02T00:00:00+00:00
[2023-03-02T16:54:08.456+0000] {logging_mixin.py:137} INFO - [2023-03-02T16:54:08.456+0000] {dag.py:3441} INFO - Setting next_dagrun for example_branch_datetime_operator_2 to 2023-03-01T00:00:00+00:00, run_after=2023-03-02T00:00:00+00:00
[2023-03-02T16:54:08.460+0000] {logging_mixin.py:137} INFO - [2023-03-02T16:54:08.460+0000] {dag.py:3441} INFO - Setting next_dagrun for example_branch_datetime_operator_3 to 2023-03-01T00:00:00+00:00, run_after=2023-03-02T00:00:00+00:00
[2023-03-02T16:54:08.478+0000] {processor.py:175} INFO - Processing /home/airflow/.local/lib/python3.7/site-packages/airflow/example_dags/example_branch_datetime_operator.py took 0.241 seconds
[2023-03-02T17:25:21.465+0000] {processor.py:153} INFO - Started process (PID=1967) to work on /home/airflow/.local/lib/python3.7/site-packages/airflow/example_dags/example_branch_datetime_operator.py
[2023-03-02T17:25:21.467+0000] {processor.py:743} INFO - Processing file /home/airflow/.local/lib/python3.7/site-packages/airflow/example_dags/example_branch_datetime_operator.py for tasks to queue
[2023-03-02T17:25:21.469+0000] {logging_mixin.py:137} INFO - [2023-03-02T17:25:21.469+0000] {dagbag.py:538} INFO - Filling up the DagBag from /home/airflow/.local/lib/python3.7/site-packages/airflow/example_dags/example_branch_datetime_operator.py
[2023-03-02T17:25:21.542+0000] {processor.py:753} INFO - DAG(s) dict_keys(['example_branch_datetime_operator', 'example_branch_datetime_operator_3', 'example_branch_datetime_operator_2']) retrieved from /home/airflow/.local/lib/python3.7/site-packages/airflow/example_dags/example_branch_datetime_operator.py
[2023-03-02T17:25:21.612+0000] {logging_mixin.py:137} INFO - [2023-03-02T17:25:21.612+0000] {dag.py:2690} INFO - Sync 3 DAGs
[2023-03-02T17:25:21.657+0000] {logging_mixin.py:137} INFO - [2023-03-02T17:25:21.657+0000] {dag.py:3441} INFO - Setting next_dagrun for example_branch_datetime_operator to 2023-03-01T00:00:00+00:00, run_after=2023-03-02T00:00:00+00:00
[2023-03-02T17:25:21.665+0000] {logging_mixin.py:137} INFO - [2023-03-02T17:25:21.665+0000] {dag.py:3441} INFO - Setting next_dagrun for example_branch_datetime_operator_2 to 2023-03-01T00:00:00+00:00, run_after=2023-03-02T00:00:00+00:00
[2023-03-02T17:25:21.670+0000] {logging_mixin.py:137} INFO - [2023-03-02T17:25:21.670+0000] {dag.py:3441} INFO - Setting next_dagrun for example_branch_datetime_operator_3 to 2023-03-01T00:00:00+00:00, run_after=2023-03-02T00:00:00+00:00
[2023-03-02T17:25:21.686+0000] {processor.py:175} INFO - Processing /home/airflow/.local/lib/python3.7/site-packages/airflow/example_dags/example_branch_datetime_operator.py took 0.228 seconds
[2023-03-02T17:25:51.915+0000] {processor.py:153} INFO - Started process (PID=2033) to work on /home/airflow/.local/lib/python3.7/site-packages/airflow/example_dags/example_branch_datetime_operator.py
[2023-03-02T17:25:51.917+0000] {processor.py:743} INFO - Processing file /home/airflow/.local/lib/python3.7/site-packages/airflow/example_dags/example_branch_datetime_operator.py for tasks to queue
[2023-03-02T17:25:51.919+0000] {logging_mixin.py:137} INFO - [2023-03-02T17:25:51.919+0000] {dagbag.py:538} INFO - Filling up the DagBag from /home/airflow/.local/lib/python3.7/site-packages/airflow/example_dags/example_branch_datetime_operator.py
[2023-03-02T17:25:51.932+0000] {processor.py:753} INFO - DAG(s) dict_keys(['example_branch_datetime_operator_2', 'example_branch_datetime_operator', 'example_branch_datetime_operator_3']) retrieved from /home/airflow/.local/lib/python3.7/site-packages/airflow/example_dags/example_branch_datetime_operator.py
[2023-03-02T17:25:51.955+0000] {logging_mixin.py:137} INFO - [2023-03-02T17:25:51.955+0000] {dag.py:2690} INFO - Sync 3 DAGs
[2023-03-02T17:25:51.970+0000] {logging_mixin.py:137} INFO - [2023-03-02T17:25:51.970+0000] {dag.py:3441} INFO - Setting next_dagrun for example_branch_datetime_operator to 2023-03-01T00:00:00+00:00, run_after=2023-03-02T00:00:00+00:00
[2023-03-02T17:25:51.974+0000] {logging_mixin.py:137} INFO - [2023-03-02T17:25:51.973+0000] {dag.py:3441} INFO - Setting next_dagrun for example_branch_datetime_operator_2 to 2023-03-01T00:00:00+00:00, run_after=2023-03-02T00:00:00+00:00
[2023-03-02T17:25:51.976+0000] {logging_mixin.py:137} INFO - [2023-03-02T17:25:51.976+0000] {dag.py:3441} INFO - Setting next_dagrun for example_branch_datetime_operator_3 to 2023-03-01T00:00:00+00:00, run_after=2023-03-02T00:00:00+00:00
[2023-03-02T17:25:51.990+0000] {processor.py:175} INFO - Processing /home/airflow/.local/lib/python3.7/site-packages/airflow/example_dags/example_branch_datetime_operator.py took 0.078 seconds
[2023-03-02T17:26:23.199+0000] {processor.py:153} INFO - Started process (PID=2110) to work on /home/airflow/.local/lib/python3.7/site-packages/airflow/example_dags/example_branch_datetime_operator.py
[2023-03-02T17:26:23.204+0000] {processor.py:743} INFO - Processing file /home/airflow/.local/lib/python3.7/site-packages/airflow/example_dags/example_branch_datetime_operator.py for tasks to queue
[2023-03-02T17:26:23.218+0000] {logging_mixin.py:137} INFO - [2023-03-02T17:26:23.207+0000] {dagbag.py:538} INFO - Filling up the DagBag from /home/airflow/.local/lib/python3.7/site-packages/airflow/example_dags/example_branch_datetime_operator.py
[2023-03-02T17:26:23.252+0000] {processor.py:753} INFO - DAG(s) dict_keys(['example_branch_datetime_operator_3', 'example_branch_datetime_operator', 'example_branch_datetime_operator_2']) retrieved from /home/airflow/.local/lib/python3.7/site-packages/airflow/example_dags/example_branch_datetime_operator.py
[2023-03-02T17:26:23.344+0000] {logging_mixin.py:137} INFO - [2023-03-02T17:26:23.344+0000] {dag.py:2690} INFO - Sync 3 DAGs
[2023-03-02T17:26:23.407+0000] {logging_mixin.py:137} INFO - [2023-03-02T17:26:23.407+0000] {dag.py:3441} INFO - Setting next_dagrun for example_branch_datetime_operator to 2023-03-01T00:00:00+00:00, run_after=2023-03-02T00:00:00+00:00
[2023-03-02T17:26:23.414+0000] {logging_mixin.py:137} INFO - [2023-03-02T17:26:23.414+0000] {dag.py:3441} INFO - Setting next_dagrun for example_branch_datetime_operator_2 to 2023-03-01T00:00:00+00:00, run_after=2023-03-02T00:00:00+00:00
[2023-03-02T17:26:23.417+0000] {logging_mixin.py:137} INFO - [2023-03-02T17:26:23.417+0000] {dag.py:3441} INFO - Setting next_dagrun for example_branch_datetime_operator_3 to 2023-03-01T00:00:00+00:00, run_after=2023-03-02T00:00:00+00:00
[2023-03-02T17:26:23.457+0000] {processor.py:175} INFO - Processing /home/airflow/.local/lib/python3.7/site-packages/airflow/example_dags/example_branch_datetime_operator.py took 0.266 seconds
[2023-03-02T17:26:57.177+0000] {processor.py:153} INFO - Started process (PID=2180) to work on /home/airflow/.local/lib/python3.7/site-packages/airflow/example_dags/example_branch_datetime_operator.py
[2023-03-02T17:26:57.180+0000] {processor.py:743} INFO - Processing file /home/airflow/.local/lib/python3.7/site-packages/airflow/example_dags/example_branch_datetime_operator.py for tasks to queue
[2023-03-02T17:26:57.183+0000] {logging_mixin.py:137} INFO - [2023-03-02T17:26:57.181+0000] {dagbag.py:538} INFO - Filling up the DagBag from /home/airflow/.local/lib/python3.7/site-packages/airflow/example_dags/example_branch_datetime_operator.py
[2023-03-02T17:26:57.242+0000] {processor.py:753} INFO - DAG(s) dict_keys(['example_branch_datetime_operator_3', 'example_branch_datetime_operator', 'example_branch_datetime_operator_2']) retrieved from /home/airflow/.local/lib/python3.7/site-packages/airflow/example_dags/example_branch_datetime_operator.py
[2023-03-02T17:26:57.530+0000] {logging_mixin.py:137} INFO - [2023-03-02T17:26:57.528+0000] {dag.py:2690} INFO - Sync 3 DAGs
[2023-03-02T17:26:57.941+0000] {logging_mixin.py:137} INFO - [2023-03-02T17:26:57.938+0000] {dag.py:3441} INFO - Setting next_dagrun for example_branch_datetime_operator to 2023-03-01T00:00:00+00:00, run_after=2023-03-02T00:00:00+00:00
[2023-03-02T17:26:58.024+0000] {logging_mixin.py:137} INFO - [2023-03-02T17:26:58.024+0000] {dag.py:3441} INFO - Setting next_dagrun for example_branch_datetime_operator_2 to 2023-03-01T00:00:00+00:00, run_after=2023-03-02T00:00:00+00:00
[2023-03-02T17:26:58.122+0000] {logging_mixin.py:137} INFO - [2023-03-02T17:26:58.121+0000] {dag.py:3441} INFO - Setting next_dagrun for example_branch_datetime_operator_3 to 2023-03-01T00:00:00+00:00, run_after=2023-03-02T00:00:00+00:00
[2023-03-02T17:26:58.415+0000] {processor.py:175} INFO - Processing /home/airflow/.local/lib/python3.7/site-packages/airflow/example_dags/example_branch_datetime_operator.py took 1.245 seconds
[2023-03-02T18:31:46.211+0000] {processor.py:153} INFO - Started process (PID=2262) to work on /home/airflow/.local/lib/python3.7/site-packages/airflow/example_dags/example_branch_datetime_operator.py
[2023-03-02T18:31:46.213+0000] {processor.py:743} INFO - Processing file /home/airflow/.local/lib/python3.7/site-packages/airflow/example_dags/example_branch_datetime_operator.py for tasks to queue
[2023-03-02T18:31:46.215+0000] {logging_mixin.py:137} INFO - [2023-03-02T18:31:46.214+0000] {dagbag.py:538} INFO - Filling up the DagBag from /home/airflow/.local/lib/python3.7/site-packages/airflow/example_dags/example_branch_datetime_operator.py
[2023-03-02T18:31:46.232+0000] {processor.py:753} INFO - DAG(s) dict_keys(['example_branch_datetime_operator_2', 'example_branch_datetime_operator_3', 'example_branch_datetime_operator']) retrieved from /home/airflow/.local/lib/python3.7/site-packages/airflow/example_dags/example_branch_datetime_operator.py
[2023-03-02T18:31:46.263+0000] {logging_mixin.py:137} INFO - [2023-03-02T18:31:46.262+0000] {dag.py:2690} INFO - Sync 3 DAGs
[2023-03-02T18:31:46.282+0000] {logging_mixin.py:137} INFO - [2023-03-02T18:31:46.282+0000] {dag.py:3441} INFO - Setting next_dagrun for example_branch_datetime_operator to 2023-03-01T00:00:00+00:00, run_after=2023-03-02T00:00:00+00:00
[2023-03-02T18:31:46.286+0000] {logging_mixin.py:137} INFO - [2023-03-02T18:31:46.286+0000] {dag.py:3441} INFO - Setting next_dagrun for example_branch_datetime_operator_2 to 2023-03-01T00:00:00+00:00, run_after=2023-03-02T00:00:00+00:00
[2023-03-02T18:31:46.288+0000] {logging_mixin.py:137} INFO - [2023-03-02T18:31:46.288+0000] {dag.py:3441} INFO - Setting next_dagrun for example_branch_datetime_operator_3 to 2023-03-01T00:00:00+00:00, run_after=2023-03-02T00:00:00+00:00
[2023-03-02T18:31:46.300+0000] {processor.py:175} INFO - Processing /home/airflow/.local/lib/python3.7/site-packages/airflow/example_dags/example_branch_datetime_operator.py took 0.092 seconds
[2023-03-02T18:49:46.434+0000] {processor.py:153} INFO - Started process (PID=2325) to work on /home/airflow/.local/lib/python3.7/site-packages/airflow/example_dags/example_branch_datetime_operator.py
[2023-03-02T18:49:46.437+0000] {processor.py:743} INFO - Processing file /home/airflow/.local/lib/python3.7/site-packages/airflow/example_dags/example_branch_datetime_operator.py for tasks to queue
[2023-03-02T18:49:46.440+0000] {logging_mixin.py:137} INFO - [2023-03-02T18:49:46.440+0000] {dagbag.py:538} INFO - Filling up the DagBag from /home/airflow/.local/lib/python3.7/site-packages/airflow/example_dags/example_branch_datetime_operator.py
[2023-03-02T18:49:46.465+0000] {processor.py:753} INFO - DAG(s) dict_keys(['example_branch_datetime_operator_3', 'example_branch_datetime_operator', 'example_branch_datetime_operator_2']) retrieved from /home/airflow/.local/lib/python3.7/site-packages/airflow/example_dags/example_branch_datetime_operator.py
[2023-03-02T18:49:46.508+0000] {logging_mixin.py:137} INFO - [2023-03-02T18:49:46.508+0000] {dag.py:2690} INFO - Sync 3 DAGs
[2023-03-02T18:49:46.533+0000] {logging_mixin.py:137} INFO - [2023-03-02T18:49:46.533+0000] {dag.py:3441} INFO - Setting next_dagrun for example_branch_datetime_operator to 2023-03-01T00:00:00+00:00, run_after=2023-03-02T00:00:00+00:00
[2023-03-02T18:49:46.586+0000] {logging_mixin.py:137} INFO - [2023-03-02T18:49:46.586+0000] {dag.py:3441} INFO - Setting next_dagrun for example_branch_datetime_operator_2 to 2023-03-01T00:00:00+00:00, run_after=2023-03-02T00:00:00+00:00
[2023-03-02T18:49:46.591+0000] {logging_mixin.py:137} INFO - [2023-03-02T18:49:46.590+0000] {dag.py:3441} INFO - Setting next_dagrun for example_branch_datetime_operator_3 to 2023-03-01T00:00:00+00:00, run_after=2023-03-02T00:00:00+00:00
[2023-03-02T18:49:46.623+0000] {processor.py:175} INFO - Processing /home/airflow/.local/lib/python3.7/site-packages/airflow/example_dags/example_branch_datetime_operator.py took 0.193 seconds
[2023-03-02T20:56:24.613+0000] {processor.py:153} INFO - Started process (PID=2425) to work on /home/airflow/.local/lib/python3.7/site-packages/airflow/example_dags/example_branch_datetime_operator.py
[2023-03-02T20:56:24.661+0000] {processor.py:743} INFO - Processing file /home/airflow/.local/lib/python3.7/site-packages/airflow/example_dags/example_branch_datetime_operator.py for tasks to queue
[2023-03-02T20:56:24.690+0000] {logging_mixin.py:137} INFO - [2023-03-02T20:56:24.680+0000] {dagbag.py:538} INFO - Filling up the DagBag from /home/airflow/.local/lib/python3.7/site-packages/airflow/example_dags/example_branch_datetime_operator.py
[2023-03-02T20:56:26.063+0000] {processor.py:753} INFO - DAG(s) dict_keys(['example_branch_datetime_operator_3', 'example_branch_datetime_operator', 'example_branch_datetime_operator_2']) retrieved from /home/airflow/.local/lib/python3.7/site-packages/airflow/example_dags/example_branch_datetime_operator.py
[2023-03-02T21:32:12.203+0000] {logging_mixin.py:137} INFO - [2023-03-02T21:32:12.189+0000] {dag.py:2690} INFO - Sync 3 DAGs
