[2023-03-02T13:04:42.332+0000] {processor.py:153} INFO - Started process (PID=57) to work on /home/airflow/.local/lib/python3.7/site-packages/airflow/example_dags/example_short_circuit_decorator.py
[2023-03-02T13:04:42.333+0000] {processor.py:743} INFO - Processing file /home/airflow/.local/lib/python3.7/site-packages/airflow/example_dags/example_short_circuit_decorator.py for tasks to queue
[2023-03-02T13:04:42.335+0000] {logging_mixin.py:137} INFO - [2023-03-02T13:04:42.335+0000] {dagbag.py:538} INFO - Filling up the DagBag from /home/airflow/.local/lib/python3.7/site-packages/airflow/example_dags/example_short_circuit_decorator.py
[2023-03-02T13:04:42.398+0000] {processor.py:753} INFO - DAG(s) dict_keys(['example_short_circuit_decorator']) retrieved from /home/airflow/.local/lib/python3.7/site-packages/airflow/example_dags/example_short_circuit_decorator.py
[2023-03-02T13:04:42.958+0000] {logging_mixin.py:137} INFO - [2023-03-02T13:04:42.957+0000] {manager.py:504} INFO - Created Permission View: can delete on DAG:example_short_circuit_decorator
[2023-03-02T13:04:42.973+0000] {logging_mixin.py:137} INFO - [2023-03-02T13:04:42.973+0000] {manager.py:504} INFO - Created Permission View: can read on DAG:example_short_circuit_decorator
[2023-03-02T13:04:42.999+0000] {logging_mixin.py:137} INFO - [2023-03-02T13:04:42.999+0000] {manager.py:504} INFO - Created Permission View: can edit on DAG:example_short_circuit_decorator
[2023-03-02T13:04:43.001+0000] {logging_mixin.py:137} INFO - [2023-03-02T13:04:43.001+0000] {dag.py:2690} INFO - Sync 1 DAGs
[2023-03-02T13:04:43.030+0000] {logging_mixin.py:137} INFO - [2023-03-02T13:04:43.030+0000] {dag.py:2711} INFO - Creating ORM DAG for example_short_circuit_decorator
[2023-03-02T13:04:43.093+0000] {logging_mixin.py:137} INFO - [2023-03-02T13:04:43.092+0000] {dag.py:3441} INFO - Setting next_dagrun for example_short_circuit_decorator to 2023-03-01T13:04:43.087380+00:00, run_after=2023-03-02T13:04:43.087380+00:00
[2023-03-02T13:04:43.164+0000] {processor.py:175} INFO - Processing /home/airflow/.local/lib/python3.7/site-packages/airflow/example_dags/example_short_circuit_decorator.py took 0.836 seconds
[2023-03-02T13:05:13.506+0000] {processor.py:153} INFO - Started process (PID=121) to work on /home/airflow/.local/lib/python3.7/site-packages/airflow/example_dags/example_short_circuit_decorator.py
[2023-03-02T13:05:13.509+0000] {processor.py:743} INFO - Processing file /home/airflow/.local/lib/python3.7/site-packages/airflow/example_dags/example_short_circuit_decorator.py for tasks to queue
[2023-03-02T13:05:13.514+0000] {logging_mixin.py:137} INFO - [2023-03-02T13:05:13.513+0000] {dagbag.py:538} INFO - Filling up the DagBag from /home/airflow/.local/lib/python3.7/site-packages/airflow/example_dags/example_short_circuit_decorator.py
[2023-03-02T13:05:13.566+0000] {processor.py:753} INFO - DAG(s) dict_keys(['example_short_circuit_decorator']) retrieved from /home/airflow/.local/lib/python3.7/site-packages/airflow/example_dags/example_short_circuit_decorator.py
[2023-03-02T13:05:13.593+0000] {logging_mixin.py:137} INFO - [2023-03-02T13:05:13.593+0000] {dag.py:2690} INFO - Sync 1 DAGs
[2023-03-02T13:05:13.625+0000] {logging_mixin.py:137} INFO - [2023-03-02T13:05:13.625+0000] {dag.py:3441} INFO - Setting next_dagrun for example_short_circuit_decorator to 2023-03-01T13:05:13.625228+00:00, run_after=2023-03-02T13:05:13.625228+00:00
[2023-03-02T13:05:13.640+0000] {processor.py:175} INFO - Processing /home/airflow/.local/lib/python3.7/site-packages/airflow/example_dags/example_short_circuit_decorator.py took 0.144 seconds
[2023-03-02T13:05:43.803+0000] {processor.py:153} INFO - Started process (PID=194) to work on /home/airflow/.local/lib/python3.7/site-packages/airflow/example_dags/example_short_circuit_decorator.py
[2023-03-02T13:05:43.805+0000] {processor.py:743} INFO - Processing file /home/airflow/.local/lib/python3.7/site-packages/airflow/example_dags/example_short_circuit_decorator.py for tasks to queue
[2023-03-02T13:05:43.806+0000] {logging_mixin.py:137} INFO - [2023-03-02T13:05:43.806+0000] {dagbag.py:538} INFO - Filling up the DagBag from /home/airflow/.local/lib/python3.7/site-packages/airflow/example_dags/example_short_circuit_decorator.py
[2023-03-02T13:05:43.834+0000] {processor.py:753} INFO - DAG(s) dict_keys(['example_short_circuit_decorator']) retrieved from /home/airflow/.local/lib/python3.7/site-packages/airflow/example_dags/example_short_circuit_decorator.py
[2023-03-02T13:05:43.878+0000] {logging_mixin.py:137} INFO - [2023-03-02T13:05:43.878+0000] {dag.py:2690} INFO - Sync 1 DAGs
[2023-03-02T13:05:43.923+0000] {logging_mixin.py:137} INFO - [2023-03-02T13:05:43.923+0000] {dag.py:3441} INFO - Setting next_dagrun for example_short_circuit_decorator to 2023-03-01T13:05:43.921451+00:00, run_after=2023-03-02T13:05:43.921451+00:00
[2023-03-02T13:05:43.968+0000] {processor.py:175} INFO - Processing /home/airflow/.local/lib/python3.7/site-packages/airflow/example_dags/example_short_circuit_decorator.py took 0.170 seconds
[2023-03-02T13:06:14.270+0000] {processor.py:153} INFO - Started process (PID=260) to work on /home/airflow/.local/lib/python3.7/site-packages/airflow/example_dags/example_short_circuit_decorator.py
[2023-03-02T13:06:14.273+0000] {processor.py:743} INFO - Processing file /home/airflow/.local/lib/python3.7/site-packages/airflow/example_dags/example_short_circuit_decorator.py for tasks to queue
[2023-03-02T13:06:14.275+0000] {logging_mixin.py:137} INFO - [2023-03-02T13:06:14.274+0000] {dagbag.py:538} INFO - Filling up the DagBag from /home/airflow/.local/lib/python3.7/site-packages/airflow/example_dags/example_short_circuit_decorator.py
[2023-03-02T13:06:14.333+0000] {processor.py:753} INFO - DAG(s) dict_keys(['example_short_circuit_decorator']) retrieved from /home/airflow/.local/lib/python3.7/site-packages/airflow/example_dags/example_short_circuit_decorator.py
[2023-03-02T13:06:14.388+0000] {logging_mixin.py:137} INFO - [2023-03-02T13:06:14.388+0000] {dag.py:2690} INFO - Sync 1 DAGs
[2023-03-02T13:06:14.414+0000] {logging_mixin.py:137} INFO - [2023-03-02T13:06:14.414+0000] {dag.py:3441} INFO - Setting next_dagrun for example_short_circuit_decorator to 2023-03-01T13:06:14.414021+00:00, run_after=2023-03-02T13:06:14.414021+00:00
[2023-03-02T13:06:14.441+0000] {processor.py:175} INFO - Processing /home/airflow/.local/lib/python3.7/site-packages/airflow/example_dags/example_short_circuit_decorator.py took 0.181 seconds
[2023-03-02T14:26:27.538+0000] {processor.py:153} INFO - Started process (PID=343) to work on /home/airflow/.local/lib/python3.7/site-packages/airflow/example_dags/example_short_circuit_decorator.py
[2023-03-02T14:26:27.542+0000] {processor.py:743} INFO - Processing file /home/airflow/.local/lib/python3.7/site-packages/airflow/example_dags/example_short_circuit_decorator.py for tasks to queue
[2023-03-02T14:26:27.545+0000] {logging_mixin.py:137} INFO - [2023-03-02T14:26:27.544+0000] {dagbag.py:538} INFO - Filling up the DagBag from /home/airflow/.local/lib/python3.7/site-packages/airflow/example_dags/example_short_circuit_decorator.py
[2023-03-02T14:26:27.645+0000] {processor.py:753} INFO - DAG(s) dict_keys(['example_short_circuit_decorator']) retrieved from /home/airflow/.local/lib/python3.7/site-packages/airflow/example_dags/example_short_circuit_decorator.py
[2023-03-02T14:26:27.738+0000] {logging_mixin.py:137} INFO - [2023-03-02T14:26:27.737+0000] {dag.py:2690} INFO - Sync 1 DAGs
[2023-03-02T14:26:27.805+0000] {logging_mixin.py:137} INFO - [2023-03-02T14:26:27.804+0000] {dag.py:3441} INFO - Setting next_dagrun for example_short_circuit_decorator to 2023-03-01T14:26:27.803621+00:00, run_after=2023-03-02T14:26:27.803621+00:00
[2023-03-02T14:26:27.863+0000] {processor.py:175} INFO - Processing /home/airflow/.local/lib/python3.7/site-packages/airflow/example_dags/example_short_circuit_decorator.py took 0.332 seconds
[2023-03-02T14:27:01.087+0000] {processor.py:153} INFO - Started process (PID=405) to work on /home/airflow/.local/lib/python3.7/site-packages/airflow/example_dags/example_short_circuit_decorator.py
[2023-03-02T14:27:01.090+0000] {processor.py:743} INFO - Processing file /home/airflow/.local/lib/python3.7/site-packages/airflow/example_dags/example_short_circuit_decorator.py for tasks to queue
[2023-03-02T14:27:01.094+0000] {logging_mixin.py:137} INFO - [2023-03-02T14:27:01.094+0000] {dagbag.py:538} INFO - Filling up the DagBag from /home/airflow/.local/lib/python3.7/site-packages/airflow/example_dags/example_short_circuit_decorator.py
[2023-03-02T14:27:01.251+0000] {processor.py:753} INFO - DAG(s) dict_keys(['example_short_circuit_decorator']) retrieved from /home/airflow/.local/lib/python3.7/site-packages/airflow/example_dags/example_short_circuit_decorator.py
[2023-03-02T14:27:01.723+0000] {logging_mixin.py:137} INFO - [2023-03-02T14:27:01.720+0000] {dag.py:2690} INFO - Sync 1 DAGs
[2023-03-02T14:27:01.905+0000] {logging_mixin.py:137} INFO - [2023-03-02T14:27:01.905+0000] {dag.py:3441} INFO - Setting next_dagrun for example_short_circuit_decorator to 2023-03-01T14:27:01.903830+00:00, run_after=2023-03-02T14:27:01.903830+00:00
[2023-03-02T14:27:01.975+0000] {processor.py:175} INFO - Processing /home/airflow/.local/lib/python3.7/site-packages/airflow/example_dags/example_short_circuit_decorator.py took 0.898 seconds
[2023-03-02T14:28:15.158+0000] {processor.py:153} INFO - Started process (PID=439) to work on /home/airflow/.local/lib/python3.7/site-packages/airflow/example_dags/example_short_circuit_decorator.py
[2023-03-02T14:28:15.162+0000] {processor.py:743} INFO - Processing file /home/airflow/.local/lib/python3.7/site-packages/airflow/example_dags/example_short_circuit_decorator.py for tasks to queue
[2023-03-02T14:28:15.164+0000] {logging_mixin.py:137} INFO - [2023-03-02T14:28:15.164+0000] {dagbag.py:538} INFO - Filling up the DagBag from /home/airflow/.local/lib/python3.7/site-packages/airflow/example_dags/example_short_circuit_decorator.py
[2023-03-02T14:28:15.226+0000] {processor.py:753} INFO - DAG(s) dict_keys(['example_short_circuit_decorator']) retrieved from /home/airflow/.local/lib/python3.7/site-packages/airflow/example_dags/example_short_circuit_decorator.py
[2023-03-02T14:28:15.281+0000] {logging_mixin.py:137} INFO - [2023-03-02T14:28:15.281+0000] {dag.py:2690} INFO - Sync 1 DAGs
[2023-03-02T14:28:15.352+0000] {logging_mixin.py:137} INFO - [2023-03-02T14:28:15.352+0000] {dag.py:3441} INFO - Setting next_dagrun for example_short_circuit_decorator to 2023-03-01T14:28:15.352007+00:00, run_after=2023-03-02T14:28:15.352007+00:00
[2023-03-02T14:28:15.396+0000] {processor.py:175} INFO - Processing /home/airflow/.local/lib/python3.7/site-packages/airflow/example_dags/example_short_circuit_decorator.py took 0.253 seconds
[2023-03-02T14:28:52.244+0000] {processor.py:153} INFO - Started process (PID=503) to work on /home/airflow/.local/lib/python3.7/site-packages/airflow/example_dags/example_short_circuit_decorator.py
[2023-03-02T14:28:52.245+0000] {processor.py:743} INFO - Processing file /home/airflow/.local/lib/python3.7/site-packages/airflow/example_dags/example_short_circuit_decorator.py for tasks to queue
[2023-03-02T14:28:52.247+0000] {logging_mixin.py:137} INFO - [2023-03-02T14:28:52.247+0000] {dagbag.py:538} INFO - Filling up the DagBag from /home/airflow/.local/lib/python3.7/site-packages/airflow/example_dags/example_short_circuit_decorator.py
[2023-03-02T14:28:52.274+0000] {processor.py:753} INFO - DAG(s) dict_keys(['example_short_circuit_decorator']) retrieved from /home/airflow/.local/lib/python3.7/site-packages/airflow/example_dags/example_short_circuit_decorator.py
[2023-03-02T14:28:52.300+0000] {logging_mixin.py:137} INFO - [2023-03-02T14:28:52.300+0000] {dag.py:2690} INFO - Sync 1 DAGs
[2023-03-02T14:28:52.331+0000] {logging_mixin.py:137} INFO - [2023-03-02T14:28:52.331+0000] {dag.py:3441} INFO - Setting next_dagrun for example_short_circuit_decorator to 2023-03-01T14:28:52.330626+00:00, run_after=2023-03-02T14:28:52.330626+00:00
[2023-03-02T14:28:52.350+0000] {processor.py:175} INFO - Processing /home/airflow/.local/lib/python3.7/site-packages/airflow/example_dags/example_short_circuit_decorator.py took 0.110 seconds
[2023-03-02T15:58:25.901+0000] {processor.py:153} INFO - Started process (PID=566) to work on /home/airflow/.local/lib/python3.7/site-packages/airflow/example_dags/example_short_circuit_decorator.py
[2023-03-02T15:58:25.905+0000] {processor.py:743} INFO - Processing file /home/airflow/.local/lib/python3.7/site-packages/airflow/example_dags/example_short_circuit_decorator.py for tasks to queue
[2023-03-02T15:58:25.906+0000] {logging_mixin.py:137} INFO - [2023-03-02T15:58:25.906+0000] {dagbag.py:538} INFO - Filling up the DagBag from /home/airflow/.local/lib/python3.7/site-packages/airflow/example_dags/example_short_circuit_decorator.py
[2023-03-02T15:58:25.953+0000] {processor.py:753} INFO - DAG(s) dict_keys(['example_short_circuit_decorator']) retrieved from /home/airflow/.local/lib/python3.7/site-packages/airflow/example_dags/example_short_circuit_decorator.py
[2023-03-02T15:58:25.996+0000] {logging_mixin.py:137} INFO - [2023-03-02T15:58:25.996+0000] {dag.py:2690} INFO - Sync 1 DAGs
[2023-03-02T15:58:26.022+0000] {logging_mixin.py:137} INFO - [2023-03-02T15:58:26.022+0000] {dag.py:3441} INFO - Setting next_dagrun for example_short_circuit_decorator to 2023-03-01T15:58:26.021627+00:00, run_after=2023-03-02T15:58:26.021627+00:00
[2023-03-02T15:58:26.042+0000] {processor.py:175} INFO - Processing /home/airflow/.local/lib/python3.7/site-packages/airflow/example_dags/example_short_circuit_decorator.py took 0.144 seconds
[2023-03-02T16:32:17.133+0000] {processor.py:153} INFO - Started process (PID=629) to work on /home/airflow/.local/lib/python3.7/site-packages/airflow/example_dags/example_short_circuit_decorator.py
[2023-03-02T16:32:17.135+0000] {processor.py:743} INFO - Processing file /home/airflow/.local/lib/python3.7/site-packages/airflow/example_dags/example_short_circuit_decorator.py for tasks to queue
[2023-03-02T16:32:17.141+0000] {logging_mixin.py:137} INFO - [2023-03-02T16:32:17.140+0000] {dagbag.py:538} INFO - Filling up the DagBag from /home/airflow/.local/lib/python3.7/site-packages/airflow/example_dags/example_short_circuit_decorator.py
[2023-03-02T16:32:17.237+0000] {processor.py:753} INFO - DAG(s) dict_keys(['example_short_circuit_decorator']) retrieved from /home/airflow/.local/lib/python3.7/site-packages/airflow/example_dags/example_short_circuit_decorator.py
[2023-03-02T16:32:17.350+0000] {logging_mixin.py:137} INFO - [2023-03-02T16:32:17.350+0000] {dag.py:2690} INFO - Sync 1 DAGs
[2023-03-02T16:32:17.438+0000] {logging_mixin.py:137} INFO - [2023-03-02T16:32:17.437+0000] {dag.py:3441} INFO - Setting next_dagrun for example_short_circuit_decorator to 2023-03-01T16:32:17.433197+00:00, run_after=2023-03-02T16:32:17.433197+00:00
[2023-03-02T16:32:17.477+0000] {processor.py:175} INFO - Processing /home/airflow/.local/lib/python3.7/site-packages/airflow/example_dags/example_short_circuit_decorator.py took 0.350 seconds
[2023-03-02T16:38:50.417+0000] {processor.py:153} INFO - Started process (PID=698) to work on /home/airflow/.local/lib/python3.7/site-packages/airflow/example_dags/example_short_circuit_decorator.py
[2023-03-02T16:38:50.441+0000] {processor.py:743} INFO - Processing file /home/airflow/.local/lib/python3.7/site-packages/airflow/example_dags/example_short_circuit_decorator.py for tasks to queue
[2023-03-02T16:38:50.471+0000] {logging_mixin.py:137} INFO - [2023-03-02T16:38:50.471+0000] {dagbag.py:538} INFO - Filling up the DagBag from /home/airflow/.local/lib/python3.7/site-packages/airflow/example_dags/example_short_circuit_decorator.py
[2023-03-02T16:38:53.755+0000] {processor.py:753} INFO - DAG(s) dict_keys(['example_short_circuit_decorator']) retrieved from /home/airflow/.local/lib/python3.7/site-packages/airflow/example_dags/example_short_circuit_decorator.py
[2023-03-02T16:39:02.887+0000] {logging_mixin.py:137} INFO - [2023-03-02T16:39:02.878+0000] {dag.py:2690} INFO - Sync 1 DAGs
[2023-03-02T16:39:06.398+0000] {logging_mixin.py:137} INFO - [2023-03-02T16:39:06.357+0000] {dag.py:3441} INFO - Setting next_dagrun for example_short_circuit_decorator to 2023-03-01T16:39:06.090681+00:00, run_after=2023-03-02T16:39:06.090681+00:00
[2023-03-02T16:39:24.597+0000] {processor.py:175} INFO - Processing /home/airflow/.local/lib/python3.7/site-packages/airflow/example_dags/example_short_circuit_decorator.py took 34.729 seconds
[2023-03-02T16:40:34.525+0000] {processor.py:153} INFO - Started process (PID=786) to work on /home/airflow/.local/lib/python3.7/site-packages/airflow/example_dags/example_short_circuit_decorator.py
[2023-03-02T16:40:34.528+0000] {processor.py:743} INFO - Processing file /home/airflow/.local/lib/python3.7/site-packages/airflow/example_dags/example_short_circuit_decorator.py for tasks to queue
[2023-03-02T16:40:34.531+0000] {logging_mixin.py:137} INFO - [2023-03-02T16:40:34.530+0000] {dagbag.py:538} INFO - Filling up the DagBag from /home/airflow/.local/lib/python3.7/site-packages/airflow/example_dags/example_short_circuit_decorator.py
[2023-03-02T16:40:34.581+0000] {processor.py:753} INFO - DAG(s) dict_keys(['example_short_circuit_decorator']) retrieved from /home/airflow/.local/lib/python3.7/site-packages/airflow/example_dags/example_short_circuit_decorator.py
[2023-03-02T16:40:34.635+0000] {logging_mixin.py:137} INFO - [2023-03-02T16:40:34.634+0000] {dag.py:2690} INFO - Sync 1 DAGs
[2023-03-02T16:40:34.667+0000] {logging_mixin.py:137} INFO - [2023-03-02T16:40:34.667+0000] {dag.py:3441} INFO - Setting next_dagrun for example_short_circuit_decorator to 2023-03-01T16:40:34.667088+00:00, run_after=2023-03-02T16:40:34.667088+00:00
[2023-03-02T16:40:34.693+0000] {processor.py:175} INFO - Processing /home/airflow/.local/lib/python3.7/site-packages/airflow/example_dags/example_short_circuit_decorator.py took 0.172 seconds
[2023-03-02T16:41:20.631+0000] {processor.py:153} INFO - Started process (PID=860) to work on /home/airflow/.local/lib/python3.7/site-packages/airflow/example_dags/example_short_circuit_decorator.py
[2023-03-02T16:41:20.658+0000] {processor.py:743} INFO - Processing file /home/airflow/.local/lib/python3.7/site-packages/airflow/example_dags/example_short_circuit_decorator.py for tasks to queue
[2023-03-02T16:41:20.689+0000] {logging_mixin.py:137} INFO - [2023-03-02T16:41:20.677+0000] {dagbag.py:538} INFO - Filling up the DagBag from /home/airflow/.local/lib/python3.7/site-packages/airflow/example_dags/example_short_circuit_decorator.py
[2023-03-02T16:41:20.976+0000] {processor.py:753} INFO - DAG(s) dict_keys(['example_short_circuit_decorator']) retrieved from /home/airflow/.local/lib/python3.7/site-packages/airflow/example_dags/example_short_circuit_decorator.py
[2023-03-02T16:41:21.247+0000] {logging_mixin.py:137} INFO - [2023-03-02T16:41:21.247+0000] {dag.py:2690} INFO - Sync 1 DAGs
[2023-03-02T16:41:21.391+0000] {logging_mixin.py:137} INFO - [2023-03-02T16:41:21.391+0000] {dag.py:3441} INFO - Setting next_dagrun for example_short_circuit_decorator to 2023-03-01T16:41:21.389663+00:00, run_after=2023-03-02T16:41:21.389663+00:00
[2023-03-02T16:41:21.530+0000] {processor.py:175} INFO - Processing /home/airflow/.local/lib/python3.7/site-packages/airflow/example_dags/example_short_circuit_decorator.py took 1.063 seconds
[2023-03-02T16:41:51.995+0000] {processor.py:153} INFO - Started process (PID=923) to work on /home/airflow/.local/lib/python3.7/site-packages/airflow/example_dags/example_short_circuit_decorator.py
[2023-03-02T16:41:52.004+0000] {processor.py:743} INFO - Processing file /home/airflow/.local/lib/python3.7/site-packages/airflow/example_dags/example_short_circuit_decorator.py for tasks to queue
[2023-03-02T16:41:52.025+0000] {logging_mixin.py:137} INFO - [2023-03-02T16:41:52.025+0000] {dagbag.py:538} INFO - Filling up the DagBag from /home/airflow/.local/lib/python3.7/site-packages/airflow/example_dags/example_short_circuit_decorator.py
[2023-03-02T16:41:52.122+0000] {processor.py:753} INFO - DAG(s) dict_keys(['example_short_circuit_decorator']) retrieved from /home/airflow/.local/lib/python3.7/site-packages/airflow/example_dags/example_short_circuit_decorator.py
[2023-03-02T16:41:52.367+0000] {logging_mixin.py:137} INFO - [2023-03-02T16:41:52.366+0000] {dag.py:2690} INFO - Sync 1 DAGs
[2023-03-02T16:41:52.489+0000] {logging_mixin.py:137} INFO - [2023-03-02T16:41:52.489+0000] {dag.py:3441} INFO - Setting next_dagrun for example_short_circuit_decorator to 2023-03-01T16:41:52.488101+00:00, run_after=2023-03-02T16:41:52.488101+00:00
[2023-03-02T16:41:52.544+0000] {processor.py:175} INFO - Processing /home/airflow/.local/lib/python3.7/site-packages/airflow/example_dags/example_short_circuit_decorator.py took 0.556 seconds
[2023-03-02T16:42:23.762+0000] {processor.py:153} INFO - Started process (PID=986) to work on /home/airflow/.local/lib/python3.7/site-packages/airflow/example_dags/example_short_circuit_decorator.py
[2023-03-02T16:42:23.764+0000] {processor.py:743} INFO - Processing file /home/airflow/.local/lib/python3.7/site-packages/airflow/example_dags/example_short_circuit_decorator.py for tasks to queue
[2023-03-02T16:42:23.765+0000] {logging_mixin.py:137} INFO - [2023-03-02T16:42:23.765+0000] {dagbag.py:538} INFO - Filling up the DagBag from /home/airflow/.local/lib/python3.7/site-packages/airflow/example_dags/example_short_circuit_decorator.py
[2023-03-02T16:42:23.848+0000] {processor.py:753} INFO - DAG(s) dict_keys(['example_short_circuit_decorator']) retrieved from /home/airflow/.local/lib/python3.7/site-packages/airflow/example_dags/example_short_circuit_decorator.py
[2023-03-02T16:42:24.010+0000] {logging_mixin.py:137} INFO - [2023-03-02T16:42:24.010+0000] {dag.py:2690} INFO - Sync 1 DAGs
[2023-03-02T16:42:24.046+0000] {logging_mixin.py:137} INFO - [2023-03-02T16:42:24.046+0000] {dag.py:3441} INFO - Setting next_dagrun for example_short_circuit_decorator to 2023-03-01T16:42:24.043578+00:00, run_after=2023-03-02T16:42:24.043578+00:00
[2023-03-02T16:42:24.090+0000] {processor.py:175} INFO - Processing /home/airflow/.local/lib/python3.7/site-packages/airflow/example_dags/example_short_circuit_decorator.py took 0.333 seconds
[2023-03-02T16:42:54.186+0000] {processor.py:153} INFO - Started process (PID=1049) to work on /home/airflow/.local/lib/python3.7/site-packages/airflow/example_dags/example_short_circuit_decorator.py
[2023-03-02T16:42:54.187+0000] {processor.py:743} INFO - Processing file /home/airflow/.local/lib/python3.7/site-packages/airflow/example_dags/example_short_circuit_decorator.py for tasks to queue
[2023-03-02T16:42:54.188+0000] {logging_mixin.py:137} INFO - [2023-03-02T16:42:54.188+0000] {dagbag.py:538} INFO - Filling up the DagBag from /home/airflow/.local/lib/python3.7/site-packages/airflow/example_dags/example_short_circuit_decorator.py
[2023-03-02T16:42:54.213+0000] {processor.py:753} INFO - DAG(s) dict_keys(['example_short_circuit_decorator']) retrieved from /home/airflow/.local/lib/python3.7/site-packages/airflow/example_dags/example_short_circuit_decorator.py
[2023-03-02T16:42:54.237+0000] {logging_mixin.py:137} INFO - [2023-03-02T16:42:54.237+0000] {dag.py:2690} INFO - Sync 1 DAGs
[2023-03-02T16:42:54.256+0000] {logging_mixin.py:137} INFO - [2023-03-02T16:42:54.256+0000] {dag.py:3441} INFO - Setting next_dagrun for example_short_circuit_decorator to 2023-03-01T16:42:54.255919+00:00, run_after=2023-03-02T16:42:54.255919+00:00
[2023-03-02T16:42:54.270+0000] {processor.py:175} INFO - Processing /home/airflow/.local/lib/python3.7/site-packages/airflow/example_dags/example_short_circuit_decorator.py took 0.087 seconds
[2023-03-02T16:43:25.083+0000] {processor.py:153} INFO - Started process (PID=1112) to work on /home/airflow/.local/lib/python3.7/site-packages/airflow/example_dags/example_short_circuit_decorator.py
[2023-03-02T16:43:25.086+0000] {processor.py:743} INFO - Processing file /home/airflow/.local/lib/python3.7/site-packages/airflow/example_dags/example_short_circuit_decorator.py for tasks to queue
[2023-03-02T16:43:25.087+0000] {logging_mixin.py:137} INFO - [2023-03-02T16:43:25.087+0000] {dagbag.py:538} INFO - Filling up the DagBag from /home/airflow/.local/lib/python3.7/site-packages/airflow/example_dags/example_short_circuit_decorator.py
[2023-03-02T16:43:25.110+0000] {processor.py:753} INFO - DAG(s) dict_keys(['example_short_circuit_decorator']) retrieved from /home/airflow/.local/lib/python3.7/site-packages/airflow/example_dags/example_short_circuit_decorator.py
[2023-03-02T16:43:25.135+0000] {logging_mixin.py:137} INFO - [2023-03-02T16:43:25.135+0000] {dag.py:2690} INFO - Sync 1 DAGs
[2023-03-02T16:43:25.152+0000] {logging_mixin.py:137} INFO - [2023-03-02T16:43:25.152+0000] {dag.py:3441} INFO - Setting next_dagrun for example_short_circuit_decorator to 2023-03-01T16:43:25.151707+00:00, run_after=2023-03-02T16:43:25.151707+00:00
[2023-03-02T16:43:25.164+0000] {processor.py:175} INFO - Processing /home/airflow/.local/lib/python3.7/site-packages/airflow/example_dags/example_short_circuit_decorator.py took 0.083 seconds
[2023-03-02T16:43:56.047+0000] {processor.py:153} INFO - Started process (PID=1186) to work on /home/airflow/.local/lib/python3.7/site-packages/airflow/example_dags/example_short_circuit_decorator.py
[2023-03-02T16:43:56.051+0000] {processor.py:743} INFO - Processing file /home/airflow/.local/lib/python3.7/site-packages/airflow/example_dags/example_short_circuit_decorator.py for tasks to queue
[2023-03-02T16:43:56.055+0000] {logging_mixin.py:137} INFO - [2023-03-02T16:43:56.054+0000] {dagbag.py:538} INFO - Filling up the DagBag from /home/airflow/.local/lib/python3.7/site-packages/airflow/example_dags/example_short_circuit_decorator.py
[2023-03-02T16:43:56.090+0000] {processor.py:753} INFO - DAG(s) dict_keys(['example_short_circuit_decorator']) retrieved from /home/airflow/.local/lib/python3.7/site-packages/airflow/example_dags/example_short_circuit_decorator.py
[2023-03-02T16:43:56.139+0000] {logging_mixin.py:137} INFO - [2023-03-02T16:43:56.139+0000] {dag.py:2690} INFO - Sync 1 DAGs
[2023-03-02T16:43:56.166+0000] {logging_mixin.py:137} INFO - [2023-03-02T16:43:56.166+0000] {dag.py:3441} INFO - Setting next_dagrun for example_short_circuit_decorator to 2023-03-01T16:43:56.165746+00:00, run_after=2023-03-02T16:43:56.165746+00:00
[2023-03-02T16:43:56.197+0000] {processor.py:175} INFO - Processing /home/airflow/.local/lib/python3.7/site-packages/airflow/example_dags/example_short_circuit_decorator.py took 0.164 seconds
[2023-03-02T16:49:25.256+0000] {processor.py:153} INFO - Started process (PID=1254) to work on /home/airflow/.local/lib/python3.7/site-packages/airflow/example_dags/example_short_circuit_decorator.py
[2023-03-02T16:49:25.300+0000] {processor.py:743} INFO - Processing file /home/airflow/.local/lib/python3.7/site-packages/airflow/example_dags/example_short_circuit_decorator.py for tasks to queue
[2023-03-02T16:49:25.412+0000] {logging_mixin.py:137} INFO - [2023-03-02T16:49:25.393+0000] {dagbag.py:538} INFO - Filling up the DagBag from /home/airflow/.local/lib/python3.7/site-packages/airflow/example_dags/example_short_circuit_decorator.py
[2023-03-02T16:49:29.626+0000] {processor.py:753} INFO - DAG(s) dict_keys(['example_short_circuit_decorator']) retrieved from /home/airflow/.local/lib/python3.7/site-packages/airflow/example_dags/example_short_circuit_decorator.py
[2023-03-02T16:49:31.361+0000] {logging_mixin.py:137} INFO - [2023-03-02T16:49:31.341+0000] {dag.py:2690} INFO - Sync 1 DAGs
[2023-03-02T16:49:32.251+0000] {logging_mixin.py:137} INFO - [2023-03-02T16:49:32.240+0000] {dag.py:3441} INFO - Setting next_dagrun for example_short_circuit_decorator to 2023-03-01T16:49:32.225144+00:00, run_after=2023-03-02T16:49:32.225144+00:00
[2023-03-02T16:49:34.714+0000] {processor.py:175} INFO - Processing /home/airflow/.local/lib/python3.7/site-packages/airflow/example_dags/example_short_circuit_decorator.py took 10.238 seconds
[2023-03-02T16:50:09.548+0000] {processor.py:153} INFO - Started process (PID=1328) to work on /home/airflow/.local/lib/python3.7/site-packages/airflow/example_dags/example_short_circuit_decorator.py
[2023-03-02T16:50:09.551+0000] {processor.py:743} INFO - Processing file /home/airflow/.local/lib/python3.7/site-packages/airflow/example_dags/example_short_circuit_decorator.py for tasks to queue
[2023-03-02T16:50:09.553+0000] {logging_mixin.py:137} INFO - [2023-03-02T16:50:09.552+0000] {dagbag.py:538} INFO - Filling up the DagBag from /home/airflow/.local/lib/python3.7/site-packages/airflow/example_dags/example_short_circuit_decorator.py
[2023-03-02T16:50:09.609+0000] {processor.py:753} INFO - DAG(s) dict_keys(['example_short_circuit_decorator']) retrieved from /home/airflow/.local/lib/python3.7/site-packages/airflow/example_dags/example_short_circuit_decorator.py
[2023-03-02T16:50:09.646+0000] {logging_mixin.py:137} INFO - [2023-03-02T16:50:09.646+0000] {dag.py:2690} INFO - Sync 1 DAGs
[2023-03-02T16:50:09.675+0000] {logging_mixin.py:137} INFO - [2023-03-02T16:50:09.675+0000] {dag.py:3441} INFO - Setting next_dagrun for example_short_circuit_decorator to 2023-03-01T16:50:09.675097+00:00, run_after=2023-03-02T16:50:09.675097+00:00
[2023-03-02T16:50:09.698+0000] {processor.py:175} INFO - Processing /home/airflow/.local/lib/python3.7/site-packages/airflow/example_dags/example_short_circuit_decorator.py took 0.156 seconds
[2023-03-02T16:50:40.791+0000] {processor.py:153} INFO - Started process (PID=1392) to work on /home/airflow/.local/lib/python3.7/site-packages/airflow/example_dags/example_short_circuit_decorator.py
[2023-03-02T16:50:40.797+0000] {processor.py:743} INFO - Processing file /home/airflow/.local/lib/python3.7/site-packages/airflow/example_dags/example_short_circuit_decorator.py for tasks to queue
[2023-03-02T16:50:40.802+0000] {logging_mixin.py:137} INFO - [2023-03-02T16:50:40.800+0000] {dagbag.py:538} INFO - Filling up the DagBag from /home/airflow/.local/lib/python3.7/site-packages/airflow/example_dags/example_short_circuit_decorator.py
[2023-03-02T16:50:41.097+0000] {processor.py:753} INFO - DAG(s) dict_keys(['example_short_circuit_decorator']) retrieved from /home/airflow/.local/lib/python3.7/site-packages/airflow/example_dags/example_short_circuit_decorator.py
[2023-03-02T16:50:41.250+0000] {logging_mixin.py:137} INFO - [2023-03-02T16:50:41.249+0000] {dag.py:2690} INFO - Sync 1 DAGs
[2023-03-02T16:50:41.339+0000] {logging_mixin.py:137} INFO - [2023-03-02T16:50:41.338+0000] {dag.py:3441} INFO - Setting next_dagrun for example_short_circuit_decorator to 2023-03-01T16:50:41.335470+00:00, run_after=2023-03-02T16:50:41.335470+00:00
[2023-03-02T16:50:41.405+0000] {processor.py:175} INFO - Processing /home/airflow/.local/lib/python3.7/site-packages/airflow/example_dags/example_short_circuit_decorator.py took 0.648 seconds
[2023-03-02T16:51:12.865+0000] {processor.py:153} INFO - Started process (PID=1454) to work on /home/airflow/.local/lib/python3.7/site-packages/airflow/example_dags/example_short_circuit_decorator.py
[2023-03-02T16:51:12.880+0000] {processor.py:743} INFO - Processing file /home/airflow/.local/lib/python3.7/site-packages/airflow/example_dags/example_short_circuit_decorator.py for tasks to queue
[2023-03-02T16:51:12.884+0000] {logging_mixin.py:137} INFO - [2023-03-02T16:51:12.884+0000] {dagbag.py:538} INFO - Filling up the DagBag from /home/airflow/.local/lib/python3.7/site-packages/airflow/example_dags/example_short_circuit_decorator.py
[2023-03-02T16:51:13.006+0000] {processor.py:753} INFO - DAG(s) dict_keys(['example_short_circuit_decorator']) retrieved from /home/airflow/.local/lib/python3.7/site-packages/airflow/example_dags/example_short_circuit_decorator.py
[2023-03-02T16:51:13.108+0000] {logging_mixin.py:137} INFO - [2023-03-02T16:51:13.108+0000] {dag.py:2690} INFO - Sync 1 DAGs
[2023-03-02T16:51:13.186+0000] {logging_mixin.py:137} INFO - [2023-03-02T16:51:13.185+0000] {dag.py:3441} INFO - Setting next_dagrun for example_short_circuit_decorator to 2023-03-01T16:51:13.183885+00:00, run_after=2023-03-02T16:51:13.183885+00:00
[2023-03-02T16:51:13.270+0000] {processor.py:175} INFO - Processing /home/airflow/.local/lib/python3.7/site-packages/airflow/example_dags/example_short_circuit_decorator.py took 0.485 seconds
[2023-03-02T16:51:43.939+0000] {processor.py:153} INFO - Started process (PID=1520) to work on /home/airflow/.local/lib/python3.7/site-packages/airflow/example_dags/example_short_circuit_decorator.py
[2023-03-02T16:51:43.940+0000] {processor.py:743} INFO - Processing file /home/airflow/.local/lib/python3.7/site-packages/airflow/example_dags/example_short_circuit_decorator.py for tasks to queue
[2023-03-02T16:51:43.942+0000] {logging_mixin.py:137} INFO - [2023-03-02T16:51:43.942+0000] {dagbag.py:538} INFO - Filling up the DagBag from /home/airflow/.local/lib/python3.7/site-packages/airflow/example_dags/example_short_circuit_decorator.py
[2023-03-02T16:51:43.970+0000] {processor.py:753} INFO - DAG(s) dict_keys(['example_short_circuit_decorator']) retrieved from /home/airflow/.local/lib/python3.7/site-packages/airflow/example_dags/example_short_circuit_decorator.py
[2023-03-02T16:51:44.000+0000] {logging_mixin.py:137} INFO - [2023-03-02T16:51:44.000+0000] {dag.py:2690} INFO - Sync 1 DAGs
[2023-03-02T16:51:44.039+0000] {logging_mixin.py:137} INFO - [2023-03-02T16:51:44.039+0000] {dag.py:3441} INFO - Setting next_dagrun for example_short_circuit_decorator to 2023-03-01T16:51:44.039128+00:00, run_after=2023-03-02T16:51:44.039128+00:00
[2023-03-02T16:51:44.057+0000] {processor.py:175} INFO - Processing /home/airflow/.local/lib/python3.7/site-packages/airflow/example_dags/example_short_circuit_decorator.py took 0.122 seconds
[2023-03-02T16:52:14.300+0000] {processor.py:153} INFO - Started process (PID=1584) to work on /home/airflow/.local/lib/python3.7/site-packages/airflow/example_dags/example_short_circuit_decorator.py
[2023-03-02T16:52:14.302+0000] {processor.py:743} INFO - Processing file /home/airflow/.local/lib/python3.7/site-packages/airflow/example_dags/example_short_circuit_decorator.py for tasks to queue
[2023-03-02T16:52:14.304+0000] {logging_mixin.py:137} INFO - [2023-03-02T16:52:14.304+0000] {dagbag.py:538} INFO - Filling up the DagBag from /home/airflow/.local/lib/python3.7/site-packages/airflow/example_dags/example_short_circuit_decorator.py
[2023-03-02T16:52:14.359+0000] {processor.py:753} INFO - DAG(s) dict_keys(['example_short_circuit_decorator']) retrieved from /home/airflow/.local/lib/python3.7/site-packages/airflow/example_dags/example_short_circuit_decorator.py
[2023-03-02T16:52:14.401+0000] {logging_mixin.py:137} INFO - [2023-03-02T16:52:14.401+0000] {dag.py:2690} INFO - Sync 1 DAGs
[2023-03-02T16:52:14.441+0000] {logging_mixin.py:137} INFO - [2023-03-02T16:52:14.440+0000] {dag.py:3441} INFO - Setting next_dagrun for example_short_circuit_decorator to 2023-03-01T16:52:14.439969+00:00, run_after=2023-03-02T16:52:14.439969+00:00
[2023-03-02T16:52:14.463+0000] {processor.py:175} INFO - Processing /home/airflow/.local/lib/python3.7/site-packages/airflow/example_dags/example_short_circuit_decorator.py took 0.175 seconds
[2023-03-02T16:52:45.149+0000] {processor.py:153} INFO - Started process (PID=1647) to work on /home/airflow/.local/lib/python3.7/site-packages/airflow/example_dags/example_short_circuit_decorator.py
[2023-03-02T16:52:45.152+0000] {processor.py:743} INFO - Processing file /home/airflow/.local/lib/python3.7/site-packages/airflow/example_dags/example_short_circuit_decorator.py for tasks to queue
[2023-03-02T16:52:45.154+0000] {logging_mixin.py:137} INFO - [2023-03-02T16:52:45.154+0000] {dagbag.py:538} INFO - Filling up the DagBag from /home/airflow/.local/lib/python3.7/site-packages/airflow/example_dags/example_short_circuit_decorator.py
[2023-03-02T16:52:45.201+0000] {processor.py:753} INFO - DAG(s) dict_keys(['example_short_circuit_decorator']) retrieved from /home/airflow/.local/lib/python3.7/site-packages/airflow/example_dags/example_short_circuit_decorator.py
[2023-03-02T16:52:45.278+0000] {logging_mixin.py:137} INFO - [2023-03-02T16:52:45.277+0000] {dag.py:2690} INFO - Sync 1 DAGs
[2023-03-02T16:52:45.333+0000] {logging_mixin.py:137} INFO - [2023-03-02T16:52:45.333+0000] {dag.py:3441} INFO - Setting next_dagrun for example_short_circuit_decorator to 2023-03-01T16:52:45.333291+00:00, run_after=2023-03-02T16:52:45.333291+00:00
[2023-03-02T16:52:45.381+0000] {processor.py:175} INFO - Processing /home/airflow/.local/lib/python3.7/site-packages/airflow/example_dags/example_short_circuit_decorator.py took 0.243 seconds
[2023-03-02T16:53:15.932+0000] {processor.py:153} INFO - Started process (PID=1723) to work on /home/airflow/.local/lib/python3.7/site-packages/airflow/example_dags/example_short_circuit_decorator.py
[2023-03-02T16:53:15.935+0000] {processor.py:743} INFO - Processing file /home/airflow/.local/lib/python3.7/site-packages/airflow/example_dags/example_short_circuit_decorator.py for tasks to queue
[2023-03-02T16:53:15.937+0000] {logging_mixin.py:137} INFO - [2023-03-02T16:53:15.937+0000] {dagbag.py:538} INFO - Filling up the DagBag from /home/airflow/.local/lib/python3.7/site-packages/airflow/example_dags/example_short_circuit_decorator.py
[2023-03-02T16:53:15.986+0000] {processor.py:753} INFO - DAG(s) dict_keys(['example_short_circuit_decorator']) retrieved from /home/airflow/.local/lib/python3.7/site-packages/airflow/example_dags/example_short_circuit_decorator.py
[2023-03-02T16:53:16.022+0000] {logging_mixin.py:137} INFO - [2023-03-02T16:53:16.022+0000] {dag.py:2690} INFO - Sync 1 DAGs
[2023-03-02T16:53:16.060+0000] {logging_mixin.py:137} INFO - [2023-03-02T16:53:16.060+0000] {dag.py:3441} INFO - Setting next_dagrun for example_short_circuit_decorator to 2023-03-01T16:53:16.059804+00:00, run_after=2023-03-02T16:53:16.059804+00:00
[2023-03-02T16:53:16.087+0000] {processor.py:175} INFO - Processing /home/airflow/.local/lib/python3.7/site-packages/airflow/example_dags/example_short_circuit_decorator.py took 0.160 seconds
[2023-03-02T16:53:47.070+0000] {processor.py:153} INFO - Started process (PID=1798) to work on /home/airflow/.local/lib/python3.7/site-packages/airflow/example_dags/example_short_circuit_decorator.py
[2023-03-02T16:53:47.073+0000] {processor.py:743} INFO - Processing file /home/airflow/.local/lib/python3.7/site-packages/airflow/example_dags/example_short_circuit_decorator.py for tasks to queue
[2023-03-02T16:53:47.074+0000] {logging_mixin.py:137} INFO - [2023-03-02T16:53:47.073+0000] {dagbag.py:538} INFO - Filling up the DagBag from /home/airflow/.local/lib/python3.7/site-packages/airflow/example_dags/example_short_circuit_decorator.py
[2023-03-02T16:53:47.106+0000] {processor.py:753} INFO - DAG(s) dict_keys(['example_short_circuit_decorator']) retrieved from /home/airflow/.local/lib/python3.7/site-packages/airflow/example_dags/example_short_circuit_decorator.py
[2023-03-02T16:53:47.137+0000] {logging_mixin.py:137} INFO - [2023-03-02T16:53:47.137+0000] {dag.py:2690} INFO - Sync 1 DAGs
[2023-03-02T16:53:47.159+0000] {logging_mixin.py:137} INFO - [2023-03-02T16:53:47.159+0000] {dag.py:3441} INFO - Setting next_dagrun for example_short_circuit_decorator to 2023-03-01T16:53:47.159288+00:00, run_after=2023-03-02T16:53:47.159288+00:00
[2023-03-02T16:53:47.175+0000] {processor.py:175} INFO - Processing /home/airflow/.local/lib/python3.7/site-packages/airflow/example_dags/example_short_circuit_decorator.py took 0.109 seconds
[2023-03-02T16:54:17.709+0000] {processor.py:153} INFO - Started process (PID=1862) to work on /home/airflow/.local/lib/python3.7/site-packages/airflow/example_dags/example_short_circuit_decorator.py
[2023-03-02T16:54:17.711+0000] {processor.py:743} INFO - Processing file /home/airflow/.local/lib/python3.7/site-packages/airflow/example_dags/example_short_circuit_decorator.py for tasks to queue
[2023-03-02T16:54:17.713+0000] {logging_mixin.py:137} INFO - [2023-03-02T16:54:17.712+0000] {dagbag.py:538} INFO - Filling up the DagBag from /home/airflow/.local/lib/python3.7/site-packages/airflow/example_dags/example_short_circuit_decorator.py
[2023-03-02T16:54:17.775+0000] {processor.py:753} INFO - DAG(s) dict_keys(['example_short_circuit_decorator']) retrieved from /home/airflow/.local/lib/python3.7/site-packages/airflow/example_dags/example_short_circuit_decorator.py
[2023-03-02T16:54:17.837+0000] {logging_mixin.py:137} INFO - [2023-03-02T16:54:17.837+0000] {dag.py:2690} INFO - Sync 1 DAGs
[2023-03-02T16:54:17.874+0000] {logging_mixin.py:137} INFO - [2023-03-02T16:54:17.874+0000] {dag.py:3441} INFO - Setting next_dagrun for example_short_circuit_decorator to 2023-03-01T16:54:17.873472+00:00, run_after=2023-03-02T16:54:17.873472+00:00
[2023-03-02T16:54:17.893+0000] {processor.py:175} INFO - Processing /home/airflow/.local/lib/python3.7/site-packages/airflow/example_dags/example_short_circuit_decorator.py took 0.191 seconds
[2023-03-02T17:24:59.362+0000] {processor.py:153} INFO - Started process (PID=1929) to work on /home/airflow/.local/lib/python3.7/site-packages/airflow/example_dags/example_short_circuit_decorator.py
[2023-03-02T17:24:59.377+0000] {processor.py:743} INFO - Processing file /home/airflow/.local/lib/python3.7/site-packages/airflow/example_dags/example_short_circuit_decorator.py for tasks to queue
[2023-03-02T17:24:59.468+0000] {logging_mixin.py:137} INFO - [2023-03-02T17:24:59.468+0000] {dagbag.py:538} INFO - Filling up the DagBag from /home/airflow/.local/lib/python3.7/site-packages/airflow/example_dags/example_short_circuit_decorator.py
[2023-03-02T17:25:00.306+0000] {processor.py:753} INFO - DAG(s) dict_keys(['example_short_circuit_decorator']) retrieved from /home/airflow/.local/lib/python3.7/site-packages/airflow/example_dags/example_short_circuit_decorator.py
[2023-03-02T17:25:00.558+0000] {logging_mixin.py:137} INFO - [2023-03-02T17:25:00.557+0000] {dag.py:2690} INFO - Sync 1 DAGs
[2023-03-02T17:25:00.701+0000] {logging_mixin.py:137} INFO - [2023-03-02T17:25:00.701+0000] {dag.py:3441} INFO - Setting next_dagrun for example_short_circuit_decorator to 2023-03-01T17:25:00.696896+00:00, run_after=2023-03-02T17:25:00.696896+00:00
[2023-03-02T17:25:00.788+0000] {processor.py:175} INFO - Processing /home/airflow/.local/lib/python3.7/site-packages/airflow/example_dags/example_short_circuit_decorator.py took 1.602 seconds
[2023-03-02T17:25:31.733+0000] {processor.py:153} INFO - Started process (PID=1995) to work on /home/airflow/.local/lib/python3.7/site-packages/airflow/example_dags/example_short_circuit_decorator.py
[2023-03-02T17:25:31.737+0000] {processor.py:743} INFO - Processing file /home/airflow/.local/lib/python3.7/site-packages/airflow/example_dags/example_short_circuit_decorator.py for tasks to queue
[2023-03-02T17:25:31.740+0000] {logging_mixin.py:137} INFO - [2023-03-02T17:25:31.739+0000] {dagbag.py:538} INFO - Filling up the DagBag from /home/airflow/.local/lib/python3.7/site-packages/airflow/example_dags/example_short_circuit_decorator.py
[2023-03-02T17:25:31.794+0000] {processor.py:753} INFO - DAG(s) dict_keys(['example_short_circuit_decorator']) retrieved from /home/airflow/.local/lib/python3.7/site-packages/airflow/example_dags/example_short_circuit_decorator.py
[2023-03-02T17:25:31.865+0000] {logging_mixin.py:137} INFO - [2023-03-02T17:25:31.865+0000] {dag.py:2690} INFO - Sync 1 DAGs
[2023-03-02T17:25:31.907+0000] {logging_mixin.py:137} INFO - [2023-03-02T17:25:31.906+0000] {dag.py:3441} INFO - Setting next_dagrun for example_short_circuit_decorator to 2023-03-01T17:25:31.906072+00:00, run_after=2023-03-02T17:25:31.906072+00:00
[2023-03-02T17:25:31.935+0000] {processor.py:175} INFO - Processing /home/airflow/.local/lib/python3.7/site-packages/airflow/example_dags/example_short_circuit_decorator.py took 0.221 seconds
[2023-03-02T17:26:02.375+0000] {processor.py:153} INFO - Started process (PID=2058) to work on /home/airflow/.local/lib/python3.7/site-packages/airflow/example_dags/example_short_circuit_decorator.py
[2023-03-02T17:26:02.378+0000] {processor.py:743} INFO - Processing file /home/airflow/.local/lib/python3.7/site-packages/airflow/example_dags/example_short_circuit_decorator.py for tasks to queue
[2023-03-02T17:26:02.379+0000] {logging_mixin.py:137} INFO - [2023-03-02T17:26:02.379+0000] {dagbag.py:538} INFO - Filling up the DagBag from /home/airflow/.local/lib/python3.7/site-packages/airflow/example_dags/example_short_circuit_decorator.py
[2023-03-02T17:26:02.447+0000] {processor.py:753} INFO - DAG(s) dict_keys(['example_short_circuit_decorator']) retrieved from /home/airflow/.local/lib/python3.7/site-packages/airflow/example_dags/example_short_circuit_decorator.py
[2023-03-02T17:26:02.501+0000] {logging_mixin.py:137} INFO - [2023-03-02T17:26:02.500+0000] {dag.py:2690} INFO - Sync 1 DAGs
[2023-03-02T17:26:02.542+0000] {logging_mixin.py:137} INFO - [2023-03-02T17:26:02.542+0000] {dag.py:3441} INFO - Setting next_dagrun for example_short_circuit_decorator to 2023-03-01T17:26:02.541957+00:00, run_after=2023-03-02T17:26:02.541957+00:00
[2023-03-02T17:26:02.560+0000] {processor.py:175} INFO - Processing /home/airflow/.local/lib/python3.7/site-packages/airflow/example_dags/example_short_circuit_decorator.py took 0.197 seconds
[2023-03-02T17:26:32.959+0000] {processor.py:153} INFO - Started process (PID=2122) to work on /home/airflow/.local/lib/python3.7/site-packages/airflow/example_dags/example_short_circuit_decorator.py
[2023-03-02T17:26:32.961+0000] {processor.py:743} INFO - Processing file /home/airflow/.local/lib/python3.7/site-packages/airflow/example_dags/example_short_circuit_decorator.py for tasks to queue
[2023-03-02T17:26:32.962+0000] {logging_mixin.py:137} INFO - [2023-03-02T17:26:32.962+0000] {dagbag.py:538} INFO - Filling up the DagBag from /home/airflow/.local/lib/python3.7/site-packages/airflow/example_dags/example_short_circuit_decorator.py
[2023-03-02T17:26:33.015+0000] {processor.py:753} INFO - DAG(s) dict_keys(['example_short_circuit_decorator']) retrieved from /home/airflow/.local/lib/python3.7/site-packages/airflow/example_dags/example_short_circuit_decorator.py
[2023-03-02T17:26:33.062+0000] {logging_mixin.py:137} INFO - [2023-03-02T17:26:33.062+0000] {dag.py:2690} INFO - Sync 1 DAGs
[2023-03-02T17:26:33.091+0000] {logging_mixin.py:137} INFO - [2023-03-02T17:26:33.091+0000] {dag.py:3441} INFO - Setting next_dagrun for example_short_circuit_decorator to 2023-03-01T17:26:33.090433+00:00, run_after=2023-03-02T17:26:33.090433+00:00
[2023-03-02T17:26:33.107+0000] {processor.py:175} INFO - Processing /home/airflow/.local/lib/python3.7/site-packages/airflow/example_dags/example_short_circuit_decorator.py took 0.154 seconds
[2023-03-02T17:27:03.920+0000] {processor.py:153} INFO - Started process (PID=2194) to work on /home/airflow/.local/lib/python3.7/site-packages/airflow/example_dags/example_short_circuit_decorator.py
[2023-03-02T17:27:04.030+0000] {processor.py:743} INFO - Processing file /home/airflow/.local/lib/python3.7/site-packages/airflow/example_dags/example_short_circuit_decorator.py for tasks to queue
[2023-03-02T17:27:04.055+0000] {logging_mixin.py:137} INFO - [2023-03-02T17:27:04.054+0000] {dagbag.py:538} INFO - Filling up the DagBag from /home/airflow/.local/lib/python3.7/site-packages/airflow/example_dags/example_short_circuit_decorator.py
[2023-03-02T17:27:06.830+0000] {processor.py:753} INFO - DAG(s) dict_keys(['example_short_circuit_decorator']) retrieved from /home/airflow/.local/lib/python3.7/site-packages/airflow/example_dags/example_short_circuit_decorator.py
[2023-03-02T17:27:07.295+0000] {logging_mixin.py:137} INFO - [2023-03-02T17:27:07.293+0000] {dag.py:2690} INFO - Sync 1 DAGs
[2023-03-02T17:27:07.604+0000] {logging_mixin.py:137} INFO - [2023-03-02T17:27:07.594+0000] {dag.py:3441} INFO - Setting next_dagrun for example_short_circuit_decorator to 2023-03-01T17:27:07.577079+00:00, run_after=2023-03-02T17:27:07.577079+00:00
[2023-03-02T17:27:07.739+0000] {processor.py:175} INFO - Processing /home/airflow/.local/lib/python3.7/site-packages/airflow/example_dags/example_short_circuit_decorator.py took 4.013 seconds
[2023-03-02T18:31:44.423+0000] {processor.py:153} INFO - Started process (PID=2240) to work on /home/airflow/.local/lib/python3.7/site-packages/airflow/example_dags/example_short_circuit_decorator.py
[2023-03-02T18:31:44.426+0000] {processor.py:743} INFO - Processing file /home/airflow/.local/lib/python3.7/site-packages/airflow/example_dags/example_short_circuit_decorator.py for tasks to queue
[2023-03-02T18:31:44.427+0000] {logging_mixin.py:137} INFO - [2023-03-02T18:31:44.427+0000] {dagbag.py:538} INFO - Filling up the DagBag from /home/airflow/.local/lib/python3.7/site-packages/airflow/example_dags/example_short_circuit_decorator.py
[2023-03-02T18:31:44.463+0000] {processor.py:753} INFO - DAG(s) dict_keys(['example_short_circuit_decorator']) retrieved from /home/airflow/.local/lib/python3.7/site-packages/airflow/example_dags/example_short_circuit_decorator.py
[2023-03-02T18:31:44.520+0000] {logging_mixin.py:137} INFO - [2023-03-02T18:31:44.520+0000] {dag.py:2690} INFO - Sync 1 DAGs
[2023-03-02T18:31:44.552+0000] {logging_mixin.py:137} INFO - [2023-03-02T18:31:44.551+0000] {dag.py:3441} INFO - Setting next_dagrun for example_short_circuit_decorator to 2023-03-01T18:31:44.551521+00:00, run_after=2023-03-02T18:31:44.551521+00:00
[2023-03-02T18:31:44.578+0000] {processor.py:175} INFO - Processing /home/airflow/.local/lib/python3.7/site-packages/airflow/example_dags/example_short_circuit_decorator.py took 0.160 seconds
[2023-03-02T18:49:37.257+0000] {processor.py:153} INFO - Started process (PID=2298) to work on /home/airflow/.local/lib/python3.7/site-packages/airflow/example_dags/example_short_circuit_decorator.py
[2023-03-02T18:49:37.274+0000] {processor.py:743} INFO - Processing file /home/airflow/.local/lib/python3.7/site-packages/airflow/example_dags/example_short_circuit_decorator.py for tasks to queue
[2023-03-02T18:49:37.287+0000] {logging_mixin.py:137} INFO - [2023-03-02T18:49:37.286+0000] {dagbag.py:538} INFO - Filling up the DagBag from /home/airflow/.local/lib/python3.7/site-packages/airflow/example_dags/example_short_circuit_decorator.py
[2023-03-02T18:49:37.385+0000] {processor.py:753} INFO - DAG(s) dict_keys(['example_short_circuit_decorator']) retrieved from /home/airflow/.local/lib/python3.7/site-packages/airflow/example_dags/example_short_circuit_decorator.py
[2023-03-02T18:49:37.466+0000] {logging_mixin.py:137} INFO - [2023-03-02T18:49:37.465+0000] {dag.py:2690} INFO - Sync 1 DAGs
[2023-03-02T18:49:37.511+0000] {logging_mixin.py:137} INFO - [2023-03-02T18:49:37.511+0000] {dag.py:3441} INFO - Setting next_dagrun for example_short_circuit_decorator to 2023-03-01T18:49:37.510583+00:00, run_after=2023-03-02T18:49:37.510583+00:00
[2023-03-02T18:49:37.575+0000] {processor.py:175} INFO - Processing /home/airflow/.local/lib/python3.7/site-packages/airflow/example_dags/example_short_circuit_decorator.py took 0.324 seconds
[2023-03-02T20:01:46.104+0000] {processor.py:153} INFO - Started process (PID=2360) to work on /home/airflow/.local/lib/python3.7/site-packages/airflow/example_dags/example_short_circuit_decorator.py
[2023-03-02T20:01:46.134+0000] {processor.py:743} INFO - Processing file /home/airflow/.local/lib/python3.7/site-packages/airflow/example_dags/example_short_circuit_decorator.py for tasks to queue
[2023-03-02T20:01:46.156+0000] {logging_mixin.py:137} INFO - [2023-03-02T20:01:46.155+0000] {dagbag.py:538} INFO - Filling up the DagBag from /home/airflow/.local/lib/python3.7/site-packages/airflow/example_dags/example_short_circuit_decorator.py
[2023-03-02T20:01:46.709+0000] {processor.py:753} INFO - DAG(s) dict_keys(['example_short_circuit_decorator']) retrieved from /home/airflow/.local/lib/python3.7/site-packages/airflow/example_dags/example_short_circuit_decorator.py
[2023-03-02T20:01:48.347+0000] {logging_mixin.py:137} INFO - [2023-03-02T20:01:48.318+0000] {dag.py:2690} INFO - Sync 1 DAGs
[2023-03-02T20:01:49.976+0000] {logging_mixin.py:137} INFO - [2023-03-02T20:01:49.913+0000] {dag.py:3441} INFO - Setting next_dagrun for example_short_circuit_decorator to 2023-03-01T20:01:49.900710+00:00, run_after=2023-03-02T20:01:49.900710+00:00
[2023-03-02T20:01:50.856+0000] {processor.py:175} INFO - Processing /home/airflow/.local/lib/python3.7/site-packages/airflow/example_dags/example_short_circuit_decorator.py took 4.809 seconds
