[2023-03-02T13:04:50.213+0000] {processor.py:153} INFO - Started process (PID=78) to work on /home/airflow/.local/lib/python3.7/site-packages/airflow/example_dags/example_external_task_marker_dag.py
[2023-03-02T13:04:50.216+0000] {processor.py:743} INFO - Processing file /home/airflow/.local/lib/python3.7/site-packages/airflow/example_dags/example_external_task_marker_dag.py for tasks to queue
[2023-03-02T13:04:50.218+0000] {logging_mixin.py:137} INFO - [2023-03-02T13:04:50.217+0000] {dagbag.py:538} INFO - Filling up the DagBag from /home/airflow/.local/lib/python3.7/site-packages/airflow/example_dags/example_external_task_marker_dag.py
[2023-03-02T13:04:50.238+0000] {processor.py:753} INFO - DAG(s) dict_keys(['example_external_task_marker_child', 'example_external_task_marker_parent']) retrieved from /home/airflow/.local/lib/python3.7/site-packages/airflow/example_dags/example_external_task_marker_dag.py
[2023-03-02T13:04:50.367+0000] {logging_mixin.py:137} INFO - [2023-03-02T13:04:50.367+0000] {manager.py:504} INFO - Created Permission View: can delete on DAG:example_external_task_marker_child
[2023-03-02T13:04:50.374+0000] {logging_mixin.py:137} INFO - [2023-03-02T13:04:50.373+0000] {manager.py:504} INFO - Created Permission View: can read on DAG:example_external_task_marker_child
[2023-03-02T13:04:50.380+0000] {logging_mixin.py:137} INFO - [2023-03-02T13:04:50.380+0000] {manager.py:504} INFO - Created Permission View: can edit on DAG:example_external_task_marker_child
[2023-03-02T13:04:50.417+0000] {logging_mixin.py:137} INFO - [2023-03-02T13:04:50.417+0000] {manager.py:504} INFO - Created Permission View: can delete on DAG:example_external_task_marker_parent
[2023-03-02T13:04:50.426+0000] {logging_mixin.py:137} INFO - [2023-03-02T13:04:50.426+0000] {manager.py:504} INFO - Created Permission View: can read on DAG:example_external_task_marker_parent
[2023-03-02T13:04:50.432+0000] {logging_mixin.py:137} INFO - [2023-03-02T13:04:50.431+0000] {manager.py:504} INFO - Created Permission View: can edit on DAG:example_external_task_marker_parent
[2023-03-02T13:04:50.432+0000] {logging_mixin.py:137} INFO - [2023-03-02T13:04:50.432+0000] {dag.py:2690} INFO - Sync 2 DAGs
[2023-03-02T13:04:50.442+0000] {logging_mixin.py:137} INFO - [2023-03-02T13:04:50.442+0000] {dag.py:2711} INFO - Creating ORM DAG for example_external_task_marker_child
[2023-03-02T13:04:50.443+0000] {logging_mixin.py:137} INFO - [2023-03-02T13:04:50.443+0000] {dag.py:2711} INFO - Creating ORM DAG for example_external_task_marker_parent
[2023-03-02T13:04:50.451+0000] {logging_mixin.py:137} INFO - [2023-03-02T13:04:50.451+0000] {dag.py:3441} INFO - Setting next_dagrun for example_external_task_marker_child to None, run_after=None
[2023-03-02T13:04:50.452+0000] {logging_mixin.py:137} INFO - [2023-03-02T13:04:50.452+0000] {dag.py:3441} INFO - Setting next_dagrun for example_external_task_marker_parent to None, run_after=None
[2023-03-02T13:04:50.466+0000] {processor.py:175} INFO - Processing /home/airflow/.local/lib/python3.7/site-packages/airflow/example_dags/example_external_task_marker_dag.py took 0.262 seconds
[2023-03-02T13:05:21.312+0000] {processor.py:153} INFO - Started process (PID=155) to work on /home/airflow/.local/lib/python3.7/site-packages/airflow/example_dags/example_external_task_marker_dag.py
[2023-03-02T13:05:21.313+0000] {processor.py:743} INFO - Processing file /home/airflow/.local/lib/python3.7/site-packages/airflow/example_dags/example_external_task_marker_dag.py for tasks to queue
[2023-03-02T13:05:21.314+0000] {logging_mixin.py:137} INFO - [2023-03-02T13:05:21.314+0000] {dagbag.py:538} INFO - Filling up the DagBag from /home/airflow/.local/lib/python3.7/site-packages/airflow/example_dags/example_external_task_marker_dag.py
[2023-03-02T13:05:21.327+0000] {processor.py:753} INFO - DAG(s) dict_keys(['example_external_task_marker_parent', 'example_external_task_marker_child']) retrieved from /home/airflow/.local/lib/python3.7/site-packages/airflow/example_dags/example_external_task_marker_dag.py
[2023-03-02T13:05:21.368+0000] {logging_mixin.py:137} INFO - [2023-03-02T13:05:21.368+0000] {dag.py:2690} INFO - Sync 2 DAGs
[2023-03-02T13:05:21.392+0000] {logging_mixin.py:137} INFO - [2023-03-02T13:05:21.392+0000] {dag.py:3441} INFO - Setting next_dagrun for example_external_task_marker_child to None, run_after=None
[2023-03-02T13:05:21.396+0000] {logging_mixin.py:137} INFO - [2023-03-02T13:05:21.396+0000] {dag.py:3441} INFO - Setting next_dagrun for example_external_task_marker_parent to None, run_after=None
[2023-03-02T13:05:21.417+0000] {processor.py:175} INFO - Processing /home/airflow/.local/lib/python3.7/site-packages/airflow/example_dags/example_external_task_marker_dag.py took 0.108 seconds
[2023-03-02T13:05:51.533+0000] {processor.py:153} INFO - Started process (PID=218) to work on /home/airflow/.local/lib/python3.7/site-packages/airflow/example_dags/example_external_task_marker_dag.py
[2023-03-02T13:05:51.536+0000] {processor.py:743} INFO - Processing file /home/airflow/.local/lib/python3.7/site-packages/airflow/example_dags/example_external_task_marker_dag.py for tasks to queue
[2023-03-02T13:05:51.537+0000] {logging_mixin.py:137} INFO - [2023-03-02T13:05:51.537+0000] {dagbag.py:538} INFO - Filling up the DagBag from /home/airflow/.local/lib/python3.7/site-packages/airflow/example_dags/example_external_task_marker_dag.py
[2023-03-02T13:05:51.557+0000] {processor.py:753} INFO - DAG(s) dict_keys(['example_external_task_marker_child', 'example_external_task_marker_parent']) retrieved from /home/airflow/.local/lib/python3.7/site-packages/airflow/example_dags/example_external_task_marker_dag.py
[2023-03-02T13:05:51.588+0000] {logging_mixin.py:137} INFO - [2023-03-02T13:05:51.588+0000] {dag.py:2690} INFO - Sync 2 DAGs
[2023-03-02T13:05:51.617+0000] {logging_mixin.py:137} INFO - [2023-03-02T13:05:51.617+0000] {dag.py:3441} INFO - Setting next_dagrun for example_external_task_marker_child to None, run_after=None
[2023-03-02T13:05:51.621+0000] {logging_mixin.py:137} INFO - [2023-03-02T13:05:51.621+0000] {dag.py:3441} INFO - Setting next_dagrun for example_external_task_marker_parent to None, run_after=None
[2023-03-02T13:05:51.635+0000] {processor.py:175} INFO - Processing /home/airflow/.local/lib/python3.7/site-packages/airflow/example_dags/example_external_task_marker_dag.py took 0.108 seconds
[2023-03-02T13:19:57.178+0000] {processor.py:153} INFO - Started process (PID=304) to work on /home/airflow/.local/lib/python3.7/site-packages/airflow/example_dags/example_external_task_marker_dag.py
[2023-03-02T13:19:57.216+0000] {processor.py:743} INFO - Processing file /home/airflow/.local/lib/python3.7/site-packages/airflow/example_dags/example_external_task_marker_dag.py for tasks to queue
[2023-03-02T13:19:57.224+0000] {logging_mixin.py:137} INFO - [2023-03-02T13:19:57.224+0000] {dagbag.py:538} INFO - Filling up the DagBag from /home/airflow/.local/lib/python3.7/site-packages/airflow/example_dags/example_external_task_marker_dag.py
[2023-03-02T13:19:57.463+0000] {processor.py:753} INFO - DAG(s) dict_keys(['example_external_task_marker_parent', 'example_external_task_marker_child']) retrieved from /home/airflow/.local/lib/python3.7/site-packages/airflow/example_dags/example_external_task_marker_dag.py
[2023-03-02T13:20:02.514+0000] {logging_mixin.py:137} INFO - [2023-03-02T13:20:02.497+0000] {dag.py:2690} INFO - Sync 2 DAGs
[2023-03-02T13:20:02.984+0000] {logging_mixin.py:137} INFO - [2023-03-02T13:20:02.957+0000] {dag.py:3441} INFO - Setting next_dagrun for example_external_task_marker_child to None, run_after=None
[2023-03-02T13:20:03.047+0000] {logging_mixin.py:137} INFO - [2023-03-02T13:20:03.047+0000] {dag.py:3441} INFO - Setting next_dagrun for example_external_task_marker_parent to None, run_after=None
[2023-03-02T13:20:03.329+0000] {processor.py:175} INFO - Processing /home/airflow/.local/lib/python3.7/site-packages/airflow/example_dags/example_external_task_marker_dag.py took 6.270 seconds
[2023-03-02T14:26:31.400+0000] {processor.py:153} INFO - Started process (PID=364) to work on /home/airflow/.local/lib/python3.7/site-packages/airflow/example_dags/example_external_task_marker_dag.py
[2023-03-02T14:26:31.403+0000] {processor.py:743} INFO - Processing file /home/airflow/.local/lib/python3.7/site-packages/airflow/example_dags/example_external_task_marker_dag.py for tasks to queue
[2023-03-02T14:26:31.404+0000] {logging_mixin.py:137} INFO - [2023-03-02T14:26:31.404+0000] {dagbag.py:538} INFO - Filling up the DagBag from /home/airflow/.local/lib/python3.7/site-packages/airflow/example_dags/example_external_task_marker_dag.py
[2023-03-02T14:26:31.416+0000] {processor.py:753} INFO - DAG(s) dict_keys(['example_external_task_marker_child', 'example_external_task_marker_parent']) retrieved from /home/airflow/.local/lib/python3.7/site-packages/airflow/example_dags/example_external_task_marker_dag.py
[2023-03-02T14:26:31.443+0000] {logging_mixin.py:137} INFO - [2023-03-02T14:26:31.443+0000] {dag.py:2690} INFO - Sync 2 DAGs
[2023-03-02T14:26:31.480+0000] {logging_mixin.py:137} INFO - [2023-03-02T14:26:31.480+0000] {dag.py:3441} INFO - Setting next_dagrun for example_external_task_marker_child to None, run_after=None
[2023-03-02T14:26:31.485+0000] {logging_mixin.py:137} INFO - [2023-03-02T14:26:31.485+0000] {dag.py:3441} INFO - Setting next_dagrun for example_external_task_marker_parent to None, run_after=None
[2023-03-02T14:26:31.511+0000] {processor.py:175} INFO - Processing /home/airflow/.local/lib/python3.7/site-packages/airflow/example_dags/example_external_task_marker_dag.py took 0.115 seconds
[2023-03-02T14:27:04.687+0000] {processor.py:153} INFO - Started process (PID=426) to work on /home/airflow/.local/lib/python3.7/site-packages/airflow/example_dags/example_external_task_marker_dag.py
[2023-03-02T14:27:04.702+0000] {processor.py:743} INFO - Processing file /home/airflow/.local/lib/python3.7/site-packages/airflow/example_dags/example_external_task_marker_dag.py for tasks to queue
[2023-03-02T14:27:04.721+0000] {logging_mixin.py:137} INFO - [2023-03-02T14:27:04.718+0000] {dagbag.py:538} INFO - Filling up the DagBag from /home/airflow/.local/lib/python3.7/site-packages/airflow/example_dags/example_external_task_marker_dag.py
[2023-03-02T14:27:04.789+0000] {processor.py:753} INFO - DAG(s) dict_keys(['example_external_task_marker_child', 'example_external_task_marker_parent']) retrieved from /home/airflow/.local/lib/python3.7/site-packages/airflow/example_dags/example_external_task_marker_dag.py
[2023-03-02T14:27:04.987+0000] {logging_mixin.py:137} INFO - [2023-03-02T14:27:04.987+0000] {dag.py:2690} INFO - Sync 2 DAGs
[2023-03-02T14:27:05.364+0000] {logging_mixin.py:137} INFO - [2023-03-02T14:27:05.363+0000] {dag.py:3441} INFO - Setting next_dagrun for example_external_task_marker_child to None, run_after=None
[2023-03-02T14:27:05.384+0000] {logging_mixin.py:137} INFO - [2023-03-02T14:27:05.384+0000] {dag.py:3441} INFO - Setting next_dagrun for example_external_task_marker_parent to None, run_after=None
[2023-03-02T14:27:05.468+0000] {processor.py:175} INFO - Processing /home/airflow/.local/lib/python3.7/site-packages/airflow/example_dags/example_external_task_marker_dag.py took 0.820 seconds
[2023-03-02T14:28:22.635+0000] {processor.py:153} INFO - Started process (PID=472) to work on /home/airflow/.local/lib/python3.7/site-packages/airflow/example_dags/example_external_task_marker_dag.py
[2023-03-02T14:28:22.639+0000] {processor.py:743} INFO - Processing file /home/airflow/.local/lib/python3.7/site-packages/airflow/example_dags/example_external_task_marker_dag.py for tasks to queue
[2023-03-02T14:28:22.642+0000] {logging_mixin.py:137} INFO - [2023-03-02T14:28:22.642+0000] {dagbag.py:538} INFO - Filling up the DagBag from /home/airflow/.local/lib/python3.7/site-packages/airflow/example_dags/example_external_task_marker_dag.py
[2023-03-02T14:28:22.667+0000] {processor.py:753} INFO - DAG(s) dict_keys(['example_external_task_marker_parent', 'example_external_task_marker_child']) retrieved from /home/airflow/.local/lib/python3.7/site-packages/airflow/example_dags/example_external_task_marker_dag.py
[2023-03-02T14:28:22.832+0000] {logging_mixin.py:137} INFO - [2023-03-02T14:28:22.831+0000] {dag.py:2690} INFO - Sync 2 DAGs
[2023-03-02T14:28:22.907+0000] {logging_mixin.py:137} INFO - [2023-03-02T14:28:22.906+0000] {dag.py:3441} INFO - Setting next_dagrun for example_external_task_marker_child to None, run_after=None
[2023-03-02T14:28:22.925+0000] {logging_mixin.py:137} INFO - [2023-03-02T14:28:22.924+0000] {dag.py:3441} INFO - Setting next_dagrun for example_external_task_marker_parent to None, run_after=None
[2023-03-02T14:28:22.976+0000] {processor.py:175} INFO - Processing /home/airflow/.local/lib/python3.7/site-packages/airflow/example_dags/example_external_task_marker_dag.py took 0.347 seconds
[2023-03-02T14:28:54.793+0000] {processor.py:153} INFO - Started process (PID=524) to work on /home/airflow/.local/lib/python3.7/site-packages/airflow/example_dags/example_external_task_marker_dag.py
[2023-03-02T14:28:54.795+0000] {processor.py:743} INFO - Processing file /home/airflow/.local/lib/python3.7/site-packages/airflow/example_dags/example_external_task_marker_dag.py for tasks to queue
[2023-03-02T14:28:54.797+0000] {logging_mixin.py:137} INFO - [2023-03-02T14:28:54.797+0000] {dagbag.py:538} INFO - Filling up the DagBag from /home/airflow/.local/lib/python3.7/site-packages/airflow/example_dags/example_external_task_marker_dag.py
[2023-03-02T14:28:54.812+0000] {processor.py:753} INFO - DAG(s) dict_keys(['example_external_task_marker_child', 'example_external_task_marker_parent']) retrieved from /home/airflow/.local/lib/python3.7/site-packages/airflow/example_dags/example_external_task_marker_dag.py
[2023-03-02T14:28:54.847+0000] {logging_mixin.py:137} INFO - [2023-03-02T14:28:54.846+0000] {dag.py:2690} INFO - Sync 2 DAGs
[2023-03-02T14:28:54.904+0000] {logging_mixin.py:137} INFO - [2023-03-02T14:28:54.904+0000] {dag.py:3441} INFO - Setting next_dagrun for example_external_task_marker_child to None, run_after=None
[2023-03-02T14:28:54.912+0000] {logging_mixin.py:137} INFO - [2023-03-02T14:28:54.912+0000] {dag.py:3441} INFO - Setting next_dagrun for example_external_task_marker_parent to None, run_after=None
[2023-03-02T14:28:54.951+0000] {processor.py:175} INFO - Processing /home/airflow/.local/lib/python3.7/site-packages/airflow/example_dags/example_external_task_marker_dag.py took 0.161 seconds
[2023-03-02T15:58:27.501+0000] {processor.py:153} INFO - Started process (PID=587) to work on /home/airflow/.local/lib/python3.7/site-packages/airflow/example_dags/example_external_task_marker_dag.py
[2023-03-02T15:58:27.502+0000] {processor.py:743} INFO - Processing file /home/airflow/.local/lib/python3.7/site-packages/airflow/example_dags/example_external_task_marker_dag.py for tasks to queue
[2023-03-02T15:58:27.503+0000] {logging_mixin.py:137} INFO - [2023-03-02T15:58:27.503+0000] {dagbag.py:538} INFO - Filling up the DagBag from /home/airflow/.local/lib/python3.7/site-packages/airflow/example_dags/example_external_task_marker_dag.py
[2023-03-02T15:58:27.515+0000] {processor.py:753} INFO - DAG(s) dict_keys(['example_external_task_marker_child', 'example_external_task_marker_parent']) retrieved from /home/airflow/.local/lib/python3.7/site-packages/airflow/example_dags/example_external_task_marker_dag.py
[2023-03-02T15:58:27.539+0000] {logging_mixin.py:137} INFO - [2023-03-02T15:58:27.539+0000] {dag.py:2690} INFO - Sync 2 DAGs
[2023-03-02T15:58:27.556+0000] {logging_mixin.py:137} INFO - [2023-03-02T15:58:27.556+0000] {dag.py:3441} INFO - Setting next_dagrun for example_external_task_marker_child to None, run_after=None
[2023-03-02T15:58:27.559+0000] {logging_mixin.py:137} INFO - [2023-03-02T15:58:27.559+0000] {dag.py:3441} INFO - Setting next_dagrun for example_external_task_marker_parent to None, run_after=None
[2023-03-02T15:58:27.569+0000] {processor.py:175} INFO - Processing /home/airflow/.local/lib/python3.7/site-packages/airflow/example_dags/example_external_task_marker_dag.py took 0.071 seconds
[2023-03-02T16:32:19.806+0000] {processor.py:153} INFO - Started process (PID=650) to work on /home/airflow/.local/lib/python3.7/site-packages/airflow/example_dags/example_external_task_marker_dag.py
[2023-03-02T16:32:19.808+0000] {processor.py:743} INFO - Processing file /home/airflow/.local/lib/python3.7/site-packages/airflow/example_dags/example_external_task_marker_dag.py for tasks to queue
[2023-03-02T16:32:19.809+0000] {logging_mixin.py:137} INFO - [2023-03-02T16:32:19.809+0000] {dagbag.py:538} INFO - Filling up the DagBag from /home/airflow/.local/lib/python3.7/site-packages/airflow/example_dags/example_external_task_marker_dag.py
[2023-03-02T16:32:19.831+0000] {processor.py:753} INFO - DAG(s) dict_keys(['example_external_task_marker_child', 'example_external_task_marker_parent']) retrieved from /home/airflow/.local/lib/python3.7/site-packages/airflow/example_dags/example_external_task_marker_dag.py
[2023-03-02T16:32:19.865+0000] {logging_mixin.py:137} INFO - [2023-03-02T16:32:19.862+0000] {dag.py:2690} INFO - Sync 2 DAGs
[2023-03-02T16:32:19.904+0000] {logging_mixin.py:137} INFO - [2023-03-02T16:32:19.904+0000] {dag.py:3441} INFO - Setting next_dagrun for example_external_task_marker_child to None, run_after=None
[2023-03-02T16:32:19.908+0000] {logging_mixin.py:137} INFO - [2023-03-02T16:32:19.908+0000] {dag.py:3441} INFO - Setting next_dagrun for example_external_task_marker_parent to None, run_after=None
[2023-03-02T16:32:19.927+0000] {processor.py:175} INFO - Processing /home/airflow/.local/lib/python3.7/site-packages/airflow/example_dags/example_external_task_marker_dag.py took 0.123 seconds
[2023-03-02T16:40:26.498+0000] {processor.py:153} INFO - Started process (PID=768) to work on /home/airflow/.local/lib/python3.7/site-packages/airflow/example_dags/example_external_task_marker_dag.py
[2023-03-02T16:40:26.509+0000] {processor.py:743} INFO - Processing file /home/airflow/.local/lib/python3.7/site-packages/airflow/example_dags/example_external_task_marker_dag.py for tasks to queue
[2023-03-02T16:40:26.527+0000] {logging_mixin.py:137} INFO - [2023-03-02T16:40:26.527+0000] {dagbag.py:538} INFO - Filling up the DagBag from /home/airflow/.local/lib/python3.7/site-packages/airflow/example_dags/example_external_task_marker_dag.py
[2023-03-02T16:40:26.807+0000] {processor.py:753} INFO - DAG(s) dict_keys(['example_external_task_marker_parent', 'example_external_task_marker_child']) retrieved from /home/airflow/.local/lib/python3.7/site-packages/airflow/example_dags/example_external_task_marker_dag.py
[2023-03-02T16:40:27.494+0000] {logging_mixin.py:137} INFO - [2023-03-02T16:40:27.493+0000] {dag.py:2690} INFO - Sync 2 DAGs
[2023-03-02T16:40:27.905+0000] {logging_mixin.py:137} INFO - [2023-03-02T16:40:27.886+0000] {dag.py:3441} INFO - Setting next_dagrun for example_external_task_marker_child to None, run_after=None
[2023-03-02T16:40:27.919+0000] {logging_mixin.py:137} INFO - [2023-03-02T16:40:27.919+0000] {dag.py:3441} INFO - Setting next_dagrun for example_external_task_marker_parent to None, run_after=None
[2023-03-02T16:40:28.013+0000] {processor.py:175} INFO - Processing /home/airflow/.local/lib/python3.7/site-packages/airflow/example_dags/example_external_task_marker_dag.py took 1.610 seconds
[2023-03-02T16:41:00.409+0000] {processor.py:153} INFO - Started process (PID=831) to work on /home/airflow/.local/lib/python3.7/site-packages/airflow/example_dags/example_external_task_marker_dag.py
[2023-03-02T16:41:00.441+0000] {processor.py:743} INFO - Processing file /home/airflow/.local/lib/python3.7/site-packages/airflow/example_dags/example_external_task_marker_dag.py for tasks to queue
[2023-03-02T16:41:00.443+0000] {logging_mixin.py:137} INFO - [2023-03-02T16:41:00.443+0000] {dagbag.py:538} INFO - Filling up the DagBag from /home/airflow/.local/lib/python3.7/site-packages/airflow/example_dags/example_external_task_marker_dag.py
[2023-03-02T16:41:00.612+0000] {processor.py:753} INFO - DAG(s) dict_keys(['example_external_task_marker_child', 'example_external_task_marker_parent']) retrieved from /home/airflow/.local/lib/python3.7/site-packages/airflow/example_dags/example_external_task_marker_dag.py
[2023-03-02T16:41:04.290+0000] {logging_mixin.py:137} INFO - [2023-03-02T16:41:04.243+0000] {dag.py:2690} INFO - Sync 2 DAGs
[2023-03-02T16:41:05.274+0000] {logging_mixin.py:137} INFO - [2023-03-02T16:41:05.271+0000] {dag.py:3441} INFO - Setting next_dagrun for example_external_task_marker_child to None, run_after=None
[2023-03-02T16:41:05.322+0000] {logging_mixin.py:137} INFO - [2023-03-02T16:41:05.322+0000] {dag.py:3441} INFO - Setting next_dagrun for example_external_task_marker_parent to None, run_after=None
[2023-03-02T16:41:05.956+0000] {processor.py:175} INFO - Processing /home/airflow/.local/lib/python3.7/site-packages/airflow/example_dags/example_external_task_marker_dag.py took 5.557 seconds
[2023-03-02T16:41:37.076+0000] {processor.py:153} INFO - Started process (PID=893) to work on /home/airflow/.local/lib/python3.7/site-packages/airflow/example_dags/example_external_task_marker_dag.py
[2023-03-02T16:41:37.082+0000] {processor.py:743} INFO - Processing file /home/airflow/.local/lib/python3.7/site-packages/airflow/example_dags/example_external_task_marker_dag.py for tasks to queue
[2023-03-02T16:41:37.090+0000] {logging_mixin.py:137} INFO - [2023-03-02T16:41:37.089+0000] {dagbag.py:538} INFO - Filling up the DagBag from /home/airflow/.local/lib/python3.7/site-packages/airflow/example_dags/example_external_task_marker_dag.py
[2023-03-02T16:41:37.245+0000] {processor.py:753} INFO - DAG(s) dict_keys(['example_external_task_marker_child', 'example_external_task_marker_parent']) retrieved from /home/airflow/.local/lib/python3.7/site-packages/airflow/example_dags/example_external_task_marker_dag.py
[2023-03-02T16:41:37.393+0000] {logging_mixin.py:137} INFO - [2023-03-02T16:41:37.393+0000] {dag.py:2690} INFO - Sync 2 DAGs
[2023-03-02T16:41:37.514+0000] {logging_mixin.py:137} INFO - [2023-03-02T16:41:37.514+0000] {dag.py:3441} INFO - Setting next_dagrun for example_external_task_marker_child to None, run_after=None
[2023-03-02T16:41:37.527+0000] {logging_mixin.py:137} INFO - [2023-03-02T16:41:37.527+0000] {dag.py:3441} INFO - Setting next_dagrun for example_external_task_marker_parent to None, run_after=None
[2023-03-02T16:41:37.643+0000] {processor.py:175} INFO - Processing /home/airflow/.local/lib/python3.7/site-packages/airflow/example_dags/example_external_task_marker_dag.py took 0.584 seconds
[2023-03-02T16:42:07.869+0000] {processor.py:153} INFO - Started process (PID=956) to work on /home/airflow/.local/lib/python3.7/site-packages/airflow/example_dags/example_external_task_marker_dag.py
[2023-03-02T16:42:07.879+0000] {processor.py:743} INFO - Processing file /home/airflow/.local/lib/python3.7/site-packages/airflow/example_dags/example_external_task_marker_dag.py for tasks to queue
[2023-03-02T16:42:07.881+0000] {logging_mixin.py:137} INFO - [2023-03-02T16:42:07.881+0000] {dagbag.py:538} INFO - Filling up the DagBag from /home/airflow/.local/lib/python3.7/site-packages/airflow/example_dags/example_external_task_marker_dag.py
[2023-03-02T16:42:07.922+0000] {processor.py:753} INFO - DAG(s) dict_keys(['example_external_task_marker_child', 'example_external_task_marker_parent']) retrieved from /home/airflow/.local/lib/python3.7/site-packages/airflow/example_dags/example_external_task_marker_dag.py
[2023-03-02T16:42:08.000+0000] {logging_mixin.py:137} INFO - [2023-03-02T16:42:08.000+0000] {dag.py:2690} INFO - Sync 2 DAGs
[2023-03-02T16:42:08.044+0000] {logging_mixin.py:137} INFO - [2023-03-02T16:42:08.044+0000] {dag.py:3441} INFO - Setting next_dagrun for example_external_task_marker_child to None, run_after=None
[2023-03-02T16:42:08.048+0000] {logging_mixin.py:137} INFO - [2023-03-02T16:42:08.048+0000] {dag.py:3441} INFO - Setting next_dagrun for example_external_task_marker_parent to None, run_after=None
[2023-03-02T16:42:08.080+0000] {processor.py:175} INFO - Processing /home/airflow/.local/lib/python3.7/site-packages/airflow/example_dags/example_external_task_marker_dag.py took 0.226 seconds
[2023-03-02T16:42:39.309+0000] {processor.py:153} INFO - Started process (PID=1019) to work on /home/airflow/.local/lib/python3.7/site-packages/airflow/example_dags/example_external_task_marker_dag.py
[2023-03-02T16:42:39.342+0000] {processor.py:743} INFO - Processing file /home/airflow/.local/lib/python3.7/site-packages/airflow/example_dags/example_external_task_marker_dag.py for tasks to queue
[2023-03-02T16:42:39.359+0000] {logging_mixin.py:137} INFO - [2023-03-02T16:42:39.356+0000] {dagbag.py:538} INFO - Filling up the DagBag from /home/airflow/.local/lib/python3.7/site-packages/airflow/example_dags/example_external_task_marker_dag.py
[2023-03-02T16:42:39.566+0000] {processor.py:753} INFO - DAG(s) dict_keys(['example_external_task_marker_parent', 'example_external_task_marker_child']) retrieved from /home/airflow/.local/lib/python3.7/site-packages/airflow/example_dags/example_external_task_marker_dag.py
[2023-03-02T16:42:40.215+0000] {logging_mixin.py:137} INFO - [2023-03-02T16:42:40.211+0000] {dag.py:2690} INFO - Sync 2 DAGs
[2023-03-02T16:42:40.306+0000] {logging_mixin.py:137} INFO - [2023-03-02T16:42:40.305+0000] {dag.py:3441} INFO - Setting next_dagrun for example_external_task_marker_child to None, run_after=None
[2023-03-02T16:42:40.322+0000] {logging_mixin.py:137} INFO - [2023-03-02T16:42:40.322+0000] {dag.py:3441} INFO - Setting next_dagrun for example_external_task_marker_parent to None, run_after=None
[2023-03-02T16:42:40.371+0000] {processor.py:175} INFO - Processing /home/airflow/.local/lib/python3.7/site-packages/airflow/example_dags/example_external_task_marker_dag.py took 1.120 seconds
[2023-03-02T16:43:10.643+0000] {processor.py:153} INFO - Started process (PID=1082) to work on /home/airflow/.local/lib/python3.7/site-packages/airflow/example_dags/example_external_task_marker_dag.py
[2023-03-02T16:43:10.650+0000] {processor.py:743} INFO - Processing file /home/airflow/.local/lib/python3.7/site-packages/airflow/example_dags/example_external_task_marker_dag.py for tasks to queue
[2023-03-02T16:43:10.652+0000] {logging_mixin.py:137} INFO - [2023-03-02T16:43:10.652+0000] {dagbag.py:538} INFO - Filling up the DagBag from /home/airflow/.local/lib/python3.7/site-packages/airflow/example_dags/example_external_task_marker_dag.py
[2023-03-02T16:43:10.699+0000] {processor.py:753} INFO - DAG(s) dict_keys(['example_external_task_marker_parent', 'example_external_task_marker_child']) retrieved from /home/airflow/.local/lib/python3.7/site-packages/airflow/example_dags/example_external_task_marker_dag.py
[2023-03-02T16:43:10.829+0000] {logging_mixin.py:137} INFO - [2023-03-02T16:43:10.828+0000] {dag.py:2690} INFO - Sync 2 DAGs
[2023-03-02T16:43:10.873+0000] {logging_mixin.py:137} INFO - [2023-03-02T16:43:10.872+0000] {dag.py:3441} INFO - Setting next_dagrun for example_external_task_marker_child to None, run_after=None
[2023-03-02T16:43:10.877+0000] {logging_mixin.py:137} INFO - [2023-03-02T16:43:10.876+0000] {dag.py:3441} INFO - Setting next_dagrun for example_external_task_marker_parent to None, run_after=None
[2023-03-02T16:43:10.894+0000] {processor.py:175} INFO - Processing /home/airflow/.local/lib/python3.7/site-packages/airflow/example_dags/example_external_task_marker_dag.py took 0.262 seconds
[2023-03-02T16:43:41.181+0000] {processor.py:153} INFO - Started process (PID=1145) to work on /home/airflow/.local/lib/python3.7/site-packages/airflow/example_dags/example_external_task_marker_dag.py
[2023-03-02T16:43:41.183+0000] {processor.py:743} INFO - Processing file /home/airflow/.local/lib/python3.7/site-packages/airflow/example_dags/example_external_task_marker_dag.py for tasks to queue
[2023-03-02T16:43:41.184+0000] {logging_mixin.py:137} INFO - [2023-03-02T16:43:41.184+0000] {dagbag.py:538} INFO - Filling up the DagBag from /home/airflow/.local/lib/python3.7/site-packages/airflow/example_dags/example_external_task_marker_dag.py
[2023-03-02T16:43:41.199+0000] {processor.py:753} INFO - DAG(s) dict_keys(['example_external_task_marker_child', 'example_external_task_marker_parent']) retrieved from /home/airflow/.local/lib/python3.7/site-packages/airflow/example_dags/example_external_task_marker_dag.py
[2023-03-02T16:43:41.226+0000] {logging_mixin.py:137} INFO - [2023-03-02T16:43:41.226+0000] {dag.py:2690} INFO - Sync 2 DAGs
[2023-03-02T16:43:41.258+0000] {logging_mixin.py:137} INFO - [2023-03-02T16:43:41.257+0000] {dag.py:3441} INFO - Setting next_dagrun for example_external_task_marker_child to None, run_after=None
[2023-03-02T16:43:41.262+0000] {logging_mixin.py:137} INFO - [2023-03-02T16:43:41.262+0000] {dag.py:3441} INFO - Setting next_dagrun for example_external_task_marker_parent to None, run_after=None
[2023-03-02T16:43:41.279+0000] {processor.py:175} INFO - Processing /home/airflow/.local/lib/python3.7/site-packages/airflow/example_dags/example_external_task_marker_dag.py took 0.103 seconds
[2023-03-02T16:44:12.262+0000] {processor.py:153} INFO - Started process (PID=1219) to work on /home/airflow/.local/lib/python3.7/site-packages/airflow/example_dags/example_external_task_marker_dag.py
[2023-03-02T16:44:12.267+0000] {processor.py:743} INFO - Processing file /home/airflow/.local/lib/python3.7/site-packages/airflow/example_dags/example_external_task_marker_dag.py for tasks to queue
[2023-03-02T16:44:12.270+0000] {logging_mixin.py:137} INFO - [2023-03-02T16:44:12.270+0000] {dagbag.py:538} INFO - Filling up the DagBag from /home/airflow/.local/lib/python3.7/site-packages/airflow/example_dags/example_external_task_marker_dag.py
[2023-03-02T16:44:12.330+0000] {processor.py:753} INFO - DAG(s) dict_keys(['example_external_task_marker_parent', 'example_external_task_marker_child']) retrieved from /home/airflow/.local/lib/python3.7/site-packages/airflow/example_dags/example_external_task_marker_dag.py
[2023-03-02T16:44:12.494+0000] {logging_mixin.py:137} INFO - [2023-03-02T16:44:12.493+0000] {dag.py:2690} INFO - Sync 2 DAGs
[2023-03-02T16:44:12.790+0000] {logging_mixin.py:137} INFO - [2023-03-02T16:44:12.786+0000] {dag.py:3441} INFO - Setting next_dagrun for example_external_task_marker_child to None, run_after=None
[2023-03-02T16:44:12.820+0000] {logging_mixin.py:137} INFO - [2023-03-02T16:44:12.819+0000] {dag.py:3441} INFO - Setting next_dagrun for example_external_task_marker_parent to None, run_after=None
[2023-03-02T16:44:12.889+0000] {processor.py:175} INFO - Processing /home/airflow/.local/lib/python3.7/site-packages/airflow/example_dags/example_external_task_marker_dag.py took 0.643 seconds
[2023-03-02T16:49:51.391+0000] {processor.py:153} INFO - Started process (PID=1298) to work on /home/airflow/.local/lib/python3.7/site-packages/airflow/example_dags/example_external_task_marker_dag.py
[2023-03-02T16:49:51.395+0000] {processor.py:743} INFO - Processing file /home/airflow/.local/lib/python3.7/site-packages/airflow/example_dags/example_external_task_marker_dag.py for tasks to queue
[2023-03-02T16:49:51.396+0000] {logging_mixin.py:137} INFO - [2023-03-02T16:49:51.396+0000] {dagbag.py:538} INFO - Filling up the DagBag from /home/airflow/.local/lib/python3.7/site-packages/airflow/example_dags/example_external_task_marker_dag.py
[2023-03-02T16:49:51.428+0000] {processor.py:753} INFO - DAG(s) dict_keys(['example_external_task_marker_parent', 'example_external_task_marker_child']) retrieved from /home/airflow/.local/lib/python3.7/site-packages/airflow/example_dags/example_external_task_marker_dag.py
[2023-03-02T16:49:51.512+0000] {logging_mixin.py:137} INFO - [2023-03-02T16:49:51.512+0000] {dag.py:2690} INFO - Sync 2 DAGs
[2023-03-02T16:49:51.572+0000] {logging_mixin.py:137} INFO - [2023-03-02T16:49:51.572+0000] {dag.py:3441} INFO - Setting next_dagrun for example_external_task_marker_child to None, run_after=None
[2023-03-02T16:49:51.578+0000] {logging_mixin.py:137} INFO - [2023-03-02T16:49:51.578+0000] {dag.py:3441} INFO - Setting next_dagrun for example_external_task_marker_parent to None, run_after=None
[2023-03-02T16:49:51.614+0000] {processor.py:175} INFO - Processing /home/airflow/.local/lib/python3.7/site-packages/airflow/example_dags/example_external_task_marker_dag.py took 0.227 seconds
[2023-03-02T16:50:26.997+0000] {processor.py:153} INFO - Started process (PID=1373) to work on /home/airflow/.local/lib/python3.7/site-packages/airflow/example_dags/example_external_task_marker_dag.py
[2023-03-02T16:50:27.003+0000] {processor.py:743} INFO - Processing file /home/airflow/.local/lib/python3.7/site-packages/airflow/example_dags/example_external_task_marker_dag.py for tasks to queue
[2023-03-02T16:50:27.006+0000] {logging_mixin.py:137} INFO - [2023-03-02T16:50:27.006+0000] {dagbag.py:538} INFO - Filling up the DagBag from /home/airflow/.local/lib/python3.7/site-packages/airflow/example_dags/example_external_task_marker_dag.py
[2023-03-02T16:50:27.022+0000] {processor.py:753} INFO - DAG(s) dict_keys(['example_external_task_marker_child', 'example_external_task_marker_parent']) retrieved from /home/airflow/.local/lib/python3.7/site-packages/airflow/example_dags/example_external_task_marker_dag.py
[2023-03-02T16:50:27.090+0000] {logging_mixin.py:137} INFO - [2023-03-02T16:50:27.088+0000] {dag.py:2690} INFO - Sync 2 DAGs
[2023-03-02T16:50:27.156+0000] {logging_mixin.py:137} INFO - [2023-03-02T16:50:27.155+0000] {dag.py:3441} INFO - Setting next_dagrun for example_external_task_marker_child to None, run_after=None
[2023-03-02T16:50:27.162+0000] {logging_mixin.py:137} INFO - [2023-03-02T16:50:27.162+0000] {dag.py:3441} INFO - Setting next_dagrun for example_external_task_marker_parent to None, run_after=None
[2023-03-02T16:50:27.201+0000] {processor.py:175} INFO - Processing /home/airflow/.local/lib/python3.7/site-packages/airflow/example_dags/example_external_task_marker_dag.py took 0.210 seconds
[2023-03-02T16:50:58.961+0000] {processor.py:153} INFO - Started process (PID=1438) to work on /home/airflow/.local/lib/python3.7/site-packages/airflow/example_dags/example_external_task_marker_dag.py
[2023-03-02T16:50:58.964+0000] {processor.py:743} INFO - Processing file /home/airflow/.local/lib/python3.7/site-packages/airflow/example_dags/example_external_task_marker_dag.py for tasks to queue
[2023-03-02T16:50:58.966+0000] {logging_mixin.py:137} INFO - [2023-03-02T16:50:58.966+0000] {dagbag.py:538} INFO - Filling up the DagBag from /home/airflow/.local/lib/python3.7/site-packages/airflow/example_dags/example_external_task_marker_dag.py
[2023-03-02T16:50:58.982+0000] {processor.py:753} INFO - DAG(s) dict_keys(['example_external_task_marker_parent', 'example_external_task_marker_child']) retrieved from /home/airflow/.local/lib/python3.7/site-packages/airflow/example_dags/example_external_task_marker_dag.py
[2023-03-02T16:50:59.045+0000] {logging_mixin.py:137} INFO - [2023-03-02T16:50:59.044+0000] {dag.py:2690} INFO - Sync 2 DAGs
[2023-03-02T16:50:59.099+0000] {logging_mixin.py:137} INFO - [2023-03-02T16:50:59.099+0000] {dag.py:3441} INFO - Setting next_dagrun for example_external_task_marker_child to None, run_after=None
[2023-03-02T16:50:59.106+0000] {logging_mixin.py:137} INFO - [2023-03-02T16:50:59.105+0000] {dag.py:3441} INFO - Setting next_dagrun for example_external_task_marker_parent to None, run_after=None
[2023-03-02T16:50:59.139+0000] {processor.py:175} INFO - Processing /home/airflow/.local/lib/python3.7/site-packages/airflow/example_dags/example_external_task_marker_dag.py took 0.185 seconds
[2023-03-02T16:51:31.170+0000] {processor.py:153} INFO - Started process (PID=1501) to work on /home/airflow/.local/lib/python3.7/site-packages/airflow/example_dags/example_external_task_marker_dag.py
[2023-03-02T16:51:31.173+0000] {processor.py:743} INFO - Processing file /home/airflow/.local/lib/python3.7/site-packages/airflow/example_dags/example_external_task_marker_dag.py for tasks to queue
[2023-03-02T16:51:31.174+0000] {logging_mixin.py:137} INFO - [2023-03-02T16:51:31.174+0000] {dagbag.py:538} INFO - Filling up the DagBag from /home/airflow/.local/lib/python3.7/site-packages/airflow/example_dags/example_external_task_marker_dag.py
[2023-03-02T16:51:31.203+0000] {processor.py:753} INFO - DAG(s) dict_keys(['example_external_task_marker_parent', 'example_external_task_marker_child']) retrieved from /home/airflow/.local/lib/python3.7/site-packages/airflow/example_dags/example_external_task_marker_dag.py
[2023-03-02T16:51:31.287+0000] {logging_mixin.py:137} INFO - [2023-03-02T16:51:31.286+0000] {dag.py:2690} INFO - Sync 2 DAGs
[2023-03-02T16:51:31.332+0000] {logging_mixin.py:137} INFO - [2023-03-02T16:51:31.332+0000] {dag.py:3441} INFO - Setting next_dagrun for example_external_task_marker_child to None, run_after=None
[2023-03-02T16:51:31.348+0000] {logging_mixin.py:137} INFO - [2023-03-02T16:51:31.348+0000] {dag.py:3441} INFO - Setting next_dagrun for example_external_task_marker_parent to None, run_after=None
[2023-03-02T16:51:31.396+0000] {processor.py:175} INFO - Processing /home/airflow/.local/lib/python3.7/site-packages/airflow/example_dags/example_external_task_marker_dag.py took 0.234 seconds
[2023-03-02T16:52:01.663+0000] {processor.py:153} INFO - Started process (PID=1564) to work on /home/airflow/.local/lib/python3.7/site-packages/airflow/example_dags/example_external_task_marker_dag.py
[2023-03-02T16:52:01.666+0000] {processor.py:743} INFO - Processing file /home/airflow/.local/lib/python3.7/site-packages/airflow/example_dags/example_external_task_marker_dag.py for tasks to queue
[2023-03-02T16:52:01.667+0000] {logging_mixin.py:137} INFO - [2023-03-02T16:52:01.667+0000] {dagbag.py:538} INFO - Filling up the DagBag from /home/airflow/.local/lib/python3.7/site-packages/airflow/example_dags/example_external_task_marker_dag.py
[2023-03-02T16:52:01.684+0000] {processor.py:753} INFO - DAG(s) dict_keys(['example_external_task_marker_parent', 'example_external_task_marker_child']) retrieved from /home/airflow/.local/lib/python3.7/site-packages/airflow/example_dags/example_external_task_marker_dag.py
[2023-03-02T16:52:01.708+0000] {logging_mixin.py:137} INFO - [2023-03-02T16:52:01.708+0000] {dag.py:2690} INFO - Sync 2 DAGs
[2023-03-02T16:52:01.727+0000] {logging_mixin.py:137} INFO - [2023-03-02T16:52:01.726+0000] {dag.py:3441} INFO - Setting next_dagrun for example_external_task_marker_child to None, run_after=None
[2023-03-02T16:52:01.730+0000] {logging_mixin.py:137} INFO - [2023-03-02T16:52:01.730+0000] {dag.py:3441} INFO - Setting next_dagrun for example_external_task_marker_parent to None, run_after=None
[2023-03-02T16:52:01.746+0000] {processor.py:175} INFO - Processing /home/airflow/.local/lib/python3.7/site-packages/airflow/example_dags/example_external_task_marker_dag.py took 0.087 seconds
[2023-03-02T16:52:35.555+0000] {processor.py:153} INFO - Started process (PID=1640) to work on /home/airflow/.local/lib/python3.7/site-packages/airflow/example_dags/example_external_task_marker_dag.py
[2023-03-02T16:52:35.557+0000] {processor.py:743} INFO - Processing file /home/airflow/.local/lib/python3.7/site-packages/airflow/example_dags/example_external_task_marker_dag.py for tasks to queue
[2023-03-02T16:52:35.558+0000] {logging_mixin.py:137} INFO - [2023-03-02T16:52:35.558+0000] {dagbag.py:538} INFO - Filling up the DagBag from /home/airflow/.local/lib/python3.7/site-packages/airflow/example_dags/example_external_task_marker_dag.py
[2023-03-02T16:52:35.573+0000] {processor.py:753} INFO - DAG(s) dict_keys(['example_external_task_marker_child', 'example_external_task_marker_parent']) retrieved from /home/airflow/.local/lib/python3.7/site-packages/airflow/example_dags/example_external_task_marker_dag.py
[2023-03-02T16:52:35.614+0000] {logging_mixin.py:137} INFO - [2023-03-02T16:52:35.614+0000] {dag.py:2690} INFO - Sync 2 DAGs
[2023-03-02T16:52:35.640+0000] {logging_mixin.py:137} INFO - [2023-03-02T16:52:35.640+0000] {dag.py:3441} INFO - Setting next_dagrun for example_external_task_marker_child to None, run_after=None
[2023-03-02T16:52:35.645+0000] {logging_mixin.py:137} INFO - [2023-03-02T16:52:35.645+0000] {dag.py:3441} INFO - Setting next_dagrun for example_external_task_marker_parent to None, run_after=None
[2023-03-02T16:52:35.662+0000] {processor.py:175} INFO - Processing /home/airflow/.local/lib/python3.7/site-packages/airflow/example_dags/example_external_task_marker_dag.py took 0.112 seconds
[2023-03-02T16:53:06.514+0000] {processor.py:153} INFO - Started process (PID=1704) to work on /home/airflow/.local/lib/python3.7/site-packages/airflow/example_dags/example_external_task_marker_dag.py
[2023-03-02T16:53:06.516+0000] {processor.py:743} INFO - Processing file /home/airflow/.local/lib/python3.7/site-packages/airflow/example_dags/example_external_task_marker_dag.py for tasks to queue
[2023-03-02T16:53:06.517+0000] {logging_mixin.py:137} INFO - [2023-03-02T16:53:06.517+0000] {dagbag.py:538} INFO - Filling up the DagBag from /home/airflow/.local/lib/python3.7/site-packages/airflow/example_dags/example_external_task_marker_dag.py
[2023-03-02T16:53:06.528+0000] {processor.py:753} INFO - DAG(s) dict_keys(['example_external_task_marker_parent', 'example_external_task_marker_child']) retrieved from /home/airflow/.local/lib/python3.7/site-packages/airflow/example_dags/example_external_task_marker_dag.py
[2023-03-02T16:53:06.557+0000] {logging_mixin.py:137} INFO - [2023-03-02T16:53:06.557+0000] {dag.py:2690} INFO - Sync 2 DAGs
[2023-03-02T16:53:06.576+0000] {logging_mixin.py:137} INFO - [2023-03-02T16:53:06.575+0000] {dag.py:3441} INFO - Setting next_dagrun for example_external_task_marker_child to None, run_after=None
[2023-03-02T16:53:06.578+0000] {logging_mixin.py:137} INFO - [2023-03-02T16:53:06.578+0000] {dag.py:3441} INFO - Setting next_dagrun for example_external_task_marker_parent to None, run_after=None
[2023-03-02T16:53:06.589+0000] {processor.py:175} INFO - Processing /home/airflow/.local/lib/python3.7/site-packages/airflow/example_dags/example_external_task_marker_dag.py took 0.079 seconds
[2023-03-02T16:53:37.387+0000] {processor.py:153} INFO - Started process (PID=1779) to work on /home/airflow/.local/lib/python3.7/site-packages/airflow/example_dags/example_external_task_marker_dag.py
[2023-03-02T16:53:37.398+0000] {processor.py:743} INFO - Processing file /home/airflow/.local/lib/python3.7/site-packages/airflow/example_dags/example_external_task_marker_dag.py for tasks to queue
[2023-03-02T16:53:37.403+0000] {logging_mixin.py:137} INFO - [2023-03-02T16:53:37.402+0000] {dagbag.py:538} INFO - Filling up the DagBag from /home/airflow/.local/lib/python3.7/site-packages/airflow/example_dags/example_external_task_marker_dag.py
[2023-03-02T16:53:37.429+0000] {processor.py:753} INFO - DAG(s) dict_keys(['example_external_task_marker_parent', 'example_external_task_marker_child']) retrieved from /home/airflow/.local/lib/python3.7/site-packages/airflow/example_dags/example_external_task_marker_dag.py
[2023-03-02T16:53:37.498+0000] {logging_mixin.py:137} INFO - [2023-03-02T16:53:37.498+0000] {dag.py:2690} INFO - Sync 2 DAGs
[2023-03-02T16:53:37.526+0000] {logging_mixin.py:137} INFO - [2023-03-02T16:53:37.526+0000] {dag.py:3441} INFO - Setting next_dagrun for example_external_task_marker_child to None, run_after=None
[2023-03-02T16:53:37.532+0000] {logging_mixin.py:137} INFO - [2023-03-02T16:53:37.532+0000] {dag.py:3441} INFO - Setting next_dagrun for example_external_task_marker_parent to None, run_after=None
[2023-03-02T16:53:37.570+0000] {processor.py:175} INFO - Processing /home/airflow/.local/lib/python3.7/site-packages/airflow/example_dags/example_external_task_marker_dag.py took 0.193 seconds
[2023-03-02T16:54:08.090+0000] {processor.py:153} INFO - Started process (PID=1843) to work on /home/airflow/.local/lib/python3.7/site-packages/airflow/example_dags/example_external_task_marker_dag.py
[2023-03-02T16:54:08.092+0000] {processor.py:743} INFO - Processing file /home/airflow/.local/lib/python3.7/site-packages/airflow/example_dags/example_external_task_marker_dag.py for tasks to queue
[2023-03-02T16:54:08.092+0000] {logging_mixin.py:137} INFO - [2023-03-02T16:54:08.092+0000] {dagbag.py:538} INFO - Filling up the DagBag from /home/airflow/.local/lib/python3.7/site-packages/airflow/example_dags/example_external_task_marker_dag.py
[2023-03-02T16:54:08.104+0000] {processor.py:753} INFO - DAG(s) dict_keys(['example_external_task_marker_parent', 'example_external_task_marker_child']) retrieved from /home/airflow/.local/lib/python3.7/site-packages/airflow/example_dags/example_external_task_marker_dag.py
[2023-03-02T16:54:08.131+0000] {logging_mixin.py:137} INFO - [2023-03-02T16:54:08.131+0000] {dag.py:2690} INFO - Sync 2 DAGs
[2023-03-02T16:54:08.146+0000] {logging_mixin.py:137} INFO - [2023-03-02T16:54:08.146+0000] {dag.py:3441} INFO - Setting next_dagrun for example_external_task_marker_child to None, run_after=None
[2023-03-02T16:54:08.150+0000] {logging_mixin.py:137} INFO - [2023-03-02T16:54:08.150+0000] {dag.py:3441} INFO - Setting next_dagrun for example_external_task_marker_parent to None, run_after=None
[2023-03-02T16:54:08.163+0000] {processor.py:175} INFO - Processing /home/airflow/.local/lib/python3.7/site-packages/airflow/example_dags/example_external_task_marker_dag.py took 0.075 seconds
[2023-03-02T17:25:19.947+0000] {processor.py:153} INFO - Started process (PID=1964) to work on /home/airflow/.local/lib/python3.7/site-packages/airflow/example_dags/example_external_task_marker_dag.py
[2023-03-02T17:25:19.981+0000] {processor.py:743} INFO - Processing file /home/airflow/.local/lib/python3.7/site-packages/airflow/example_dags/example_external_task_marker_dag.py for tasks to queue
[2023-03-02T17:25:20.004+0000] {logging_mixin.py:137} INFO - [2023-03-02T17:25:20.002+0000] {dagbag.py:538} INFO - Filling up the DagBag from /home/airflow/.local/lib/python3.7/site-packages/airflow/example_dags/example_external_task_marker_dag.py
[2023-03-02T17:25:20.442+0000] {processor.py:753} INFO - DAG(s) dict_keys(['example_external_task_marker_parent', 'example_external_task_marker_child']) retrieved from /home/airflow/.local/lib/python3.7/site-packages/airflow/example_dags/example_external_task_marker_dag.py
[2023-03-02T17:25:20.707+0000] {logging_mixin.py:137} INFO - [2023-03-02T17:25:20.706+0000] {dag.py:2690} INFO - Sync 2 DAGs
[2023-03-02T17:25:20.788+0000] {logging_mixin.py:137} INFO - [2023-03-02T17:25:20.788+0000] {dag.py:3441} INFO - Setting next_dagrun for example_external_task_marker_child to None, run_after=None
[2023-03-02T17:25:20.803+0000] {logging_mixin.py:137} INFO - [2023-03-02T17:25:20.803+0000] {dag.py:3441} INFO - Setting next_dagrun for example_external_task_marker_parent to None, run_after=None
[2023-03-02T17:25:20.850+0000] {processor.py:175} INFO - Processing /home/airflow/.local/lib/python3.7/site-packages/airflow/example_dags/example_external_task_marker_dag.py took 0.989 seconds
[2023-03-02T17:25:51.675+0000] {processor.py:153} INFO - Started process (PID=2028) to work on /home/airflow/.local/lib/python3.7/site-packages/airflow/example_dags/example_external_task_marker_dag.py
[2023-03-02T17:25:51.677+0000] {processor.py:743} INFO - Processing file /home/airflow/.local/lib/python3.7/site-packages/airflow/example_dags/example_external_task_marker_dag.py for tasks to queue
[2023-03-02T17:25:51.678+0000] {logging_mixin.py:137} INFO - [2023-03-02T17:25:51.678+0000] {dagbag.py:538} INFO - Filling up the DagBag from /home/airflow/.local/lib/python3.7/site-packages/airflow/example_dags/example_external_task_marker_dag.py
[2023-03-02T17:25:51.692+0000] {processor.py:753} INFO - DAG(s) dict_keys(['example_external_task_marker_parent', 'example_external_task_marker_child']) retrieved from /home/airflow/.local/lib/python3.7/site-packages/airflow/example_dags/example_external_task_marker_dag.py
[2023-03-02T17:25:51.721+0000] {logging_mixin.py:137} INFO - [2023-03-02T17:25:51.720+0000] {dag.py:2690} INFO - Sync 2 DAGs
[2023-03-02T17:25:51.737+0000] {logging_mixin.py:137} INFO - [2023-03-02T17:25:51.737+0000] {dag.py:3441} INFO - Setting next_dagrun for example_external_task_marker_child to None, run_after=None
[2023-03-02T17:25:51.740+0000] {logging_mixin.py:137} INFO - [2023-03-02T17:25:51.740+0000] {dag.py:3441} INFO - Setting next_dagrun for example_external_task_marker_parent to None, run_after=None
[2023-03-02T17:25:51.751+0000] {processor.py:175} INFO - Processing /home/airflow/.local/lib/python3.7/site-packages/airflow/example_dags/example_external_task_marker_dag.py took 0.080 seconds
[2023-03-02T17:26:22.884+0000] {processor.py:153} INFO - Started process (PID=2107) to work on /home/airflow/.local/lib/python3.7/site-packages/airflow/example_dags/example_external_task_marker_dag.py
[2023-03-02T17:26:22.887+0000] {processor.py:743} INFO - Processing file /home/airflow/.local/lib/python3.7/site-packages/airflow/example_dags/example_external_task_marker_dag.py for tasks to queue
[2023-03-02T17:26:22.892+0000] {logging_mixin.py:137} INFO - [2023-03-02T17:26:22.891+0000] {dagbag.py:538} INFO - Filling up the DagBag from /home/airflow/.local/lib/python3.7/site-packages/airflow/example_dags/example_external_task_marker_dag.py
[2023-03-02T17:26:22.911+0000] {processor.py:753} INFO - DAG(s) dict_keys(['example_external_task_marker_child', 'example_external_task_marker_parent']) retrieved from /home/airflow/.local/lib/python3.7/site-packages/airflow/example_dags/example_external_task_marker_dag.py
[2023-03-02T17:26:22.979+0000] {logging_mixin.py:137} INFO - [2023-03-02T17:26:22.979+0000] {dag.py:2690} INFO - Sync 2 DAGs
[2023-03-02T17:26:23.038+0000] {logging_mixin.py:137} INFO - [2023-03-02T17:26:23.038+0000] {dag.py:3441} INFO - Setting next_dagrun for example_external_task_marker_child to None, run_after=None
[2023-03-02T17:26:23.052+0000] {logging_mixin.py:137} INFO - [2023-03-02T17:26:23.052+0000] {dag.py:3441} INFO - Setting next_dagrun for example_external_task_marker_parent to None, run_after=None
[2023-03-02T17:26:23.079+0000] {processor.py:175} INFO - Processing /home/airflow/.local/lib/python3.7/site-packages/airflow/example_dags/example_external_task_marker_dag.py took 0.207 seconds
[2023-03-02T17:26:56.627+0000] {processor.py:153} INFO - Started process (PID=2177) to work on /home/airflow/.local/lib/python3.7/site-packages/airflow/example_dags/example_external_task_marker_dag.py
[2023-03-02T17:26:56.633+0000] {processor.py:743} INFO - Processing file /home/airflow/.local/lib/python3.7/site-packages/airflow/example_dags/example_external_task_marker_dag.py for tasks to queue
[2023-03-02T17:26:56.643+0000] {logging_mixin.py:137} INFO - [2023-03-02T17:26:56.643+0000] {dagbag.py:538} INFO - Filling up the DagBag from /home/airflow/.local/lib/python3.7/site-packages/airflow/example_dags/example_external_task_marker_dag.py
[2023-03-02T17:26:56.689+0000] {processor.py:753} INFO - DAG(s) dict_keys(['example_external_task_marker_child', 'example_external_task_marker_parent']) retrieved from /home/airflow/.local/lib/python3.7/site-packages/airflow/example_dags/example_external_task_marker_dag.py
[2023-03-02T17:26:56.760+0000] {logging_mixin.py:137} INFO - [2023-03-02T17:26:56.760+0000] {dag.py:2690} INFO - Sync 2 DAGs
[2023-03-02T17:26:56.852+0000] {logging_mixin.py:137} INFO - [2023-03-02T17:26:56.851+0000] {dag.py:3441} INFO - Setting next_dagrun for example_external_task_marker_child to None, run_after=None
[2023-03-02T17:26:56.860+0000] {logging_mixin.py:137} INFO - [2023-03-02T17:26:56.860+0000] {dag.py:3441} INFO - Setting next_dagrun for example_external_task_marker_parent to None, run_after=None
[2023-03-02T17:26:56.897+0000] {processor.py:175} INFO - Processing /home/airflow/.local/lib/python3.7/site-packages/airflow/example_dags/example_external_task_marker_dag.py took 0.282 seconds
[2023-03-02T18:31:46.051+0000] {processor.py:153} INFO - Started process (PID=2259) to work on /home/airflow/.local/lib/python3.7/site-packages/airflow/example_dags/example_external_task_marker_dag.py
[2023-03-02T18:31:46.052+0000] {processor.py:743} INFO - Processing file /home/airflow/.local/lib/python3.7/site-packages/airflow/example_dags/example_external_task_marker_dag.py for tasks to queue
[2023-03-02T18:31:46.053+0000] {logging_mixin.py:137} INFO - [2023-03-02T18:31:46.053+0000] {dagbag.py:538} INFO - Filling up the DagBag from /home/airflow/.local/lib/python3.7/site-packages/airflow/example_dags/example_external_task_marker_dag.py
[2023-03-02T18:31:46.064+0000] {processor.py:753} INFO - DAG(s) dict_keys(['example_external_task_marker_child', 'example_external_task_marker_parent']) retrieved from /home/airflow/.local/lib/python3.7/site-packages/airflow/example_dags/example_external_task_marker_dag.py
[2023-03-02T18:31:46.088+0000] {logging_mixin.py:137} INFO - [2023-03-02T18:31:46.088+0000] {dag.py:2690} INFO - Sync 2 DAGs
[2023-03-02T18:31:46.106+0000] {logging_mixin.py:137} INFO - [2023-03-02T18:31:46.106+0000] {dag.py:3441} INFO - Setting next_dagrun for example_external_task_marker_child to None, run_after=None
[2023-03-02T18:31:46.109+0000] {logging_mixin.py:137} INFO - [2023-03-02T18:31:46.109+0000] {dag.py:3441} INFO - Setting next_dagrun for example_external_task_marker_parent to None, run_after=None
[2023-03-02T18:31:46.120+0000] {processor.py:175} INFO - Processing /home/airflow/.local/lib/python3.7/site-packages/airflow/example_dags/example_external_task_marker_dag.py took 0.072 seconds
[2023-03-02T18:49:45.785+0000] {processor.py:153} INFO - Started process (PID=2322) to work on /home/airflow/.local/lib/python3.7/site-packages/airflow/example_dags/example_external_task_marker_dag.py
[2023-03-02T18:49:45.789+0000] {processor.py:743} INFO - Processing file /home/airflow/.local/lib/python3.7/site-packages/airflow/example_dags/example_external_task_marker_dag.py for tasks to queue
[2023-03-02T18:49:45.791+0000] {logging_mixin.py:137} INFO - [2023-03-02T18:49:45.791+0000] {dagbag.py:538} INFO - Filling up the DagBag from /home/airflow/.local/lib/python3.7/site-packages/airflow/example_dags/example_external_task_marker_dag.py
[2023-03-02T18:49:45.823+0000] {processor.py:753} INFO - DAG(s) dict_keys(['example_external_task_marker_parent', 'example_external_task_marker_child']) retrieved from /home/airflow/.local/lib/python3.7/site-packages/airflow/example_dags/example_external_task_marker_dag.py
[2023-03-02T18:49:45.889+0000] {logging_mixin.py:137} INFO - [2023-03-02T18:49:45.889+0000] {dag.py:2690} INFO - Sync 2 DAGs
[2023-03-02T18:49:46.017+0000] {logging_mixin.py:137} INFO - [2023-03-02T18:49:46.017+0000] {dag.py:3441} INFO - Setting next_dagrun for example_external_task_marker_child to None, run_after=None
[2023-03-02T18:49:46.025+0000] {logging_mixin.py:137} INFO - [2023-03-02T18:49:46.025+0000] {dag.py:3441} INFO - Setting next_dagrun for example_external_task_marker_parent to None, run_after=None
[2023-03-02T18:49:46.095+0000] {processor.py:175} INFO - Processing /home/airflow/.local/lib/python3.7/site-packages/airflow/example_dags/example_external_task_marker_dag.py took 0.318 seconds
[2023-03-02T20:56:16.749+0000] {processor.py:153} INFO - Started process (PID=2415) to work on /home/airflow/.local/lib/python3.7/site-packages/airflow/example_dags/example_external_task_marker_dag.py
[2023-03-02T20:56:16.803+0000] {processor.py:743} INFO - Processing file /home/airflow/.local/lib/python3.7/site-packages/airflow/example_dags/example_external_task_marker_dag.py for tasks to queue
[2023-03-02T20:56:16.851+0000] {logging_mixin.py:137} INFO - [2023-03-02T20:56:16.821+0000] {dagbag.py:538} INFO - Filling up the DagBag from /home/airflow/.local/lib/python3.7/site-packages/airflow/example_dags/example_external_task_marker_dag.py
[2023-03-02T20:56:17.401+0000] {processor.py:753} INFO - DAG(s) dict_keys(['example_external_task_marker_parent', 'example_external_task_marker_child']) retrieved from /home/airflow/.local/lib/python3.7/site-packages/airflow/example_dags/example_external_task_marker_dag.py
[2023-03-02T20:56:18.552+0000] {logging_mixin.py:137} INFO - [2023-03-02T20:56:18.550+0000] {dag.py:2690} INFO - Sync 2 DAGs
[2023-03-02T20:56:18.910+0000] {logging_mixin.py:137} INFO - [2023-03-02T20:56:18.909+0000] {dag.py:3441} INFO - Setting next_dagrun for example_external_task_marker_child to None, run_after=None
[2023-03-02T20:56:18.940+0000] {logging_mixin.py:137} INFO - [2023-03-02T20:56:18.940+0000] {dag.py:3441} INFO - Setting next_dagrun for example_external_task_marker_parent to None, run_after=None
[2023-03-02T20:56:19.042+0000] {processor.py:175} INFO - Processing /home/airflow/.local/lib/python3.7/site-packages/airflow/example_dags/example_external_task_marker_dag.py took 2.502 seconds
