[2023-03-02T13:04:46.778+0000] {processor.py:153} INFO - Started process (PID=65) to work on /home/airflow/.local/lib/python3.7/site-packages/airflow/example_dags/example_short_circuit_operator.py
[2023-03-02T13:04:46.783+0000] {processor.py:743} INFO - Processing file /home/airflow/.local/lib/python3.7/site-packages/airflow/example_dags/example_short_circuit_operator.py for tasks to queue
[2023-03-02T13:04:46.787+0000] {logging_mixin.py:137} INFO - [2023-03-02T13:04:46.786+0000] {dagbag.py:538} INFO - Filling up the DagBag from /home/airflow/.local/lib/python3.7/site-packages/airflow/example_dags/example_short_circuit_operator.py
[2023-03-02T13:04:46.850+0000] {processor.py:753} INFO - DAG(s) dict_keys(['example_short_circuit_operator']) retrieved from /home/airflow/.local/lib/python3.7/site-packages/airflow/example_dags/example_short_circuit_operator.py
[2023-03-02T13:04:47.141+0000] {logging_mixin.py:137} INFO - [2023-03-02T13:04:47.140+0000] {manager.py:504} INFO - Created Permission View: can delete on DAG:example_short_circuit_operator
[2023-03-02T13:04:47.170+0000] {logging_mixin.py:137} INFO - [2023-03-02T13:04:47.170+0000] {manager.py:504} INFO - Created Permission View: can read on DAG:example_short_circuit_operator
[2023-03-02T13:04:47.185+0000] {logging_mixin.py:137} INFO - [2023-03-02T13:04:47.184+0000] {manager.py:504} INFO - Created Permission View: can edit on DAG:example_short_circuit_operator
[2023-03-02T13:04:47.187+0000] {logging_mixin.py:137} INFO - [2023-03-02T13:04:47.187+0000] {dag.py:2690} INFO - Sync 1 DAGs
[2023-03-02T13:04:47.221+0000] {logging_mixin.py:137} INFO - [2023-03-02T13:04:47.220+0000] {dag.py:2711} INFO - Creating ORM DAG for example_short_circuit_operator
[2023-03-02T13:04:47.245+0000] {logging_mixin.py:137} INFO - [2023-03-02T13:04:47.244+0000] {dag.py:3441} INFO - Setting next_dagrun for example_short_circuit_operator to 2023-03-01T13:04:47.244395+00:00, run_after=2023-03-02T13:04:47.244395+00:00
[2023-03-02T13:04:47.325+0000] {processor.py:175} INFO - Processing /home/airflow/.local/lib/python3.7/site-packages/airflow/example_dags/example_short_circuit_operator.py took 0.583 seconds
[2023-03-02T13:05:18.100+0000] {processor.py:153} INFO - Started process (PID=129) to work on /home/airflow/.local/lib/python3.7/site-packages/airflow/example_dags/example_short_circuit_operator.py
[2023-03-02T13:05:18.105+0000] {processor.py:743} INFO - Processing file /home/airflow/.local/lib/python3.7/site-packages/airflow/example_dags/example_short_circuit_operator.py for tasks to queue
[2023-03-02T13:05:18.107+0000] {logging_mixin.py:137} INFO - [2023-03-02T13:05:18.107+0000] {dagbag.py:538} INFO - Filling up the DagBag from /home/airflow/.local/lib/python3.7/site-packages/airflow/example_dags/example_short_circuit_operator.py
[2023-03-02T13:05:18.141+0000] {processor.py:753} INFO - DAG(s) dict_keys(['example_short_circuit_operator']) retrieved from /home/airflow/.local/lib/python3.7/site-packages/airflow/example_dags/example_short_circuit_operator.py
[2023-03-02T13:05:18.173+0000] {logging_mixin.py:137} INFO - [2023-03-02T13:05:18.173+0000] {dag.py:2690} INFO - Sync 1 DAGs
[2023-03-02T13:05:18.195+0000] {logging_mixin.py:137} INFO - [2023-03-02T13:05:18.195+0000] {dag.py:3441} INFO - Setting next_dagrun for example_short_circuit_operator to 2023-03-01T13:05:18.194713+00:00, run_after=2023-03-02T13:05:18.194713+00:00
[2023-03-02T13:05:18.221+0000] {processor.py:175} INFO - Processing /home/airflow/.local/lib/python3.7/site-packages/airflow/example_dags/example_short_circuit_operator.py took 0.129 seconds
[2023-03-02T13:05:48.366+0000] {processor.py:153} INFO - Started process (PID=205) to work on /home/airflow/.local/lib/python3.7/site-packages/airflow/example_dags/example_short_circuit_operator.py
[2023-03-02T13:05:48.369+0000] {processor.py:743} INFO - Processing file /home/airflow/.local/lib/python3.7/site-packages/airflow/example_dags/example_short_circuit_operator.py for tasks to queue
[2023-03-02T13:05:48.370+0000] {logging_mixin.py:137} INFO - [2023-03-02T13:05:48.370+0000] {dagbag.py:538} INFO - Filling up the DagBag from /home/airflow/.local/lib/python3.7/site-packages/airflow/example_dags/example_short_circuit_operator.py
[2023-03-02T13:05:48.393+0000] {processor.py:753} INFO - DAG(s) dict_keys(['example_short_circuit_operator']) retrieved from /home/airflow/.local/lib/python3.7/site-packages/airflow/example_dags/example_short_circuit_operator.py
[2023-03-02T13:05:48.423+0000] {logging_mixin.py:137} INFO - [2023-03-02T13:05:48.423+0000] {dag.py:2690} INFO - Sync 1 DAGs
[2023-03-02T13:05:48.444+0000] {logging_mixin.py:137} INFO - [2023-03-02T13:05:48.444+0000] {dag.py:3441} INFO - Setting next_dagrun for example_short_circuit_operator to 2023-03-01T13:05:48.444187+00:00, run_after=2023-03-02T13:05:48.444187+00:00
[2023-03-02T13:05:48.457+0000] {processor.py:175} INFO - Processing /home/airflow/.local/lib/python3.7/site-packages/airflow/example_dags/example_short_circuit_operator.py took 0.099 seconds
[2023-03-02T13:06:27.054+0000] {processor.py:153} INFO - Started process (PID=278) to work on /home/airflow/.local/lib/python3.7/site-packages/airflow/example_dags/example_short_circuit_operator.py
[2023-03-02T13:06:27.059+0000] {processor.py:743} INFO - Processing file /home/airflow/.local/lib/python3.7/site-packages/airflow/example_dags/example_short_circuit_operator.py for tasks to queue
[2023-03-02T13:06:27.064+0000] {logging_mixin.py:137} INFO - [2023-03-02T13:06:27.064+0000] {dagbag.py:538} INFO - Filling up the DagBag from /home/airflow/.local/lib/python3.7/site-packages/airflow/example_dags/example_short_circuit_operator.py
[2023-03-02T13:06:27.229+0000] {processor.py:753} INFO - DAG(s) dict_keys(['example_short_circuit_operator']) retrieved from /home/airflow/.local/lib/python3.7/site-packages/airflow/example_dags/example_short_circuit_operator.py
[2023-03-02T13:06:27.592+0000] {logging_mixin.py:137} INFO - [2023-03-02T13:06:27.591+0000] {dag.py:2690} INFO - Sync 1 DAGs
[2023-03-02T13:06:27.790+0000] {logging_mixin.py:137} INFO - [2023-03-02T13:06:27.790+0000] {dag.py:3441} INFO - Setting next_dagrun for example_short_circuit_operator to 2023-03-01T13:06:27.778431+00:00, run_after=2023-03-02T13:06:27.778431+00:00
[2023-03-02T13:06:28.042+0000] {processor.py:175} INFO - Processing /home/airflow/.local/lib/python3.7/site-packages/airflow/example_dags/example_short_circuit_operator.py took 1.049 seconds
[2023-03-02T14:26:29.335+0000] {processor.py:153} INFO - Started process (PID=351) to work on /home/airflow/.local/lib/python3.7/site-packages/airflow/example_dags/example_short_circuit_operator.py
[2023-03-02T14:26:29.339+0000] {processor.py:743} INFO - Processing file /home/airflow/.local/lib/python3.7/site-packages/airflow/example_dags/example_short_circuit_operator.py for tasks to queue
[2023-03-02T14:26:29.344+0000] {logging_mixin.py:137} INFO - [2023-03-02T14:26:29.343+0000] {dagbag.py:538} INFO - Filling up the DagBag from /home/airflow/.local/lib/python3.7/site-packages/airflow/example_dags/example_short_circuit_operator.py
[2023-03-02T14:26:29.376+0000] {processor.py:753} INFO - DAG(s) dict_keys(['example_short_circuit_operator']) retrieved from /home/airflow/.local/lib/python3.7/site-packages/airflow/example_dags/example_short_circuit_operator.py
[2023-03-02T14:26:29.460+0000] {logging_mixin.py:137} INFO - [2023-03-02T14:26:29.459+0000] {dag.py:2690} INFO - Sync 1 DAGs
[2023-03-02T14:26:29.523+0000] {logging_mixin.py:137} INFO - [2023-03-02T14:26:29.523+0000] {dag.py:3441} INFO - Setting next_dagrun for example_short_circuit_operator to 2023-03-01T14:26:29.521628+00:00, run_after=2023-03-02T14:26:29.521628+00:00
[2023-03-02T14:26:29.568+0000] {processor.py:175} INFO - Processing /home/airflow/.local/lib/python3.7/site-packages/airflow/example_dags/example_short_circuit_operator.py took 0.242 seconds
[2023-03-02T14:27:03.326+0000] {processor.py:153} INFO - Started process (PID=413) to work on /home/airflow/.local/lib/python3.7/site-packages/airflow/example_dags/example_short_circuit_operator.py
[2023-03-02T14:27:03.329+0000] {processor.py:743} INFO - Processing file /home/airflow/.local/lib/python3.7/site-packages/airflow/example_dags/example_short_circuit_operator.py for tasks to queue
[2023-03-02T14:27:03.331+0000] {logging_mixin.py:137} INFO - [2023-03-02T14:27:03.331+0000] {dagbag.py:538} INFO - Filling up the DagBag from /home/airflow/.local/lib/python3.7/site-packages/airflow/example_dags/example_short_circuit_operator.py
[2023-03-02T14:27:03.369+0000] {processor.py:753} INFO - DAG(s) dict_keys(['example_short_circuit_operator']) retrieved from /home/airflow/.local/lib/python3.7/site-packages/airflow/example_dags/example_short_circuit_operator.py
[2023-03-02T14:27:03.423+0000] {logging_mixin.py:137} INFO - [2023-03-02T14:27:03.423+0000] {dag.py:2690} INFO - Sync 1 DAGs
[2023-03-02T14:27:03.453+0000] {logging_mixin.py:137} INFO - [2023-03-02T14:27:03.453+0000] {dag.py:3441} INFO - Setting next_dagrun for example_short_circuit_operator to 2023-03-01T14:27:03.453242+00:00, run_after=2023-03-02T14:27:03.453242+00:00
[2023-03-02T14:27:03.493+0000] {processor.py:175} INFO - Processing /home/airflow/.local/lib/python3.7/site-packages/airflow/example_dags/example_short_circuit_operator.py took 0.173 seconds
[2023-03-02T14:28:20.332+0000] {processor.py:153} INFO - Started process (PID=456) to work on /home/airflow/.local/lib/python3.7/site-packages/airflow/example_dags/example_short_circuit_operator.py
[2023-03-02T14:28:20.334+0000] {processor.py:743} INFO - Processing file /home/airflow/.local/lib/python3.7/site-packages/airflow/example_dags/example_short_circuit_operator.py for tasks to queue
[2023-03-02T14:28:20.335+0000] {logging_mixin.py:137} INFO - [2023-03-02T14:28:20.335+0000] {dagbag.py:538} INFO - Filling up the DagBag from /home/airflow/.local/lib/python3.7/site-packages/airflow/example_dags/example_short_circuit_operator.py
[2023-03-02T14:28:20.360+0000] {processor.py:753} INFO - DAG(s) dict_keys(['example_short_circuit_operator']) retrieved from /home/airflow/.local/lib/python3.7/site-packages/airflow/example_dags/example_short_circuit_operator.py
[2023-03-02T14:28:20.433+0000] {logging_mixin.py:137} INFO - [2023-03-02T14:28:20.432+0000] {dag.py:2690} INFO - Sync 1 DAGs
[2023-03-02T14:28:20.490+0000] {logging_mixin.py:137} INFO - [2023-03-02T14:28:20.490+0000] {dag.py:3441} INFO - Setting next_dagrun for example_short_circuit_operator to 2023-03-01T14:28:20.489975+00:00, run_after=2023-03-02T14:28:20.489975+00:00
[2023-03-02T14:28:20.545+0000] {processor.py:175} INFO - Processing /home/airflow/.local/lib/python3.7/site-packages/airflow/example_dags/example_short_circuit_operator.py took 0.217 seconds
[2023-03-02T14:28:52.924+0000] {processor.py:153} INFO - Started process (PID=511) to work on /home/airflow/.local/lib/python3.7/site-packages/airflow/example_dags/example_short_circuit_operator.py
[2023-03-02T14:28:52.932+0000] {processor.py:743} INFO - Processing file /home/airflow/.local/lib/python3.7/site-packages/airflow/example_dags/example_short_circuit_operator.py for tasks to queue
[2023-03-02T14:28:52.933+0000] {logging_mixin.py:137} INFO - [2023-03-02T14:28:52.933+0000] {dagbag.py:538} INFO - Filling up the DagBag from /home/airflow/.local/lib/python3.7/site-packages/airflow/example_dags/example_short_circuit_operator.py
[2023-03-02T14:28:52.952+0000] {processor.py:753} INFO - DAG(s) dict_keys(['example_short_circuit_operator']) retrieved from /home/airflow/.local/lib/python3.7/site-packages/airflow/example_dags/example_short_circuit_operator.py
[2023-03-02T14:28:52.977+0000] {logging_mixin.py:137} INFO - [2023-03-02T14:28:52.977+0000] {dag.py:2690} INFO - Sync 1 DAGs
[2023-03-02T14:28:52.996+0000] {logging_mixin.py:137} INFO - [2023-03-02T14:28:52.996+0000] {dag.py:3441} INFO - Setting next_dagrun for example_short_circuit_operator to 2023-03-01T14:28:52.996455+00:00, run_after=2023-03-02T14:28:52.996455+00:00
[2023-03-02T14:28:53.010+0000] {processor.py:175} INFO - Processing /home/airflow/.local/lib/python3.7/site-packages/airflow/example_dags/example_short_circuit_operator.py took 0.090 seconds
[2023-03-02T15:58:26.745+0000] {processor.py:153} INFO - Started process (PID=574) to work on /home/airflow/.local/lib/python3.7/site-packages/airflow/example_dags/example_short_circuit_operator.py
[2023-03-02T15:58:26.747+0000] {processor.py:743} INFO - Processing file /home/airflow/.local/lib/python3.7/site-packages/airflow/example_dags/example_short_circuit_operator.py for tasks to queue
[2023-03-02T15:58:26.749+0000] {logging_mixin.py:137} INFO - [2023-03-02T15:58:26.749+0000] {dagbag.py:538} INFO - Filling up the DagBag from /home/airflow/.local/lib/python3.7/site-packages/airflow/example_dags/example_short_circuit_operator.py
[2023-03-02T15:58:26.777+0000] {processor.py:753} INFO - DAG(s) dict_keys(['example_short_circuit_operator']) retrieved from /home/airflow/.local/lib/python3.7/site-packages/airflow/example_dags/example_short_circuit_operator.py
[2023-03-02T15:58:26.808+0000] {logging_mixin.py:137} INFO - [2023-03-02T15:58:26.808+0000] {dag.py:2690} INFO - Sync 1 DAGs
[2023-03-02T15:58:26.841+0000] {logging_mixin.py:137} INFO - [2023-03-02T15:58:26.841+0000] {dag.py:3441} INFO - Setting next_dagrun for example_short_circuit_operator to 2023-03-01T15:58:26.841223+00:00, run_after=2023-03-02T15:58:26.841223+00:00
[2023-03-02T15:58:26.854+0000] {processor.py:175} INFO - Processing /home/airflow/.local/lib/python3.7/site-packages/airflow/example_dags/example_short_circuit_operator.py took 0.113 seconds
[2023-03-02T16:32:18.565+0000] {processor.py:153} INFO - Started process (PID=637) to work on /home/airflow/.local/lib/python3.7/site-packages/airflow/example_dags/example_short_circuit_operator.py
[2023-03-02T16:32:18.573+0000] {processor.py:743} INFO - Processing file /home/airflow/.local/lib/python3.7/site-packages/airflow/example_dags/example_short_circuit_operator.py for tasks to queue
[2023-03-02T16:32:18.578+0000] {logging_mixin.py:137} INFO - [2023-03-02T16:32:18.578+0000] {dagbag.py:538} INFO - Filling up the DagBag from /home/airflow/.local/lib/python3.7/site-packages/airflow/example_dags/example_short_circuit_operator.py
[2023-03-02T16:32:18.601+0000] {processor.py:753} INFO - DAG(s) dict_keys(['example_short_circuit_operator']) retrieved from /home/airflow/.local/lib/python3.7/site-packages/airflow/example_dags/example_short_circuit_operator.py
[2023-03-02T16:32:18.632+0000] {logging_mixin.py:137} INFO - [2023-03-02T16:32:18.632+0000] {dag.py:2690} INFO - Sync 1 DAGs
[2023-03-02T16:32:18.655+0000] {logging_mixin.py:137} INFO - [2023-03-02T16:32:18.655+0000] {dag.py:3441} INFO - Setting next_dagrun for example_short_circuit_operator to 2023-03-01T16:32:18.655432+00:00, run_after=2023-03-02T16:32:18.655432+00:00
[2023-03-02T16:32:18.688+0000] {processor.py:175} INFO - Processing /home/airflow/.local/lib/python3.7/site-packages/airflow/example_dags/example_short_circuit_operator.py took 0.129 seconds
[2023-03-02T16:39:54.247+0000] {processor.py:153} INFO - Started process (PID=733) to work on /home/airflow/.local/lib/python3.7/site-packages/airflow/example_dags/example_short_circuit_operator.py
[2023-03-02T16:39:54.262+0000] {processor.py:743} INFO - Processing file /home/airflow/.local/lib/python3.7/site-packages/airflow/example_dags/example_short_circuit_operator.py for tasks to queue
[2023-03-02T16:39:54.269+0000] {logging_mixin.py:137} INFO - [2023-03-02T16:39:54.268+0000] {dagbag.py:538} INFO - Filling up the DagBag from /home/airflow/.local/lib/python3.7/site-packages/airflow/example_dags/example_short_circuit_operator.py
[2023-03-02T16:39:54.678+0000] {processor.py:753} INFO - DAG(s) dict_keys(['example_short_circuit_operator']) retrieved from /home/airflow/.local/lib/python3.7/site-packages/airflow/example_dags/example_short_circuit_operator.py
[2023-03-02T16:39:56.133+0000] {logging_mixin.py:137} INFO - [2023-03-02T16:39:56.121+0000] {dag.py:2690} INFO - Sync 1 DAGs
[2023-03-02T16:39:57.791+0000] {logging_mixin.py:137} INFO - [2023-03-02T16:39:57.790+0000] {dag.py:3441} INFO - Setting next_dagrun for example_short_circuit_operator to 2023-03-01T16:39:57.788857+00:00, run_after=2023-03-02T16:39:57.788857+00:00
[2023-03-02T16:39:58.138+0000] {processor.py:175} INFO - Processing /home/airflow/.local/lib/python3.7/site-packages/airflow/example_dags/example_short_circuit_operator.py took 3.955 seconds
[2023-03-02T16:40:35.734+0000] {processor.py:153} INFO - Started process (PID=803) to work on /home/airflow/.local/lib/python3.7/site-packages/airflow/example_dags/example_short_circuit_operator.py
[2023-03-02T16:40:35.737+0000] {processor.py:743} INFO - Processing file /home/airflow/.local/lib/python3.7/site-packages/airflow/example_dags/example_short_circuit_operator.py for tasks to queue
[2023-03-02T16:40:35.741+0000] {logging_mixin.py:137} INFO - [2023-03-02T16:40:35.741+0000] {dagbag.py:538} INFO - Filling up the DagBag from /home/airflow/.local/lib/python3.7/site-packages/airflow/example_dags/example_short_circuit_operator.py
[2023-03-02T16:40:35.791+0000] {processor.py:753} INFO - DAG(s) dict_keys(['example_short_circuit_operator']) retrieved from /home/airflow/.local/lib/python3.7/site-packages/airflow/example_dags/example_short_circuit_operator.py
[2023-03-02T16:40:35.855+0000] {logging_mixin.py:137} INFO - [2023-03-02T16:40:35.855+0000] {dag.py:2690} INFO - Sync 1 DAGs
[2023-03-02T16:40:35.904+0000] {logging_mixin.py:137} INFO - [2023-03-02T16:40:35.904+0000] {dag.py:3441} INFO - Setting next_dagrun for example_short_circuit_operator to 2023-03-01T16:40:35.903489+00:00, run_after=2023-03-02T16:40:35.903489+00:00
[2023-03-02T16:40:35.947+0000] {processor.py:175} INFO - Processing /home/airflow/.local/lib/python3.7/site-packages/airflow/example_dags/example_short_circuit_operator.py took 0.223 seconds
[2023-03-02T16:41:22.702+0000] {processor.py:153} INFO - Started process (PID=868) to work on /home/airflow/.local/lib/python3.7/site-packages/airflow/example_dags/example_short_circuit_operator.py
[2023-03-02T16:41:22.705+0000] {processor.py:743} INFO - Processing file /home/airflow/.local/lib/python3.7/site-packages/airflow/example_dags/example_short_circuit_operator.py for tasks to queue
[2023-03-02T16:41:22.706+0000] {logging_mixin.py:137} INFO - [2023-03-02T16:41:22.706+0000] {dagbag.py:538} INFO - Filling up the DagBag from /home/airflow/.local/lib/python3.7/site-packages/airflow/example_dags/example_short_circuit_operator.py
[2023-03-02T16:41:22.732+0000] {processor.py:753} INFO - DAG(s) dict_keys(['example_short_circuit_operator']) retrieved from /home/airflow/.local/lib/python3.7/site-packages/airflow/example_dags/example_short_circuit_operator.py
[2023-03-02T16:41:22.786+0000] {logging_mixin.py:137} INFO - [2023-03-02T16:41:22.785+0000] {dag.py:2690} INFO - Sync 1 DAGs
[2023-03-02T16:41:22.835+0000] {logging_mixin.py:137} INFO - [2023-03-02T16:41:22.835+0000] {dag.py:3441} INFO - Setting next_dagrun for example_short_circuit_operator to 2023-03-01T16:41:22.834611+00:00, run_after=2023-03-02T16:41:22.834611+00:00
[2023-03-02T16:41:22.869+0000] {processor.py:175} INFO - Processing /home/airflow/.local/lib/python3.7/site-packages/airflow/example_dags/example_short_circuit_operator.py took 0.176 seconds
[2023-03-02T16:41:55.204+0000] {processor.py:153} INFO - Started process (PID=931) to work on /home/airflow/.local/lib/python3.7/site-packages/airflow/example_dags/example_short_circuit_operator.py
[2023-03-02T16:41:55.210+0000] {processor.py:743} INFO - Processing file /home/airflow/.local/lib/python3.7/site-packages/airflow/example_dags/example_short_circuit_operator.py for tasks to queue
[2023-03-02T16:41:55.211+0000] {logging_mixin.py:137} INFO - [2023-03-02T16:41:55.211+0000] {dagbag.py:538} INFO - Filling up the DagBag from /home/airflow/.local/lib/python3.7/site-packages/airflow/example_dags/example_short_circuit_operator.py
[2023-03-02T16:41:55.244+0000] {processor.py:753} INFO - DAG(s) dict_keys(['example_short_circuit_operator']) retrieved from /home/airflow/.local/lib/python3.7/site-packages/airflow/example_dags/example_short_circuit_operator.py
[2023-03-02T16:41:55.339+0000] {logging_mixin.py:137} INFO - [2023-03-02T16:41:55.339+0000] {dag.py:2690} INFO - Sync 1 DAGs
[2023-03-02T16:41:55.366+0000] {logging_mixin.py:137} INFO - [2023-03-02T16:41:55.366+0000] {dag.py:3441} INFO - Setting next_dagrun for example_short_circuit_operator to 2023-03-01T16:41:55.363397+00:00, run_after=2023-03-02T16:41:55.363397+00:00
[2023-03-02T16:41:55.396+0000] {processor.py:175} INFO - Processing /home/airflow/.local/lib/python3.7/site-packages/airflow/example_dags/example_short_circuit_operator.py took 0.199 seconds
[2023-03-02T16:42:25.976+0000] {processor.py:153} INFO - Started process (PID=994) to work on /home/airflow/.local/lib/python3.7/site-packages/airflow/example_dags/example_short_circuit_operator.py
[2023-03-02T16:42:25.978+0000] {processor.py:743} INFO - Processing file /home/airflow/.local/lib/python3.7/site-packages/airflow/example_dags/example_short_circuit_operator.py for tasks to queue
[2023-03-02T16:42:25.979+0000] {logging_mixin.py:137} INFO - [2023-03-02T16:42:25.978+0000] {dagbag.py:538} INFO - Filling up the DagBag from /home/airflow/.local/lib/python3.7/site-packages/airflow/example_dags/example_short_circuit_operator.py
[2023-03-02T16:42:25.993+0000] {processor.py:753} INFO - DAG(s) dict_keys(['example_short_circuit_operator']) retrieved from /home/airflow/.local/lib/python3.7/site-packages/airflow/example_dags/example_short_circuit_operator.py
[2023-03-02T16:42:26.031+0000] {logging_mixin.py:137} INFO - [2023-03-02T16:42:26.031+0000] {dag.py:2690} INFO - Sync 1 DAGs
[2023-03-02T16:42:26.066+0000] {logging_mixin.py:137} INFO - [2023-03-02T16:42:26.066+0000] {dag.py:3441} INFO - Setting next_dagrun for example_short_circuit_operator to 2023-03-01T16:42:26.065814+00:00, run_after=2023-03-02T16:42:26.065814+00:00
[2023-03-02T16:42:26.082+0000] {processor.py:175} INFO - Processing /home/airflow/.local/lib/python3.7/site-packages/airflow/example_dags/example_short_circuit_operator.py took 0.109 seconds
[2023-03-02T16:42:56.883+0000] {processor.py:153} INFO - Started process (PID=1057) to work on /home/airflow/.local/lib/python3.7/site-packages/airflow/example_dags/example_short_circuit_operator.py
[2023-03-02T16:42:56.887+0000] {processor.py:743} INFO - Processing file /home/airflow/.local/lib/python3.7/site-packages/airflow/example_dags/example_short_circuit_operator.py for tasks to queue
[2023-03-02T16:42:56.888+0000] {logging_mixin.py:137} INFO - [2023-03-02T16:42:56.888+0000] {dagbag.py:538} INFO - Filling up the DagBag from /home/airflow/.local/lib/python3.7/site-packages/airflow/example_dags/example_short_circuit_operator.py
[2023-03-02T16:42:56.905+0000] {processor.py:753} INFO - DAG(s) dict_keys(['example_short_circuit_operator']) retrieved from /home/airflow/.local/lib/python3.7/site-packages/airflow/example_dags/example_short_circuit_operator.py
[2023-03-02T16:42:56.946+0000] {logging_mixin.py:137} INFO - [2023-03-02T16:42:56.946+0000] {dag.py:2690} INFO - Sync 1 DAGs
[2023-03-02T16:42:56.969+0000] {logging_mixin.py:137} INFO - [2023-03-02T16:42:56.969+0000] {dag.py:3441} INFO - Setting next_dagrun for example_short_circuit_operator to 2023-03-01T16:42:56.968910+00:00, run_after=2023-03-02T16:42:56.968910+00:00
[2023-03-02T16:42:56.983+0000] {processor.py:175} INFO - Processing /home/airflow/.local/lib/python3.7/site-packages/airflow/example_dags/example_short_circuit_operator.py took 0.106 seconds
[2023-03-02T16:43:27.899+0000] {processor.py:153} INFO - Started process (PID=1129) to work on /home/airflow/.local/lib/python3.7/site-packages/airflow/example_dags/example_short_circuit_operator.py
[2023-03-02T16:43:27.902+0000] {processor.py:743} INFO - Processing file /home/airflow/.local/lib/python3.7/site-packages/airflow/example_dags/example_short_circuit_operator.py for tasks to queue
[2023-03-02T16:43:27.904+0000] {logging_mixin.py:137} INFO - [2023-03-02T16:43:27.904+0000] {dagbag.py:538} INFO - Filling up the DagBag from /home/airflow/.local/lib/python3.7/site-packages/airflow/example_dags/example_short_circuit_operator.py
[2023-03-02T16:43:27.920+0000] {processor.py:753} INFO - DAG(s) dict_keys(['example_short_circuit_operator']) retrieved from /home/airflow/.local/lib/python3.7/site-packages/airflow/example_dags/example_short_circuit_operator.py
[2023-03-02T16:43:27.965+0000] {logging_mixin.py:137} INFO - [2023-03-02T16:43:27.964+0000] {dag.py:2690} INFO - Sync 1 DAGs
[2023-03-02T16:43:28.050+0000] {logging_mixin.py:137} INFO - [2023-03-02T16:43:28.049+0000] {dag.py:3441} INFO - Setting next_dagrun for example_short_circuit_operator to 2023-03-01T16:43:28.049168+00:00, run_after=2023-03-02T16:43:28.049168+00:00
[2023-03-02T16:43:28.080+0000] {processor.py:175} INFO - Processing /home/airflow/.local/lib/python3.7/site-packages/airflow/example_dags/example_short_circuit_operator.py took 0.185 seconds
[2023-03-02T16:43:58.841+0000] {processor.py:153} INFO - Started process (PID=1194) to work on /home/airflow/.local/lib/python3.7/site-packages/airflow/example_dags/example_short_circuit_operator.py
[2023-03-02T16:43:58.843+0000] {processor.py:743} INFO - Processing file /home/airflow/.local/lib/python3.7/site-packages/airflow/example_dags/example_short_circuit_operator.py for tasks to queue
[2023-03-02T16:43:58.844+0000] {logging_mixin.py:137} INFO - [2023-03-02T16:43:58.843+0000] {dagbag.py:538} INFO - Filling up the DagBag from /home/airflow/.local/lib/python3.7/site-packages/airflow/example_dags/example_short_circuit_operator.py
[2023-03-02T16:43:58.857+0000] {processor.py:753} INFO - DAG(s) dict_keys(['example_short_circuit_operator']) retrieved from /home/airflow/.local/lib/python3.7/site-packages/airflow/example_dags/example_short_circuit_operator.py
[2023-03-02T16:43:58.885+0000] {logging_mixin.py:137} INFO - [2023-03-02T16:43:58.885+0000] {dag.py:2690} INFO - Sync 1 DAGs
[2023-03-02T16:43:58.904+0000] {logging_mixin.py:137} INFO - [2023-03-02T16:43:58.904+0000] {dag.py:3441} INFO - Setting next_dagrun for example_short_circuit_operator to 2023-03-01T16:43:58.904157+00:00, run_after=2023-03-02T16:43:58.904157+00:00
[2023-03-02T16:43:58.916+0000] {processor.py:175} INFO - Processing /home/airflow/.local/lib/python3.7/site-packages/airflow/example_dags/example_short_circuit_operator.py took 0.079 seconds
[2023-03-02T16:49:49.011+0000] {processor.py:153} INFO - Started process (PID=1285) to work on /home/airflow/.local/lib/python3.7/site-packages/airflow/example_dags/example_short_circuit_operator.py
[2023-03-02T16:49:49.012+0000] {processor.py:743} INFO - Processing file /home/airflow/.local/lib/python3.7/site-packages/airflow/example_dags/example_short_circuit_operator.py for tasks to queue
[2023-03-02T16:49:49.013+0000] {logging_mixin.py:137} INFO - [2023-03-02T16:49:49.013+0000] {dagbag.py:538} INFO - Filling up the DagBag from /home/airflow/.local/lib/python3.7/site-packages/airflow/example_dags/example_short_circuit_operator.py
[2023-03-02T16:49:49.038+0000] {processor.py:753} INFO - DAG(s) dict_keys(['example_short_circuit_operator']) retrieved from /home/airflow/.local/lib/python3.7/site-packages/airflow/example_dags/example_short_circuit_operator.py
[2023-03-02T16:49:49.060+0000] {logging_mixin.py:137} INFO - [2023-03-02T16:49:49.060+0000] {dag.py:2690} INFO - Sync 1 DAGs
[2023-03-02T16:49:49.078+0000] {logging_mixin.py:137} INFO - [2023-03-02T16:49:49.078+0000] {dag.py:3441} INFO - Setting next_dagrun for example_short_circuit_operator to 2023-03-01T16:49:49.077911+00:00, run_after=2023-03-02T16:49:49.077911+00:00
[2023-03-02T16:49:49.096+0000] {processor.py:175} INFO - Processing /home/airflow/.local/lib/python3.7/site-packages/airflow/example_dags/example_short_circuit_operator.py took 0.088 seconds
[2023-03-02T16:50:23.974+0000] {processor.py:153} INFO - Started process (PID=1360) to work on /home/airflow/.local/lib/python3.7/site-packages/airflow/example_dags/example_short_circuit_operator.py
[2023-03-02T16:50:23.977+0000] {processor.py:743} INFO - Processing file /home/airflow/.local/lib/python3.7/site-packages/airflow/example_dags/example_short_circuit_operator.py for tasks to queue
[2023-03-02T16:50:23.982+0000] {logging_mixin.py:137} INFO - [2023-03-02T16:50:23.980+0000] {dagbag.py:538} INFO - Filling up the DagBag from /home/airflow/.local/lib/python3.7/site-packages/airflow/example_dags/example_short_circuit_operator.py
[2023-03-02T16:50:24.165+0000] {processor.py:753} INFO - DAG(s) dict_keys(['example_short_circuit_operator']) retrieved from /home/airflow/.local/lib/python3.7/site-packages/airflow/example_dags/example_short_circuit_operator.py
[2023-03-02T16:50:24.329+0000] {logging_mixin.py:137} INFO - [2023-03-02T16:50:24.329+0000] {dag.py:2690} INFO - Sync 1 DAGs
[2023-03-02T16:50:24.477+0000] {logging_mixin.py:137} INFO - [2023-03-02T16:50:24.476+0000] {dag.py:3441} INFO - Setting next_dagrun for example_short_circuit_operator to 2023-03-01T16:50:24.473134+00:00, run_after=2023-03-02T16:50:24.473134+00:00
[2023-03-02T16:50:24.564+0000] {processor.py:175} INFO - Processing /home/airflow/.local/lib/python3.7/site-packages/airflow/example_dags/example_short_circuit_operator.py took 0.613 seconds
[2023-03-02T16:50:55.581+0000] {processor.py:153} INFO - Started process (PID=1422) to work on /home/airflow/.local/lib/python3.7/site-packages/airflow/example_dags/example_short_circuit_operator.py
[2023-03-02T16:50:55.588+0000] {processor.py:743} INFO - Processing file /home/airflow/.local/lib/python3.7/site-packages/airflow/example_dags/example_short_circuit_operator.py for tasks to queue
[2023-03-02T16:50:55.591+0000] {logging_mixin.py:137} INFO - [2023-03-02T16:50:55.591+0000] {dagbag.py:538} INFO - Filling up the DagBag from /home/airflow/.local/lib/python3.7/site-packages/airflow/example_dags/example_short_circuit_operator.py
[2023-03-02T16:50:55.632+0000] {processor.py:753} INFO - DAG(s) dict_keys(['example_short_circuit_operator']) retrieved from /home/airflow/.local/lib/python3.7/site-packages/airflow/example_dags/example_short_circuit_operator.py
[2023-03-02T16:50:55.763+0000] {logging_mixin.py:137} INFO - [2023-03-02T16:50:55.761+0000] {dag.py:2690} INFO - Sync 1 DAGs
[2023-03-02T16:50:56.153+0000] {logging_mixin.py:137} INFO - [2023-03-02T16:50:56.152+0000] {dag.py:3441} INFO - Setting next_dagrun for example_short_circuit_operator to 2023-03-01T16:50:56.151763+00:00, run_after=2023-03-02T16:50:56.151763+00:00
[2023-03-02T16:50:56.311+0000] {processor.py:175} INFO - Processing /home/airflow/.local/lib/python3.7/site-packages/airflow/example_dags/example_short_circuit_operator.py took 0.737 seconds
[2023-03-02T16:51:26.559+0000] {processor.py:153} INFO - Started process (PID=1485) to work on /home/airflow/.local/lib/python3.7/site-packages/airflow/example_dags/example_short_circuit_operator.py
[2023-03-02T16:51:26.567+0000] {processor.py:743} INFO - Processing file /home/airflow/.local/lib/python3.7/site-packages/airflow/example_dags/example_short_circuit_operator.py for tasks to queue
[2023-03-02T16:51:26.582+0000] {logging_mixin.py:137} INFO - [2023-03-02T16:51:26.581+0000] {dagbag.py:538} INFO - Filling up the DagBag from /home/airflow/.local/lib/python3.7/site-packages/airflow/example_dags/example_short_circuit_operator.py
[2023-03-02T16:51:26.663+0000] {processor.py:753} INFO - DAG(s) dict_keys(['example_short_circuit_operator']) retrieved from /home/airflow/.local/lib/python3.7/site-packages/airflow/example_dags/example_short_circuit_operator.py
[2023-03-02T16:51:26.843+0000] {logging_mixin.py:137} INFO - [2023-03-02T16:51:26.842+0000] {dag.py:2690} INFO - Sync 1 DAGs
[2023-03-02T16:51:26.948+0000] {logging_mixin.py:137} INFO - [2023-03-02T16:51:26.948+0000] {dag.py:3441} INFO - Setting next_dagrun for example_short_circuit_operator to 2023-03-01T16:51:26.946102+00:00, run_after=2023-03-02T16:51:26.946102+00:00
[2023-03-02T16:51:27.014+0000] {processor.py:175} INFO - Processing /home/airflow/.local/lib/python3.7/site-packages/airflow/example_dags/example_short_circuit_operator.py took 0.477 seconds
[2023-03-02T16:51:57.295+0000] {processor.py:153} INFO - Started process (PID=1551) to work on /home/airflow/.local/lib/python3.7/site-packages/airflow/example_dags/example_short_circuit_operator.py
[2023-03-02T16:51:57.297+0000] {processor.py:743} INFO - Processing file /home/airflow/.local/lib/python3.7/site-packages/airflow/example_dags/example_short_circuit_operator.py for tasks to queue
[2023-03-02T16:51:57.298+0000] {logging_mixin.py:137} INFO - [2023-03-02T16:51:57.298+0000] {dagbag.py:538} INFO - Filling up the DagBag from /home/airflow/.local/lib/python3.7/site-packages/airflow/example_dags/example_short_circuit_operator.py
[2023-03-02T16:51:57.313+0000] {processor.py:753} INFO - DAG(s) dict_keys(['example_short_circuit_operator']) retrieved from /home/airflow/.local/lib/python3.7/site-packages/airflow/example_dags/example_short_circuit_operator.py
[2023-03-02T16:51:57.337+0000] {logging_mixin.py:137} INFO - [2023-03-02T16:51:57.337+0000] {dag.py:2690} INFO - Sync 1 DAGs
[2023-03-02T16:51:57.353+0000] {logging_mixin.py:137} INFO - [2023-03-02T16:51:57.353+0000] {dag.py:3441} INFO - Setting next_dagrun for example_short_circuit_operator to 2023-03-01T16:51:57.353385+00:00, run_after=2023-03-02T16:51:57.353385+00:00
[2023-03-02T16:51:57.368+0000] {processor.py:175} INFO - Processing /home/airflow/.local/lib/python3.7/site-packages/airflow/example_dags/example_short_circuit_operator.py took 0.077 seconds
[2023-03-02T16:52:27.563+0000] {processor.py:153} INFO - Started process (PID=1615) to work on /home/airflow/.local/lib/python3.7/site-packages/airflow/example_dags/example_short_circuit_operator.py
[2023-03-02T16:52:27.564+0000] {processor.py:743} INFO - Processing file /home/airflow/.local/lib/python3.7/site-packages/airflow/example_dags/example_short_circuit_operator.py for tasks to queue
[2023-03-02T16:52:27.565+0000] {logging_mixin.py:137} INFO - [2023-03-02T16:52:27.565+0000] {dagbag.py:538} INFO - Filling up the DagBag from /home/airflow/.local/lib/python3.7/site-packages/airflow/example_dags/example_short_circuit_operator.py
[2023-03-02T16:52:27.577+0000] {processor.py:753} INFO - DAG(s) dict_keys(['example_short_circuit_operator']) retrieved from /home/airflow/.local/lib/python3.7/site-packages/airflow/example_dags/example_short_circuit_operator.py
[2023-03-02T16:52:27.598+0000] {logging_mixin.py:137} INFO - [2023-03-02T16:52:27.598+0000] {dag.py:2690} INFO - Sync 1 DAGs
[2023-03-02T16:52:27.614+0000] {logging_mixin.py:137} INFO - [2023-03-02T16:52:27.614+0000] {dag.py:3441} INFO - Setting next_dagrun for example_short_circuit_operator to 2023-03-01T16:52:27.613848+00:00, run_after=2023-03-02T16:52:27.613848+00:00
[2023-03-02T16:52:27.624+0000] {processor.py:175} INFO - Processing /home/airflow/.local/lib/python3.7/site-packages/airflow/example_dags/example_short_circuit_operator.py took 0.064 seconds
[2023-03-02T16:52:58.098+0000] {processor.py:153} INFO - Started process (PID=1688) to work on /home/airflow/.local/lib/python3.7/site-packages/airflow/example_dags/example_short_circuit_operator.py
[2023-03-02T16:52:58.100+0000] {processor.py:743} INFO - Processing file /home/airflow/.local/lib/python3.7/site-packages/airflow/example_dags/example_short_circuit_operator.py for tasks to queue
[2023-03-02T16:52:58.101+0000] {logging_mixin.py:137} INFO - [2023-03-02T16:52:58.101+0000] {dagbag.py:538} INFO - Filling up the DagBag from /home/airflow/.local/lib/python3.7/site-packages/airflow/example_dags/example_short_circuit_operator.py
[2023-03-02T16:52:58.114+0000] {processor.py:753} INFO - DAG(s) dict_keys(['example_short_circuit_operator']) retrieved from /home/airflow/.local/lib/python3.7/site-packages/airflow/example_dags/example_short_circuit_operator.py
[2023-03-02T16:52:58.136+0000] {logging_mixin.py:137} INFO - [2023-03-02T16:52:58.136+0000] {dag.py:2690} INFO - Sync 1 DAGs
[2023-03-02T16:52:58.154+0000] {logging_mixin.py:137} INFO - [2023-03-02T16:52:58.154+0000] {dag.py:3441} INFO - Setting next_dagrun for example_short_circuit_operator to 2023-03-01T16:52:58.154155+00:00, run_after=2023-03-02T16:52:58.154155+00:00
[2023-03-02T16:52:58.172+0000] {processor.py:175} INFO - Processing /home/airflow/.local/lib/python3.7/site-packages/airflow/example_dags/example_short_circuit_operator.py took 0.078 seconds
[2023-03-02T16:53:29.213+0000] {processor.py:153} INFO - Started process (PID=1754) to work on /home/airflow/.local/lib/python3.7/site-packages/airflow/example_dags/example_short_circuit_operator.py
[2023-03-02T16:53:29.214+0000] {processor.py:743} INFO - Processing file /home/airflow/.local/lib/python3.7/site-packages/airflow/example_dags/example_short_circuit_operator.py for tasks to queue
[2023-03-02T16:53:29.215+0000] {logging_mixin.py:137} INFO - [2023-03-02T16:53:29.215+0000] {dagbag.py:538} INFO - Filling up the DagBag from /home/airflow/.local/lib/python3.7/site-packages/airflow/example_dags/example_short_circuit_operator.py
[2023-03-02T16:53:29.230+0000] {processor.py:753} INFO - DAG(s) dict_keys(['example_short_circuit_operator']) retrieved from /home/airflow/.local/lib/python3.7/site-packages/airflow/example_dags/example_short_circuit_operator.py
[2023-03-02T16:53:29.256+0000] {logging_mixin.py:137} INFO - [2023-03-02T16:53:29.256+0000] {dag.py:2690} INFO - Sync 1 DAGs
[2023-03-02T16:53:29.272+0000] {logging_mixin.py:137} INFO - [2023-03-02T16:53:29.271+0000] {dag.py:3441} INFO - Setting next_dagrun for example_short_circuit_operator to 2023-03-01T16:53:29.271649+00:00, run_after=2023-03-02T16:53:29.271649+00:00
[2023-03-02T16:53:29.282+0000] {processor.py:175} INFO - Processing /home/airflow/.local/lib/python3.7/site-packages/airflow/example_dags/example_short_circuit_operator.py took 0.072 seconds
[2023-03-02T16:53:59.983+0000] {processor.py:153} INFO - Started process (PID=1830) to work on /home/airflow/.local/lib/python3.7/site-packages/airflow/example_dags/example_short_circuit_operator.py
[2023-03-02T16:53:59.984+0000] {processor.py:743} INFO - Processing file /home/airflow/.local/lib/python3.7/site-packages/airflow/example_dags/example_short_circuit_operator.py for tasks to queue
[2023-03-02T16:53:59.985+0000] {logging_mixin.py:137} INFO - [2023-03-02T16:53:59.985+0000] {dagbag.py:538} INFO - Filling up the DagBag from /home/airflow/.local/lib/python3.7/site-packages/airflow/example_dags/example_short_circuit_operator.py
[2023-03-02T16:53:59.997+0000] {processor.py:753} INFO - DAG(s) dict_keys(['example_short_circuit_operator']) retrieved from /home/airflow/.local/lib/python3.7/site-packages/airflow/example_dags/example_short_circuit_operator.py
[2023-03-02T16:54:00.018+0000] {logging_mixin.py:137} INFO - [2023-03-02T16:54:00.018+0000] {dag.py:2690} INFO - Sync 1 DAGs
[2023-03-02T16:54:00.041+0000] {logging_mixin.py:137} INFO - [2023-03-02T16:54:00.041+0000] {dag.py:3441} INFO - Setting next_dagrun for example_short_circuit_operator to 2023-03-01T16:54:00.041207+00:00, run_after=2023-03-02T16:54:00.041207+00:00
[2023-03-02T16:54:00.061+0000] {processor.py:175} INFO - Processing /home/airflow/.local/lib/python3.7/site-packages/airflow/example_dags/example_short_circuit_operator.py took 0.081 seconds
[2023-03-02T16:54:31.138+0000] {processor.py:153} INFO - Started process (PID=1894) to work on /home/airflow/.local/lib/python3.7/site-packages/airflow/example_dags/example_short_circuit_operator.py
[2023-03-02T16:54:31.141+0000] {processor.py:743} INFO - Processing file /home/airflow/.local/lib/python3.7/site-packages/airflow/example_dags/example_short_circuit_operator.py for tasks to queue
[2023-03-02T16:54:31.143+0000] {logging_mixin.py:137} INFO - [2023-03-02T16:54:31.143+0000] {dagbag.py:538} INFO - Filling up the DagBag from /home/airflow/.local/lib/python3.7/site-packages/airflow/example_dags/example_short_circuit_operator.py
[2023-03-02T16:54:31.174+0000] {processor.py:753} INFO - DAG(s) dict_keys(['example_short_circuit_operator']) retrieved from /home/airflow/.local/lib/python3.7/site-packages/airflow/example_dags/example_short_circuit_operator.py
[2023-03-02T16:54:31.301+0000] {logging_mixin.py:137} INFO - [2023-03-02T16:54:31.301+0000] {dag.py:2690} INFO - Sync 1 DAGs
[2023-03-02T16:54:31.342+0000] {logging_mixin.py:137} INFO - [2023-03-02T16:54:31.341+0000] {dag.py:3441} INFO - Setting next_dagrun for example_short_circuit_operator to 2023-03-01T16:54:31.341469+00:00, run_after=2023-03-02T16:54:31.341469+00:00
[2023-03-02T16:54:31.368+0000] {processor.py:175} INFO - Processing /home/airflow/.local/lib/python3.7/site-packages/airflow/example_dags/example_short_circuit_operator.py took 0.235 seconds
[2023-03-02T17:25:06.552+0000] {processor.py:153} INFO - Started process (PID=1946) to work on /home/airflow/.local/lib/python3.7/site-packages/airflow/example_dags/example_short_circuit_operator.py
[2023-03-02T17:25:06.573+0000] {processor.py:743} INFO - Processing file /home/airflow/.local/lib/python3.7/site-packages/airflow/example_dags/example_short_circuit_operator.py for tasks to queue
[2023-03-02T17:25:06.603+0000] {logging_mixin.py:137} INFO - [2023-03-02T17:25:06.594+0000] {dagbag.py:538} INFO - Filling up the DagBag from /home/airflow/.local/lib/python3.7/site-packages/airflow/example_dags/example_short_circuit_operator.py
[2023-03-02T17:25:07.186+0000] {processor.py:753} INFO - DAG(s) dict_keys(['example_short_circuit_operator']) retrieved from /home/airflow/.local/lib/python3.7/site-packages/airflow/example_dags/example_short_circuit_operator.py
[2023-03-02T17:25:08.197+0000] {logging_mixin.py:137} INFO - [2023-03-02T17:25:08.194+0000] {dag.py:2690} INFO - Sync 1 DAGs
[2023-03-02T17:25:08.800+0000] {logging_mixin.py:137} INFO - [2023-03-02T17:25:08.799+0000] {dag.py:3441} INFO - Setting next_dagrun for example_short_circuit_operator to 2023-03-01T17:25:08.763386+00:00, run_after=2023-03-02T17:25:08.763386+00:00
[2023-03-02T17:25:09.182+0000] {processor.py:175} INFO - Processing /home/airflow/.local/lib/python3.7/site-packages/airflow/example_dags/example_short_circuit_operator.py took 2.644 seconds
[2023-03-02T17:25:39.972+0000] {processor.py:153} INFO - Started process (PID=2013) to work on /home/airflow/.local/lib/python3.7/site-packages/airflow/example_dags/example_short_circuit_operator.py
[2023-03-02T17:25:40.032+0000] {processor.py:743} INFO - Processing file /home/airflow/.local/lib/python3.7/site-packages/airflow/example_dags/example_short_circuit_operator.py for tasks to queue
[2023-03-02T17:25:40.043+0000] {logging_mixin.py:137} INFO - [2023-03-02T17:25:40.043+0000] {dagbag.py:538} INFO - Filling up the DagBag from /home/airflow/.local/lib/python3.7/site-packages/airflow/example_dags/example_short_circuit_operator.py
[2023-03-02T17:25:40.341+0000] {processor.py:753} INFO - DAG(s) dict_keys(['example_short_circuit_operator']) retrieved from /home/airflow/.local/lib/python3.7/site-packages/airflow/example_dags/example_short_circuit_operator.py
[2023-03-02T17:25:41.017+0000] {logging_mixin.py:137} INFO - [2023-03-02T17:25:41.016+0000] {dag.py:2690} INFO - Sync 1 DAGs
[2023-03-02T17:25:41.605+0000] {logging_mixin.py:137} INFO - [2023-03-02T17:25:41.562+0000] {dag.py:3441} INFO - Setting next_dagrun for example_short_circuit_operator to 2023-03-01T17:25:41.554058+00:00, run_after=2023-03-02T17:25:41.554058+00:00
[2023-03-02T17:25:41.877+0000] {processor.py:175} INFO - Processing /home/airflow/.local/lib/python3.7/site-packages/airflow/example_dags/example_short_circuit_operator.py took 1.987 seconds
[2023-03-02T17:26:13.078+0000] {processor.py:153} INFO - Started process (PID=2078) to work on /home/airflow/.local/lib/python3.7/site-packages/airflow/example_dags/example_short_circuit_operator.py
[2023-03-02T17:26:13.080+0000] {processor.py:743} INFO - Processing file /home/airflow/.local/lib/python3.7/site-packages/airflow/example_dags/example_short_circuit_operator.py for tasks to queue
[2023-03-02T17:26:13.081+0000] {logging_mixin.py:137} INFO - [2023-03-02T17:26:13.081+0000] {dagbag.py:538} INFO - Filling up the DagBag from /home/airflow/.local/lib/python3.7/site-packages/airflow/example_dags/example_short_circuit_operator.py
[2023-03-02T17:26:13.115+0000] {processor.py:753} INFO - DAG(s) dict_keys(['example_short_circuit_operator']) retrieved from /home/airflow/.local/lib/python3.7/site-packages/airflow/example_dags/example_short_circuit_operator.py
[2023-03-02T17:26:13.168+0000] {logging_mixin.py:137} INFO - [2023-03-02T17:26:13.168+0000] {dag.py:2690} INFO - Sync 1 DAGs
[2023-03-02T17:26:13.194+0000] {logging_mixin.py:137} INFO - [2023-03-02T17:26:13.194+0000] {dag.py:3441} INFO - Setting next_dagrun for example_short_circuit_operator to 2023-03-01T17:26:13.194332+00:00, run_after=2023-03-02T17:26:13.194332+00:00
[2023-03-02T17:26:13.209+0000] {processor.py:175} INFO - Processing /home/airflow/.local/lib/python3.7/site-packages/airflow/example_dags/example_short_circuit_operator.py took 0.139 seconds
[2023-03-02T17:26:43.956+0000] {processor.py:153} INFO - Started process (PID=2142) to work on /home/airflow/.local/lib/python3.7/site-packages/airflow/example_dags/example_short_circuit_operator.py
[2023-03-02T17:26:43.959+0000] {processor.py:743} INFO - Processing file /home/airflow/.local/lib/python3.7/site-packages/airflow/example_dags/example_short_circuit_operator.py for tasks to queue
[2023-03-02T17:26:43.961+0000] {logging_mixin.py:137} INFO - [2023-03-02T17:26:43.961+0000] {dagbag.py:538} INFO - Filling up the DagBag from /home/airflow/.local/lib/python3.7/site-packages/airflow/example_dags/example_short_circuit_operator.py
[2023-03-02T17:26:43.990+0000] {processor.py:753} INFO - DAG(s) dict_keys(['example_short_circuit_operator']) retrieved from /home/airflow/.local/lib/python3.7/site-packages/airflow/example_dags/example_short_circuit_operator.py
[2023-03-02T17:26:44.033+0000] {logging_mixin.py:137} INFO - [2023-03-02T17:26:44.033+0000] {dag.py:2690} INFO - Sync 1 DAGs
[2023-03-02T17:26:44.070+0000] {logging_mixin.py:137} INFO - [2023-03-02T17:26:44.070+0000] {dag.py:3441} INFO - Setting next_dagrun for example_short_circuit_operator to 2023-03-01T17:26:44.069032+00:00, run_after=2023-03-02T17:26:44.069032+00:00
[2023-03-02T17:26:44.088+0000] {processor.py:175} INFO - Processing /home/airflow/.local/lib/python3.7/site-packages/airflow/example_dags/example_short_circuit_operator.py took 0.140 seconds
[2023-03-02T17:27:14.372+0000] {processor.py:153} INFO - Started process (PID=2205) to work on /home/airflow/.local/lib/python3.7/site-packages/airflow/example_dags/example_short_circuit_operator.py
[2023-03-02T17:27:14.380+0000] {processor.py:743} INFO - Processing file /home/airflow/.local/lib/python3.7/site-packages/airflow/example_dags/example_short_circuit_operator.py for tasks to queue
[2023-03-02T17:27:14.386+0000] {logging_mixin.py:137} INFO - [2023-03-02T17:27:14.386+0000] {dagbag.py:538} INFO - Filling up the DagBag from /home/airflow/.local/lib/python3.7/site-packages/airflow/example_dags/example_short_circuit_operator.py
[2023-03-02T17:27:14.410+0000] {processor.py:753} INFO - DAG(s) dict_keys(['example_short_circuit_operator']) retrieved from /home/airflow/.local/lib/python3.7/site-packages/airflow/example_dags/example_short_circuit_operator.py
[2023-03-02T17:27:14.471+0000] {logging_mixin.py:137} INFO - [2023-03-02T17:27:14.471+0000] {dag.py:2690} INFO - Sync 1 DAGs
[2023-03-02T17:27:14.520+0000] {logging_mixin.py:137} INFO - [2023-03-02T17:27:14.520+0000] {dag.py:3441} INFO - Setting next_dagrun for example_short_circuit_operator to 2023-03-01T17:27:14.519415+00:00, run_after=2023-03-02T17:27:14.519415+00:00
[2023-03-02T17:27:14.562+0000] {processor.py:175} INFO - Processing /home/airflow/.local/lib/python3.7/site-packages/airflow/example_dags/example_short_circuit_operator.py took 0.194 seconds
[2023-03-02T18:31:45.222+0000] {processor.py:153} INFO - Started process (PID=2248) to work on /home/airflow/.local/lib/python3.7/site-packages/airflow/example_dags/example_short_circuit_operator.py
[2023-03-02T18:31:45.225+0000] {processor.py:743} INFO - Processing file /home/airflow/.local/lib/python3.7/site-packages/airflow/example_dags/example_short_circuit_operator.py for tasks to queue
[2023-03-02T18:31:45.226+0000] {logging_mixin.py:137} INFO - [2023-03-02T18:31:45.226+0000] {dagbag.py:538} INFO - Filling up the DagBag from /home/airflow/.local/lib/python3.7/site-packages/airflow/example_dags/example_short_circuit_operator.py
[2023-03-02T18:31:45.255+0000] {processor.py:753} INFO - DAG(s) dict_keys(['example_short_circuit_operator']) retrieved from /home/airflow/.local/lib/python3.7/site-packages/airflow/example_dags/example_short_circuit_operator.py
[2023-03-02T18:31:45.283+0000] {logging_mixin.py:137} INFO - [2023-03-02T18:31:45.283+0000] {dag.py:2690} INFO - Sync 1 DAGs
[2023-03-02T18:31:45.326+0000] {logging_mixin.py:137} INFO - [2023-03-02T18:31:45.326+0000] {dag.py:3441} INFO - Setting next_dagrun for example_short_circuit_operator to 2023-03-01T18:31:45.326196+00:00, run_after=2023-03-02T18:31:45.326196+00:00
[2023-03-02T18:31:45.370+0000] {processor.py:175} INFO - Processing /home/airflow/.local/lib/python3.7/site-packages/airflow/example_dags/example_short_circuit_operator.py took 0.152 seconds
[2023-03-02T18:49:39.276+0000] {processor.py:153} INFO - Started process (PID=2309) to work on /home/airflow/.local/lib/python3.7/site-packages/airflow/example_dags/example_short_circuit_operator.py
[2023-03-02T18:49:39.321+0000] {processor.py:743} INFO - Processing file /home/airflow/.local/lib/python3.7/site-packages/airflow/example_dags/example_short_circuit_operator.py for tasks to queue
[2023-03-02T18:49:39.343+0000] {logging_mixin.py:137} INFO - [2023-03-02T18:49:39.342+0000] {dagbag.py:538} INFO - Filling up the DagBag from /home/airflow/.local/lib/python3.7/site-packages/airflow/example_dags/example_short_circuit_operator.py
[2023-03-02T18:49:39.567+0000] {processor.py:753} INFO - DAG(s) dict_keys(['example_short_circuit_operator']) retrieved from /home/airflow/.local/lib/python3.7/site-packages/airflow/example_dags/example_short_circuit_operator.py
[2023-03-02T18:49:39.687+0000] {logging_mixin.py:137} INFO - [2023-03-02T18:49:39.686+0000] {dag.py:2690} INFO - Sync 1 DAGs
[2023-03-02T18:49:39.780+0000] {logging_mixin.py:137} INFO - [2023-03-02T18:49:39.780+0000] {dag.py:3441} INFO - Setting next_dagrun for example_short_circuit_operator to 2023-03-01T18:49:39.779078+00:00, run_after=2023-03-02T18:49:39.779078+00:00
[2023-03-02T18:49:39.856+0000] {processor.py:175} INFO - Processing /home/airflow/.local/lib/python3.7/site-packages/airflow/example_dags/example_short_circuit_operator.py took 0.655 seconds
[2023-03-02T20:07:06.400+0000] {processor.py:153} INFO - Started process (PID=2381) to work on /home/airflow/.local/lib/python3.7/site-packages/airflow/example_dags/example_short_circuit_operator.py
[2023-03-02T20:07:06.412+0000] {processor.py:743} INFO - Processing file /home/airflow/.local/lib/python3.7/site-packages/airflow/example_dags/example_short_circuit_operator.py for tasks to queue
[2023-03-02T20:07:06.460+0000] {logging_mixin.py:137} INFO - [2023-03-02T20:07:06.459+0000] {dagbag.py:538} INFO - Filling up the DagBag from /home/airflow/.local/lib/python3.7/site-packages/airflow/example_dags/example_short_circuit_operator.py
[2023-03-02T20:07:09.724+0000] {processor.py:753} INFO - DAG(s) dict_keys(['example_short_circuit_operator']) retrieved from /home/airflow/.local/lib/python3.7/site-packages/airflow/example_dags/example_short_circuit_operator.py
[2023-03-02T20:07:11.918+0000] {logging_mixin.py:137} INFO - [2023-03-02T20:07:11.916+0000] {dag.py:2690} INFO - Sync 1 DAGs
[2023-03-02T20:07:13.087+0000] {logging_mixin.py:137} INFO - [2023-03-02T20:07:12.971+0000] {dag.py:3441} INFO - Setting next_dagrun for example_short_circuit_operator to 2023-03-01T20:07:12.929341+00:00, run_after=2023-03-02T20:07:12.929341+00:00
[2023-03-02T20:07:16.259+0000] {processor.py:175} INFO - Processing /home/airflow/.local/lib/python3.7/site-packages/airflow/example_dags/example_short_circuit_operator.py took 9.984 seconds
