[2023-03-02T13:04:40.205+0000] {processor.py:153} INFO - Started process (PID=50) to work on /home/airflow/.local/lib/python3.7/site-packages/airflow/example_dags/example_xcomargs.py
[2023-03-02T13:04:40.208+0000] {processor.py:743} INFO - Processing file /home/airflow/.local/lib/python3.7/site-packages/airflow/example_dags/example_xcomargs.py for tasks to queue
[2023-03-02T13:04:40.216+0000] {logging_mixin.py:137} INFO - [2023-03-02T13:04:40.213+0000] {dagbag.py:538} INFO - Filling up the DagBag from /home/airflow/.local/lib/python3.7/site-packages/airflow/example_dags/example_xcomargs.py
[2023-03-02T13:04:40.332+0000] {processor.py:753} INFO - DAG(s) dict_keys(['example_xcom_args_with_operators', 'example_xcom_args']) retrieved from /home/airflow/.local/lib/python3.7/site-packages/airflow/example_dags/example_xcomargs.py
[2023-03-02T13:04:41.059+0000] {logging_mixin.py:137} INFO - [2023-03-02T13:04:41.058+0000] {manager.py:504} INFO - Created Permission View: can delete on DAG:example_xcom_args_with_operators
[2023-03-02T13:04:41.082+0000] {logging_mixin.py:137} INFO - [2023-03-02T13:04:41.082+0000] {manager.py:504} INFO - Created Permission View: can read on DAG:example_xcom_args_with_operators
[2023-03-02T13:04:41.097+0000] {logging_mixin.py:137} INFO - [2023-03-02T13:04:41.096+0000] {manager.py:504} INFO - Created Permission View: can edit on DAG:example_xcom_args_with_operators
[2023-03-02T13:04:41.132+0000] {logging_mixin.py:137} INFO - [2023-03-02T13:04:41.132+0000] {manager.py:504} INFO - Created Permission View: can delete on DAG:example_xcom_args
[2023-03-02T13:04:41.159+0000] {logging_mixin.py:137} INFO - [2023-03-02T13:04:41.159+0000] {manager.py:504} INFO - Created Permission View: can read on DAG:example_xcom_args
[2023-03-02T13:04:41.248+0000] {logging_mixin.py:137} INFO - [2023-03-02T13:04:41.247+0000] {manager.py:504} INFO - Created Permission View: can edit on DAG:example_xcom_args
[2023-03-02T13:04:41.255+0000] {logging_mixin.py:137} INFO - [2023-03-02T13:04:41.254+0000] {dag.py:2690} INFO - Sync 2 DAGs
[2023-03-02T13:04:41.276+0000] {logging_mixin.py:137} INFO - [2023-03-02T13:04:41.276+0000] {dag.py:2711} INFO - Creating ORM DAG for example_xcom_args
[2023-03-02T13:04:41.278+0000] {logging_mixin.py:137} INFO - [2023-03-02T13:04:41.278+0000] {dag.py:2711} INFO - Creating ORM DAG for example_xcom_args_with_operators
[2023-03-02T13:04:41.303+0000] {logging_mixin.py:137} INFO - [2023-03-02T13:04:41.303+0000] {dag.py:3441} INFO - Setting next_dagrun for example_xcom_args to None, run_after=None
[2023-03-02T13:04:41.307+0000] {logging_mixin.py:137} INFO - [2023-03-02T13:04:41.306+0000] {dag.py:3441} INFO - Setting next_dagrun for example_xcom_args_with_operators to None, run_after=None
[2023-03-02T13:04:41.342+0000] {processor.py:175} INFO - Processing /home/airflow/.local/lib/python3.7/site-packages/airflow/example_dags/example_xcomargs.py took 1.143 seconds
[2023-03-02T13:05:12.204+0000] {processor.py:153} INFO - Started process (PID=117) to work on /home/airflow/.local/lib/python3.7/site-packages/airflow/example_dags/example_xcomargs.py
[2023-03-02T13:05:12.206+0000] {processor.py:743} INFO - Processing file /home/airflow/.local/lib/python3.7/site-packages/airflow/example_dags/example_xcomargs.py for tasks to queue
[2023-03-02T13:05:12.209+0000] {logging_mixin.py:137} INFO - [2023-03-02T13:05:12.209+0000] {dagbag.py:538} INFO - Filling up the DagBag from /home/airflow/.local/lib/python3.7/site-packages/airflow/example_dags/example_xcomargs.py
[2023-03-02T13:05:12.236+0000] {processor.py:753} INFO - DAG(s) dict_keys(['example_xcom_args_with_operators', 'example_xcom_args']) retrieved from /home/airflow/.local/lib/python3.7/site-packages/airflow/example_dags/example_xcomargs.py
[2023-03-02T13:05:12.262+0000] {logging_mixin.py:137} INFO - [2023-03-02T13:05:12.262+0000] {dag.py:2690} INFO - Sync 2 DAGs
[2023-03-02T13:05:12.287+0000] {logging_mixin.py:137} INFO - [2023-03-02T13:05:12.287+0000] {dag.py:3441} INFO - Setting next_dagrun for example_xcom_args to None, run_after=None
[2023-03-02T13:05:12.291+0000] {logging_mixin.py:137} INFO - [2023-03-02T13:05:12.291+0000] {dag.py:3441} INFO - Setting next_dagrun for example_xcom_args_with_operators to None, run_after=None
[2023-03-02T13:05:12.304+0000] {processor.py:175} INFO - Processing /home/airflow/.local/lib/python3.7/site-packages/airflow/example_dags/example_xcomargs.py took 0.106 seconds
[2023-03-02T13:05:42.538+0000] {processor.py:153} INFO - Started process (PID=181) to work on /home/airflow/.local/lib/python3.7/site-packages/airflow/example_dags/example_xcomargs.py
[2023-03-02T13:05:42.540+0000] {processor.py:743} INFO - Processing file /home/airflow/.local/lib/python3.7/site-packages/airflow/example_dags/example_xcomargs.py for tasks to queue
[2023-03-02T13:05:42.541+0000] {logging_mixin.py:137} INFO - [2023-03-02T13:05:42.541+0000] {dagbag.py:538} INFO - Filling up the DagBag from /home/airflow/.local/lib/python3.7/site-packages/airflow/example_dags/example_xcomargs.py
[2023-03-02T13:05:42.560+0000] {processor.py:753} INFO - DAG(s) dict_keys(['example_xcom_args', 'example_xcom_args_with_operators']) retrieved from /home/airflow/.local/lib/python3.7/site-packages/airflow/example_dags/example_xcomargs.py
[2023-03-02T13:05:42.592+0000] {logging_mixin.py:137} INFO - [2023-03-02T13:05:42.592+0000] {dag.py:2690} INFO - Sync 2 DAGs
[2023-03-02T13:05:42.615+0000] {logging_mixin.py:137} INFO - [2023-03-02T13:05:42.615+0000] {dag.py:3441} INFO - Setting next_dagrun for example_xcom_args to None, run_after=None
[2023-03-02T13:05:42.619+0000] {logging_mixin.py:137} INFO - [2023-03-02T13:05:42.619+0000] {dag.py:3441} INFO - Setting next_dagrun for example_xcom_args_with_operators to None, run_after=None
[2023-03-02T13:05:42.634+0000] {processor.py:175} INFO - Processing /home/airflow/.local/lib/python3.7/site-packages/airflow/example_dags/example_xcomargs.py took 0.099 seconds
[2023-03-02T13:06:12.788+0000] {processor.py:153} INFO - Started process (PID=256) to work on /home/airflow/.local/lib/python3.7/site-packages/airflow/example_dags/example_xcomargs.py
[2023-03-02T13:06:12.790+0000] {processor.py:743} INFO - Processing file /home/airflow/.local/lib/python3.7/site-packages/airflow/example_dags/example_xcomargs.py for tasks to queue
[2023-03-02T13:06:12.791+0000] {logging_mixin.py:137} INFO - [2023-03-02T13:06:12.791+0000] {dagbag.py:538} INFO - Filling up the DagBag from /home/airflow/.local/lib/python3.7/site-packages/airflow/example_dags/example_xcomargs.py
[2023-03-02T13:06:12.812+0000] {processor.py:753} INFO - DAG(s) dict_keys(['example_xcom_args', 'example_xcom_args_with_operators']) retrieved from /home/airflow/.local/lib/python3.7/site-packages/airflow/example_dags/example_xcomargs.py
[2023-03-02T13:06:12.852+0000] {logging_mixin.py:137} INFO - [2023-03-02T13:06:12.852+0000] {dag.py:2690} INFO - Sync 2 DAGs
[2023-03-02T13:06:12.911+0000] {logging_mixin.py:137} INFO - [2023-03-02T13:06:12.911+0000] {dag.py:3441} INFO - Setting next_dagrun for example_xcom_args to None, run_after=None
[2023-03-02T13:06:12.917+0000] {logging_mixin.py:137} INFO - [2023-03-02T13:06:12.917+0000] {dag.py:3441} INFO - Setting next_dagrun for example_xcom_args_with_operators to None, run_after=None
[2023-03-02T13:06:12.940+0000] {processor.py:175} INFO - Processing /home/airflow/.local/lib/python3.7/site-packages/airflow/example_dags/example_xcomargs.py took 0.155 seconds
[2023-03-02T14:26:24.307+0000] {processor.py:153} INFO - Started process (PID=336) to work on /home/airflow/.local/lib/python3.7/site-packages/airflow/example_dags/example_xcomargs.py
[2023-03-02T14:26:24.327+0000] {processor.py:743} INFO - Processing file /home/airflow/.local/lib/python3.7/site-packages/airflow/example_dags/example_xcomargs.py for tasks to queue
[2023-03-02T14:26:24.346+0000] {logging_mixin.py:137} INFO - [2023-03-02T14:26:24.337+0000] {dagbag.py:538} INFO - Filling up the DagBag from /home/airflow/.local/lib/python3.7/site-packages/airflow/example_dags/example_xcomargs.py
[2023-03-02T14:26:24.835+0000] {processor.py:753} INFO - DAG(s) dict_keys(['example_xcom_args', 'example_xcom_args_with_operators']) retrieved from /home/airflow/.local/lib/python3.7/site-packages/airflow/example_dags/example_xcomargs.py
[2023-03-02T14:26:25.561+0000] {logging_mixin.py:137} INFO - [2023-03-02T14:26:25.538+0000] {dag.py:2690} INFO - Sync 2 DAGs
[2023-03-02T14:26:25.713+0000] {logging_mixin.py:137} INFO - [2023-03-02T14:26:25.712+0000] {dag.py:3441} INFO - Setting next_dagrun for example_xcom_args to None, run_after=None
[2023-03-02T14:26:25.753+0000] {logging_mixin.py:137} INFO - [2023-03-02T14:26:25.753+0000] {dag.py:3441} INFO - Setting next_dagrun for example_xcom_args_with_operators to None, run_after=None
[2023-03-02T14:26:25.975+0000] {processor.py:175} INFO - Processing /home/airflow/.local/lib/python3.7/site-packages/airflow/example_dags/example_xcomargs.py took 1.704 seconds
[2023-03-02T14:26:57.698+0000] {processor.py:153} INFO - Started process (PID=398) to work on /home/airflow/.local/lib/python3.7/site-packages/airflow/example_dags/example_xcomargs.py
[2023-03-02T14:26:57.747+0000] {processor.py:743} INFO - Processing file /home/airflow/.local/lib/python3.7/site-packages/airflow/example_dags/example_xcomargs.py for tasks to queue
[2023-03-02T14:26:57.758+0000] {logging_mixin.py:137} INFO - [2023-03-02T14:26:57.757+0000] {dagbag.py:538} INFO - Filling up the DagBag from /home/airflow/.local/lib/python3.7/site-packages/airflow/example_dags/example_xcomargs.py
[2023-03-02T14:26:59.252+0000] {processor.py:753} INFO - DAG(s) dict_keys(['example_xcom_args', 'example_xcom_args_with_operators']) retrieved from /home/airflow/.local/lib/python3.7/site-packages/airflow/example_dags/example_xcomargs.py
[2023-03-02T14:26:59.806+0000] {logging_mixin.py:137} INFO - [2023-03-02T14:26:59.805+0000] {dag.py:2690} INFO - Sync 2 DAGs
[2023-03-02T14:26:59.979+0000] {logging_mixin.py:137} INFO - [2023-03-02T14:26:59.978+0000] {dag.py:3441} INFO - Setting next_dagrun for example_xcom_args to None, run_after=None
[2023-03-02T14:26:59.992+0000] {logging_mixin.py:137} INFO - [2023-03-02T14:26:59.992+0000] {dag.py:3441} INFO - Setting next_dagrun for example_xcom_args_with_operators to None, run_after=None
[2023-03-02T14:27:00.113+0000] {processor.py:175} INFO - Processing /home/airflow/.local/lib/python3.7/site-packages/airflow/example_dags/example_xcomargs.py took 2.531 seconds
[2023-03-02T14:28:14.577+0000] {processor.py:153} INFO - Started process (PID=435) to work on /home/airflow/.local/lib/python3.7/site-packages/airflow/example_dags/example_xcomargs.py
[2023-03-02T14:28:14.587+0000] {processor.py:743} INFO - Processing file /home/airflow/.local/lib/python3.7/site-packages/airflow/example_dags/example_xcomargs.py for tasks to queue
[2023-03-02T14:28:14.590+0000] {logging_mixin.py:137} INFO - [2023-03-02T14:28:14.589+0000] {dagbag.py:538} INFO - Filling up the DagBag from /home/airflow/.local/lib/python3.7/site-packages/airflow/example_dags/example_xcomargs.py
[2023-03-02T14:28:14.642+0000] {processor.py:753} INFO - DAG(s) dict_keys(['example_xcom_args_with_operators', 'example_xcom_args']) retrieved from /home/airflow/.local/lib/python3.7/site-packages/airflow/example_dags/example_xcomargs.py
[2023-03-02T14:28:14.708+0000] {logging_mixin.py:137} INFO - [2023-03-02T14:28:14.708+0000] {dag.py:2690} INFO - Sync 2 DAGs
[2023-03-02T14:28:14.742+0000] {logging_mixin.py:137} INFO - [2023-03-02T14:28:14.742+0000] {dag.py:3441} INFO - Setting next_dagrun for example_xcom_args to None, run_after=None
[2023-03-02T14:28:14.746+0000] {logging_mixin.py:137} INFO - [2023-03-02T14:28:14.746+0000] {dag.py:3441} INFO - Setting next_dagrun for example_xcom_args_with_operators to None, run_after=None
[2023-03-02T14:28:14.773+0000] {processor.py:175} INFO - Processing /home/airflow/.local/lib/python3.7/site-packages/airflow/example_dags/example_xcomargs.py took 0.221 seconds
[2023-03-02T14:28:51.722+0000] {processor.py:153} INFO - Started process (PID=499) to work on /home/airflow/.local/lib/python3.7/site-packages/airflow/example_dags/example_xcomargs.py
[2023-03-02T14:28:51.734+0000] {processor.py:743} INFO - Processing file /home/airflow/.local/lib/python3.7/site-packages/airflow/example_dags/example_xcomargs.py for tasks to queue
[2023-03-02T14:28:51.740+0000] {logging_mixin.py:137} INFO - [2023-03-02T14:28:51.740+0000] {dagbag.py:538} INFO - Filling up the DagBag from /home/airflow/.local/lib/python3.7/site-packages/airflow/example_dags/example_xcomargs.py
[2023-03-02T14:28:51.794+0000] {processor.py:753} INFO - DAG(s) dict_keys(['example_xcom_args_with_operators', 'example_xcom_args']) retrieved from /home/airflow/.local/lib/python3.7/site-packages/airflow/example_dags/example_xcomargs.py
[2023-03-02T14:28:51.874+0000] {logging_mixin.py:137} INFO - [2023-03-02T14:28:51.874+0000] {dag.py:2690} INFO - Sync 2 DAGs
[2023-03-02T14:28:51.919+0000] {logging_mixin.py:137} INFO - [2023-03-02T14:28:51.918+0000] {dag.py:3441} INFO - Setting next_dagrun for example_xcom_args to None, run_after=None
[2023-03-02T14:28:51.923+0000] {logging_mixin.py:137} INFO - [2023-03-02T14:28:51.923+0000] {dag.py:3441} INFO - Setting next_dagrun for example_xcom_args_with_operators to None, run_after=None
[2023-03-02T14:28:51.940+0000] {processor.py:175} INFO - Processing /home/airflow/.local/lib/python3.7/site-packages/airflow/example_dags/example_xcomargs.py took 0.228 seconds
[2023-03-02T15:58:25.284+0000] {processor.py:153} INFO - Started process (PID=562) to work on /home/airflow/.local/lib/python3.7/site-packages/airflow/example_dags/example_xcomargs.py
[2023-03-02T15:58:25.290+0000] {processor.py:743} INFO - Processing file /home/airflow/.local/lib/python3.7/site-packages/airflow/example_dags/example_xcomargs.py for tasks to queue
[2023-03-02T15:58:25.291+0000] {logging_mixin.py:137} INFO - [2023-03-02T15:58:25.291+0000] {dagbag.py:538} INFO - Filling up the DagBag from /home/airflow/.local/lib/python3.7/site-packages/airflow/example_dags/example_xcomargs.py
[2023-03-02T15:58:25.346+0000] {processor.py:753} INFO - DAG(s) dict_keys(['example_xcom_args', 'example_xcom_args_with_operators']) retrieved from /home/airflow/.local/lib/python3.7/site-packages/airflow/example_dags/example_xcomargs.py
[2023-03-02T15:58:25.389+0000] {logging_mixin.py:137} INFO - [2023-03-02T15:58:25.388+0000] {dag.py:2690} INFO - Sync 2 DAGs
[2023-03-02T15:58:25.428+0000] {logging_mixin.py:137} INFO - [2023-03-02T15:58:25.428+0000] {dag.py:3441} INFO - Setting next_dagrun for example_xcom_args to None, run_after=None
[2023-03-02T15:58:25.436+0000] {logging_mixin.py:137} INFO - [2023-03-02T15:58:25.436+0000] {dag.py:3441} INFO - Setting next_dagrun for example_xcom_args_with_operators to None, run_after=None
[2023-03-02T15:58:25.453+0000] {processor.py:175} INFO - Processing /home/airflow/.local/lib/python3.7/site-packages/airflow/example_dags/example_xcomargs.py took 0.176 seconds
[2023-03-02T16:32:16.366+0000] {processor.py:153} INFO - Started process (PID=625) to work on /home/airflow/.local/lib/python3.7/site-packages/airflow/example_dags/example_xcomargs.py
[2023-03-02T16:32:16.379+0000] {processor.py:743} INFO - Processing file /home/airflow/.local/lib/python3.7/site-packages/airflow/example_dags/example_xcomargs.py for tasks to queue
[2023-03-02T16:32:16.386+0000] {logging_mixin.py:137} INFO - [2023-03-02T16:32:16.386+0000] {dagbag.py:538} INFO - Filling up the DagBag from /home/airflow/.local/lib/python3.7/site-packages/airflow/example_dags/example_xcomargs.py
[2023-03-02T16:32:16.475+0000] {processor.py:753} INFO - DAG(s) dict_keys(['example_xcom_args_with_operators', 'example_xcom_args']) retrieved from /home/airflow/.local/lib/python3.7/site-packages/airflow/example_dags/example_xcomargs.py
[2023-03-02T16:32:16.538+0000] {logging_mixin.py:137} INFO - [2023-03-02T16:32:16.538+0000] {dag.py:2690} INFO - Sync 2 DAGs
[2023-03-02T16:32:16.580+0000] {logging_mixin.py:137} INFO - [2023-03-02T16:32:16.579+0000] {dag.py:3441} INFO - Setting next_dagrun for example_xcom_args to None, run_after=None
[2023-03-02T16:32:16.587+0000] {logging_mixin.py:137} INFO - [2023-03-02T16:32:16.587+0000] {dag.py:3441} INFO - Setting next_dagrun for example_xcom_args_with_operators to None, run_after=None
[2023-03-02T16:32:16.603+0000] {processor.py:175} INFO - Processing /home/airflow/.local/lib/python3.7/site-packages/airflow/example_dags/example_xcomargs.py took 0.264 seconds
[2023-03-02T16:38:23.586+0000] {processor.py:153} INFO - Started process (PID=686) to work on /home/airflow/.local/lib/python3.7/site-packages/airflow/example_dags/example_xcomargs.py
[2023-03-02T16:38:23.592+0000] {processor.py:743} INFO - Processing file /home/airflow/.local/lib/python3.7/site-packages/airflow/example_dags/example_xcomargs.py for tasks to queue
[2023-03-02T16:38:23.598+0000] {logging_mixin.py:137} INFO - [2023-03-02T16:38:23.598+0000] {dagbag.py:538} INFO - Filling up the DagBag from /home/airflow/.local/lib/python3.7/site-packages/airflow/example_dags/example_xcomargs.py
[2023-03-02T16:38:24.370+0000] {processor.py:753} INFO - DAG(s) dict_keys(['example_xcom_args_with_operators', 'example_xcom_args']) retrieved from /home/airflow/.local/lib/python3.7/site-packages/airflow/example_dags/example_xcomargs.py
[2023-03-02T16:38:26.998+0000] {logging_mixin.py:137} INFO - [2023-03-02T16:38:26.997+0000] {dag.py:2690} INFO - Sync 2 DAGs
[2023-03-02T16:38:28.549+0000] {logging_mixin.py:137} INFO - [2023-03-02T16:38:28.548+0000] {dag.py:3441} INFO - Setting next_dagrun for example_xcom_args to None, run_after=None
[2023-03-02T16:38:28.593+0000] {logging_mixin.py:137} INFO - [2023-03-02T16:38:28.593+0000] {dag.py:3441} INFO - Setting next_dagrun for example_xcom_args_with_operators to None, run_after=None
[2023-03-02T16:38:29.529+0000] {processor.py:175} INFO - Processing /home/airflow/.local/lib/python3.7/site-packages/airflow/example_dags/example_xcomargs.py took 6.083 seconds
[2023-03-02T16:40:33.889+0000] {processor.py:153} INFO - Started process (PID=782) to work on /home/airflow/.local/lib/python3.7/site-packages/airflow/example_dags/example_xcomargs.py
[2023-03-02T16:40:33.892+0000] {processor.py:743} INFO - Processing file /home/airflow/.local/lib/python3.7/site-packages/airflow/example_dags/example_xcomargs.py for tasks to queue
[2023-03-02T16:40:33.895+0000] {logging_mixin.py:137} INFO - [2023-03-02T16:40:33.895+0000] {dagbag.py:538} INFO - Filling up the DagBag from /home/airflow/.local/lib/python3.7/site-packages/airflow/example_dags/example_xcomargs.py
[2023-03-02T16:40:33.996+0000] {processor.py:753} INFO - DAG(s) dict_keys(['example_xcom_args', 'example_xcom_args_with_operators']) retrieved from /home/airflow/.local/lib/python3.7/site-packages/airflow/example_dags/example_xcomargs.py
[2023-03-02T16:40:34.121+0000] {logging_mixin.py:137} INFO - [2023-03-02T16:40:34.121+0000] {dag.py:2690} INFO - Sync 2 DAGs
[2023-03-02T16:40:34.163+0000] {logging_mixin.py:137} INFO - [2023-03-02T16:40:34.163+0000] {dag.py:3441} INFO - Setting next_dagrun for example_xcom_args to None, run_after=None
[2023-03-02T16:40:34.169+0000] {logging_mixin.py:137} INFO - [2023-03-02T16:40:34.169+0000] {dag.py:3441} INFO - Setting next_dagrun for example_xcom_args_with_operators to None, run_after=None
[2023-03-02T16:40:34.205+0000] {processor.py:175} INFO - Processing /home/airflow/.local/lib/python3.7/site-packages/airflow/example_dags/example_xcomargs.py took 0.372 seconds
[2023-03-02T16:41:17.450+0000] {processor.py:153} INFO - Started process (PID=853) to work on /home/airflow/.local/lib/python3.7/site-packages/airflow/example_dags/example_xcomargs.py
[2023-03-02T16:41:17.456+0000] {processor.py:743} INFO - Processing file /home/airflow/.local/lib/python3.7/site-packages/airflow/example_dags/example_xcomargs.py for tasks to queue
[2023-03-02T16:41:17.460+0000] {logging_mixin.py:137} INFO - [2023-03-02T16:41:17.460+0000] {dagbag.py:538} INFO - Filling up the DagBag from /home/airflow/.local/lib/python3.7/site-packages/airflow/example_dags/example_xcomargs.py
[2023-03-02T16:41:17.691+0000] {processor.py:753} INFO - DAG(s) dict_keys(['example_xcom_args_with_operators', 'example_xcom_args']) retrieved from /home/airflow/.local/lib/python3.7/site-packages/airflow/example_dags/example_xcomargs.py
[2023-03-02T16:41:18.153+0000] {logging_mixin.py:137} INFO - [2023-03-02T16:41:18.153+0000] {dag.py:2690} INFO - Sync 2 DAGs
[2023-03-02T16:41:18.272+0000] {logging_mixin.py:137} INFO - [2023-03-02T16:41:18.272+0000] {dag.py:3441} INFO - Setting next_dagrun for example_xcom_args to None, run_after=None
[2023-03-02T16:41:18.300+0000] {logging_mixin.py:137} INFO - [2023-03-02T16:41:18.299+0000] {dag.py:3441} INFO - Setting next_dagrun for example_xcom_args_with_operators to None, run_after=None
[2023-03-02T16:41:18.492+0000] {processor.py:175} INFO - Processing /home/airflow/.local/lib/python3.7/site-packages/airflow/example_dags/example_xcomargs.py took 1.073 seconds
[2023-03-02T16:41:48.862+0000] {processor.py:153} INFO - Started process (PID=919) to work on /home/airflow/.local/lib/python3.7/site-packages/airflow/example_dags/example_xcomargs.py
[2023-03-02T16:41:48.870+0000] {processor.py:743} INFO - Processing file /home/airflow/.local/lib/python3.7/site-packages/airflow/example_dags/example_xcomargs.py for tasks to queue
[2023-03-02T16:41:48.871+0000] {logging_mixin.py:137} INFO - [2023-03-02T16:41:48.871+0000] {dagbag.py:538} INFO - Filling up the DagBag from /home/airflow/.local/lib/python3.7/site-packages/airflow/example_dags/example_xcomargs.py
[2023-03-02T16:41:48.897+0000] {processor.py:753} INFO - DAG(s) dict_keys(['example_xcom_args', 'example_xcom_args_with_operators']) retrieved from /home/airflow/.local/lib/python3.7/site-packages/airflow/example_dags/example_xcomargs.py
[2023-03-02T16:41:49.062+0000] {logging_mixin.py:137} INFO - [2023-03-02T16:41:49.062+0000] {dag.py:2690} INFO - Sync 2 DAGs
[2023-03-02T16:41:49.328+0000] {logging_mixin.py:137} INFO - [2023-03-02T16:41:49.327+0000] {dag.py:3441} INFO - Setting next_dagrun for example_xcom_args to None, run_after=None
[2023-03-02T16:41:49.354+0000] {logging_mixin.py:137} INFO - [2023-03-02T16:41:49.354+0000] {dag.py:3441} INFO - Setting next_dagrun for example_xcom_args_with_operators to None, run_after=None
[2023-03-02T16:41:49.403+0000] {processor.py:175} INFO - Processing /home/airflow/.local/lib/python3.7/site-packages/airflow/example_dags/example_xcomargs.py took 0.551 seconds
[2023-03-02T16:42:20.103+0000] {processor.py:153} INFO - Started process (PID=982) to work on /home/airflow/.local/lib/python3.7/site-packages/airflow/example_dags/example_xcomargs.py
[2023-03-02T16:42:20.106+0000] {processor.py:743} INFO - Processing file /home/airflow/.local/lib/python3.7/site-packages/airflow/example_dags/example_xcomargs.py for tasks to queue
[2023-03-02T16:42:20.109+0000] {logging_mixin.py:137} INFO - [2023-03-02T16:42:20.109+0000] {dagbag.py:538} INFO - Filling up the DagBag from /home/airflow/.local/lib/python3.7/site-packages/airflow/example_dags/example_xcomargs.py
[2023-03-02T16:42:20.139+0000] {processor.py:753} INFO - DAG(s) dict_keys(['example_xcom_args', 'example_xcom_args_with_operators']) retrieved from /home/airflow/.local/lib/python3.7/site-packages/airflow/example_dags/example_xcomargs.py
[2023-03-02T16:42:20.203+0000] {logging_mixin.py:137} INFO - [2023-03-02T16:42:20.202+0000] {dag.py:2690} INFO - Sync 2 DAGs
[2023-03-02T16:42:20.236+0000] {logging_mixin.py:137} INFO - [2023-03-02T16:42:20.236+0000] {dag.py:3441} INFO - Setting next_dagrun for example_xcom_args to None, run_after=None
[2023-03-02T16:42:20.240+0000] {logging_mixin.py:137} INFO - [2023-03-02T16:42:20.240+0000] {dag.py:3441} INFO - Setting next_dagrun for example_xcom_args_with_operators to None, run_after=None
[2023-03-02T16:42:20.267+0000] {processor.py:175} INFO - Processing /home/airflow/.local/lib/python3.7/site-packages/airflow/example_dags/example_xcomargs.py took 0.175 seconds
[2023-03-02T16:42:50.528+0000] {processor.py:153} INFO - Started process (PID=1045) to work on /home/airflow/.local/lib/python3.7/site-packages/airflow/example_dags/example_xcomargs.py
[2023-03-02T16:42:50.530+0000] {processor.py:743} INFO - Processing file /home/airflow/.local/lib/python3.7/site-packages/airflow/example_dags/example_xcomargs.py for tasks to queue
[2023-03-02T16:42:50.532+0000] {logging_mixin.py:137} INFO - [2023-03-02T16:42:50.531+0000] {dagbag.py:538} INFO - Filling up the DagBag from /home/airflow/.local/lib/python3.7/site-packages/airflow/example_dags/example_xcomargs.py
[2023-03-02T16:42:50.573+0000] {processor.py:753} INFO - DAG(s) dict_keys(['example_xcom_args_with_operators', 'example_xcom_args']) retrieved from /home/airflow/.local/lib/python3.7/site-packages/airflow/example_dags/example_xcomargs.py
[2023-03-02T16:42:50.681+0000] {logging_mixin.py:137} INFO - [2023-03-02T16:42:50.681+0000] {dag.py:2690} INFO - Sync 2 DAGs
[2023-03-02T16:42:50.734+0000] {logging_mixin.py:137} INFO - [2023-03-02T16:42:50.734+0000] {dag.py:3441} INFO - Setting next_dagrun for example_xcom_args to None, run_after=None
[2023-03-02T16:42:50.742+0000] {logging_mixin.py:137} INFO - [2023-03-02T16:42:50.741+0000] {dag.py:3441} INFO - Setting next_dagrun for example_xcom_args_with_operators to None, run_after=None
[2023-03-02T16:42:50.794+0000] {processor.py:175} INFO - Processing /home/airflow/.local/lib/python3.7/site-packages/airflow/example_dags/example_xcomargs.py took 0.273 seconds
[2023-03-02T16:43:21.692+0000] {processor.py:153} INFO - Started process (PID=1108) to work on /home/airflow/.local/lib/python3.7/site-packages/airflow/example_dags/example_xcomargs.py
[2023-03-02T16:43:21.698+0000] {processor.py:743} INFO - Processing file /home/airflow/.local/lib/python3.7/site-packages/airflow/example_dags/example_xcomargs.py for tasks to queue
[2023-03-02T16:43:21.703+0000] {logging_mixin.py:137} INFO - [2023-03-02T16:43:21.702+0000] {dagbag.py:538} INFO - Filling up the DagBag from /home/airflow/.local/lib/python3.7/site-packages/airflow/example_dags/example_xcomargs.py
[2023-03-02T16:43:21.802+0000] {processor.py:753} INFO - DAG(s) dict_keys(['example_xcom_args_with_operators', 'example_xcom_args']) retrieved from /home/airflow/.local/lib/python3.7/site-packages/airflow/example_dags/example_xcomargs.py
[2023-03-02T16:43:21.874+0000] {logging_mixin.py:137} INFO - [2023-03-02T16:43:21.874+0000] {dag.py:2690} INFO - Sync 2 DAGs
[2023-03-02T16:43:21.912+0000] {logging_mixin.py:137} INFO - [2023-03-02T16:43:21.912+0000] {dag.py:3441} INFO - Setting next_dagrun for example_xcom_args to None, run_after=None
[2023-03-02T16:43:21.918+0000] {logging_mixin.py:137} INFO - [2023-03-02T16:43:21.918+0000] {dag.py:3441} INFO - Setting next_dagrun for example_xcom_args_with_operators to None, run_after=None
[2023-03-02T16:43:21.933+0000] {processor.py:175} INFO - Processing /home/airflow/.local/lib/python3.7/site-packages/airflow/example_dags/example_xcomargs.py took 0.258 seconds
[2023-03-02T16:43:52.731+0000] {processor.py:153} INFO - Started process (PID=1171) to work on /home/airflow/.local/lib/python3.7/site-packages/airflow/example_dags/example_xcomargs.py
[2023-03-02T16:43:52.735+0000] {processor.py:743} INFO - Processing file /home/airflow/.local/lib/python3.7/site-packages/airflow/example_dags/example_xcomargs.py for tasks to queue
[2023-03-02T16:43:52.737+0000] {logging_mixin.py:137} INFO - [2023-03-02T16:43:52.736+0000] {dagbag.py:538} INFO - Filling up the DagBag from /home/airflow/.local/lib/python3.7/site-packages/airflow/example_dags/example_xcomargs.py
[2023-03-02T16:43:52.785+0000] {processor.py:753} INFO - DAG(s) dict_keys(['example_xcom_args', 'example_xcom_args_with_operators']) retrieved from /home/airflow/.local/lib/python3.7/site-packages/airflow/example_dags/example_xcomargs.py
[2023-03-02T16:43:52.826+0000] {logging_mixin.py:137} INFO - [2023-03-02T16:43:52.826+0000] {dag.py:2690} INFO - Sync 2 DAGs
[2023-03-02T16:43:52.851+0000] {logging_mixin.py:137} INFO - [2023-03-02T16:43:52.851+0000] {dag.py:3441} INFO - Setting next_dagrun for example_xcom_args to None, run_after=None
[2023-03-02T16:43:52.854+0000] {logging_mixin.py:137} INFO - [2023-03-02T16:43:52.854+0000] {dag.py:3441} INFO - Setting next_dagrun for example_xcom_args_with_operators to None, run_after=None
[2023-03-02T16:43:52.868+0000] {processor.py:175} INFO - Processing /home/airflow/.local/lib/python3.7/site-packages/airflow/example_dags/example_xcomargs.py took 0.147 seconds
[2023-03-02T16:44:24.600+0000] {processor.py:153} INFO - Started process (PID=1239) to work on /home/airflow/.local/lib/python3.7/site-packages/airflow/example_dags/example_xcomargs.py
[2023-03-02T16:44:24.608+0000] {processor.py:743} INFO - Processing file /home/airflow/.local/lib/python3.7/site-packages/airflow/example_dags/example_xcomargs.py for tasks to queue
[2023-03-02T16:44:24.614+0000] {logging_mixin.py:137} INFO - [2023-03-02T16:44:24.614+0000] {dagbag.py:538} INFO - Filling up the DagBag from /home/airflow/.local/lib/python3.7/site-packages/airflow/example_dags/example_xcomargs.py
[2023-03-02T16:44:24.726+0000] {processor.py:753} INFO - DAG(s) dict_keys(['example_xcom_args', 'example_xcom_args_with_operators']) retrieved from /home/airflow/.local/lib/python3.7/site-packages/airflow/example_dags/example_xcomargs.py
[2023-03-02T16:44:24.926+0000] {logging_mixin.py:137} INFO - [2023-03-02T16:44:24.925+0000] {dag.py:2690} INFO - Sync 2 DAGs
[2023-03-02T16:44:25.065+0000] {logging_mixin.py:137} INFO - [2023-03-02T16:44:25.065+0000] {dag.py:3441} INFO - Setting next_dagrun for example_xcom_args to None, run_after=None
[2023-03-02T16:44:25.084+0000] {logging_mixin.py:137} INFO - [2023-03-02T16:44:25.084+0000] {dag.py:3441} INFO - Setting next_dagrun for example_xcom_args_with_operators to None, run_after=None
[2023-03-02T16:44:25.195+0000] {processor.py:175} INFO - Processing /home/airflow/.local/lib/python3.7/site-packages/airflow/example_dags/example_xcomargs.py took 0.661 seconds
[2023-03-02T16:49:47.914+0000] {processor.py:153} INFO - Started process (PID=1278) to work on /home/airflow/.local/lib/python3.7/site-packages/airflow/example_dags/example_xcomargs.py
[2023-03-02T16:49:47.920+0000] {processor.py:743} INFO - Processing file /home/airflow/.local/lib/python3.7/site-packages/airflow/example_dags/example_xcomargs.py for tasks to queue
[2023-03-02T16:49:47.925+0000] {logging_mixin.py:137} INFO - [2023-03-02T16:49:47.924+0000] {dagbag.py:538} INFO - Filling up the DagBag from /home/airflow/.local/lib/python3.7/site-packages/airflow/example_dags/example_xcomargs.py
[2023-03-02T16:49:47.967+0000] {processor.py:753} INFO - DAG(s) dict_keys(['example_xcom_args_with_operators', 'example_xcom_args']) retrieved from /home/airflow/.local/lib/python3.7/site-packages/airflow/example_dags/example_xcomargs.py
[2023-03-02T16:49:48.020+0000] {logging_mixin.py:137} INFO - [2023-03-02T16:49:48.020+0000] {dag.py:2690} INFO - Sync 2 DAGs
[2023-03-02T16:49:48.061+0000] {logging_mixin.py:137} INFO - [2023-03-02T16:49:48.061+0000] {dag.py:3441} INFO - Setting next_dagrun for example_xcom_args to None, run_after=None
[2023-03-02T16:49:48.076+0000] {logging_mixin.py:137} INFO - [2023-03-02T16:49:48.076+0000] {dag.py:3441} INFO - Setting next_dagrun for example_xcom_args_with_operators to None, run_after=None
[2023-03-02T16:49:48.109+0000] {processor.py:175} INFO - Processing /home/airflow/.local/lib/python3.7/site-packages/airflow/example_dags/example_xcomargs.py took 0.203 seconds
[2023-03-02T16:50:20.895+0000] {processor.py:153} INFO - Started process (PID=1350) to work on /home/airflow/.local/lib/python3.7/site-packages/airflow/example_dags/example_xcomargs.py
[2023-03-02T16:50:20.901+0000] {processor.py:743} INFO - Processing file /home/airflow/.local/lib/python3.7/site-packages/airflow/example_dags/example_xcomargs.py for tasks to queue
[2023-03-02T16:50:20.904+0000] {logging_mixin.py:137} INFO - [2023-03-02T16:50:20.904+0000] {dagbag.py:538} INFO - Filling up the DagBag from /home/airflow/.local/lib/python3.7/site-packages/airflow/example_dags/example_xcomargs.py
[2023-03-02T16:50:20.978+0000] {processor.py:753} INFO - DAG(s) dict_keys(['example_xcom_args', 'example_xcom_args_with_operators']) retrieved from /home/airflow/.local/lib/python3.7/site-packages/airflow/example_dags/example_xcomargs.py
[2023-03-02T16:50:21.071+0000] {logging_mixin.py:137} INFO - [2023-03-02T16:50:21.071+0000] {dag.py:2690} INFO - Sync 2 DAGs
[2023-03-02T16:50:21.116+0000] {logging_mixin.py:137} INFO - [2023-03-02T16:50:21.116+0000] {dag.py:3441} INFO - Setting next_dagrun for example_xcom_args to None, run_after=None
[2023-03-02T16:50:21.144+0000] {logging_mixin.py:137} INFO - [2023-03-02T16:50:21.143+0000] {dag.py:3441} INFO - Setting next_dagrun for example_xcom_args_with_operators to None, run_after=None
[2023-03-02T16:50:21.224+0000] {processor.py:175} INFO - Processing /home/airflow/.local/lib/python3.7/site-packages/airflow/example_dags/example_xcomargs.py took 0.339 seconds
[2023-03-02T16:50:53.977+0000] {processor.py:153} INFO - Started process (PID=1413) to work on /home/airflow/.local/lib/python3.7/site-packages/airflow/example_dags/example_xcomargs.py
[2023-03-02T16:50:53.981+0000] {processor.py:743} INFO - Processing file /home/airflow/.local/lib/python3.7/site-packages/airflow/example_dags/example_xcomargs.py for tasks to queue
[2023-03-02T16:50:53.982+0000] {logging_mixin.py:137} INFO - [2023-03-02T16:50:53.982+0000] {dagbag.py:538} INFO - Filling up the DagBag from /home/airflow/.local/lib/python3.7/site-packages/airflow/example_dags/example_xcomargs.py
[2023-03-02T16:50:54.115+0000] {processor.py:753} INFO - DAG(s) dict_keys(['example_xcom_args', 'example_xcom_args_with_operators']) retrieved from /home/airflow/.local/lib/python3.7/site-packages/airflow/example_dags/example_xcomargs.py
[2023-03-02T16:50:54.260+0000] {logging_mixin.py:137} INFO - [2023-03-02T16:50:54.250+0000] {dag.py:2690} INFO - Sync 2 DAGs
[2023-03-02T16:50:54.420+0000] {logging_mixin.py:137} INFO - [2023-03-02T16:50:54.420+0000] {dag.py:3441} INFO - Setting next_dagrun for example_xcom_args to None, run_after=None
[2023-03-02T16:50:54.432+0000] {logging_mixin.py:137} INFO - [2023-03-02T16:50:54.432+0000] {dag.py:3441} INFO - Setting next_dagrun for example_xcom_args_with_operators to None, run_after=None
[2023-03-02T16:50:54.486+0000] {processor.py:175} INFO - Processing /home/airflow/.local/lib/python3.7/site-packages/airflow/example_dags/example_xcomargs.py took 0.516 seconds
[2023-03-02T16:51:25.197+0000] {processor.py:153} INFO - Started process (PID=1469) to work on /home/airflow/.local/lib/python3.7/site-packages/airflow/example_dags/example_xcomargs.py
[2023-03-02T16:51:25.199+0000] {processor.py:743} INFO - Processing file /home/airflow/.local/lib/python3.7/site-packages/airflow/example_dags/example_xcomargs.py for tasks to queue
[2023-03-02T16:51:25.200+0000] {logging_mixin.py:137} INFO - [2023-03-02T16:51:25.200+0000] {dagbag.py:538} INFO - Filling up the DagBag from /home/airflow/.local/lib/python3.7/site-packages/airflow/example_dags/example_xcomargs.py
[2023-03-02T16:51:25.216+0000] {processor.py:753} INFO - DAG(s) dict_keys(['example_xcom_args', 'example_xcom_args_with_operators']) retrieved from /home/airflow/.local/lib/python3.7/site-packages/airflow/example_dags/example_xcomargs.py
[2023-03-02T16:51:25.246+0000] {logging_mixin.py:137} INFO - [2023-03-02T16:51:25.246+0000] {dag.py:2690} INFO - Sync 2 DAGs
[2023-03-02T16:51:25.270+0000] {logging_mixin.py:137} INFO - [2023-03-02T16:51:25.270+0000] {dag.py:3441} INFO - Setting next_dagrun for example_xcom_args to None, run_after=None
[2023-03-02T16:51:25.276+0000] {logging_mixin.py:137} INFO - [2023-03-02T16:51:25.275+0000] {dag.py:3441} INFO - Setting next_dagrun for example_xcom_args_with_operators to None, run_after=None
[2023-03-02T16:51:25.287+0000] {processor.py:175} INFO - Processing /home/airflow/.local/lib/python3.7/site-packages/airflow/example_dags/example_xcomargs.py took 0.094 seconds
[2023-03-02T16:51:55.847+0000] {processor.py:153} INFO - Started process (PID=1544) to work on /home/airflow/.local/lib/python3.7/site-packages/airflow/example_dags/example_xcomargs.py
[2023-03-02T16:51:55.849+0000] {processor.py:743} INFO - Processing file /home/airflow/.local/lib/python3.7/site-packages/airflow/example_dags/example_xcomargs.py for tasks to queue
[2023-03-02T16:51:55.850+0000] {logging_mixin.py:137} INFO - [2023-03-02T16:51:55.850+0000] {dagbag.py:538} INFO - Filling up the DagBag from /home/airflow/.local/lib/python3.7/site-packages/airflow/example_dags/example_xcomargs.py
[2023-03-02T16:51:55.870+0000] {processor.py:753} INFO - DAG(s) dict_keys(['example_xcom_args_with_operators', 'example_xcom_args']) retrieved from /home/airflow/.local/lib/python3.7/site-packages/airflow/example_dags/example_xcomargs.py
[2023-03-02T16:51:55.893+0000] {logging_mixin.py:137} INFO - [2023-03-02T16:51:55.893+0000] {dag.py:2690} INFO - Sync 2 DAGs
[2023-03-02T16:51:55.910+0000] {logging_mixin.py:137} INFO - [2023-03-02T16:51:55.910+0000] {dag.py:3441} INFO - Setting next_dagrun for example_xcom_args to None, run_after=None
[2023-03-02T16:51:55.912+0000] {logging_mixin.py:137} INFO - [2023-03-02T16:51:55.912+0000] {dag.py:3441} INFO - Setting next_dagrun for example_xcom_args_with_operators to None, run_after=None
[2023-03-02T16:51:55.926+0000] {processor.py:175} INFO - Processing /home/airflow/.local/lib/python3.7/site-packages/airflow/example_dags/example_xcomargs.py took 0.083 seconds
[2023-03-02T16:52:26.116+0000] {processor.py:153} INFO - Started process (PID=1608) to work on /home/airflow/.local/lib/python3.7/site-packages/airflow/example_dags/example_xcomargs.py
[2023-03-02T16:52:26.118+0000] {processor.py:743} INFO - Processing file /home/airflow/.local/lib/python3.7/site-packages/airflow/example_dags/example_xcomargs.py for tasks to queue
[2023-03-02T16:52:26.119+0000] {logging_mixin.py:137} INFO - [2023-03-02T16:52:26.119+0000] {dagbag.py:538} INFO - Filling up the DagBag from /home/airflow/.local/lib/python3.7/site-packages/airflow/example_dags/example_xcomargs.py
[2023-03-02T16:52:26.136+0000] {processor.py:753} INFO - DAG(s) dict_keys(['example_xcom_args', 'example_xcom_args_with_operators']) retrieved from /home/airflow/.local/lib/python3.7/site-packages/airflow/example_dags/example_xcomargs.py
[2023-03-02T16:52:26.158+0000] {logging_mixin.py:137} INFO - [2023-03-02T16:52:26.158+0000] {dag.py:2690} INFO - Sync 2 DAGs
[2023-03-02T16:52:26.173+0000] {logging_mixin.py:137} INFO - [2023-03-02T16:52:26.172+0000] {dag.py:3441} INFO - Setting next_dagrun for example_xcom_args to None, run_after=None
[2023-03-02T16:52:26.176+0000] {logging_mixin.py:137} INFO - [2023-03-02T16:52:26.176+0000] {dag.py:3441} INFO - Setting next_dagrun for example_xcom_args_with_operators to None, run_after=None
[2023-03-02T16:52:26.185+0000] {processor.py:175} INFO - Processing /home/airflow/.local/lib/python3.7/site-packages/airflow/example_dags/example_xcomargs.py took 0.074 seconds
[2023-03-02T16:52:56.528+0000] {processor.py:153} INFO - Started process (PID=1671) to work on /home/airflow/.local/lib/python3.7/site-packages/airflow/example_dags/example_xcomargs.py
[2023-03-02T16:52:56.529+0000] {processor.py:743} INFO - Processing file /home/airflow/.local/lib/python3.7/site-packages/airflow/example_dags/example_xcomargs.py for tasks to queue
[2023-03-02T16:52:56.530+0000] {logging_mixin.py:137} INFO - [2023-03-02T16:52:56.530+0000] {dagbag.py:538} INFO - Filling up the DagBag from /home/airflow/.local/lib/python3.7/site-packages/airflow/example_dags/example_xcomargs.py
[2023-03-02T16:52:56.546+0000] {processor.py:753} INFO - DAG(s) dict_keys(['example_xcom_args_with_operators', 'example_xcom_args']) retrieved from /home/airflow/.local/lib/python3.7/site-packages/airflow/example_dags/example_xcomargs.py
[2023-03-02T16:52:56.569+0000] {logging_mixin.py:137} INFO - [2023-03-02T16:52:56.569+0000] {dag.py:2690} INFO - Sync 2 DAGs
[2023-03-02T16:52:56.587+0000] {logging_mixin.py:137} INFO - [2023-03-02T16:52:56.587+0000] {dag.py:3441} INFO - Setting next_dagrun for example_xcom_args to None, run_after=None
[2023-03-02T16:52:56.589+0000] {logging_mixin.py:137} INFO - [2023-03-02T16:52:56.589+0000] {dag.py:3441} INFO - Setting next_dagrun for example_xcom_args_with_operators to None, run_after=None
[2023-03-02T16:52:56.602+0000] {processor.py:175} INFO - Processing /home/airflow/.local/lib/python3.7/site-packages/airflow/example_dags/example_xcomargs.py took 0.077 seconds
[2023-03-02T16:53:27.635+0000] {processor.py:153} INFO - Started process (PID=1747) to work on /home/airflow/.local/lib/python3.7/site-packages/airflow/example_dags/example_xcomargs.py
[2023-03-02T16:53:27.636+0000] {processor.py:743} INFO - Processing file /home/airflow/.local/lib/python3.7/site-packages/airflow/example_dags/example_xcomargs.py for tasks to queue
[2023-03-02T16:53:27.637+0000] {logging_mixin.py:137} INFO - [2023-03-02T16:53:27.637+0000] {dagbag.py:538} INFO - Filling up the DagBag from /home/airflow/.local/lib/python3.7/site-packages/airflow/example_dags/example_xcomargs.py
[2023-03-02T16:53:27.654+0000] {processor.py:753} INFO - DAG(s) dict_keys(['example_xcom_args', 'example_xcom_args_with_operators']) retrieved from /home/airflow/.local/lib/python3.7/site-packages/airflow/example_dags/example_xcomargs.py
[2023-03-02T16:53:27.678+0000] {logging_mixin.py:137} INFO - [2023-03-02T16:53:27.678+0000] {dag.py:2690} INFO - Sync 2 DAGs
[2023-03-02T16:53:27.695+0000] {logging_mixin.py:137} INFO - [2023-03-02T16:53:27.695+0000] {dag.py:3441} INFO - Setting next_dagrun for example_xcom_args to None, run_after=None
[2023-03-02T16:53:27.698+0000] {logging_mixin.py:137} INFO - [2023-03-02T16:53:27.698+0000] {dag.py:3441} INFO - Setting next_dagrun for example_xcom_args_with_operators to None, run_after=None
[2023-03-02T16:53:27.709+0000] {processor.py:175} INFO - Processing /home/airflow/.local/lib/python3.7/site-packages/airflow/example_dags/example_xcomargs.py took 0.078 seconds
[2023-03-02T16:53:58.386+0000] {processor.py:153} INFO - Started process (PID=1823) to work on /home/airflow/.local/lib/python3.7/site-packages/airflow/example_dags/example_xcomargs.py
[2023-03-02T16:53:58.397+0000] {processor.py:743} INFO - Processing file /home/airflow/.local/lib/python3.7/site-packages/airflow/example_dags/example_xcomargs.py for tasks to queue
[2023-03-02T16:53:58.400+0000] {logging_mixin.py:137} INFO - [2023-03-02T16:53:58.399+0000] {dagbag.py:538} INFO - Filling up the DagBag from /home/airflow/.local/lib/python3.7/site-packages/airflow/example_dags/example_xcomargs.py
[2023-03-02T16:53:58.435+0000] {processor.py:753} INFO - DAG(s) dict_keys(['example_xcom_args', 'example_xcom_args_with_operators']) retrieved from /home/airflow/.local/lib/python3.7/site-packages/airflow/example_dags/example_xcomargs.py
[2023-03-02T16:53:58.467+0000] {logging_mixin.py:137} INFO - [2023-03-02T16:53:58.467+0000] {dag.py:2690} INFO - Sync 2 DAGs
[2023-03-02T16:53:58.489+0000] {logging_mixin.py:137} INFO - [2023-03-02T16:53:58.489+0000] {dag.py:3441} INFO - Setting next_dagrun for example_xcom_args to None, run_after=None
[2023-03-02T16:53:58.500+0000] {logging_mixin.py:137} INFO - [2023-03-02T16:53:58.500+0000] {dag.py:3441} INFO - Setting next_dagrun for example_xcom_args_with_operators to None, run_after=None
[2023-03-02T16:53:58.518+0000] {processor.py:175} INFO - Processing /home/airflow/.local/lib/python3.7/site-packages/airflow/example_dags/example_xcomargs.py took 0.136 seconds
[2023-03-02T16:54:28.619+0000] {processor.py:153} INFO - Started process (PID=1887) to work on /home/airflow/.local/lib/python3.7/site-packages/airflow/example_dags/example_xcomargs.py
[2023-03-02T16:54:28.621+0000] {processor.py:743} INFO - Processing file /home/airflow/.local/lib/python3.7/site-packages/airflow/example_dags/example_xcomargs.py for tasks to queue
[2023-03-02T16:54:28.622+0000] {logging_mixin.py:137} INFO - [2023-03-02T16:54:28.622+0000] {dagbag.py:538} INFO - Filling up the DagBag from /home/airflow/.local/lib/python3.7/site-packages/airflow/example_dags/example_xcomargs.py
[2023-03-02T16:54:28.642+0000] {processor.py:753} INFO - DAG(s) dict_keys(['example_xcom_args', 'example_xcom_args_with_operators']) retrieved from /home/airflow/.local/lib/python3.7/site-packages/airflow/example_dags/example_xcomargs.py
[2023-03-02T16:54:28.666+0000] {logging_mixin.py:137} INFO - [2023-03-02T16:54:28.666+0000] {dag.py:2690} INFO - Sync 2 DAGs
[2023-03-02T16:54:28.689+0000] {logging_mixin.py:137} INFO - [2023-03-02T16:54:28.689+0000] {dag.py:3441} INFO - Setting next_dagrun for example_xcom_args to None, run_after=None
[2023-03-02T16:54:28.700+0000] {logging_mixin.py:137} INFO - [2023-03-02T16:54:28.699+0000] {dag.py:3441} INFO - Setting next_dagrun for example_xcom_args_with_operators to None, run_after=None
[2023-03-02T16:54:28.736+0000] {processor.py:175} INFO - Processing /home/airflow/.local/lib/python3.7/site-packages/airflow/example_dags/example_xcomargs.py took 0.122 seconds
[2023-03-02T17:10:51.684+0000] {processor.py:153} INFO - Started process (PID=1916) to work on /home/airflow/.local/lib/python3.7/site-packages/airflow/example_dags/example_xcomargs.py
[2023-03-02T17:10:51.763+0000] {processor.py:743} INFO - Processing file /home/airflow/.local/lib/python3.7/site-packages/airflow/example_dags/example_xcomargs.py for tasks to queue
[2023-03-02T17:10:51.895+0000] {logging_mixin.py:137} INFO - [2023-03-02T17:10:51.893+0000] {dagbag.py:538} INFO - Filling up the DagBag from /home/airflow/.local/lib/python3.7/site-packages/airflow/example_dags/example_xcomargs.py
[2023-03-02T17:10:53.263+0000] {processor.py:753} INFO - DAG(s) dict_keys(['example_xcom_args', 'example_xcom_args_with_operators']) retrieved from /home/airflow/.local/lib/python3.7/site-packages/airflow/example_dags/example_xcomargs.py
[2023-03-02T17:10:54.290+0000] {logging_mixin.py:137} INFO - [2023-03-02T17:10:54.273+0000] {dag.py:2690} INFO - Sync 2 DAGs
[2023-03-02T17:10:55.660+0000] {logging_mixin.py:137} INFO - [2023-03-02T17:10:55.659+0000] {dag.py:3441} INFO - Setting next_dagrun for example_xcom_args to None, run_after=None
[2023-03-02T17:10:55.715+0000] {logging_mixin.py:137} INFO - [2023-03-02T17:10:55.715+0000] {dag.py:3441} INFO - Setting next_dagrun for example_xcom_args_with_operators to None, run_after=None
[2023-03-02T17:10:56.729+0000] {processor.py:175} INFO - Processing /home/airflow/.local/lib/python3.7/site-packages/airflow/example_dags/example_xcomargs.py took 5.194 seconds
[2023-03-02T17:25:22.447+0000] {processor.py:153} INFO - Started process (PID=1978) to work on /home/airflow/.local/lib/python3.7/site-packages/airflow/example_dags/example_xcomargs.py
[2023-03-02T17:25:22.450+0000] {processor.py:743} INFO - Processing file /home/airflow/.local/lib/python3.7/site-packages/airflow/example_dags/example_xcomargs.py for tasks to queue
[2023-03-02T17:25:22.451+0000] {logging_mixin.py:137} INFO - [2023-03-02T17:25:22.451+0000] {dagbag.py:538} INFO - Filling up the DagBag from /home/airflow/.local/lib/python3.7/site-packages/airflow/example_dags/example_xcomargs.py
[2023-03-02T17:25:22.502+0000] {processor.py:753} INFO - DAG(s) dict_keys(['example_xcom_args_with_operators', 'example_xcom_args']) retrieved from /home/airflow/.local/lib/python3.7/site-packages/airflow/example_dags/example_xcomargs.py
[2023-03-02T17:25:22.531+0000] {logging_mixin.py:137} INFO - [2023-03-02T17:25:22.530+0000] {dag.py:2690} INFO - Sync 2 DAGs
[2023-03-02T17:25:22.558+0000] {logging_mixin.py:137} INFO - [2023-03-02T17:25:22.558+0000] {dag.py:3441} INFO - Setting next_dagrun for example_xcom_args to None, run_after=None
[2023-03-02T17:25:22.563+0000] {logging_mixin.py:137} INFO - [2023-03-02T17:25:22.563+0000] {dag.py:3441} INFO - Setting next_dagrun for example_xcom_args_with_operators to None, run_after=None
[2023-03-02T17:25:22.580+0000] {processor.py:175} INFO - Processing /home/airflow/.local/lib/python3.7/site-packages/airflow/example_dags/example_xcomargs.py took 0.138 seconds
[2023-03-02T17:25:52.641+0000] {processor.py:153} INFO - Started process (PID=2042) to work on /home/airflow/.local/lib/python3.7/site-packages/airflow/example_dags/example_xcomargs.py
[2023-03-02T17:25:52.642+0000] {processor.py:743} INFO - Processing file /home/airflow/.local/lib/python3.7/site-packages/airflow/example_dags/example_xcomargs.py for tasks to queue
[2023-03-02T17:25:52.643+0000] {logging_mixin.py:137} INFO - [2023-03-02T17:25:52.643+0000] {dagbag.py:538} INFO - Filling up the DagBag from /home/airflow/.local/lib/python3.7/site-packages/airflow/example_dags/example_xcomargs.py
[2023-03-02T17:25:52.663+0000] {processor.py:753} INFO - DAG(s) dict_keys(['example_xcom_args_with_operators', 'example_xcom_args']) retrieved from /home/airflow/.local/lib/python3.7/site-packages/airflow/example_dags/example_xcomargs.py
[2023-03-02T17:25:52.688+0000] {logging_mixin.py:137} INFO - [2023-03-02T17:25:52.688+0000] {dag.py:2690} INFO - Sync 2 DAGs
[2023-03-02T17:25:52.711+0000] {logging_mixin.py:137} INFO - [2023-03-02T17:25:52.711+0000] {dag.py:3441} INFO - Setting next_dagrun for example_xcom_args to None, run_after=None
[2023-03-02T17:25:52.714+0000] {logging_mixin.py:137} INFO - [2023-03-02T17:25:52.714+0000] {dag.py:3441} INFO - Setting next_dagrun for example_xcom_args_with_operators to None, run_after=None
[2023-03-02T17:25:52.726+0000] {processor.py:175} INFO - Processing /home/airflow/.local/lib/python3.7/site-packages/airflow/example_dags/example_xcomargs.py took 0.088 seconds
[2023-03-02T17:26:24.088+0000] {processor.py:153} INFO - Started process (PID=2118) to work on /home/airflow/.local/lib/python3.7/site-packages/airflow/example_dags/example_xcomargs.py
[2023-03-02T17:26:24.090+0000] {processor.py:743} INFO - Processing file /home/airflow/.local/lib/python3.7/site-packages/airflow/example_dags/example_xcomargs.py for tasks to queue
[2023-03-02T17:26:24.092+0000] {logging_mixin.py:137} INFO - [2023-03-02T17:26:24.091+0000] {dagbag.py:538} INFO - Filling up the DagBag from /home/airflow/.local/lib/python3.7/site-packages/airflow/example_dags/example_xcomargs.py
[2023-03-02T17:26:24.114+0000] {processor.py:753} INFO - DAG(s) dict_keys(['example_xcom_args', 'example_xcom_args_with_operators']) retrieved from /home/airflow/.local/lib/python3.7/site-packages/airflow/example_dags/example_xcomargs.py
[2023-03-02T17:26:24.146+0000] {logging_mixin.py:137} INFO - [2023-03-02T17:26:24.146+0000] {dag.py:2690} INFO - Sync 2 DAGs
[2023-03-02T17:26:24.166+0000] {logging_mixin.py:137} INFO - [2023-03-02T17:26:24.165+0000] {dag.py:3441} INFO - Setting next_dagrun for example_xcom_args to None, run_after=None
[2023-03-02T17:26:24.169+0000] {logging_mixin.py:137} INFO - [2023-03-02T17:26:24.169+0000] {dag.py:3441} INFO - Setting next_dagrun for example_xcom_args_with_operators to None, run_after=None
[2023-03-02T17:26:24.182+0000] {processor.py:175} INFO - Processing /home/airflow/.local/lib/python3.7/site-packages/airflow/example_dags/example_xcomargs.py took 0.099 seconds
[2023-03-02T17:26:56.346+0000] {processor.py:153} INFO - Started process (PID=2175) to work on /home/airflow/.local/lib/python3.7/site-packages/airflow/example_dags/example_xcomargs.py
[2023-03-02T17:26:56.349+0000] {processor.py:743} INFO - Processing file /home/airflow/.local/lib/python3.7/site-packages/airflow/example_dags/example_xcomargs.py for tasks to queue
[2023-03-02T17:26:56.351+0000] {logging_mixin.py:137} INFO - [2023-03-02T17:26:56.351+0000] {dagbag.py:538} INFO - Filling up the DagBag from /home/airflow/.local/lib/python3.7/site-packages/airflow/example_dags/example_xcomargs.py
[2023-03-02T17:26:56.378+0000] {processor.py:753} INFO - DAG(s) dict_keys(['example_xcom_args', 'example_xcom_args_with_operators']) retrieved from /home/airflow/.local/lib/python3.7/site-packages/airflow/example_dags/example_xcomargs.py
[2023-03-02T17:26:56.429+0000] {logging_mixin.py:137} INFO - [2023-03-02T17:26:56.429+0000] {dag.py:2690} INFO - Sync 2 DAGs
[2023-03-02T17:26:56.491+0000] {logging_mixin.py:137} INFO - [2023-03-02T17:26:56.491+0000] {dag.py:3441} INFO - Setting next_dagrun for example_xcom_args to None, run_after=None
[2023-03-02T17:26:56.500+0000] {logging_mixin.py:137} INFO - [2023-03-02T17:26:56.500+0000] {dag.py:3441} INFO - Setting next_dagrun for example_xcom_args_with_operators to None, run_after=None
[2023-03-02T17:26:56.521+0000] {processor.py:175} INFO - Processing /home/airflow/.local/lib/python3.7/site-packages/airflow/example_dags/example_xcomargs.py took 0.180 seconds
[2023-03-02T18:31:43.935+0000] {processor.py:153} INFO - Started process (PID=2236) to work on /home/airflow/.local/lib/python3.7/site-packages/airflow/example_dags/example_xcomargs.py
[2023-03-02T18:31:43.938+0000] {processor.py:743} INFO - Processing file /home/airflow/.local/lib/python3.7/site-packages/airflow/example_dags/example_xcomargs.py for tasks to queue
[2023-03-02T18:31:43.940+0000] {logging_mixin.py:137} INFO - [2023-03-02T18:31:43.940+0000] {dagbag.py:538} INFO - Filling up the DagBag from /home/airflow/.local/lib/python3.7/site-packages/airflow/example_dags/example_xcomargs.py
[2023-03-02T18:31:43.970+0000] {processor.py:753} INFO - DAG(s) dict_keys(['example_xcom_args_with_operators', 'example_xcom_args']) retrieved from /home/airflow/.local/lib/python3.7/site-packages/airflow/example_dags/example_xcomargs.py
[2023-03-02T18:31:44.015+0000] {logging_mixin.py:137} INFO - [2023-03-02T18:31:44.015+0000] {dag.py:2690} INFO - Sync 2 DAGs
[2023-03-02T18:31:44.044+0000] {logging_mixin.py:137} INFO - [2023-03-02T18:31:44.044+0000] {dag.py:3441} INFO - Setting next_dagrun for example_xcom_args to None, run_after=None
[2023-03-02T18:31:44.047+0000] {logging_mixin.py:137} INFO - [2023-03-02T18:31:44.047+0000] {dag.py:3441} INFO - Setting next_dagrun for example_xcom_args_with_operators to None, run_after=None
[2023-03-02T18:31:44.060+0000] {processor.py:175} INFO - Processing /home/airflow/.local/lib/python3.7/site-packages/airflow/example_dags/example_xcomargs.py took 0.132 seconds
[2023-03-02T18:49:36.698+0000] {processor.py:153} INFO - Started process (PID=2292) to work on /home/airflow/.local/lib/python3.7/site-packages/airflow/example_dags/example_xcomargs.py
[2023-03-02T18:49:36.700+0000] {processor.py:743} INFO - Processing file /home/airflow/.local/lib/python3.7/site-packages/airflow/example_dags/example_xcomargs.py for tasks to queue
[2023-03-02T18:49:36.701+0000] {logging_mixin.py:137} INFO - [2023-03-02T18:49:36.701+0000] {dagbag.py:538} INFO - Filling up the DagBag from /home/airflow/.local/lib/python3.7/site-packages/airflow/example_dags/example_xcomargs.py
[2023-03-02T18:49:36.727+0000] {processor.py:753} INFO - DAG(s) dict_keys(['example_xcom_args_with_operators', 'example_xcom_args']) retrieved from /home/airflow/.local/lib/python3.7/site-packages/airflow/example_dags/example_xcomargs.py
[2023-03-02T18:49:36.765+0000] {logging_mixin.py:137} INFO - [2023-03-02T18:49:36.764+0000] {dag.py:2690} INFO - Sync 2 DAGs
[2023-03-02T18:49:36.791+0000] {logging_mixin.py:137} INFO - [2023-03-02T18:49:36.791+0000] {dag.py:3441} INFO - Setting next_dagrun for example_xcom_args to None, run_after=None
[2023-03-02T18:49:36.812+0000] {logging_mixin.py:137} INFO - [2023-03-02T18:49:36.812+0000] {dag.py:3441} INFO - Setting next_dagrun for example_xcom_args_with_operators to None, run_after=None
[2023-03-02T18:49:36.846+0000] {processor.py:175} INFO - Processing /home/airflow/.local/lib/python3.7/site-packages/airflow/example_dags/example_xcomargs.py took 0.152 seconds
[2023-03-02T20:01:43.138+0000] {processor.py:153} INFO - Started process (PID=2349) to work on /home/airflow/.local/lib/python3.7/site-packages/airflow/example_dags/example_xcomargs.py
[2023-03-02T20:01:43.141+0000] {processor.py:743} INFO - Processing file /home/airflow/.local/lib/python3.7/site-packages/airflow/example_dags/example_xcomargs.py for tasks to queue
[2023-03-02T20:01:43.143+0000] {logging_mixin.py:137} INFO - [2023-03-02T20:01:43.143+0000] {dagbag.py:538} INFO - Filling up the DagBag from /home/airflow/.local/lib/python3.7/site-packages/airflow/example_dags/example_xcomargs.py
[2023-03-02T20:01:43.220+0000] {processor.py:753} INFO - DAG(s) dict_keys(['example_xcom_args_with_operators', 'example_xcom_args']) retrieved from /home/airflow/.local/lib/python3.7/site-packages/airflow/example_dags/example_xcomargs.py
[2023-03-02T20:01:43.462+0000] {logging_mixin.py:137} INFO - [2023-03-02T20:01:43.461+0000] {dag.py:2690} INFO - Sync 2 DAGs
[2023-03-02T20:01:43.602+0000] {logging_mixin.py:137} INFO - [2023-03-02T20:01:43.602+0000] {dag.py:3441} INFO - Setting next_dagrun for example_xcom_args to None, run_after=None
[2023-03-02T20:01:43.640+0000] {logging_mixin.py:137} INFO - [2023-03-02T20:01:43.640+0000] {dag.py:3441} INFO - Setting next_dagrun for example_xcom_args_with_operators to None, run_after=None
[2023-03-02T20:01:43.762+0000] {processor.py:175} INFO - Processing /home/airflow/.local/lib/python3.7/site-packages/airflow/example_dags/example_xcomargs.py took 0.638 seconds
[2023-03-02T22:37:23.981+0000] {processor.py:153} INFO - Started process (PID=2448) to work on /home/airflow/.local/lib/python3.7/site-packages/airflow/example_dags/example_xcomargs.py
[2023-03-02T22:37:24.034+0000] {processor.py:743} INFO - Processing file /home/airflow/.local/lib/python3.7/site-packages/airflow/example_dags/example_xcomargs.py for tasks to queue
[2023-03-02T22:37:24.121+0000] {logging_mixin.py:137} INFO - [2023-03-02T22:37:24.084+0000] {dagbag.py:538} INFO - Filling up the DagBag from /home/airflow/.local/lib/python3.7/site-packages/airflow/example_dags/example_xcomargs.py
[2023-03-02T22:37:25.571+0000] {processor.py:753} INFO - DAG(s) dict_keys(['example_xcom_args_with_operators', 'example_xcom_args']) retrieved from /home/airflow/.local/lib/python3.7/site-packages/airflow/example_dags/example_xcomargs.py
[2023-03-02T22:37:27.468+0000] {logging_mixin.py:137} INFO - [2023-03-02T22:37:27.246+0000] {dag.py:2690} INFO - Sync 2 DAGs
[2023-03-02T22:37:37.312+0000] {logging_mixin.py:137} INFO - [2023-03-02T22:37:37.283+0000] {dag.py:3441} INFO - Setting next_dagrun for example_xcom_args to None, run_after=None
[2023-03-02T22:37:37.506+0000] {logging_mixin.py:137} INFO - [2023-03-02T22:37:37.499+0000] {dag.py:3441} INFO - Setting next_dagrun for example_xcom_args_with_operators to None, run_after=None
[2023-03-02T22:37:37.763+0000] {processor.py:175} INFO - Processing /home/airflow/.local/lib/python3.7/site-packages/airflow/example_dags/example_xcomargs.py took 14.255 seconds
