[2023-03-02T13:04:50.570+0000] {processor.py:153} INFO - Started process (PID=80) to work on /home/airflow/.local/lib/python3.7/site-packages/airflow/example_dags/example_nested_branch_dag.py
[2023-03-02T13:04:50.574+0000] {processor.py:743} INFO - Processing file /home/airflow/.local/lib/python3.7/site-packages/airflow/example_dags/example_nested_branch_dag.py for tasks to queue
[2023-03-02T13:04:50.581+0000] {logging_mixin.py:137} INFO - [2023-03-02T13:04:50.580+0000] {dagbag.py:538} INFO - Filling up the DagBag from /home/airflow/.local/lib/python3.7/site-packages/airflow/example_dags/example_nested_branch_dag.py
[2023-03-02T13:04:50.659+0000] {processor.py:753} INFO - DAG(s) dict_keys(['example_nested_branch_dag']) retrieved from /home/airflow/.local/lib/python3.7/site-packages/airflow/example_dags/example_nested_branch_dag.py
[2023-03-02T13:04:50.827+0000] {logging_mixin.py:137} INFO - [2023-03-02T13:04:50.827+0000] {manager.py:504} INFO - Created Permission View: can delete on DAG:example_nested_branch_dag
[2023-03-02T13:04:50.836+0000] {logging_mixin.py:137} INFO - [2023-03-02T13:04:50.836+0000] {manager.py:504} INFO - Created Permission View: can read on DAG:example_nested_branch_dag
[2023-03-02T13:04:50.852+0000] {logging_mixin.py:137} INFO - [2023-03-02T13:04:50.852+0000] {manager.py:504} INFO - Created Permission View: can edit on DAG:example_nested_branch_dag
[2023-03-02T13:04:50.854+0000] {logging_mixin.py:137} INFO - [2023-03-02T13:04:50.854+0000] {dag.py:2690} INFO - Sync 1 DAGs
[2023-03-02T13:04:50.870+0000] {logging_mixin.py:137} INFO - [2023-03-02T13:04:50.870+0000] {dag.py:2711} INFO - Creating ORM DAG for example_nested_branch_dag
[2023-03-02T13:04:50.885+0000] {logging_mixin.py:137} INFO - [2023-03-02T13:04:50.885+0000] {dag.py:3441} INFO - Setting next_dagrun for example_nested_branch_dag to 2023-03-01T00:00:00+00:00, run_after=2023-03-02T00:00:00+00:00
[2023-03-02T13:04:50.922+0000] {processor.py:175} INFO - Processing /home/airflow/.local/lib/python3.7/site-packages/airflow/example_dags/example_nested_branch_dag.py took 0.372 seconds
[2023-03-02T13:05:21.450+0000] {processor.py:153} INFO - Started process (PID=157) to work on /home/airflow/.local/lib/python3.7/site-packages/airflow/example_dags/example_nested_branch_dag.py
[2023-03-02T13:05:21.453+0000] {processor.py:743} INFO - Processing file /home/airflow/.local/lib/python3.7/site-packages/airflow/example_dags/example_nested_branch_dag.py for tasks to queue
[2023-03-02T13:05:21.455+0000] {logging_mixin.py:137} INFO - [2023-03-02T13:05:21.455+0000] {dagbag.py:538} INFO - Filling up the DagBag from /home/airflow/.local/lib/python3.7/site-packages/airflow/example_dags/example_nested_branch_dag.py
[2023-03-02T13:05:21.482+0000] {processor.py:753} INFO - DAG(s) dict_keys(['example_nested_branch_dag']) retrieved from /home/airflow/.local/lib/python3.7/site-packages/airflow/example_dags/example_nested_branch_dag.py
[2023-03-02T13:05:21.507+0000] {logging_mixin.py:137} INFO - [2023-03-02T13:05:21.507+0000] {dag.py:2690} INFO - Sync 1 DAGs
[2023-03-02T13:05:21.524+0000] {logging_mixin.py:137} INFO - [2023-03-02T13:05:21.524+0000] {dag.py:3441} INFO - Setting next_dagrun for example_nested_branch_dag to 2023-03-01T00:00:00+00:00, run_after=2023-03-02T00:00:00+00:00
[2023-03-02T13:05:21.537+0000] {processor.py:175} INFO - Processing /home/airflow/.local/lib/python3.7/site-packages/airflow/example_dags/example_nested_branch_dag.py took 0.091 seconds
[2023-03-02T13:05:51.764+0000] {processor.py:153} INFO - Started process (PID=220) to work on /home/airflow/.local/lib/python3.7/site-packages/airflow/example_dags/example_nested_branch_dag.py
[2023-03-02T13:05:51.766+0000] {processor.py:743} INFO - Processing file /home/airflow/.local/lib/python3.7/site-packages/airflow/example_dags/example_nested_branch_dag.py for tasks to queue
[2023-03-02T13:05:51.767+0000] {logging_mixin.py:137} INFO - [2023-03-02T13:05:51.767+0000] {dagbag.py:538} INFO - Filling up the DagBag from /home/airflow/.local/lib/python3.7/site-packages/airflow/example_dags/example_nested_branch_dag.py
[2023-03-02T13:05:51.800+0000] {processor.py:753} INFO - DAG(s) dict_keys(['example_nested_branch_dag']) retrieved from /home/airflow/.local/lib/python3.7/site-packages/airflow/example_dags/example_nested_branch_dag.py
[2023-03-02T13:05:51.826+0000] {logging_mixin.py:137} INFO - [2023-03-02T13:05:51.826+0000] {dag.py:2690} INFO - Sync 1 DAGs
[2023-03-02T13:05:51.846+0000] {logging_mixin.py:137} INFO - [2023-03-02T13:05:51.845+0000] {dag.py:3441} INFO - Setting next_dagrun for example_nested_branch_dag to 2023-03-01T00:00:00+00:00, run_after=2023-03-02T00:00:00+00:00
[2023-03-02T13:05:51.869+0000] {processor.py:175} INFO - Processing /home/airflow/.local/lib/python3.7/site-packages/airflow/example_dags/example_nested_branch_dag.py took 0.109 seconds
[2023-03-02T13:20:03.814+0000] {processor.py:153} INFO - Started process (PID=315) to work on /home/airflow/.local/lib/python3.7/site-packages/airflow/example_dags/example_nested_branch_dag.py
[2023-03-02T13:20:03.835+0000] {processor.py:743} INFO - Processing file /home/airflow/.local/lib/python3.7/site-packages/airflow/example_dags/example_nested_branch_dag.py for tasks to queue
[2023-03-02T13:20:03.841+0000] {logging_mixin.py:137} INFO - [2023-03-02T13:20:03.839+0000] {dagbag.py:538} INFO - Filling up the DagBag from /home/airflow/.local/lib/python3.7/site-packages/airflow/example_dags/example_nested_branch_dag.py
[2023-03-02T13:20:05.974+0000] {processor.py:753} INFO - DAG(s) dict_keys(['example_nested_branch_dag']) retrieved from /home/airflow/.local/lib/python3.7/site-packages/airflow/example_dags/example_nested_branch_dag.py
[2023-03-02T14:26:11.819+0000] {logging_mixin.py:137} INFO - [2023-03-02T14:26:11.786+0000] {dag.py:2690} INFO - Sync 1 DAGs
[2023-03-02T14:26:41.730+0000] {processor.py:153} INFO - Started process (PID=377) to work on /home/airflow/.local/lib/python3.7/site-packages/airflow/example_dags/example_nested_branch_dag.py
[2023-03-02T14:26:41.732+0000] {processor.py:743} INFO - Processing file /home/airflow/.local/lib/python3.7/site-packages/airflow/example_dags/example_nested_branch_dag.py for tasks to queue
[2023-03-02T14:26:41.733+0000] {logging_mixin.py:137} INFO - [2023-03-02T14:26:41.733+0000] {dagbag.py:538} INFO - Filling up the DagBag from /home/airflow/.local/lib/python3.7/site-packages/airflow/example_dags/example_nested_branch_dag.py
[2023-03-02T14:26:41.823+0000] {processor.py:753} INFO - DAG(s) dict_keys(['example_nested_branch_dag']) retrieved from /home/airflow/.local/lib/python3.7/site-packages/airflow/example_dags/example_nested_branch_dag.py
[2023-03-02T14:26:41.914+0000] {logging_mixin.py:137} INFO - [2023-03-02T14:26:41.914+0000] {dag.py:2690} INFO - Sync 1 DAGs
[2023-03-02T14:26:41.946+0000] {logging_mixin.py:137} INFO - [2023-03-02T14:26:41.946+0000] {dag.py:3441} INFO - Setting next_dagrun for example_nested_branch_dag to 2023-03-01T00:00:00+00:00, run_after=2023-03-02T00:00:00+00:00
[2023-03-02T14:26:41.967+0000] {processor.py:175} INFO - Processing /home/airflow/.local/lib/python3.7/site-packages/airflow/example_dags/example_nested_branch_dag.py took 0.242 seconds
[2023-03-02T14:28:23.067+0000] {processor.py:153} INFO - Started process (PID=474) to work on /home/airflow/.local/lib/python3.7/site-packages/airflow/example_dags/example_nested_branch_dag.py
[2023-03-02T14:28:23.070+0000] {processor.py:743} INFO - Processing file /home/airflow/.local/lib/python3.7/site-packages/airflow/example_dags/example_nested_branch_dag.py for tasks to queue
[2023-03-02T14:28:23.076+0000] {logging_mixin.py:137} INFO - [2023-03-02T14:28:23.075+0000] {dagbag.py:538} INFO - Filling up the DagBag from /home/airflow/.local/lib/python3.7/site-packages/airflow/example_dags/example_nested_branch_dag.py
[2023-03-02T14:28:23.162+0000] {processor.py:753} INFO - DAG(s) dict_keys(['example_nested_branch_dag']) retrieved from /home/airflow/.local/lib/python3.7/site-packages/airflow/example_dags/example_nested_branch_dag.py
[2023-03-02T14:28:23.225+0000] {logging_mixin.py:137} INFO - [2023-03-02T14:28:23.225+0000] {dag.py:2690} INFO - Sync 1 DAGs
[2023-03-02T14:28:23.292+0000] {logging_mixin.py:137} INFO - [2023-03-02T14:28:23.292+0000] {dag.py:3441} INFO - Setting next_dagrun for example_nested_branch_dag to 2023-03-01T00:00:00+00:00, run_after=2023-03-02T00:00:00+00:00
[2023-03-02T14:28:23.321+0000] {processor.py:175} INFO - Processing /home/airflow/.local/lib/python3.7/site-packages/airflow/example_dags/example_nested_branch_dag.py took 0.265 seconds
[2023-03-02T14:28:54.992+0000] {processor.py:153} INFO - Started process (PID=526) to work on /home/airflow/.local/lib/python3.7/site-packages/airflow/example_dags/example_nested_branch_dag.py
[2023-03-02T14:28:54.995+0000] {processor.py:743} INFO - Processing file /home/airflow/.local/lib/python3.7/site-packages/airflow/example_dags/example_nested_branch_dag.py for tasks to queue
[2023-03-02T14:28:55.002+0000] {logging_mixin.py:137} INFO - [2023-03-02T14:28:55.002+0000] {dagbag.py:538} INFO - Filling up the DagBag from /home/airflow/.local/lib/python3.7/site-packages/airflow/example_dags/example_nested_branch_dag.py
[2023-03-02T14:28:55.038+0000] {processor.py:753} INFO - DAG(s) dict_keys(['example_nested_branch_dag']) retrieved from /home/airflow/.local/lib/python3.7/site-packages/airflow/example_dags/example_nested_branch_dag.py
[2023-03-02T14:28:55.093+0000] {logging_mixin.py:137} INFO - [2023-03-02T14:28:55.092+0000] {dag.py:2690} INFO - Sync 1 DAGs
[2023-03-02T14:28:55.128+0000] {logging_mixin.py:137} INFO - [2023-03-02T14:28:55.128+0000] {dag.py:3441} INFO - Setting next_dagrun for example_nested_branch_dag to 2023-03-01T00:00:00+00:00, run_after=2023-03-02T00:00:00+00:00
[2023-03-02T14:28:55.142+0000] {processor.py:175} INFO - Processing /home/airflow/.local/lib/python3.7/site-packages/airflow/example_dags/example_nested_branch_dag.py took 0.155 seconds
[2023-03-02T15:58:27.602+0000] {processor.py:153} INFO - Started process (PID=589) to work on /home/airflow/.local/lib/python3.7/site-packages/airflow/example_dags/example_nested_branch_dag.py
[2023-03-02T15:58:27.603+0000] {processor.py:743} INFO - Processing file /home/airflow/.local/lib/python3.7/site-packages/airflow/example_dags/example_nested_branch_dag.py for tasks to queue
[2023-03-02T15:58:27.605+0000] {logging_mixin.py:137} INFO - [2023-03-02T15:58:27.605+0000] {dagbag.py:538} INFO - Filling up the DagBag from /home/airflow/.local/lib/python3.7/site-packages/airflow/example_dags/example_nested_branch_dag.py
[2023-03-02T15:58:27.625+0000] {processor.py:753} INFO - DAG(s) dict_keys(['example_nested_branch_dag']) retrieved from /home/airflow/.local/lib/python3.7/site-packages/airflow/example_dags/example_nested_branch_dag.py
[2023-03-02T15:58:27.660+0000] {logging_mixin.py:137} INFO - [2023-03-02T15:58:27.660+0000] {dag.py:2690} INFO - Sync 1 DAGs
[2023-03-02T15:58:27.680+0000] {logging_mixin.py:137} INFO - [2023-03-02T15:58:27.680+0000] {dag.py:3441} INFO - Setting next_dagrun for example_nested_branch_dag to 2023-03-01T00:00:00+00:00, run_after=2023-03-02T00:00:00+00:00
[2023-03-02T15:58:27.692+0000] {processor.py:175} INFO - Processing /home/airflow/.local/lib/python3.7/site-packages/airflow/example_dags/example_nested_branch_dag.py took 0.094 seconds
[2023-03-02T16:32:20.013+0000] {processor.py:153} INFO - Started process (PID=652) to work on /home/airflow/.local/lib/python3.7/site-packages/airflow/example_dags/example_nested_branch_dag.py
[2023-03-02T16:32:20.015+0000] {processor.py:743} INFO - Processing file /home/airflow/.local/lib/python3.7/site-packages/airflow/example_dags/example_nested_branch_dag.py for tasks to queue
[2023-03-02T16:32:20.016+0000] {logging_mixin.py:137} INFO - [2023-03-02T16:32:20.016+0000] {dagbag.py:538} INFO - Filling up the DagBag from /home/airflow/.local/lib/python3.7/site-packages/airflow/example_dags/example_nested_branch_dag.py
[2023-03-02T16:32:20.035+0000] {processor.py:753} INFO - DAG(s) dict_keys(['example_nested_branch_dag']) retrieved from /home/airflow/.local/lib/python3.7/site-packages/airflow/example_dags/example_nested_branch_dag.py
[2023-03-02T16:32:20.057+0000] {logging_mixin.py:137} INFO - [2023-03-02T16:32:20.057+0000] {dag.py:2690} INFO - Sync 1 DAGs
[2023-03-02T16:32:20.087+0000] {logging_mixin.py:137} INFO - [2023-03-02T16:32:20.086+0000] {dag.py:3441} INFO - Setting next_dagrun for example_nested_branch_dag to 2023-03-01T00:00:00+00:00, run_after=2023-03-02T00:00:00+00:00
[2023-03-02T16:32:20.105+0000] {processor.py:175} INFO - Processing /home/airflow/.local/lib/python3.7/site-packages/airflow/example_dags/example_nested_branch_dag.py took 0.096 seconds
[2023-03-02T16:40:29.488+0000] {processor.py:153} INFO - Started process (PID=770) to work on /home/airflow/.local/lib/python3.7/site-packages/airflow/example_dags/example_nested_branch_dag.py
[2023-03-02T16:40:29.502+0000] {processor.py:743} INFO - Processing file /home/airflow/.local/lib/python3.7/site-packages/airflow/example_dags/example_nested_branch_dag.py for tasks to queue
[2023-03-02T16:40:29.518+0000] {logging_mixin.py:137} INFO - [2023-03-02T16:40:29.517+0000] {dagbag.py:538} INFO - Filling up the DagBag from /home/airflow/.local/lib/python3.7/site-packages/airflow/example_dags/example_nested_branch_dag.py
[2023-03-02T16:40:29.724+0000] {processor.py:753} INFO - DAG(s) dict_keys(['example_nested_branch_dag']) retrieved from /home/airflow/.local/lib/python3.7/site-packages/airflow/example_dags/example_nested_branch_dag.py
[2023-03-02T16:40:29.930+0000] {logging_mixin.py:137} INFO - [2023-03-02T16:40:29.928+0000] {dag.py:2690} INFO - Sync 1 DAGs
[2023-03-02T16:40:30.004+0000] {logging_mixin.py:137} INFO - [2023-03-02T16:40:30.004+0000] {dag.py:3441} INFO - Setting next_dagrun for example_nested_branch_dag to 2023-03-01T00:00:00+00:00, run_after=2023-03-02T00:00:00+00:00
[2023-03-02T16:40:30.070+0000] {processor.py:175} INFO - Processing /home/airflow/.local/lib/python3.7/site-packages/airflow/example_dags/example_nested_branch_dag.py took 0.605 seconds
[2023-03-02T16:41:13.230+0000] {processor.py:153} INFO - Started process (PID=844) to work on /home/airflow/.local/lib/python3.7/site-packages/airflow/example_dags/example_nested_branch_dag.py
[2023-03-02T16:41:13.251+0000] {processor.py:743} INFO - Processing file /home/airflow/.local/lib/python3.7/site-packages/airflow/example_dags/example_nested_branch_dag.py for tasks to queue
[2023-03-02T16:41:13.258+0000] {logging_mixin.py:137} INFO - [2023-03-02T16:41:13.258+0000] {dagbag.py:538} INFO - Filling up the DagBag from /home/airflow/.local/lib/python3.7/site-packages/airflow/example_dags/example_nested_branch_dag.py
[2023-03-02T16:41:13.505+0000] {processor.py:753} INFO - DAG(s) dict_keys(['example_nested_branch_dag']) retrieved from /home/airflow/.local/lib/python3.7/site-packages/airflow/example_dags/example_nested_branch_dag.py
[2023-03-02T16:41:13.765+0000] {logging_mixin.py:137} INFO - [2023-03-02T16:41:13.764+0000] {dag.py:2690} INFO - Sync 1 DAGs
[2023-03-02T16:41:14.195+0000] {logging_mixin.py:137} INFO - [2023-03-02T16:41:14.194+0000] {dag.py:3441} INFO - Setting next_dagrun for example_nested_branch_dag to 2023-03-01T00:00:00+00:00, run_after=2023-03-02T00:00:00+00:00
[2023-03-02T16:41:14.376+0000] {processor.py:175} INFO - Processing /home/airflow/.local/lib/python3.7/site-packages/airflow/example_dags/example_nested_branch_dag.py took 1.172 seconds
[2023-03-02T16:41:44.851+0000] {processor.py:153} INFO - Started process (PID=899) to work on /home/airflow/.local/lib/python3.7/site-packages/airflow/example_dags/example_nested_branch_dag.py
[2023-03-02T16:41:44.853+0000] {processor.py:743} INFO - Processing file /home/airflow/.local/lib/python3.7/site-packages/airflow/example_dags/example_nested_branch_dag.py for tasks to queue
[2023-03-02T16:41:44.855+0000] {logging_mixin.py:137} INFO - [2023-03-02T16:41:44.855+0000] {dagbag.py:538} INFO - Filling up the DagBag from /home/airflow/.local/lib/python3.7/site-packages/airflow/example_dags/example_nested_branch_dag.py
[2023-03-02T16:41:44.880+0000] {processor.py:753} INFO - DAG(s) dict_keys(['example_nested_branch_dag']) retrieved from /home/airflow/.local/lib/python3.7/site-packages/airflow/example_dags/example_nested_branch_dag.py
[2023-03-02T16:41:44.902+0000] {logging_mixin.py:137} INFO - [2023-03-02T16:41:44.902+0000] {dag.py:2690} INFO - Sync 1 DAGs
[2023-03-02T16:41:44.925+0000] {logging_mixin.py:137} INFO - [2023-03-02T16:41:44.925+0000] {dag.py:3441} INFO - Setting next_dagrun for example_nested_branch_dag to 2023-03-01T00:00:00+00:00, run_after=2023-03-02T00:00:00+00:00
[2023-03-02T16:41:44.958+0000] {processor.py:175} INFO - Processing /home/airflow/.local/lib/python3.7/site-packages/airflow/example_dags/example_nested_branch_dag.py took 0.112 seconds
[2023-03-02T16:42:15.567+0000] {processor.py:153} INFO - Started process (PID=969) to work on /home/airflow/.local/lib/python3.7/site-packages/airflow/example_dags/example_nested_branch_dag.py
[2023-03-02T16:42:15.584+0000] {processor.py:743} INFO - Processing file /home/airflow/.local/lib/python3.7/site-packages/airflow/example_dags/example_nested_branch_dag.py for tasks to queue
[2023-03-02T16:42:15.588+0000] {logging_mixin.py:137} INFO - [2023-03-02T16:42:15.588+0000] {dagbag.py:538} INFO - Filling up the DagBag from /home/airflow/.local/lib/python3.7/site-packages/airflow/example_dags/example_nested_branch_dag.py
[2023-03-02T16:42:15.659+0000] {processor.py:753} INFO - DAG(s) dict_keys(['example_nested_branch_dag']) retrieved from /home/airflow/.local/lib/python3.7/site-packages/airflow/example_dags/example_nested_branch_dag.py
[2023-03-02T16:42:15.751+0000] {logging_mixin.py:137} INFO - [2023-03-02T16:42:15.751+0000] {dag.py:2690} INFO - Sync 1 DAGs
[2023-03-02T16:42:15.812+0000] {logging_mixin.py:137} INFO - [2023-03-02T16:42:15.812+0000] {dag.py:3441} INFO - Setting next_dagrun for example_nested_branch_dag to 2023-03-01T00:00:00+00:00, run_after=2023-03-02T00:00:00+00:00
[2023-03-02T16:42:15.853+0000] {processor.py:175} INFO - Processing /home/airflow/.local/lib/python3.7/site-packages/airflow/example_dags/example_nested_branch_dag.py took 0.298 seconds
[2023-03-02T16:42:46.662+0000] {processor.py:153} INFO - Started process (PID=1025) to work on /home/airflow/.local/lib/python3.7/site-packages/airflow/example_dags/example_nested_branch_dag.py
[2023-03-02T16:42:46.664+0000] {processor.py:743} INFO - Processing file /home/airflow/.local/lib/python3.7/site-packages/airflow/example_dags/example_nested_branch_dag.py for tasks to queue
[2023-03-02T16:42:46.667+0000] {logging_mixin.py:137} INFO - [2023-03-02T16:42:46.666+0000] {dagbag.py:538} INFO - Filling up the DagBag from /home/airflow/.local/lib/python3.7/site-packages/airflow/example_dags/example_nested_branch_dag.py
[2023-03-02T16:42:46.725+0000] {processor.py:753} INFO - DAG(s) dict_keys(['example_nested_branch_dag']) retrieved from /home/airflow/.local/lib/python3.7/site-packages/airflow/example_dags/example_nested_branch_dag.py
[2023-03-02T16:42:46.826+0000] {logging_mixin.py:137} INFO - [2023-03-02T16:42:46.826+0000] {dag.py:2690} INFO - Sync 1 DAGs
[2023-03-02T16:42:46.870+0000] {logging_mixin.py:137} INFO - [2023-03-02T16:42:46.870+0000] {dag.py:3441} INFO - Setting next_dagrun for example_nested_branch_dag to 2023-03-01T00:00:00+00:00, run_after=2023-03-02T00:00:00+00:00
[2023-03-02T16:42:46.897+0000] {processor.py:175} INFO - Processing /home/airflow/.local/lib/python3.7/site-packages/airflow/example_dags/example_nested_branch_dag.py took 0.243 seconds
[2023-03-02T16:43:17.501+0000] {processor.py:153} INFO - Started process (PID=1100) to work on /home/airflow/.local/lib/python3.7/site-packages/airflow/example_dags/example_nested_branch_dag.py
[2023-03-02T16:43:17.506+0000] {processor.py:743} INFO - Processing file /home/airflow/.local/lib/python3.7/site-packages/airflow/example_dags/example_nested_branch_dag.py for tasks to queue
[2023-03-02T16:43:17.507+0000] {logging_mixin.py:137} INFO - [2023-03-02T16:43:17.507+0000] {dagbag.py:538} INFO - Filling up the DagBag from /home/airflow/.local/lib/python3.7/site-packages/airflow/example_dags/example_nested_branch_dag.py
[2023-03-02T16:43:17.547+0000] {processor.py:753} INFO - DAG(s) dict_keys(['example_nested_branch_dag']) retrieved from /home/airflow/.local/lib/python3.7/site-packages/airflow/example_dags/example_nested_branch_dag.py
[2023-03-02T16:43:17.607+0000] {logging_mixin.py:137} INFO - [2023-03-02T16:43:17.606+0000] {dag.py:2690} INFO - Sync 1 DAGs
[2023-03-02T16:43:17.643+0000] {logging_mixin.py:137} INFO - [2023-03-02T16:43:17.643+0000] {dag.py:3441} INFO - Setting next_dagrun for example_nested_branch_dag to 2023-03-01T00:00:00+00:00, run_after=2023-03-02T00:00:00+00:00
[2023-03-02T16:43:17.664+0000] {processor.py:175} INFO - Processing /home/airflow/.local/lib/python3.7/site-packages/airflow/example_dags/example_nested_branch_dag.py took 0.167 seconds
[2023-03-02T16:43:47.859+0000] {processor.py:153} INFO - Started process (PID=1163) to work on /home/airflow/.local/lib/python3.7/site-packages/airflow/example_dags/example_nested_branch_dag.py
[2023-03-02T16:43:47.862+0000] {processor.py:743} INFO - Processing file /home/airflow/.local/lib/python3.7/site-packages/airflow/example_dags/example_nested_branch_dag.py for tasks to queue
[2023-03-02T16:43:47.864+0000] {logging_mixin.py:137} INFO - [2023-03-02T16:43:47.864+0000] {dagbag.py:538} INFO - Filling up the DagBag from /home/airflow/.local/lib/python3.7/site-packages/airflow/example_dags/example_nested_branch_dag.py
[2023-03-02T16:43:47.920+0000] {processor.py:753} INFO - DAG(s) dict_keys(['example_nested_branch_dag']) retrieved from /home/airflow/.local/lib/python3.7/site-packages/airflow/example_dags/example_nested_branch_dag.py
[2023-03-02T16:43:47.973+0000] {logging_mixin.py:137} INFO - [2023-03-02T16:43:47.973+0000] {dag.py:2690} INFO - Sync 1 DAGs
[2023-03-02T16:43:48.006+0000] {logging_mixin.py:137} INFO - [2023-03-02T16:43:48.006+0000] {dag.py:3441} INFO - Setting next_dagrun for example_nested_branch_dag to 2023-03-01T00:00:00+00:00, run_after=2023-03-02T00:00:00+00:00
[2023-03-02T16:43:48.033+0000] {processor.py:175} INFO - Processing /home/airflow/.local/lib/python3.7/site-packages/airflow/example_dags/example_nested_branch_dag.py took 0.186 seconds
[2023-03-02T16:44:19.317+0000] {processor.py:153} INFO - Started process (PID=1225) to work on /home/airflow/.local/lib/python3.7/site-packages/airflow/example_dags/example_nested_branch_dag.py
[2023-03-02T16:44:19.319+0000] {processor.py:743} INFO - Processing file /home/airflow/.local/lib/python3.7/site-packages/airflow/example_dags/example_nested_branch_dag.py for tasks to queue
[2023-03-02T16:44:19.320+0000] {logging_mixin.py:137} INFO - [2023-03-02T16:44:19.320+0000] {dagbag.py:538} INFO - Filling up the DagBag from /home/airflow/.local/lib/python3.7/site-packages/airflow/example_dags/example_nested_branch_dag.py
[2023-03-02T16:44:19.367+0000] {processor.py:753} INFO - DAG(s) dict_keys(['example_nested_branch_dag']) retrieved from /home/airflow/.local/lib/python3.7/site-packages/airflow/example_dags/example_nested_branch_dag.py
[2023-03-02T16:44:19.411+0000] {logging_mixin.py:137} INFO - [2023-03-02T16:44:19.411+0000] {dag.py:2690} INFO - Sync 1 DAGs
[2023-03-02T16:44:19.433+0000] {logging_mixin.py:137} INFO - [2023-03-02T16:44:19.433+0000] {dag.py:3441} INFO - Setting next_dagrun for example_nested_branch_dag to 2023-03-01T00:00:00+00:00, run_after=2023-03-02T00:00:00+00:00
[2023-03-02T16:44:19.450+0000] {processor.py:175} INFO - Processing /home/airflow/.local/lib/python3.7/site-packages/airflow/example_dags/example_nested_branch_dag.py took 0.143 seconds
[2023-03-02T16:49:51.759+0000] {processor.py:153} INFO - Started process (PID=1300) to work on /home/airflow/.local/lib/python3.7/site-packages/airflow/example_dags/example_nested_branch_dag.py
[2023-03-02T16:49:51.761+0000] {processor.py:743} INFO - Processing file /home/airflow/.local/lib/python3.7/site-packages/airflow/example_dags/example_nested_branch_dag.py for tasks to queue
[2023-03-02T16:49:51.764+0000] {logging_mixin.py:137} INFO - [2023-03-02T16:49:51.763+0000] {dagbag.py:538} INFO - Filling up the DagBag from /home/airflow/.local/lib/python3.7/site-packages/airflow/example_dags/example_nested_branch_dag.py
[2023-03-02T16:49:51.809+0000] {processor.py:753} INFO - DAG(s) dict_keys(['example_nested_branch_dag']) retrieved from /home/airflow/.local/lib/python3.7/site-packages/airflow/example_dags/example_nested_branch_dag.py
[2023-03-02T16:49:51.871+0000] {logging_mixin.py:137} INFO - [2023-03-02T16:49:51.871+0000] {dag.py:2690} INFO - Sync 1 DAGs
[2023-03-02T16:49:51.918+0000] {logging_mixin.py:137} INFO - [2023-03-02T16:49:51.918+0000] {dag.py:3441} INFO - Setting next_dagrun for example_nested_branch_dag to 2023-03-01T00:00:00+00:00, run_after=2023-03-02T00:00:00+00:00
[2023-03-02T16:49:51.943+0000] {processor.py:175} INFO - Processing /home/airflow/.local/lib/python3.7/site-packages/airflow/example_dags/example_nested_branch_dag.py took 0.188 seconds
[2023-03-02T16:50:27.349+0000] {processor.py:153} INFO - Started process (PID=1375) to work on /home/airflow/.local/lib/python3.7/site-packages/airflow/example_dags/example_nested_branch_dag.py
[2023-03-02T16:50:27.353+0000] {processor.py:743} INFO - Processing file /home/airflow/.local/lib/python3.7/site-packages/airflow/example_dags/example_nested_branch_dag.py for tasks to queue
[2023-03-02T16:50:27.354+0000] {logging_mixin.py:137} INFO - [2023-03-02T16:50:27.354+0000] {dagbag.py:538} INFO - Filling up the DagBag from /home/airflow/.local/lib/python3.7/site-packages/airflow/example_dags/example_nested_branch_dag.py
[2023-03-02T16:50:27.397+0000] {processor.py:753} INFO - DAG(s) dict_keys(['example_nested_branch_dag']) retrieved from /home/airflow/.local/lib/python3.7/site-packages/airflow/example_dags/example_nested_branch_dag.py
[2023-03-02T16:50:27.469+0000] {logging_mixin.py:137} INFO - [2023-03-02T16:50:27.469+0000] {dag.py:2690} INFO - Sync 1 DAGs
[2023-03-02T16:50:27.509+0000] {logging_mixin.py:137} INFO - [2023-03-02T16:50:27.508+0000] {dag.py:3441} INFO - Setting next_dagrun for example_nested_branch_dag to 2023-03-01T00:00:00+00:00, run_after=2023-03-02T00:00:00+00:00
[2023-03-02T16:50:27.530+0000] {processor.py:175} INFO - Processing /home/airflow/.local/lib/python3.7/site-packages/airflow/example_dags/example_nested_branch_dag.py took 0.186 seconds
[2023-03-02T16:50:59.210+0000] {processor.py:153} INFO - Started process (PID=1440) to work on /home/airflow/.local/lib/python3.7/site-packages/airflow/example_dags/example_nested_branch_dag.py
[2023-03-02T16:50:59.211+0000] {processor.py:743} INFO - Processing file /home/airflow/.local/lib/python3.7/site-packages/airflow/example_dags/example_nested_branch_dag.py for tasks to queue
[2023-03-02T16:50:59.212+0000] {logging_mixin.py:137} INFO - [2023-03-02T16:50:59.212+0000] {dagbag.py:538} INFO - Filling up the DagBag from /home/airflow/.local/lib/python3.7/site-packages/airflow/example_dags/example_nested_branch_dag.py
[2023-03-02T16:50:59.234+0000] {processor.py:753} INFO - DAG(s) dict_keys(['example_nested_branch_dag']) retrieved from /home/airflow/.local/lib/python3.7/site-packages/airflow/example_dags/example_nested_branch_dag.py
[2023-03-02T16:50:59.276+0000] {logging_mixin.py:137} INFO - [2023-03-02T16:50:59.275+0000] {dag.py:2690} INFO - Sync 1 DAGs
[2023-03-02T16:50:59.301+0000] {logging_mixin.py:137} INFO - [2023-03-02T16:50:59.300+0000] {dag.py:3441} INFO - Setting next_dagrun for example_nested_branch_dag to 2023-03-01T00:00:00+00:00, run_after=2023-03-02T00:00:00+00:00
[2023-03-02T16:50:59.331+0000] {processor.py:175} INFO - Processing /home/airflow/.local/lib/python3.7/site-packages/airflow/example_dags/example_nested_branch_dag.py took 0.127 seconds
[2023-03-02T16:51:31.454+0000] {processor.py:153} INFO - Started process (PID=1503) to work on /home/airflow/.local/lib/python3.7/site-packages/airflow/example_dags/example_nested_branch_dag.py
[2023-03-02T16:51:31.455+0000] {processor.py:743} INFO - Processing file /home/airflow/.local/lib/python3.7/site-packages/airflow/example_dags/example_nested_branch_dag.py for tasks to queue
[2023-03-02T16:51:31.456+0000] {logging_mixin.py:137} INFO - [2023-03-02T16:51:31.456+0000] {dagbag.py:538} INFO - Filling up the DagBag from /home/airflow/.local/lib/python3.7/site-packages/airflow/example_dags/example_nested_branch_dag.py
[2023-03-02T16:51:31.480+0000] {processor.py:753} INFO - DAG(s) dict_keys(['example_nested_branch_dag']) retrieved from /home/airflow/.local/lib/python3.7/site-packages/airflow/example_dags/example_nested_branch_dag.py
[2023-03-02T16:51:31.507+0000] {logging_mixin.py:137} INFO - [2023-03-02T16:51:31.507+0000] {dag.py:2690} INFO - Sync 1 DAGs
[2023-03-02T16:51:31.526+0000] {logging_mixin.py:137} INFO - [2023-03-02T16:51:31.526+0000] {dag.py:3441} INFO - Setting next_dagrun for example_nested_branch_dag to 2023-03-01T00:00:00+00:00, run_after=2023-03-02T00:00:00+00:00
[2023-03-02T16:51:31.542+0000] {processor.py:175} INFO - Processing /home/airflow/.local/lib/python3.7/site-packages/airflow/example_dags/example_nested_branch_dag.py took 0.091 seconds
[2023-03-02T16:52:01.776+0000] {processor.py:153} INFO - Started process (PID=1566) to work on /home/airflow/.local/lib/python3.7/site-packages/airflow/example_dags/example_nested_branch_dag.py
[2023-03-02T16:52:01.778+0000] {processor.py:743} INFO - Processing file /home/airflow/.local/lib/python3.7/site-packages/airflow/example_dags/example_nested_branch_dag.py for tasks to queue
[2023-03-02T16:52:01.778+0000] {logging_mixin.py:137} INFO - [2023-03-02T16:52:01.778+0000] {dagbag.py:538} INFO - Filling up the DagBag from /home/airflow/.local/lib/python3.7/site-packages/airflow/example_dags/example_nested_branch_dag.py
[2023-03-02T16:52:01.797+0000] {processor.py:753} INFO - DAG(s) dict_keys(['example_nested_branch_dag']) retrieved from /home/airflow/.local/lib/python3.7/site-packages/airflow/example_dags/example_nested_branch_dag.py
[2023-03-02T16:52:01.821+0000] {logging_mixin.py:137} INFO - [2023-03-02T16:52:01.821+0000] {dag.py:2690} INFO - Sync 1 DAGs
[2023-03-02T16:52:01.841+0000] {logging_mixin.py:137} INFO - [2023-03-02T16:52:01.840+0000] {dag.py:3441} INFO - Setting next_dagrun for example_nested_branch_dag to 2023-03-01T00:00:00+00:00, run_after=2023-03-02T00:00:00+00:00
[2023-03-02T16:52:01.857+0000] {processor.py:175} INFO - Processing /home/airflow/.local/lib/python3.7/site-packages/airflow/example_dags/example_nested_branch_dag.py took 0.084 seconds
[2023-03-02T16:52:35.713+0000] {processor.py:153} INFO - Started process (PID=1642) to work on /home/airflow/.local/lib/python3.7/site-packages/airflow/example_dags/example_nested_branch_dag.py
[2023-03-02T16:52:35.718+0000] {processor.py:743} INFO - Processing file /home/airflow/.local/lib/python3.7/site-packages/airflow/example_dags/example_nested_branch_dag.py for tasks to queue
[2023-03-02T16:52:35.721+0000] {logging_mixin.py:137} INFO - [2023-03-02T16:52:35.721+0000] {dagbag.py:538} INFO - Filling up the DagBag from /home/airflow/.local/lib/python3.7/site-packages/airflow/example_dags/example_nested_branch_dag.py
[2023-03-02T16:52:35.745+0000] {processor.py:753} INFO - DAG(s) dict_keys(['example_nested_branch_dag']) retrieved from /home/airflow/.local/lib/python3.7/site-packages/airflow/example_dags/example_nested_branch_dag.py
[2023-03-02T16:52:35.770+0000] {logging_mixin.py:137} INFO - [2023-03-02T16:52:35.770+0000] {dag.py:2690} INFO - Sync 1 DAGs
[2023-03-02T16:52:35.795+0000] {logging_mixin.py:137} INFO - [2023-03-02T16:52:35.795+0000] {dag.py:3441} INFO - Setting next_dagrun for example_nested_branch_dag to 2023-03-01T00:00:00+00:00, run_after=2023-03-02T00:00:00+00:00
[2023-03-02T16:52:35.811+0000] {processor.py:175} INFO - Processing /home/airflow/.local/lib/python3.7/site-packages/airflow/example_dags/example_nested_branch_dag.py took 0.104 seconds
[2023-03-02T16:53:06.616+0000] {processor.py:153} INFO - Started process (PID=1706) to work on /home/airflow/.local/lib/python3.7/site-packages/airflow/example_dags/example_nested_branch_dag.py
[2023-03-02T16:53:06.617+0000] {processor.py:743} INFO - Processing file /home/airflow/.local/lib/python3.7/site-packages/airflow/example_dags/example_nested_branch_dag.py for tasks to queue
[2023-03-02T16:53:06.618+0000] {logging_mixin.py:137} INFO - [2023-03-02T16:53:06.618+0000] {dagbag.py:538} INFO - Filling up the DagBag from /home/airflow/.local/lib/python3.7/site-packages/airflow/example_dags/example_nested_branch_dag.py
[2023-03-02T16:53:06.636+0000] {processor.py:753} INFO - DAG(s) dict_keys(['example_nested_branch_dag']) retrieved from /home/airflow/.local/lib/python3.7/site-packages/airflow/example_dags/example_nested_branch_dag.py
[2023-03-02T16:53:06.657+0000] {logging_mixin.py:137} INFO - [2023-03-02T16:53:06.657+0000] {dag.py:2690} INFO - Sync 1 DAGs
[2023-03-02T16:53:06.675+0000] {logging_mixin.py:137} INFO - [2023-03-02T16:53:06.675+0000] {dag.py:3441} INFO - Setting next_dagrun for example_nested_branch_dag to 2023-03-01T00:00:00+00:00, run_after=2023-03-02T00:00:00+00:00
[2023-03-02T16:53:06.687+0000] {processor.py:175} INFO - Processing /home/airflow/.local/lib/python3.7/site-packages/airflow/example_dags/example_nested_branch_dag.py took 0.074 seconds
[2023-03-02T16:53:37.624+0000] {processor.py:153} INFO - Started process (PID=1781) to work on /home/airflow/.local/lib/python3.7/site-packages/airflow/example_dags/example_nested_branch_dag.py
[2023-03-02T16:53:37.627+0000] {processor.py:743} INFO - Processing file /home/airflow/.local/lib/python3.7/site-packages/airflow/example_dags/example_nested_branch_dag.py for tasks to queue
[2023-03-02T16:53:37.630+0000] {logging_mixin.py:137} INFO - [2023-03-02T16:53:37.630+0000] {dagbag.py:538} INFO - Filling up the DagBag from /home/airflow/.local/lib/python3.7/site-packages/airflow/example_dags/example_nested_branch_dag.py
[2023-03-02T16:53:37.657+0000] {processor.py:753} INFO - DAG(s) dict_keys(['example_nested_branch_dag']) retrieved from /home/airflow/.local/lib/python3.7/site-packages/airflow/example_dags/example_nested_branch_dag.py
[2023-03-02T16:53:37.703+0000] {logging_mixin.py:137} INFO - [2023-03-02T16:53:37.703+0000] {dag.py:2690} INFO - Sync 1 DAGs
[2023-03-02T16:53:37.727+0000] {logging_mixin.py:137} INFO - [2023-03-02T16:53:37.726+0000] {dag.py:3441} INFO - Setting next_dagrun for example_nested_branch_dag to 2023-03-01T00:00:00+00:00, run_after=2023-03-02T00:00:00+00:00
[2023-03-02T16:53:37.742+0000] {processor.py:175} INFO - Processing /home/airflow/.local/lib/python3.7/site-packages/airflow/example_dags/example_nested_branch_dag.py took 0.128 seconds
[2023-03-02T16:54:08.188+0000] {processor.py:153} INFO - Started process (PID=1845) to work on /home/airflow/.local/lib/python3.7/site-packages/airflow/example_dags/example_nested_branch_dag.py
[2023-03-02T16:54:08.189+0000] {processor.py:743} INFO - Processing file /home/airflow/.local/lib/python3.7/site-packages/airflow/example_dags/example_nested_branch_dag.py for tasks to queue
[2023-03-02T16:54:08.189+0000] {logging_mixin.py:137} INFO - [2023-03-02T16:54:08.189+0000] {dagbag.py:538} INFO - Filling up the DagBag from /home/airflow/.local/lib/python3.7/site-packages/airflow/example_dags/example_nested_branch_dag.py
[2023-03-02T16:54:08.207+0000] {processor.py:753} INFO - DAG(s) dict_keys(['example_nested_branch_dag']) retrieved from /home/airflow/.local/lib/python3.7/site-packages/airflow/example_dags/example_nested_branch_dag.py
[2023-03-02T16:54:08.293+0000] {logging_mixin.py:137} INFO - [2023-03-02T16:54:08.293+0000] {dag.py:2690} INFO - Sync 1 DAGs
[2023-03-02T16:54:08.353+0000] {logging_mixin.py:137} INFO - [2023-03-02T16:54:08.352+0000] {dag.py:3441} INFO - Setting next_dagrun for example_nested_branch_dag to 2023-03-01T00:00:00+00:00, run_after=2023-03-02T00:00:00+00:00
[2023-03-02T16:54:08.392+0000] {processor.py:175} INFO - Processing /home/airflow/.local/lib/python3.7/site-packages/airflow/example_dags/example_nested_branch_dag.py took 0.207 seconds
[2023-03-02T17:25:21.002+0000] {processor.py:153} INFO - Started process (PID=1966) to work on /home/airflow/.local/lib/python3.7/site-packages/airflow/example_dags/example_nested_branch_dag.py
[2023-03-02T17:25:21.007+0000] {processor.py:743} INFO - Processing file /home/airflow/.local/lib/python3.7/site-packages/airflow/example_dags/example_nested_branch_dag.py for tasks to queue
[2023-03-02T17:25:21.011+0000] {logging_mixin.py:137} INFO - [2023-03-02T17:25:21.010+0000] {dagbag.py:538} INFO - Filling up the DagBag from /home/airflow/.local/lib/python3.7/site-packages/airflow/example_dags/example_nested_branch_dag.py
[2023-03-02T17:25:21.084+0000] {processor.py:753} INFO - DAG(s) dict_keys(['example_nested_branch_dag']) retrieved from /home/airflow/.local/lib/python3.7/site-packages/airflow/example_dags/example_nested_branch_dag.py
[2023-03-02T17:25:21.173+0000] {logging_mixin.py:137} INFO - [2023-03-02T17:25:21.172+0000] {dag.py:2690} INFO - Sync 1 DAGs
[2023-03-02T17:25:21.266+0000] {logging_mixin.py:137} INFO - [2023-03-02T17:25:21.265+0000] {dag.py:3441} INFO - Setting next_dagrun for example_nested_branch_dag to 2023-03-01T00:00:00+00:00, run_after=2023-03-02T00:00:00+00:00
[2023-03-02T17:25:21.339+0000] {processor.py:175} INFO - Processing /home/airflow/.local/lib/python3.7/site-packages/airflow/example_dags/example_nested_branch_dag.py took 0.350 seconds
[2023-03-02T17:25:51.778+0000] {processor.py:153} INFO - Started process (PID=2030) to work on /home/airflow/.local/lib/python3.7/site-packages/airflow/example_dags/example_nested_branch_dag.py
[2023-03-02T17:25:51.779+0000] {processor.py:743} INFO - Processing file /home/airflow/.local/lib/python3.7/site-packages/airflow/example_dags/example_nested_branch_dag.py for tasks to queue
[2023-03-02T17:25:51.780+0000] {logging_mixin.py:137} INFO - [2023-03-02T17:25:51.780+0000] {dagbag.py:538} INFO - Filling up the DagBag from /home/airflow/.local/lib/python3.7/site-packages/airflow/example_dags/example_nested_branch_dag.py
[2023-03-02T17:25:51.798+0000] {processor.py:753} INFO - DAG(s) dict_keys(['example_nested_branch_dag']) retrieved from /home/airflow/.local/lib/python3.7/site-packages/airflow/example_dags/example_nested_branch_dag.py
[2023-03-02T17:25:51.817+0000] {logging_mixin.py:137} INFO - [2023-03-02T17:25:51.817+0000] {dag.py:2690} INFO - Sync 1 DAGs
[2023-03-02T17:25:51.832+0000] {logging_mixin.py:137} INFO - [2023-03-02T17:25:51.832+0000] {dag.py:3441} INFO - Setting next_dagrun for example_nested_branch_dag to 2023-03-01T00:00:00+00:00, run_after=2023-03-02T00:00:00+00:00
[2023-03-02T17:25:51.844+0000] {processor.py:175} INFO - Processing /home/airflow/.local/lib/python3.7/site-packages/airflow/example_dags/example_nested_branch_dag.py took 0.068 seconds
[2023-03-02T17:26:23.162+0000] {processor.py:153} INFO - Started process (PID=2109) to work on /home/airflow/.local/lib/python3.7/site-packages/airflow/example_dags/example_nested_branch_dag.py
[2023-03-02T17:26:23.168+0000] {processor.py:743} INFO - Processing file /home/airflow/.local/lib/python3.7/site-packages/airflow/example_dags/example_nested_branch_dag.py for tasks to queue
[2023-03-02T17:26:23.172+0000] {logging_mixin.py:137} INFO - [2023-03-02T17:26:23.171+0000] {dagbag.py:538} INFO - Filling up the DagBag from /home/airflow/.local/lib/python3.7/site-packages/airflow/example_dags/example_nested_branch_dag.py
[2023-03-02T17:26:23.215+0000] {processor.py:753} INFO - DAG(s) dict_keys(['example_nested_branch_dag']) retrieved from /home/airflow/.local/lib/python3.7/site-packages/airflow/example_dags/example_nested_branch_dag.py
[2023-03-02T17:26:23.315+0000] {logging_mixin.py:137} INFO - [2023-03-02T17:26:23.315+0000] {dag.py:2690} INFO - Sync 1 DAGs
[2023-03-02T17:26:23.397+0000] {logging_mixin.py:137} INFO - [2023-03-02T17:26:23.397+0000] {dag.py:3441} INFO - Setting next_dagrun for example_nested_branch_dag to 2023-03-01T00:00:00+00:00, run_after=2023-03-02T00:00:00+00:00
[2023-03-02T17:26:23.447+0000] {processor.py:175} INFO - Processing /home/airflow/.local/lib/python3.7/site-packages/airflow/example_dags/example_nested_branch_dag.py took 0.298 seconds
[2023-03-02T17:26:56.961+0000] {processor.py:153} INFO - Started process (PID=2179) to work on /home/airflow/.local/lib/python3.7/site-packages/airflow/example_dags/example_nested_branch_dag.py
[2023-03-02T17:26:56.964+0000] {processor.py:743} INFO - Processing file /home/airflow/.local/lib/python3.7/site-packages/airflow/example_dags/example_nested_branch_dag.py for tasks to queue
[2023-03-02T17:26:56.967+0000] {logging_mixin.py:137} INFO - [2023-03-02T17:26:56.967+0000] {dagbag.py:538} INFO - Filling up the DagBag from /home/airflow/.local/lib/python3.7/site-packages/airflow/example_dags/example_nested_branch_dag.py
[2023-03-02T17:26:57.014+0000] {processor.py:753} INFO - DAG(s) dict_keys(['example_nested_branch_dag']) retrieved from /home/airflow/.local/lib/python3.7/site-packages/airflow/example_dags/example_nested_branch_dag.py
[2023-03-02T17:26:57.080+0000] {logging_mixin.py:137} INFO - [2023-03-02T17:26:57.079+0000] {dag.py:2690} INFO - Sync 1 DAGs
[2023-03-02T17:26:57.181+0000] {logging_mixin.py:137} INFO - [2023-03-02T17:26:57.181+0000] {dag.py:3441} INFO - Setting next_dagrun for example_nested_branch_dag to 2023-03-01T00:00:00+00:00, run_after=2023-03-02T00:00:00+00:00
[2023-03-02T17:26:57.265+0000] {processor.py:175} INFO - Processing /home/airflow/.local/lib/python3.7/site-packages/airflow/example_dags/example_nested_branch_dag.py took 0.310 seconds
[2023-03-02T18:31:46.147+0000] {processor.py:153} INFO - Started process (PID=2261) to work on /home/airflow/.local/lib/python3.7/site-packages/airflow/example_dags/example_nested_branch_dag.py
[2023-03-02T18:31:46.148+0000] {processor.py:743} INFO - Processing file /home/airflow/.local/lib/python3.7/site-packages/airflow/example_dags/example_nested_branch_dag.py for tasks to queue
[2023-03-02T18:31:46.149+0000] {logging_mixin.py:137} INFO - [2023-03-02T18:31:46.149+0000] {dagbag.py:538} INFO - Filling up the DagBag from /home/airflow/.local/lib/python3.7/site-packages/airflow/example_dags/example_nested_branch_dag.py
[2023-03-02T18:31:46.166+0000] {processor.py:753} INFO - DAG(s) dict_keys(['example_nested_branch_dag']) retrieved from /home/airflow/.local/lib/python3.7/site-packages/airflow/example_dags/example_nested_branch_dag.py
[2023-03-02T18:31:46.188+0000] {logging_mixin.py:137} INFO - [2023-03-02T18:31:46.188+0000] {dag.py:2690} INFO - Sync 1 DAGs
[2023-03-02T18:31:46.206+0000] {logging_mixin.py:137} INFO - [2023-03-02T18:31:46.206+0000] {dag.py:3441} INFO - Setting next_dagrun for example_nested_branch_dag to 2023-03-01T00:00:00+00:00, run_after=2023-03-02T00:00:00+00:00
[2023-03-02T18:31:46.221+0000] {processor.py:175} INFO - Processing /home/airflow/.local/lib/python3.7/site-packages/airflow/example_dags/example_nested_branch_dag.py took 0.077 seconds
[2023-03-02T18:49:46.220+0000] {processor.py:153} INFO - Started process (PID=2324) to work on /home/airflow/.local/lib/python3.7/site-packages/airflow/example_dags/example_nested_branch_dag.py
[2023-03-02T18:49:46.254+0000] {processor.py:743} INFO - Processing file /home/airflow/.local/lib/python3.7/site-packages/airflow/example_dags/example_nested_branch_dag.py for tasks to queue
[2023-03-02T18:49:46.263+0000] {logging_mixin.py:137} INFO - [2023-03-02T18:49:46.262+0000] {dagbag.py:538} INFO - Filling up the DagBag from /home/airflow/.local/lib/python3.7/site-packages/airflow/example_dags/example_nested_branch_dag.py
[2023-03-02T18:49:46.306+0000] {processor.py:753} INFO - DAG(s) dict_keys(['example_nested_branch_dag']) retrieved from /home/airflow/.local/lib/python3.7/site-packages/airflow/example_dags/example_nested_branch_dag.py
[2023-03-02T18:49:46.356+0000] {logging_mixin.py:137} INFO - [2023-03-02T18:49:46.356+0000] {dag.py:2690} INFO - Sync 1 DAGs
[2023-03-02T18:49:46.390+0000] {logging_mixin.py:137} INFO - [2023-03-02T18:49:46.390+0000] {dag.py:3441} INFO - Setting next_dagrun for example_nested_branch_dag to 2023-03-01T00:00:00+00:00, run_after=2023-03-02T00:00:00+00:00
[2023-03-02T18:49:46.419+0000] {processor.py:175} INFO - Processing /home/airflow/.local/lib/python3.7/site-packages/airflow/example_dags/example_nested_branch_dag.py took 0.212 seconds
[2023-03-02T20:56:21.869+0000] {processor.py:153} INFO - Started process (PID=2417) to work on /home/airflow/.local/lib/python3.7/site-packages/airflow/example_dags/example_nested_branch_dag.py
[2023-03-02T20:56:21.913+0000] {processor.py:743} INFO - Processing file /home/airflow/.local/lib/python3.7/site-packages/airflow/example_dags/example_nested_branch_dag.py for tasks to queue
[2023-03-02T20:56:21.976+0000] {logging_mixin.py:137} INFO - [2023-03-02T20:56:21.944+0000] {dagbag.py:538} INFO - Filling up the DagBag from /home/airflow/.local/lib/python3.7/site-packages/airflow/example_dags/example_nested_branch_dag.py
[2023-03-02T20:56:22.866+0000] {processor.py:753} INFO - DAG(s) dict_keys(['example_nested_branch_dag']) retrieved from /home/airflow/.local/lib/python3.7/site-packages/airflow/example_dags/example_nested_branch_dag.py
[2023-03-02T20:56:23.206+0000] {logging_mixin.py:137} INFO - [2023-03-02T20:56:23.206+0000] {dag.py:2690} INFO - Sync 1 DAGs
[2023-03-02T20:56:23.741+0000] {logging_mixin.py:137} INFO - [2023-03-02T20:56:23.738+0000] {dag.py:3441} INFO - Setting next_dagrun for example_nested_branch_dag to 2023-03-01T00:00:00+00:00, run_after=2023-03-02T00:00:00+00:00
[2023-03-02T20:56:25.609+0000] {processor.py:175} INFO - Processing /home/airflow/.local/lib/python3.7/site-packages/airflow/example_dags/example_nested_branch_dag.py took 3.790 seconds
