[2023-03-02T13:04:41.524+0000] {processor.py:153} INFO - Started process (PID=55) to work on /home/airflow/.local/lib/python3.7/site-packages/airflow/example_dags/example_dag_decorator.py
[2023-03-02T13:04:41.529+0000] {processor.py:743} INFO - Processing file /home/airflow/.local/lib/python3.7/site-packages/airflow/example_dags/example_dag_decorator.py for tasks to queue
[2023-03-02T13:04:41.538+0000] {logging_mixin.py:137} INFO - [2023-03-02T13:04:41.537+0000] {dagbag.py:538} INFO - Filling up the DagBag from /home/airflow/.local/lib/python3.7/site-packages/airflow/example_dags/example_dag_decorator.py
[2023-03-02T13:04:41.638+0000] {logging_mixin.py:137} INFO - [2023-03-02T13:04:41.637+0000] {taskmixin.py:205} WARNING - Dependency <Task(_PythonDecoratedOperator): prepare_email>, send_email already registered for DAG: example_dag_decorator
[2023-03-02T13:04:41.642+0000] {logging_mixin.py:137} INFO - [2023-03-02T13:04:41.640+0000] {taskmixin.py:205} WARNING - Dependency <Task(EmailOperator): send_email>, prepare_email already registered for DAG: example_dag_decorator
[2023-03-02T13:04:41.705+0000] {processor.py:753} INFO - DAG(s) dict_keys(['example_dag_decorator']) retrieved from /home/airflow/.local/lib/python3.7/site-packages/airflow/example_dags/example_dag_decorator.py
[2023-03-02T13:04:41.996+0000] {logging_mixin.py:137} INFO - [2023-03-02T13:04:41.994+0000] {manager.py:504} INFO - Created Permission View: can delete on DAG:example_dag_decorator
[2023-03-02T13:04:42.017+0000] {logging_mixin.py:137} INFO - [2023-03-02T13:04:42.016+0000] {manager.py:504} INFO - Created Permission View: can read on DAG:example_dag_decorator
[2023-03-02T13:04:42.033+0000] {logging_mixin.py:137} INFO - [2023-03-02T13:04:42.032+0000] {manager.py:504} INFO - Created Permission View: can edit on DAG:example_dag_decorator
[2023-03-02T13:04:42.036+0000] {logging_mixin.py:137} INFO - [2023-03-02T13:04:42.035+0000] {dag.py:2690} INFO - Sync 1 DAGs
[2023-03-02T13:04:42.105+0000] {logging_mixin.py:137} INFO - [2023-03-02T13:04:42.104+0000] {dag.py:2711} INFO - Creating ORM DAG for example_dag_decorator
[2023-03-02T13:04:42.181+0000] {logging_mixin.py:137} INFO - [2023-03-02T13:04:42.181+0000] {dag.py:3441} INFO - Setting next_dagrun for example_dag_decorator to None, run_after=None
[2023-03-02T13:04:42.237+0000] {processor.py:175} INFO - Processing /home/airflow/.local/lib/python3.7/site-packages/airflow/example_dags/example_dag_decorator.py took 0.729 seconds
[2023-03-02T13:05:12.333+0000] {processor.py:153} INFO - Started process (PID=119) to work on /home/airflow/.local/lib/python3.7/site-packages/airflow/example_dags/example_dag_decorator.py
[2023-03-02T13:05:12.334+0000] {processor.py:743} INFO - Processing file /home/airflow/.local/lib/python3.7/site-packages/airflow/example_dags/example_dag_decorator.py for tasks to queue
[2023-03-02T13:05:12.335+0000] {logging_mixin.py:137} INFO - [2023-03-02T13:05:12.335+0000] {dagbag.py:538} INFO - Filling up the DagBag from /home/airflow/.local/lib/python3.7/site-packages/airflow/example_dags/example_dag_decorator.py
[2023-03-02T13:05:12.347+0000] {logging_mixin.py:137} INFO - [2023-03-02T13:05:12.346+0000] {taskmixin.py:205} WARNING - Dependency <Task(_PythonDecoratedOperator): prepare_email>, send_email already registered for DAG: example_dag_decorator
[2023-03-02T13:05:12.347+0000] {logging_mixin.py:137} INFO - [2023-03-02T13:05:12.347+0000] {taskmixin.py:205} WARNING - Dependency <Task(EmailOperator): send_email>, prepare_email already registered for DAG: example_dag_decorator
[2023-03-02T13:05:12.357+0000] {processor.py:753} INFO - DAG(s) dict_keys(['example_dag_decorator']) retrieved from /home/airflow/.local/lib/python3.7/site-packages/airflow/example_dags/example_dag_decorator.py
[2023-03-02T13:05:12.397+0000] {logging_mixin.py:137} INFO - [2023-03-02T13:05:12.397+0000] {dag.py:2690} INFO - Sync 1 DAGs
[2023-03-02T13:05:12.411+0000] {logging_mixin.py:137} INFO - [2023-03-02T13:05:12.411+0000] {dag.py:3441} INFO - Setting next_dagrun for example_dag_decorator to None, run_after=None
[2023-03-02T13:05:12.425+0000] {processor.py:175} INFO - Processing /home/airflow/.local/lib/python3.7/site-packages/airflow/example_dags/example_dag_decorator.py took 0.094 seconds
[2023-03-02T13:05:42.662+0000] {processor.py:153} INFO - Started process (PID=183) to work on /home/airflow/.local/lib/python3.7/site-packages/airflow/example_dags/example_dag_decorator.py
[2023-03-02T13:05:42.664+0000] {processor.py:743} INFO - Processing file /home/airflow/.local/lib/python3.7/site-packages/airflow/example_dags/example_dag_decorator.py for tasks to queue
[2023-03-02T13:05:42.665+0000] {logging_mixin.py:137} INFO - [2023-03-02T13:05:42.665+0000] {dagbag.py:538} INFO - Filling up the DagBag from /home/airflow/.local/lib/python3.7/site-packages/airflow/example_dags/example_dag_decorator.py
[2023-03-02T13:05:42.676+0000] {logging_mixin.py:137} INFO - [2023-03-02T13:05:42.676+0000] {taskmixin.py:205} WARNING - Dependency <Task(_PythonDecoratedOperator): prepare_email>, send_email already registered for DAG: example_dag_decorator
[2023-03-02T13:05:42.677+0000] {logging_mixin.py:137} INFO - [2023-03-02T13:05:42.677+0000] {taskmixin.py:205} WARNING - Dependency <Task(EmailOperator): send_email>, prepare_email already registered for DAG: example_dag_decorator
[2023-03-02T13:05:42.687+0000] {processor.py:753} INFO - DAG(s) dict_keys(['example_dag_decorator']) retrieved from /home/airflow/.local/lib/python3.7/site-packages/airflow/example_dags/example_dag_decorator.py
[2023-03-02T13:05:42.730+0000] {logging_mixin.py:137} INFO - [2023-03-02T13:05:42.730+0000] {dag.py:2690} INFO - Sync 1 DAGs
[2023-03-02T13:05:42.744+0000] {logging_mixin.py:137} INFO - [2023-03-02T13:05:42.744+0000] {dag.py:3441} INFO - Setting next_dagrun for example_dag_decorator to None, run_after=None
[2023-03-02T13:05:42.756+0000] {processor.py:175} INFO - Processing /home/airflow/.local/lib/python3.7/site-packages/airflow/example_dags/example_dag_decorator.py took 0.097 seconds
[2023-03-02T13:06:12.980+0000] {processor.py:153} INFO - Started process (PID=258) to work on /home/airflow/.local/lib/python3.7/site-packages/airflow/example_dags/example_dag_decorator.py
[2023-03-02T13:06:12.982+0000] {processor.py:743} INFO - Processing file /home/airflow/.local/lib/python3.7/site-packages/airflow/example_dags/example_dag_decorator.py for tasks to queue
[2023-03-02T13:06:12.983+0000] {logging_mixin.py:137} INFO - [2023-03-02T13:06:12.982+0000] {dagbag.py:538} INFO - Filling up the DagBag from /home/airflow/.local/lib/python3.7/site-packages/airflow/example_dags/example_dag_decorator.py
[2023-03-02T13:06:12.998+0000] {logging_mixin.py:137} INFO - [2023-03-02T13:06:12.998+0000] {taskmixin.py:205} WARNING - Dependency <Task(_PythonDecoratedOperator): prepare_email>, send_email already registered for DAG: example_dag_decorator
[2023-03-02T13:06:12.999+0000] {logging_mixin.py:137} INFO - [2023-03-02T13:06:12.999+0000] {taskmixin.py:205} WARNING - Dependency <Task(EmailOperator): send_email>, prepare_email already registered for DAG: example_dag_decorator
[2023-03-02T13:06:13.014+0000] {processor.py:753} INFO - DAG(s) dict_keys(['example_dag_decorator']) retrieved from /home/airflow/.local/lib/python3.7/site-packages/airflow/example_dags/example_dag_decorator.py
[2023-03-02T13:06:13.114+0000] {logging_mixin.py:137} INFO - [2023-03-02T13:06:13.113+0000] {dag.py:2690} INFO - Sync 1 DAGs
[2023-03-02T13:06:13.145+0000] {logging_mixin.py:137} INFO - [2023-03-02T13:06:13.145+0000] {dag.py:3441} INFO - Setting next_dagrun for example_dag_decorator to None, run_after=None
[2023-03-02T13:06:13.183+0000] {processor.py:175} INFO - Processing /home/airflow/.local/lib/python3.7/site-packages/airflow/example_dags/example_dag_decorator.py took 0.207 seconds
[2023-03-02T14:26:26.435+0000] {processor.py:153} INFO - Started process (PID=338) to work on /home/airflow/.local/lib/python3.7/site-packages/airflow/example_dags/example_dag_decorator.py
[2023-03-02T14:26:26.442+0000] {processor.py:743} INFO - Processing file /home/airflow/.local/lib/python3.7/site-packages/airflow/example_dags/example_dag_decorator.py for tasks to queue
[2023-03-02T14:26:26.460+0000] {logging_mixin.py:137} INFO - [2023-03-02T14:26:26.460+0000] {dagbag.py:538} INFO - Filling up the DagBag from /home/airflow/.local/lib/python3.7/site-packages/airflow/example_dags/example_dag_decorator.py
[2023-03-02T14:26:26.665+0000] {logging_mixin.py:137} INFO - [2023-03-02T14:26:26.664+0000] {taskmixin.py:205} WARNING - Dependency <Task(_PythonDecoratedOperator): prepare_email>, send_email already registered for DAG: example_dag_decorator
[2023-03-02T14:26:26.669+0000] {logging_mixin.py:137} INFO - [2023-03-02T14:26:26.669+0000] {taskmixin.py:205} WARNING - Dependency <Task(EmailOperator): send_email>, prepare_email already registered for DAG: example_dag_decorator
[2023-03-02T14:26:26.819+0000] {processor.py:753} INFO - DAG(s) dict_keys(['example_dag_decorator']) retrieved from /home/airflow/.local/lib/python3.7/site-packages/airflow/example_dags/example_dag_decorator.py
[2023-03-02T14:26:27.238+0000] {logging_mixin.py:137} INFO - [2023-03-02T14:26:27.235+0000] {dag.py:2690} INFO - Sync 1 DAGs
[2023-03-02T14:26:27.373+0000] {logging_mixin.py:137} INFO - [2023-03-02T14:26:27.372+0000] {dag.py:3441} INFO - Setting next_dagrun for example_dag_decorator to None, run_after=None
[2023-03-02T14:26:27.443+0000] {processor.py:175} INFO - Processing /home/airflow/.local/lib/python3.7/site-packages/airflow/example_dags/example_dag_decorator.py took 1.032 seconds
[2023-03-02T14:27:00.276+0000] {processor.py:153} INFO - Started process (PID=403) to work on /home/airflow/.local/lib/python3.7/site-packages/airflow/example_dags/example_dag_decorator.py
[2023-03-02T14:27:00.294+0000] {processor.py:743} INFO - Processing file /home/airflow/.local/lib/python3.7/site-packages/airflow/example_dags/example_dag_decorator.py for tasks to queue
[2023-03-02T14:27:00.298+0000] {logging_mixin.py:137} INFO - [2023-03-02T14:27:00.297+0000] {dagbag.py:538} INFO - Filling up the DagBag from /home/airflow/.local/lib/python3.7/site-packages/airflow/example_dags/example_dag_decorator.py
[2023-03-02T14:27:00.398+0000] {logging_mixin.py:137} INFO - [2023-03-02T14:27:00.398+0000] {taskmixin.py:205} WARNING - Dependency <Task(_PythonDecoratedOperator): prepare_email>, send_email already registered for DAG: example_dag_decorator
[2023-03-02T14:27:00.400+0000] {logging_mixin.py:137} INFO - [2023-03-02T14:27:00.400+0000] {taskmixin.py:205} WARNING - Dependency <Task(EmailOperator): send_email>, prepare_email already registered for DAG: example_dag_decorator
[2023-03-02T14:27:00.456+0000] {processor.py:753} INFO - DAG(s) dict_keys(['example_dag_decorator']) retrieved from /home/airflow/.local/lib/python3.7/site-packages/airflow/example_dags/example_dag_decorator.py
[2023-03-02T14:27:00.588+0000] {logging_mixin.py:137} INFO - [2023-03-02T14:27:00.588+0000] {dag.py:2690} INFO - Sync 1 DAGs
[2023-03-02T14:27:00.646+0000] {logging_mixin.py:137} INFO - [2023-03-02T14:27:00.645+0000] {dag.py:3441} INFO - Setting next_dagrun for example_dag_decorator to None, run_after=None
[2023-03-02T14:27:00.691+0000] {processor.py:175} INFO - Processing /home/airflow/.local/lib/python3.7/site-packages/airflow/example_dags/example_dag_decorator.py took 0.436 seconds
[2023-03-02T14:28:14.807+0000] {processor.py:153} INFO - Started process (PID=437) to work on /home/airflow/.local/lib/python3.7/site-packages/airflow/example_dags/example_dag_decorator.py
[2023-03-02T14:28:14.809+0000] {processor.py:743} INFO - Processing file /home/airflow/.local/lib/python3.7/site-packages/airflow/example_dags/example_dag_decorator.py for tasks to queue
[2023-03-02T14:28:14.810+0000] {logging_mixin.py:137} INFO - [2023-03-02T14:28:14.810+0000] {dagbag.py:538} INFO - Filling up the DagBag from /home/airflow/.local/lib/python3.7/site-packages/airflow/example_dags/example_dag_decorator.py
[2023-03-02T14:28:14.836+0000] {logging_mixin.py:137} INFO - [2023-03-02T14:28:14.835+0000] {taskmixin.py:205} WARNING - Dependency <Task(_PythonDecoratedOperator): prepare_email>, send_email already registered for DAG: example_dag_decorator
[2023-03-02T14:28:14.841+0000] {logging_mixin.py:137} INFO - [2023-03-02T14:28:14.840+0000] {taskmixin.py:205} WARNING - Dependency <Task(EmailOperator): send_email>, prepare_email already registered for DAG: example_dag_decorator
[2023-03-02T14:28:14.877+0000] {processor.py:753} INFO - DAG(s) dict_keys(['example_dag_decorator']) retrieved from /home/airflow/.local/lib/python3.7/site-packages/airflow/example_dags/example_dag_decorator.py
[2023-03-02T14:28:14.987+0000] {logging_mixin.py:137} INFO - [2023-03-02T14:28:14.986+0000] {dag.py:2690} INFO - Sync 1 DAGs
[2023-03-02T14:28:15.014+0000] {logging_mixin.py:137} INFO - [2023-03-02T14:28:15.014+0000] {dag.py:3441} INFO - Setting next_dagrun for example_dag_decorator to None, run_after=None
[2023-03-02T14:28:15.049+0000] {processor.py:175} INFO - Processing /home/airflow/.local/lib/python3.7/site-packages/airflow/example_dags/example_dag_decorator.py took 0.246 seconds
[2023-03-02T14:28:51.995+0000] {processor.py:153} INFO - Started process (PID=501) to work on /home/airflow/.local/lib/python3.7/site-packages/airflow/example_dags/example_dag_decorator.py
[2023-03-02T14:28:51.997+0000] {processor.py:743} INFO - Processing file /home/airflow/.local/lib/python3.7/site-packages/airflow/example_dags/example_dag_decorator.py for tasks to queue
[2023-03-02T14:28:52.000+0000] {logging_mixin.py:137} INFO - [2023-03-02T14:28:51.999+0000] {dagbag.py:538} INFO - Filling up the DagBag from /home/airflow/.local/lib/python3.7/site-packages/airflow/example_dags/example_dag_decorator.py
[2023-03-02T14:28:52.021+0000] {logging_mixin.py:137} INFO - [2023-03-02T14:28:52.021+0000] {taskmixin.py:205} WARNING - Dependency <Task(_PythonDecoratedOperator): prepare_email>, send_email already registered for DAG: example_dag_decorator
[2023-03-02T14:28:52.022+0000] {logging_mixin.py:137} INFO - [2023-03-02T14:28:52.022+0000] {taskmixin.py:205} WARNING - Dependency <Task(EmailOperator): send_email>, prepare_email already registered for DAG: example_dag_decorator
[2023-03-02T14:28:52.044+0000] {processor.py:753} INFO - DAG(s) dict_keys(['example_dag_decorator']) retrieved from /home/airflow/.local/lib/python3.7/site-packages/airflow/example_dags/example_dag_decorator.py
[2023-03-02T14:28:52.164+0000] {logging_mixin.py:137} INFO - [2023-03-02T14:28:52.164+0000] {dag.py:2690} INFO - Sync 1 DAGs
[2023-03-02T14:28:52.181+0000] {logging_mixin.py:137} INFO - [2023-03-02T14:28:52.181+0000] {dag.py:3441} INFO - Setting next_dagrun for example_dag_decorator to None, run_after=None
[2023-03-02T14:28:52.197+0000] {processor.py:175} INFO - Processing /home/airflow/.local/lib/python3.7/site-packages/airflow/example_dags/example_dag_decorator.py took 0.206 seconds
[2023-03-02T15:58:25.511+0000] {processor.py:153} INFO - Started process (PID=564) to work on /home/airflow/.local/lib/python3.7/site-packages/airflow/example_dags/example_dag_decorator.py
[2023-03-02T15:58:25.514+0000] {processor.py:743} INFO - Processing file /home/airflow/.local/lib/python3.7/site-packages/airflow/example_dags/example_dag_decorator.py for tasks to queue
[2023-03-02T15:58:25.516+0000] {logging_mixin.py:137} INFO - [2023-03-02T15:58:25.516+0000] {dagbag.py:538} INFO - Filling up the DagBag from /home/airflow/.local/lib/python3.7/site-packages/airflow/example_dags/example_dag_decorator.py
[2023-03-02T15:58:25.572+0000] {logging_mixin.py:137} INFO - [2023-03-02T15:58:25.572+0000] {taskmixin.py:205} WARNING - Dependency <Task(_PythonDecoratedOperator): prepare_email>, send_email already registered for DAG: example_dag_decorator
[2023-03-02T15:58:25.585+0000] {logging_mixin.py:137} INFO - [2023-03-02T15:58:25.585+0000] {taskmixin.py:205} WARNING - Dependency <Task(EmailOperator): send_email>, prepare_email already registered for DAG: example_dag_decorator
[2023-03-02T15:58:25.644+0000] {processor.py:753} INFO - DAG(s) dict_keys(['example_dag_decorator']) retrieved from /home/airflow/.local/lib/python3.7/site-packages/airflow/example_dags/example_dag_decorator.py
[2023-03-02T15:58:25.762+0000] {logging_mixin.py:137} INFO - [2023-03-02T15:58:25.762+0000] {dag.py:2690} INFO - Sync 1 DAGs
[2023-03-02T15:58:25.806+0000] {logging_mixin.py:137} INFO - [2023-03-02T15:58:25.806+0000] {dag.py:3441} INFO - Setting next_dagrun for example_dag_decorator to None, run_after=None
[2023-03-02T15:58:25.830+0000] {processor.py:175} INFO - Processing /home/airflow/.local/lib/python3.7/site-packages/airflow/example_dags/example_dag_decorator.py took 0.323 seconds
[2023-03-02T16:32:16.669+0000] {processor.py:153} INFO - Started process (PID=627) to work on /home/airflow/.local/lib/python3.7/site-packages/airflow/example_dags/example_dag_decorator.py
[2023-03-02T16:32:16.671+0000] {processor.py:743} INFO - Processing file /home/airflow/.local/lib/python3.7/site-packages/airflow/example_dags/example_dag_decorator.py for tasks to queue
[2023-03-02T16:32:16.673+0000] {logging_mixin.py:137} INFO - [2023-03-02T16:32:16.673+0000] {dagbag.py:538} INFO - Filling up the DagBag from /home/airflow/.local/lib/python3.7/site-packages/airflow/example_dags/example_dag_decorator.py
[2023-03-02T16:32:16.721+0000] {logging_mixin.py:137} INFO - [2023-03-02T16:32:16.721+0000] {taskmixin.py:205} WARNING - Dependency <Task(_PythonDecoratedOperator): prepare_email>, send_email already registered for DAG: example_dag_decorator
[2023-03-02T16:32:16.723+0000] {logging_mixin.py:137} INFO - [2023-03-02T16:32:16.723+0000] {taskmixin.py:205} WARNING - Dependency <Task(EmailOperator): send_email>, prepare_email already registered for DAG: example_dag_decorator
[2023-03-02T16:32:16.770+0000] {processor.py:753} INFO - DAG(s) dict_keys(['example_dag_decorator']) retrieved from /home/airflow/.local/lib/python3.7/site-packages/airflow/example_dags/example_dag_decorator.py
[2023-03-02T16:32:16.906+0000] {logging_mixin.py:137} INFO - [2023-03-02T16:32:16.905+0000] {dag.py:2690} INFO - Sync 1 DAGs
[2023-03-02T16:32:16.949+0000] {logging_mixin.py:137} INFO - [2023-03-02T16:32:16.948+0000] {dag.py:3441} INFO - Setting next_dagrun for example_dag_decorator to None, run_after=None
[2023-03-02T16:32:16.990+0000] {processor.py:175} INFO - Processing /home/airflow/.local/lib/python3.7/site-packages/airflow/example_dags/example_dag_decorator.py took 0.326 seconds
[2023-03-02T16:38:35.419+0000] {processor.py:153} INFO - Started process (PID=688) to work on /home/airflow/.local/lib/python3.7/site-packages/airflow/example_dags/example_dag_decorator.py
[2023-03-02T16:38:35.474+0000] {processor.py:743} INFO - Processing file /home/airflow/.local/lib/python3.7/site-packages/airflow/example_dags/example_dag_decorator.py for tasks to queue
[2023-03-02T16:38:35.560+0000] {logging_mixin.py:137} INFO - [2023-03-02T16:38:35.560+0000] {dagbag.py:538} INFO - Filling up the DagBag from /home/airflow/.local/lib/python3.7/site-packages/airflow/example_dags/example_dag_decorator.py
[2023-03-02T16:38:37.482+0000] {logging_mixin.py:137} INFO - [2023-03-02T16:38:37.474+0000] {taskmixin.py:205} WARNING - Dependency <Task(_PythonDecoratedOperator): prepare_email>, send_email already registered for DAG: example_dag_decorator
[2023-03-02T16:38:37.886+0000] {logging_mixin.py:137} INFO - [2023-03-02T16:38:37.853+0000] {taskmixin.py:205} WARNING - Dependency <Task(EmailOperator): send_email>, prepare_email already registered for DAG: example_dag_decorator
[2023-03-02T16:38:41.494+0000] {processor.py:753} INFO - DAG(s) dict_keys(['example_dag_decorator']) retrieved from /home/airflow/.local/lib/python3.7/site-packages/airflow/example_dags/example_dag_decorator.py
[2023-03-02T16:38:45.585+0000] {logging_mixin.py:137} INFO - [2023-03-02T16:38:45.583+0000] {dag.py:2690} INFO - Sync 1 DAGs
[2023-03-02T16:38:46.057+0000] {logging_mixin.py:137} INFO - [2023-03-02T16:38:46.057+0000] {dag.py:3441} INFO - Setting next_dagrun for example_dag_decorator to None, run_after=None
[2023-03-02T16:38:47.458+0000] {processor.py:175} INFO - Processing /home/airflow/.local/lib/python3.7/site-packages/airflow/example_dags/example_dag_decorator.py took 13.616 seconds
[2023-03-02T16:40:34.270+0000] {processor.py:153} INFO - Started process (PID=784) to work on /home/airflow/.local/lib/python3.7/site-packages/airflow/example_dags/example_dag_decorator.py
[2023-03-02T16:40:34.274+0000] {processor.py:743} INFO - Processing file /home/airflow/.local/lib/python3.7/site-packages/airflow/example_dags/example_dag_decorator.py for tasks to queue
[2023-03-02T16:40:34.276+0000] {logging_mixin.py:137} INFO - [2023-03-02T16:40:34.276+0000] {dagbag.py:538} INFO - Filling up the DagBag from /home/airflow/.local/lib/python3.7/site-packages/airflow/example_dags/example_dag_decorator.py
[2023-03-02T16:40:34.301+0000] {logging_mixin.py:137} INFO - [2023-03-02T16:40:34.301+0000] {taskmixin.py:205} WARNING - Dependency <Task(_PythonDecoratedOperator): prepare_email>, send_email already registered for DAG: example_dag_decorator
[2023-03-02T16:40:34.303+0000] {logging_mixin.py:137} INFO - [2023-03-02T16:40:34.303+0000] {taskmixin.py:205} WARNING - Dependency <Task(EmailOperator): send_email>, prepare_email already registered for DAG: example_dag_decorator
[2023-03-02T16:40:34.343+0000] {processor.py:753} INFO - DAG(s) dict_keys(['example_dag_decorator']) retrieved from /home/airflow/.local/lib/python3.7/site-packages/airflow/example_dags/example_dag_decorator.py
[2023-03-02T16:40:34.505+0000] {logging_mixin.py:137} INFO - [2023-03-02T16:40:34.504+0000] {dag.py:2690} INFO - Sync 1 DAGs
[2023-03-02T16:40:34.529+0000] {logging_mixin.py:137} INFO - [2023-03-02T16:40:34.529+0000] {dag.py:3441} INFO - Setting next_dagrun for example_dag_decorator to None, run_after=None
[2023-03-02T16:40:34.565+0000] {processor.py:175} INFO - Processing /home/airflow/.local/lib/python3.7/site-packages/airflow/example_dags/example_dag_decorator.py took 0.300 seconds
[2023-03-02T16:41:18.718+0000] {processor.py:153} INFO - Started process (PID=858) to work on /home/airflow/.local/lib/python3.7/site-packages/airflow/example_dags/example_dag_decorator.py
[2023-03-02T16:41:18.738+0000] {processor.py:743} INFO - Processing file /home/airflow/.local/lib/python3.7/site-packages/airflow/example_dags/example_dag_decorator.py for tasks to queue
[2023-03-02T16:41:18.741+0000] {logging_mixin.py:137} INFO - [2023-03-02T16:41:18.740+0000] {dagbag.py:538} INFO - Filling up the DagBag from /home/airflow/.local/lib/python3.7/site-packages/airflow/example_dags/example_dag_decorator.py
[2023-03-02T16:41:18.812+0000] {logging_mixin.py:137} INFO - [2023-03-02T16:41:18.812+0000] {taskmixin.py:205} WARNING - Dependency <Task(_PythonDecoratedOperator): prepare_email>, send_email already registered for DAG: example_dag_decorator
[2023-03-02T16:41:18.817+0000] {logging_mixin.py:137} INFO - [2023-03-02T16:41:18.816+0000] {taskmixin.py:205} WARNING - Dependency <Task(EmailOperator): send_email>, prepare_email already registered for DAG: example_dag_decorator
[2023-03-02T16:41:18.916+0000] {processor.py:753} INFO - DAG(s) dict_keys(['example_dag_decorator']) retrieved from /home/airflow/.local/lib/python3.7/site-packages/airflow/example_dags/example_dag_decorator.py
[2023-03-02T16:41:19.299+0000] {logging_mixin.py:137} INFO - [2023-03-02T16:41:19.298+0000] {dag.py:2690} INFO - Sync 1 DAGs
[2023-03-02T16:41:19.516+0000] {logging_mixin.py:137} INFO - [2023-03-02T16:41:19.516+0000] {dag.py:3441} INFO - Setting next_dagrun for example_dag_decorator to None, run_after=None
[2023-03-02T16:41:19.848+0000] {processor.py:175} INFO - Processing /home/airflow/.local/lib/python3.7/site-packages/airflow/example_dags/example_dag_decorator.py took 1.141 seconds
[2023-03-02T16:41:51.042+0000] {processor.py:153} INFO - Started process (PID=921) to work on /home/airflow/.local/lib/python3.7/site-packages/airflow/example_dags/example_dag_decorator.py
[2023-03-02T16:41:51.048+0000] {processor.py:743} INFO - Processing file /home/airflow/.local/lib/python3.7/site-packages/airflow/example_dags/example_dag_decorator.py for tasks to queue
[2023-03-02T16:41:51.056+0000] {logging_mixin.py:137} INFO - [2023-03-02T16:41:51.055+0000] {dagbag.py:538} INFO - Filling up the DagBag from /home/airflow/.local/lib/python3.7/site-packages/airflow/example_dags/example_dag_decorator.py
[2023-03-02T16:41:51.179+0000] {logging_mixin.py:137} INFO - [2023-03-02T16:41:51.179+0000] {taskmixin.py:205} WARNING - Dependency <Task(_PythonDecoratedOperator): prepare_email>, send_email already registered for DAG: example_dag_decorator
[2023-03-02T16:41:51.187+0000] {logging_mixin.py:137} INFO - [2023-03-02T16:41:51.182+0000] {taskmixin.py:205} WARNING - Dependency <Task(EmailOperator): send_email>, prepare_email already registered for DAG: example_dag_decorator
[2023-03-02T16:41:51.278+0000] {processor.py:753} INFO - DAG(s) dict_keys(['example_dag_decorator']) retrieved from /home/airflow/.local/lib/python3.7/site-packages/airflow/example_dags/example_dag_decorator.py
[2023-03-02T16:41:51.649+0000] {logging_mixin.py:137} INFO - [2023-03-02T16:41:51.648+0000] {dag.py:2690} INFO - Sync 1 DAGs
[2023-03-02T16:41:51.680+0000] {logging_mixin.py:137} INFO - [2023-03-02T16:41:51.680+0000] {dag.py:3441} INFO - Setting next_dagrun for example_dag_decorator to None, run_after=None
[2023-03-02T16:41:51.732+0000] {processor.py:175} INFO - Processing /home/airflow/.local/lib/python3.7/site-packages/airflow/example_dags/example_dag_decorator.py took 0.717 seconds
[2023-03-02T16:42:22.266+0000] {processor.py:153} INFO - Started process (PID=984) to work on /home/airflow/.local/lib/python3.7/site-packages/airflow/example_dags/example_dag_decorator.py
[2023-03-02T16:42:22.284+0000] {processor.py:743} INFO - Processing file /home/airflow/.local/lib/python3.7/site-packages/airflow/example_dags/example_dag_decorator.py for tasks to queue
[2023-03-02T16:42:22.296+0000] {logging_mixin.py:137} INFO - [2023-03-02T16:42:22.295+0000] {dagbag.py:538} INFO - Filling up the DagBag from /home/airflow/.local/lib/python3.7/site-packages/airflow/example_dags/example_dag_decorator.py
[2023-03-02T16:42:22.470+0000] {logging_mixin.py:137} INFO - [2023-03-02T16:42:22.469+0000] {taskmixin.py:205} WARNING - Dependency <Task(_PythonDecoratedOperator): prepare_email>, send_email already registered for DAG: example_dag_decorator
[2023-03-02T16:42:22.480+0000] {logging_mixin.py:137} INFO - [2023-03-02T16:42:22.479+0000] {taskmixin.py:205} WARNING - Dependency <Task(EmailOperator): send_email>, prepare_email already registered for DAG: example_dag_decorator
[2023-03-02T16:42:22.716+0000] {processor.py:753} INFO - DAG(s) dict_keys(['example_dag_decorator']) retrieved from /home/airflow/.local/lib/python3.7/site-packages/airflow/example_dags/example_dag_decorator.py
[2023-03-02T16:42:23.278+0000] {logging_mixin.py:137} INFO - [2023-03-02T16:42:23.274+0000] {dag.py:2690} INFO - Sync 1 DAGs
[2023-03-02T16:42:23.562+0000] {logging_mixin.py:137} INFO - [2023-03-02T16:42:23.555+0000] {dag.py:3441} INFO - Setting next_dagrun for example_dag_decorator to None, run_after=None
[2023-03-02T16:42:23.628+0000] {processor.py:175} INFO - Processing /home/airflow/.local/lib/python3.7/site-packages/airflow/example_dags/example_dag_decorator.py took 1.389 seconds
[2023-03-02T16:42:53.921+0000] {processor.py:153} INFO - Started process (PID=1047) to work on /home/airflow/.local/lib/python3.7/site-packages/airflow/example_dags/example_dag_decorator.py
[2023-03-02T16:42:53.933+0000] {processor.py:743} INFO - Processing file /home/airflow/.local/lib/python3.7/site-packages/airflow/example_dags/example_dag_decorator.py for tasks to queue
[2023-03-02T16:42:53.941+0000] {logging_mixin.py:137} INFO - [2023-03-02T16:42:53.941+0000] {dagbag.py:538} INFO - Filling up the DagBag from /home/airflow/.local/lib/python3.7/site-packages/airflow/example_dags/example_dag_decorator.py
[2023-03-02T16:42:53.971+0000] {logging_mixin.py:137} INFO - [2023-03-02T16:42:53.971+0000] {taskmixin.py:205} WARNING - Dependency <Task(_PythonDecoratedOperator): prepare_email>, send_email already registered for DAG: example_dag_decorator
[2023-03-02T16:42:53.972+0000] {logging_mixin.py:137} INFO - [2023-03-02T16:42:53.972+0000] {taskmixin.py:205} WARNING - Dependency <Task(EmailOperator): send_email>, prepare_email already registered for DAG: example_dag_decorator
[2023-03-02T16:42:54.006+0000] {processor.py:753} INFO - DAG(s) dict_keys(['example_dag_decorator']) retrieved from /home/airflow/.local/lib/python3.7/site-packages/airflow/example_dags/example_dag_decorator.py
[2023-03-02T16:42:54.095+0000] {logging_mixin.py:137} INFO - [2023-03-02T16:42:54.095+0000] {dag.py:2690} INFO - Sync 1 DAGs
[2023-03-02T16:42:54.131+0000] {logging_mixin.py:137} INFO - [2023-03-02T16:42:54.131+0000] {dag.py:3441} INFO - Setting next_dagrun for example_dag_decorator to None, run_after=None
[2023-03-02T16:42:54.150+0000] {processor.py:175} INFO - Processing /home/airflow/.local/lib/python3.7/site-packages/airflow/example_dags/example_dag_decorator.py took 0.243 seconds
[2023-03-02T16:43:24.832+0000] {processor.py:153} INFO - Started process (PID=1110) to work on /home/airflow/.local/lib/python3.7/site-packages/airflow/example_dags/example_dag_decorator.py
[2023-03-02T16:43:24.840+0000] {processor.py:743} INFO - Processing file /home/airflow/.local/lib/python3.7/site-packages/airflow/example_dags/example_dag_decorator.py for tasks to queue
[2023-03-02T16:43:24.843+0000] {logging_mixin.py:137} INFO - [2023-03-02T16:43:24.843+0000] {dagbag.py:538} INFO - Filling up the DagBag from /home/airflow/.local/lib/python3.7/site-packages/airflow/example_dags/example_dag_decorator.py
[2023-03-02T16:43:24.893+0000] {logging_mixin.py:137} INFO - [2023-03-02T16:43:24.893+0000] {taskmixin.py:205} WARNING - Dependency <Task(_PythonDecoratedOperator): prepare_email>, send_email already registered for DAG: example_dag_decorator
[2023-03-02T16:43:24.894+0000] {logging_mixin.py:137} INFO - [2023-03-02T16:43:24.894+0000] {taskmixin.py:205} WARNING - Dependency <Task(EmailOperator): send_email>, prepare_email already registered for DAG: example_dag_decorator
[2023-03-02T16:43:24.930+0000] {processor.py:753} INFO - DAG(s) dict_keys(['example_dag_decorator']) retrieved from /home/airflow/.local/lib/python3.7/site-packages/airflow/example_dags/example_dag_decorator.py
[2023-03-02T16:43:25.034+0000] {logging_mixin.py:137} INFO - [2023-03-02T16:43:25.034+0000] {dag.py:2690} INFO - Sync 1 DAGs
[2023-03-02T16:43:25.058+0000] {logging_mixin.py:137} INFO - [2023-03-02T16:43:25.058+0000] {dag.py:3441} INFO - Setting next_dagrun for example_dag_decorator to None, run_after=None
[2023-03-02T16:43:25.074+0000] {processor.py:175} INFO - Processing /home/airflow/.local/lib/python3.7/site-packages/airflow/example_dags/example_dag_decorator.py took 0.272 seconds
[2023-03-02T16:43:55.804+0000] {processor.py:153} INFO - Started process (PID=1184) to work on /home/airflow/.local/lib/python3.7/site-packages/airflow/example_dags/example_dag_decorator.py
[2023-03-02T16:43:55.808+0000] {processor.py:743} INFO - Processing file /home/airflow/.local/lib/python3.7/site-packages/airflow/example_dags/example_dag_decorator.py for tasks to queue
[2023-03-02T16:43:55.813+0000] {logging_mixin.py:137} INFO - [2023-03-02T16:43:55.813+0000] {dagbag.py:538} INFO - Filling up the DagBag from /home/airflow/.local/lib/python3.7/site-packages/airflow/example_dags/example_dag_decorator.py
[2023-03-02T16:43:55.855+0000] {logging_mixin.py:137} INFO - [2023-03-02T16:43:55.855+0000] {taskmixin.py:205} WARNING - Dependency <Task(_PythonDecoratedOperator): prepare_email>, send_email already registered for DAG: example_dag_decorator
[2023-03-02T16:43:55.856+0000] {logging_mixin.py:137} INFO - [2023-03-02T16:43:55.856+0000] {taskmixin.py:205} WARNING - Dependency <Task(EmailOperator): send_email>, prepare_email already registered for DAG: example_dag_decorator
[2023-03-02T16:43:55.874+0000] {processor.py:753} INFO - DAG(s) dict_keys(['example_dag_decorator']) retrieved from /home/airflow/.local/lib/python3.7/site-packages/airflow/example_dags/example_dag_decorator.py
[2023-03-02T16:43:55.986+0000] {logging_mixin.py:137} INFO - [2023-03-02T16:43:55.986+0000] {dag.py:2690} INFO - Sync 1 DAGs
[2023-03-02T16:43:56.008+0000] {logging_mixin.py:137} INFO - [2023-03-02T16:43:56.008+0000] {dag.py:3441} INFO - Setting next_dagrun for example_dag_decorator to None, run_after=None
[2023-03-02T16:43:56.055+0000] {processor.py:175} INFO - Processing /home/airflow/.local/lib/python3.7/site-packages/airflow/example_dags/example_dag_decorator.py took 0.260 seconds
[2023-03-02T16:44:28.139+0000] {processor.py:153} INFO - Started process (PID=1243) to work on /home/airflow/.local/lib/python3.7/site-packages/airflow/example_dags/example_dag_decorator.py
[2023-03-02T16:44:28.275+0000] {processor.py:743} INFO - Processing file /home/airflow/.local/lib/python3.7/site-packages/airflow/example_dags/example_dag_decorator.py for tasks to queue
[2023-03-02T16:44:28.309+0000] {logging_mixin.py:137} INFO - [2023-03-02T16:44:28.306+0000] {dagbag.py:538} INFO - Filling up the DagBag from /home/airflow/.local/lib/python3.7/site-packages/airflow/example_dags/example_dag_decorator.py
[2023-03-02T16:44:31.108+0000] {logging_mixin.py:137} INFO - [2023-03-02T16:44:31.072+0000] {taskmixin.py:205} WARNING - Dependency <Task(_PythonDecoratedOperator): prepare_email>, send_email already registered for DAG: example_dag_decorator
[2023-03-02T16:44:31.261+0000] {logging_mixin.py:137} INFO - [2023-03-02T16:44:31.258+0000] {taskmixin.py:205} WARNING - Dependency <Task(EmailOperator): send_email>, prepare_email already registered for DAG: example_dag_decorator
[2023-03-02T16:49:11.838+0000] {processor.py:753} INFO - DAG(s) dict_keys(['example_dag_decorator']) retrieved from /home/airflow/.local/lib/python3.7/site-packages/airflow/example_dags/example_dag_decorator.py
[2023-03-02T16:49:48.175+0000] {processor.py:153} INFO - Started process (PID=1280) to work on /home/airflow/.local/lib/python3.7/site-packages/airflow/example_dags/example_dag_decorator.py
[2023-03-02T16:49:48.185+0000] {processor.py:743} INFO - Processing file /home/airflow/.local/lib/python3.7/site-packages/airflow/example_dags/example_dag_decorator.py for tasks to queue
[2023-03-02T16:49:48.187+0000] {logging_mixin.py:137} INFO - [2023-03-02T16:49:48.187+0000] {dagbag.py:538} INFO - Filling up the DagBag from /home/airflow/.local/lib/python3.7/site-packages/airflow/example_dags/example_dag_decorator.py
[2023-03-02T16:49:48.210+0000] {logging_mixin.py:137} INFO - [2023-03-02T16:49:48.209+0000] {taskmixin.py:205} WARNING - Dependency <Task(_PythonDecoratedOperator): prepare_email>, send_email already registered for DAG: example_dag_decorator
[2023-03-02T16:49:48.211+0000] {logging_mixin.py:137} INFO - [2023-03-02T16:49:48.211+0000] {taskmixin.py:205} WARNING - Dependency <Task(EmailOperator): send_email>, prepare_email already registered for DAG: example_dag_decorator
[2023-03-02T16:49:48.259+0000] {processor.py:753} INFO - DAG(s) dict_keys(['example_dag_decorator']) retrieved from /home/airflow/.local/lib/python3.7/site-packages/airflow/example_dags/example_dag_decorator.py
[2023-03-02T16:49:48.344+0000] {logging_mixin.py:137} INFO - [2023-03-02T16:49:48.343+0000] {dag.py:2690} INFO - Sync 1 DAGs
[2023-03-02T16:49:48.403+0000] {logging_mixin.py:137} INFO - [2023-03-02T16:49:48.403+0000] {dag.py:3441} INFO - Setting next_dagrun for example_dag_decorator to None, run_after=None
[2023-03-02T16:49:48.471+0000] {processor.py:175} INFO - Processing /home/airflow/.local/lib/python3.7/site-packages/airflow/example_dags/example_dag_decorator.py took 0.306 seconds
[2023-03-02T16:50:21.410+0000] {processor.py:153} INFO - Started process (PID=1352) to work on /home/airflow/.local/lib/python3.7/site-packages/airflow/example_dags/example_dag_decorator.py
[2023-03-02T16:50:21.413+0000] {processor.py:743} INFO - Processing file /home/airflow/.local/lib/python3.7/site-packages/airflow/example_dags/example_dag_decorator.py for tasks to queue
[2023-03-02T16:50:21.428+0000] {logging_mixin.py:137} INFO - [2023-03-02T16:50:21.428+0000] {dagbag.py:538} INFO - Filling up the DagBag from /home/airflow/.local/lib/python3.7/site-packages/airflow/example_dags/example_dag_decorator.py
[2023-03-02T16:50:21.542+0000] {logging_mixin.py:137} INFO - [2023-03-02T16:50:21.542+0000] {taskmixin.py:205} WARNING - Dependency <Task(_PythonDecoratedOperator): prepare_email>, send_email already registered for DAG: example_dag_decorator
[2023-03-02T16:50:21.549+0000] {logging_mixin.py:137} INFO - [2023-03-02T16:50:21.549+0000] {taskmixin.py:205} WARNING - Dependency <Task(EmailOperator): send_email>, prepare_email already registered for DAG: example_dag_decorator
[2023-03-02T16:50:21.585+0000] {processor.py:753} INFO - DAG(s) dict_keys(['example_dag_decorator']) retrieved from /home/airflow/.local/lib/python3.7/site-packages/airflow/example_dags/example_dag_decorator.py
[2023-03-02T16:50:21.916+0000] {logging_mixin.py:137} INFO - [2023-03-02T16:50:21.915+0000] {dag.py:2690} INFO - Sync 1 DAGs
[2023-03-02T16:50:22.019+0000] {logging_mixin.py:137} INFO - [2023-03-02T16:50:22.019+0000] {dag.py:3441} INFO - Setting next_dagrun for example_dag_decorator to None, run_after=None
[2023-03-02T16:50:22.193+0000] {processor.py:175} INFO - Processing /home/airflow/.local/lib/python3.7/site-packages/airflow/example_dags/example_dag_decorator.py took 0.790 seconds
[2023-03-02T16:50:54.564+0000] {processor.py:153} INFO - Started process (PID=1417) to work on /home/airflow/.local/lib/python3.7/site-packages/airflow/example_dags/example_dag_decorator.py
[2023-03-02T16:50:54.583+0000] {processor.py:743} INFO - Processing file /home/airflow/.local/lib/python3.7/site-packages/airflow/example_dags/example_dag_decorator.py for tasks to queue
[2023-03-02T16:50:54.584+0000] {logging_mixin.py:137} INFO - [2023-03-02T16:50:54.584+0000] {dagbag.py:538} INFO - Filling up the DagBag from /home/airflow/.local/lib/python3.7/site-packages/airflow/example_dags/example_dag_decorator.py
[2023-03-02T16:50:54.606+0000] {logging_mixin.py:137} INFO - [2023-03-02T16:50:54.605+0000] {taskmixin.py:205} WARNING - Dependency <Task(_PythonDecoratedOperator): prepare_email>, send_email already registered for DAG: example_dag_decorator
[2023-03-02T16:50:54.607+0000] {logging_mixin.py:137} INFO - [2023-03-02T16:50:54.607+0000] {taskmixin.py:205} WARNING - Dependency <Task(EmailOperator): send_email>, prepare_email already registered for DAG: example_dag_decorator
[2023-03-02T16:50:54.739+0000] {processor.py:753} INFO - DAG(s) dict_keys(['example_dag_decorator']) retrieved from /home/airflow/.local/lib/python3.7/site-packages/airflow/example_dags/example_dag_decorator.py
[2023-03-02T16:50:54.954+0000] {logging_mixin.py:137} INFO - [2023-03-02T16:50:54.953+0000] {dag.py:2690} INFO - Sync 1 DAGs
[2023-03-02T16:50:54.994+0000] {logging_mixin.py:137} INFO - [2023-03-02T16:50:54.994+0000] {dag.py:3441} INFO - Setting next_dagrun for example_dag_decorator to None, run_after=None
[2023-03-02T16:50:55.044+0000] {processor.py:175} INFO - Processing /home/airflow/.local/lib/python3.7/site-packages/airflow/example_dags/example_dag_decorator.py took 0.489 seconds
[2023-03-02T16:51:25.529+0000] {processor.py:153} INFO - Started process (PID=1471) to work on /home/airflow/.local/lib/python3.7/site-packages/airflow/example_dags/example_dag_decorator.py
[2023-03-02T16:51:25.532+0000] {processor.py:743} INFO - Processing file /home/airflow/.local/lib/python3.7/site-packages/airflow/example_dags/example_dag_decorator.py for tasks to queue
[2023-03-02T16:51:25.534+0000] {logging_mixin.py:137} INFO - [2023-03-02T16:51:25.534+0000] {dagbag.py:538} INFO - Filling up the DagBag from /home/airflow/.local/lib/python3.7/site-packages/airflow/example_dags/example_dag_decorator.py
[2023-03-02T16:51:25.569+0000] {logging_mixin.py:137} INFO - [2023-03-02T16:51:25.568+0000] {taskmixin.py:205} WARNING - Dependency <Task(_PythonDecoratedOperator): prepare_email>, send_email already registered for DAG: example_dag_decorator
[2023-03-02T16:51:25.570+0000] {logging_mixin.py:137} INFO - [2023-03-02T16:51:25.570+0000] {taskmixin.py:205} WARNING - Dependency <Task(EmailOperator): send_email>, prepare_email already registered for DAG: example_dag_decorator
[2023-03-02T16:51:25.594+0000] {processor.py:753} INFO - DAG(s) dict_keys(['example_dag_decorator']) retrieved from /home/airflow/.local/lib/python3.7/site-packages/airflow/example_dags/example_dag_decorator.py
[2023-03-02T16:51:25.736+0000] {logging_mixin.py:137} INFO - [2023-03-02T16:51:25.736+0000] {dag.py:2690} INFO - Sync 1 DAGs
[2023-03-02T16:51:25.819+0000] {logging_mixin.py:137} INFO - [2023-03-02T16:51:25.818+0000] {dag.py:3441} INFO - Setting next_dagrun for example_dag_decorator to None, run_after=None
[2023-03-02T16:51:25.878+0000] {processor.py:175} INFO - Processing /home/airflow/.local/lib/python3.7/site-packages/airflow/example_dags/example_dag_decorator.py took 0.360 seconds
[2023-03-02T16:51:56.030+0000] {processor.py:153} INFO - Started process (PID=1547) to work on /home/airflow/.local/lib/python3.7/site-packages/airflow/example_dags/example_dag_decorator.py
[2023-03-02T16:51:56.032+0000] {processor.py:743} INFO - Processing file /home/airflow/.local/lib/python3.7/site-packages/airflow/example_dags/example_dag_decorator.py for tasks to queue
[2023-03-02T16:51:56.033+0000] {logging_mixin.py:137} INFO - [2023-03-02T16:51:56.033+0000] {dagbag.py:538} INFO - Filling up the DagBag from /home/airflow/.local/lib/python3.7/site-packages/airflow/example_dags/example_dag_decorator.py
[2023-03-02T16:51:56.047+0000] {logging_mixin.py:137} INFO - [2023-03-02T16:51:56.047+0000] {taskmixin.py:205} WARNING - Dependency <Task(_PythonDecoratedOperator): prepare_email>, send_email already registered for DAG: example_dag_decorator
[2023-03-02T16:51:56.048+0000] {logging_mixin.py:137} INFO - [2023-03-02T16:51:56.048+0000] {taskmixin.py:205} WARNING - Dependency <Task(EmailOperator): send_email>, prepare_email already registered for DAG: example_dag_decorator
[2023-03-02T16:51:56.058+0000] {processor.py:753} INFO - DAG(s) dict_keys(['example_dag_decorator']) retrieved from /home/airflow/.local/lib/python3.7/site-packages/airflow/example_dags/example_dag_decorator.py
[2023-03-02T16:51:56.101+0000] {logging_mixin.py:137} INFO - [2023-03-02T16:51:56.101+0000] {dag.py:2690} INFO - Sync 1 DAGs
[2023-03-02T16:51:56.115+0000] {logging_mixin.py:137} INFO - [2023-03-02T16:51:56.115+0000] {dag.py:3441} INFO - Setting next_dagrun for example_dag_decorator to None, run_after=None
[2023-03-02T16:51:56.126+0000] {processor.py:175} INFO - Processing /home/airflow/.local/lib/python3.7/site-packages/airflow/example_dags/example_dag_decorator.py took 0.100 seconds
[2023-03-02T16:52:26.295+0000] {processor.py:153} INFO - Started process (PID=1610) to work on /home/airflow/.local/lib/python3.7/site-packages/airflow/example_dags/example_dag_decorator.py
[2023-03-02T16:52:26.297+0000] {processor.py:743} INFO - Processing file /home/airflow/.local/lib/python3.7/site-packages/airflow/example_dags/example_dag_decorator.py for tasks to queue
[2023-03-02T16:52:26.298+0000] {logging_mixin.py:137} INFO - [2023-03-02T16:52:26.298+0000] {dagbag.py:538} INFO - Filling up the DagBag from /home/airflow/.local/lib/python3.7/site-packages/airflow/example_dags/example_dag_decorator.py
[2023-03-02T16:52:26.309+0000] {logging_mixin.py:137} INFO - [2023-03-02T16:52:26.309+0000] {taskmixin.py:205} WARNING - Dependency <Task(_PythonDecoratedOperator): prepare_email>, send_email already registered for DAG: example_dag_decorator
[2023-03-02T16:52:26.310+0000] {logging_mixin.py:137} INFO - [2023-03-02T16:52:26.310+0000] {taskmixin.py:205} WARNING - Dependency <Task(EmailOperator): send_email>, prepare_email already registered for DAG: example_dag_decorator
[2023-03-02T16:52:26.321+0000] {processor.py:753} INFO - DAG(s) dict_keys(['example_dag_decorator']) retrieved from /home/airflow/.local/lib/python3.7/site-packages/airflow/example_dags/example_dag_decorator.py
[2023-03-02T16:52:26.375+0000] {logging_mixin.py:137} INFO - [2023-03-02T16:52:26.375+0000] {dag.py:2690} INFO - Sync 1 DAGs
[2023-03-02T16:52:26.390+0000] {logging_mixin.py:137} INFO - [2023-03-02T16:52:26.390+0000] {dag.py:3441} INFO - Setting next_dagrun for example_dag_decorator to None, run_after=None
[2023-03-02T16:52:26.403+0000] {processor.py:175} INFO - Processing /home/airflow/.local/lib/python3.7/site-packages/airflow/example_dags/example_dag_decorator.py took 0.112 seconds
[2023-03-02T16:52:56.730+0000] {processor.py:153} INFO - Started process (PID=1673) to work on /home/airflow/.local/lib/python3.7/site-packages/airflow/example_dags/example_dag_decorator.py
[2023-03-02T16:52:56.733+0000] {processor.py:743} INFO - Processing file /home/airflow/.local/lib/python3.7/site-packages/airflow/example_dags/example_dag_decorator.py for tasks to queue
[2023-03-02T16:52:56.734+0000] {logging_mixin.py:137} INFO - [2023-03-02T16:52:56.734+0000] {dagbag.py:538} INFO - Filling up the DagBag from /home/airflow/.local/lib/python3.7/site-packages/airflow/example_dags/example_dag_decorator.py
[2023-03-02T16:52:56.746+0000] {logging_mixin.py:137} INFO - [2023-03-02T16:52:56.746+0000] {taskmixin.py:205} WARNING - Dependency <Task(_PythonDecoratedOperator): prepare_email>, send_email already registered for DAG: example_dag_decorator
[2023-03-02T16:52:56.747+0000] {logging_mixin.py:137} INFO - [2023-03-02T16:52:56.747+0000] {taskmixin.py:205} WARNING - Dependency <Task(EmailOperator): send_email>, prepare_email already registered for DAG: example_dag_decorator
[2023-03-02T16:52:56.758+0000] {processor.py:753} INFO - DAG(s) dict_keys(['example_dag_decorator']) retrieved from /home/airflow/.local/lib/python3.7/site-packages/airflow/example_dags/example_dag_decorator.py
[2023-03-02T16:52:56.852+0000] {logging_mixin.py:137} INFO - [2023-03-02T16:52:56.852+0000] {dag.py:2690} INFO - Sync 1 DAGs
[2023-03-02T16:52:56.876+0000] {logging_mixin.py:137} INFO - [2023-03-02T16:52:56.876+0000] {dag.py:3441} INFO - Setting next_dagrun for example_dag_decorator to None, run_after=None
[2023-03-02T16:52:56.892+0000] {processor.py:175} INFO - Processing /home/airflow/.local/lib/python3.7/site-packages/airflow/example_dags/example_dag_decorator.py took 0.166 seconds
[2023-03-02T16:53:27.741+0000] {processor.py:153} INFO - Started process (PID=1749) to work on /home/airflow/.local/lib/python3.7/site-packages/airflow/example_dags/example_dag_decorator.py
[2023-03-02T16:53:27.743+0000] {processor.py:743} INFO - Processing file /home/airflow/.local/lib/python3.7/site-packages/airflow/example_dags/example_dag_decorator.py for tasks to queue
[2023-03-02T16:53:27.744+0000] {logging_mixin.py:137} INFO - [2023-03-02T16:53:27.744+0000] {dagbag.py:538} INFO - Filling up the DagBag from /home/airflow/.local/lib/python3.7/site-packages/airflow/example_dags/example_dag_decorator.py
[2023-03-02T16:53:27.763+0000] {logging_mixin.py:137} INFO - [2023-03-02T16:53:27.763+0000] {taskmixin.py:205} WARNING - Dependency <Task(_PythonDecoratedOperator): prepare_email>, send_email already registered for DAG: example_dag_decorator
[2023-03-02T16:53:27.764+0000] {logging_mixin.py:137} INFO - [2023-03-02T16:53:27.764+0000] {taskmixin.py:205} WARNING - Dependency <Task(EmailOperator): send_email>, prepare_email already registered for DAG: example_dag_decorator
[2023-03-02T16:53:27.779+0000] {processor.py:753} INFO - DAG(s) dict_keys(['example_dag_decorator']) retrieved from /home/airflow/.local/lib/python3.7/site-packages/airflow/example_dags/example_dag_decorator.py
[2023-03-02T16:53:27.836+0000] {logging_mixin.py:137} INFO - [2023-03-02T16:53:27.836+0000] {dag.py:2690} INFO - Sync 1 DAGs
[2023-03-02T16:53:27.861+0000] {logging_mixin.py:137} INFO - [2023-03-02T16:53:27.861+0000] {dag.py:3441} INFO - Setting next_dagrun for example_dag_decorator to None, run_after=None
[2023-03-02T16:53:27.880+0000] {processor.py:175} INFO - Processing /home/airflow/.local/lib/python3.7/site-packages/airflow/example_dags/example_dag_decorator.py took 0.142 seconds
[2023-03-02T16:53:58.558+0000] {processor.py:153} INFO - Started process (PID=1825) to work on /home/airflow/.local/lib/python3.7/site-packages/airflow/example_dags/example_dag_decorator.py
[2023-03-02T16:53:58.559+0000] {processor.py:743} INFO - Processing file /home/airflow/.local/lib/python3.7/site-packages/airflow/example_dags/example_dag_decorator.py for tasks to queue
[2023-03-02T16:53:58.560+0000] {logging_mixin.py:137} INFO - [2023-03-02T16:53:58.560+0000] {dagbag.py:538} INFO - Filling up the DagBag from /home/airflow/.local/lib/python3.7/site-packages/airflow/example_dags/example_dag_decorator.py
[2023-03-02T16:53:58.574+0000] {logging_mixin.py:137} INFO - [2023-03-02T16:53:58.574+0000] {taskmixin.py:205} WARNING - Dependency <Task(_PythonDecoratedOperator): prepare_email>, send_email already registered for DAG: example_dag_decorator
[2023-03-02T16:53:58.576+0000] {logging_mixin.py:137} INFO - [2023-03-02T16:53:58.575+0000] {taskmixin.py:205} WARNING - Dependency <Task(EmailOperator): send_email>, prepare_email already registered for DAG: example_dag_decorator
[2023-03-02T16:53:58.590+0000] {processor.py:753} INFO - DAG(s) dict_keys(['example_dag_decorator']) retrieved from /home/airflow/.local/lib/python3.7/site-packages/airflow/example_dags/example_dag_decorator.py
[2023-03-02T16:53:58.674+0000] {logging_mixin.py:137} INFO - [2023-03-02T16:53:58.674+0000] {dag.py:2690} INFO - Sync 1 DAGs
[2023-03-02T16:53:58.698+0000] {logging_mixin.py:137} INFO - [2023-03-02T16:53:58.698+0000] {dag.py:3441} INFO - Setting next_dagrun for example_dag_decorator to None, run_after=None
[2023-03-02T16:53:58.714+0000] {processor.py:175} INFO - Processing /home/airflow/.local/lib/python3.7/site-packages/airflow/example_dags/example_dag_decorator.py took 0.160 seconds
[2023-03-02T16:54:28.878+0000] {processor.py:153} INFO - Started process (PID=1889) to work on /home/airflow/.local/lib/python3.7/site-packages/airflow/example_dags/example_dag_decorator.py
[2023-03-02T16:54:28.890+0000] {processor.py:743} INFO - Processing file /home/airflow/.local/lib/python3.7/site-packages/airflow/example_dags/example_dag_decorator.py for tasks to queue
[2023-03-02T16:54:28.896+0000] {logging_mixin.py:137} INFO - [2023-03-02T16:54:28.895+0000] {dagbag.py:538} INFO - Filling up the DagBag from /home/airflow/.local/lib/python3.7/site-packages/airflow/example_dags/example_dag_decorator.py
[2023-03-02T16:54:28.929+0000] {logging_mixin.py:137} INFO - [2023-03-02T16:54:28.929+0000] {taskmixin.py:205} WARNING - Dependency <Task(_PythonDecoratedOperator): prepare_email>, send_email already registered for DAG: example_dag_decorator
[2023-03-02T16:54:28.930+0000] {logging_mixin.py:137} INFO - [2023-03-02T16:54:28.930+0000] {taskmixin.py:205} WARNING - Dependency <Task(EmailOperator): send_email>, prepare_email already registered for DAG: example_dag_decorator
[2023-03-02T16:54:29.000+0000] {processor.py:753} INFO - DAG(s) dict_keys(['example_dag_decorator']) retrieved from /home/airflow/.local/lib/python3.7/site-packages/airflow/example_dags/example_dag_decorator.py
[2023-03-02T16:54:30.251+0000] {logging_mixin.py:137} INFO - [2023-03-02T16:54:30.242+0000] {dag.py:2690} INFO - Sync 1 DAGs
[2023-03-02T16:54:30.463+0000] {logging_mixin.py:137} INFO - [2023-03-02T16:54:30.463+0000] {dag.py:3441} INFO - Setting next_dagrun for example_dag_decorator to None, run_after=None
[2023-03-02T16:54:30.515+0000] {processor.py:175} INFO - Processing /home/airflow/.local/lib/python3.7/site-packages/airflow/example_dags/example_dag_decorator.py took 1.653 seconds
[2023-03-02T17:10:58.103+0000] {processor.py:153} INFO - Started process (PID=1927) to work on /home/airflow/.local/lib/python3.7/site-packages/airflow/example_dags/example_dag_decorator.py
[2023-03-02T17:10:58.151+0000] {processor.py:743} INFO - Processing file /home/airflow/.local/lib/python3.7/site-packages/airflow/example_dags/example_dag_decorator.py for tasks to queue
[2023-03-02T17:10:58.167+0000] {logging_mixin.py:137} INFO - [2023-03-02T17:10:58.167+0000] {dagbag.py:538} INFO - Filling up the DagBag from /home/airflow/.local/lib/python3.7/site-packages/airflow/example_dags/example_dag_decorator.py
[2023-03-02T17:10:58.881+0000] {logging_mixin.py:137} INFO - [2023-03-02T17:10:58.861+0000] {taskmixin.py:205} WARNING - Dependency <Task(_PythonDecoratedOperator): prepare_email>, send_email already registered for DAG: example_dag_decorator
[2023-03-02T17:10:58.889+0000] {logging_mixin.py:137} INFO - [2023-03-02T17:10:58.889+0000] {taskmixin.py:205} WARNING - Dependency <Task(EmailOperator): send_email>, prepare_email already registered for DAG: example_dag_decorator
[2023-03-02T17:24:53.396+0000] {processor.py:753} INFO - DAG(s) dict_keys(['example_dag_decorator']) retrieved from /home/airflow/.local/lib/python3.7/site-packages/airflow/example_dags/example_dag_decorator.py
[2023-03-02T17:25:25.754+0000] {processor.py:153} INFO - Started process (PID=1990) to work on /home/airflow/.local/lib/python3.7/site-packages/airflow/example_dags/example_dag_decorator.py
[2023-03-02T17:25:25.766+0000] {processor.py:743} INFO - Processing file /home/airflow/.local/lib/python3.7/site-packages/airflow/example_dags/example_dag_decorator.py for tasks to queue
[2023-03-02T17:25:25.778+0000] {logging_mixin.py:137} INFO - [2023-03-02T17:25:25.778+0000] {dagbag.py:538} INFO - Filling up the DagBag from /home/airflow/.local/lib/python3.7/site-packages/airflow/example_dags/example_dag_decorator.py
[2023-03-02T17:25:25.934+0000] {logging_mixin.py:137} INFO - [2023-03-02T17:25:25.933+0000] {taskmixin.py:205} WARNING - Dependency <Task(_PythonDecoratedOperator): prepare_email>, send_email already registered for DAG: example_dag_decorator
[2023-03-02T17:25:25.937+0000] {logging_mixin.py:137} INFO - [2023-03-02T17:25:25.937+0000] {taskmixin.py:205} WARNING - Dependency <Task(EmailOperator): send_email>, prepare_email already registered for DAG: example_dag_decorator
[2023-03-02T17:25:26.057+0000] {processor.py:753} INFO - DAG(s) dict_keys(['example_dag_decorator']) retrieved from /home/airflow/.local/lib/python3.7/site-packages/airflow/example_dags/example_dag_decorator.py
[2023-03-02T17:25:26.487+0000] {logging_mixin.py:137} INFO - [2023-03-02T17:25:26.481+0000] {dag.py:2690} INFO - Sync 1 DAGs
[2023-03-02T17:25:26.586+0000] {logging_mixin.py:137} INFO - [2023-03-02T17:25:26.586+0000] {dag.py:3441} INFO - Setting next_dagrun for example_dag_decorator to None, run_after=None
[2023-03-02T17:25:26.655+0000] {processor.py:175} INFO - Processing /home/airflow/.local/lib/python3.7/site-packages/airflow/example_dags/example_dag_decorator.py took 0.931 seconds
[2023-03-02T17:25:56.899+0000] {processor.py:153} INFO - Started process (PID=2053) to work on /home/airflow/.local/lib/python3.7/site-packages/airflow/example_dags/example_dag_decorator.py
[2023-03-02T17:25:56.910+0000] {processor.py:743} INFO - Processing file /home/airflow/.local/lib/python3.7/site-packages/airflow/example_dags/example_dag_decorator.py for tasks to queue
[2023-03-02T17:25:56.913+0000] {logging_mixin.py:137} INFO - [2023-03-02T17:25:56.913+0000] {dagbag.py:538} INFO - Filling up the DagBag from /home/airflow/.local/lib/python3.7/site-packages/airflow/example_dags/example_dag_decorator.py
[2023-03-02T17:25:56.964+0000] {logging_mixin.py:137} INFO - [2023-03-02T17:25:56.963+0000] {taskmixin.py:205} WARNING - Dependency <Task(_PythonDecoratedOperator): prepare_email>, send_email already registered for DAG: example_dag_decorator
[2023-03-02T17:25:56.965+0000] {logging_mixin.py:137} INFO - [2023-03-02T17:25:56.965+0000] {taskmixin.py:205} WARNING - Dependency <Task(EmailOperator): send_email>, prepare_email already registered for DAG: example_dag_decorator
[2023-03-02T17:25:57.021+0000] {processor.py:753} INFO - DAG(s) dict_keys(['example_dag_decorator']) retrieved from /home/airflow/.local/lib/python3.7/site-packages/airflow/example_dags/example_dag_decorator.py
[2023-03-02T17:25:57.180+0000] {logging_mixin.py:137} INFO - [2023-03-02T17:25:57.180+0000] {dag.py:2690} INFO - Sync 1 DAGs
[2023-03-02T17:25:57.206+0000] {logging_mixin.py:137} INFO - [2023-03-02T17:25:57.206+0000] {dag.py:3441} INFO - Setting next_dagrun for example_dag_decorator to None, run_after=None
[2023-03-02T17:25:57.228+0000] {processor.py:175} INFO - Processing /home/airflow/.local/lib/python3.7/site-packages/airflow/example_dags/example_dag_decorator.py took 0.344 seconds
[2023-03-02T17:26:27.442+0000] {processor.py:153} INFO - Started process (PID=2120) to work on /home/airflow/.local/lib/python3.7/site-packages/airflow/example_dags/example_dag_decorator.py
[2023-03-02T17:26:27.469+0000] {processor.py:743} INFO - Processing file /home/airflow/.local/lib/python3.7/site-packages/airflow/example_dags/example_dag_decorator.py for tasks to queue
[2023-03-02T17:26:27.477+0000] {logging_mixin.py:137} INFO - [2023-03-02T17:26:27.476+0000] {dagbag.py:538} INFO - Filling up the DagBag from /home/airflow/.local/lib/python3.7/site-packages/airflow/example_dags/example_dag_decorator.py
[2023-03-02T17:26:27.571+0000] {logging_mixin.py:137} INFO - [2023-03-02T17:26:27.571+0000] {taskmixin.py:205} WARNING - Dependency <Task(_PythonDecoratedOperator): prepare_email>, send_email already registered for DAG: example_dag_decorator
[2023-03-02T17:26:27.576+0000] {logging_mixin.py:137} INFO - [2023-03-02T17:26:27.575+0000] {taskmixin.py:205} WARNING - Dependency <Task(EmailOperator): send_email>, prepare_email already registered for DAG: example_dag_decorator
[2023-03-02T17:26:27.650+0000] {processor.py:753} INFO - DAG(s) dict_keys(['example_dag_decorator']) retrieved from /home/airflow/.local/lib/python3.7/site-packages/airflow/example_dags/example_dag_decorator.py
[2023-03-02T17:26:27.742+0000] {logging_mixin.py:137} INFO - [2023-03-02T17:26:27.741+0000] {dag.py:2690} INFO - Sync 1 DAGs
[2023-03-02T17:26:27.767+0000] {logging_mixin.py:137} INFO - [2023-03-02T17:26:27.767+0000] {dag.py:3441} INFO - Setting next_dagrun for example_dag_decorator to None, run_after=None
[2023-03-02T17:26:27.781+0000] {processor.py:175} INFO - Processing /home/airflow/.local/lib/python3.7/site-packages/airflow/example_dags/example_dag_decorator.py took 0.410 seconds
[2023-03-02T17:27:00.424+0000] {processor.py:153} INFO - Started process (PID=2183) to work on /home/airflow/.local/lib/python3.7/site-packages/airflow/example_dags/example_dag_decorator.py
[2023-03-02T17:27:00.565+0000] {processor.py:743} INFO - Processing file /home/airflow/.local/lib/python3.7/site-packages/airflow/example_dags/example_dag_decorator.py for tasks to queue
[2023-03-02T17:27:00.582+0000] {logging_mixin.py:137} INFO - [2023-03-02T17:27:00.579+0000] {dagbag.py:538} INFO - Filling up the DagBag from /home/airflow/.local/lib/python3.7/site-packages/airflow/example_dags/example_dag_decorator.py
[2023-03-02T17:27:00.992+0000] {logging_mixin.py:137} INFO - [2023-03-02T17:27:00.989+0000] {taskmixin.py:205} WARNING - Dependency <Task(_PythonDecoratedOperator): prepare_email>, send_email already registered for DAG: example_dag_decorator
[2023-03-02T17:27:01.013+0000] {logging_mixin.py:137} INFO - [2023-03-02T17:27:01.012+0000] {taskmixin.py:205} WARNING - Dependency <Task(EmailOperator): send_email>, prepare_email already registered for DAG: example_dag_decorator
[2023-03-02T17:27:01.254+0000] {processor.py:753} INFO - DAG(s) dict_keys(['example_dag_decorator']) retrieved from /home/airflow/.local/lib/python3.7/site-packages/airflow/example_dags/example_dag_decorator.py
[2023-03-02T17:27:02.014+0000] {logging_mixin.py:137} INFO - [2023-03-02T17:27:02.012+0000] {dag.py:2690} INFO - Sync 1 DAGs
[2023-03-02T17:27:02.114+0000] {logging_mixin.py:137} INFO - [2023-03-02T17:27:02.112+0000] {dag.py:3441} INFO - Setting next_dagrun for example_dag_decorator to None, run_after=None
[2023-03-02T17:27:02.210+0000] {processor.py:175} INFO - Processing /home/airflow/.local/lib/python3.7/site-packages/airflow/example_dags/example_dag_decorator.py took 1.905 seconds
[2023-03-02T18:31:44.106+0000] {processor.py:153} INFO - Started process (PID=2238) to work on /home/airflow/.local/lib/python3.7/site-packages/airflow/example_dags/example_dag_decorator.py
[2023-03-02T18:31:44.110+0000] {processor.py:743} INFO - Processing file /home/airflow/.local/lib/python3.7/site-packages/airflow/example_dags/example_dag_decorator.py for tasks to queue
[2023-03-02T18:31:44.111+0000] {logging_mixin.py:137} INFO - [2023-03-02T18:31:44.111+0000] {dagbag.py:538} INFO - Filling up the DagBag from /home/airflow/.local/lib/python3.7/site-packages/airflow/example_dags/example_dag_decorator.py
[2023-03-02T18:31:44.133+0000] {logging_mixin.py:137} INFO - [2023-03-02T18:31:44.133+0000] {taskmixin.py:205} WARNING - Dependency <Task(_PythonDecoratedOperator): prepare_email>, send_email already registered for DAG: example_dag_decorator
[2023-03-02T18:31:44.134+0000] {logging_mixin.py:137} INFO - [2023-03-02T18:31:44.134+0000] {taskmixin.py:205} WARNING - Dependency <Task(EmailOperator): send_email>, prepare_email already registered for DAG: example_dag_decorator
[2023-03-02T18:31:44.166+0000] {processor.py:753} INFO - DAG(s) dict_keys(['example_dag_decorator']) retrieved from /home/airflow/.local/lib/python3.7/site-packages/airflow/example_dags/example_dag_decorator.py
[2023-03-02T18:31:44.278+0000] {logging_mixin.py:137} INFO - [2023-03-02T18:31:44.278+0000] {dag.py:2690} INFO - Sync 1 DAGs
[2023-03-02T18:31:44.321+0000] {logging_mixin.py:137} INFO - [2023-03-02T18:31:44.321+0000] {dag.py:3441} INFO - Setting next_dagrun for example_dag_decorator to None, run_after=None
[2023-03-02T18:31:44.358+0000] {processor.py:175} INFO - Processing /home/airflow/.local/lib/python3.7/site-packages/airflow/example_dags/example_dag_decorator.py took 0.259 seconds
[2023-03-02T18:49:36.914+0000] {processor.py:153} INFO - Started process (PID=2296) to work on /home/airflow/.local/lib/python3.7/site-packages/airflow/example_dags/example_dag_decorator.py
[2023-03-02T18:49:36.916+0000] {processor.py:743} INFO - Processing file /home/airflow/.local/lib/python3.7/site-packages/airflow/example_dags/example_dag_decorator.py for tasks to queue
[2023-03-02T18:49:36.917+0000] {logging_mixin.py:137} INFO - [2023-03-02T18:49:36.917+0000] {dagbag.py:538} INFO - Filling up the DagBag from /home/airflow/.local/lib/python3.7/site-packages/airflow/example_dags/example_dag_decorator.py
[2023-03-02T18:49:36.941+0000] {logging_mixin.py:137} INFO - [2023-03-02T18:49:36.941+0000] {taskmixin.py:205} WARNING - Dependency <Task(_PythonDecoratedOperator): prepare_email>, send_email already registered for DAG: example_dag_decorator
[2023-03-02T18:49:36.943+0000] {logging_mixin.py:137} INFO - [2023-03-02T18:49:36.943+0000] {taskmixin.py:205} WARNING - Dependency <Task(EmailOperator): send_email>, prepare_email already registered for DAG: example_dag_decorator
[2023-03-02T18:49:36.980+0000] {processor.py:753} INFO - DAG(s) dict_keys(['example_dag_decorator']) retrieved from /home/airflow/.local/lib/python3.7/site-packages/airflow/example_dags/example_dag_decorator.py
[2023-03-02T18:49:37.120+0000] {logging_mixin.py:137} INFO - [2023-03-02T18:49:37.120+0000] {dag.py:2690} INFO - Sync 1 DAGs
[2023-03-02T18:49:37.149+0000] {logging_mixin.py:137} INFO - [2023-03-02T18:49:37.149+0000] {dag.py:3441} INFO - Setting next_dagrun for example_dag_decorator to None, run_after=None
[2023-03-02T18:49:37.174+0000] {processor.py:175} INFO - Processing /home/airflow/.local/lib/python3.7/site-packages/airflow/example_dags/example_dag_decorator.py took 0.266 seconds
[2023-03-02T20:01:44.349+0000] {processor.py:153} INFO - Started process (PID=2351) to work on /home/airflow/.local/lib/python3.7/site-packages/airflow/example_dags/example_dag_decorator.py
[2023-03-02T20:01:44.395+0000] {processor.py:743} INFO - Processing file /home/airflow/.local/lib/python3.7/site-packages/airflow/example_dags/example_dag_decorator.py for tasks to queue
[2023-03-02T20:01:44.407+0000] {logging_mixin.py:137} INFO - [2023-03-02T20:01:44.406+0000] {dagbag.py:538} INFO - Filling up the DagBag from /home/airflow/.local/lib/python3.7/site-packages/airflow/example_dags/example_dag_decorator.py
[2023-03-02T20:01:44.708+0000] {logging_mixin.py:137} INFO - [2023-03-02T20:01:44.708+0000] {taskmixin.py:205} WARNING - Dependency <Task(_PythonDecoratedOperator): prepare_email>, send_email already registered for DAG: example_dag_decorator
[2023-03-02T20:01:44.720+0000] {logging_mixin.py:137} INFO - [2023-03-02T20:01:44.720+0000] {taskmixin.py:205} WARNING - Dependency <Task(EmailOperator): send_email>, prepare_email already registered for DAG: example_dag_decorator
[2023-03-02T20:01:44.907+0000] {processor.py:753} INFO - DAG(s) dict_keys(['example_dag_decorator']) retrieved from /home/airflow/.local/lib/python3.7/site-packages/airflow/example_dags/example_dag_decorator.py
[2023-03-02T20:01:45.512+0000] {logging_mixin.py:137} INFO - [2023-03-02T20:01:45.508+0000] {dag.py:2690} INFO - Sync 1 DAGs
[2023-03-02T20:01:45.561+0000] {logging_mixin.py:137} INFO - [2023-03-02T20:01:45.561+0000] {dag.py:3441} INFO - Setting next_dagrun for example_dag_decorator to None, run_after=None
[2023-03-02T20:01:45.634+0000] {processor.py:175} INFO - Processing /home/airflow/.local/lib/python3.7/site-packages/airflow/example_dags/example_dag_decorator.py took 1.373 seconds
[2023-03-02T22:37:38.623+0000] {processor.py:153} INFO - Started process (PID=2459) to work on /home/airflow/.local/lib/python3.7/site-packages/airflow/example_dags/example_dag_decorator.py
[2023-03-02T22:37:38.724+0000] {processor.py:743} INFO - Processing file /home/airflow/.local/lib/python3.7/site-packages/airflow/example_dags/example_dag_decorator.py for tasks to queue
[2023-03-02T22:37:38.762+0000] {logging_mixin.py:137} INFO - [2023-03-02T22:37:38.756+0000] {dagbag.py:538} INFO - Filling up the DagBag from /home/airflow/.local/lib/python3.7/site-packages/airflow/example_dags/example_dag_decorator.py
[2023-03-02T22:37:39.284+0000] {logging_mixin.py:137} INFO - [2023-03-02T22:37:39.256+0000] {taskmixin.py:205} WARNING - Dependency <Task(_PythonDecoratedOperator): prepare_email>, send_email already registered for DAG: example_dag_decorator
[2023-03-02T22:37:39.326+0000] {logging_mixin.py:137} INFO - [2023-03-02T22:37:39.326+0000] {taskmixin.py:205} WARNING - Dependency <Task(EmailOperator): send_email>, prepare_email already registered for DAG: example_dag_decorator
[2023-03-02T22:37:41.707+0000] {processor.py:753} INFO - DAG(s) dict_keys(['example_dag_decorator']) retrieved from /home/airflow/.local/lib/python3.7/site-packages/airflow/example_dags/example_dag_decorator.py
[2023-03-02T22:37:47.909+0000] {logging_mixin.py:137} INFO - [2023-03-02T22:37:47.669+0000] {dag.py:2690} INFO - Sync 1 DAGs
[2023-03-03T00:00:58.830+0000] {logging_mixin.py:137} INFO - [2023-03-03T00:00:58.685+0000] {dag.py:3441} INFO - Setting next_dagrun for example_dag_decorator to None, run_after=None
