[2023-03-02T13:04:49.912+0000] {processor.py:153} INFO - Started process (PID=76) to work on /home/airflow/.local/lib/python3.7/site-packages/airflow/example_dags/example_task_group.py
[2023-03-02T13:04:49.915+0000] {processor.py:743} INFO - Processing file /home/airflow/.local/lib/python3.7/site-packages/airflow/example_dags/example_task_group.py for tasks to queue
[2023-03-02T13:04:49.917+0000] {logging_mixin.py:137} INFO - [2023-03-02T13:04:49.917+0000] {dagbag.py:538} INFO - Filling up the DagBag from /home/airflow/.local/lib/python3.7/site-packages/airflow/example_dags/example_task_group.py
[2023-03-02T13:04:49.958+0000] {processor.py:753} INFO - DAG(s) dict_keys(['example_task_group']) retrieved from /home/airflow/.local/lib/python3.7/site-packages/airflow/example_dags/example_task_group.py
[2023-03-02T13:04:50.098+0000] {logging_mixin.py:137} INFO - [2023-03-02T13:04:50.098+0000] {manager.py:504} INFO - Created Permission View: can delete on DAG:example_task_group
[2023-03-02T13:04:50.112+0000] {logging_mixin.py:137} INFO - [2023-03-02T13:04:50.112+0000] {manager.py:504} INFO - Created Permission View: can read on DAG:example_task_group
[2023-03-02T13:04:50.117+0000] {logging_mixin.py:137} INFO - [2023-03-02T13:04:50.117+0000] {manager.py:504} INFO - Created Permission View: can edit on DAG:example_task_group
[2023-03-02T13:04:50.118+0000] {logging_mixin.py:137} INFO - [2023-03-02T13:04:50.118+0000] {dag.py:2690} INFO - Sync 1 DAGs
[2023-03-02T13:04:50.128+0000] {logging_mixin.py:137} INFO - [2023-03-02T13:04:50.128+0000] {dag.py:2711} INFO - Creating ORM DAG for example_task_group
[2023-03-02T13:04:50.138+0000] {logging_mixin.py:137} INFO - [2023-03-02T13:04:50.138+0000] {dag.py:3441} INFO - Setting next_dagrun for example_task_group to 2023-03-01T13:04:50.138062+00:00, run_after=2023-03-02T13:04:50.138062+00:00
[2023-03-02T13:04:50.161+0000] {processor.py:175} INFO - Processing /home/airflow/.local/lib/python3.7/site-packages/airflow/example_dags/example_task_group.py took 0.265 seconds
[2023-03-02T13:05:20.959+0000] {processor.py:153} INFO - Started process (PID=153) to work on /home/airflow/.local/lib/python3.7/site-packages/airflow/example_dags/example_task_group.py
[2023-03-02T13:05:20.961+0000] {processor.py:743} INFO - Processing file /home/airflow/.local/lib/python3.7/site-packages/airflow/example_dags/example_task_group.py for tasks to queue
[2023-03-02T13:05:20.963+0000] {logging_mixin.py:137} INFO - [2023-03-02T13:05:20.963+0000] {dagbag.py:538} INFO - Filling up the DagBag from /home/airflow/.local/lib/python3.7/site-packages/airflow/example_dags/example_task_group.py
[2023-03-02T13:05:20.988+0000] {processor.py:753} INFO - DAG(s) dict_keys(['example_task_group']) retrieved from /home/airflow/.local/lib/python3.7/site-packages/airflow/example_dags/example_task_group.py
[2023-03-02T13:05:21.050+0000] {logging_mixin.py:137} INFO - [2023-03-02T13:05:21.050+0000] {dag.py:2690} INFO - Sync 1 DAGs
[2023-03-02T13:05:21.082+0000] {logging_mixin.py:137} INFO - [2023-03-02T13:05:21.082+0000] {dag.py:3441} INFO - Setting next_dagrun for example_task_group to 2023-03-01T13:05:21.082269+00:00, run_after=2023-03-02T13:05:21.082269+00:00
[2023-03-02T13:05:21.099+0000] {processor.py:175} INFO - Processing /home/airflow/.local/lib/python3.7/site-packages/airflow/example_dags/example_task_group.py took 0.146 seconds
[2023-03-02T13:05:51.288+0000] {processor.py:153} INFO - Started process (PID=216) to work on /home/airflow/.local/lib/python3.7/site-packages/airflow/example_dags/example_task_group.py
[2023-03-02T13:05:51.292+0000] {processor.py:743} INFO - Processing file /home/airflow/.local/lib/python3.7/site-packages/airflow/example_dags/example_task_group.py for tasks to queue
[2023-03-02T13:05:51.300+0000] {logging_mixin.py:137} INFO - [2023-03-02T13:05:51.294+0000] {dagbag.py:538} INFO - Filling up the DagBag from /home/airflow/.local/lib/python3.7/site-packages/airflow/example_dags/example_task_group.py
[2023-03-02T13:05:51.335+0000] {processor.py:753} INFO - DAG(s) dict_keys(['example_task_group']) retrieved from /home/airflow/.local/lib/python3.7/site-packages/airflow/example_dags/example_task_group.py
[2023-03-02T13:05:51.400+0000] {logging_mixin.py:137} INFO - [2023-03-02T13:05:51.400+0000] {dag.py:2690} INFO - Sync 1 DAGs
[2023-03-02T13:05:51.441+0000] {logging_mixin.py:137} INFO - [2023-03-02T13:05:51.441+0000] {dag.py:3441} INFO - Setting next_dagrun for example_task_group to 2023-03-01T13:05:51.441184+00:00, run_after=2023-03-02T13:05:51.441184+00:00
[2023-03-02T13:05:51.460+0000] {processor.py:175} INFO - Processing /home/airflow/.local/lib/python3.7/site-packages/airflow/example_dags/example_task_group.py took 0.179 seconds
[2023-03-02T13:19:52.574+0000] {processor.py:153} INFO - Started process (PID=302) to work on /home/airflow/.local/lib/python3.7/site-packages/airflow/example_dags/example_task_group.py
[2023-03-02T13:19:52.616+0000] {processor.py:743} INFO - Processing file /home/airflow/.local/lib/python3.7/site-packages/airflow/example_dags/example_task_group.py for tasks to queue
[2023-03-02T13:19:52.636+0000] {logging_mixin.py:137} INFO - [2023-03-02T13:19:52.636+0000] {dagbag.py:538} INFO - Filling up the DagBag from /home/airflow/.local/lib/python3.7/site-packages/airflow/example_dags/example_task_group.py
[2023-03-02T13:19:52.905+0000] {processor.py:753} INFO - DAG(s) dict_keys(['example_task_group']) retrieved from /home/airflow/.local/lib/python3.7/site-packages/airflow/example_dags/example_task_group.py
[2023-03-02T13:19:53.946+0000] {logging_mixin.py:137} INFO - [2023-03-02T13:19:53.900+0000] {dag.py:2690} INFO - Sync 1 DAGs
[2023-03-02T13:19:55.024+0000] {logging_mixin.py:137} INFO - [2023-03-02T13:19:55.018+0000] {dag.py:3441} INFO - Setting next_dagrun for example_task_group to 2023-03-01T13:19:54.762079+00:00, run_after=2023-03-02T13:19:54.762079+00:00
[2023-03-02T13:19:55.549+0000] {processor.py:175} INFO - Processing /home/airflow/.local/lib/python3.7/site-packages/airflow/example_dags/example_task_group.py took 3.144 seconds
[2023-03-02T14:26:31.258+0000] {processor.py:153} INFO - Started process (PID=362) to work on /home/airflow/.local/lib/python3.7/site-packages/airflow/example_dags/example_task_group.py
[2023-03-02T14:26:31.260+0000] {processor.py:743} INFO - Processing file /home/airflow/.local/lib/python3.7/site-packages/airflow/example_dags/example_task_group.py for tasks to queue
[2023-03-02T14:26:31.261+0000] {logging_mixin.py:137} INFO - [2023-03-02T14:26:31.261+0000] {dagbag.py:538} INFO - Filling up the DagBag from /home/airflow/.local/lib/python3.7/site-packages/airflow/example_dags/example_task_group.py
[2023-03-02T14:26:31.278+0000] {processor.py:753} INFO - DAG(s) dict_keys(['example_task_group']) retrieved from /home/airflow/.local/lib/python3.7/site-packages/airflow/example_dags/example_task_group.py
[2023-03-02T14:26:31.308+0000] {logging_mixin.py:137} INFO - [2023-03-02T14:26:31.307+0000] {dag.py:2690} INFO - Sync 1 DAGs
[2023-03-02T14:26:31.340+0000] {logging_mixin.py:137} INFO - [2023-03-02T14:26:31.340+0000] {dag.py:3441} INFO - Setting next_dagrun for example_task_group to 2023-03-01T14:26:31.340274+00:00, run_after=2023-03-02T14:26:31.340274+00:00
[2023-03-02T14:26:31.358+0000] {processor.py:175} INFO - Processing /home/airflow/.local/lib/python3.7/site-packages/airflow/example_dags/example_task_group.py took 0.106 seconds
[2023-03-02T14:27:04.330+0000] {processor.py:153} INFO - Started process (PID=424) to work on /home/airflow/.local/lib/python3.7/site-packages/airflow/example_dags/example_task_group.py
[2023-03-02T14:27:04.332+0000] {processor.py:743} INFO - Processing file /home/airflow/.local/lib/python3.7/site-packages/airflow/example_dags/example_task_group.py for tasks to queue
[2023-03-02T14:27:04.333+0000] {logging_mixin.py:137} INFO - [2023-03-02T14:27:04.333+0000] {dagbag.py:538} INFO - Filling up the DagBag from /home/airflow/.local/lib/python3.7/site-packages/airflow/example_dags/example_task_group.py
[2023-03-02T14:27:04.366+0000] {processor.py:753} INFO - DAG(s) dict_keys(['example_task_group']) retrieved from /home/airflow/.local/lib/python3.7/site-packages/airflow/example_dags/example_task_group.py
[2023-03-02T14:27:04.439+0000] {logging_mixin.py:137} INFO - [2023-03-02T14:27:04.439+0000] {dag.py:2690} INFO - Sync 1 DAGs
[2023-03-02T14:27:04.536+0000] {logging_mixin.py:137} INFO - [2023-03-02T14:27:04.536+0000] {dag.py:3441} INFO - Setting next_dagrun for example_task_group to 2023-03-01T14:27:04.535483+00:00, run_after=2023-03-02T14:27:04.535483+00:00
[2023-03-02T14:27:04.574+0000] {processor.py:175} INFO - Processing /home/airflow/.local/lib/python3.7/site-packages/airflow/example_dags/example_task_group.py took 0.249 seconds
[2023-03-02T14:28:22.351+0000] {processor.py:153} INFO - Started process (PID=470) to work on /home/airflow/.local/lib/python3.7/site-packages/airflow/example_dags/example_task_group.py
[2023-03-02T14:28:22.356+0000] {processor.py:743} INFO - Processing file /home/airflow/.local/lib/python3.7/site-packages/airflow/example_dags/example_task_group.py for tasks to queue
[2023-03-02T14:28:22.360+0000] {logging_mixin.py:137} INFO - [2023-03-02T14:28:22.360+0000] {dagbag.py:538} INFO - Filling up the DagBag from /home/airflow/.local/lib/python3.7/site-packages/airflow/example_dags/example_task_group.py
[2023-03-02T14:28:22.412+0000] {processor.py:753} INFO - DAG(s) dict_keys(['example_task_group']) retrieved from /home/airflow/.local/lib/python3.7/site-packages/airflow/example_dags/example_task_group.py
[2023-03-02T14:28:22.476+0000] {logging_mixin.py:137} INFO - [2023-03-02T14:28:22.475+0000] {dag.py:2690} INFO - Sync 1 DAGs
[2023-03-02T14:28:22.514+0000] {logging_mixin.py:137} INFO - [2023-03-02T14:28:22.514+0000] {dag.py:3441} INFO - Setting next_dagrun for example_task_group to 2023-03-01T14:28:22.514062+00:00, run_after=2023-03-02T14:28:22.514062+00:00
[2023-03-02T14:28:22.545+0000] {processor.py:175} INFO - Processing /home/airflow/.local/lib/python3.7/site-packages/airflow/example_dags/example_task_group.py took 0.203 seconds
[2023-03-02T14:28:54.326+0000] {processor.py:153} INFO - Started process (PID=522) to work on /home/airflow/.local/lib/python3.7/site-packages/airflow/example_dags/example_task_group.py
[2023-03-02T14:28:54.334+0000] {processor.py:743} INFO - Processing file /home/airflow/.local/lib/python3.7/site-packages/airflow/example_dags/example_task_group.py for tasks to queue
[2023-03-02T14:28:54.336+0000] {logging_mixin.py:137} INFO - [2023-03-02T14:28:54.336+0000] {dagbag.py:538} INFO - Filling up the DagBag from /home/airflow/.local/lib/python3.7/site-packages/airflow/example_dags/example_task_group.py
[2023-03-02T14:28:54.372+0000] {processor.py:753} INFO - DAG(s) dict_keys(['example_task_group']) retrieved from /home/airflow/.local/lib/python3.7/site-packages/airflow/example_dags/example_task_group.py
[2023-03-02T14:28:54.435+0000] {logging_mixin.py:137} INFO - [2023-03-02T14:28:54.434+0000] {dag.py:2690} INFO - Sync 1 DAGs
[2023-03-02T14:28:54.479+0000] {logging_mixin.py:137} INFO - [2023-03-02T14:28:54.479+0000] {dag.py:3441} INFO - Setting next_dagrun for example_task_group to 2023-03-01T14:28:54.479193+00:00, run_after=2023-03-02T14:28:54.479193+00:00
[2023-03-02T14:28:54.523+0000] {processor.py:175} INFO - Processing /home/airflow/.local/lib/python3.7/site-packages/airflow/example_dags/example_task_group.py took 0.206 seconds
[2023-03-02T15:58:27.387+0000] {processor.py:153} INFO - Started process (PID=585) to work on /home/airflow/.local/lib/python3.7/site-packages/airflow/example_dags/example_task_group.py
[2023-03-02T15:58:27.388+0000] {processor.py:743} INFO - Processing file /home/airflow/.local/lib/python3.7/site-packages/airflow/example_dags/example_task_group.py for tasks to queue
[2023-03-02T15:58:27.389+0000] {logging_mixin.py:137} INFO - [2023-03-02T15:58:27.389+0000] {dagbag.py:538} INFO - Filling up the DagBag from /home/airflow/.local/lib/python3.7/site-packages/airflow/example_dags/example_task_group.py
[2023-03-02T15:58:27.405+0000] {processor.py:753} INFO - DAG(s) dict_keys(['example_task_group']) retrieved from /home/airflow/.local/lib/python3.7/site-packages/airflow/example_dags/example_task_group.py
[2023-03-02T15:58:27.427+0000] {logging_mixin.py:137} INFO - [2023-03-02T15:58:27.427+0000] {dag.py:2690} INFO - Sync 1 DAGs
[2023-03-02T15:58:27.449+0000] {logging_mixin.py:137} INFO - [2023-03-02T15:58:27.449+0000] {dag.py:3441} INFO - Setting next_dagrun for example_task_group to 2023-03-01T15:58:27.449130+00:00, run_after=2023-03-02T15:58:27.449130+00:00
[2023-03-02T15:58:27.469+0000] {processor.py:175} INFO - Processing /home/airflow/.local/lib/python3.7/site-packages/airflow/example_dags/example_task_group.py took 0.085 seconds
[2023-03-02T16:32:19.665+0000] {processor.py:153} INFO - Started process (PID=648) to work on /home/airflow/.local/lib/python3.7/site-packages/airflow/example_dags/example_task_group.py
[2023-03-02T16:32:19.667+0000] {processor.py:743} INFO - Processing file /home/airflow/.local/lib/python3.7/site-packages/airflow/example_dags/example_task_group.py for tasks to queue
[2023-03-02T16:32:19.669+0000] {logging_mixin.py:137} INFO - [2023-03-02T16:32:19.669+0000] {dagbag.py:538} INFO - Filling up the DagBag from /home/airflow/.local/lib/python3.7/site-packages/airflow/example_dags/example_task_group.py
[2023-03-02T16:32:19.687+0000] {processor.py:753} INFO - DAG(s) dict_keys(['example_task_group']) retrieved from /home/airflow/.local/lib/python3.7/site-packages/airflow/example_dags/example_task_group.py
[2023-03-02T16:32:19.711+0000] {logging_mixin.py:137} INFO - [2023-03-02T16:32:19.711+0000] {dag.py:2690} INFO - Sync 1 DAGs
[2023-03-02T16:32:19.746+0000] {logging_mixin.py:137} INFO - [2023-03-02T16:32:19.746+0000] {dag.py:3441} INFO - Setting next_dagrun for example_task_group to 2023-03-01T16:32:19.746080+00:00, run_after=2023-03-02T16:32:19.746080+00:00
[2023-03-02T16:32:19.776+0000] {processor.py:175} INFO - Processing /home/airflow/.local/lib/python3.7/site-packages/airflow/example_dags/example_task_group.py took 0.116 seconds
[2023-03-02T16:40:23.718+0000] {processor.py:153} INFO - Started process (PID=766) to work on /home/airflow/.local/lib/python3.7/site-packages/airflow/example_dags/example_task_group.py
[2023-03-02T16:40:23.738+0000] {processor.py:743} INFO - Processing file /home/airflow/.local/lib/python3.7/site-packages/airflow/example_dags/example_task_group.py for tasks to queue
[2023-03-02T16:40:23.746+0000] {logging_mixin.py:137} INFO - [2023-03-02T16:40:23.744+0000] {dagbag.py:538} INFO - Filling up the DagBag from /home/airflow/.local/lib/python3.7/site-packages/airflow/example_dags/example_task_group.py
[2023-03-02T16:40:23.968+0000] {processor.py:753} INFO - DAG(s) dict_keys(['example_task_group']) retrieved from /home/airflow/.local/lib/python3.7/site-packages/airflow/example_dags/example_task_group.py
[2023-03-02T16:40:24.226+0000] {logging_mixin.py:137} INFO - [2023-03-02T16:40:24.223+0000] {dag.py:2690} INFO - Sync 1 DAGs
[2023-03-02T16:40:24.448+0000] {logging_mixin.py:137} INFO - [2023-03-02T16:40:24.447+0000] {dag.py:3441} INFO - Setting next_dagrun for example_task_group to 2023-03-01T16:40:24.438012+00:00, run_after=2023-03-02T16:40:24.438012+00:00
[2023-03-02T16:40:24.851+0000] {processor.py:175} INFO - Processing /home/airflow/.local/lib/python3.7/site-packages/airflow/example_dags/example_task_group.py took 1.139 seconds
[2023-03-02T16:40:57.688+0000] {processor.py:153} INFO - Started process (PID=829) to work on /home/airflow/.local/lib/python3.7/site-packages/airflow/example_dags/example_task_group.py
[2023-03-02T16:40:57.719+0000] {processor.py:743} INFO - Processing file /home/airflow/.local/lib/python3.7/site-packages/airflow/example_dags/example_task_group.py for tasks to queue
[2023-03-02T16:40:57.724+0000] {logging_mixin.py:137} INFO - [2023-03-02T16:40:57.724+0000] {dagbag.py:538} INFO - Filling up the DagBag from /home/airflow/.local/lib/python3.7/site-packages/airflow/example_dags/example_task_group.py
[2023-03-02T16:40:57.933+0000] {processor.py:753} INFO - DAG(s) dict_keys(['example_task_group']) retrieved from /home/airflow/.local/lib/python3.7/site-packages/airflow/example_dags/example_task_group.py
[2023-03-02T16:40:58.842+0000] {logging_mixin.py:137} INFO - [2023-03-02T16:40:58.836+0000] {dag.py:2690} INFO - Sync 1 DAGs
[2023-03-02T16:40:59.444+0000] {logging_mixin.py:137} INFO - [2023-03-02T16:40:59.431+0000] {dag.py:3441} INFO - Setting next_dagrun for example_task_group to 2023-03-01T16:40:59.415184+00:00, run_after=2023-03-02T16:40:59.415184+00:00
[2023-03-02T16:40:59.816+0000] {processor.py:175} INFO - Processing /home/airflow/.local/lib/python3.7/site-packages/airflow/example_dags/example_task_group.py took 2.163 seconds
[2023-03-02T16:41:30.661+0000] {processor.py:153} INFO - Started process (PID=879) to work on /home/airflow/.local/lib/python3.7/site-packages/airflow/example_dags/example_task_group.py
[2023-03-02T16:41:30.666+0000] {processor.py:743} INFO - Processing file /home/airflow/.local/lib/python3.7/site-packages/airflow/example_dags/example_task_group.py for tasks to queue
[2023-03-02T16:41:30.668+0000] {logging_mixin.py:137} INFO - [2023-03-02T16:41:30.668+0000] {dagbag.py:538} INFO - Filling up the DagBag from /home/airflow/.local/lib/python3.7/site-packages/airflow/example_dags/example_task_group.py
[2023-03-02T16:41:30.737+0000] {processor.py:753} INFO - DAG(s) dict_keys(['example_task_group']) retrieved from /home/airflow/.local/lib/python3.7/site-packages/airflow/example_dags/example_task_group.py
[2023-03-02T16:41:30.837+0000] {logging_mixin.py:137} INFO - [2023-03-02T16:41:30.837+0000] {dag.py:2690} INFO - Sync 1 DAGs
[2023-03-02T16:41:30.901+0000] {logging_mixin.py:137} INFO - [2023-03-02T16:41:30.901+0000] {dag.py:3441} INFO - Setting next_dagrun for example_task_group to 2023-03-01T16:41:30.900961+00:00, run_after=2023-03-02T16:41:30.900961+00:00
[2023-03-02T16:41:30.937+0000] {processor.py:175} INFO - Processing /home/airflow/.local/lib/python3.7/site-packages/airflow/example_dags/example_task_group.py took 0.326 seconds
[2023-03-02T16:42:01.454+0000] {processor.py:153} INFO - Started process (PID=954) to work on /home/airflow/.local/lib/python3.7/site-packages/airflow/example_dags/example_task_group.py
[2023-03-02T16:42:01.457+0000] {processor.py:743} INFO - Processing file /home/airflow/.local/lib/python3.7/site-packages/airflow/example_dags/example_task_group.py for tasks to queue
[2023-03-02T16:42:01.459+0000] {logging_mixin.py:137} INFO - [2023-03-02T16:42:01.459+0000] {dagbag.py:538} INFO - Filling up the DagBag from /home/airflow/.local/lib/python3.7/site-packages/airflow/example_dags/example_task_group.py
[2023-03-02T16:42:01.490+0000] {processor.py:753} INFO - DAG(s) dict_keys(['example_task_group']) retrieved from /home/airflow/.local/lib/python3.7/site-packages/airflow/example_dags/example_task_group.py
[2023-03-02T16:42:01.568+0000] {logging_mixin.py:137} INFO - [2023-03-02T16:42:01.567+0000] {dag.py:2690} INFO - Sync 1 DAGs
[2023-03-02T16:42:01.619+0000] {logging_mixin.py:137} INFO - [2023-03-02T16:42:01.619+0000] {dag.py:3441} INFO - Setting next_dagrun for example_task_group to 2023-03-01T16:42:01.617811+00:00, run_after=2023-03-02T16:42:01.617811+00:00
[2023-03-02T16:42:01.757+0000] {processor.py:175} INFO - Processing /home/airflow/.local/lib/python3.7/site-packages/airflow/example_dags/example_task_group.py took 0.307 seconds
[2023-03-02T16:42:32.675+0000] {processor.py:153} INFO - Started process (PID=1017) to work on /home/airflow/.local/lib/python3.7/site-packages/airflow/example_dags/example_task_group.py
[2023-03-02T16:42:32.744+0000] {processor.py:743} INFO - Processing file /home/airflow/.local/lib/python3.7/site-packages/airflow/example_dags/example_task_group.py for tasks to queue
[2023-03-02T16:42:32.773+0000] {logging_mixin.py:137} INFO - [2023-03-02T16:42:32.768+0000] {dagbag.py:538} INFO - Filling up the DagBag from /home/airflow/.local/lib/python3.7/site-packages/airflow/example_dags/example_task_group.py
[2023-03-02T16:42:34.508+0000] {processor.py:753} INFO - DAG(s) dict_keys(['example_task_group']) retrieved from /home/airflow/.local/lib/python3.7/site-packages/airflow/example_dags/example_task_group.py
[2023-03-02T16:42:35.743+0000] {logging_mixin.py:137} INFO - [2023-03-02T16:42:35.735+0000] {dag.py:2690} INFO - Sync 1 DAGs
[2023-03-02T16:42:36.472+0000] {logging_mixin.py:137} INFO - [2023-03-02T16:42:36.444+0000] {dag.py:3441} INFO - Setting next_dagrun for example_task_group to 2023-03-01T16:42:36.394151+00:00, run_after=2023-03-02T16:42:36.394151+00:00
[2023-03-02T16:42:37.967+0000] {processor.py:175} INFO - Processing /home/airflow/.local/lib/python3.7/site-packages/airflow/example_dags/example_task_group.py took 5.426 seconds
[2023-03-02T16:43:09.112+0000] {processor.py:153} INFO - Started process (PID=1080) to work on /home/airflow/.local/lib/python3.7/site-packages/airflow/example_dags/example_task_group.py
[2023-03-02T16:43:09.116+0000] {processor.py:743} INFO - Processing file /home/airflow/.local/lib/python3.7/site-packages/airflow/example_dags/example_task_group.py for tasks to queue
[2023-03-02T16:43:09.118+0000] {logging_mixin.py:137} INFO - [2023-03-02T16:43:09.118+0000] {dagbag.py:538} INFO - Filling up the DagBag from /home/airflow/.local/lib/python3.7/site-packages/airflow/example_dags/example_task_group.py
[2023-03-02T16:43:09.193+0000] {processor.py:753} INFO - DAG(s) dict_keys(['example_task_group']) retrieved from /home/airflow/.local/lib/python3.7/site-packages/airflow/example_dags/example_task_group.py
[2023-03-02T16:43:09.298+0000] {logging_mixin.py:137} INFO - [2023-03-02T16:43:09.297+0000] {dag.py:2690} INFO - Sync 1 DAGs
[2023-03-02T16:43:09.372+0000] {logging_mixin.py:137} INFO - [2023-03-02T16:43:09.372+0000] {dag.py:3441} INFO - Setting next_dagrun for example_task_group to 2023-03-01T16:43:09.371703+00:00, run_after=2023-03-02T16:43:09.371703+00:00
[2023-03-02T16:43:09.443+0000] {processor.py:175} INFO - Processing /home/airflow/.local/lib/python3.7/site-packages/airflow/example_dags/example_task_group.py took 0.346 seconds
[2023-03-02T16:43:40.120+0000] {processor.py:153} INFO - Started process (PID=1143) to work on /home/airflow/.local/lib/python3.7/site-packages/airflow/example_dags/example_task_group.py
[2023-03-02T16:43:40.124+0000] {processor.py:743} INFO - Processing file /home/airflow/.local/lib/python3.7/site-packages/airflow/example_dags/example_task_group.py for tasks to queue
[2023-03-02T16:43:40.129+0000] {logging_mixin.py:137} INFO - [2023-03-02T16:43:40.128+0000] {dagbag.py:538} INFO - Filling up the DagBag from /home/airflow/.local/lib/python3.7/site-packages/airflow/example_dags/example_task_group.py
[2023-03-02T16:43:40.186+0000] {processor.py:753} INFO - DAG(s) dict_keys(['example_task_group']) retrieved from /home/airflow/.local/lib/python3.7/site-packages/airflow/example_dags/example_task_group.py
[2023-03-02T16:43:40.268+0000] {logging_mixin.py:137} INFO - [2023-03-02T16:43:40.268+0000] {dag.py:2690} INFO - Sync 1 DAGs
[2023-03-02T16:43:40.309+0000] {logging_mixin.py:137} INFO - [2023-03-02T16:43:40.309+0000] {dag.py:3441} INFO - Setting next_dagrun for example_task_group to 2023-03-01T16:43:40.309194+00:00, run_after=2023-03-02T16:43:40.309194+00:00
[2023-03-02T16:43:40.327+0000] {processor.py:175} INFO - Processing /home/airflow/.local/lib/python3.7/site-packages/airflow/example_dags/example_task_group.py took 0.221 seconds
[2023-03-02T16:44:11.198+0000] {processor.py:153} INFO - Started process (PID=1217) to work on /home/airflow/.local/lib/python3.7/site-packages/airflow/example_dags/example_task_group.py
[2023-03-02T16:44:11.215+0000] {processor.py:743} INFO - Processing file /home/airflow/.local/lib/python3.7/site-packages/airflow/example_dags/example_task_group.py for tasks to queue
[2023-03-02T16:44:11.225+0000] {logging_mixin.py:137} INFO - [2023-03-02T16:44:11.225+0000] {dagbag.py:538} INFO - Filling up the DagBag from /home/airflow/.local/lib/python3.7/site-packages/airflow/example_dags/example_task_group.py
[2023-03-02T16:44:11.404+0000] {processor.py:753} INFO - DAG(s) dict_keys(['example_task_group']) retrieved from /home/airflow/.local/lib/python3.7/site-packages/airflow/example_dags/example_task_group.py
[2023-03-02T16:44:11.762+0000] {logging_mixin.py:137} INFO - [2023-03-02T16:44:11.761+0000] {dag.py:2690} INFO - Sync 1 DAGs
[2023-03-02T16:44:11.910+0000] {logging_mixin.py:137} INFO - [2023-03-02T16:44:11.909+0000] {dag.py:3441} INFO - Setting next_dagrun for example_task_group to 2023-03-01T16:44:11.904651+00:00, run_after=2023-03-02T16:44:11.904651+00:00
[2023-03-02T16:44:12.050+0000] {processor.py:175} INFO - Processing /home/airflow/.local/lib/python3.7/site-packages/airflow/example_dags/example_task_group.py took 0.883 seconds
[2023-03-02T16:49:51.155+0000] {processor.py:153} INFO - Started process (PID=1296) to work on /home/airflow/.local/lib/python3.7/site-packages/airflow/example_dags/example_task_group.py
[2023-03-02T16:49:51.172+0000] {processor.py:743} INFO - Processing file /home/airflow/.local/lib/python3.7/site-packages/airflow/example_dags/example_task_group.py for tasks to queue
[2023-03-02T16:49:51.173+0000] {logging_mixin.py:137} INFO - [2023-03-02T16:49:51.173+0000] {dagbag.py:538} INFO - Filling up the DagBag from /home/airflow/.local/lib/python3.7/site-packages/airflow/example_dags/example_task_group.py
[2023-03-02T16:49:51.211+0000] {processor.py:753} INFO - DAG(s) dict_keys(['example_task_group']) retrieved from /home/airflow/.local/lib/python3.7/site-packages/airflow/example_dags/example_task_group.py
[2023-03-02T16:49:51.256+0000] {logging_mixin.py:137} INFO - [2023-03-02T16:49:51.256+0000] {dag.py:2690} INFO - Sync 1 DAGs
[2023-03-02T16:49:51.291+0000] {logging_mixin.py:137} INFO - [2023-03-02T16:49:51.291+0000] {dag.py:3441} INFO - Setting next_dagrun for example_task_group to 2023-03-01T16:49:51.290759+00:00, run_after=2023-03-02T16:49:51.290759+00:00
[2023-03-02T16:49:51.315+0000] {processor.py:175} INFO - Processing /home/airflow/.local/lib/python3.7/site-packages/airflow/example_dags/example_task_group.py took 0.176 seconds
[2023-03-02T16:50:26.854+0000] {processor.py:153} INFO - Started process (PID=1371) to work on /home/airflow/.local/lib/python3.7/site-packages/airflow/example_dags/example_task_group.py
[2023-03-02T16:50:26.857+0000] {processor.py:743} INFO - Processing file /home/airflow/.local/lib/python3.7/site-packages/airflow/example_dags/example_task_group.py for tasks to queue
[2023-03-02T16:50:26.858+0000] {logging_mixin.py:137} INFO - [2023-03-02T16:50:26.858+0000] {dagbag.py:538} INFO - Filling up the DagBag from /home/airflow/.local/lib/python3.7/site-packages/airflow/example_dags/example_task_group.py
[2023-03-02T16:50:26.875+0000] {processor.py:753} INFO - DAG(s) dict_keys(['example_task_group']) retrieved from /home/airflow/.local/lib/python3.7/site-packages/airflow/example_dags/example_task_group.py
[2023-03-02T16:50:26.905+0000] {logging_mixin.py:137} INFO - [2023-03-02T16:50:26.905+0000] {dag.py:2690} INFO - Sync 1 DAGs
[2023-03-02T16:50:26.928+0000] {logging_mixin.py:137} INFO - [2023-03-02T16:50:26.928+0000] {dag.py:3441} INFO - Setting next_dagrun for example_task_group to 2023-03-01T16:50:26.927778+00:00, run_after=2023-03-02T16:50:26.927778+00:00
[2023-03-02T16:50:26.951+0000] {processor.py:175} INFO - Processing /home/airflow/.local/lib/python3.7/site-packages/airflow/example_dags/example_task_group.py took 0.101 seconds
[2023-03-02T16:50:58.771+0000] {processor.py:153} INFO - Started process (PID=1436) to work on /home/airflow/.local/lib/python3.7/site-packages/airflow/example_dags/example_task_group.py
[2023-03-02T16:50:58.772+0000] {processor.py:743} INFO - Processing file /home/airflow/.local/lib/python3.7/site-packages/airflow/example_dags/example_task_group.py for tasks to queue
[2023-03-02T16:50:58.780+0000] {logging_mixin.py:137} INFO - [2023-03-02T16:50:58.779+0000] {dagbag.py:538} INFO - Filling up the DagBag from /home/airflow/.local/lib/python3.7/site-packages/airflow/example_dags/example_task_group.py
[2023-03-02T16:50:58.803+0000] {processor.py:753} INFO - DAG(s) dict_keys(['example_task_group']) retrieved from /home/airflow/.local/lib/python3.7/site-packages/airflow/example_dags/example_task_group.py
[2023-03-02T16:50:58.842+0000] {logging_mixin.py:137} INFO - [2023-03-02T16:50:58.842+0000] {dag.py:2690} INFO - Sync 1 DAGs
[2023-03-02T16:50:58.875+0000] {logging_mixin.py:137} INFO - [2023-03-02T16:50:58.875+0000] {dag.py:3441} INFO - Setting next_dagrun for example_task_group to 2023-03-01T16:50:58.874901+00:00, run_after=2023-03-02T16:50:58.874901+00:00
[2023-03-02T16:50:58.905+0000] {processor.py:175} INFO - Processing /home/airflow/.local/lib/python3.7/site-packages/airflow/example_dags/example_task_group.py took 0.138 seconds
[2023-03-02T16:51:31.017+0000] {processor.py:153} INFO - Started process (PID=1499) to work on /home/airflow/.local/lib/python3.7/site-packages/airflow/example_dags/example_task_group.py
[2023-03-02T16:51:31.019+0000] {processor.py:743} INFO - Processing file /home/airflow/.local/lib/python3.7/site-packages/airflow/example_dags/example_task_group.py for tasks to queue
[2023-03-02T16:51:31.021+0000] {logging_mixin.py:137} INFO - [2023-03-02T16:51:31.021+0000] {dagbag.py:538} INFO - Filling up the DagBag from /home/airflow/.local/lib/python3.7/site-packages/airflow/example_dags/example_task_group.py
[2023-03-02T16:51:31.039+0000] {processor.py:753} INFO - DAG(s) dict_keys(['example_task_group']) retrieved from /home/airflow/.local/lib/python3.7/site-packages/airflow/example_dags/example_task_group.py
[2023-03-02T16:51:31.065+0000] {logging_mixin.py:137} INFO - [2023-03-02T16:51:31.065+0000] {dag.py:2690} INFO - Sync 1 DAGs
[2023-03-02T16:51:31.084+0000] {logging_mixin.py:137} INFO - [2023-03-02T16:51:31.084+0000] {dag.py:3441} INFO - Setting next_dagrun for example_task_group to 2023-03-01T16:51:31.084419+00:00, run_after=2023-03-02T16:51:31.084419+00:00
[2023-03-02T16:51:31.099+0000] {processor.py:175} INFO - Processing /home/airflow/.local/lib/python3.7/site-packages/airflow/example_dags/example_task_group.py took 0.085 seconds
[2023-03-02T16:52:01.540+0000] {processor.py:153} INFO - Started process (PID=1562) to work on /home/airflow/.local/lib/python3.7/site-packages/airflow/example_dags/example_task_group.py
[2023-03-02T16:52:01.542+0000] {processor.py:743} INFO - Processing file /home/airflow/.local/lib/python3.7/site-packages/airflow/example_dags/example_task_group.py for tasks to queue
[2023-03-02T16:52:01.542+0000] {logging_mixin.py:137} INFO - [2023-03-02T16:52:01.542+0000] {dagbag.py:538} INFO - Filling up the DagBag from /home/airflow/.local/lib/python3.7/site-packages/airflow/example_dags/example_task_group.py
[2023-03-02T16:52:01.568+0000] {processor.py:753} INFO - DAG(s) dict_keys(['example_task_group']) retrieved from /home/airflow/.local/lib/python3.7/site-packages/airflow/example_dags/example_task_group.py
[2023-03-02T16:52:01.597+0000] {logging_mixin.py:137} INFO - [2023-03-02T16:52:01.597+0000] {dag.py:2690} INFO - Sync 1 DAGs
[2023-03-02T16:52:01.618+0000] {logging_mixin.py:137} INFO - [2023-03-02T16:52:01.618+0000] {dag.py:3441} INFO - Setting next_dagrun for example_task_group to 2023-03-01T16:52:01.618148+00:00, run_after=2023-03-02T16:52:01.618148+00:00
[2023-03-02T16:52:01.632+0000] {processor.py:175} INFO - Processing /home/airflow/.local/lib/python3.7/site-packages/airflow/example_dags/example_task_group.py took 0.095 seconds
[2023-03-02T16:52:35.390+0000] {processor.py:153} INFO - Started process (PID=1638) to work on /home/airflow/.local/lib/python3.7/site-packages/airflow/example_dags/example_task_group.py
[2023-03-02T16:52:35.393+0000] {processor.py:743} INFO - Processing file /home/airflow/.local/lib/python3.7/site-packages/airflow/example_dags/example_task_group.py for tasks to queue
[2023-03-02T16:52:35.396+0000] {logging_mixin.py:137} INFO - [2023-03-02T16:52:35.396+0000] {dagbag.py:538} INFO - Filling up the DagBag from /home/airflow/.local/lib/python3.7/site-packages/airflow/example_dags/example_task_group.py
[2023-03-02T16:52:35.419+0000] {processor.py:753} INFO - DAG(s) dict_keys(['example_task_group']) retrieved from /home/airflow/.local/lib/python3.7/site-packages/airflow/example_dags/example_task_group.py
[2023-03-02T16:52:35.450+0000] {logging_mixin.py:137} INFO - [2023-03-02T16:52:35.450+0000] {dag.py:2690} INFO - Sync 1 DAGs
[2023-03-02T16:52:35.473+0000] {logging_mixin.py:137} INFO - [2023-03-02T16:52:35.473+0000] {dag.py:3441} INFO - Setting next_dagrun for example_task_group to 2023-03-01T16:52:35.473099+00:00, run_after=2023-03-02T16:52:35.473099+00:00
[2023-03-02T16:52:35.504+0000] {processor.py:175} INFO - Processing /home/airflow/.local/lib/python3.7/site-packages/airflow/example_dags/example_task_group.py took 0.121 seconds
[2023-03-02T16:53:06.307+0000] {processor.py:153} INFO - Started process (PID=1702) to work on /home/airflow/.local/lib/python3.7/site-packages/airflow/example_dags/example_task_group.py
[2023-03-02T16:53:06.308+0000] {processor.py:743} INFO - Processing file /home/airflow/.local/lib/python3.7/site-packages/airflow/example_dags/example_task_group.py for tasks to queue
[2023-03-02T16:53:06.309+0000] {logging_mixin.py:137} INFO - [2023-03-02T16:53:06.308+0000] {dagbag.py:538} INFO - Filling up the DagBag from /home/airflow/.local/lib/python3.7/site-packages/airflow/example_dags/example_task_group.py
[2023-03-02T16:53:06.320+0000] {processor.py:753} INFO - DAG(s) dict_keys(['example_task_group']) retrieved from /home/airflow/.local/lib/python3.7/site-packages/airflow/example_dags/example_task_group.py
[2023-03-02T16:53:06.341+0000] {logging_mixin.py:137} INFO - [2023-03-02T16:53:06.341+0000] {dag.py:2690} INFO - Sync 1 DAGs
[2023-03-02T16:53:06.359+0000] {logging_mixin.py:137} INFO - [2023-03-02T16:53:06.359+0000] {dag.py:3441} INFO - Setting next_dagrun for example_task_group to 2023-03-01T16:53:06.359245+00:00, run_after=2023-03-02T16:53:06.359245+00:00
[2023-03-02T16:53:06.389+0000] {processor.py:175} INFO - Processing /home/airflow/.local/lib/python3.7/site-packages/airflow/example_dags/example_task_group.py took 0.086 seconds
[2023-03-02T16:53:37.167+0000] {processor.py:153} INFO - Started process (PID=1777) to work on /home/airflow/.local/lib/python3.7/site-packages/airflow/example_dags/example_task_group.py
[2023-03-02T16:53:37.170+0000] {processor.py:743} INFO - Processing file /home/airflow/.local/lib/python3.7/site-packages/airflow/example_dags/example_task_group.py for tasks to queue
[2023-03-02T16:53:37.173+0000] {logging_mixin.py:137} INFO - [2023-03-02T16:53:37.173+0000] {dagbag.py:538} INFO - Filling up the DagBag from /home/airflow/.local/lib/python3.7/site-packages/airflow/example_dags/example_task_group.py
[2023-03-02T16:53:37.199+0000] {processor.py:753} INFO - DAG(s) dict_keys(['example_task_group']) retrieved from /home/airflow/.local/lib/python3.7/site-packages/airflow/example_dags/example_task_group.py
[2023-03-02T16:53:37.246+0000] {logging_mixin.py:137} INFO - [2023-03-02T16:53:37.246+0000] {dag.py:2690} INFO - Sync 1 DAGs
[2023-03-02T16:53:37.284+0000] {logging_mixin.py:137} INFO - [2023-03-02T16:53:37.284+0000] {dag.py:3441} INFO - Setting next_dagrun for example_task_group to 2023-03-01T16:53:37.284448+00:00, run_after=2023-03-02T16:53:37.284448+00:00
[2023-03-02T16:53:37.308+0000] {processor.py:175} INFO - Processing /home/airflow/.local/lib/python3.7/site-packages/airflow/example_dags/example_task_group.py took 0.148 seconds
[2023-03-02T16:54:07.976+0000] {processor.py:153} INFO - Started process (PID=1841) to work on /home/airflow/.local/lib/python3.7/site-packages/airflow/example_dags/example_task_group.py
[2023-03-02T16:54:07.978+0000] {processor.py:743} INFO - Processing file /home/airflow/.local/lib/python3.7/site-packages/airflow/example_dags/example_task_group.py for tasks to queue
[2023-03-02T16:54:07.978+0000] {logging_mixin.py:137} INFO - [2023-03-02T16:54:07.978+0000] {dagbag.py:538} INFO - Filling up the DagBag from /home/airflow/.local/lib/python3.7/site-packages/airflow/example_dags/example_task_group.py
[2023-03-02T16:54:07.992+0000] {processor.py:753} INFO - DAG(s) dict_keys(['example_task_group']) retrieved from /home/airflow/.local/lib/python3.7/site-packages/airflow/example_dags/example_task_group.py
[2023-03-02T16:54:08.013+0000] {logging_mixin.py:137} INFO - [2023-03-02T16:54:08.013+0000] {dag.py:2690} INFO - Sync 1 DAGs
[2023-03-02T16:54:08.034+0000] {logging_mixin.py:137} INFO - [2023-03-02T16:54:08.034+0000] {dag.py:3441} INFO - Setting next_dagrun for example_task_group to 2023-03-01T16:54:08.034369+00:00, run_after=2023-03-02T16:54:08.034369+00:00
[2023-03-02T16:54:08.061+0000] {processor.py:175} INFO - Processing /home/airflow/.local/lib/python3.7/site-packages/airflow/example_dags/example_task_group.py took 0.088 seconds
[2023-03-02T17:25:18.449+0000] {processor.py:153} INFO - Started process (PID=1962) to work on /home/airflow/.local/lib/python3.7/site-packages/airflow/example_dags/example_task_group.py
[2023-03-02T17:25:18.463+0000] {processor.py:743} INFO - Processing file /home/airflow/.local/lib/python3.7/site-packages/airflow/example_dags/example_task_group.py for tasks to queue
[2023-03-02T17:25:18.468+0000] {logging_mixin.py:137} INFO - [2023-03-02T17:25:18.467+0000] {dagbag.py:538} INFO - Filling up the DagBag from /home/airflow/.local/lib/python3.7/site-packages/airflow/example_dags/example_task_group.py
[2023-03-02T17:25:18.719+0000] {processor.py:753} INFO - DAG(s) dict_keys(['example_task_group']) retrieved from /home/airflow/.local/lib/python3.7/site-packages/airflow/example_dags/example_task_group.py
[2023-03-02T17:25:19.055+0000] {logging_mixin.py:137} INFO - [2023-03-02T17:25:19.054+0000] {dag.py:2690} INFO - Sync 1 DAGs
[2023-03-02T17:25:19.255+0000] {logging_mixin.py:137} INFO - [2023-03-02T17:25:19.255+0000] {dag.py:3441} INFO - Setting next_dagrun for example_task_group to 2023-03-01T17:25:19.254362+00:00, run_after=2023-03-02T17:25:19.254362+00:00
[2023-03-02T17:25:19.447+0000] {processor.py:175} INFO - Processing /home/airflow/.local/lib/python3.7/site-packages/airflow/example_dags/example_task_group.py took 1.025 seconds
[2023-03-02T17:25:50.534+0000] {processor.py:153} INFO - Started process (PID=2026) to work on /home/airflow/.local/lib/python3.7/site-packages/airflow/example_dags/example_task_group.py
[2023-03-02T17:25:50.538+0000] {processor.py:743} INFO - Processing file /home/airflow/.local/lib/python3.7/site-packages/airflow/example_dags/example_task_group.py for tasks to queue
[2023-03-02T17:25:50.541+0000] {logging_mixin.py:137} INFO - [2023-03-02T17:25:50.541+0000] {dagbag.py:538} INFO - Filling up the DagBag from /home/airflow/.local/lib/python3.7/site-packages/airflow/example_dags/example_task_group.py
[2023-03-02T17:25:50.606+0000] {processor.py:753} INFO - DAG(s) dict_keys(['example_task_group']) retrieved from /home/airflow/.local/lib/python3.7/site-packages/airflow/example_dags/example_task_group.py
[2023-03-02T17:25:50.677+0000] {logging_mixin.py:137} INFO - [2023-03-02T17:25:50.677+0000] {dag.py:2690} INFO - Sync 1 DAGs
[2023-03-02T17:25:50.727+0000] {logging_mixin.py:137} INFO - [2023-03-02T17:25:50.727+0000] {dag.py:3441} INFO - Setting next_dagrun for example_task_group to 2023-03-01T17:25:50.726648+00:00, run_after=2023-03-02T17:25:50.726648+00:00
[2023-03-02T17:25:50.747+0000] {processor.py:175} INFO - Processing /home/airflow/.local/lib/python3.7/site-packages/airflow/example_dags/example_task_group.py took 0.224 seconds
[2023-03-02T17:26:21.117+0000] {processor.py:153} INFO - Started process (PID=2089) to work on /home/airflow/.local/lib/python3.7/site-packages/airflow/example_dags/example_task_group.py
[2023-03-02T17:26:21.120+0000] {processor.py:743} INFO - Processing file /home/airflow/.local/lib/python3.7/site-packages/airflow/example_dags/example_task_group.py for tasks to queue
[2023-03-02T17:26:21.122+0000] {logging_mixin.py:137} INFO - [2023-03-02T17:26:21.122+0000] {dagbag.py:538} INFO - Filling up the DagBag from /home/airflow/.local/lib/python3.7/site-packages/airflow/example_dags/example_task_group.py
[2023-03-02T17:26:21.156+0000] {processor.py:753} INFO - DAG(s) dict_keys(['example_task_group']) retrieved from /home/airflow/.local/lib/python3.7/site-packages/airflow/example_dags/example_task_group.py
[2023-03-02T17:26:21.230+0000] {logging_mixin.py:137} INFO - [2023-03-02T17:26:21.229+0000] {dag.py:2690} INFO - Sync 1 DAGs
[2023-03-02T17:26:21.270+0000] {logging_mixin.py:137} INFO - [2023-03-02T17:26:21.270+0000] {dag.py:3441} INFO - Setting next_dagrun for example_task_group to 2023-03-01T17:26:21.270097+00:00, run_after=2023-03-02T17:26:21.270097+00:00
[2023-03-02T17:26:21.312+0000] {processor.py:175} INFO - Processing /home/airflow/.local/lib/python3.7/site-packages/airflow/example_dags/example_task_group.py took 0.204 seconds
[2023-03-02T17:26:52.535+0000] {processor.py:153} INFO - Started process (PID=2165) to work on /home/airflow/.local/lib/python3.7/site-packages/airflow/example_dags/example_task_group.py
[2023-03-02T17:26:52.879+0000] {processor.py:743} INFO - Processing file /home/airflow/.local/lib/python3.7/site-packages/airflow/example_dags/example_task_group.py for tasks to queue
[2023-03-02T17:26:53.495+0000] {logging_mixin.py:137} INFO - [2023-03-02T17:26:53.492+0000] {dagbag.py:538} INFO - Filling up the DagBag from /home/airflow/.local/lib/python3.7/site-packages/airflow/example_dags/example_task_group.py
[2023-03-02T17:26:53.844+0000] {processor.py:753} INFO - DAG(s) dict_keys(['example_task_group']) retrieved from /home/airflow/.local/lib/python3.7/site-packages/airflow/example_dags/example_task_group.py
[2023-03-02T17:26:54.777+0000] {logging_mixin.py:137} INFO - [2023-03-02T17:26:54.775+0000] {dag.py:2690} INFO - Sync 1 DAGs
[2023-03-02T17:26:54.893+0000] {logging_mixin.py:137} INFO - [2023-03-02T17:26:54.892+0000] {dag.py:3441} INFO - Setting next_dagrun for example_task_group to 2023-03-01T17:26:54.888833+00:00, run_after=2023-03-02T17:26:54.888833+00:00
[2023-03-02T17:26:54.985+0000] {processor.py:175} INFO - Processing /home/airflow/.local/lib/python3.7/site-packages/airflow/example_dags/example_task_group.py took 2.583 seconds
[2023-03-02T18:31:45.922+0000] {processor.py:153} INFO - Started process (PID=2257) to work on /home/airflow/.local/lib/python3.7/site-packages/airflow/example_dags/example_task_group.py
[2023-03-02T18:31:45.924+0000] {processor.py:743} INFO - Processing file /home/airflow/.local/lib/python3.7/site-packages/airflow/example_dags/example_task_group.py for tasks to queue
[2023-03-02T18:31:45.925+0000] {logging_mixin.py:137} INFO - [2023-03-02T18:31:45.925+0000] {dagbag.py:538} INFO - Filling up the DagBag from /home/airflow/.local/lib/python3.7/site-packages/airflow/example_dags/example_task_group.py
[2023-03-02T18:31:45.941+0000] {processor.py:753} INFO - DAG(s) dict_keys(['example_task_group']) retrieved from /home/airflow/.local/lib/python3.7/site-packages/airflow/example_dags/example_task_group.py
[2023-03-02T18:31:45.971+0000] {logging_mixin.py:137} INFO - [2023-03-02T18:31:45.971+0000] {dag.py:2690} INFO - Sync 1 DAGs
[2023-03-02T18:31:45.994+0000] {logging_mixin.py:137} INFO - [2023-03-02T18:31:45.994+0000] {dag.py:3441} INFO - Setting next_dagrun for example_task_group to 2023-03-01T18:31:45.993840+00:00, run_after=2023-03-02T18:31:45.993840+00:00
[2023-03-02T18:31:46.017+0000] {processor.py:175} INFO - Processing /home/airflow/.local/lib/python3.7/site-packages/airflow/example_dags/example_task_group.py took 0.099 seconds
[2023-03-02T18:49:45.275+0000] {processor.py:153} INFO - Started process (PID=2320) to work on /home/airflow/.local/lib/python3.7/site-packages/airflow/example_dags/example_task_group.py
[2023-03-02T18:49:45.412+0000] {processor.py:743} INFO - Processing file /home/airflow/.local/lib/python3.7/site-packages/airflow/example_dags/example_task_group.py for tasks to queue
[2023-03-02T18:49:45.418+0000] {logging_mixin.py:137} INFO - [2023-03-02T18:49:45.417+0000] {dagbag.py:538} INFO - Filling up the DagBag from /home/airflow/.local/lib/python3.7/site-packages/airflow/example_dags/example_task_group.py
[2023-03-02T18:49:45.548+0000] {processor.py:753} INFO - DAG(s) dict_keys(['example_task_group']) retrieved from /home/airflow/.local/lib/python3.7/site-packages/airflow/example_dags/example_task_group.py
[2023-03-02T18:49:45.622+0000] {logging_mixin.py:137} INFO - [2023-03-02T18:49:45.622+0000] {dag.py:2690} INFO - Sync 1 DAGs
[2023-03-02T18:49:45.663+0000] {logging_mixin.py:137} INFO - [2023-03-02T18:49:45.662+0000] {dag.py:3441} INFO - Setting next_dagrun for example_task_group to 2023-03-01T18:49:45.660842+00:00, run_after=2023-03-02T18:49:45.660842+00:00
[2023-03-02T18:49:45.700+0000] {processor.py:175} INFO - Processing /home/airflow/.local/lib/python3.7/site-packages/airflow/example_dags/example_task_group.py took 0.599 seconds
[2023-03-02T20:56:07.285+0000] {processor.py:153} INFO - Started process (PID=2411) to work on /home/airflow/.local/lib/python3.7/site-packages/airflow/example_dags/example_task_group.py
[2023-03-02T20:56:07.344+0000] {processor.py:743} INFO - Processing file /home/airflow/.local/lib/python3.7/site-packages/airflow/example_dags/example_task_group.py for tasks to queue
[2023-03-02T20:56:07.361+0000] {logging_mixin.py:137} INFO - [2023-03-02T20:56:07.359+0000] {dagbag.py:538} INFO - Filling up the DagBag from /home/airflow/.local/lib/python3.7/site-packages/airflow/example_dags/example_task_group.py
[2023-03-02T20:56:10.179+0000] {processor.py:753} INFO - DAG(s) dict_keys(['example_task_group']) retrieved from /home/airflow/.local/lib/python3.7/site-packages/airflow/example_dags/example_task_group.py
[2023-03-02T20:56:11.207+0000] {logging_mixin.py:137} INFO - [2023-03-02T20:56:11.204+0000] {dag.py:2690} INFO - Sync 1 DAGs
[2023-03-02T20:56:12.927+0000] {logging_mixin.py:137} INFO - [2023-03-02T20:56:12.917+0000] {dag.py:3441} INFO - Setting next_dagrun for example_task_group to 2023-03-01T20:56:12.904606+00:00, run_after=2023-03-02T20:56:12.904606+00:00
[2023-03-02T20:56:13.194+0000] {processor.py:175} INFO - Processing /home/airflow/.local/lib/python3.7/site-packages/airflow/example_dags/example_task_group.py took 6.002 seconds
