[2023-03-02T13:04:49.098+0000] {processor.py:153} INFO - Started process (PID=72) to work on /home/airflow/.local/lib/python3.7/site-packages/airflow/example_dags/example_complex.py
[2023-03-02T13:04:49.099+0000] {processor.py:743} INFO - Processing file /home/airflow/.local/lib/python3.7/site-packages/airflow/example_dags/example_complex.py for tasks to queue
[2023-03-02T13:04:49.100+0000] {logging_mixin.py:137} INFO - [2023-03-02T13:04:49.100+0000] {dagbag.py:538} INFO - Filling up the DagBag from /home/airflow/.local/lib/python3.7/site-packages/airflow/example_dags/example_complex.py
[2023-03-02T13:04:49.110+0000] {logging_mixin.py:137} INFO - [2023-03-02T13:04:49.109+0000] {taskmixin.py:205} WARNING - Dependency <Task(BashOperator): create_entry_group>, delete_entry_group already registered for DAG: example_complex
[2023-03-02T13:04:49.110+0000] {logging_mixin.py:137} INFO - [2023-03-02T13:04:49.110+0000] {taskmixin.py:205} WARNING - Dependency <Task(BashOperator): delete_entry_group>, create_entry_group already registered for DAG: example_complex
[2023-03-02T13:04:49.111+0000] {logging_mixin.py:137} INFO - [2023-03-02T13:04:49.111+0000] {taskmixin.py:205} WARNING - Dependency <Task(BashOperator): create_entry_gcs>, delete_entry already registered for DAG: example_complex
[2023-03-02T13:04:49.111+0000] {logging_mixin.py:137} INFO - [2023-03-02T13:04:49.111+0000] {taskmixin.py:205} WARNING - Dependency <Task(BashOperator): delete_entry>, create_entry_gcs already registered for DAG: example_complex
[2023-03-02T13:04:49.112+0000] {logging_mixin.py:137} INFO - [2023-03-02T13:04:49.112+0000] {taskmixin.py:205} WARNING - Dependency <Task(BashOperator): create_tag>, delete_tag already registered for DAG: example_complex
[2023-03-02T13:04:49.112+0000] {logging_mixin.py:137} INFO - [2023-03-02T13:04:49.112+0000] {taskmixin.py:205} WARNING - Dependency <Task(BashOperator): delete_tag>, create_tag already registered for DAG: example_complex
[2023-03-02T13:04:49.118+0000] {processor.py:753} INFO - DAG(s) dict_keys(['example_complex']) retrieved from /home/airflow/.local/lib/python3.7/site-packages/airflow/example_dags/example_complex.py
[2023-03-02T13:04:49.203+0000] {logging_mixin.py:137} INFO - [2023-03-02T13:04:49.203+0000] {manager.py:504} INFO - Created Permission View: can delete on DAG:example_complex
[2023-03-02T13:04:49.212+0000] {logging_mixin.py:137} INFO - [2023-03-02T13:04:49.212+0000] {manager.py:504} INFO - Created Permission View: can read on DAG:example_complex
[2023-03-02T13:04:49.221+0000] {logging_mixin.py:137} INFO - [2023-03-02T13:04:49.221+0000] {manager.py:504} INFO - Created Permission View: can edit on DAG:example_complex
[2023-03-02T13:04:49.223+0000] {logging_mixin.py:137} INFO - [2023-03-02T13:04:49.222+0000] {dag.py:2690} INFO - Sync 1 DAGs
[2023-03-02T13:04:49.240+0000] {logging_mixin.py:137} INFO - [2023-03-02T13:04:49.240+0000] {dag.py:2711} INFO - Creating ORM DAG for example_complex
[2023-03-02T13:04:49.253+0000] {logging_mixin.py:137} INFO - [2023-03-02T13:04:49.253+0000] {dag.py:3441} INFO - Setting next_dagrun for example_complex to None, run_after=None
[2023-03-02T13:04:49.273+0000] {processor.py:175} INFO - Processing /home/airflow/.local/lib/python3.7/site-packages/airflow/example_dags/example_complex.py took 0.177 seconds
[2023-03-02T13:05:19.658+0000] {processor.py:153} INFO - Started process (PID=136) to work on /home/airflow/.local/lib/python3.7/site-packages/airflow/example_dags/example_complex.py
[2023-03-02T13:05:19.660+0000] {processor.py:743} INFO - Processing file /home/airflow/.local/lib/python3.7/site-packages/airflow/example_dags/example_complex.py for tasks to queue
[2023-03-02T13:05:19.661+0000] {logging_mixin.py:137} INFO - [2023-03-02T13:05:19.661+0000] {dagbag.py:538} INFO - Filling up the DagBag from /home/airflow/.local/lib/python3.7/site-packages/airflow/example_dags/example_complex.py
[2023-03-02T13:05:19.671+0000] {logging_mixin.py:137} INFO - [2023-03-02T13:05:19.671+0000] {taskmixin.py:205} WARNING - Dependency <Task(BashOperator): create_entry_group>, delete_entry_group already registered for DAG: example_complex
[2023-03-02T13:05:19.673+0000] {logging_mixin.py:137} INFO - [2023-03-02T13:05:19.672+0000] {taskmixin.py:205} WARNING - Dependency <Task(BashOperator): delete_entry_group>, create_entry_group already registered for DAG: example_complex
[2023-03-02T13:05:19.673+0000] {logging_mixin.py:137} INFO - [2023-03-02T13:05:19.673+0000] {taskmixin.py:205} WARNING - Dependency <Task(BashOperator): create_entry_gcs>, delete_entry already registered for DAG: example_complex
[2023-03-02T13:05:19.674+0000] {logging_mixin.py:137} INFO - [2023-03-02T13:05:19.674+0000] {taskmixin.py:205} WARNING - Dependency <Task(BashOperator): delete_entry>, create_entry_gcs already registered for DAG: example_complex
[2023-03-02T13:05:19.675+0000] {logging_mixin.py:137} INFO - [2023-03-02T13:05:19.675+0000] {taskmixin.py:205} WARNING - Dependency <Task(BashOperator): create_tag>, delete_tag already registered for DAG: example_complex
[2023-03-02T13:05:19.678+0000] {logging_mixin.py:137} INFO - [2023-03-02T13:05:19.678+0000] {taskmixin.py:205} WARNING - Dependency <Task(BashOperator): delete_tag>, create_tag already registered for DAG: example_complex
[2023-03-02T13:05:19.684+0000] {processor.py:753} INFO - DAG(s) dict_keys(['example_complex']) retrieved from /home/airflow/.local/lib/python3.7/site-packages/airflow/example_dags/example_complex.py
[2023-03-02T13:05:19.710+0000] {logging_mixin.py:137} INFO - [2023-03-02T13:05:19.710+0000] {dag.py:2690} INFO - Sync 1 DAGs
[2023-03-02T13:05:19.732+0000] {logging_mixin.py:137} INFO - [2023-03-02T13:05:19.732+0000] {dag.py:3441} INFO - Setting next_dagrun for example_complex to None, run_after=None
[2023-03-02T13:05:19.746+0000] {processor.py:175} INFO - Processing /home/airflow/.local/lib/python3.7/site-packages/airflow/example_dags/example_complex.py took 0.093 seconds
[2023-03-02T13:05:49.927+0000] {processor.py:153} INFO - Started process (PID=212) to work on /home/airflow/.local/lib/python3.7/site-packages/airflow/example_dags/example_complex.py
[2023-03-02T13:05:49.928+0000] {processor.py:743} INFO - Processing file /home/airflow/.local/lib/python3.7/site-packages/airflow/example_dags/example_complex.py for tasks to queue
[2023-03-02T13:05:49.929+0000] {logging_mixin.py:137} INFO - [2023-03-02T13:05:49.929+0000] {dagbag.py:538} INFO - Filling up the DagBag from /home/airflow/.local/lib/python3.7/site-packages/airflow/example_dags/example_complex.py
[2023-03-02T13:05:49.937+0000] {logging_mixin.py:137} INFO - [2023-03-02T13:05:49.937+0000] {taskmixin.py:205} WARNING - Dependency <Task(BashOperator): create_entry_group>, delete_entry_group already registered for DAG: example_complex
[2023-03-02T13:05:49.937+0000] {logging_mixin.py:137} INFO - [2023-03-02T13:05:49.937+0000] {taskmixin.py:205} WARNING - Dependency <Task(BashOperator): delete_entry_group>, create_entry_group already registered for DAG: example_complex
[2023-03-02T13:05:49.938+0000] {logging_mixin.py:137} INFO - [2023-03-02T13:05:49.938+0000] {taskmixin.py:205} WARNING - Dependency <Task(BashOperator): create_entry_gcs>, delete_entry already registered for DAG: example_complex
[2023-03-02T13:05:49.938+0000] {logging_mixin.py:137} INFO - [2023-03-02T13:05:49.938+0000] {taskmixin.py:205} WARNING - Dependency <Task(BashOperator): delete_entry>, create_entry_gcs already registered for DAG: example_complex
[2023-03-02T13:05:49.939+0000] {logging_mixin.py:137} INFO - [2023-03-02T13:05:49.939+0000] {taskmixin.py:205} WARNING - Dependency <Task(BashOperator): create_tag>, delete_tag already registered for DAG: example_complex
[2023-03-02T13:05:49.939+0000] {logging_mixin.py:137} INFO - [2023-03-02T13:05:49.939+0000] {taskmixin.py:205} WARNING - Dependency <Task(BashOperator): delete_tag>, create_tag already registered for DAG: example_complex
[2023-03-02T13:05:49.944+0000] {processor.py:753} INFO - DAG(s) dict_keys(['example_complex']) retrieved from /home/airflow/.local/lib/python3.7/site-packages/airflow/example_dags/example_complex.py
[2023-03-02T13:05:49.965+0000] {logging_mixin.py:137} INFO - [2023-03-02T13:05:49.965+0000] {dag.py:2690} INFO - Sync 1 DAGs
[2023-03-02T13:05:49.980+0000] {logging_mixin.py:137} INFO - [2023-03-02T13:05:49.979+0000] {dag.py:3441} INFO - Setting next_dagrun for example_complex to None, run_after=None
[2023-03-02T13:05:49.996+0000] {processor.py:175} INFO - Processing /home/airflow/.local/lib/python3.7/site-packages/airflow/example_dags/example_complex.py took 0.071 seconds
[2023-03-02T13:19:41.799+0000] {processor.py:153} INFO - Started process (PID=288) to work on /home/airflow/.local/lib/python3.7/site-packages/airflow/example_dags/example_complex.py
[2023-03-02T13:19:42.119+0000] {processor.py:743} INFO - Processing file /home/airflow/.local/lib/python3.7/site-packages/airflow/example_dags/example_complex.py for tasks to queue
[2023-03-02T13:19:42.205+0000] {logging_mixin.py:137} INFO - [2023-03-02T13:19:42.204+0000] {dagbag.py:538} INFO - Filling up the DagBag from /home/airflow/.local/lib/python3.7/site-packages/airflow/example_dags/example_complex.py
[2023-03-02T14:26:30.845+0000] {processor.py:153} INFO - Started process (PID=358) to work on /home/airflow/.local/lib/python3.7/site-packages/airflow/example_dags/example_complex.py
[2023-03-02T14:26:30.852+0000] {processor.py:743} INFO - Processing file /home/airflow/.local/lib/python3.7/site-packages/airflow/example_dags/example_complex.py for tasks to queue
[2023-03-02T14:26:30.865+0000] {logging_mixin.py:137} INFO - [2023-03-02T14:26:30.864+0000] {dagbag.py:538} INFO - Filling up the DagBag from /home/airflow/.local/lib/python3.7/site-packages/airflow/example_dags/example_complex.py
[2023-03-02T14:26:30.895+0000] {logging_mixin.py:137} INFO - [2023-03-02T14:26:30.895+0000] {taskmixin.py:205} WARNING - Dependency <Task(BashOperator): create_entry_group>, delete_entry_group already registered for DAG: example_complex
[2023-03-02T14:26:30.896+0000] {logging_mixin.py:137} INFO - [2023-03-02T14:26:30.896+0000] {taskmixin.py:205} WARNING - Dependency <Task(BashOperator): delete_entry_group>, create_entry_group already registered for DAG: example_complex
[2023-03-02T14:26:30.897+0000] {logging_mixin.py:137} INFO - [2023-03-02T14:26:30.897+0000] {taskmixin.py:205} WARNING - Dependency <Task(BashOperator): create_entry_gcs>, delete_entry already registered for DAG: example_complex
[2023-03-02T14:26:30.898+0000] {logging_mixin.py:137} INFO - [2023-03-02T14:26:30.898+0000] {taskmixin.py:205} WARNING - Dependency <Task(BashOperator): delete_entry>, create_entry_gcs already registered for DAG: example_complex
[2023-03-02T14:26:30.899+0000] {logging_mixin.py:137} INFO - [2023-03-02T14:26:30.899+0000] {taskmixin.py:205} WARNING - Dependency <Task(BashOperator): create_tag>, delete_tag already registered for DAG: example_complex
[2023-03-02T14:26:30.900+0000] {logging_mixin.py:137} INFO - [2023-03-02T14:26:30.900+0000] {taskmixin.py:205} WARNING - Dependency <Task(BashOperator): delete_tag>, create_tag already registered for DAG: example_complex
[2023-03-02T14:26:30.909+0000] {processor.py:753} INFO - DAG(s) dict_keys(['example_complex']) retrieved from /home/airflow/.local/lib/python3.7/site-packages/airflow/example_dags/example_complex.py
[2023-03-02T14:26:31.025+0000] {logging_mixin.py:137} INFO - [2023-03-02T14:26:31.025+0000] {dag.py:2690} INFO - Sync 1 DAGs
[2023-03-02T14:26:31.051+0000] {logging_mixin.py:137} INFO - [2023-03-02T14:26:31.051+0000] {dag.py:3441} INFO - Setting next_dagrun for example_complex to None, run_after=None
[2023-03-02T14:26:31.082+0000] {processor.py:175} INFO - Processing /home/airflow/.local/lib/python3.7/site-packages/airflow/example_dags/example_complex.py took 0.246 seconds
[2023-03-02T14:27:03.903+0000] {processor.py:153} INFO - Started process (PID=420) to work on /home/airflow/.local/lib/python3.7/site-packages/airflow/example_dags/example_complex.py
[2023-03-02T14:27:03.905+0000] {processor.py:743} INFO - Processing file /home/airflow/.local/lib/python3.7/site-packages/airflow/example_dags/example_complex.py for tasks to queue
[2023-03-02T14:27:03.906+0000] {logging_mixin.py:137} INFO - [2023-03-02T14:27:03.906+0000] {dagbag.py:538} INFO - Filling up the DagBag from /home/airflow/.local/lib/python3.7/site-packages/airflow/example_dags/example_complex.py
[2023-03-02T14:27:03.916+0000] {logging_mixin.py:137} INFO - [2023-03-02T14:27:03.916+0000] {taskmixin.py:205} WARNING - Dependency <Task(BashOperator): create_entry_group>, delete_entry_group already registered for DAG: example_complex
[2023-03-02T14:27:03.916+0000] {logging_mixin.py:137} INFO - [2023-03-02T14:27:03.916+0000] {taskmixin.py:205} WARNING - Dependency <Task(BashOperator): delete_entry_group>, create_entry_group already registered for DAG: example_complex
[2023-03-02T14:27:03.917+0000] {logging_mixin.py:137} INFO - [2023-03-02T14:27:03.917+0000] {taskmixin.py:205} WARNING - Dependency <Task(BashOperator): create_entry_gcs>, delete_entry already registered for DAG: example_complex
[2023-03-02T14:27:03.918+0000] {logging_mixin.py:137} INFO - [2023-03-02T14:27:03.918+0000] {taskmixin.py:205} WARNING - Dependency <Task(BashOperator): delete_entry>, create_entry_gcs already registered for DAG: example_complex
[2023-03-02T14:27:03.920+0000] {logging_mixin.py:137} INFO - [2023-03-02T14:27:03.919+0000] {taskmixin.py:205} WARNING - Dependency <Task(BashOperator): create_tag>, delete_tag already registered for DAG: example_complex
[2023-03-02T14:27:03.921+0000] {logging_mixin.py:137} INFO - [2023-03-02T14:27:03.920+0000] {taskmixin.py:205} WARNING - Dependency <Task(BashOperator): delete_tag>, create_tag already registered for DAG: example_complex
[2023-03-02T14:27:03.930+0000] {processor.py:753} INFO - DAG(s) dict_keys(['example_complex']) retrieved from /home/airflow/.local/lib/python3.7/site-packages/airflow/example_dags/example_complex.py
[2023-03-02T14:27:03.972+0000] {logging_mixin.py:137} INFO - [2023-03-02T14:27:03.972+0000] {dag.py:2690} INFO - Sync 1 DAGs
[2023-03-02T14:27:04.004+0000] {logging_mixin.py:137} INFO - [2023-03-02T14:27:04.004+0000] {dag.py:3441} INFO - Setting next_dagrun for example_complex to None, run_after=None
[2023-03-02T14:27:04.023+0000] {processor.py:175} INFO - Processing /home/airflow/.local/lib/python3.7/site-packages/airflow/example_dags/example_complex.py took 0.124 seconds
[2023-03-02T14:28:21.606+0000] {processor.py:153} INFO - Started process (PID=466) to work on /home/airflow/.local/lib/python3.7/site-packages/airflow/example_dags/example_complex.py
[2023-03-02T14:28:21.611+0000] {processor.py:743} INFO - Processing file /home/airflow/.local/lib/python3.7/site-packages/airflow/example_dags/example_complex.py for tasks to queue
[2023-03-02T14:28:21.613+0000] {logging_mixin.py:137} INFO - [2023-03-02T14:28:21.613+0000] {dagbag.py:538} INFO - Filling up the DagBag from /home/airflow/.local/lib/python3.7/site-packages/airflow/example_dags/example_complex.py
[2023-03-02T14:28:21.683+0000] {logging_mixin.py:137} INFO - [2023-03-02T14:28:21.682+0000] {taskmixin.py:205} WARNING - Dependency <Task(BashOperator): create_entry_group>, delete_entry_group already registered for DAG: example_complex
[2023-03-02T14:28:21.702+0000] {logging_mixin.py:137} INFO - [2023-03-02T14:28:21.701+0000] {taskmixin.py:205} WARNING - Dependency <Task(BashOperator): delete_entry_group>, create_entry_group already registered for DAG: example_complex
[2023-03-02T14:28:21.707+0000] {logging_mixin.py:137} INFO - [2023-03-02T14:28:21.706+0000] {taskmixin.py:205} WARNING - Dependency <Task(BashOperator): create_entry_gcs>, delete_entry already registered for DAG: example_complex
[2023-03-02T14:28:21.707+0000] {logging_mixin.py:137} INFO - [2023-03-02T14:28:21.707+0000] {taskmixin.py:205} WARNING - Dependency <Task(BashOperator): delete_entry>, create_entry_gcs already registered for DAG: example_complex
[2023-03-02T14:28:21.710+0000] {logging_mixin.py:137} INFO - [2023-03-02T14:28:21.709+0000] {taskmixin.py:205} WARNING - Dependency <Task(BashOperator): create_tag>, delete_tag already registered for DAG: example_complex
[2023-03-02T14:28:21.711+0000] {logging_mixin.py:137} INFO - [2023-03-02T14:28:21.711+0000] {taskmixin.py:205} WARNING - Dependency <Task(BashOperator): delete_tag>, create_tag already registered for DAG: example_complex
[2023-03-02T14:28:21.752+0000] {processor.py:753} INFO - DAG(s) dict_keys(['example_complex']) retrieved from /home/airflow/.local/lib/python3.7/site-packages/airflow/example_dags/example_complex.py
[2023-03-02T14:28:21.856+0000] {logging_mixin.py:137} INFO - [2023-03-02T14:28:21.855+0000] {dag.py:2690} INFO - Sync 1 DAGs
[2023-03-02T14:28:21.946+0000] {logging_mixin.py:137} INFO - [2023-03-02T14:28:21.945+0000] {dag.py:3441} INFO - Setting next_dagrun for example_complex to None, run_after=None
[2023-03-02T14:28:21.997+0000] {processor.py:175} INFO - Processing /home/airflow/.local/lib/python3.7/site-packages/airflow/example_dags/example_complex.py took 0.398 seconds
[2023-03-02T14:28:53.409+0000] {processor.py:153} INFO - Started process (PID=518) to work on /home/airflow/.local/lib/python3.7/site-packages/airflow/example_dags/example_complex.py
[2023-03-02T14:28:53.411+0000] {processor.py:743} INFO - Processing file /home/airflow/.local/lib/python3.7/site-packages/airflow/example_dags/example_complex.py for tasks to queue
[2023-03-02T14:28:53.412+0000] {logging_mixin.py:137} INFO - [2023-03-02T14:28:53.412+0000] {dagbag.py:538} INFO - Filling up the DagBag from /home/airflow/.local/lib/python3.7/site-packages/airflow/example_dags/example_complex.py
[2023-03-02T14:28:53.420+0000] {logging_mixin.py:137} INFO - [2023-03-02T14:28:53.420+0000] {taskmixin.py:205} WARNING - Dependency <Task(BashOperator): create_entry_group>, delete_entry_group already registered for DAG: example_complex
[2023-03-02T14:28:53.421+0000] {logging_mixin.py:137} INFO - [2023-03-02T14:28:53.421+0000] {taskmixin.py:205} WARNING - Dependency <Task(BashOperator): delete_entry_group>, create_entry_group already registered for DAG: example_complex
[2023-03-02T14:28:53.422+0000] {logging_mixin.py:137} INFO - [2023-03-02T14:28:53.422+0000] {taskmixin.py:205} WARNING - Dependency <Task(BashOperator): create_entry_gcs>, delete_entry already registered for DAG: example_complex
[2023-03-02T14:28:53.423+0000] {logging_mixin.py:137} INFO - [2023-03-02T14:28:53.422+0000] {taskmixin.py:205} WARNING - Dependency <Task(BashOperator): delete_entry>, create_entry_gcs already registered for DAG: example_complex
[2023-03-02T14:28:53.423+0000] {logging_mixin.py:137} INFO - [2023-03-02T14:28:53.423+0000] {taskmixin.py:205} WARNING - Dependency <Task(BashOperator): create_tag>, delete_tag already registered for DAG: example_complex
[2023-03-02T14:28:53.424+0000] {logging_mixin.py:137} INFO - [2023-03-02T14:28:53.424+0000] {taskmixin.py:205} WARNING - Dependency <Task(BashOperator): delete_tag>, create_tag already registered for DAG: example_complex
[2023-03-02T14:28:53.429+0000] {processor.py:753} INFO - DAG(s) dict_keys(['example_complex']) retrieved from /home/airflow/.local/lib/python3.7/site-packages/airflow/example_dags/example_complex.py
[2023-03-02T14:28:53.478+0000] {logging_mixin.py:137} INFO - [2023-03-02T14:28:53.478+0000] {dag.py:2690} INFO - Sync 1 DAGs
[2023-03-02T14:28:53.516+0000] {logging_mixin.py:137} INFO - [2023-03-02T14:28:53.515+0000] {dag.py:3441} INFO - Setting next_dagrun for example_complex to None, run_after=None
[2023-03-02T14:28:53.541+0000] {processor.py:175} INFO - Processing /home/airflow/.local/lib/python3.7/site-packages/airflow/example_dags/example_complex.py took 0.135 seconds
[2023-03-02T15:58:27.185+0000] {processor.py:153} INFO - Started process (PID=581) to work on /home/airflow/.local/lib/python3.7/site-packages/airflow/example_dags/example_complex.py
[2023-03-02T15:58:27.186+0000] {processor.py:743} INFO - Processing file /home/airflow/.local/lib/python3.7/site-packages/airflow/example_dags/example_complex.py for tasks to queue
[2023-03-02T15:58:27.187+0000] {logging_mixin.py:137} INFO - [2023-03-02T15:58:27.187+0000] {dagbag.py:538} INFO - Filling up the DagBag from /home/airflow/.local/lib/python3.7/site-packages/airflow/example_dags/example_complex.py
[2023-03-02T15:58:27.196+0000] {logging_mixin.py:137} INFO - [2023-03-02T15:58:27.196+0000] {taskmixin.py:205} WARNING - Dependency <Task(BashOperator): create_entry_group>, delete_entry_group already registered for DAG: example_complex
[2023-03-02T15:58:27.198+0000] {logging_mixin.py:137} INFO - [2023-03-02T15:58:27.197+0000] {taskmixin.py:205} WARNING - Dependency <Task(BashOperator): delete_entry_group>, create_entry_group already registered for DAG: example_complex
[2023-03-02T15:58:27.198+0000] {logging_mixin.py:137} INFO - [2023-03-02T15:58:27.198+0000] {taskmixin.py:205} WARNING - Dependency <Task(BashOperator): create_entry_gcs>, delete_entry already registered for DAG: example_complex
[2023-03-02T15:58:27.198+0000] {logging_mixin.py:137} INFO - [2023-03-02T15:58:27.198+0000] {taskmixin.py:205} WARNING - Dependency <Task(BashOperator): delete_entry>, create_entry_gcs already registered for DAG: example_complex
[2023-03-02T15:58:27.199+0000] {logging_mixin.py:137} INFO - [2023-03-02T15:58:27.199+0000] {taskmixin.py:205} WARNING - Dependency <Task(BashOperator): create_tag>, delete_tag already registered for DAG: example_complex
[2023-03-02T15:58:27.199+0000] {logging_mixin.py:137} INFO - [2023-03-02T15:58:27.199+0000] {taskmixin.py:205} WARNING - Dependency <Task(BashOperator): delete_tag>, create_tag already registered for DAG: example_complex
[2023-03-02T15:58:27.205+0000] {processor.py:753} INFO - DAG(s) dict_keys(['example_complex']) retrieved from /home/airflow/.local/lib/python3.7/site-packages/airflow/example_dags/example_complex.py
[2023-03-02T15:58:27.235+0000] {logging_mixin.py:137} INFO - [2023-03-02T15:58:27.235+0000] {dag.py:2690} INFO - Sync 1 DAGs
[2023-03-02T15:58:27.255+0000] {logging_mixin.py:137} INFO - [2023-03-02T15:58:27.255+0000] {dag.py:3441} INFO - Setting next_dagrun for example_complex to None, run_after=None
[2023-03-02T15:58:27.268+0000] {processor.py:175} INFO - Processing /home/airflow/.local/lib/python3.7/site-packages/airflow/example_dags/example_complex.py took 0.086 seconds
[2023-03-02T16:32:19.248+0000] {processor.py:153} INFO - Started process (PID=644) to work on /home/airflow/.local/lib/python3.7/site-packages/airflow/example_dags/example_complex.py
[2023-03-02T16:32:19.255+0000] {processor.py:743} INFO - Processing file /home/airflow/.local/lib/python3.7/site-packages/airflow/example_dags/example_complex.py for tasks to queue
[2023-03-02T16:32:19.256+0000] {logging_mixin.py:137} INFO - [2023-03-02T16:32:19.256+0000] {dagbag.py:538} INFO - Filling up the DagBag from /home/airflow/.local/lib/python3.7/site-packages/airflow/example_dags/example_complex.py
[2023-03-02T16:32:19.270+0000] {logging_mixin.py:137} INFO - [2023-03-02T16:32:19.270+0000] {taskmixin.py:205} WARNING - Dependency <Task(BashOperator): create_entry_group>, delete_entry_group already registered for DAG: example_complex
[2023-03-02T16:32:19.271+0000] {logging_mixin.py:137} INFO - [2023-03-02T16:32:19.271+0000] {taskmixin.py:205} WARNING - Dependency <Task(BashOperator): delete_entry_group>, create_entry_group already registered for DAG: example_complex
[2023-03-02T16:32:19.273+0000] {logging_mixin.py:137} INFO - [2023-03-02T16:32:19.273+0000] {taskmixin.py:205} WARNING - Dependency <Task(BashOperator): create_entry_gcs>, delete_entry already registered for DAG: example_complex
[2023-03-02T16:32:19.274+0000] {logging_mixin.py:137} INFO - [2023-03-02T16:32:19.274+0000] {taskmixin.py:205} WARNING - Dependency <Task(BashOperator): delete_entry>, create_entry_gcs already registered for DAG: example_complex
[2023-03-02T16:32:19.276+0000] {logging_mixin.py:137} INFO - [2023-03-02T16:32:19.275+0000] {taskmixin.py:205} WARNING - Dependency <Task(BashOperator): create_tag>, delete_tag already registered for DAG: example_complex
[2023-03-02T16:32:19.287+0000] {logging_mixin.py:137} INFO - [2023-03-02T16:32:19.287+0000] {taskmixin.py:205} WARNING - Dependency <Task(BashOperator): delete_tag>, create_tag already registered for DAG: example_complex
[2023-03-02T16:32:19.299+0000] {processor.py:753} INFO - DAG(s) dict_keys(['example_complex']) retrieved from /home/airflow/.local/lib/python3.7/site-packages/airflow/example_dags/example_complex.py
[2023-03-02T16:32:19.338+0000] {logging_mixin.py:137} INFO - [2023-03-02T16:32:19.338+0000] {dag.py:2690} INFO - Sync 1 DAGs
[2023-03-02T16:32:19.371+0000] {logging_mixin.py:137} INFO - [2023-03-02T16:32:19.371+0000] {dag.py:3441} INFO - Setting next_dagrun for example_complex to None, run_after=None
[2023-03-02T16:32:19.397+0000] {processor.py:175} INFO - Processing /home/airflow/.local/lib/python3.7/site-packages/airflow/example_dags/example_complex.py took 0.154 seconds
[2023-03-02T16:40:14.185+0000] {processor.py:153} INFO - Started process (PID=749) to work on /home/airflow/.local/lib/python3.7/site-packages/airflow/example_dags/example_complex.py
[2023-03-02T16:40:14.199+0000] {processor.py:743} INFO - Processing file /home/airflow/.local/lib/python3.7/site-packages/airflow/example_dags/example_complex.py for tasks to queue
[2023-03-02T16:40:14.214+0000] {logging_mixin.py:137} INFO - [2023-03-02T16:40:14.214+0000] {dagbag.py:538} INFO - Filling up the DagBag from /home/airflow/.local/lib/python3.7/site-packages/airflow/example_dags/example_complex.py
[2023-03-02T16:40:14.717+0000] {logging_mixin.py:137} INFO - [2023-03-02T16:40:14.715+0000] {taskmixin.py:205} WARNING - Dependency <Task(BashOperator): create_entry_group>, delete_entry_group already registered for DAG: example_complex
[2023-03-02T16:40:14.759+0000] {logging_mixin.py:137} INFO - [2023-03-02T16:40:14.755+0000] {taskmixin.py:205} WARNING - Dependency <Task(BashOperator): delete_entry_group>, create_entry_group already registered for DAG: example_complex
[2023-03-02T16:40:14.766+0000] {logging_mixin.py:137} INFO - [2023-03-02T16:40:14.766+0000] {taskmixin.py:205} WARNING - Dependency <Task(BashOperator): create_entry_gcs>, delete_entry already registered for DAG: example_complex
[2023-03-02T16:40:14.772+0000] {logging_mixin.py:137} INFO - [2023-03-02T16:40:14.772+0000] {taskmixin.py:205} WARNING - Dependency <Task(BashOperator): delete_entry>, create_entry_gcs already registered for DAG: example_complex
[2023-03-02T16:40:14.777+0000] {logging_mixin.py:137} INFO - [2023-03-02T16:40:14.777+0000] {taskmixin.py:205} WARNING - Dependency <Task(BashOperator): create_tag>, delete_tag already registered for DAG: example_complex
[2023-03-02T16:40:14.782+0000] {logging_mixin.py:137} INFO - [2023-03-02T16:40:14.782+0000] {taskmixin.py:205} WARNING - Dependency <Task(BashOperator): delete_tag>, create_tag already registered for DAG: example_complex
[2023-03-02T16:40:15.822+0000] {processor.py:753} INFO - DAG(s) dict_keys(['example_complex']) retrieved from /home/airflow/.local/lib/python3.7/site-packages/airflow/example_dags/example_complex.py
[2023-03-02T16:40:16.965+0000] {logging_mixin.py:137} INFO - [2023-03-02T16:40:16.943+0000] {dag.py:2690} INFO - Sync 1 DAGs
[2023-03-02T16:40:17.655+0000] {logging_mixin.py:137} INFO - [2023-03-02T16:40:17.619+0000] {dag.py:3441} INFO - Setting next_dagrun for example_complex to None, run_after=None
[2023-03-02T16:40:18.053+0000] {processor.py:175} INFO - Processing /home/airflow/.local/lib/python3.7/site-packages/airflow/example_dags/example_complex.py took 3.927 seconds
[2023-03-02T16:40:49.166+0000] {processor.py:153} INFO - Started process (PID=812) to work on /home/airflow/.local/lib/python3.7/site-packages/airflow/example_dags/example_complex.py
[2023-03-02T16:40:49.181+0000] {processor.py:743} INFO - Processing file /home/airflow/.local/lib/python3.7/site-packages/airflow/example_dags/example_complex.py for tasks to queue
[2023-03-02T16:40:49.187+0000] {logging_mixin.py:137} INFO - [2023-03-02T16:40:49.186+0000] {dagbag.py:538} INFO - Filling up the DagBag from /home/airflow/.local/lib/python3.7/site-packages/airflow/example_dags/example_complex.py
[2023-03-02T16:40:49.263+0000] {logging_mixin.py:137} INFO - [2023-03-02T16:40:49.262+0000] {taskmixin.py:205} WARNING - Dependency <Task(BashOperator): create_entry_group>, delete_entry_group already registered for DAG: example_complex
[2023-03-02T16:40:49.276+0000] {logging_mixin.py:137} INFO - [2023-03-02T16:40:49.275+0000] {taskmixin.py:205} WARNING - Dependency <Task(BashOperator): delete_entry_group>, create_entry_group already registered for DAG: example_complex
[2023-03-02T16:40:49.283+0000] {logging_mixin.py:137} INFO - [2023-03-02T16:40:49.283+0000] {taskmixin.py:205} WARNING - Dependency <Task(BashOperator): create_entry_gcs>, delete_entry already registered for DAG: example_complex
[2023-03-02T16:40:49.290+0000] {logging_mixin.py:137} INFO - [2023-03-02T16:40:49.290+0000] {taskmixin.py:205} WARNING - Dependency <Task(BashOperator): delete_entry>, create_entry_gcs already registered for DAG: example_complex
[2023-03-02T16:40:49.298+0000] {logging_mixin.py:137} INFO - [2023-03-02T16:40:49.298+0000] {taskmixin.py:205} WARNING - Dependency <Task(BashOperator): create_tag>, delete_tag already registered for DAG: example_complex
[2023-03-02T16:40:49.311+0000] {logging_mixin.py:137} INFO - [2023-03-02T16:40:49.311+0000] {taskmixin.py:205} WARNING - Dependency <Task(BashOperator): delete_tag>, create_tag already registered for DAG: example_complex
[2023-03-02T16:40:49.352+0000] {processor.py:753} INFO - DAG(s) dict_keys(['example_complex']) retrieved from /home/airflow/.local/lib/python3.7/site-packages/airflow/example_dags/example_complex.py
[2023-03-02T16:40:49.538+0000] {logging_mixin.py:137} INFO - [2023-03-02T16:40:49.537+0000] {dag.py:2690} INFO - Sync 1 DAGs
[2023-03-02T16:40:49.678+0000] {logging_mixin.py:137} INFO - [2023-03-02T16:40:49.677+0000] {dag.py:3441} INFO - Setting next_dagrun for example_complex to None, run_after=None
[2023-03-02T16:40:49.862+0000] {processor.py:175} INFO - Processing /home/airflow/.local/lib/python3.7/site-packages/airflow/example_dags/example_complex.py took 0.719 seconds
[2023-03-02T16:41:23.872+0000] {processor.py:153} INFO - Started process (PID=875) to work on /home/airflow/.local/lib/python3.7/site-packages/airflow/example_dags/example_complex.py
[2023-03-02T16:41:23.877+0000] {processor.py:743} INFO - Processing file /home/airflow/.local/lib/python3.7/site-packages/airflow/example_dags/example_complex.py for tasks to queue
[2023-03-02T16:41:23.879+0000] {logging_mixin.py:137} INFO - [2023-03-02T16:41:23.879+0000] {dagbag.py:538} INFO - Filling up the DagBag from /home/airflow/.local/lib/python3.7/site-packages/airflow/example_dags/example_complex.py
[2023-03-02T16:41:23.896+0000] {logging_mixin.py:137} INFO - [2023-03-02T16:41:23.895+0000] {taskmixin.py:205} WARNING - Dependency <Task(BashOperator): create_entry_group>, delete_entry_group already registered for DAG: example_complex
[2023-03-02T16:41:23.899+0000] {logging_mixin.py:137} INFO - [2023-03-02T16:41:23.899+0000] {taskmixin.py:205} WARNING - Dependency <Task(BashOperator): delete_entry_group>, create_entry_group already registered for DAG: example_complex
[2023-03-02T16:41:23.903+0000] {logging_mixin.py:137} INFO - [2023-03-02T16:41:23.902+0000] {taskmixin.py:205} WARNING - Dependency <Task(BashOperator): create_entry_gcs>, delete_entry already registered for DAG: example_complex
[2023-03-02T16:41:23.908+0000] {logging_mixin.py:137} INFO - [2023-03-02T16:41:23.907+0000] {taskmixin.py:205} WARNING - Dependency <Task(BashOperator): delete_entry>, create_entry_gcs already registered for DAG: example_complex
[2023-03-02T16:41:23.913+0000] {logging_mixin.py:137} INFO - [2023-03-02T16:41:23.913+0000] {taskmixin.py:205} WARNING - Dependency <Task(BashOperator): create_tag>, delete_tag already registered for DAG: example_complex
[2023-03-02T16:41:23.915+0000] {logging_mixin.py:137} INFO - [2023-03-02T16:41:23.915+0000] {taskmixin.py:205} WARNING - Dependency <Task(BashOperator): delete_tag>, create_tag already registered for DAG: example_complex
[2023-03-02T16:41:23.928+0000] {processor.py:753} INFO - DAG(s) dict_keys(['example_complex']) retrieved from /home/airflow/.local/lib/python3.7/site-packages/airflow/example_dags/example_complex.py
[2023-03-02T16:41:23.979+0000] {logging_mixin.py:137} INFO - [2023-03-02T16:41:23.978+0000] {dag.py:2690} INFO - Sync 1 DAGs
[2023-03-02T16:41:24.005+0000] {logging_mixin.py:137} INFO - [2023-03-02T16:41:24.005+0000] {dag.py:3441} INFO - Setting next_dagrun for example_complex to None, run_after=None
[2023-03-02T16:41:24.031+0000] {processor.py:175} INFO - Processing /home/airflow/.local/lib/python3.7/site-packages/airflow/example_dags/example_complex.py took 0.165 seconds
[2023-03-02T16:41:55.948+0000] {processor.py:153} INFO - Started process (PID=938) to work on /home/airflow/.local/lib/python3.7/site-packages/airflow/example_dags/example_complex.py
[2023-03-02T16:41:55.950+0000] {processor.py:743} INFO - Processing file /home/airflow/.local/lib/python3.7/site-packages/airflow/example_dags/example_complex.py for tasks to queue
[2023-03-02T16:41:55.951+0000] {logging_mixin.py:137} INFO - [2023-03-02T16:41:55.951+0000] {dagbag.py:538} INFO - Filling up the DagBag from /home/airflow/.local/lib/python3.7/site-packages/airflow/example_dags/example_complex.py
[2023-03-02T16:41:55.961+0000] {logging_mixin.py:137} INFO - [2023-03-02T16:41:55.961+0000] {taskmixin.py:205} WARNING - Dependency <Task(BashOperator): create_entry_group>, delete_entry_group already registered for DAG: example_complex
[2023-03-02T16:41:55.962+0000] {logging_mixin.py:137} INFO - [2023-03-02T16:41:55.962+0000] {taskmixin.py:205} WARNING - Dependency <Task(BashOperator): delete_entry_group>, create_entry_group already registered for DAG: example_complex
[2023-03-02T16:41:55.964+0000] {logging_mixin.py:137} INFO - [2023-03-02T16:41:55.964+0000] {taskmixin.py:205} WARNING - Dependency <Task(BashOperator): create_entry_gcs>, delete_entry already registered for DAG: example_complex
[2023-03-02T16:41:55.964+0000] {logging_mixin.py:137} INFO - [2023-03-02T16:41:55.964+0000] {taskmixin.py:205} WARNING - Dependency <Task(BashOperator): delete_entry>, create_entry_gcs already registered for DAG: example_complex
[2023-03-02T16:41:55.965+0000] {logging_mixin.py:137} INFO - [2023-03-02T16:41:55.965+0000] {taskmixin.py:205} WARNING - Dependency <Task(BashOperator): create_tag>, delete_tag already registered for DAG: example_complex
[2023-03-02T16:41:55.966+0000] {logging_mixin.py:137} INFO - [2023-03-02T16:41:55.966+0000] {taskmixin.py:205} WARNING - Dependency <Task(BashOperator): delete_tag>, create_tag already registered for DAG: example_complex
[2023-03-02T16:41:55.972+0000] {processor.py:753} INFO - DAG(s) dict_keys(['example_complex']) retrieved from /home/airflow/.local/lib/python3.7/site-packages/airflow/example_dags/example_complex.py
[2023-03-02T16:41:56.014+0000] {logging_mixin.py:137} INFO - [2023-03-02T16:41:56.013+0000] {dag.py:2690} INFO - Sync 1 DAGs
[2023-03-02T16:41:56.036+0000] {logging_mixin.py:137} INFO - [2023-03-02T16:41:56.036+0000] {dag.py:3441} INFO - Setting next_dagrun for example_complex to None, run_after=None
[2023-03-02T16:41:56.059+0000] {processor.py:175} INFO - Processing /home/airflow/.local/lib/python3.7/site-packages/airflow/example_dags/example_complex.py took 0.115 seconds
[2023-03-02T16:42:26.478+0000] {processor.py:153} INFO - Started process (PID=1001) to work on /home/airflow/.local/lib/python3.7/site-packages/airflow/example_dags/example_complex.py
[2023-03-02T16:42:26.480+0000] {processor.py:743} INFO - Processing file /home/airflow/.local/lib/python3.7/site-packages/airflow/example_dags/example_complex.py for tasks to queue
[2023-03-02T16:42:26.481+0000] {logging_mixin.py:137} INFO - [2023-03-02T16:42:26.480+0000] {dagbag.py:538} INFO - Filling up the DagBag from /home/airflow/.local/lib/python3.7/site-packages/airflow/example_dags/example_complex.py
[2023-03-02T16:42:26.489+0000] {logging_mixin.py:137} INFO - [2023-03-02T16:42:26.489+0000] {taskmixin.py:205} WARNING - Dependency <Task(BashOperator): create_entry_group>, delete_entry_group already registered for DAG: example_complex
[2023-03-02T16:42:26.490+0000] {logging_mixin.py:137} INFO - [2023-03-02T16:42:26.490+0000] {taskmixin.py:205} WARNING - Dependency <Task(BashOperator): delete_entry_group>, create_entry_group already registered for DAG: example_complex
[2023-03-02T16:42:26.490+0000] {logging_mixin.py:137} INFO - [2023-03-02T16:42:26.490+0000] {taskmixin.py:205} WARNING - Dependency <Task(BashOperator): create_entry_gcs>, delete_entry already registered for DAG: example_complex
[2023-03-02T16:42:26.491+0000] {logging_mixin.py:137} INFO - [2023-03-02T16:42:26.491+0000] {taskmixin.py:205} WARNING - Dependency <Task(BashOperator): delete_entry>, create_entry_gcs already registered for DAG: example_complex
[2023-03-02T16:42:26.491+0000] {logging_mixin.py:137} INFO - [2023-03-02T16:42:26.491+0000] {taskmixin.py:205} WARNING - Dependency <Task(BashOperator): create_tag>, delete_tag already registered for DAG: example_complex
[2023-03-02T16:42:26.492+0000] {logging_mixin.py:137} INFO - [2023-03-02T16:42:26.492+0000] {taskmixin.py:205} WARNING - Dependency <Task(BashOperator): delete_tag>, create_tag already registered for DAG: example_complex
[2023-03-02T16:42:26.497+0000] {processor.py:753} INFO - DAG(s) dict_keys(['example_complex']) retrieved from /home/airflow/.local/lib/python3.7/site-packages/airflow/example_dags/example_complex.py
[2023-03-02T16:42:26.525+0000] {logging_mixin.py:137} INFO - [2023-03-02T16:42:26.525+0000] {dag.py:2690} INFO - Sync 1 DAGs
[2023-03-02T16:42:26.549+0000] {logging_mixin.py:137} INFO - [2023-03-02T16:42:26.548+0000] {dag.py:3441} INFO - Setting next_dagrun for example_complex to None, run_after=None
[2023-03-02T16:42:26.578+0000] {processor.py:175} INFO - Processing /home/airflow/.local/lib/python3.7/site-packages/airflow/example_dags/example_complex.py took 0.103 seconds
[2023-03-02T16:42:57.527+0000] {processor.py:153} INFO - Started process (PID=1064) to work on /home/airflow/.local/lib/python3.7/site-packages/airflow/example_dags/example_complex.py
[2023-03-02T16:42:57.529+0000] {processor.py:743} INFO - Processing file /home/airflow/.local/lib/python3.7/site-packages/airflow/example_dags/example_complex.py for tasks to queue
[2023-03-02T16:42:57.530+0000] {logging_mixin.py:137} INFO - [2023-03-02T16:42:57.530+0000] {dagbag.py:538} INFO - Filling up the DagBag from /home/airflow/.local/lib/python3.7/site-packages/airflow/example_dags/example_complex.py
[2023-03-02T16:42:57.538+0000] {logging_mixin.py:137} INFO - [2023-03-02T16:42:57.537+0000] {taskmixin.py:205} WARNING - Dependency <Task(BashOperator): create_entry_group>, delete_entry_group already registered for DAG: example_complex
[2023-03-02T16:42:57.539+0000] {logging_mixin.py:137} INFO - [2023-03-02T16:42:57.538+0000] {taskmixin.py:205} WARNING - Dependency <Task(BashOperator): delete_entry_group>, create_entry_group already registered for DAG: example_complex
[2023-03-02T16:42:57.539+0000] {logging_mixin.py:137} INFO - [2023-03-02T16:42:57.539+0000] {taskmixin.py:205} WARNING - Dependency <Task(BashOperator): create_entry_gcs>, delete_entry already registered for DAG: example_complex
[2023-03-02T16:42:57.539+0000] {logging_mixin.py:137} INFO - [2023-03-02T16:42:57.539+0000] {taskmixin.py:205} WARNING - Dependency <Task(BashOperator): delete_entry>, create_entry_gcs already registered for DAG: example_complex
[2023-03-02T16:42:57.540+0000] {logging_mixin.py:137} INFO - [2023-03-02T16:42:57.540+0000] {taskmixin.py:205} WARNING - Dependency <Task(BashOperator): create_tag>, delete_tag already registered for DAG: example_complex
[2023-03-02T16:42:57.540+0000] {logging_mixin.py:137} INFO - [2023-03-02T16:42:57.540+0000] {taskmixin.py:205} WARNING - Dependency <Task(BashOperator): delete_tag>, create_tag already registered for DAG: example_complex
[2023-03-02T16:42:57.546+0000] {processor.py:753} INFO - DAG(s) dict_keys(['example_complex']) retrieved from /home/airflow/.local/lib/python3.7/site-packages/airflow/example_dags/example_complex.py
[2023-03-02T16:42:57.570+0000] {logging_mixin.py:137} INFO - [2023-03-02T16:42:57.570+0000] {dag.py:2690} INFO - Sync 1 DAGs
[2023-03-02T16:42:57.595+0000] {logging_mixin.py:137} INFO - [2023-03-02T16:42:57.595+0000] {dag.py:3441} INFO - Setting next_dagrun for example_complex to None, run_after=None
[2023-03-02T16:42:57.610+0000] {processor.py:175} INFO - Processing /home/airflow/.local/lib/python3.7/site-packages/airflow/example_dags/example_complex.py took 0.086 seconds
[2023-03-02T16:43:29.197+0000] {processor.py:153} INFO - Started process (PID=1139) to work on /home/airflow/.local/lib/python3.7/site-packages/airflow/example_dags/example_complex.py
[2023-03-02T16:43:29.204+0000] {processor.py:743} INFO - Processing file /home/airflow/.local/lib/python3.7/site-packages/airflow/example_dags/example_complex.py for tasks to queue
[2023-03-02T16:43:29.205+0000] {logging_mixin.py:137} INFO - [2023-03-02T16:43:29.205+0000] {dagbag.py:538} INFO - Filling up the DagBag from /home/airflow/.local/lib/python3.7/site-packages/airflow/example_dags/example_complex.py
[2023-03-02T16:43:29.239+0000] {logging_mixin.py:137} INFO - [2023-03-02T16:43:29.239+0000] {taskmixin.py:205} WARNING - Dependency <Task(BashOperator): create_entry_group>, delete_entry_group already registered for DAG: example_complex
[2023-03-02T16:43:29.240+0000] {logging_mixin.py:137} INFO - [2023-03-02T16:43:29.240+0000] {taskmixin.py:205} WARNING - Dependency <Task(BashOperator): delete_entry_group>, create_entry_group already registered for DAG: example_complex
[2023-03-02T16:43:29.242+0000] {logging_mixin.py:137} INFO - [2023-03-02T16:43:29.242+0000] {taskmixin.py:205} WARNING - Dependency <Task(BashOperator): create_entry_gcs>, delete_entry already registered for DAG: example_complex
[2023-03-02T16:43:29.243+0000] {logging_mixin.py:137} INFO - [2023-03-02T16:43:29.243+0000] {taskmixin.py:205} WARNING - Dependency <Task(BashOperator): delete_entry>, create_entry_gcs already registered for DAG: example_complex
[2023-03-02T16:43:29.245+0000] {logging_mixin.py:137} INFO - [2023-03-02T16:43:29.245+0000] {taskmixin.py:205} WARNING - Dependency <Task(BashOperator): create_tag>, delete_tag already registered for DAG: example_complex
[2023-03-02T16:43:29.246+0000] {logging_mixin.py:137} INFO - [2023-03-02T16:43:29.246+0000] {taskmixin.py:205} WARNING - Dependency <Task(BashOperator): delete_tag>, create_tag already registered for DAG: example_complex
[2023-03-02T16:43:29.305+0000] {processor.py:753} INFO - DAG(s) dict_keys(['example_complex']) retrieved from /home/airflow/.local/lib/python3.7/site-packages/airflow/example_dags/example_complex.py
[2023-03-02T16:43:29.685+0000] {logging_mixin.py:137} INFO - [2023-03-02T16:43:29.678+0000] {dag.py:2690} INFO - Sync 1 DAGs
[2023-03-02T16:43:29.788+0000] {logging_mixin.py:137} INFO - [2023-03-02T16:43:29.786+0000] {dag.py:3441} INFO - Setting next_dagrun for example_complex to None, run_after=None
[2023-03-02T16:43:29.943+0000] {processor.py:175} INFO - Processing /home/airflow/.local/lib/python3.7/site-packages/airflow/example_dags/example_complex.py took 0.761 seconds
[2023-03-02T16:44:00.300+0000] {processor.py:153} INFO - Started process (PID=1201) to work on /home/airflow/.local/lib/python3.7/site-packages/airflow/example_dags/example_complex.py
[2023-03-02T16:44:00.312+0000] {processor.py:743} INFO - Processing file /home/airflow/.local/lib/python3.7/site-packages/airflow/example_dags/example_complex.py for tasks to queue
[2023-03-02T16:44:00.315+0000] {logging_mixin.py:137} INFO - [2023-03-02T16:44:00.315+0000] {dagbag.py:538} INFO - Filling up the DagBag from /home/airflow/.local/lib/python3.7/site-packages/airflow/example_dags/example_complex.py
[2023-03-02T16:44:00.350+0000] {logging_mixin.py:137} INFO - [2023-03-02T16:44:00.349+0000] {taskmixin.py:205} WARNING - Dependency <Task(BashOperator): create_entry_group>, delete_entry_group already registered for DAG: example_complex
[2023-03-02T16:44:00.351+0000] {logging_mixin.py:137} INFO - [2023-03-02T16:44:00.351+0000] {taskmixin.py:205} WARNING - Dependency <Task(BashOperator): delete_entry_group>, create_entry_group already registered for DAG: example_complex
[2023-03-02T16:44:00.351+0000] {logging_mixin.py:137} INFO - [2023-03-02T16:44:00.351+0000] {taskmixin.py:205} WARNING - Dependency <Task(BashOperator): create_entry_gcs>, delete_entry already registered for DAG: example_complex
[2023-03-02T16:44:00.352+0000] {logging_mixin.py:137} INFO - [2023-03-02T16:44:00.352+0000] {taskmixin.py:205} WARNING - Dependency <Task(BashOperator): delete_entry>, create_entry_gcs already registered for DAG: example_complex
[2023-03-02T16:44:00.355+0000] {logging_mixin.py:137} INFO - [2023-03-02T16:44:00.355+0000] {taskmixin.py:205} WARNING - Dependency <Task(BashOperator): create_tag>, delete_tag already registered for DAG: example_complex
[2023-03-02T16:44:00.356+0000] {logging_mixin.py:137} INFO - [2023-03-02T16:44:00.356+0000] {taskmixin.py:205} WARNING - Dependency <Task(BashOperator): delete_tag>, create_tag already registered for DAG: example_complex
[2023-03-02T16:44:00.385+0000] {processor.py:753} INFO - DAG(s) dict_keys(['example_complex']) retrieved from /home/airflow/.local/lib/python3.7/site-packages/airflow/example_dags/example_complex.py
[2023-03-02T16:44:00.490+0000] {logging_mixin.py:137} INFO - [2023-03-02T16:44:00.489+0000] {dag.py:2690} INFO - Sync 1 DAGs
[2023-03-02T16:44:00.522+0000] {logging_mixin.py:137} INFO - [2023-03-02T16:44:00.521+0000] {dag.py:3441} INFO - Setting next_dagrun for example_complex to None, run_after=None
[2023-03-02T16:44:00.576+0000] {processor.py:175} INFO - Processing /home/airflow/.local/lib/python3.7/site-packages/airflow/example_dags/example_complex.py took 0.314 seconds
[2023-03-02T16:49:49.686+0000] {processor.py:153} INFO - Started process (PID=1292) to work on /home/airflow/.local/lib/python3.7/site-packages/airflow/example_dags/example_complex.py
[2023-03-02T16:49:49.691+0000] {processor.py:743} INFO - Processing file /home/airflow/.local/lib/python3.7/site-packages/airflow/example_dags/example_complex.py for tasks to queue
[2023-03-02T16:49:49.694+0000] {logging_mixin.py:137} INFO - [2023-03-02T16:49:49.694+0000] {dagbag.py:538} INFO - Filling up the DagBag from /home/airflow/.local/lib/python3.7/site-packages/airflow/example_dags/example_complex.py
[2023-03-02T16:49:49.710+0000] {logging_mixin.py:137} INFO - [2023-03-02T16:49:49.710+0000] {taskmixin.py:205} WARNING - Dependency <Task(BashOperator): create_entry_group>, delete_entry_group already registered for DAG: example_complex
[2023-03-02T16:49:49.711+0000] {logging_mixin.py:137} INFO - [2023-03-02T16:49:49.711+0000] {taskmixin.py:205} WARNING - Dependency <Task(BashOperator): delete_entry_group>, create_entry_group already registered for DAG: example_complex
[2023-03-02T16:49:49.712+0000] {logging_mixin.py:137} INFO - [2023-03-02T16:49:49.712+0000] {taskmixin.py:205} WARNING - Dependency <Task(BashOperator): create_entry_gcs>, delete_entry already registered for DAG: example_complex
[2023-03-02T16:49:49.713+0000] {logging_mixin.py:137} INFO - [2023-03-02T16:49:49.713+0000] {taskmixin.py:205} WARNING - Dependency <Task(BashOperator): delete_entry>, create_entry_gcs already registered for DAG: example_complex
[2023-03-02T16:49:49.714+0000] {logging_mixin.py:137} INFO - [2023-03-02T16:49:49.714+0000] {taskmixin.py:205} WARNING - Dependency <Task(BashOperator): create_tag>, delete_tag already registered for DAG: example_complex
[2023-03-02T16:49:49.718+0000] {logging_mixin.py:137} INFO - [2023-03-02T16:49:49.717+0000] {taskmixin.py:205} WARNING - Dependency <Task(BashOperator): delete_tag>, create_tag already registered for DAG: example_complex
[2023-03-02T16:49:49.736+0000] {processor.py:753} INFO - DAG(s) dict_keys(['example_complex']) retrieved from /home/airflow/.local/lib/python3.7/site-packages/airflow/example_dags/example_complex.py
[2023-03-02T16:49:49.803+0000] {logging_mixin.py:137} INFO - [2023-03-02T16:49:49.803+0000] {dag.py:2690} INFO - Sync 1 DAGs
[2023-03-02T16:49:49.852+0000] {logging_mixin.py:137} INFO - [2023-03-02T16:49:49.852+0000] {dag.py:3441} INFO - Setting next_dagrun for example_complex to None, run_after=None
[2023-03-02T16:49:49.910+0000] {processor.py:175} INFO - Processing /home/airflow/.local/lib/python3.7/site-packages/airflow/example_dags/example_complex.py took 0.228 seconds
[2023-03-02T16:50:26.103+0000] {processor.py:153} INFO - Started process (PID=1367) to work on /home/airflow/.local/lib/python3.7/site-packages/airflow/example_dags/example_complex.py
[2023-03-02T16:50:26.106+0000] {processor.py:743} INFO - Processing file /home/airflow/.local/lib/python3.7/site-packages/airflow/example_dags/example_complex.py for tasks to queue
[2023-03-02T16:50:26.110+0000] {logging_mixin.py:137} INFO - [2023-03-02T16:50:26.109+0000] {dagbag.py:538} INFO - Filling up the DagBag from /home/airflow/.local/lib/python3.7/site-packages/airflow/example_dags/example_complex.py
[2023-03-02T16:50:26.132+0000] {logging_mixin.py:137} INFO - [2023-03-02T16:50:26.132+0000] {taskmixin.py:205} WARNING - Dependency <Task(BashOperator): create_entry_group>, delete_entry_group already registered for DAG: example_complex
[2023-03-02T16:50:26.136+0000] {logging_mixin.py:137} INFO - [2023-03-02T16:50:26.135+0000] {taskmixin.py:205} WARNING - Dependency <Task(BashOperator): delete_entry_group>, create_entry_group already registered for DAG: example_complex
[2023-03-02T16:50:26.138+0000] {logging_mixin.py:137} INFO - [2023-03-02T16:50:26.138+0000] {taskmixin.py:205} WARNING - Dependency <Task(BashOperator): create_entry_gcs>, delete_entry already registered for DAG: example_complex
[2023-03-02T16:50:26.139+0000] {logging_mixin.py:137} INFO - [2023-03-02T16:50:26.139+0000] {taskmixin.py:205} WARNING - Dependency <Task(BashOperator): delete_entry>, create_entry_gcs already registered for DAG: example_complex
[2023-03-02T16:50:26.141+0000] {logging_mixin.py:137} INFO - [2023-03-02T16:50:26.141+0000] {taskmixin.py:205} WARNING - Dependency <Task(BashOperator): create_tag>, delete_tag already registered for DAG: example_complex
[2023-03-02T16:50:26.142+0000] {logging_mixin.py:137} INFO - [2023-03-02T16:50:26.142+0000] {taskmixin.py:205} WARNING - Dependency <Task(BashOperator): delete_tag>, create_tag already registered for DAG: example_complex
[2023-03-02T16:50:26.152+0000] {processor.py:753} INFO - DAG(s) dict_keys(['example_complex']) retrieved from /home/airflow/.local/lib/python3.7/site-packages/airflow/example_dags/example_complex.py
[2023-03-02T16:50:26.312+0000] {logging_mixin.py:137} INFO - [2023-03-02T16:50:26.311+0000] {dag.py:2690} INFO - Sync 1 DAGs
[2023-03-02T16:50:26.365+0000] {logging_mixin.py:137} INFO - [2023-03-02T16:50:26.365+0000] {dag.py:3441} INFO - Setting next_dagrun for example_complex to None, run_after=None
[2023-03-02T16:50:26.397+0000] {processor.py:175} INFO - Processing /home/airflow/.local/lib/python3.7/site-packages/airflow/example_dags/example_complex.py took 0.300 seconds
[2023-03-02T16:50:58.088+0000] {processor.py:153} INFO - Started process (PID=1432) to work on /home/airflow/.local/lib/python3.7/site-packages/airflow/example_dags/example_complex.py
[2023-03-02T16:50:58.106+0000] {processor.py:743} INFO - Processing file /home/airflow/.local/lib/python3.7/site-packages/airflow/example_dags/example_complex.py for tasks to queue
[2023-03-02T16:50:58.110+0000] {logging_mixin.py:137} INFO - [2023-03-02T16:50:58.109+0000] {dagbag.py:538} INFO - Filling up the DagBag from /home/airflow/.local/lib/python3.7/site-packages/airflow/example_dags/example_complex.py
[2023-03-02T16:50:58.133+0000] {logging_mixin.py:137} INFO - [2023-03-02T16:50:58.132+0000] {taskmixin.py:205} WARNING - Dependency <Task(BashOperator): create_entry_group>, delete_entry_group already registered for DAG: example_complex
[2023-03-02T16:50:58.135+0000] {logging_mixin.py:137} INFO - [2023-03-02T16:50:58.135+0000] {taskmixin.py:205} WARNING - Dependency <Task(BashOperator): delete_entry_group>, create_entry_group already registered for DAG: example_complex
[2023-03-02T16:50:58.140+0000] {logging_mixin.py:137} INFO - [2023-03-02T16:50:58.138+0000] {taskmixin.py:205} WARNING - Dependency <Task(BashOperator): create_entry_gcs>, delete_entry already registered for DAG: example_complex
[2023-03-02T16:50:58.142+0000] {logging_mixin.py:137} INFO - [2023-03-02T16:50:58.141+0000] {taskmixin.py:205} WARNING - Dependency <Task(BashOperator): delete_entry>, create_entry_gcs already registered for DAG: example_complex
[2023-03-02T16:50:58.147+0000] {logging_mixin.py:137} INFO - [2023-03-02T16:50:58.146+0000] {taskmixin.py:205} WARNING - Dependency <Task(BashOperator): create_tag>, delete_tag already registered for DAG: example_complex
[2023-03-02T16:50:58.152+0000] {logging_mixin.py:137} INFO - [2023-03-02T16:50:58.151+0000] {taskmixin.py:205} WARNING - Dependency <Task(BashOperator): delete_tag>, create_tag already registered for DAG: example_complex
[2023-03-02T16:50:58.164+0000] {processor.py:753} INFO - DAG(s) dict_keys(['example_complex']) retrieved from /home/airflow/.local/lib/python3.7/site-packages/airflow/example_dags/example_complex.py
[2023-03-02T16:50:58.312+0000] {logging_mixin.py:137} INFO - [2023-03-02T16:50:58.312+0000] {dag.py:2690} INFO - Sync 1 DAGs
[2023-03-02T16:50:58.405+0000] {logging_mixin.py:137} INFO - [2023-03-02T16:50:58.405+0000] {dag.py:3441} INFO - Setting next_dagrun for example_complex to None, run_after=None
[2023-03-02T16:50:58.455+0000] {processor.py:175} INFO - Processing /home/airflow/.local/lib/python3.7/site-packages/airflow/example_dags/example_complex.py took 0.394 seconds
[2023-03-02T16:51:30.093+0000] {processor.py:153} INFO - Started process (PID=1495) to work on /home/airflow/.local/lib/python3.7/site-packages/airflow/example_dags/example_complex.py
[2023-03-02T16:51:30.102+0000] {processor.py:743} INFO - Processing file /home/airflow/.local/lib/python3.7/site-packages/airflow/example_dags/example_complex.py for tasks to queue
[2023-03-02T16:51:30.107+0000] {logging_mixin.py:137} INFO - [2023-03-02T16:51:30.107+0000] {dagbag.py:538} INFO - Filling up the DagBag from /home/airflow/.local/lib/python3.7/site-packages/airflow/example_dags/example_complex.py
[2023-03-02T16:51:30.191+0000] {logging_mixin.py:137} INFO - [2023-03-02T16:51:30.190+0000] {taskmixin.py:205} WARNING - Dependency <Task(BashOperator): create_entry_group>, delete_entry_group already registered for DAG: example_complex
[2023-03-02T16:51:30.193+0000] {logging_mixin.py:137} INFO - [2023-03-02T16:51:30.193+0000] {taskmixin.py:205} WARNING - Dependency <Task(BashOperator): delete_entry_group>, create_entry_group already registered for DAG: example_complex
[2023-03-02T16:51:30.194+0000] {logging_mixin.py:137} INFO - [2023-03-02T16:51:30.194+0000] {taskmixin.py:205} WARNING - Dependency <Task(BashOperator): create_entry_gcs>, delete_entry already registered for DAG: example_complex
[2023-03-02T16:51:30.195+0000] {logging_mixin.py:137} INFO - [2023-03-02T16:51:30.195+0000] {taskmixin.py:205} WARNING - Dependency <Task(BashOperator): delete_entry>, create_entry_gcs already registered for DAG: example_complex
[2023-03-02T16:51:30.197+0000] {logging_mixin.py:137} INFO - [2023-03-02T16:51:30.197+0000] {taskmixin.py:205} WARNING - Dependency <Task(BashOperator): create_tag>, delete_tag already registered for DAG: example_complex
[2023-03-02T16:51:30.199+0000] {logging_mixin.py:137} INFO - [2023-03-02T16:51:30.198+0000] {taskmixin.py:205} WARNING - Dependency <Task(BashOperator): delete_tag>, create_tag already registered for DAG: example_complex
[2023-03-02T16:51:30.230+0000] {processor.py:753} INFO - DAG(s) dict_keys(['example_complex']) retrieved from /home/airflow/.local/lib/python3.7/site-packages/airflow/example_dags/example_complex.py
[2023-03-02T16:51:30.363+0000] {logging_mixin.py:137} INFO - [2023-03-02T16:51:30.363+0000] {dag.py:2690} INFO - Sync 1 DAGs
[2023-03-02T16:51:30.417+0000] {logging_mixin.py:137} INFO - [2023-03-02T16:51:30.417+0000] {dag.py:3441} INFO - Setting next_dagrun for example_complex to None, run_after=None
[2023-03-02T16:51:30.458+0000] {processor.py:175} INFO - Processing /home/airflow/.local/lib/python3.7/site-packages/airflow/example_dags/example_complex.py took 0.394 seconds
[2023-03-02T16:52:01.247+0000] {processor.py:153} INFO - Started process (PID=1558) to work on /home/airflow/.local/lib/python3.7/site-packages/airflow/example_dags/example_complex.py
[2023-03-02T16:52:01.250+0000] {processor.py:743} INFO - Processing file /home/airflow/.local/lib/python3.7/site-packages/airflow/example_dags/example_complex.py for tasks to queue
[2023-03-02T16:52:01.254+0000] {logging_mixin.py:137} INFO - [2023-03-02T16:52:01.252+0000] {dagbag.py:538} INFO - Filling up the DagBag from /home/airflow/.local/lib/python3.7/site-packages/airflow/example_dags/example_complex.py
[2023-03-02T16:52:01.279+0000] {logging_mixin.py:137} INFO - [2023-03-02T16:52:01.279+0000] {taskmixin.py:205} WARNING - Dependency <Task(BashOperator): create_entry_group>, delete_entry_group already registered for DAG: example_complex
[2023-03-02T16:52:01.281+0000] {logging_mixin.py:137} INFO - [2023-03-02T16:52:01.280+0000] {taskmixin.py:205} WARNING - Dependency <Task(BashOperator): delete_entry_group>, create_entry_group already registered for DAG: example_complex
[2023-03-02T16:52:01.282+0000] {logging_mixin.py:137} INFO - [2023-03-02T16:52:01.282+0000] {taskmixin.py:205} WARNING - Dependency <Task(BashOperator): create_entry_gcs>, delete_entry already registered for DAG: example_complex
[2023-03-02T16:52:01.282+0000] {logging_mixin.py:137} INFO - [2023-03-02T16:52:01.282+0000] {taskmixin.py:205} WARNING - Dependency <Task(BashOperator): delete_entry>, create_entry_gcs already registered for DAG: example_complex
[2023-03-02T16:52:01.283+0000] {logging_mixin.py:137} INFO - [2023-03-02T16:52:01.283+0000] {taskmixin.py:205} WARNING - Dependency <Task(BashOperator): create_tag>, delete_tag already registered for DAG: example_complex
[2023-03-02T16:52:01.284+0000] {logging_mixin.py:137} INFO - [2023-03-02T16:52:01.284+0000] {taskmixin.py:205} WARNING - Dependency <Task(BashOperator): delete_tag>, create_tag already registered for DAG: example_complex
[2023-03-02T16:52:01.291+0000] {processor.py:753} INFO - DAG(s) dict_keys(['example_complex']) retrieved from /home/airflow/.local/lib/python3.7/site-packages/airflow/example_dags/example_complex.py
[2023-03-02T16:52:01.327+0000] {logging_mixin.py:137} INFO - [2023-03-02T16:52:01.327+0000] {dag.py:2690} INFO - Sync 1 DAGs
[2023-03-02T16:52:01.346+0000] {logging_mixin.py:137} INFO - [2023-03-02T16:52:01.346+0000] {dag.py:3441} INFO - Setting next_dagrun for example_complex to None, run_after=None
[2023-03-02T16:52:01.359+0000] {processor.py:175} INFO - Processing /home/airflow/.local/lib/python3.7/site-packages/airflow/example_dags/example_complex.py took 0.118 seconds
[2023-03-02T16:52:34.395+0000] {processor.py:153} INFO - Started process (PID=1634) to work on /home/airflow/.local/lib/python3.7/site-packages/airflow/example_dags/example_complex.py
[2023-03-02T16:52:34.410+0000] {processor.py:743} INFO - Processing file /home/airflow/.local/lib/python3.7/site-packages/airflow/example_dags/example_complex.py for tasks to queue
[2023-03-02T16:52:34.422+0000] {logging_mixin.py:137} INFO - [2023-03-02T16:52:34.421+0000] {dagbag.py:538} INFO - Filling up the DagBag from /home/airflow/.local/lib/python3.7/site-packages/airflow/example_dags/example_complex.py
[2023-03-02T16:52:34.628+0000] {logging_mixin.py:137} INFO - [2023-03-02T16:52:34.622+0000] {taskmixin.py:205} WARNING - Dependency <Task(BashOperator): create_entry_group>, delete_entry_group already registered for DAG: example_complex
[2023-03-02T16:52:34.635+0000] {logging_mixin.py:137} INFO - [2023-03-02T16:52:34.635+0000] {taskmixin.py:205} WARNING - Dependency <Task(BashOperator): delete_entry_group>, create_entry_group already registered for DAG: example_complex
[2023-03-02T16:52:34.640+0000] {logging_mixin.py:137} INFO - [2023-03-02T16:52:34.639+0000] {taskmixin.py:205} WARNING - Dependency <Task(BashOperator): create_entry_gcs>, delete_entry already registered for DAG: example_complex
[2023-03-02T16:52:34.642+0000] {logging_mixin.py:137} INFO - [2023-03-02T16:52:34.642+0000] {taskmixin.py:205} WARNING - Dependency <Task(BashOperator): delete_entry>, create_entry_gcs already registered for DAG: example_complex
[2023-03-02T16:52:34.647+0000] {logging_mixin.py:137} INFO - [2023-03-02T16:52:34.646+0000] {taskmixin.py:205} WARNING - Dependency <Task(BashOperator): create_tag>, delete_tag already registered for DAG: example_complex
[2023-03-02T16:52:34.651+0000] {logging_mixin.py:137} INFO - [2023-03-02T16:52:34.651+0000] {taskmixin.py:205} WARNING - Dependency <Task(BashOperator): delete_tag>, create_tag already registered for DAG: example_complex
[2023-03-02T16:52:34.690+0000] {processor.py:753} INFO - DAG(s) dict_keys(['example_complex']) retrieved from /home/airflow/.local/lib/python3.7/site-packages/airflow/example_dags/example_complex.py
[2023-03-02T16:52:34.884+0000] {logging_mixin.py:137} INFO - [2023-03-02T16:52:34.883+0000] {dag.py:2690} INFO - Sync 1 DAGs
[2023-03-02T16:52:34.956+0000] {logging_mixin.py:137} INFO - [2023-03-02T16:52:34.956+0000] {dag.py:3441} INFO - Setting next_dagrun for example_complex to None, run_after=None
[2023-03-02T16:52:35.005+0000] {processor.py:175} INFO - Processing /home/airflow/.local/lib/python3.7/site-packages/airflow/example_dags/example_complex.py took 0.631 seconds
[2023-03-02T16:53:05.954+0000] {processor.py:153} INFO - Started process (PID=1698) to work on /home/airflow/.local/lib/python3.7/site-packages/airflow/example_dags/example_complex.py
[2023-03-02T16:53:05.958+0000] {processor.py:743} INFO - Processing file /home/airflow/.local/lib/python3.7/site-packages/airflow/example_dags/example_complex.py for tasks to queue
[2023-03-02T16:53:05.960+0000] {logging_mixin.py:137} INFO - [2023-03-02T16:53:05.960+0000] {dagbag.py:538} INFO - Filling up the DagBag from /home/airflow/.local/lib/python3.7/site-packages/airflow/example_dags/example_complex.py
[2023-03-02T16:53:05.982+0000] {logging_mixin.py:137} INFO - [2023-03-02T16:53:05.981+0000] {taskmixin.py:205} WARNING - Dependency <Task(BashOperator): create_entry_group>, delete_entry_group already registered for DAG: example_complex
[2023-03-02T16:53:05.983+0000] {logging_mixin.py:137} INFO - [2023-03-02T16:53:05.983+0000] {taskmixin.py:205} WARNING - Dependency <Task(BashOperator): delete_entry_group>, create_entry_group already registered for DAG: example_complex
[2023-03-02T16:53:05.985+0000] {logging_mixin.py:137} INFO - [2023-03-02T16:53:05.985+0000] {taskmixin.py:205} WARNING - Dependency <Task(BashOperator): create_entry_gcs>, delete_entry already registered for DAG: example_complex
[2023-03-02T16:53:05.986+0000] {logging_mixin.py:137} INFO - [2023-03-02T16:53:05.986+0000] {taskmixin.py:205} WARNING - Dependency <Task(BashOperator): delete_entry>, create_entry_gcs already registered for DAG: example_complex
[2023-03-02T16:53:05.987+0000] {logging_mixin.py:137} INFO - [2023-03-02T16:53:05.987+0000] {taskmixin.py:205} WARNING - Dependency <Task(BashOperator): create_tag>, delete_tag already registered for DAG: example_complex
[2023-03-02T16:53:05.990+0000] {logging_mixin.py:137} INFO - [2023-03-02T16:53:05.989+0000] {taskmixin.py:205} WARNING - Dependency <Task(BashOperator): delete_tag>, create_tag already registered for DAG: example_complex
[2023-03-02T16:53:06.016+0000] {processor.py:753} INFO - DAG(s) dict_keys(['example_complex']) retrieved from /home/airflow/.local/lib/python3.7/site-packages/airflow/example_dags/example_complex.py
[2023-03-02T16:53:06.118+0000] {logging_mixin.py:137} INFO - [2023-03-02T16:53:06.117+0000] {dag.py:2690} INFO - Sync 1 DAGs
[2023-03-02T16:53:06.149+0000] {logging_mixin.py:137} INFO - [2023-03-02T16:53:06.149+0000] {dag.py:3441} INFO - Setting next_dagrun for example_complex to None, run_after=None
[2023-03-02T16:53:06.168+0000] {processor.py:175} INFO - Processing /home/airflow/.local/lib/python3.7/site-packages/airflow/example_dags/example_complex.py took 0.223 seconds
[2023-03-02T16:53:36.885+0000] {processor.py:153} INFO - Started process (PID=1773) to work on /home/airflow/.local/lib/python3.7/site-packages/airflow/example_dags/example_complex.py
[2023-03-02T16:53:36.887+0000] {processor.py:743} INFO - Processing file /home/airflow/.local/lib/python3.7/site-packages/airflow/example_dags/example_complex.py for tasks to queue
[2023-03-02T16:53:36.888+0000] {logging_mixin.py:137} INFO - [2023-03-02T16:53:36.888+0000] {dagbag.py:538} INFO - Filling up the DagBag from /home/airflow/.local/lib/python3.7/site-packages/airflow/example_dags/example_complex.py
[2023-03-02T16:53:36.899+0000] {logging_mixin.py:137} INFO - [2023-03-02T16:53:36.899+0000] {taskmixin.py:205} WARNING - Dependency <Task(BashOperator): create_entry_group>, delete_entry_group already registered for DAG: example_complex
[2023-03-02T16:53:36.900+0000] {logging_mixin.py:137} INFO - [2023-03-02T16:53:36.900+0000] {taskmixin.py:205} WARNING - Dependency <Task(BashOperator): delete_entry_group>, create_entry_group already registered for DAG: example_complex
[2023-03-02T16:53:36.901+0000] {logging_mixin.py:137} INFO - [2023-03-02T16:53:36.901+0000] {taskmixin.py:205} WARNING - Dependency <Task(BashOperator): create_entry_gcs>, delete_entry already registered for DAG: example_complex
[2023-03-02T16:53:36.902+0000] {logging_mixin.py:137} INFO - [2023-03-02T16:53:36.902+0000] {taskmixin.py:205} WARNING - Dependency <Task(BashOperator): delete_entry>, create_entry_gcs already registered for DAG: example_complex
[2023-03-02T16:53:36.903+0000] {logging_mixin.py:137} INFO - [2023-03-02T16:53:36.903+0000] {taskmixin.py:205} WARNING - Dependency <Task(BashOperator): create_tag>, delete_tag already registered for DAG: example_complex
[2023-03-02T16:53:36.904+0000] {logging_mixin.py:137} INFO - [2023-03-02T16:53:36.903+0000] {taskmixin.py:205} WARNING - Dependency <Task(BashOperator): delete_tag>, create_tag already registered for DAG: example_complex
[2023-03-02T16:53:36.911+0000] {processor.py:753} INFO - DAG(s) dict_keys(['example_complex']) retrieved from /home/airflow/.local/lib/python3.7/site-packages/airflow/example_dags/example_complex.py
[2023-03-02T16:53:36.945+0000] {logging_mixin.py:137} INFO - [2023-03-02T16:53:36.945+0000] {dag.py:2690} INFO - Sync 1 DAGs
[2023-03-02T16:53:36.976+0000] {logging_mixin.py:137} INFO - [2023-03-02T16:53:36.976+0000] {dag.py:3441} INFO - Setting next_dagrun for example_complex to None, run_after=None
[2023-03-02T16:53:36.994+0000] {processor.py:175} INFO - Processing /home/airflow/.local/lib/python3.7/site-packages/airflow/example_dags/example_complex.py took 0.115 seconds
[2023-03-02T16:54:07.689+0000] {processor.py:153} INFO - Started process (PID=1837) to work on /home/airflow/.local/lib/python3.7/site-packages/airflow/example_dags/example_complex.py
[2023-03-02T16:54:07.691+0000] {processor.py:743} INFO - Processing file /home/airflow/.local/lib/python3.7/site-packages/airflow/example_dags/example_complex.py for tasks to queue
[2023-03-02T16:54:07.693+0000] {logging_mixin.py:137} INFO - [2023-03-02T16:54:07.693+0000] {dagbag.py:538} INFO - Filling up the DagBag from /home/airflow/.local/lib/python3.7/site-packages/airflow/example_dags/example_complex.py
[2023-03-02T16:54:07.718+0000] {logging_mixin.py:137} INFO - [2023-03-02T16:54:07.717+0000] {taskmixin.py:205} WARNING - Dependency <Task(BashOperator): create_entry_group>, delete_entry_group already registered for DAG: example_complex
[2023-03-02T16:54:07.720+0000] {logging_mixin.py:137} INFO - [2023-03-02T16:54:07.719+0000] {taskmixin.py:205} WARNING - Dependency <Task(BashOperator): delete_entry_group>, create_entry_group already registered for DAG: example_complex
[2023-03-02T16:54:07.723+0000] {logging_mixin.py:137} INFO - [2023-03-02T16:54:07.722+0000] {taskmixin.py:205} WARNING - Dependency <Task(BashOperator): create_entry_gcs>, delete_entry already registered for DAG: example_complex
[2023-03-02T16:54:07.724+0000] {logging_mixin.py:137} INFO - [2023-03-02T16:54:07.724+0000] {taskmixin.py:205} WARNING - Dependency <Task(BashOperator): delete_entry>, create_entry_gcs already registered for DAG: example_complex
[2023-03-02T16:54:07.726+0000] {logging_mixin.py:137} INFO - [2023-03-02T16:54:07.726+0000] {taskmixin.py:205} WARNING - Dependency <Task(BashOperator): create_tag>, delete_tag already registered for DAG: example_complex
[2023-03-02T16:54:07.727+0000] {logging_mixin.py:137} INFO - [2023-03-02T16:54:07.727+0000] {taskmixin.py:205} WARNING - Dependency <Task(BashOperator): delete_tag>, create_tag already registered for DAG: example_complex
[2023-03-02T16:54:07.736+0000] {processor.py:753} INFO - DAG(s) dict_keys(['example_complex']) retrieved from /home/airflow/.local/lib/python3.7/site-packages/airflow/example_dags/example_complex.py
[2023-03-02T16:54:07.786+0000] {logging_mixin.py:137} INFO - [2023-03-02T16:54:07.785+0000] {dag.py:2690} INFO - Sync 1 DAGs
[2023-03-02T16:54:07.818+0000] {logging_mixin.py:137} INFO - [2023-03-02T16:54:07.818+0000] {dag.py:3441} INFO - Setting next_dagrun for example_complex to None, run_after=None
[2023-03-02T16:54:07.842+0000] {processor.py:175} INFO - Processing /home/airflow/.local/lib/python3.7/site-packages/airflow/example_dags/example_complex.py took 0.159 seconds
[2023-03-02T17:25:13.940+0000] {processor.py:153} INFO - Started process (PID=1958) to work on /home/airflow/.local/lib/python3.7/site-packages/airflow/example_dags/example_complex.py
[2023-03-02T17:25:13.957+0000] {processor.py:743} INFO - Processing file /home/airflow/.local/lib/python3.7/site-packages/airflow/example_dags/example_complex.py for tasks to queue
[2023-03-02T17:25:13.961+0000] {logging_mixin.py:137} INFO - [2023-03-02T17:25:13.960+0000] {dagbag.py:538} INFO - Filling up the DagBag from /home/airflow/.local/lib/python3.7/site-packages/airflow/example_dags/example_complex.py
[2023-03-02T17:25:14.105+0000] {logging_mixin.py:137} INFO - [2023-03-02T17:25:14.101+0000] {taskmixin.py:205} WARNING - Dependency <Task(BashOperator): create_entry_group>, delete_entry_group already registered for DAG: example_complex
[2023-03-02T17:25:14.226+0000] {logging_mixin.py:137} INFO - [2023-03-02T17:25:14.205+0000] {taskmixin.py:205} WARNING - Dependency <Task(BashOperator): delete_entry_group>, create_entry_group already registered for DAG: example_complex
[2023-03-02T17:25:14.232+0000] {logging_mixin.py:137} INFO - [2023-03-02T17:25:14.231+0000] {taskmixin.py:205} WARNING - Dependency <Task(BashOperator): create_entry_gcs>, delete_entry already registered for DAG: example_complex
[2023-03-02T17:25:14.236+0000] {logging_mixin.py:137} INFO - [2023-03-02T17:25:14.236+0000] {taskmixin.py:205} WARNING - Dependency <Task(BashOperator): delete_entry>, create_entry_gcs already registered for DAG: example_complex
[2023-03-02T17:25:14.242+0000] {logging_mixin.py:137} INFO - [2023-03-02T17:25:14.242+0000] {taskmixin.py:205} WARNING - Dependency <Task(BashOperator): create_tag>, delete_tag already registered for DAG: example_complex
[2023-03-02T17:25:14.250+0000] {logging_mixin.py:137} INFO - [2023-03-02T17:25:14.250+0000] {taskmixin.py:205} WARNING - Dependency <Task(BashOperator): delete_tag>, create_tag already registered for DAG: example_complex
[2023-03-02T17:25:14.439+0000] {processor.py:753} INFO - DAG(s) dict_keys(['example_complex']) retrieved from /home/airflow/.local/lib/python3.7/site-packages/airflow/example_dags/example_complex.py
[2023-03-02T17:25:15.175+0000] {logging_mixin.py:137} INFO - [2023-03-02T17:25:15.169+0000] {dag.py:2690} INFO - Sync 1 DAGs
[2023-03-02T17:25:15.329+0000] {logging_mixin.py:137} INFO - [2023-03-02T17:25:15.329+0000] {dag.py:3441} INFO - Setting next_dagrun for example_complex to None, run_after=None
[2023-03-02T17:25:15.489+0000] {processor.py:175} INFO - Processing /home/airflow/.local/lib/python3.7/site-packages/airflow/example_dags/example_complex.py took 1.616 seconds
[2023-03-02T17:25:46.079+0000] {processor.py:153} INFO - Started process (PID=2023) to work on /home/airflow/.local/lib/python3.7/site-packages/airflow/example_dags/example_complex.py
[2023-03-02T17:25:46.082+0000] {processor.py:743} INFO - Processing file /home/airflow/.local/lib/python3.7/site-packages/airflow/example_dags/example_complex.py for tasks to queue
[2023-03-02T17:25:46.084+0000] {logging_mixin.py:137} INFO - [2023-03-02T17:25:46.084+0000] {dagbag.py:538} INFO - Filling up the DagBag from /home/airflow/.local/lib/python3.7/site-packages/airflow/example_dags/example_complex.py
[2023-03-02T17:25:46.108+0000] {logging_mixin.py:137} INFO - [2023-03-02T17:25:46.108+0000] {taskmixin.py:205} WARNING - Dependency <Task(BashOperator): create_entry_group>, delete_entry_group already registered for DAG: example_complex
[2023-03-02T17:25:46.109+0000] {logging_mixin.py:137} INFO - [2023-03-02T17:25:46.109+0000] {taskmixin.py:205} WARNING - Dependency <Task(BashOperator): delete_entry_group>, create_entry_group already registered for DAG: example_complex
[2023-03-02T17:25:46.111+0000] {logging_mixin.py:137} INFO - [2023-03-02T17:25:46.111+0000] {taskmixin.py:205} WARNING - Dependency <Task(BashOperator): create_entry_gcs>, delete_entry already registered for DAG: example_complex
[2023-03-02T17:25:46.113+0000] {logging_mixin.py:137} INFO - [2023-03-02T17:25:46.113+0000] {taskmixin.py:205} WARNING - Dependency <Task(BashOperator): delete_entry>, create_entry_gcs already registered for DAG: example_complex
[2023-03-02T17:25:46.114+0000] {logging_mixin.py:137} INFO - [2023-03-02T17:25:46.114+0000] {taskmixin.py:205} WARNING - Dependency <Task(BashOperator): create_tag>, delete_tag already registered for DAG: example_complex
[2023-03-02T17:25:46.116+0000] {logging_mixin.py:137} INFO - [2023-03-02T17:25:46.116+0000] {taskmixin.py:205} WARNING - Dependency <Task(BashOperator): delete_tag>, create_tag already registered for DAG: example_complex
[2023-03-02T17:25:46.132+0000] {processor.py:753} INFO - DAG(s) dict_keys(['example_complex']) retrieved from /home/airflow/.local/lib/python3.7/site-packages/airflow/example_dags/example_complex.py
[2023-03-02T17:25:46.204+0000] {logging_mixin.py:137} INFO - [2023-03-02T17:25:46.204+0000] {dag.py:2690} INFO - Sync 1 DAGs
[2023-03-02T17:25:46.237+0000] {logging_mixin.py:137} INFO - [2023-03-02T17:25:46.237+0000] {dag.py:3441} INFO - Setting next_dagrun for example_complex to None, run_after=None
[2023-03-02T17:25:46.262+0000] {processor.py:175} INFO - Processing /home/airflow/.local/lib/python3.7/site-packages/airflow/example_dags/example_complex.py took 0.191 seconds
[2023-03-02T17:26:16.678+0000] {processor.py:153} INFO - Started process (PID=2085) to work on /home/airflow/.local/lib/python3.7/site-packages/airflow/example_dags/example_complex.py
[2023-03-02T17:26:16.682+0000] {processor.py:743} INFO - Processing file /home/airflow/.local/lib/python3.7/site-packages/airflow/example_dags/example_complex.py for tasks to queue
[2023-03-02T17:26:16.684+0000] {logging_mixin.py:137} INFO - [2023-03-02T17:26:16.684+0000] {dagbag.py:538} INFO - Filling up the DagBag from /home/airflow/.local/lib/python3.7/site-packages/airflow/example_dags/example_complex.py
[2023-03-02T17:26:16.716+0000] {logging_mixin.py:137} INFO - [2023-03-02T17:26:16.716+0000] {taskmixin.py:205} WARNING - Dependency <Task(BashOperator): create_entry_group>, delete_entry_group already registered for DAG: example_complex
[2023-03-02T17:26:16.719+0000] {logging_mixin.py:137} INFO - [2023-03-02T17:26:16.719+0000] {taskmixin.py:205} WARNING - Dependency <Task(BashOperator): delete_entry_group>, create_entry_group already registered for DAG: example_complex
[2023-03-02T17:26:16.726+0000] {logging_mixin.py:137} INFO - [2023-03-02T17:26:16.726+0000] {taskmixin.py:205} WARNING - Dependency <Task(BashOperator): create_entry_gcs>, delete_entry already registered for DAG: example_complex
[2023-03-02T17:26:16.728+0000] {logging_mixin.py:137} INFO - [2023-03-02T17:26:16.728+0000] {taskmixin.py:205} WARNING - Dependency <Task(BashOperator): delete_entry>, create_entry_gcs already registered for DAG: example_complex
[2023-03-02T17:26:16.730+0000] {logging_mixin.py:137} INFO - [2023-03-02T17:26:16.730+0000] {taskmixin.py:205} WARNING - Dependency <Task(BashOperator): create_tag>, delete_tag already registered for DAG: example_complex
[2023-03-02T17:26:16.732+0000] {logging_mixin.py:137} INFO - [2023-03-02T17:26:16.732+0000] {taskmixin.py:205} WARNING - Dependency <Task(BashOperator): delete_tag>, create_tag already registered for DAG: example_complex
[2023-03-02T17:26:16.747+0000] {processor.py:753} INFO - DAG(s) dict_keys(['example_complex']) retrieved from /home/airflow/.local/lib/python3.7/site-packages/airflow/example_dags/example_complex.py
[2023-03-02T17:26:16.821+0000] {logging_mixin.py:137} INFO - [2023-03-02T17:26:16.820+0000] {dag.py:2690} INFO - Sync 1 DAGs
[2023-03-02T17:26:16.867+0000] {logging_mixin.py:137} INFO - [2023-03-02T17:26:16.867+0000] {dag.py:3441} INFO - Setting next_dagrun for example_complex to None, run_after=None
[2023-03-02T17:26:16.897+0000] {processor.py:175} INFO - Processing /home/airflow/.local/lib/python3.7/site-packages/airflow/example_dags/example_complex.py took 0.233 seconds
[2023-03-02T17:26:46.948+0000] {processor.py:153} INFO - Started process (PID=2149) to work on /home/airflow/.local/lib/python3.7/site-packages/airflow/example_dags/example_complex.py
[2023-03-02T17:26:46.950+0000] {processor.py:743} INFO - Processing file /home/airflow/.local/lib/python3.7/site-packages/airflow/example_dags/example_complex.py for tasks to queue
[2023-03-02T17:26:46.951+0000] {logging_mixin.py:137} INFO - [2023-03-02T17:26:46.951+0000] {dagbag.py:538} INFO - Filling up the DagBag from /home/airflow/.local/lib/python3.7/site-packages/airflow/example_dags/example_complex.py
[2023-03-02T17:26:46.962+0000] {logging_mixin.py:137} INFO - [2023-03-02T17:26:46.962+0000] {taskmixin.py:205} WARNING - Dependency <Task(BashOperator): create_entry_group>, delete_entry_group already registered for DAG: example_complex
[2023-03-02T17:26:46.963+0000] {logging_mixin.py:137} INFO - [2023-03-02T17:26:46.963+0000] {taskmixin.py:205} WARNING - Dependency <Task(BashOperator): delete_entry_group>, create_entry_group already registered for DAG: example_complex
[2023-03-02T17:26:46.964+0000] {logging_mixin.py:137} INFO - [2023-03-02T17:26:46.964+0000] {taskmixin.py:205} WARNING - Dependency <Task(BashOperator): create_entry_gcs>, delete_entry already registered for DAG: example_complex
[2023-03-02T17:26:46.964+0000] {logging_mixin.py:137} INFO - [2023-03-02T17:26:46.964+0000] {taskmixin.py:205} WARNING - Dependency <Task(BashOperator): delete_entry>, create_entry_gcs already registered for DAG: example_complex
[2023-03-02T17:26:46.965+0000] {logging_mixin.py:137} INFO - [2023-03-02T17:26:46.965+0000] {taskmixin.py:205} WARNING - Dependency <Task(BashOperator): create_tag>, delete_tag already registered for DAG: example_complex
[2023-03-02T17:26:46.965+0000] {logging_mixin.py:137} INFO - [2023-03-02T17:26:46.965+0000] {taskmixin.py:205} WARNING - Dependency <Task(BashOperator): delete_tag>, create_tag already registered for DAG: example_complex
[2023-03-02T17:26:46.971+0000] {processor.py:753} INFO - DAG(s) dict_keys(['example_complex']) retrieved from /home/airflow/.local/lib/python3.7/site-packages/airflow/example_dags/example_complex.py
[2023-03-02T17:26:47.046+0000] {logging_mixin.py:137} INFO - [2023-03-02T17:26:47.045+0000] {dag.py:2690} INFO - Sync 1 DAGs
[2023-03-02T17:26:47.087+0000] {logging_mixin.py:137} INFO - [2023-03-02T17:26:47.087+0000] {dag.py:3441} INFO - Setting next_dagrun for example_complex to None, run_after=None
[2023-03-02T17:26:47.116+0000] {processor.py:175} INFO - Processing /home/airflow/.local/lib/python3.7/site-packages/airflow/example_dags/example_complex.py took 0.173 seconds
[2023-03-02T17:27:20.692+0000] {processor.py:153} INFO - Started process (PID=2219) to work on /home/airflow/.local/lib/python3.7/site-packages/airflow/example_dags/example_complex.py
[2023-03-02T17:27:20.700+0000] {processor.py:743} INFO - Processing file /home/airflow/.local/lib/python3.7/site-packages/airflow/example_dags/example_complex.py for tasks to queue
[2023-03-02T17:27:20.704+0000] {logging_mixin.py:137} INFO - [2023-03-02T17:27:20.704+0000] {dagbag.py:538} INFO - Filling up the DagBag from /home/airflow/.local/lib/python3.7/site-packages/airflow/example_dags/example_complex.py
[2023-03-02T17:27:20.775+0000] {logging_mixin.py:137} INFO - [2023-03-02T17:27:20.774+0000] {taskmixin.py:205} WARNING - Dependency <Task(BashOperator): create_entry_group>, delete_entry_group already registered for DAG: example_complex
[2023-03-02T17:27:20.777+0000] {logging_mixin.py:137} INFO - [2023-03-02T17:27:20.776+0000] {taskmixin.py:205} WARNING - Dependency <Task(BashOperator): delete_entry_group>, create_entry_group already registered for DAG: example_complex
[2023-03-02T17:27:20.781+0000] {logging_mixin.py:137} INFO - [2023-03-02T17:27:20.780+0000] {taskmixin.py:205} WARNING - Dependency <Task(BashOperator): create_entry_gcs>, delete_entry already registered for DAG: example_complex
[2023-03-02T17:27:20.785+0000] {logging_mixin.py:137} INFO - [2023-03-02T17:27:20.784+0000] {taskmixin.py:205} WARNING - Dependency <Task(BashOperator): delete_entry>, create_entry_gcs already registered for DAG: example_complex
[2023-03-02T17:27:20.787+0000] {logging_mixin.py:137} INFO - [2023-03-02T17:27:20.786+0000] {taskmixin.py:205} WARNING - Dependency <Task(BashOperator): create_tag>, delete_tag already registered for DAG: example_complex
[2023-03-02T17:27:20.790+0000] {logging_mixin.py:137} INFO - [2023-03-02T17:27:20.789+0000] {taskmixin.py:205} WARNING - Dependency <Task(BashOperator): delete_tag>, create_tag already registered for DAG: example_complex
[2023-03-02T17:27:20.809+0000] {processor.py:753} INFO - DAG(s) dict_keys(['example_complex']) retrieved from /home/airflow/.local/lib/python3.7/site-packages/airflow/example_dags/example_complex.py
[2023-03-02T17:27:20.906+0000] {logging_mixin.py:137} INFO - [2023-03-02T17:27:20.906+0000] {dag.py:2690} INFO - Sync 1 DAGs
[2023-03-02T17:27:20.992+0000] {logging_mixin.py:137} INFO - [2023-03-02T17:27:20.992+0000] {dag.py:3441} INFO - Setting next_dagrun for example_complex to None, run_after=None
[2023-03-02T17:27:21.054+0000] {processor.py:175} INFO - Processing /home/airflow/.local/lib/python3.7/site-packages/airflow/example_dags/example_complex.py took 0.372 seconds
[2023-03-02T18:31:45.796+0000] {processor.py:153} INFO - Started process (PID=2255) to work on /home/airflow/.local/lib/python3.7/site-packages/airflow/example_dags/example_complex.py
[2023-03-02T18:31:45.798+0000] {processor.py:743} INFO - Processing file /home/airflow/.local/lib/python3.7/site-packages/airflow/example_dags/example_complex.py for tasks to queue
[2023-03-02T18:31:45.800+0000] {logging_mixin.py:137} INFO - [2023-03-02T18:31:45.800+0000] {dagbag.py:538} INFO - Filling up the DagBag from /home/airflow/.local/lib/python3.7/site-packages/airflow/example_dags/example_complex.py
[2023-03-02T18:31:45.812+0000] {logging_mixin.py:137} INFO - [2023-03-02T18:31:45.812+0000] {taskmixin.py:205} WARNING - Dependency <Task(BashOperator): create_entry_group>, delete_entry_group already registered for DAG: example_complex
[2023-03-02T18:31:45.813+0000] {logging_mixin.py:137} INFO - [2023-03-02T18:31:45.813+0000] {taskmixin.py:205} WARNING - Dependency <Task(BashOperator): delete_entry_group>, create_entry_group already registered for DAG: example_complex
[2023-03-02T18:31:45.813+0000] {logging_mixin.py:137} INFO - [2023-03-02T18:31:45.813+0000] {taskmixin.py:205} WARNING - Dependency <Task(BashOperator): create_entry_gcs>, delete_entry already registered for DAG: example_complex
[2023-03-02T18:31:45.814+0000] {logging_mixin.py:137} INFO - [2023-03-02T18:31:45.814+0000] {taskmixin.py:205} WARNING - Dependency <Task(BashOperator): delete_entry>, create_entry_gcs already registered for DAG: example_complex
[2023-03-02T18:31:45.814+0000] {logging_mixin.py:137} INFO - [2023-03-02T18:31:45.814+0000] {taskmixin.py:205} WARNING - Dependency <Task(BashOperator): create_tag>, delete_tag already registered for DAG: example_complex
[2023-03-02T18:31:45.815+0000] {logging_mixin.py:137} INFO - [2023-03-02T18:31:45.815+0000] {taskmixin.py:205} WARNING - Dependency <Task(BashOperator): delete_tag>, create_tag already registered for DAG: example_complex
[2023-03-02T18:31:45.822+0000] {processor.py:753} INFO - DAG(s) dict_keys(['example_complex']) retrieved from /home/airflow/.local/lib/python3.7/site-packages/airflow/example_dags/example_complex.py
[2023-03-02T18:31:45.853+0000] {logging_mixin.py:137} INFO - [2023-03-02T18:31:45.853+0000] {dag.py:2690} INFO - Sync 1 DAGs
[2023-03-02T18:31:45.875+0000] {logging_mixin.py:137} INFO - [2023-03-02T18:31:45.875+0000] {dag.py:3441} INFO - Setting next_dagrun for example_complex to None, run_after=None
[2023-03-02T18:31:45.889+0000] {processor.py:175} INFO - Processing /home/airflow/.local/lib/python3.7/site-packages/airflow/example_dags/example_complex.py took 0.096 seconds
[2023-03-02T18:49:43.748+0000] {processor.py:153} INFO - Started process (PID=2316) to work on /home/airflow/.local/lib/python3.7/site-packages/airflow/example_dags/example_complex.py
[2023-03-02T18:49:43.754+0000] {processor.py:743} INFO - Processing file /home/airflow/.local/lib/python3.7/site-packages/airflow/example_dags/example_complex.py for tasks to queue
[2023-03-02T18:49:43.764+0000] {logging_mixin.py:137} INFO - [2023-03-02T18:49:43.763+0000] {dagbag.py:538} INFO - Filling up the DagBag from /home/airflow/.local/lib/python3.7/site-packages/airflow/example_dags/example_complex.py
[2023-03-02T18:49:43.819+0000] {logging_mixin.py:137} INFO - [2023-03-02T18:49:43.819+0000] {taskmixin.py:205} WARNING - Dependency <Task(BashOperator): create_entry_group>, delete_entry_group already registered for DAG: example_complex
[2023-03-02T18:49:43.822+0000] {logging_mixin.py:137} INFO - [2023-03-02T18:49:43.821+0000] {taskmixin.py:205} WARNING - Dependency <Task(BashOperator): delete_entry_group>, create_entry_group already registered for DAG: example_complex
[2023-03-02T18:49:43.824+0000] {logging_mixin.py:137} INFO - [2023-03-02T18:49:43.823+0000] {taskmixin.py:205} WARNING - Dependency <Task(BashOperator): create_entry_gcs>, delete_entry already registered for DAG: example_complex
[2023-03-02T18:49:43.825+0000] {logging_mixin.py:137} INFO - [2023-03-02T18:49:43.825+0000] {taskmixin.py:205} WARNING - Dependency <Task(BashOperator): delete_entry>, create_entry_gcs already registered for DAG: example_complex
[2023-03-02T18:49:43.827+0000] {logging_mixin.py:137} INFO - [2023-03-02T18:49:43.827+0000] {taskmixin.py:205} WARNING - Dependency <Task(BashOperator): create_tag>, delete_tag already registered for DAG: example_complex
[2023-03-02T18:49:43.828+0000] {logging_mixin.py:137} INFO - [2023-03-02T18:49:43.828+0000] {taskmixin.py:205} WARNING - Dependency <Task(BashOperator): delete_tag>, create_tag already registered for DAG: example_complex
[2023-03-02T18:49:43.845+0000] {processor.py:753} INFO - DAG(s) dict_keys(['example_complex']) retrieved from /home/airflow/.local/lib/python3.7/site-packages/airflow/example_dags/example_complex.py
[2023-03-02T18:49:43.966+0000] {logging_mixin.py:137} INFO - [2023-03-02T18:49:43.966+0000] {dag.py:2690} INFO - Sync 1 DAGs
[2023-03-02T18:49:44.025+0000] {logging_mixin.py:137} INFO - [2023-03-02T18:49:44.025+0000] {dag.py:3441} INFO - Setting next_dagrun for example_complex to None, run_after=None
[2023-03-02T18:49:44.093+0000] {processor.py:175} INFO - Processing /home/airflow/.local/lib/python3.7/site-packages/airflow/example_dags/example_complex.py took 0.370 seconds
[2023-03-02T20:07:33.180+0000] {processor.py:153} INFO - Started process (PID=2397) to work on /home/airflow/.local/lib/python3.7/site-packages/airflow/example_dags/example_complex.py
[2023-03-02T20:07:33.346+0000] {processor.py:743} INFO - Processing file /home/airflow/.local/lib/python3.7/site-packages/airflow/example_dags/example_complex.py for tasks to queue
[2023-03-02T20:07:33.358+0000] {logging_mixin.py:137} INFO - [2023-03-02T20:07:33.358+0000] {dagbag.py:538} INFO - Filling up the DagBag from /home/airflow/.local/lib/python3.7/site-packages/airflow/example_dags/example_complex.py
[2023-03-02T20:07:33.693+0000] {logging_mixin.py:137} INFO - [2023-03-02T20:07:33.692+0000] {taskmixin.py:205} WARNING - Dependency <Task(BashOperator): create_entry_group>, delete_entry_group already registered for DAG: example_complex
[2023-03-02T20:07:33.818+0000] {logging_mixin.py:137} INFO - [2023-03-02T20:07:33.818+0000] {taskmixin.py:205} WARNING - Dependency <Task(BashOperator): delete_entry_group>, create_entry_group already registered for DAG: example_complex
[2023-03-02T20:07:33.828+0000] {logging_mixin.py:137} INFO - [2023-03-02T20:07:33.827+0000] {taskmixin.py:205} WARNING - Dependency <Task(BashOperator): create_entry_gcs>, delete_entry already registered for DAG: example_complex
[2023-03-02T20:07:33.833+0000] {logging_mixin.py:137} INFO - [2023-03-02T20:07:33.832+0000] {taskmixin.py:205} WARNING - Dependency <Task(BashOperator): delete_entry>, create_entry_gcs already registered for DAG: example_complex
[2023-03-02T20:07:33.847+0000] {logging_mixin.py:137} INFO - [2023-03-02T20:07:33.847+0000] {taskmixin.py:205} WARNING - Dependency <Task(BashOperator): create_tag>, delete_tag already registered for DAG: example_complex
[2023-03-02T20:07:33.851+0000] {logging_mixin.py:137} INFO - [2023-03-02T20:07:33.851+0000] {taskmixin.py:205} WARNING - Dependency <Task(BashOperator): delete_tag>, create_tag already registered for DAG: example_complex
[2023-03-02T20:07:34.024+0000] {processor.py:753} INFO - DAG(s) dict_keys(['example_complex']) retrieved from /home/airflow/.local/lib/python3.7/site-packages/airflow/example_dags/example_complex.py
[2023-03-02T20:55:59.817+0000] {logging_mixin.py:137} INFO - [2023-03-02T20:55:59.805+0000] {dag.py:2690} INFO - Sync 1 DAGs
