[2023-03-02T13:04:44.564+0000] {processor.py:153} INFO - Started process (PID=61) to work on /home/airflow/.local/lib/python3.7/site-packages/airflow/example_dags/tutorial_dag.py
[2023-03-02T13:04:44.573+0000] {processor.py:743} INFO - Processing file /home/airflow/.local/lib/python3.7/site-packages/airflow/example_dags/tutorial_dag.py for tasks to queue
[2023-03-02T13:04:44.579+0000] {logging_mixin.py:137} INFO - [2023-03-02T13:04:44.578+0000] {dagbag.py:538} INFO - Filling up the DagBag from /home/airflow/.local/lib/python3.7/site-packages/airflow/example_dags/tutorial_dag.py
[2023-03-02T13:04:44.689+0000] {processor.py:753} INFO - DAG(s) dict_keys(['tutorial_dag']) retrieved from /home/airflow/.local/lib/python3.7/site-packages/airflow/example_dags/tutorial_dag.py
[2023-03-02T13:04:45.566+0000] {logging_mixin.py:137} INFO - [2023-03-02T13:04:45.565+0000] {manager.py:504} INFO - Created Permission View: can delete on DAG:tutorial_dag
[2023-03-02T13:04:45.627+0000] {logging_mixin.py:137} INFO - [2023-03-02T13:04:45.626+0000] {manager.py:504} INFO - Created Permission View: can read on DAG:tutorial_dag
[2023-03-02T13:04:45.650+0000] {logging_mixin.py:137} INFO - [2023-03-02T13:04:45.649+0000] {manager.py:504} INFO - Created Permission View: can edit on DAG:tutorial_dag
[2023-03-02T13:04:45.660+0000] {logging_mixin.py:137} INFO - [2023-03-02T13:04:45.660+0000] {dag.py:2690} INFO - Sync 1 DAGs
[2023-03-02T13:04:45.747+0000] {logging_mixin.py:137} INFO - [2023-03-02T13:04:45.746+0000] {dag.py:2711} INFO - Creating ORM DAG for tutorial_dag
[2023-03-02T13:04:45.802+0000] {logging_mixin.py:137} INFO - [2023-03-02T13:04:45.802+0000] {dag.py:3441} INFO - Setting next_dagrun for tutorial_dag to None, run_after=None
[2023-03-02T13:04:45.900+0000] {processor.py:175} INFO - Processing /home/airflow/.local/lib/python3.7/site-packages/airflow/example_dags/tutorial_dag.py took 1.383 seconds
[2023-03-02T13:05:16.837+0000] {processor.py:153} INFO - Started process (PID=125) to work on /home/airflow/.local/lib/python3.7/site-packages/airflow/example_dags/tutorial_dag.py
[2023-03-02T13:05:16.838+0000] {processor.py:743} INFO - Processing file /home/airflow/.local/lib/python3.7/site-packages/airflow/example_dags/tutorial_dag.py for tasks to queue
[2023-03-02T13:05:16.840+0000] {logging_mixin.py:137} INFO - [2023-03-02T13:05:16.839+0000] {dagbag.py:538} INFO - Filling up the DagBag from /home/airflow/.local/lib/python3.7/site-packages/airflow/example_dags/tutorial_dag.py
[2023-03-02T13:05:16.856+0000] {processor.py:753} INFO - DAG(s) dict_keys(['tutorial_dag']) retrieved from /home/airflow/.local/lib/python3.7/site-packages/airflow/example_dags/tutorial_dag.py
[2023-03-02T13:05:16.895+0000] {logging_mixin.py:137} INFO - [2023-03-02T13:05:16.895+0000] {dag.py:2690} INFO - Sync 1 DAGs
[2023-03-02T13:05:16.913+0000] {logging_mixin.py:137} INFO - [2023-03-02T13:05:16.913+0000] {dag.py:3441} INFO - Setting next_dagrun for tutorial_dag to None, run_after=None
[2023-03-02T13:05:16.927+0000] {processor.py:175} INFO - Processing /home/airflow/.local/lib/python3.7/site-packages/airflow/example_dags/tutorial_dag.py took 0.095 seconds
[2023-03-02T13:05:47.085+0000] {processor.py:153} INFO - Started process (PID=201) to work on /home/airflow/.local/lib/python3.7/site-packages/airflow/example_dags/tutorial_dag.py
[2023-03-02T13:05:47.087+0000] {processor.py:743} INFO - Processing file /home/airflow/.local/lib/python3.7/site-packages/airflow/example_dags/tutorial_dag.py for tasks to queue
[2023-03-02T13:05:47.089+0000] {logging_mixin.py:137} INFO - [2023-03-02T13:05:47.089+0000] {dagbag.py:538} INFO - Filling up the DagBag from /home/airflow/.local/lib/python3.7/site-packages/airflow/example_dags/tutorial_dag.py
[2023-03-02T13:05:47.106+0000] {processor.py:753} INFO - DAG(s) dict_keys(['tutorial_dag']) retrieved from /home/airflow/.local/lib/python3.7/site-packages/airflow/example_dags/tutorial_dag.py
[2023-03-02T13:05:47.141+0000] {logging_mixin.py:137} INFO - [2023-03-02T13:05:47.141+0000] {dag.py:2690} INFO - Sync 1 DAGs
[2023-03-02T13:05:47.163+0000] {logging_mixin.py:137} INFO - [2023-03-02T13:05:47.163+0000] {dag.py:3441} INFO - Setting next_dagrun for tutorial_dag to None, run_after=None
[2023-03-02T13:05:47.178+0000] {processor.py:175} INFO - Processing /home/airflow/.local/lib/python3.7/site-packages/airflow/example_dags/tutorial_dag.py took 0.099 seconds
[2023-03-02T13:06:19.342+0000] {processor.py:153} INFO - Started process (PID=264) to work on /home/airflow/.local/lib/python3.7/site-packages/airflow/example_dags/tutorial_dag.py
[2023-03-02T13:06:19.400+0000] {processor.py:743} INFO - Processing file /home/airflow/.local/lib/python3.7/site-packages/airflow/example_dags/tutorial_dag.py for tasks to queue
[2023-03-02T13:06:19.470+0000] {logging_mixin.py:137} INFO - [2023-03-02T13:06:19.440+0000] {dagbag.py:538} INFO - Filling up the DagBag from /home/airflow/.local/lib/python3.7/site-packages/airflow/example_dags/tutorial_dag.py
[2023-03-02T13:06:22.167+0000] {processor.py:753} INFO - DAG(s) dict_keys(['tutorial_dag']) retrieved from /home/airflow/.local/lib/python3.7/site-packages/airflow/example_dags/tutorial_dag.py
[2023-03-02T13:06:23.911+0000] {logging_mixin.py:137} INFO - [2023-03-02T13:06:23.849+0000] {dag.py:2690} INFO - Sync 1 DAGs
[2023-03-02T13:06:24.352+0000] {logging_mixin.py:137} INFO - [2023-03-02T13:06:24.351+0000] {dag.py:3441} INFO - Setting next_dagrun for tutorial_dag to None, run_after=None
[2023-03-02T13:06:24.456+0000] {processor.py:175} INFO - Processing /home/airflow/.local/lib/python3.7/site-packages/airflow/example_dags/tutorial_dag.py took 5.249 seconds
[2023-03-02T14:26:28.353+0000] {processor.py:153} INFO - Started process (PID=347) to work on /home/airflow/.local/lib/python3.7/site-packages/airflow/example_dags/tutorial_dag.py
[2023-03-02T14:26:28.359+0000] {processor.py:743} INFO - Processing file /home/airflow/.local/lib/python3.7/site-packages/airflow/example_dags/tutorial_dag.py for tasks to queue
[2023-03-02T14:26:28.360+0000] {logging_mixin.py:137} INFO - [2023-03-02T14:26:28.360+0000] {dagbag.py:538} INFO - Filling up the DagBag from /home/airflow/.local/lib/python3.7/site-packages/airflow/example_dags/tutorial_dag.py
[2023-03-02T14:26:28.402+0000] {processor.py:753} INFO - DAG(s) dict_keys(['tutorial_dag']) retrieved from /home/airflow/.local/lib/python3.7/site-packages/airflow/example_dags/tutorial_dag.py
[2023-03-02T14:26:28.533+0000] {logging_mixin.py:137} INFO - [2023-03-02T14:26:28.533+0000] {dag.py:2690} INFO - Sync 1 DAGs
[2023-03-02T14:26:28.585+0000] {logging_mixin.py:137} INFO - [2023-03-02T14:26:28.584+0000] {dag.py:3441} INFO - Setting next_dagrun for tutorial_dag to None, run_after=None
[2023-03-02T14:26:28.625+0000] {processor.py:175} INFO - Processing /home/airflow/.local/lib/python3.7/site-packages/airflow/example_dags/tutorial_dag.py took 0.277 seconds
[2023-03-02T14:27:02.489+0000] {processor.py:153} INFO - Started process (PID=409) to work on /home/airflow/.local/lib/python3.7/site-packages/airflow/example_dags/tutorial_dag.py
[2023-03-02T14:27:02.495+0000] {processor.py:743} INFO - Processing file /home/airflow/.local/lib/python3.7/site-packages/airflow/example_dags/tutorial_dag.py for tasks to queue
[2023-03-02T14:27:02.498+0000] {logging_mixin.py:137} INFO - [2023-03-02T14:27:02.498+0000] {dagbag.py:538} INFO - Filling up the DagBag from /home/airflow/.local/lib/python3.7/site-packages/airflow/example_dags/tutorial_dag.py
[2023-03-02T14:27:02.523+0000] {processor.py:753} INFO - DAG(s) dict_keys(['tutorial_dag']) retrieved from /home/airflow/.local/lib/python3.7/site-packages/airflow/example_dags/tutorial_dag.py
[2023-03-02T14:27:02.589+0000] {logging_mixin.py:137} INFO - [2023-03-02T14:27:02.588+0000] {dag.py:2690} INFO - Sync 1 DAGs
[2023-03-02T14:27:02.673+0000] {logging_mixin.py:137} INFO - [2023-03-02T14:27:02.672+0000] {dag.py:3441} INFO - Setting next_dagrun for tutorial_dag to None, run_after=None
[2023-03-02T14:27:02.728+0000] {processor.py:175} INFO - Processing /home/airflow/.local/lib/python3.7/site-packages/airflow/example_dags/tutorial_dag.py took 0.260 seconds
[2023-03-02T14:28:17.632+0000] {processor.py:153} INFO - Started process (PID=452) to work on /home/airflow/.local/lib/python3.7/site-packages/airflow/example_dags/tutorial_dag.py
[2023-03-02T14:28:17.687+0000] {processor.py:743} INFO - Processing file /home/airflow/.local/lib/python3.7/site-packages/airflow/example_dags/tutorial_dag.py for tasks to queue
[2023-03-02T14:28:17.695+0000] {logging_mixin.py:137} INFO - [2023-03-02T14:28:17.695+0000] {dagbag.py:538} INFO - Filling up the DagBag from /home/airflow/.local/lib/python3.7/site-packages/airflow/example_dags/tutorial_dag.py
[2023-03-02T14:28:17.814+0000] {processor.py:753} INFO - DAG(s) dict_keys(['tutorial_dag']) retrieved from /home/airflow/.local/lib/python3.7/site-packages/airflow/example_dags/tutorial_dag.py
[2023-03-02T14:28:17.937+0000] {logging_mixin.py:137} INFO - [2023-03-02T14:28:17.937+0000] {dag.py:2690} INFO - Sync 1 DAGs
[2023-03-02T14:28:18.032+0000] {logging_mixin.py:137} INFO - [2023-03-02T14:28:18.030+0000] {dag.py:3441} INFO - Setting next_dagrun for tutorial_dag to None, run_after=None
[2023-03-02T14:28:18.159+0000] {processor.py:175} INFO - Processing /home/airflow/.local/lib/python3.7/site-packages/airflow/example_dags/tutorial_dag.py took 0.550 seconds
[2023-03-02T14:28:52.662+0000] {processor.py:153} INFO - Started process (PID=507) to work on /home/airflow/.local/lib/python3.7/site-packages/airflow/example_dags/tutorial_dag.py
[2023-03-02T14:28:52.665+0000] {processor.py:743} INFO - Processing file /home/airflow/.local/lib/python3.7/site-packages/airflow/example_dags/tutorial_dag.py for tasks to queue
[2023-03-02T14:28:52.666+0000] {logging_mixin.py:137} INFO - [2023-03-02T14:28:52.666+0000] {dagbag.py:538} INFO - Filling up the DagBag from /home/airflow/.local/lib/python3.7/site-packages/airflow/example_dags/tutorial_dag.py
[2023-03-02T14:28:52.678+0000] {processor.py:753} INFO - DAG(s) dict_keys(['tutorial_dag']) retrieved from /home/airflow/.local/lib/python3.7/site-packages/airflow/example_dags/tutorial_dag.py
[2023-03-02T14:28:52.704+0000] {logging_mixin.py:137} INFO - [2023-03-02T14:28:52.704+0000] {dag.py:2690} INFO - Sync 1 DAGs
[2023-03-02T14:28:52.729+0000] {logging_mixin.py:137} INFO - [2023-03-02T14:28:52.729+0000] {dag.py:3441} INFO - Setting next_dagrun for tutorial_dag to None, run_after=None
[2023-03-02T14:28:52.742+0000] {processor.py:175} INFO - Processing /home/airflow/.local/lib/python3.7/site-packages/airflow/example_dags/tutorial_dag.py took 0.084 seconds
[2023-03-02T15:58:26.488+0000] {processor.py:153} INFO - Started process (PID=570) to work on /home/airflow/.local/lib/python3.7/site-packages/airflow/example_dags/tutorial_dag.py
[2023-03-02T15:58:26.492+0000] {processor.py:743} INFO - Processing file /home/airflow/.local/lib/python3.7/site-packages/airflow/example_dags/tutorial_dag.py for tasks to queue
[2023-03-02T15:58:26.494+0000] {logging_mixin.py:137} INFO - [2023-03-02T15:58:26.494+0000] {dagbag.py:538} INFO - Filling up the DagBag from /home/airflow/.local/lib/python3.7/site-packages/airflow/example_dags/tutorial_dag.py
[2023-03-02T15:58:26.509+0000] {processor.py:753} INFO - DAG(s) dict_keys(['tutorial_dag']) retrieved from /home/airflow/.local/lib/python3.7/site-packages/airflow/example_dags/tutorial_dag.py
[2023-03-02T15:58:26.559+0000] {logging_mixin.py:137} INFO - [2023-03-02T15:58:26.559+0000] {dag.py:2690} INFO - Sync 1 DAGs
[2023-03-02T15:58:26.594+0000] {logging_mixin.py:137} INFO - [2023-03-02T15:58:26.594+0000] {dag.py:3441} INFO - Setting next_dagrun for tutorial_dag to None, run_after=None
[2023-03-02T15:58:26.610+0000] {processor.py:175} INFO - Processing /home/airflow/.local/lib/python3.7/site-packages/airflow/example_dags/tutorial_dag.py took 0.127 seconds
[2023-03-02T16:32:18.188+0000] {processor.py:153} INFO - Started process (PID=633) to work on /home/airflow/.local/lib/python3.7/site-packages/airflow/example_dags/tutorial_dag.py
[2023-03-02T16:32:18.190+0000] {processor.py:743} INFO - Processing file /home/airflow/.local/lib/python3.7/site-packages/airflow/example_dags/tutorial_dag.py for tasks to queue
[2023-03-02T16:32:18.192+0000] {logging_mixin.py:137} INFO - [2023-03-02T16:32:18.192+0000] {dagbag.py:538} INFO - Filling up the DagBag from /home/airflow/.local/lib/python3.7/site-packages/airflow/example_dags/tutorial_dag.py
[2023-03-02T16:32:18.209+0000] {processor.py:753} INFO - DAG(s) dict_keys(['tutorial_dag']) retrieved from /home/airflow/.local/lib/python3.7/site-packages/airflow/example_dags/tutorial_dag.py
[2023-03-02T16:32:18.242+0000] {logging_mixin.py:137} INFO - [2023-03-02T16:32:18.242+0000] {dag.py:2690} INFO - Sync 1 DAGs
[2023-03-02T16:32:18.266+0000] {logging_mixin.py:137} INFO - [2023-03-02T16:32:18.266+0000] {dag.py:3441} INFO - Setting next_dagrun for tutorial_dag to None, run_after=None
[2023-03-02T16:32:18.291+0000] {processor.py:175} INFO - Processing /home/airflow/.local/lib/python3.7/site-packages/airflow/example_dags/tutorial_dag.py took 0.107 seconds
[2023-03-02T16:39:46.167+0000] {processor.py:153} INFO - Started process (PID=729) to work on /home/airflow/.local/lib/python3.7/site-packages/airflow/example_dags/tutorial_dag.py
[2023-03-02T16:39:46.234+0000] {processor.py:743} INFO - Processing file /home/airflow/.local/lib/python3.7/site-packages/airflow/example_dags/tutorial_dag.py for tasks to queue
[2023-03-02T16:39:46.281+0000] {logging_mixin.py:137} INFO - [2023-03-02T16:39:46.280+0000] {dagbag.py:538} INFO - Filling up the DagBag from /home/airflow/.local/lib/python3.7/site-packages/airflow/example_dags/tutorial_dag.py
[2023-03-02T16:39:47.147+0000] {processor.py:753} INFO - DAG(s) dict_keys(['tutorial_dag']) retrieved from /home/airflow/.local/lib/python3.7/site-packages/airflow/example_dags/tutorial_dag.py
[2023-03-02T16:39:49.519+0000] {logging_mixin.py:137} INFO - [2023-03-02T16:39:49.449+0000] {dag.py:2690} INFO - Sync 1 DAGs
[2023-03-02T16:39:50.295+0000] {logging_mixin.py:137} INFO - [2023-03-02T16:39:50.288+0000] {dag.py:3441} INFO - Setting next_dagrun for tutorial_dag to None, run_after=None
[2023-03-02T16:39:51.191+0000] {processor.py:175} INFO - Processing /home/airflow/.local/lib/python3.7/site-packages/airflow/example_dags/tutorial_dag.py took 5.262 seconds
[2023-03-02T16:40:34.994+0000] {processor.py:153} INFO - Started process (PID=796) to work on /home/airflow/.local/lib/python3.7/site-packages/airflow/example_dags/tutorial_dag.py
[2023-03-02T16:40:35.001+0000] {processor.py:743} INFO - Processing file /home/airflow/.local/lib/python3.7/site-packages/airflow/example_dags/tutorial_dag.py for tasks to queue
[2023-03-02T16:40:35.004+0000] {logging_mixin.py:137} INFO - [2023-03-02T16:40:35.004+0000] {dagbag.py:538} INFO - Filling up the DagBag from /home/airflow/.local/lib/python3.7/site-packages/airflow/example_dags/tutorial_dag.py
[2023-03-02T16:40:35.025+0000] {processor.py:753} INFO - DAG(s) dict_keys(['tutorial_dag']) retrieved from /home/airflow/.local/lib/python3.7/site-packages/airflow/example_dags/tutorial_dag.py
[2023-03-02T16:40:35.171+0000] {logging_mixin.py:137} INFO - [2023-03-02T16:40:35.171+0000] {dag.py:2690} INFO - Sync 1 DAGs
[2023-03-02T16:40:35.254+0000] {logging_mixin.py:137} INFO - [2023-03-02T16:40:35.253+0000] {dag.py:3441} INFO - Setting next_dagrun for tutorial_dag to None, run_after=None
[2023-03-02T16:40:35.282+0000] {processor.py:175} INFO - Processing /home/airflow/.local/lib/python3.7/site-packages/airflow/example_dags/tutorial_dag.py took 0.296 seconds
[2023-03-02T16:41:21.888+0000] {processor.py:153} INFO - Started process (PID=864) to work on /home/airflow/.local/lib/python3.7/site-packages/airflow/example_dags/tutorial_dag.py
[2023-03-02T16:41:21.896+0000] {processor.py:743} INFO - Processing file /home/airflow/.local/lib/python3.7/site-packages/airflow/example_dags/tutorial_dag.py for tasks to queue
[2023-03-02T16:41:21.898+0000] {logging_mixin.py:137} INFO - [2023-03-02T16:41:21.898+0000] {dagbag.py:538} INFO - Filling up the DagBag from /home/airflow/.local/lib/python3.7/site-packages/airflow/example_dags/tutorial_dag.py
[2023-03-02T16:41:21.945+0000] {processor.py:753} INFO - DAG(s) dict_keys(['tutorial_dag']) retrieved from /home/airflow/.local/lib/python3.7/site-packages/airflow/example_dags/tutorial_dag.py
[2023-03-02T16:41:22.003+0000] {logging_mixin.py:137} INFO - [2023-03-02T16:41:22.003+0000] {dag.py:2690} INFO - Sync 1 DAGs
[2023-03-02T16:41:22.075+0000] {logging_mixin.py:137} INFO - [2023-03-02T16:41:22.075+0000] {dag.py:3441} INFO - Setting next_dagrun for tutorial_dag to None, run_after=None
[2023-03-02T16:41:22.133+0000] {processor.py:175} INFO - Processing /home/airflow/.local/lib/python3.7/site-packages/airflow/example_dags/tutorial_dag.py took 0.254 seconds
[2023-03-02T16:41:53.740+0000] {processor.py:153} INFO - Started process (PID=927) to work on /home/airflow/.local/lib/python3.7/site-packages/airflow/example_dags/tutorial_dag.py
[2023-03-02T16:41:53.744+0000] {processor.py:743} INFO - Processing file /home/airflow/.local/lib/python3.7/site-packages/airflow/example_dags/tutorial_dag.py for tasks to queue
[2023-03-02T16:41:53.748+0000] {logging_mixin.py:137} INFO - [2023-03-02T16:41:53.748+0000] {dagbag.py:538} INFO - Filling up the DagBag from /home/airflow/.local/lib/python3.7/site-packages/airflow/example_dags/tutorial_dag.py
[2023-03-02T16:41:53.933+0000] {processor.py:753} INFO - DAG(s) dict_keys(['tutorial_dag']) retrieved from /home/airflow/.local/lib/python3.7/site-packages/airflow/example_dags/tutorial_dag.py
[2023-03-02T16:41:54.156+0000] {logging_mixin.py:137} INFO - [2023-03-02T16:41:54.156+0000] {dag.py:2690} INFO - Sync 1 DAGs
[2023-03-02T16:41:54.257+0000] {logging_mixin.py:137} INFO - [2023-03-02T16:41:54.257+0000] {dag.py:3441} INFO - Setting next_dagrun for tutorial_dag to None, run_after=None
[2023-03-02T16:41:54.416+0000] {processor.py:175} INFO - Processing /home/airflow/.local/lib/python3.7/site-packages/airflow/example_dags/tutorial_dag.py took 0.701 seconds
[2023-03-02T16:42:25.441+0000] {processor.py:153} INFO - Started process (PID=990) to work on /home/airflow/.local/lib/python3.7/site-packages/airflow/example_dags/tutorial_dag.py
[2023-03-02T16:42:25.448+0000] {processor.py:743} INFO - Processing file /home/airflow/.local/lib/python3.7/site-packages/airflow/example_dags/tutorial_dag.py for tasks to queue
[2023-03-02T16:42:25.451+0000] {logging_mixin.py:137} INFO - [2023-03-02T16:42:25.451+0000] {dagbag.py:538} INFO - Filling up the DagBag from /home/airflow/.local/lib/python3.7/site-packages/airflow/example_dags/tutorial_dag.py
[2023-03-02T16:42:25.490+0000] {processor.py:753} INFO - DAG(s) dict_keys(['tutorial_dag']) retrieved from /home/airflow/.local/lib/python3.7/site-packages/airflow/example_dags/tutorial_dag.py
[2023-03-02T16:42:25.617+0000] {logging_mixin.py:137} INFO - [2023-03-02T16:42:25.616+0000] {dag.py:2690} INFO - Sync 1 DAGs
[2023-03-02T16:42:25.675+0000] {logging_mixin.py:137} INFO - [2023-03-02T16:42:25.675+0000] {dag.py:3441} INFO - Setting next_dagrun for tutorial_dag to None, run_after=None
[2023-03-02T16:42:25.757+0000] {processor.py:175} INFO - Processing /home/airflow/.local/lib/python3.7/site-packages/airflow/example_dags/tutorial_dag.py took 0.332 seconds
[2023-03-02T16:42:56.538+0000] {processor.py:153} INFO - Started process (PID=1053) to work on /home/airflow/.local/lib/python3.7/site-packages/airflow/example_dags/tutorial_dag.py
[2023-03-02T16:42:56.541+0000] {processor.py:743} INFO - Processing file /home/airflow/.local/lib/python3.7/site-packages/airflow/example_dags/tutorial_dag.py for tasks to queue
[2023-03-02T16:42:56.543+0000] {logging_mixin.py:137} INFO - [2023-03-02T16:42:56.542+0000] {dagbag.py:538} INFO - Filling up the DagBag from /home/airflow/.local/lib/python3.7/site-packages/airflow/example_dags/tutorial_dag.py
[2023-03-02T16:42:56.610+0000] {processor.py:753} INFO - DAG(s) dict_keys(['tutorial_dag']) retrieved from /home/airflow/.local/lib/python3.7/site-packages/airflow/example_dags/tutorial_dag.py
[2023-03-02T16:42:56.674+0000] {logging_mixin.py:137} INFO - [2023-03-02T16:42:56.673+0000] {dag.py:2690} INFO - Sync 1 DAGs
[2023-03-02T16:42:56.713+0000] {logging_mixin.py:137} INFO - [2023-03-02T16:42:56.713+0000] {dag.py:3441} INFO - Setting next_dagrun for tutorial_dag to None, run_after=None
[2023-03-02T16:42:56.736+0000] {processor.py:175} INFO - Processing /home/airflow/.local/lib/python3.7/site-packages/airflow/example_dags/tutorial_dag.py took 0.208 seconds
[2023-03-02T16:43:27.464+0000] {processor.py:153} INFO - Started process (PID=1116) to work on /home/airflow/.local/lib/python3.7/site-packages/airflow/example_dags/tutorial_dag.py
[2023-03-02T16:43:27.476+0000] {processor.py:743} INFO - Processing file /home/airflow/.local/lib/python3.7/site-packages/airflow/example_dags/tutorial_dag.py for tasks to queue
[2023-03-02T16:43:27.478+0000] {logging_mixin.py:137} INFO - [2023-03-02T16:43:27.478+0000] {dagbag.py:538} INFO - Filling up the DagBag from /home/airflow/.local/lib/python3.7/site-packages/airflow/example_dags/tutorial_dag.py
[2023-03-02T16:43:27.532+0000] {processor.py:753} INFO - DAG(s) dict_keys(['tutorial_dag']) retrieved from /home/airflow/.local/lib/python3.7/site-packages/airflow/example_dags/tutorial_dag.py
[2023-03-02T16:43:27.610+0000] {logging_mixin.py:137} INFO - [2023-03-02T16:43:27.610+0000] {dag.py:2690} INFO - Sync 1 DAGs
[2023-03-02T16:43:27.656+0000] {logging_mixin.py:137} INFO - [2023-03-02T16:43:27.655+0000] {dag.py:3441} INFO - Setting next_dagrun for tutorial_dag to None, run_after=None
[2023-03-02T16:43:27.688+0000] {processor.py:175} INFO - Processing /home/airflow/.local/lib/python3.7/site-packages/airflow/example_dags/tutorial_dag.py took 0.251 seconds
[2023-03-02T16:43:58.516+0000] {processor.py:153} INFO - Started process (PID=1190) to work on /home/airflow/.local/lib/python3.7/site-packages/airflow/example_dags/tutorial_dag.py
[2023-03-02T16:43:58.521+0000] {processor.py:743} INFO - Processing file /home/airflow/.local/lib/python3.7/site-packages/airflow/example_dags/tutorial_dag.py for tasks to queue
[2023-03-02T16:43:58.524+0000] {logging_mixin.py:137} INFO - [2023-03-02T16:43:58.524+0000] {dagbag.py:538} INFO - Filling up the DagBag from /home/airflow/.local/lib/python3.7/site-packages/airflow/example_dags/tutorial_dag.py
[2023-03-02T16:43:58.561+0000] {processor.py:753} INFO - DAG(s) dict_keys(['tutorial_dag']) retrieved from /home/airflow/.local/lib/python3.7/site-packages/airflow/example_dags/tutorial_dag.py
[2023-03-02T16:43:58.609+0000] {logging_mixin.py:137} INFO - [2023-03-02T16:43:58.609+0000] {dag.py:2690} INFO - Sync 1 DAGs
[2023-03-02T16:43:58.637+0000] {logging_mixin.py:137} INFO - [2023-03-02T16:43:58.637+0000] {dag.py:3441} INFO - Setting next_dagrun for tutorial_dag to None, run_after=None
[2023-03-02T16:43:58.674+0000] {processor.py:175} INFO - Processing /home/airflow/.local/lib/python3.7/site-packages/airflow/example_dags/tutorial_dag.py took 0.170 seconds
[2023-03-02T16:49:48.548+0000] {processor.py:153} INFO - Started process (PID=1281) to work on /home/airflow/.local/lib/python3.7/site-packages/airflow/example_dags/tutorial_dag.py
[2023-03-02T16:49:48.552+0000] {processor.py:743} INFO - Processing file /home/airflow/.local/lib/python3.7/site-packages/airflow/example_dags/tutorial_dag.py for tasks to queue
[2023-03-02T16:49:48.555+0000] {logging_mixin.py:137} INFO - [2023-03-02T16:49:48.555+0000] {dagbag.py:538} INFO - Filling up the DagBag from /home/airflow/.local/lib/python3.7/site-packages/airflow/example_dags/tutorial_dag.py
[2023-03-02T16:49:48.618+0000] {processor.py:753} INFO - DAG(s) dict_keys(['tutorial_dag']) retrieved from /home/airflow/.local/lib/python3.7/site-packages/airflow/example_dags/tutorial_dag.py
[2023-03-02T16:49:48.673+0000] {logging_mixin.py:137} INFO - [2023-03-02T16:49:48.673+0000] {dag.py:2690} INFO - Sync 1 DAGs
[2023-03-02T16:49:48.726+0000] {logging_mixin.py:137} INFO - [2023-03-02T16:49:48.725+0000] {dag.py:3441} INFO - Setting next_dagrun for tutorial_dag to None, run_after=None
[2023-03-02T16:49:48.759+0000] {processor.py:175} INFO - Processing /home/airflow/.local/lib/python3.7/site-packages/airflow/example_dags/tutorial_dag.py took 0.224 seconds
[2023-03-02T16:50:21.890+0000] {processor.py:153} INFO - Started process (PID=1353) to work on /home/airflow/.local/lib/python3.7/site-packages/airflow/example_dags/tutorial_dag.py
[2023-03-02T16:50:21.905+0000] {processor.py:743} INFO - Processing file /home/airflow/.local/lib/python3.7/site-packages/airflow/example_dags/tutorial_dag.py for tasks to queue
[2023-03-02T16:50:21.908+0000] {logging_mixin.py:137} INFO - [2023-03-02T16:50:21.908+0000] {dagbag.py:538} INFO - Filling up the DagBag from /home/airflow/.local/lib/python3.7/site-packages/airflow/example_dags/tutorial_dag.py
[2023-03-02T16:50:22.001+0000] {processor.py:753} INFO - DAG(s) dict_keys(['tutorial_dag']) retrieved from /home/airflow/.local/lib/python3.7/site-packages/airflow/example_dags/tutorial_dag.py
[2023-03-02T16:50:22.362+0000] {logging_mixin.py:137} INFO - [2023-03-02T16:50:22.361+0000] {dag.py:2690} INFO - Sync 1 DAGs
[2023-03-02T16:50:22.430+0000] {logging_mixin.py:137} INFO - [2023-03-02T16:50:22.430+0000] {dag.py:3441} INFO - Setting next_dagrun for tutorial_dag to None, run_after=None
[2023-03-02T16:50:22.480+0000] {processor.py:175} INFO - Processing /home/airflow/.local/lib/python3.7/site-packages/airflow/example_dags/tutorial_dag.py took 0.607 seconds
[2023-03-02T16:50:54.609+0000] {processor.py:153} INFO - Started process (PID=1418) to work on /home/airflow/.local/lib/python3.7/site-packages/airflow/example_dags/tutorial_dag.py
[2023-03-02T16:50:54.620+0000] {processor.py:743} INFO - Processing file /home/airflow/.local/lib/python3.7/site-packages/airflow/example_dags/tutorial_dag.py for tasks to queue
[2023-03-02T16:50:54.632+0000] {logging_mixin.py:137} INFO - [2023-03-02T16:50:54.632+0000] {dagbag.py:538} INFO - Filling up the DagBag from /home/airflow/.local/lib/python3.7/site-packages/airflow/example_dags/tutorial_dag.py
[2023-03-02T16:50:54.684+0000] {processor.py:753} INFO - DAG(s) dict_keys(['tutorial_dag']) retrieved from /home/airflow/.local/lib/python3.7/site-packages/airflow/example_dags/tutorial_dag.py
[2023-03-02T16:50:54.755+0000] {logging_mixin.py:137} INFO - [2023-03-02T16:50:54.755+0000] {dag.py:2690} INFO - Sync 1 DAGs
[2023-03-02T16:50:54.843+0000] {logging_mixin.py:137} INFO - [2023-03-02T16:50:54.842+0000] {dag.py:3441} INFO - Setting next_dagrun for tutorial_dag to None, run_after=None
[2023-03-02T16:50:54.906+0000] {processor.py:175} INFO - Processing /home/airflow/.local/lib/python3.7/site-packages/airflow/example_dags/tutorial_dag.py took 0.303 seconds
[2023-03-02T16:51:25.560+0000] {processor.py:153} INFO - Started process (PID=1472) to work on /home/airflow/.local/lib/python3.7/site-packages/airflow/example_dags/tutorial_dag.py
[2023-03-02T16:51:25.565+0000] {processor.py:743} INFO - Processing file /home/airflow/.local/lib/python3.7/site-packages/airflow/example_dags/tutorial_dag.py for tasks to queue
[2023-03-02T16:51:25.568+0000] {logging_mixin.py:137} INFO - [2023-03-02T16:51:25.567+0000] {dagbag.py:538} INFO - Filling up the DagBag from /home/airflow/.local/lib/python3.7/site-packages/airflow/example_dags/tutorial_dag.py
[2023-03-02T16:51:25.590+0000] {processor.py:753} INFO - DAG(s) dict_keys(['tutorial_dag']) retrieved from /home/airflow/.local/lib/python3.7/site-packages/airflow/example_dags/tutorial_dag.py
[2023-03-02T16:51:25.672+0000] {logging_mixin.py:137} INFO - [2023-03-02T16:51:25.671+0000] {dag.py:2690} INFO - Sync 1 DAGs
[2023-03-02T16:51:25.718+0000] {logging_mixin.py:137} INFO - [2023-03-02T16:51:25.718+0000] {dag.py:3441} INFO - Setting next_dagrun for tutorial_dag to None, run_after=None
[2023-03-02T16:51:25.746+0000] {processor.py:175} INFO - Processing /home/airflow/.local/lib/python3.7/site-packages/airflow/example_dags/tutorial_dag.py took 0.203 seconds
[2023-03-02T16:51:55.950+0000] {processor.py:153} INFO - Started process (PID=1546) to work on /home/airflow/.local/lib/python3.7/site-packages/airflow/example_dags/tutorial_dag.py
[2023-03-02T16:51:55.951+0000] {processor.py:743} INFO - Processing file /home/airflow/.local/lib/python3.7/site-packages/airflow/example_dags/tutorial_dag.py for tasks to queue
[2023-03-02T16:51:55.952+0000] {logging_mixin.py:137} INFO - [2023-03-02T16:51:55.952+0000] {dagbag.py:538} INFO - Filling up the DagBag from /home/airflow/.local/lib/python3.7/site-packages/airflow/example_dags/tutorial_dag.py
[2023-03-02T16:51:55.961+0000] {processor.py:753} INFO - DAG(s) dict_keys(['tutorial_dag']) retrieved from /home/airflow/.local/lib/python3.7/site-packages/airflow/example_dags/tutorial_dag.py
[2023-03-02T16:51:55.981+0000] {logging_mixin.py:137} INFO - [2023-03-02T16:51:55.981+0000] {dag.py:2690} INFO - Sync 1 DAGs
[2023-03-02T16:51:55.995+0000] {logging_mixin.py:137} INFO - [2023-03-02T16:51:55.995+0000] {dag.py:3441} INFO - Setting next_dagrun for tutorial_dag to None, run_after=None
[2023-03-02T16:51:56.005+0000] {processor.py:175} INFO - Processing /home/airflow/.local/lib/python3.7/site-packages/airflow/example_dags/tutorial_dag.py took 0.058 seconds
[2023-03-02T16:52:26.299+0000] {processor.py:153} INFO - Started process (PID=1611) to work on /home/airflow/.local/lib/python3.7/site-packages/airflow/example_dags/tutorial_dag.py
[2023-03-02T16:52:26.300+0000] {processor.py:743} INFO - Processing file /home/airflow/.local/lib/python3.7/site-packages/airflow/example_dags/tutorial_dag.py for tasks to queue
[2023-03-02T16:52:26.301+0000] {logging_mixin.py:137} INFO - [2023-03-02T16:52:26.301+0000] {dagbag.py:538} INFO - Filling up the DagBag from /home/airflow/.local/lib/python3.7/site-packages/airflow/example_dags/tutorial_dag.py
[2023-03-02T16:52:26.310+0000] {processor.py:753} INFO - DAG(s) dict_keys(['tutorial_dag']) retrieved from /home/airflow/.local/lib/python3.7/site-packages/airflow/example_dags/tutorial_dag.py
[2023-03-02T16:52:26.332+0000] {logging_mixin.py:137} INFO - [2023-03-02T16:52:26.332+0000] {dag.py:2690} INFO - Sync 1 DAGs
[2023-03-02T16:52:26.347+0000] {logging_mixin.py:137} INFO - [2023-03-02T16:52:26.347+0000] {dag.py:3441} INFO - Setting next_dagrun for tutorial_dag to None, run_after=None
[2023-03-02T16:52:26.359+0000] {processor.py:175} INFO - Processing /home/airflow/.local/lib/python3.7/site-packages/airflow/example_dags/tutorial_dag.py took 0.064 seconds
[2023-03-02T16:52:56.735+0000] {processor.py:153} INFO - Started process (PID=1674) to work on /home/airflow/.local/lib/python3.7/site-packages/airflow/example_dags/tutorial_dag.py
[2023-03-02T16:52:56.736+0000] {processor.py:743} INFO - Processing file /home/airflow/.local/lib/python3.7/site-packages/airflow/example_dags/tutorial_dag.py for tasks to queue
[2023-03-02T16:52:56.737+0000] {logging_mixin.py:137} INFO - [2023-03-02T16:52:56.737+0000] {dagbag.py:538} INFO - Filling up the DagBag from /home/airflow/.local/lib/python3.7/site-packages/airflow/example_dags/tutorial_dag.py
[2023-03-02T16:52:56.747+0000] {processor.py:753} INFO - DAG(s) dict_keys(['tutorial_dag']) retrieved from /home/airflow/.local/lib/python3.7/site-packages/airflow/example_dags/tutorial_dag.py
[2023-03-02T16:52:56.812+0000] {logging_mixin.py:137} INFO - [2023-03-02T16:52:56.812+0000] {dag.py:2690} INFO - Sync 1 DAGs
[2023-03-02T16:52:56.836+0000] {logging_mixin.py:137} INFO - [2023-03-02T16:52:56.836+0000] {dag.py:3441} INFO - Setting next_dagrun for tutorial_dag to None, run_after=None
[2023-03-02T16:52:56.854+0000] {processor.py:175} INFO - Processing /home/airflow/.local/lib/python3.7/site-packages/airflow/example_dags/tutorial_dag.py took 0.122 seconds
[2023-03-02T16:53:27.865+0000] {processor.py:153} INFO - Started process (PID=1750) to work on /home/airflow/.local/lib/python3.7/site-packages/airflow/example_dags/tutorial_dag.py
[2023-03-02T16:53:27.867+0000] {processor.py:743} INFO - Processing file /home/airflow/.local/lib/python3.7/site-packages/airflow/example_dags/tutorial_dag.py for tasks to queue
[2023-03-02T16:53:27.868+0000] {logging_mixin.py:137} INFO - [2023-03-02T16:53:27.868+0000] {dagbag.py:538} INFO - Filling up the DagBag from /home/airflow/.local/lib/python3.7/site-packages/airflow/example_dags/tutorial_dag.py
[2023-03-02T16:53:27.882+0000] {processor.py:753} INFO - DAG(s) dict_keys(['tutorial_dag']) retrieved from /home/airflow/.local/lib/python3.7/site-packages/airflow/example_dags/tutorial_dag.py
[2023-03-02T16:53:27.910+0000] {logging_mixin.py:137} INFO - [2023-03-02T16:53:27.910+0000] {dag.py:2690} INFO - Sync 1 DAGs
[2023-03-02T16:53:27.929+0000] {logging_mixin.py:137} INFO - [2023-03-02T16:53:27.929+0000] {dag.py:3441} INFO - Setting next_dagrun for tutorial_dag to None, run_after=None
[2023-03-02T16:53:27.942+0000] {processor.py:175} INFO - Processing /home/airflow/.local/lib/python3.7/site-packages/airflow/example_dags/tutorial_dag.py took 0.087 seconds
[2023-03-02T16:53:58.713+0000] {processor.py:153} INFO - Started process (PID=1826) to work on /home/airflow/.local/lib/python3.7/site-packages/airflow/example_dags/tutorial_dag.py
[2023-03-02T16:53:58.714+0000] {processor.py:743} INFO - Processing file /home/airflow/.local/lib/python3.7/site-packages/airflow/example_dags/tutorial_dag.py for tasks to queue
[2023-03-02T16:53:58.716+0000] {logging_mixin.py:137} INFO - [2023-03-02T16:53:58.715+0000] {dagbag.py:538} INFO - Filling up the DagBag from /home/airflow/.local/lib/python3.7/site-packages/airflow/example_dags/tutorial_dag.py
[2023-03-02T16:53:58.730+0000] {processor.py:753} INFO - DAG(s) dict_keys(['tutorial_dag']) retrieved from /home/airflow/.local/lib/python3.7/site-packages/airflow/example_dags/tutorial_dag.py
[2023-03-02T16:53:58.752+0000] {logging_mixin.py:137} INFO - [2023-03-02T16:53:58.752+0000] {dag.py:2690} INFO - Sync 1 DAGs
[2023-03-02T16:53:58.770+0000] {logging_mixin.py:137} INFO - [2023-03-02T16:53:58.770+0000] {dag.py:3441} INFO - Setting next_dagrun for tutorial_dag to None, run_after=None
[2023-03-02T16:53:58.785+0000] {processor.py:175} INFO - Processing /home/airflow/.local/lib/python3.7/site-packages/airflow/example_dags/tutorial_dag.py took 0.076 seconds
[2023-03-02T16:54:30.595+0000] {processor.py:153} INFO - Started process (PID=1890) to work on /home/airflow/.local/lib/python3.7/site-packages/airflow/example_dags/tutorial_dag.py
[2023-03-02T16:54:30.605+0000] {processor.py:743} INFO - Processing file /home/airflow/.local/lib/python3.7/site-packages/airflow/example_dags/tutorial_dag.py for tasks to queue
[2023-03-02T16:54:30.612+0000] {logging_mixin.py:137} INFO - [2023-03-02T16:54:30.612+0000] {dagbag.py:538} INFO - Filling up the DagBag from /home/airflow/.local/lib/python3.7/site-packages/airflow/example_dags/tutorial_dag.py
[2023-03-02T16:54:30.664+0000] {processor.py:753} INFO - DAG(s) dict_keys(['tutorial_dag']) retrieved from /home/airflow/.local/lib/python3.7/site-packages/airflow/example_dags/tutorial_dag.py
[2023-03-02T16:54:30.765+0000] {logging_mixin.py:137} INFO - [2023-03-02T16:54:30.764+0000] {dag.py:2690} INFO - Sync 1 DAGs
[2023-03-02T16:54:30.833+0000] {logging_mixin.py:137} INFO - [2023-03-02T16:54:30.831+0000] {dag.py:3441} INFO - Setting next_dagrun for tutorial_dag to None, run_after=None
[2023-03-02T16:54:30.883+0000] {processor.py:175} INFO - Processing /home/airflow/.local/lib/python3.7/site-packages/airflow/example_dags/tutorial_dag.py took 0.302 seconds
[2023-03-02T17:25:02.526+0000] {processor.py:153} INFO - Started process (PID=1933) to work on /home/airflow/.local/lib/python3.7/site-packages/airflow/example_dags/tutorial_dag.py
[2023-03-02T17:25:02.534+0000] {processor.py:743} INFO - Processing file /home/airflow/.local/lib/python3.7/site-packages/airflow/example_dags/tutorial_dag.py for tasks to queue
[2023-03-02T17:25:02.537+0000] {logging_mixin.py:137} INFO - [2023-03-02T17:25:02.537+0000] {dagbag.py:538} INFO - Filling up the DagBag from /home/airflow/.local/lib/python3.7/site-packages/airflow/example_dags/tutorial_dag.py
[2023-03-02T17:25:02.864+0000] {processor.py:753} INFO - DAG(s) dict_keys(['tutorial_dag']) retrieved from /home/airflow/.local/lib/python3.7/site-packages/airflow/example_dags/tutorial_dag.py
[2023-03-02T17:25:03.185+0000] {logging_mixin.py:137} INFO - [2023-03-02T17:25:03.179+0000] {dag.py:2690} INFO - Sync 1 DAGs
[2023-03-02T17:25:03.418+0000] {logging_mixin.py:137} INFO - [2023-03-02T17:25:03.417+0000] {dag.py:3441} INFO - Setting next_dagrun for tutorial_dag to None, run_after=None
[2023-03-02T17:25:03.592+0000] {processor.py:175} INFO - Processing /home/airflow/.local/lib/python3.7/site-packages/airflow/example_dags/tutorial_dag.py took 1.116 seconds
[2023-03-02T17:25:34.094+0000] {processor.py:153} INFO - Started process (PID=1999) to work on /home/airflow/.local/lib/python3.7/site-packages/airflow/example_dags/tutorial_dag.py
[2023-03-02T17:25:34.098+0000] {processor.py:743} INFO - Processing file /home/airflow/.local/lib/python3.7/site-packages/airflow/example_dags/tutorial_dag.py for tasks to queue
[2023-03-02T17:25:34.100+0000] {logging_mixin.py:137} INFO - [2023-03-02T17:25:34.100+0000] {dagbag.py:538} INFO - Filling up the DagBag from /home/airflow/.local/lib/python3.7/site-packages/airflow/example_dags/tutorial_dag.py
[2023-03-02T17:25:34.150+0000] {processor.py:753} INFO - DAG(s) dict_keys(['tutorial_dag']) retrieved from /home/airflow/.local/lib/python3.7/site-packages/airflow/example_dags/tutorial_dag.py
[2023-03-02T17:25:34.243+0000] {logging_mixin.py:137} INFO - [2023-03-02T17:25:34.243+0000] {dag.py:2690} INFO - Sync 1 DAGs
[2023-03-02T17:25:34.283+0000] {logging_mixin.py:137} INFO - [2023-03-02T17:25:34.283+0000] {dag.py:3441} INFO - Setting next_dagrun for tutorial_dag to None, run_after=None
[2023-03-02T17:25:34.303+0000] {processor.py:175} INFO - Processing /home/airflow/.local/lib/python3.7/site-packages/airflow/example_dags/tutorial_dag.py took 0.233 seconds
[2023-03-02T17:26:04.573+0000] {processor.py:153} INFO - Started process (PID=2062) to work on /home/airflow/.local/lib/python3.7/site-packages/airflow/example_dags/tutorial_dag.py
[2023-03-02T17:26:04.577+0000] {processor.py:743} INFO - Processing file /home/airflow/.local/lib/python3.7/site-packages/airflow/example_dags/tutorial_dag.py for tasks to queue
[2023-03-02T17:26:04.581+0000] {logging_mixin.py:137} INFO - [2023-03-02T17:26:04.580+0000] {dagbag.py:538} INFO - Filling up the DagBag from /home/airflow/.local/lib/python3.7/site-packages/airflow/example_dags/tutorial_dag.py
[2023-03-02T17:26:04.609+0000] {processor.py:753} INFO - DAG(s) dict_keys(['tutorial_dag']) retrieved from /home/airflow/.local/lib/python3.7/site-packages/airflow/example_dags/tutorial_dag.py
[2023-03-02T17:26:04.689+0000] {logging_mixin.py:137} INFO - [2023-03-02T17:26:04.688+0000] {dag.py:2690} INFO - Sync 1 DAGs
[2023-03-02T17:26:04.753+0000] {logging_mixin.py:137} INFO - [2023-03-02T17:26:04.753+0000] {dag.py:3441} INFO - Setting next_dagrun for tutorial_dag to None, run_after=None
[2023-03-02T17:26:04.802+0000] {processor.py:175} INFO - Processing /home/airflow/.local/lib/python3.7/site-packages/airflow/example_dags/tutorial_dag.py took 0.248 seconds
[2023-03-02T17:26:35.271+0000] {processor.py:153} INFO - Started process (PID=2135) to work on /home/airflow/.local/lib/python3.7/site-packages/airflow/example_dags/tutorial_dag.py
[2023-03-02T17:26:35.277+0000] {processor.py:743} INFO - Processing file /home/airflow/.local/lib/python3.7/site-packages/airflow/example_dags/tutorial_dag.py for tasks to queue
[2023-03-02T17:26:35.283+0000] {logging_mixin.py:137} INFO - [2023-03-02T17:26:35.283+0000] {dagbag.py:538} INFO - Filling up the DagBag from /home/airflow/.local/lib/python3.7/site-packages/airflow/example_dags/tutorial_dag.py
[2023-03-02T17:26:35.342+0000] {processor.py:753} INFO - DAG(s) dict_keys(['tutorial_dag']) retrieved from /home/airflow/.local/lib/python3.7/site-packages/airflow/example_dags/tutorial_dag.py
[2023-03-02T17:26:35.493+0000] {logging_mixin.py:137} INFO - [2023-03-02T17:26:35.492+0000] {dag.py:2690} INFO - Sync 1 DAGs
[2023-03-02T17:26:35.588+0000] {logging_mixin.py:137} INFO - [2023-03-02T17:26:35.588+0000] {dag.py:3441} INFO - Setting next_dagrun for tutorial_dag to None, run_after=None
[2023-03-02T17:26:35.682+0000] {processor.py:175} INFO - Processing /home/airflow/.local/lib/python3.7/site-packages/airflow/example_dags/tutorial_dag.py took 0.458 seconds
[2023-03-02T17:27:09.102+0000] {processor.py:153} INFO - Started process (PID=2201) to work on /home/airflow/.local/lib/python3.7/site-packages/airflow/example_dags/tutorial_dag.py
[2023-03-02T17:27:09.124+0000] {processor.py:743} INFO - Processing file /home/airflow/.local/lib/python3.7/site-packages/airflow/example_dags/tutorial_dag.py for tasks to queue
[2023-03-02T17:27:09.136+0000] {logging_mixin.py:137} INFO - [2023-03-02T17:27:09.135+0000] {dagbag.py:538} INFO - Filling up the DagBag from /home/airflow/.local/lib/python3.7/site-packages/airflow/example_dags/tutorial_dag.py
[2023-03-02T17:27:09.305+0000] {processor.py:753} INFO - DAG(s) dict_keys(['tutorial_dag']) retrieved from /home/airflow/.local/lib/python3.7/site-packages/airflow/example_dags/tutorial_dag.py
[2023-03-02T17:27:12.660+0000] {logging_mixin.py:137} INFO - [2023-03-02T17:27:12.653+0000] {dag.py:2690} INFO - Sync 1 DAGs
[2023-03-02T17:27:13.056+0000] {logging_mixin.py:137} INFO - [2023-03-02T17:27:13.056+0000] {dag.py:3441} INFO - Setting next_dagrun for tutorial_dag to None, run_after=None
[2023-03-02T17:27:13.256+0000] {processor.py:175} INFO - Processing /home/airflow/.local/lib/python3.7/site-packages/airflow/example_dags/tutorial_dag.py took 4.196 seconds
[2023-03-02T18:31:44.790+0000] {processor.py:153} INFO - Started process (PID=2244) to work on /home/airflow/.local/lib/python3.7/site-packages/airflow/example_dags/tutorial_dag.py
[2023-03-02T18:31:44.791+0000] {processor.py:743} INFO - Processing file /home/airflow/.local/lib/python3.7/site-packages/airflow/example_dags/tutorial_dag.py for tasks to queue
[2023-03-02T18:31:44.793+0000] {logging_mixin.py:137} INFO - [2023-03-02T18:31:44.793+0000] {dagbag.py:538} INFO - Filling up the DagBag from /home/airflow/.local/lib/python3.7/site-packages/airflow/example_dags/tutorial_dag.py
[2023-03-02T18:31:44.808+0000] {processor.py:753} INFO - DAG(s) dict_keys(['tutorial_dag']) retrieved from /home/airflow/.local/lib/python3.7/site-packages/airflow/example_dags/tutorial_dag.py
[2023-03-02T18:31:44.848+0000] {logging_mixin.py:137} INFO - [2023-03-02T18:31:44.848+0000] {dag.py:2690} INFO - Sync 1 DAGs
[2023-03-02T18:31:44.883+0000] {logging_mixin.py:137} INFO - [2023-03-02T18:31:44.883+0000] {dag.py:3441} INFO - Setting next_dagrun for tutorial_dag to None, run_after=None
[2023-03-02T18:31:44.916+0000] {processor.py:175} INFO - Processing /home/airflow/.local/lib/python3.7/site-packages/airflow/example_dags/tutorial_dag.py took 0.130 seconds
[2023-03-02T18:49:37.894+0000] {processor.py:153} INFO - Started process (PID=2302) to work on /home/airflow/.local/lib/python3.7/site-packages/airflow/example_dags/tutorial_dag.py
[2023-03-02T18:49:37.896+0000] {processor.py:743} INFO - Processing file /home/airflow/.local/lib/python3.7/site-packages/airflow/example_dags/tutorial_dag.py for tasks to queue
[2023-03-02T18:49:37.897+0000] {logging_mixin.py:137} INFO - [2023-03-02T18:49:37.897+0000] {dagbag.py:538} INFO - Filling up the DagBag from /home/airflow/.local/lib/python3.7/site-packages/airflow/example_dags/tutorial_dag.py
[2023-03-02T18:49:37.910+0000] {processor.py:753} INFO - DAG(s) dict_keys(['tutorial_dag']) retrieved from /home/airflow/.local/lib/python3.7/site-packages/airflow/example_dags/tutorial_dag.py
[2023-03-02T18:49:37.980+0000] {logging_mixin.py:137} INFO - [2023-03-02T18:49:37.980+0000] {dag.py:2690} INFO - Sync 1 DAGs
[2023-03-02T18:49:38.024+0000] {logging_mixin.py:137} INFO - [2023-03-02T18:49:38.023+0000] {dag.py:3441} INFO - Setting next_dagrun for tutorial_dag to None, run_after=None
[2023-03-02T18:49:38.053+0000] {processor.py:175} INFO - Processing /home/airflow/.local/lib/python3.7/site-packages/airflow/example_dags/tutorial_dag.py took 0.163 seconds
[2023-03-02T20:01:56.378+0000] {processor.py:153} INFO - Started process (PID=2366) to work on /home/airflow/.local/lib/python3.7/site-packages/airflow/example_dags/tutorial_dag.py
[2023-03-02T20:01:56.528+0000] {processor.py:743} INFO - Processing file /home/airflow/.local/lib/python3.7/site-packages/airflow/example_dags/tutorial_dag.py for tasks to queue
[2023-03-02T20:01:56.560+0000] {logging_mixin.py:137} INFO - [2023-03-02T20:01:56.557+0000] {dagbag.py:538} INFO - Filling up the DagBag from /home/airflow/.local/lib/python3.7/site-packages/airflow/example_dags/tutorial_dag.py
[2023-03-02T20:01:58.737+0000] {processor.py:753} INFO - DAG(s) dict_keys(['tutorial_dag']) retrieved from /home/airflow/.local/lib/python3.7/site-packages/airflow/example_dags/tutorial_dag.py
[2023-03-02T20:02:01.142+0000] {logging_mixin.py:137} INFO - [2023-03-02T20:02:01.128+0000] {dag.py:2690} INFO - Sync 1 DAGs
[2023-03-02T20:02:01.948+0000] {logging_mixin.py:137} INFO - [2023-03-02T20:02:01.946+0000] {dag.py:3441} INFO - Setting next_dagrun for tutorial_dag to None, run_after=None
[2023-03-02T20:02:03.420+0000] {processor.py:175} INFO - Processing /home/airflow/.local/lib/python3.7/site-packages/airflow/example_dags/tutorial_dag.py took 7.409 seconds
