[2023-03-05T00:38:18.747+0000] {processor.py:153} INFO - Started process (PID=6434) to work on /home/airflow/.local/lib/python3.7/site-packages/airflow/example_dags/example_dag_decorator.py
[2023-03-05T00:38:18.749+0000] {processor.py:743} INFO - Processing file /home/airflow/.local/lib/python3.7/site-packages/airflow/example_dags/example_dag_decorator.py for tasks to queue
[2023-03-05T00:38:18.749+0000] {logging_mixin.py:137} INFO - [2023-03-05T00:38:18.749+0000] {dagbag.py:538} INFO - Filling up the DagBag from /home/airflow/.local/lib/python3.7/site-packages/airflow/example_dags/example_dag_decorator.py
[2023-03-05T00:38:18.768+0000] {logging_mixin.py:137} INFO - [2023-03-05T00:38:18.768+0000] {taskmixin.py:205} WARNING - Dependency <Task(_PythonDecoratedOperator): prepare_email>, send_email already registered for DAG: example_dag_decorator
[2023-03-05T00:38:18.770+0000] {logging_mixin.py:137} INFO - [2023-03-05T00:38:18.770+0000] {taskmixin.py:205} WARNING - Dependency <Task(EmailOperator): send_email>, prepare_email already registered for DAG: example_dag_decorator
[2023-03-05T00:38:18.788+0000] {processor.py:753} INFO - DAG(s) dict_keys(['example_dag_decorator']) retrieved from /home/airflow/.local/lib/python3.7/site-packages/airflow/example_dags/example_dag_decorator.py
[2023-03-05T00:38:18.879+0000] {logging_mixin.py:137} INFO - [2023-03-05T00:38:18.879+0000] {dag.py:2690} INFO - Sync 1 DAGs
[2023-03-05T00:38:18.909+0000] {logging_mixin.py:137} INFO - [2023-03-05T00:38:18.909+0000] {dag.py:3441} INFO - Setting next_dagrun for example_dag_decorator to None, run_after=None
[2023-03-05T00:38:18.935+0000] {processor.py:175} INFO - Processing /home/airflow/.local/lib/python3.7/site-packages/airflow/example_dags/example_dag_decorator.py took 0.191 seconds
[2023-03-05T01:36:56.613+0000] {processor.py:153} INFO - Started process (PID=6495) to work on /home/airflow/.local/lib/python3.7/site-packages/airflow/example_dags/example_dag_decorator.py
[2023-03-05T01:36:56.616+0000] {processor.py:743} INFO - Processing file /home/airflow/.local/lib/python3.7/site-packages/airflow/example_dags/example_dag_decorator.py for tasks to queue
[2023-03-05T01:36:56.624+0000] {logging_mixin.py:137} INFO - [2023-03-05T01:36:56.623+0000] {dagbag.py:538} INFO - Filling up the DagBag from /home/airflow/.local/lib/python3.7/site-packages/airflow/example_dags/example_dag_decorator.py
[2023-03-05T01:36:57.059+0000] {logging_mixin.py:137} INFO - [2023-03-05T01:36:57.059+0000] {taskmixin.py:205} WARNING - Dependency <Task(_PythonDecoratedOperator): prepare_email>, send_email already registered for DAG: example_dag_decorator
[2023-03-05T01:36:57.067+0000] {logging_mixin.py:137} INFO - [2023-03-05T01:36:57.066+0000] {taskmixin.py:205} WARNING - Dependency <Task(EmailOperator): send_email>, prepare_email already registered for DAG: example_dag_decorator
[2023-03-05T01:36:57.188+0000] {processor.py:753} INFO - DAG(s) dict_keys(['example_dag_decorator']) retrieved from /home/airflow/.local/lib/python3.7/site-packages/airflow/example_dags/example_dag_decorator.py
[2023-03-05T01:36:57.382+0000] {logging_mixin.py:137} INFO - [2023-03-05T01:36:57.382+0000] {dag.py:2690} INFO - Sync 1 DAGs
[2023-03-05T01:36:57.427+0000] {logging_mixin.py:137} INFO - [2023-03-05T01:36:57.427+0000] {dag.py:3441} INFO - Setting next_dagrun for example_dag_decorator to None, run_after=None
[2023-03-05T01:36:57.465+0000] {processor.py:175} INFO - Processing /home/airflow/.local/lib/python3.7/site-packages/airflow/example_dags/example_dag_decorator.py took 0.857 seconds
[2023-03-05T02:44:36.522+0000] {processor.py:153} INFO - Started process (PID=6563) to work on /home/airflow/.local/lib/python3.7/site-packages/airflow/example_dags/example_dag_decorator.py
[2023-03-05T02:44:36.525+0000] {processor.py:743} INFO - Processing file /home/airflow/.local/lib/python3.7/site-packages/airflow/example_dags/example_dag_decorator.py for tasks to queue
[2023-03-05T02:44:36.527+0000] {logging_mixin.py:137} INFO - [2023-03-05T02:44:36.526+0000] {dagbag.py:538} INFO - Filling up the DagBag from /home/airflow/.local/lib/python3.7/site-packages/airflow/example_dags/example_dag_decorator.py
[2023-03-05T02:44:36.557+0000] {logging_mixin.py:137} INFO - [2023-03-05T02:44:36.557+0000] {taskmixin.py:205} WARNING - Dependency <Task(_PythonDecoratedOperator): prepare_email>, send_email already registered for DAG: example_dag_decorator
[2023-03-05T02:44:36.557+0000] {logging_mixin.py:137} INFO - [2023-03-05T02:44:36.557+0000] {taskmixin.py:205} WARNING - Dependency <Task(EmailOperator): send_email>, prepare_email already registered for DAG: example_dag_decorator
[2023-03-05T02:44:36.575+0000] {processor.py:753} INFO - DAG(s) dict_keys(['example_dag_decorator']) retrieved from /home/airflow/.local/lib/python3.7/site-packages/airflow/example_dags/example_dag_decorator.py
[2023-03-05T02:44:36.666+0000] {logging_mixin.py:137} INFO - [2023-03-05T02:44:36.666+0000] {dag.py:2690} INFO - Sync 1 DAGs
[2023-03-05T02:44:36.687+0000] {logging_mixin.py:137} INFO - [2023-03-05T02:44:36.687+0000] {dag.py:3441} INFO - Setting next_dagrun for example_dag_decorator to None, run_after=None
[2023-03-05T02:44:36.715+0000] {processor.py:175} INFO - Processing /home/airflow/.local/lib/python3.7/site-packages/airflow/example_dags/example_dag_decorator.py took 0.199 seconds
[2023-03-05T03:59:39.296+0000] {processor.py:153} INFO - Started process (PID=6626) to work on /home/airflow/.local/lib/python3.7/site-packages/airflow/example_dags/example_dag_decorator.py
[2023-03-05T03:59:39.298+0000] {processor.py:743} INFO - Processing file /home/airflow/.local/lib/python3.7/site-packages/airflow/example_dags/example_dag_decorator.py for tasks to queue
[2023-03-05T03:59:39.298+0000] {logging_mixin.py:137} INFO - [2023-03-05T03:59:39.298+0000] {dagbag.py:538} INFO - Filling up the DagBag from /home/airflow/.local/lib/python3.7/site-packages/airflow/example_dags/example_dag_decorator.py
[2023-03-05T03:59:39.310+0000] {logging_mixin.py:137} INFO - [2023-03-05T03:59:39.310+0000] {taskmixin.py:205} WARNING - Dependency <Task(_PythonDecoratedOperator): prepare_email>, send_email already registered for DAG: example_dag_decorator
[2023-03-05T03:59:39.311+0000] {logging_mixin.py:137} INFO - [2023-03-05T03:59:39.311+0000] {taskmixin.py:205} WARNING - Dependency <Task(EmailOperator): send_email>, prepare_email already registered for DAG: example_dag_decorator
[2023-03-05T03:59:39.323+0000] {processor.py:753} INFO - DAG(s) dict_keys(['example_dag_decorator']) retrieved from /home/airflow/.local/lib/python3.7/site-packages/airflow/example_dags/example_dag_decorator.py
[2023-03-05T03:59:39.383+0000] {logging_mixin.py:137} INFO - [2023-03-05T03:59:39.383+0000] {dag.py:2690} INFO - Sync 1 DAGs
[2023-03-05T03:59:39.399+0000] {logging_mixin.py:137} INFO - [2023-03-05T03:59:39.399+0000] {dag.py:3441} INFO - Setting next_dagrun for example_dag_decorator to None, run_after=None
[2023-03-05T03:59:39.411+0000] {processor.py:175} INFO - Processing /home/airflow/.local/lib/python3.7/site-packages/airflow/example_dags/example_dag_decorator.py took 0.117 seconds
[2023-03-05T05:35:20.187+0000] {processor.py:153} INFO - Started process (PID=6690) to work on /home/airflow/.local/lib/python3.7/site-packages/airflow/example_dags/example_dag_decorator.py
[2023-03-05T05:35:20.189+0000] {processor.py:743} INFO - Processing file /home/airflow/.local/lib/python3.7/site-packages/airflow/example_dags/example_dag_decorator.py for tasks to queue
[2023-03-05T05:35:20.190+0000] {logging_mixin.py:137} INFO - [2023-03-05T05:35:20.190+0000] {dagbag.py:538} INFO - Filling up the DagBag from /home/airflow/.local/lib/python3.7/site-packages/airflow/example_dags/example_dag_decorator.py
[2023-03-05T05:35:20.203+0000] {logging_mixin.py:137} INFO - [2023-03-05T05:35:20.203+0000] {taskmixin.py:205} WARNING - Dependency <Task(_PythonDecoratedOperator): prepare_email>, send_email already registered for DAG: example_dag_decorator
[2023-03-05T05:35:20.203+0000] {logging_mixin.py:137} INFO - [2023-03-05T05:35:20.203+0000] {taskmixin.py:205} WARNING - Dependency <Task(EmailOperator): send_email>, prepare_email already registered for DAG: example_dag_decorator
[2023-03-05T05:35:20.215+0000] {processor.py:753} INFO - DAG(s) dict_keys(['example_dag_decorator']) retrieved from /home/airflow/.local/lib/python3.7/site-packages/airflow/example_dags/example_dag_decorator.py
[2023-03-05T05:35:20.269+0000] {logging_mixin.py:137} INFO - [2023-03-05T05:35:20.269+0000] {dag.py:2690} INFO - Sync 1 DAGs
[2023-03-05T05:35:20.289+0000] {logging_mixin.py:137} INFO - [2023-03-05T05:35:20.289+0000] {dag.py:3441} INFO - Setting next_dagrun for example_dag_decorator to None, run_after=None
[2023-03-05T05:35:20.307+0000] {processor.py:175} INFO - Processing /home/airflow/.local/lib/python3.7/site-packages/airflow/example_dags/example_dag_decorator.py took 0.122 seconds
[2023-03-05T06:52:25.250+0000] {processor.py:153} INFO - Started process (PID=6764) to work on /home/airflow/.local/lib/python3.7/site-packages/airflow/example_dags/example_dag_decorator.py
[2023-03-05T06:52:25.257+0000] {processor.py:743} INFO - Processing file /home/airflow/.local/lib/python3.7/site-packages/airflow/example_dags/example_dag_decorator.py for tasks to queue
[2023-03-05T06:52:25.262+0000] {logging_mixin.py:137} INFO - [2023-03-05T06:52:25.261+0000] {dagbag.py:538} INFO - Filling up the DagBag from /home/airflow/.local/lib/python3.7/site-packages/airflow/example_dags/example_dag_decorator.py
[2023-03-05T06:52:25.344+0000] {logging_mixin.py:137} INFO - [2023-03-05T06:52:25.344+0000] {taskmixin.py:205} WARNING - Dependency <Task(_PythonDecoratedOperator): prepare_email>, send_email already registered for DAG: example_dag_decorator
[2023-03-05T06:52:25.345+0000] {logging_mixin.py:137} INFO - [2023-03-05T06:52:25.345+0000] {taskmixin.py:205} WARNING - Dependency <Task(EmailOperator): send_email>, prepare_email already registered for DAG: example_dag_decorator
[2023-03-05T06:52:25.364+0000] {processor.py:753} INFO - DAG(s) dict_keys(['example_dag_decorator']) retrieved from /home/airflow/.local/lib/python3.7/site-packages/airflow/example_dags/example_dag_decorator.py
[2023-03-05T06:52:25.468+0000] {logging_mixin.py:137} INFO - [2023-03-05T06:52:25.468+0000] {dag.py:2690} INFO - Sync 1 DAGs
[2023-03-05T06:52:25.496+0000] {logging_mixin.py:137} INFO - [2023-03-05T06:52:25.496+0000] {dag.py:3441} INFO - Setting next_dagrun for example_dag_decorator to None, run_after=None
[2023-03-05T06:52:25.518+0000] {processor.py:175} INFO - Processing /home/airflow/.local/lib/python3.7/site-packages/airflow/example_dags/example_dag_decorator.py took 0.284 seconds
[2023-03-05T08:00:54.377+0000] {processor.py:153} INFO - Started process (PID=6827) to work on /home/airflow/.local/lib/python3.7/site-packages/airflow/example_dags/example_dag_decorator.py
[2023-03-05T08:00:54.379+0000] {processor.py:743} INFO - Processing file /home/airflow/.local/lib/python3.7/site-packages/airflow/example_dags/example_dag_decorator.py for tasks to queue
[2023-03-05T08:00:54.380+0000] {logging_mixin.py:137} INFO - [2023-03-05T08:00:54.379+0000] {dagbag.py:538} INFO - Filling up the DagBag from /home/airflow/.local/lib/python3.7/site-packages/airflow/example_dags/example_dag_decorator.py
[2023-03-05T08:00:54.395+0000] {logging_mixin.py:137} INFO - [2023-03-05T08:00:54.395+0000] {taskmixin.py:205} WARNING - Dependency <Task(_PythonDecoratedOperator): prepare_email>, send_email already registered for DAG: example_dag_decorator
[2023-03-05T08:00:54.647+0000] {logging_mixin.py:137} INFO - [2023-03-05T08:00:54.647+0000] {taskmixin.py:205} WARNING - Dependency <Task(EmailOperator): send_email>, prepare_email already registered for DAG: example_dag_decorator
[2023-03-05T08:00:54.687+0000] {processor.py:753} INFO - DAG(s) dict_keys(['example_dag_decorator']) retrieved from /home/airflow/.local/lib/python3.7/site-packages/airflow/example_dags/example_dag_decorator.py
[2023-03-05T08:00:54.849+0000] {logging_mixin.py:137} INFO - [2023-03-05T08:00:54.849+0000] {dag.py:2690} INFO - Sync 1 DAGs
[2023-03-05T08:00:54.941+0000] {logging_mixin.py:137} INFO - [2023-03-05T08:00:54.940+0000] {dag.py:3441} INFO - Setting next_dagrun for example_dag_decorator to None, run_after=None
[2023-03-05T08:00:55.002+0000] {processor.py:175} INFO - Processing /home/airflow/.local/lib/python3.7/site-packages/airflow/example_dags/example_dag_decorator.py took 0.628 seconds
[2023-03-05T09:23:25.041+0000] {processor.py:153} INFO - Started process (PID=6890) to work on /home/airflow/.local/lib/python3.7/site-packages/airflow/example_dags/example_dag_decorator.py
[2023-03-05T09:23:25.042+0000] {processor.py:743} INFO - Processing file /home/airflow/.local/lib/python3.7/site-packages/airflow/example_dags/example_dag_decorator.py for tasks to queue
[2023-03-05T09:23:25.043+0000] {logging_mixin.py:137} INFO - [2023-03-05T09:23:25.043+0000] {dagbag.py:538} INFO - Filling up the DagBag from /home/airflow/.local/lib/python3.7/site-packages/airflow/example_dags/example_dag_decorator.py
[2023-03-05T09:23:25.057+0000] {logging_mixin.py:137} INFO - [2023-03-05T09:23:25.056+0000] {taskmixin.py:205} WARNING - Dependency <Task(_PythonDecoratedOperator): prepare_email>, send_email already registered for DAG: example_dag_decorator
[2023-03-05T09:23:25.057+0000] {logging_mixin.py:137} INFO - [2023-03-05T09:23:25.057+0000] {taskmixin.py:205} WARNING - Dependency <Task(EmailOperator): send_email>, prepare_email already registered for DAG: example_dag_decorator
[2023-03-05T09:23:25.070+0000] {processor.py:753} INFO - DAG(s) dict_keys(['example_dag_decorator']) retrieved from /home/airflow/.local/lib/python3.7/site-packages/airflow/example_dags/example_dag_decorator.py
[2023-03-05T09:23:25.133+0000] {logging_mixin.py:137} INFO - [2023-03-05T09:23:25.133+0000] {dag.py:2690} INFO - Sync 1 DAGs
[2023-03-05T09:23:25.148+0000] {logging_mixin.py:137} INFO - [2023-03-05T09:23:25.148+0000] {dag.py:3441} INFO - Setting next_dagrun for example_dag_decorator to None, run_after=None
[2023-03-05T09:23:25.161+0000] {processor.py:175} INFO - Processing /home/airflow/.local/lib/python3.7/site-packages/airflow/example_dags/example_dag_decorator.py took 0.123 seconds
[2023-03-05T10:39:42.255+0000] {processor.py:153} INFO - Started process (PID=6962) to work on /home/airflow/.local/lib/python3.7/site-packages/airflow/example_dags/example_dag_decorator.py
[2023-03-05T10:39:42.256+0000] {processor.py:743} INFO - Processing file /home/airflow/.local/lib/python3.7/site-packages/airflow/example_dags/example_dag_decorator.py for tasks to queue
[2023-03-05T10:39:42.257+0000] {logging_mixin.py:137} INFO - [2023-03-05T10:39:42.257+0000] {dagbag.py:538} INFO - Filling up the DagBag from /home/airflow/.local/lib/python3.7/site-packages/airflow/example_dags/example_dag_decorator.py
[2023-03-05T10:39:42.279+0000] {logging_mixin.py:137} INFO - [2023-03-05T10:39:42.279+0000] {taskmixin.py:205} WARNING - Dependency <Task(_PythonDecoratedOperator): prepare_email>, send_email already registered for DAG: example_dag_decorator
[2023-03-05T10:39:42.280+0000] {logging_mixin.py:137} INFO - [2023-03-05T10:39:42.280+0000] {taskmixin.py:205} WARNING - Dependency <Task(EmailOperator): send_email>, prepare_email already registered for DAG: example_dag_decorator
[2023-03-05T10:39:42.333+0000] {processor.py:753} INFO - DAG(s) dict_keys(['example_dag_decorator']) retrieved from /home/airflow/.local/lib/python3.7/site-packages/airflow/example_dags/example_dag_decorator.py
[2023-03-05T10:39:42.478+0000] {logging_mixin.py:137} INFO - [2023-03-05T10:39:42.478+0000] {dag.py:2690} INFO - Sync 1 DAGs
[2023-03-05T10:39:42.550+0000] {logging_mixin.py:137} INFO - [2023-03-05T10:39:42.550+0000] {dag.py:3441} INFO - Setting next_dagrun for example_dag_decorator to None, run_after=None
[2023-03-05T10:39:42.576+0000] {processor.py:175} INFO - Processing /home/airflow/.local/lib/python3.7/site-packages/airflow/example_dags/example_dag_decorator.py took 0.334 seconds
[2023-03-05T11:30:38.660+0000] {processor.py:153} INFO - Started process (PID=7028) to work on /home/airflow/.local/lib/python3.7/site-packages/airflow/example_dags/example_dag_decorator.py
[2023-03-05T11:30:38.662+0000] {processor.py:743} INFO - Processing file /home/airflow/.local/lib/python3.7/site-packages/airflow/example_dags/example_dag_decorator.py for tasks to queue
[2023-03-05T11:30:38.663+0000] {logging_mixin.py:137} INFO - [2023-03-05T11:30:38.663+0000] {dagbag.py:538} INFO - Filling up the DagBag from /home/airflow/.local/lib/python3.7/site-packages/airflow/example_dags/example_dag_decorator.py
[2023-03-05T11:30:38.677+0000] {logging_mixin.py:137} INFO - [2023-03-05T11:30:38.677+0000] {taskmixin.py:205} WARNING - Dependency <Task(_PythonDecoratedOperator): prepare_email>, send_email already registered for DAG: example_dag_decorator
[2023-03-05T11:30:38.678+0000] {logging_mixin.py:137} INFO - [2023-03-05T11:30:38.677+0000] {taskmixin.py:205} WARNING - Dependency <Task(EmailOperator): send_email>, prepare_email already registered for DAG: example_dag_decorator
[2023-03-05T11:30:38.689+0000] {processor.py:753} INFO - DAG(s) dict_keys(['example_dag_decorator']) retrieved from /home/airflow/.local/lib/python3.7/site-packages/airflow/example_dags/example_dag_decorator.py
[2023-03-05T11:30:38.732+0000] {logging_mixin.py:137} INFO - [2023-03-05T11:30:38.732+0000] {dag.py:2690} INFO - Sync 1 DAGs
[2023-03-05T11:30:38.746+0000] {logging_mixin.py:137} INFO - [2023-03-05T11:30:38.746+0000] {dag.py:3441} INFO - Setting next_dagrun for example_dag_decorator to None, run_after=None
[2023-03-05T11:30:38.764+0000] {processor.py:175} INFO - Processing /home/airflow/.local/lib/python3.7/site-packages/airflow/example_dags/example_dag_decorator.py took 0.107 seconds
[2023-03-05T12:33:22.856+0000] {processor.py:153} INFO - Started process (PID=7101) to work on /home/airflow/.local/lib/python3.7/site-packages/airflow/example_dags/example_dag_decorator.py
[2023-03-05T12:33:22.863+0000] {processor.py:743} INFO - Processing file /home/airflow/.local/lib/python3.7/site-packages/airflow/example_dags/example_dag_decorator.py for tasks to queue
[2023-03-05T12:33:22.884+0000] {logging_mixin.py:137} INFO - [2023-03-05T12:33:22.884+0000] {dagbag.py:538} INFO - Filling up the DagBag from /home/airflow/.local/lib/python3.7/site-packages/airflow/example_dags/example_dag_decorator.py
[2023-03-05T12:33:23.321+0000] {logging_mixin.py:137} INFO - [2023-03-05T12:33:23.310+0000] {taskmixin.py:205} WARNING - Dependency <Task(_PythonDecoratedOperator): prepare_email>, send_email already registered for DAG: example_dag_decorator
[2023-03-05T12:33:23.342+0000] {logging_mixin.py:137} INFO - [2023-03-05T12:33:23.341+0000] {taskmixin.py:205} WARNING - Dependency <Task(EmailOperator): send_email>, prepare_email already registered for DAG: example_dag_decorator
[2023-03-05T12:33:23.838+0000] {processor.py:753} INFO - DAG(s) dict_keys(['example_dag_decorator']) retrieved from /home/airflow/.local/lib/python3.7/site-packages/airflow/example_dags/example_dag_decorator.py
[2023-03-05T12:33:24.479+0000] {logging_mixin.py:137} INFO - [2023-03-05T12:33:24.478+0000] {dag.py:2690} INFO - Sync 1 DAGs
[2023-03-05T12:33:24.654+0000] {logging_mixin.py:137} INFO - [2023-03-05T12:33:24.653+0000] {dag.py:3441} INFO - Setting next_dagrun for example_dag_decorator to None, run_after=None
[2023-03-05T12:33:24.882+0000] {processor.py:175} INFO - Processing /home/airflow/.local/lib/python3.7/site-packages/airflow/example_dags/example_dag_decorator.py took 2.077 seconds
[2023-03-05T12:34:52.295+0000] {processor.py:153} INFO - Started process (PID=7179) to work on /home/airflow/.local/lib/python3.7/site-packages/airflow/example_dags/example_dag_decorator.py
[2023-03-05T12:34:52.309+0000] {processor.py:743} INFO - Processing file /home/airflow/.local/lib/python3.7/site-packages/airflow/example_dags/example_dag_decorator.py for tasks to queue
[2023-03-05T12:34:52.311+0000] {logging_mixin.py:137} INFO - [2023-03-05T12:34:52.311+0000] {dagbag.py:538} INFO - Filling up the DagBag from /home/airflow/.local/lib/python3.7/site-packages/airflow/example_dags/example_dag_decorator.py
[2023-03-05T12:34:52.536+0000] {logging_mixin.py:137} INFO - [2023-03-05T12:34:52.529+0000] {taskmixin.py:205} WARNING - Dependency <Task(_PythonDecoratedOperator): prepare_email>, send_email already registered for DAG: example_dag_decorator
[2023-03-05T12:34:52.548+0000] {logging_mixin.py:137} INFO - [2023-03-05T12:34:52.547+0000] {taskmixin.py:205} WARNING - Dependency <Task(EmailOperator): send_email>, prepare_email already registered for DAG: example_dag_decorator
[2023-03-05T12:34:53.105+0000] {processor.py:753} INFO - DAG(s) dict_keys(['example_dag_decorator']) retrieved from /home/airflow/.local/lib/python3.7/site-packages/airflow/example_dags/example_dag_decorator.py
[2023-03-05T12:34:53.605+0000] {logging_mixin.py:137} INFO - [2023-03-05T12:34:53.605+0000] {dag.py:2690} INFO - Sync 1 DAGs
[2023-03-05T12:34:53.735+0000] {logging_mixin.py:137} INFO - [2023-03-05T12:34:53.732+0000] {dag.py:3441} INFO - Setting next_dagrun for example_dag_decorator to None, run_after=None
[2023-03-05T12:34:53.864+0000] {processor.py:175} INFO - Processing /home/airflow/.local/lib/python3.7/site-packages/airflow/example_dags/example_dag_decorator.py took 1.582 seconds
[2023-03-05T12:35:24.311+0000] {processor.py:153} INFO - Started process (PID=7246) to work on /home/airflow/.local/lib/python3.7/site-packages/airflow/example_dags/example_dag_decorator.py
[2023-03-05T12:35:24.324+0000] {processor.py:743} INFO - Processing file /home/airflow/.local/lib/python3.7/site-packages/airflow/example_dags/example_dag_decorator.py for tasks to queue
[2023-03-05T12:35:24.333+0000] {logging_mixin.py:137} INFO - [2023-03-05T12:35:24.333+0000] {dagbag.py:538} INFO - Filling up the DagBag from /home/airflow/.local/lib/python3.7/site-packages/airflow/example_dags/example_dag_decorator.py
[2023-03-05T12:35:24.598+0000] {logging_mixin.py:137} INFO - [2023-03-05T12:35:24.597+0000] {taskmixin.py:205} WARNING - Dependency <Task(_PythonDecoratedOperator): prepare_email>, send_email already registered for DAG: example_dag_decorator
[2023-03-05T12:35:24.601+0000] {logging_mixin.py:137} INFO - [2023-03-05T12:35:24.601+0000] {taskmixin.py:205} WARNING - Dependency <Task(EmailOperator): send_email>, prepare_email already registered for DAG: example_dag_decorator
[2023-03-05T12:35:24.846+0000] {processor.py:753} INFO - DAG(s) dict_keys(['example_dag_decorator']) retrieved from /home/airflow/.local/lib/python3.7/site-packages/airflow/example_dags/example_dag_decorator.py
[2023-03-05T12:35:25.504+0000] {logging_mixin.py:137} INFO - [2023-03-05T12:35:25.503+0000] {dag.py:2690} INFO - Sync 1 DAGs
[2023-03-05T12:35:25.602+0000] {logging_mixin.py:137} INFO - [2023-03-05T12:35:25.602+0000] {dag.py:3441} INFO - Setting next_dagrun for example_dag_decorator to None, run_after=None
[2023-03-05T12:35:25.658+0000] {processor.py:175} INFO - Processing /home/airflow/.local/lib/python3.7/site-packages/airflow/example_dags/example_dag_decorator.py took 1.364 seconds
[2023-03-05T12:35:56.018+0000] {processor.py:153} INFO - Started process (PID=7309) to work on /home/airflow/.local/lib/python3.7/site-packages/airflow/example_dags/example_dag_decorator.py
[2023-03-05T12:35:56.026+0000] {processor.py:743} INFO - Processing file /home/airflow/.local/lib/python3.7/site-packages/airflow/example_dags/example_dag_decorator.py for tasks to queue
[2023-03-05T12:35:56.032+0000] {logging_mixin.py:137} INFO - [2023-03-05T12:35:56.032+0000] {dagbag.py:538} INFO - Filling up the DagBag from /home/airflow/.local/lib/python3.7/site-packages/airflow/example_dags/example_dag_decorator.py
[2023-03-05T12:35:56.066+0000] {logging_mixin.py:137} INFO - [2023-03-05T12:35:56.066+0000] {taskmixin.py:205} WARNING - Dependency <Task(_PythonDecoratedOperator): prepare_email>, send_email already registered for DAG: example_dag_decorator
[2023-03-05T12:35:56.067+0000] {logging_mixin.py:137} INFO - [2023-03-05T12:35:56.067+0000] {taskmixin.py:205} WARNING - Dependency <Task(EmailOperator): send_email>, prepare_email already registered for DAG: example_dag_decorator
[2023-03-05T12:35:56.104+0000] {processor.py:753} INFO - DAG(s) dict_keys(['example_dag_decorator']) retrieved from /home/airflow/.local/lib/python3.7/site-packages/airflow/example_dags/example_dag_decorator.py
[2023-03-05T12:35:56.190+0000] {logging_mixin.py:137} INFO - [2023-03-05T12:35:56.189+0000] {dag.py:2690} INFO - Sync 1 DAGs
[2023-03-05T12:35:56.209+0000] {logging_mixin.py:137} INFO - [2023-03-05T12:35:56.209+0000] {dag.py:3441} INFO - Setting next_dagrun for example_dag_decorator to None, run_after=None
[2023-03-05T12:35:56.232+0000] {processor.py:175} INFO - Processing /home/airflow/.local/lib/python3.7/site-packages/airflow/example_dags/example_dag_decorator.py took 0.222 seconds
[2023-03-05T12:36:26.447+0000] {processor.py:153} INFO - Started process (PID=7372) to work on /home/airflow/.local/lib/python3.7/site-packages/airflow/example_dags/example_dag_decorator.py
[2023-03-05T12:36:26.449+0000] {processor.py:743} INFO - Processing file /home/airflow/.local/lib/python3.7/site-packages/airflow/example_dags/example_dag_decorator.py for tasks to queue
[2023-03-05T12:36:26.450+0000] {logging_mixin.py:137} INFO - [2023-03-05T12:36:26.450+0000] {dagbag.py:538} INFO - Filling up the DagBag from /home/airflow/.local/lib/python3.7/site-packages/airflow/example_dags/example_dag_decorator.py
[2023-03-05T12:36:26.475+0000] {logging_mixin.py:137} INFO - [2023-03-05T12:36:26.475+0000] {taskmixin.py:205} WARNING - Dependency <Task(_PythonDecoratedOperator): prepare_email>, send_email already registered for DAG: example_dag_decorator
[2023-03-05T12:36:26.476+0000] {logging_mixin.py:137} INFO - [2023-03-05T12:36:26.476+0000] {taskmixin.py:205} WARNING - Dependency <Task(EmailOperator): send_email>, prepare_email already registered for DAG: example_dag_decorator
[2023-03-05T12:36:26.494+0000] {processor.py:753} INFO - DAG(s) dict_keys(['example_dag_decorator']) retrieved from /home/airflow/.local/lib/python3.7/site-packages/airflow/example_dags/example_dag_decorator.py
[2023-03-05T12:36:26.579+0000] {logging_mixin.py:137} INFO - [2023-03-05T12:36:26.579+0000] {dag.py:2690} INFO - Sync 1 DAGs
[2023-03-05T12:36:26.598+0000] {logging_mixin.py:137} INFO - [2023-03-05T12:36:26.598+0000] {dag.py:3441} INFO - Setting next_dagrun for example_dag_decorator to None, run_after=None
[2023-03-05T12:36:26.614+0000] {processor.py:175} INFO - Processing /home/airflow/.local/lib/python3.7/site-packages/airflow/example_dags/example_dag_decorator.py took 0.173 seconds
[2023-03-05T12:36:57.103+0000] {processor.py:153} INFO - Started process (PID=7434) to work on /home/airflow/.local/lib/python3.7/site-packages/airflow/example_dags/example_dag_decorator.py
[2023-03-05T12:36:57.105+0000] {processor.py:743} INFO - Processing file /home/airflow/.local/lib/python3.7/site-packages/airflow/example_dags/example_dag_decorator.py for tasks to queue
[2023-03-05T12:36:57.107+0000] {logging_mixin.py:137} INFO - [2023-03-05T12:36:57.106+0000] {dagbag.py:538} INFO - Filling up the DagBag from /home/airflow/.local/lib/python3.7/site-packages/airflow/example_dags/example_dag_decorator.py
[2023-03-05T12:36:57.135+0000] {logging_mixin.py:137} INFO - [2023-03-05T12:36:57.135+0000] {taskmixin.py:205} WARNING - Dependency <Task(_PythonDecoratedOperator): prepare_email>, send_email already registered for DAG: example_dag_decorator
[2023-03-05T12:36:57.136+0000] {logging_mixin.py:137} INFO - [2023-03-05T12:36:57.136+0000] {taskmixin.py:205} WARNING - Dependency <Task(EmailOperator): send_email>, prepare_email already registered for DAG: example_dag_decorator
[2023-03-05T12:36:57.176+0000] {processor.py:753} INFO - DAG(s) dict_keys(['example_dag_decorator']) retrieved from /home/airflow/.local/lib/python3.7/site-packages/airflow/example_dags/example_dag_decorator.py
[2023-03-05T12:36:57.258+0000] {logging_mixin.py:137} INFO - [2023-03-05T12:36:57.258+0000] {dag.py:2690} INFO - Sync 1 DAGs
[2023-03-05T12:36:57.287+0000] {logging_mixin.py:137} INFO - [2023-03-05T12:36:57.287+0000] {dag.py:3441} INFO - Setting next_dagrun for example_dag_decorator to None, run_after=None
[2023-03-05T12:36:57.304+0000] {processor.py:175} INFO - Processing /home/airflow/.local/lib/python3.7/site-packages/airflow/example_dags/example_dag_decorator.py took 0.208 seconds
[2023-03-05T12:37:27.436+0000] {processor.py:153} INFO - Started process (PID=7507) to work on /home/airflow/.local/lib/python3.7/site-packages/airflow/example_dags/example_dag_decorator.py
[2023-03-05T12:37:27.438+0000] {processor.py:743} INFO - Processing file /home/airflow/.local/lib/python3.7/site-packages/airflow/example_dags/example_dag_decorator.py for tasks to queue
[2023-03-05T12:37:27.439+0000] {logging_mixin.py:137} INFO - [2023-03-05T12:37:27.439+0000] {dagbag.py:538} INFO - Filling up the DagBag from /home/airflow/.local/lib/python3.7/site-packages/airflow/example_dags/example_dag_decorator.py
[2023-03-05T12:37:27.453+0000] {logging_mixin.py:137} INFO - [2023-03-05T12:37:27.453+0000] {taskmixin.py:205} WARNING - Dependency <Task(_PythonDecoratedOperator): prepare_email>, send_email already registered for DAG: example_dag_decorator
[2023-03-05T12:37:27.454+0000] {logging_mixin.py:137} INFO - [2023-03-05T12:37:27.454+0000] {taskmixin.py:205} WARNING - Dependency <Task(EmailOperator): send_email>, prepare_email already registered for DAG: example_dag_decorator
[2023-03-05T12:37:27.471+0000] {processor.py:753} INFO - DAG(s) dict_keys(['example_dag_decorator']) retrieved from /home/airflow/.local/lib/python3.7/site-packages/airflow/example_dags/example_dag_decorator.py
[2023-03-05T12:37:27.558+0000] {logging_mixin.py:137} INFO - [2023-03-05T12:37:27.557+0000] {dag.py:2690} INFO - Sync 1 DAGs
[2023-03-05T12:37:27.582+0000] {logging_mixin.py:137} INFO - [2023-03-05T12:37:27.581+0000] {dag.py:3441} INFO - Setting next_dagrun for example_dag_decorator to None, run_after=None
[2023-03-05T12:37:27.623+0000] {processor.py:175} INFO - Processing /home/airflow/.local/lib/python3.7/site-packages/airflow/example_dags/example_dag_decorator.py took 0.190 seconds
[2023-03-05T12:37:57.867+0000] {processor.py:153} INFO - Started process (PID=7574) to work on /home/airflow/.local/lib/python3.7/site-packages/airflow/example_dags/example_dag_decorator.py
[2023-03-05T12:37:57.868+0000] {processor.py:743} INFO - Processing file /home/airflow/.local/lib/python3.7/site-packages/airflow/example_dags/example_dag_decorator.py for tasks to queue
[2023-03-05T12:37:57.869+0000] {logging_mixin.py:137} INFO - [2023-03-05T12:37:57.868+0000] {dagbag.py:538} INFO - Filling up the DagBag from /home/airflow/.local/lib/python3.7/site-packages/airflow/example_dags/example_dag_decorator.py
[2023-03-05T12:37:57.881+0000] {logging_mixin.py:137} INFO - [2023-03-05T12:37:57.881+0000] {taskmixin.py:205} WARNING - Dependency <Task(_PythonDecoratedOperator): prepare_email>, send_email already registered for DAG: example_dag_decorator
[2023-03-05T12:37:57.881+0000] {logging_mixin.py:137} INFO - [2023-03-05T12:37:57.881+0000] {taskmixin.py:205} WARNING - Dependency <Task(EmailOperator): send_email>, prepare_email already registered for DAG: example_dag_decorator
[2023-03-05T12:37:57.895+0000] {processor.py:753} INFO - DAG(s) dict_keys(['example_dag_decorator']) retrieved from /home/airflow/.local/lib/python3.7/site-packages/airflow/example_dags/example_dag_decorator.py
[2023-03-05T12:37:57.954+0000] {logging_mixin.py:137} INFO - [2023-03-05T12:37:57.954+0000] {dag.py:2690} INFO - Sync 1 DAGs
[2023-03-05T12:37:57.968+0000] {logging_mixin.py:137} INFO - [2023-03-05T12:37:57.968+0000] {dag.py:3441} INFO - Setting next_dagrun for example_dag_decorator to None, run_after=None
[2023-03-05T12:37:57.980+0000] {processor.py:175} INFO - Processing /home/airflow/.local/lib/python3.7/site-packages/airflow/example_dags/example_dag_decorator.py took 0.116 seconds
[2023-03-05T12:38:28.264+0000] {processor.py:153} INFO - Started process (PID=7637) to work on /home/airflow/.local/lib/python3.7/site-packages/airflow/example_dags/example_dag_decorator.py
[2023-03-05T12:38:28.266+0000] {processor.py:743} INFO - Processing file /home/airflow/.local/lib/python3.7/site-packages/airflow/example_dags/example_dag_decorator.py for tasks to queue
[2023-03-05T12:38:28.267+0000] {logging_mixin.py:137} INFO - [2023-03-05T12:38:28.267+0000] {dagbag.py:538} INFO - Filling up the DagBag from /home/airflow/.local/lib/python3.7/site-packages/airflow/example_dags/example_dag_decorator.py
[2023-03-05T12:38:28.279+0000] {logging_mixin.py:137} INFO - [2023-03-05T12:38:28.279+0000] {taskmixin.py:205} WARNING - Dependency <Task(_PythonDecoratedOperator): prepare_email>, send_email already registered for DAG: example_dag_decorator
[2023-03-05T12:38:28.280+0000] {logging_mixin.py:137} INFO - [2023-03-05T12:38:28.280+0000] {taskmixin.py:205} WARNING - Dependency <Task(EmailOperator): send_email>, prepare_email already registered for DAG: example_dag_decorator
[2023-03-05T12:38:28.294+0000] {processor.py:753} INFO - DAG(s) dict_keys(['example_dag_decorator']) retrieved from /home/airflow/.local/lib/python3.7/site-packages/airflow/example_dags/example_dag_decorator.py
[2023-03-05T12:38:28.354+0000] {logging_mixin.py:137} INFO - [2023-03-05T12:38:28.354+0000] {dag.py:2690} INFO - Sync 1 DAGs
[2023-03-05T12:38:28.369+0000] {logging_mixin.py:137} INFO - [2023-03-05T12:38:28.369+0000] {dag.py:3441} INFO - Setting next_dagrun for example_dag_decorator to None, run_after=None
[2023-03-05T12:38:28.382+0000] {processor.py:175} INFO - Processing /home/airflow/.local/lib/python3.7/site-packages/airflow/example_dags/example_dag_decorator.py took 0.121 seconds
[2023-03-05T12:38:58.574+0000] {processor.py:153} INFO - Started process (PID=7700) to work on /home/airflow/.local/lib/python3.7/site-packages/airflow/example_dags/example_dag_decorator.py
[2023-03-05T12:38:58.577+0000] {processor.py:743} INFO - Processing file /home/airflow/.local/lib/python3.7/site-packages/airflow/example_dags/example_dag_decorator.py for tasks to queue
[2023-03-05T12:38:58.579+0000] {logging_mixin.py:137} INFO - [2023-03-05T12:38:58.579+0000] {dagbag.py:538} INFO - Filling up the DagBag from /home/airflow/.local/lib/python3.7/site-packages/airflow/example_dags/example_dag_decorator.py
[2023-03-05T12:38:58.595+0000] {logging_mixin.py:137} INFO - [2023-03-05T12:38:58.594+0000] {taskmixin.py:205} WARNING - Dependency <Task(_PythonDecoratedOperator): prepare_email>, send_email already registered for DAG: example_dag_decorator
[2023-03-05T12:38:58.596+0000] {logging_mixin.py:137} INFO - [2023-03-05T12:38:58.595+0000] {taskmixin.py:205} WARNING - Dependency <Task(EmailOperator): send_email>, prepare_email already registered for DAG: example_dag_decorator
[2023-03-05T12:38:58.611+0000] {processor.py:753} INFO - DAG(s) dict_keys(['example_dag_decorator']) retrieved from /home/airflow/.local/lib/python3.7/site-packages/airflow/example_dags/example_dag_decorator.py
[2023-03-05T12:38:58.664+0000] {logging_mixin.py:137} INFO - [2023-03-05T12:38:58.664+0000] {dag.py:2690} INFO - Sync 1 DAGs
[2023-03-05T12:38:58.685+0000] {logging_mixin.py:137} INFO - [2023-03-05T12:38:58.685+0000] {dag.py:3441} INFO - Setting next_dagrun for example_dag_decorator to None, run_after=None
[2023-03-05T12:38:58.701+0000] {processor.py:175} INFO - Processing /home/airflow/.local/lib/python3.7/site-packages/airflow/example_dags/example_dag_decorator.py took 0.132 seconds
[2023-03-05T12:39:29.324+0000] {processor.py:153} INFO - Started process (PID=7761) to work on /home/airflow/.local/lib/python3.7/site-packages/airflow/example_dags/example_dag_decorator.py
[2023-03-05T12:39:29.325+0000] {processor.py:743} INFO - Processing file /home/airflow/.local/lib/python3.7/site-packages/airflow/example_dags/example_dag_decorator.py for tasks to queue
[2023-03-05T12:39:29.326+0000] {logging_mixin.py:137} INFO - [2023-03-05T12:39:29.326+0000] {dagbag.py:538} INFO - Filling up the DagBag from /home/airflow/.local/lib/python3.7/site-packages/airflow/example_dags/example_dag_decorator.py
[2023-03-05T12:39:29.340+0000] {logging_mixin.py:137} INFO - [2023-03-05T12:39:29.340+0000] {taskmixin.py:205} WARNING - Dependency <Task(_PythonDecoratedOperator): prepare_email>, send_email already registered for DAG: example_dag_decorator
[2023-03-05T12:39:29.341+0000] {logging_mixin.py:137} INFO - [2023-03-05T12:39:29.341+0000] {taskmixin.py:205} WARNING - Dependency <Task(EmailOperator): send_email>, prepare_email already registered for DAG: example_dag_decorator
[2023-03-05T12:39:29.353+0000] {processor.py:753} INFO - DAG(s) dict_keys(['example_dag_decorator']) retrieved from /home/airflow/.local/lib/python3.7/site-packages/airflow/example_dags/example_dag_decorator.py
[2023-03-05T12:39:29.403+0000] {logging_mixin.py:137} INFO - [2023-03-05T12:39:29.403+0000] {dag.py:2690} INFO - Sync 1 DAGs
[2023-03-05T12:39:29.416+0000] {logging_mixin.py:137} INFO - [2023-03-05T12:39:29.416+0000] {dag.py:3441} INFO - Setting next_dagrun for example_dag_decorator to None, run_after=None
[2023-03-05T12:39:29.427+0000] {processor.py:175} INFO - Processing /home/airflow/.local/lib/python3.7/site-packages/airflow/example_dags/example_dag_decorator.py took 0.106 seconds
[2023-03-05T12:40:00.504+0000] {processor.py:153} INFO - Started process (PID=7832) to work on /home/airflow/.local/lib/python3.7/site-packages/airflow/example_dags/example_dag_decorator.py
[2023-03-05T12:40:00.507+0000] {processor.py:743} INFO - Processing file /home/airflow/.local/lib/python3.7/site-packages/airflow/example_dags/example_dag_decorator.py for tasks to queue
[2023-03-05T12:40:00.511+0000] {logging_mixin.py:137} INFO - [2023-03-05T12:40:00.511+0000] {dagbag.py:538} INFO - Filling up the DagBag from /home/airflow/.local/lib/python3.7/site-packages/airflow/example_dags/example_dag_decorator.py
[2023-03-05T12:40:00.532+0000] {logging_mixin.py:137} INFO - [2023-03-05T12:40:00.532+0000] {taskmixin.py:205} WARNING - Dependency <Task(_PythonDecoratedOperator): prepare_email>, send_email already registered for DAG: example_dag_decorator
[2023-03-05T12:40:00.534+0000] {logging_mixin.py:137} INFO - [2023-03-05T12:40:00.534+0000] {taskmixin.py:205} WARNING - Dependency <Task(EmailOperator): send_email>, prepare_email already registered for DAG: example_dag_decorator
[2023-03-05T12:40:00.572+0000] {processor.py:753} INFO - DAG(s) dict_keys(['example_dag_decorator']) retrieved from /home/airflow/.local/lib/python3.7/site-packages/airflow/example_dags/example_dag_decorator.py
[2023-03-05T12:40:00.724+0000] {logging_mixin.py:137} INFO - [2023-03-05T12:40:00.720+0000] {dag.py:2690} INFO - Sync 1 DAGs
[2023-03-05T12:40:00.779+0000] {logging_mixin.py:137} INFO - [2023-03-05T12:40:00.779+0000] {dag.py:3441} INFO - Setting next_dagrun for example_dag_decorator to None, run_after=None
[2023-03-05T12:40:00.884+0000] {processor.py:175} INFO - Processing /home/airflow/.local/lib/python3.7/site-packages/airflow/example_dags/example_dag_decorator.py took 0.385 seconds
[2023-03-05T12:40:32.144+0000] {processor.py:153} INFO - Started process (PID=7898) to work on /home/airflow/.local/lib/python3.7/site-packages/airflow/example_dags/example_dag_decorator.py
[2023-03-05T12:40:32.146+0000] {processor.py:743} INFO - Processing file /home/airflow/.local/lib/python3.7/site-packages/airflow/example_dags/example_dag_decorator.py for tasks to queue
[2023-03-05T12:40:32.148+0000] {logging_mixin.py:137} INFO - [2023-03-05T12:40:32.147+0000] {dagbag.py:538} INFO - Filling up the DagBag from /home/airflow/.local/lib/python3.7/site-packages/airflow/example_dags/example_dag_decorator.py
[2023-03-05T12:40:32.169+0000] {logging_mixin.py:137} INFO - [2023-03-05T12:40:32.169+0000] {taskmixin.py:205} WARNING - Dependency <Task(_PythonDecoratedOperator): prepare_email>, send_email already registered for DAG: example_dag_decorator
[2023-03-05T12:40:32.170+0000] {logging_mixin.py:137} INFO - [2023-03-05T12:40:32.170+0000] {taskmixin.py:205} WARNING - Dependency <Task(EmailOperator): send_email>, prepare_email already registered for DAG: example_dag_decorator
[2023-03-05T12:40:32.185+0000] {processor.py:753} INFO - DAG(s) dict_keys(['example_dag_decorator']) retrieved from /home/airflow/.local/lib/python3.7/site-packages/airflow/example_dags/example_dag_decorator.py
[2023-03-05T12:40:32.239+0000] {logging_mixin.py:137} INFO - [2023-03-05T12:40:32.239+0000] {dag.py:2690} INFO - Sync 1 DAGs
[2023-03-05T12:40:32.255+0000] {logging_mixin.py:137} INFO - [2023-03-05T12:40:32.255+0000] {dag.py:3441} INFO - Setting next_dagrun for example_dag_decorator to None, run_after=None
[2023-03-05T12:40:32.279+0000] {processor.py:175} INFO - Processing /home/airflow/.local/lib/python3.7/site-packages/airflow/example_dags/example_dag_decorator.py took 0.139 seconds
[2023-03-05T12:41:03.944+0000] {processor.py:153} INFO - Started process (PID=7971) to work on /home/airflow/.local/lib/python3.7/site-packages/airflow/example_dags/example_dag_decorator.py
[2023-03-05T12:41:03.946+0000] {processor.py:743} INFO - Processing file /home/airflow/.local/lib/python3.7/site-packages/airflow/example_dags/example_dag_decorator.py for tasks to queue
[2023-03-05T12:41:03.948+0000] {logging_mixin.py:137} INFO - [2023-03-05T12:41:03.948+0000] {dagbag.py:538} INFO - Filling up the DagBag from /home/airflow/.local/lib/python3.7/site-packages/airflow/example_dags/example_dag_decorator.py
[2023-03-05T12:41:03.990+0000] {logging_mixin.py:137} INFO - [2023-03-05T12:41:03.990+0000] {taskmixin.py:205} WARNING - Dependency <Task(_PythonDecoratedOperator): prepare_email>, send_email already registered for DAG: example_dag_decorator
[2023-03-05T12:41:03.991+0000] {logging_mixin.py:137} INFO - [2023-03-05T12:41:03.991+0000] {taskmixin.py:205} WARNING - Dependency <Task(EmailOperator): send_email>, prepare_email already registered for DAG: example_dag_decorator
[2023-03-05T12:41:04.018+0000] {processor.py:753} INFO - DAG(s) dict_keys(['example_dag_decorator']) retrieved from /home/airflow/.local/lib/python3.7/site-packages/airflow/example_dags/example_dag_decorator.py
[2023-03-05T12:41:04.780+0000] {logging_mixin.py:137} INFO - [2023-03-05T12:41:04.742+0000] {dag.py:2690} INFO - Sync 1 DAGs
[2023-03-05T12:41:05.042+0000] {logging_mixin.py:137} INFO - [2023-03-05T12:41:05.042+0000] {dag.py:3441} INFO - Setting next_dagrun for example_dag_decorator to None, run_after=None
[2023-03-05T12:41:05.302+0000] {processor.py:175} INFO - Processing /home/airflow/.local/lib/python3.7/site-packages/airflow/example_dags/example_dag_decorator.py took 1.364 seconds
[2023-03-05T12:41:36.150+0000] {processor.py:153} INFO - Started process (PID=8024) to work on /home/airflow/.local/lib/python3.7/site-packages/airflow/example_dags/example_dag_decorator.py
[2023-03-05T12:41:36.153+0000] {processor.py:743} INFO - Processing file /home/airflow/.local/lib/python3.7/site-packages/airflow/example_dags/example_dag_decorator.py for tasks to queue
[2023-03-05T12:41:36.155+0000] {logging_mixin.py:137} INFO - [2023-03-05T12:41:36.155+0000] {dagbag.py:538} INFO - Filling up the DagBag from /home/airflow/.local/lib/python3.7/site-packages/airflow/example_dags/example_dag_decorator.py
[2023-03-05T12:41:36.199+0000] {logging_mixin.py:137} INFO - [2023-03-05T12:41:36.198+0000] {taskmixin.py:205} WARNING - Dependency <Task(_PythonDecoratedOperator): prepare_email>, send_email already registered for DAG: example_dag_decorator
[2023-03-05T12:41:36.200+0000] {logging_mixin.py:137} INFO - [2023-03-05T12:41:36.200+0000] {taskmixin.py:205} WARNING - Dependency <Task(EmailOperator): send_email>, prepare_email already registered for DAG: example_dag_decorator
[2023-03-05T12:41:36.234+0000] {processor.py:753} INFO - DAG(s) dict_keys(['example_dag_decorator']) retrieved from /home/airflow/.local/lib/python3.7/site-packages/airflow/example_dags/example_dag_decorator.py
[2023-03-05T12:41:36.344+0000] {logging_mixin.py:137} INFO - [2023-03-05T12:41:36.344+0000] {dag.py:2690} INFO - Sync 1 DAGs
[2023-03-05T12:41:36.379+0000] {logging_mixin.py:137} INFO - [2023-03-05T12:41:36.379+0000] {dag.py:3441} INFO - Setting next_dagrun for example_dag_decorator to None, run_after=None
[2023-03-05T12:41:36.394+0000] {processor.py:175} INFO - Processing /home/airflow/.local/lib/python3.7/site-packages/airflow/example_dags/example_dag_decorator.py took 0.256 seconds
[2023-03-05T12:42:06.666+0000] {processor.py:153} INFO - Started process (PID=8096) to work on /home/airflow/.local/lib/python3.7/site-packages/airflow/example_dags/example_dag_decorator.py
[2023-03-05T12:42:06.674+0000] {processor.py:743} INFO - Processing file /home/airflow/.local/lib/python3.7/site-packages/airflow/example_dags/example_dag_decorator.py for tasks to queue
[2023-03-05T12:42:06.676+0000] {logging_mixin.py:137} INFO - [2023-03-05T12:42:06.676+0000] {dagbag.py:538} INFO - Filling up the DagBag from /home/airflow/.local/lib/python3.7/site-packages/airflow/example_dags/example_dag_decorator.py
[2023-03-05T12:42:06.721+0000] {logging_mixin.py:137} INFO - [2023-03-05T12:42:06.721+0000] {taskmixin.py:205} WARNING - Dependency <Task(_PythonDecoratedOperator): prepare_email>, send_email already registered for DAG: example_dag_decorator
[2023-03-05T12:42:06.722+0000] {logging_mixin.py:137} INFO - [2023-03-05T12:42:06.722+0000] {taskmixin.py:205} WARNING - Dependency <Task(EmailOperator): send_email>, prepare_email already registered for DAG: example_dag_decorator
[2023-03-05T12:42:06.766+0000] {processor.py:753} INFO - DAG(s) dict_keys(['example_dag_decorator']) retrieved from /home/airflow/.local/lib/python3.7/site-packages/airflow/example_dags/example_dag_decorator.py
[2023-03-05T12:42:06.903+0000] {logging_mixin.py:137} INFO - [2023-03-05T12:42:06.903+0000] {dag.py:2690} INFO - Sync 1 DAGs
[2023-03-05T12:42:06.984+0000] {logging_mixin.py:137} INFO - [2023-03-05T12:42:06.984+0000] {dag.py:3441} INFO - Setting next_dagrun for example_dag_decorator to None, run_after=None
[2023-03-05T12:42:07.025+0000] {processor.py:175} INFO - Processing /home/airflow/.local/lib/python3.7/site-packages/airflow/example_dags/example_dag_decorator.py took 0.366 seconds
[2023-03-05T12:42:39.334+0000] {processor.py:153} INFO - Started process (PID=8161) to work on /home/airflow/.local/lib/python3.7/site-packages/airflow/example_dags/example_dag_decorator.py
[2023-03-05T12:42:39.427+0000] {processor.py:743} INFO - Processing file /home/airflow/.local/lib/python3.7/site-packages/airflow/example_dags/example_dag_decorator.py for tasks to queue
[2023-03-05T12:42:39.470+0000] {logging_mixin.py:137} INFO - [2023-03-05T12:42:39.453+0000] {dagbag.py:538} INFO - Filling up the DagBag from /home/airflow/.local/lib/python3.7/site-packages/airflow/example_dags/example_dag_decorator.py
[2023-03-05T12:42:40.666+0000] {logging_mixin.py:137} INFO - [2023-03-05T12:42:40.662+0000] {taskmixin.py:205} WARNING - Dependency <Task(_PythonDecoratedOperator): prepare_email>, send_email already registered for DAG: example_dag_decorator
[2023-03-05T12:42:40.688+0000] {logging_mixin.py:137} INFO - [2023-03-05T12:42:40.687+0000] {taskmixin.py:205} WARNING - Dependency <Task(EmailOperator): send_email>, prepare_email already registered for DAG: example_dag_decorator
[2023-03-05T12:42:40.808+0000] {processor.py:753} INFO - DAG(s) dict_keys(['example_dag_decorator']) retrieved from /home/airflow/.local/lib/python3.7/site-packages/airflow/example_dags/example_dag_decorator.py
[2023-03-05T12:42:41.817+0000] {logging_mixin.py:137} INFO - [2023-03-05T12:42:41.815+0000] {dag.py:2690} INFO - Sync 1 DAGs
[2023-03-05T12:42:42.014+0000] {logging_mixin.py:137} INFO - [2023-03-05T12:42:42.013+0000] {dag.py:3441} INFO - Setting next_dagrun for example_dag_decorator to None, run_after=None
[2023-03-05T12:42:42.315+0000] {processor.py:175} INFO - Processing /home/airflow/.local/lib/python3.7/site-packages/airflow/example_dags/example_dag_decorator.py took 3.570 seconds
[2023-03-05T12:43:13.207+0000] {processor.py:153} INFO - Started process (PID=8220) to work on /home/airflow/.local/lib/python3.7/site-packages/airflow/example_dags/example_dag_decorator.py
[2023-03-05T12:43:13.217+0000] {processor.py:743} INFO - Processing file /home/airflow/.local/lib/python3.7/site-packages/airflow/example_dags/example_dag_decorator.py for tasks to queue
[2023-03-05T12:43:13.235+0000] {logging_mixin.py:137} INFO - [2023-03-05T12:43:13.230+0000] {dagbag.py:538} INFO - Filling up the DagBag from /home/airflow/.local/lib/python3.7/site-packages/airflow/example_dags/example_dag_decorator.py
[2023-03-05T12:43:13.786+0000] {logging_mixin.py:137} INFO - [2023-03-05T12:43:13.783+0000] {taskmixin.py:205} WARNING - Dependency <Task(_PythonDecoratedOperator): prepare_email>, send_email already registered for DAG: example_dag_decorator
[2023-03-05T12:43:13.794+0000] {logging_mixin.py:137} INFO - [2023-03-05T12:43:13.792+0000] {taskmixin.py:205} WARNING - Dependency <Task(EmailOperator): send_email>, prepare_email already registered for DAG: example_dag_decorator
[2023-03-05T12:43:14.130+0000] {processor.py:753} INFO - DAG(s) dict_keys(['example_dag_decorator']) retrieved from /home/airflow/.local/lib/python3.7/site-packages/airflow/example_dags/example_dag_decorator.py
[2023-03-05T12:43:15.079+0000] {logging_mixin.py:137} INFO - [2023-03-05T12:43:15.078+0000] {dag.py:2690} INFO - Sync 1 DAGs
[2023-03-05T12:43:15.176+0000] {logging_mixin.py:137} INFO - [2023-03-05T12:43:15.176+0000] {dag.py:3441} INFO - Setting next_dagrun for example_dag_decorator to None, run_after=None
[2023-03-05T12:43:15.298+0000] {processor.py:175} INFO - Processing /home/airflow/.local/lib/python3.7/site-packages/airflow/example_dags/example_dag_decorator.py took 2.125 seconds
[2023-03-05T12:43:46.037+0000] {processor.py:153} INFO - Started process (PID=8274) to work on /home/airflow/.local/lib/python3.7/site-packages/airflow/example_dags/example_dag_decorator.py
[2023-03-05T12:43:46.069+0000] {processor.py:743} INFO - Processing file /home/airflow/.local/lib/python3.7/site-packages/airflow/example_dags/example_dag_decorator.py for tasks to queue
[2023-03-05T12:43:46.103+0000] {logging_mixin.py:137} INFO - [2023-03-05T12:43:46.089+0000] {dagbag.py:538} INFO - Filling up the DagBag from /home/airflow/.local/lib/python3.7/site-packages/airflow/example_dags/example_dag_decorator.py
[2023-03-05T12:43:46.328+0000] {logging_mixin.py:137} INFO - [2023-03-05T12:43:46.327+0000] {taskmixin.py:205} WARNING - Dependency <Task(_PythonDecoratedOperator): prepare_email>, send_email already registered for DAG: example_dag_decorator
[2023-03-05T12:43:46.335+0000] {logging_mixin.py:137} INFO - [2023-03-05T12:43:46.335+0000] {taskmixin.py:205} WARNING - Dependency <Task(EmailOperator): send_email>, prepare_email already registered for DAG: example_dag_decorator
[2023-03-05T12:43:46.617+0000] {processor.py:753} INFO - DAG(s) dict_keys(['example_dag_decorator']) retrieved from /home/airflow/.local/lib/python3.7/site-packages/airflow/example_dags/example_dag_decorator.py
[2023-03-05T12:43:47.804+0000] {logging_mixin.py:137} INFO - [2023-03-05T12:43:47.802+0000] {dag.py:2690} INFO - Sync 1 DAGs
[2023-03-05T12:43:47.932+0000] {logging_mixin.py:137} INFO - [2023-03-05T12:43:47.932+0000] {dag.py:3441} INFO - Setting next_dagrun for example_dag_decorator to None, run_after=None
[2023-03-05T12:43:48.050+0000] {processor.py:175} INFO - Processing /home/airflow/.local/lib/python3.7/site-packages/airflow/example_dags/example_dag_decorator.py took 2.103 seconds
[2023-03-05T12:44:18.789+0000] {processor.py:153} INFO - Started process (PID=8337) to work on /home/airflow/.local/lib/python3.7/site-packages/airflow/example_dags/example_dag_decorator.py
[2023-03-05T12:44:18.792+0000] {processor.py:743} INFO - Processing file /home/airflow/.local/lib/python3.7/site-packages/airflow/example_dags/example_dag_decorator.py for tasks to queue
[2023-03-05T12:44:18.794+0000] {logging_mixin.py:137} INFO - [2023-03-05T12:44:18.793+0000] {dagbag.py:538} INFO - Filling up the DagBag from /home/airflow/.local/lib/python3.7/site-packages/airflow/example_dags/example_dag_decorator.py
[2023-03-05T12:44:18.846+0000] {logging_mixin.py:137} INFO - [2023-03-05T12:44:18.846+0000] {taskmixin.py:205} WARNING - Dependency <Task(_PythonDecoratedOperator): prepare_email>, send_email already registered for DAG: example_dag_decorator
[2023-03-05T12:44:18.848+0000] {logging_mixin.py:137} INFO - [2023-03-05T12:44:18.847+0000] {taskmixin.py:205} WARNING - Dependency <Task(EmailOperator): send_email>, prepare_email already registered for DAG: example_dag_decorator
[2023-03-05T12:44:18.879+0000] {processor.py:753} INFO - DAG(s) dict_keys(['example_dag_decorator']) retrieved from /home/airflow/.local/lib/python3.7/site-packages/airflow/example_dags/example_dag_decorator.py
[2023-03-05T12:44:19.012+0000] {logging_mixin.py:137} INFO - [2023-03-05T12:44:19.011+0000] {dag.py:2690} INFO - Sync 1 DAGs
[2023-03-05T12:44:19.052+0000] {logging_mixin.py:137} INFO - [2023-03-05T12:44:19.051+0000] {dag.py:3441} INFO - Setting next_dagrun for example_dag_decorator to None, run_after=None
[2023-03-05T12:44:19.091+0000] {processor.py:175} INFO - Processing /home/airflow/.local/lib/python3.7/site-packages/airflow/example_dags/example_dag_decorator.py took 0.316 seconds
[2023-03-05T12:44:49.259+0000] {processor.py:153} INFO - Started process (PID=8400) to work on /home/airflow/.local/lib/python3.7/site-packages/airflow/example_dags/example_dag_decorator.py
[2023-03-05T12:44:49.262+0000] {processor.py:743} INFO - Processing file /home/airflow/.local/lib/python3.7/site-packages/airflow/example_dags/example_dag_decorator.py for tasks to queue
[2023-03-05T12:44:49.264+0000] {logging_mixin.py:137} INFO - [2023-03-05T12:44:49.264+0000] {dagbag.py:538} INFO - Filling up the DagBag from /home/airflow/.local/lib/python3.7/site-packages/airflow/example_dags/example_dag_decorator.py
[2023-03-05T12:44:49.303+0000] {logging_mixin.py:137} INFO - [2023-03-05T12:44:49.302+0000] {taskmixin.py:205} WARNING - Dependency <Task(_PythonDecoratedOperator): prepare_email>, send_email already registered for DAG: example_dag_decorator
[2023-03-05T12:44:49.305+0000] {logging_mixin.py:137} INFO - [2023-03-05T12:44:49.305+0000] {taskmixin.py:205} WARNING - Dependency <Task(EmailOperator): send_email>, prepare_email already registered for DAG: example_dag_decorator
[2023-03-05T12:44:49.354+0000] {processor.py:753} INFO - DAG(s) dict_keys(['example_dag_decorator']) retrieved from /home/airflow/.local/lib/python3.7/site-packages/airflow/example_dags/example_dag_decorator.py
[2023-03-05T12:44:49.543+0000] {logging_mixin.py:137} INFO - [2023-03-05T12:44:49.543+0000] {dag.py:2690} INFO - Sync 1 DAGs
[2023-03-05T12:44:49.567+0000] {logging_mixin.py:137} INFO - [2023-03-05T12:44:49.567+0000] {dag.py:3441} INFO - Setting next_dagrun for example_dag_decorator to None, run_after=None
[2023-03-05T12:44:49.594+0000] {processor.py:175} INFO - Processing /home/airflow/.local/lib/python3.7/site-packages/airflow/example_dags/example_dag_decorator.py took 0.354 seconds
[2023-03-05T12:45:20.431+0000] {processor.py:153} INFO - Started process (PID=8470) to work on /home/airflow/.local/lib/python3.7/site-packages/airflow/example_dags/example_dag_decorator.py
[2023-03-05T12:45:20.434+0000] {processor.py:743} INFO - Processing file /home/airflow/.local/lib/python3.7/site-packages/airflow/example_dags/example_dag_decorator.py for tasks to queue
[2023-03-05T12:45:20.436+0000] {logging_mixin.py:137} INFO - [2023-03-05T12:45:20.435+0000] {dagbag.py:538} INFO - Filling up the DagBag from /home/airflow/.local/lib/python3.7/site-packages/airflow/example_dags/example_dag_decorator.py
[2023-03-05T12:45:20.454+0000] {logging_mixin.py:137} INFO - [2023-03-05T12:45:20.454+0000] {taskmixin.py:205} WARNING - Dependency <Task(_PythonDecoratedOperator): prepare_email>, send_email already registered for DAG: example_dag_decorator
[2023-03-05T12:45:20.455+0000] {logging_mixin.py:137} INFO - [2023-03-05T12:45:20.455+0000] {taskmixin.py:205} WARNING - Dependency <Task(EmailOperator): send_email>, prepare_email already registered for DAG: example_dag_decorator
[2023-03-05T12:45:20.479+0000] {processor.py:753} INFO - DAG(s) dict_keys(['example_dag_decorator']) retrieved from /home/airflow/.local/lib/python3.7/site-packages/airflow/example_dags/example_dag_decorator.py
[2023-03-05T12:45:20.568+0000] {logging_mixin.py:137} INFO - [2023-03-05T12:45:20.568+0000] {dag.py:2690} INFO - Sync 1 DAGs
[2023-03-05T12:45:20.594+0000] {logging_mixin.py:137} INFO - [2023-03-05T12:45:20.594+0000] {dag.py:3441} INFO - Setting next_dagrun for example_dag_decorator to None, run_after=None
[2023-03-05T12:45:20.617+0000] {processor.py:175} INFO - Processing /home/airflow/.local/lib/python3.7/site-packages/airflow/example_dags/example_dag_decorator.py took 0.190 seconds
[2023-03-05T12:45:51.115+0000] {processor.py:153} INFO - Started process (PID=8539) to work on /home/airflow/.local/lib/python3.7/site-packages/airflow/example_dags/example_dag_decorator.py
[2023-03-05T12:45:51.124+0000] {processor.py:743} INFO - Processing file /home/airflow/.local/lib/python3.7/site-packages/airflow/example_dags/example_dag_decorator.py for tasks to queue
[2023-03-05T12:45:51.128+0000] {logging_mixin.py:137} INFO - [2023-03-05T12:45:51.127+0000] {dagbag.py:538} INFO - Filling up the DagBag from /home/airflow/.local/lib/python3.7/site-packages/airflow/example_dags/example_dag_decorator.py
[2023-03-05T12:45:51.172+0000] {logging_mixin.py:137} INFO - [2023-03-05T12:45:51.172+0000] {taskmixin.py:205} WARNING - Dependency <Task(_PythonDecoratedOperator): prepare_email>, send_email already registered for DAG: example_dag_decorator
[2023-03-05T12:45:51.176+0000] {logging_mixin.py:137} INFO - [2023-03-05T12:45:51.176+0000] {taskmixin.py:205} WARNING - Dependency <Task(EmailOperator): send_email>, prepare_email already registered for DAG: example_dag_decorator
[2023-03-05T12:45:51.206+0000] {processor.py:753} INFO - DAG(s) dict_keys(['example_dag_decorator']) retrieved from /home/airflow/.local/lib/python3.7/site-packages/airflow/example_dags/example_dag_decorator.py
[2023-03-05T12:45:51.300+0000] {logging_mixin.py:137} INFO - [2023-03-05T12:45:51.300+0000] {dag.py:2690} INFO - Sync 1 DAGs
[2023-03-05T12:45:51.327+0000] {logging_mixin.py:137} INFO - [2023-03-05T12:45:51.327+0000] {dag.py:3441} INFO - Setting next_dagrun for example_dag_decorator to None, run_after=None
[2023-03-05T12:45:51.345+0000] {processor.py:175} INFO - Processing /home/airflow/.local/lib/python3.7/site-packages/airflow/example_dags/example_dag_decorator.py took 0.295 seconds
[2023-03-05T12:46:21.913+0000] {processor.py:153} INFO - Started process (PID=8601) to work on /home/airflow/.local/lib/python3.7/site-packages/airflow/example_dags/example_dag_decorator.py
[2023-03-05T12:46:21.915+0000] {processor.py:743} INFO - Processing file /home/airflow/.local/lib/python3.7/site-packages/airflow/example_dags/example_dag_decorator.py for tasks to queue
[2023-03-05T12:46:21.917+0000] {logging_mixin.py:137} INFO - [2023-03-05T12:46:21.916+0000] {dagbag.py:538} INFO - Filling up the DagBag from /home/airflow/.local/lib/python3.7/site-packages/airflow/example_dags/example_dag_decorator.py
[2023-03-05T12:46:21.934+0000] {logging_mixin.py:137} INFO - [2023-03-05T12:46:21.934+0000] {taskmixin.py:205} WARNING - Dependency <Task(_PythonDecoratedOperator): prepare_email>, send_email already registered for DAG: example_dag_decorator
[2023-03-05T12:46:21.935+0000] {logging_mixin.py:137} INFO - [2023-03-05T12:46:21.935+0000] {taskmixin.py:205} WARNING - Dependency <Task(EmailOperator): send_email>, prepare_email already registered for DAG: example_dag_decorator
[2023-03-05T12:46:21.949+0000] {processor.py:753} INFO - DAG(s) dict_keys(['example_dag_decorator']) retrieved from /home/airflow/.local/lib/python3.7/site-packages/airflow/example_dags/example_dag_decorator.py
[2023-03-05T12:46:22.018+0000] {logging_mixin.py:137} INFO - [2023-03-05T12:46:22.018+0000] {dag.py:2690} INFO - Sync 1 DAGs
[2023-03-05T12:46:22.037+0000] {logging_mixin.py:137} INFO - [2023-03-05T12:46:22.037+0000] {dag.py:3441} INFO - Setting next_dagrun for example_dag_decorator to None, run_after=None
[2023-03-05T12:46:22.055+0000] {processor.py:175} INFO - Processing /home/airflow/.local/lib/python3.7/site-packages/airflow/example_dags/example_dag_decorator.py took 0.147 seconds
[2023-03-05T12:46:52.499+0000] {processor.py:153} INFO - Started process (PID=8676) to work on /home/airflow/.local/lib/python3.7/site-packages/airflow/example_dags/example_dag_decorator.py
[2023-03-05T12:46:52.501+0000] {processor.py:743} INFO - Processing file /home/airflow/.local/lib/python3.7/site-packages/airflow/example_dags/example_dag_decorator.py for tasks to queue
[2023-03-05T12:46:52.502+0000] {logging_mixin.py:137} INFO - [2023-03-05T12:46:52.501+0000] {dagbag.py:538} INFO - Filling up the DagBag from /home/airflow/.local/lib/python3.7/site-packages/airflow/example_dags/example_dag_decorator.py
[2023-03-05T12:46:52.514+0000] {logging_mixin.py:137} INFO - [2023-03-05T12:46:52.514+0000] {taskmixin.py:205} WARNING - Dependency <Task(_PythonDecoratedOperator): prepare_email>, send_email already registered for DAG: example_dag_decorator
[2023-03-05T12:46:52.515+0000] {logging_mixin.py:137} INFO - [2023-03-05T12:46:52.515+0000] {taskmixin.py:205} WARNING - Dependency <Task(EmailOperator): send_email>, prepare_email already registered for DAG: example_dag_decorator
[2023-03-05T12:46:52.527+0000] {processor.py:753} INFO - DAG(s) dict_keys(['example_dag_decorator']) retrieved from /home/airflow/.local/lib/python3.7/site-packages/airflow/example_dags/example_dag_decorator.py
[2023-03-05T12:46:52.580+0000] {logging_mixin.py:137} INFO - [2023-03-05T12:46:52.580+0000] {dag.py:2690} INFO - Sync 1 DAGs
[2023-03-05T12:46:52.594+0000] {logging_mixin.py:137} INFO - [2023-03-05T12:46:52.594+0000] {dag.py:3441} INFO - Setting next_dagrun for example_dag_decorator to None, run_after=None
[2023-03-05T12:46:52.606+0000] {processor.py:175} INFO - Processing /home/airflow/.local/lib/python3.7/site-packages/airflow/example_dags/example_dag_decorator.py took 0.110 seconds
[2023-03-05T12:47:23.011+0000] {processor.py:153} INFO - Started process (PID=8740) to work on /home/airflow/.local/lib/python3.7/site-packages/airflow/example_dags/example_dag_decorator.py
[2023-03-05T12:47:23.012+0000] {processor.py:743} INFO - Processing file /home/airflow/.local/lib/python3.7/site-packages/airflow/example_dags/example_dag_decorator.py for tasks to queue
[2023-03-05T12:47:23.013+0000] {logging_mixin.py:137} INFO - [2023-03-05T12:47:23.013+0000] {dagbag.py:538} INFO - Filling up the DagBag from /home/airflow/.local/lib/python3.7/site-packages/airflow/example_dags/example_dag_decorator.py
[2023-03-05T12:47:23.027+0000] {logging_mixin.py:137} INFO - [2023-03-05T12:47:23.027+0000] {taskmixin.py:205} WARNING - Dependency <Task(_PythonDecoratedOperator): prepare_email>, send_email already registered for DAG: example_dag_decorator
[2023-03-05T12:47:23.027+0000] {logging_mixin.py:137} INFO - [2023-03-05T12:47:23.027+0000] {taskmixin.py:205} WARNING - Dependency <Task(EmailOperator): send_email>, prepare_email already registered for DAG: example_dag_decorator
[2023-03-05T12:47:23.038+0000] {processor.py:753} INFO - DAG(s) dict_keys(['example_dag_decorator']) retrieved from /home/airflow/.local/lib/python3.7/site-packages/airflow/example_dags/example_dag_decorator.py
[2023-03-05T12:47:23.103+0000] {logging_mixin.py:137} INFO - [2023-03-05T12:47:23.102+0000] {dag.py:2690} INFO - Sync 1 DAGs
[2023-03-05T12:47:23.125+0000] {logging_mixin.py:137} INFO - [2023-03-05T12:47:23.124+0000] {dag.py:3441} INFO - Setting next_dagrun for example_dag_decorator to None, run_after=None
[2023-03-05T12:47:23.141+0000] {processor.py:175} INFO - Processing /home/airflow/.local/lib/python3.7/site-packages/airflow/example_dags/example_dag_decorator.py took 0.133 seconds
[2023-03-05T12:47:54.043+0000] {processor.py:153} INFO - Started process (PID=8814) to work on /home/airflow/.local/lib/python3.7/site-packages/airflow/example_dags/example_dag_decorator.py
[2023-03-05T12:47:54.045+0000] {processor.py:743} INFO - Processing file /home/airflow/.local/lib/python3.7/site-packages/airflow/example_dags/example_dag_decorator.py for tasks to queue
[2023-03-05T12:47:54.046+0000] {logging_mixin.py:137} INFO - [2023-03-05T12:47:54.046+0000] {dagbag.py:538} INFO - Filling up the DagBag from /home/airflow/.local/lib/python3.7/site-packages/airflow/example_dags/example_dag_decorator.py
[2023-03-05T12:47:54.059+0000] {logging_mixin.py:137} INFO - [2023-03-05T12:47:54.059+0000] {taskmixin.py:205} WARNING - Dependency <Task(_PythonDecoratedOperator): prepare_email>, send_email already registered for DAG: example_dag_decorator
[2023-03-05T12:47:54.060+0000] {logging_mixin.py:137} INFO - [2023-03-05T12:47:54.060+0000] {taskmixin.py:205} WARNING - Dependency <Task(EmailOperator): send_email>, prepare_email already registered for DAG: example_dag_decorator
[2023-03-05T12:47:54.073+0000] {processor.py:753} INFO - DAG(s) dict_keys(['example_dag_decorator']) retrieved from /home/airflow/.local/lib/python3.7/site-packages/airflow/example_dags/example_dag_decorator.py
[2023-03-05T12:47:54.129+0000] {logging_mixin.py:137} INFO - [2023-03-05T12:47:54.129+0000] {dag.py:2690} INFO - Sync 1 DAGs
[2023-03-05T12:47:54.150+0000] {logging_mixin.py:137} INFO - [2023-03-05T12:47:54.150+0000] {dag.py:3441} INFO - Setting next_dagrun for example_dag_decorator to None, run_after=None
[2023-03-05T12:47:54.166+0000] {processor.py:175} INFO - Processing /home/airflow/.local/lib/python3.7/site-packages/airflow/example_dags/example_dag_decorator.py took 0.126 seconds
[2023-03-05T12:48:24.333+0000] {processor.py:153} INFO - Started process (PID=8877) to work on /home/airflow/.local/lib/python3.7/site-packages/airflow/example_dags/example_dag_decorator.py
[2023-03-05T12:48:24.334+0000] {processor.py:743} INFO - Processing file /home/airflow/.local/lib/python3.7/site-packages/airflow/example_dags/example_dag_decorator.py for tasks to queue
[2023-03-05T12:48:24.335+0000] {logging_mixin.py:137} INFO - [2023-03-05T12:48:24.335+0000] {dagbag.py:538} INFO - Filling up the DagBag from /home/airflow/.local/lib/python3.7/site-packages/airflow/example_dags/example_dag_decorator.py
[2023-03-05T12:48:24.350+0000] {logging_mixin.py:137} INFO - [2023-03-05T12:48:24.350+0000] {taskmixin.py:205} WARNING - Dependency <Task(_PythonDecoratedOperator): prepare_email>, send_email already registered for DAG: example_dag_decorator
[2023-03-05T12:48:24.352+0000] {logging_mixin.py:137} INFO - [2023-03-05T12:48:24.352+0000] {taskmixin.py:205} WARNING - Dependency <Task(EmailOperator): send_email>, prepare_email already registered for DAG: example_dag_decorator
[2023-03-05T12:48:24.367+0000] {processor.py:753} INFO - DAG(s) dict_keys(['example_dag_decorator']) retrieved from /home/airflow/.local/lib/python3.7/site-packages/airflow/example_dags/example_dag_decorator.py
[2023-03-05T12:48:24.433+0000] {logging_mixin.py:137} INFO - [2023-03-05T12:48:24.433+0000] {dag.py:2690} INFO - Sync 1 DAGs
[2023-03-05T12:48:24.449+0000] {logging_mixin.py:137} INFO - [2023-03-05T12:48:24.449+0000] {dag.py:3441} INFO - Setting next_dagrun for example_dag_decorator to None, run_after=None
[2023-03-05T12:48:24.462+0000] {processor.py:175} INFO - Processing /home/airflow/.local/lib/python3.7/site-packages/airflow/example_dags/example_dag_decorator.py took 0.133 seconds
[2023-03-05T13:00:14.648+0000] {processor.py:153} INFO - Started process (PID=219) to work on /home/airflow/.local/lib/python3.7/site-packages/airflow/example_dags/example_dag_decorator.py
[2023-03-05T13:00:14.653+0000] {processor.py:743} INFO - Processing file /home/airflow/.local/lib/python3.7/site-packages/airflow/example_dags/example_dag_decorator.py for tasks to queue
[2023-03-05T13:00:14.655+0000] {logging_mixin.py:137} INFO - [2023-03-05T13:00:14.655+0000] {dagbag.py:538} INFO - Filling up the DagBag from /home/airflow/.local/lib/python3.7/site-packages/airflow/example_dags/example_dag_decorator.py
[2023-03-05T13:00:14.678+0000] {logging_mixin.py:137} INFO - [2023-03-05T13:00:14.678+0000] {taskmixin.py:205} WARNING - Dependency <Task(_PythonDecoratedOperator): prepare_email>, send_email already registered for DAG: example_dag_decorator
[2023-03-05T13:00:14.679+0000] {logging_mixin.py:137} INFO - [2023-03-05T13:00:14.679+0000] {taskmixin.py:205} WARNING - Dependency <Task(EmailOperator): send_email>, prepare_email already registered for DAG: example_dag_decorator
[2023-03-05T13:00:14.696+0000] {processor.py:753} INFO - DAG(s) dict_keys(['example_dag_decorator']) retrieved from /home/airflow/.local/lib/python3.7/site-packages/airflow/example_dags/example_dag_decorator.py
[2023-03-05T13:00:14.752+0000] {logging_mixin.py:137} INFO - [2023-03-05T13:00:14.752+0000] {dag.py:2690} INFO - Sync 1 DAGs
[2023-03-05T13:00:14.769+0000] {logging_mixin.py:137} INFO - [2023-03-05T13:00:14.768+0000] {dag.py:3441} INFO - Setting next_dagrun for example_dag_decorator to None, run_after=None
[2023-03-05T13:00:14.786+0000] {processor.py:175} INFO - Processing /home/airflow/.local/lib/python3.7/site-packages/airflow/example_dags/example_dag_decorator.py took 0.155 seconds
[2023-03-05T13:00:44.985+0000] {processor.py:153} INFO - Started process (PID=455) to work on /home/airflow/.local/lib/python3.7/site-packages/airflow/example_dags/example_dag_decorator.py
[2023-03-05T13:00:44.987+0000] {processor.py:743} INFO - Processing file /home/airflow/.local/lib/python3.7/site-packages/airflow/example_dags/example_dag_decorator.py for tasks to queue
[2023-03-05T13:00:44.988+0000] {logging_mixin.py:137} INFO - [2023-03-05T13:00:44.988+0000] {dagbag.py:538} INFO - Filling up the DagBag from /home/airflow/.local/lib/python3.7/site-packages/airflow/example_dags/example_dag_decorator.py
[2023-03-05T13:00:45.000+0000] {logging_mixin.py:137} INFO - [2023-03-05T13:00:45.000+0000] {taskmixin.py:205} WARNING - Dependency <Task(_PythonDecoratedOperator): prepare_email>, send_email already registered for DAG: example_dag_decorator
[2023-03-05T13:00:45.001+0000] {logging_mixin.py:137} INFO - [2023-03-05T13:00:45.001+0000] {taskmixin.py:205} WARNING - Dependency <Task(EmailOperator): send_email>, prepare_email already registered for DAG: example_dag_decorator
[2023-03-05T13:00:45.015+0000] {processor.py:753} INFO - DAG(s) dict_keys(['example_dag_decorator']) retrieved from /home/airflow/.local/lib/python3.7/site-packages/airflow/example_dags/example_dag_decorator.py
[2023-03-05T13:00:45.071+0000] {logging_mixin.py:137} INFO - [2023-03-05T13:00:45.071+0000] {dag.py:2690} INFO - Sync 1 DAGs
[2023-03-05T13:00:45.085+0000] {logging_mixin.py:137} INFO - [2023-03-05T13:00:45.085+0000] {dag.py:3441} INFO - Setting next_dagrun for example_dag_decorator to None, run_after=None
[2023-03-05T13:00:45.098+0000] {processor.py:175} INFO - Processing /home/airflow/.local/lib/python3.7/site-packages/airflow/example_dags/example_dag_decorator.py took 0.116 seconds
[2023-03-05T13:01:15.417+0000] {processor.py:153} INFO - Started process (PID=678) to work on /home/airflow/.local/lib/python3.7/site-packages/airflow/example_dags/example_dag_decorator.py
[2023-03-05T13:01:15.418+0000] {processor.py:743} INFO - Processing file /home/airflow/.local/lib/python3.7/site-packages/airflow/example_dags/example_dag_decorator.py for tasks to queue
[2023-03-05T13:01:15.419+0000] {logging_mixin.py:137} INFO - [2023-03-05T13:01:15.419+0000] {dagbag.py:538} INFO - Filling up the DagBag from /home/airflow/.local/lib/python3.7/site-packages/airflow/example_dags/example_dag_decorator.py
[2023-03-05T13:01:15.430+0000] {logging_mixin.py:137} INFO - [2023-03-05T13:01:15.430+0000] {taskmixin.py:205} WARNING - Dependency <Task(_PythonDecoratedOperator): prepare_email>, send_email already registered for DAG: example_dag_decorator
[2023-03-05T13:01:15.431+0000] {logging_mixin.py:137} INFO - [2023-03-05T13:01:15.431+0000] {taskmixin.py:205} WARNING - Dependency <Task(EmailOperator): send_email>, prepare_email already registered for DAG: example_dag_decorator
[2023-03-05T13:01:15.444+0000] {processor.py:753} INFO - DAG(s) dict_keys(['example_dag_decorator']) retrieved from /home/airflow/.local/lib/python3.7/site-packages/airflow/example_dags/example_dag_decorator.py
[2023-03-05T13:01:15.509+0000] {logging_mixin.py:137} INFO - [2023-03-05T13:01:15.509+0000] {dag.py:2690} INFO - Sync 1 DAGs
[2023-03-05T13:01:15.524+0000] {logging_mixin.py:137} INFO - [2023-03-05T13:01:15.524+0000] {dag.py:3441} INFO - Setting next_dagrun for example_dag_decorator to None, run_after=None
[2023-03-05T13:01:15.542+0000] {processor.py:175} INFO - Processing /home/airflow/.local/lib/python3.7/site-packages/airflow/example_dags/example_dag_decorator.py took 0.128 seconds
[2023-03-05T13:01:46.600+0000] {processor.py:153} INFO - Started process (PID=913) to work on /home/airflow/.local/lib/python3.7/site-packages/airflow/example_dags/example_dag_decorator.py
[2023-03-05T13:01:46.606+0000] {processor.py:743} INFO - Processing file /home/airflow/.local/lib/python3.7/site-packages/airflow/example_dags/example_dag_decorator.py for tasks to queue
[2023-03-05T13:01:46.608+0000] {logging_mixin.py:137} INFO - [2023-03-05T13:01:46.607+0000] {dagbag.py:538} INFO - Filling up the DagBag from /home/airflow/.local/lib/python3.7/site-packages/airflow/example_dags/example_dag_decorator.py
[2023-03-05T13:01:46.625+0000] {logging_mixin.py:137} INFO - [2023-03-05T13:01:46.625+0000] {taskmixin.py:205} WARNING - Dependency <Task(_PythonDecoratedOperator): prepare_email>, send_email already registered for DAG: example_dag_decorator
[2023-03-05T13:01:46.626+0000] {logging_mixin.py:137} INFO - [2023-03-05T13:01:46.626+0000] {taskmixin.py:205} WARNING - Dependency <Task(EmailOperator): send_email>, prepare_email already registered for DAG: example_dag_decorator
[2023-03-05T13:01:46.641+0000] {processor.py:753} INFO - DAG(s) dict_keys(['example_dag_decorator']) retrieved from /home/airflow/.local/lib/python3.7/site-packages/airflow/example_dags/example_dag_decorator.py
[2023-03-05T13:01:46.709+0000] {logging_mixin.py:137} INFO - [2023-03-05T13:01:46.709+0000] {dag.py:2690} INFO - Sync 1 DAGs
[2023-03-05T13:01:46.735+0000] {logging_mixin.py:137} INFO - [2023-03-05T13:01:46.734+0000] {dag.py:3441} INFO - Setting next_dagrun for example_dag_decorator to None, run_after=None
[2023-03-05T13:01:46.754+0000] {processor.py:175} INFO - Processing /home/airflow/.local/lib/python3.7/site-packages/airflow/example_dags/example_dag_decorator.py took 0.161 seconds
[2023-03-05T13:02:16.973+0000] {processor.py:153} INFO - Started process (PID=1139) to work on /home/airflow/.local/lib/python3.7/site-packages/airflow/example_dags/example_dag_decorator.py
[2023-03-05T13:02:16.975+0000] {processor.py:743} INFO - Processing file /home/airflow/.local/lib/python3.7/site-packages/airflow/example_dags/example_dag_decorator.py for tasks to queue
[2023-03-05T13:02:16.976+0000] {logging_mixin.py:137} INFO - [2023-03-05T13:02:16.976+0000] {dagbag.py:538} INFO - Filling up the DagBag from /home/airflow/.local/lib/python3.7/site-packages/airflow/example_dags/example_dag_decorator.py
[2023-03-05T13:02:16.989+0000] {logging_mixin.py:137} INFO - [2023-03-05T13:02:16.989+0000] {taskmixin.py:205} WARNING - Dependency <Task(_PythonDecoratedOperator): prepare_email>, send_email already registered for DAG: example_dag_decorator
[2023-03-05T13:02:16.990+0000] {logging_mixin.py:137} INFO - [2023-03-05T13:02:16.990+0000] {taskmixin.py:205} WARNING - Dependency <Task(EmailOperator): send_email>, prepare_email already registered for DAG: example_dag_decorator
[2023-03-05T13:02:17.000+0000] {processor.py:753} INFO - DAG(s) dict_keys(['example_dag_decorator']) retrieved from /home/airflow/.local/lib/python3.7/site-packages/airflow/example_dags/example_dag_decorator.py
[2023-03-05T13:02:17.062+0000] {logging_mixin.py:137} INFO - [2023-03-05T13:02:17.061+0000] {dag.py:2690} INFO - Sync 1 DAGs
[2023-03-05T13:02:17.076+0000] {logging_mixin.py:137} INFO - [2023-03-05T13:02:17.076+0000] {dag.py:3441} INFO - Setting next_dagrun for example_dag_decorator to None, run_after=None
[2023-03-05T13:02:17.091+0000] {processor.py:175} INFO - Processing /home/airflow/.local/lib/python3.7/site-packages/airflow/example_dags/example_dag_decorator.py took 0.122 seconds
