[2023-03-05T00:38:18.603+0000] {processor.py:153} INFO - Started process (PID=6429) to work on /home/airflow/.local/lib/python3.7/site-packages/airflow/example_dags/example_latest_only_with_trigger.py
[2023-03-05T00:38:18.604+0000] {processor.py:743} INFO - Processing file /home/airflow/.local/lib/python3.7/site-packages/airflow/example_dags/example_latest_only_with_trigger.py for tasks to queue
[2023-03-05T00:38:18.605+0000] {logging_mixin.py:137} INFO - [2023-03-05T00:38:18.605+0000] {dagbag.py:538} INFO - Filling up the DagBag from /home/airflow/.local/lib/python3.7/site-packages/airflow/example_dags/example_latest_only_with_trigger.py
[2023-03-05T00:38:18.621+0000] {processor.py:753} INFO - DAG(s) dict_keys(['latest_only_with_trigger']) retrieved from /home/airflow/.local/lib/python3.7/site-packages/airflow/example_dags/example_latest_only_with_trigger.py
[2023-03-05T00:38:18.643+0000] {logging_mixin.py:137} INFO - [2023-03-05T00:38:18.642+0000] {dag.py:2690} INFO - Sync 1 DAGs
[2023-03-05T00:38:18.665+0000] {logging_mixin.py:137} INFO - [2023-03-05T00:38:18.664+0000] {dag.py:3441} INFO - Setting next_dagrun for latest_only_with_trigger to 2023-03-04T20:38:18.663741+00:00, run_after=2023-03-05T00:38:18.663741+00:00
[2023-03-05T00:38:18.687+0000] {processor.py:175} INFO - Processing /home/airflow/.local/lib/python3.7/site-packages/airflow/example_dags/example_latest_only_with_trigger.py took 0.087 seconds
[2023-03-05T01:36:56.223+0000] {processor.py:153} INFO - Started process (PID=6485) to work on /home/airflow/.local/lib/python3.7/site-packages/airflow/example_dags/example_latest_only_with_trigger.py
[2023-03-05T01:36:56.224+0000] {processor.py:743} INFO - Processing file /home/airflow/.local/lib/python3.7/site-packages/airflow/example_dags/example_latest_only_with_trigger.py for tasks to queue
[2023-03-05T01:36:56.225+0000] {logging_mixin.py:137} INFO - [2023-03-05T01:36:56.225+0000] {dagbag.py:538} INFO - Filling up the DagBag from /home/airflow/.local/lib/python3.7/site-packages/airflow/example_dags/example_latest_only_with_trigger.py
[2023-03-05T01:36:56.238+0000] {processor.py:753} INFO - DAG(s) dict_keys(['latest_only_with_trigger']) retrieved from /home/airflow/.local/lib/python3.7/site-packages/airflow/example_dags/example_latest_only_with_trigger.py
[2023-03-05T01:36:56.285+0000] {logging_mixin.py:137} INFO - [2023-03-05T01:36:56.285+0000] {dag.py:2690} INFO - Sync 1 DAGs
[2023-03-05T01:36:56.313+0000] {logging_mixin.py:137} INFO - [2023-03-05T01:36:56.313+0000] {dag.py:3441} INFO - Setting next_dagrun for latest_only_with_trigger to 2023-03-04T21:36:56.313299+00:00, run_after=2023-03-05T01:36:56.313299+00:00
[2023-03-05T01:36:56.344+0000] {processor.py:175} INFO - Processing /home/airflow/.local/lib/python3.7/site-packages/airflow/example_dags/example_latest_only_with_trigger.py took 0.125 seconds
[2023-03-05T02:44:36.044+0000] {processor.py:153} INFO - Started process (PID=6560) to work on /home/airflow/.local/lib/python3.7/site-packages/airflow/example_dags/example_latest_only_with_trigger.py
[2023-03-05T02:44:36.045+0000] {processor.py:743} INFO - Processing file /home/airflow/.local/lib/python3.7/site-packages/airflow/example_dags/example_latest_only_with_trigger.py for tasks to queue
[2023-03-05T02:44:36.046+0000] {logging_mixin.py:137} INFO - [2023-03-05T02:44:36.046+0000] {dagbag.py:538} INFO - Filling up the DagBag from /home/airflow/.local/lib/python3.7/site-packages/airflow/example_dags/example_latest_only_with_trigger.py
[2023-03-05T02:44:36.066+0000] {processor.py:753} INFO - DAG(s) dict_keys(['latest_only_with_trigger']) retrieved from /home/airflow/.local/lib/python3.7/site-packages/airflow/example_dags/example_latest_only_with_trigger.py
[2023-03-05T02:44:36.106+0000] {logging_mixin.py:137} INFO - [2023-03-05T02:44:36.106+0000] {dag.py:2690} INFO - Sync 1 DAGs
[2023-03-05T02:44:36.157+0000] {logging_mixin.py:137} INFO - [2023-03-05T02:44:36.157+0000] {dag.py:3441} INFO - Setting next_dagrun for latest_only_with_trigger to 2023-03-04T22:44:36.156638+00:00, run_after=2023-03-05T02:44:36.156638+00:00
[2023-03-05T02:44:36.176+0000] {processor.py:175} INFO - Processing /home/airflow/.local/lib/python3.7/site-packages/airflow/example_dags/example_latest_only_with_trigger.py took 0.137 seconds
[2023-03-05T03:59:39.079+0000] {processor.py:153} INFO - Started process (PID=6623) to work on /home/airflow/.local/lib/python3.7/site-packages/airflow/example_dags/example_latest_only_with_trigger.py
[2023-03-05T03:59:39.080+0000] {processor.py:743} INFO - Processing file /home/airflow/.local/lib/python3.7/site-packages/airflow/example_dags/example_latest_only_with_trigger.py for tasks to queue
[2023-03-05T03:59:39.081+0000] {logging_mixin.py:137} INFO - [2023-03-05T03:59:39.081+0000] {dagbag.py:538} INFO - Filling up the DagBag from /home/airflow/.local/lib/python3.7/site-packages/airflow/example_dags/example_latest_only_with_trigger.py
[2023-03-05T03:59:39.094+0000] {processor.py:753} INFO - DAG(s) dict_keys(['latest_only_with_trigger']) retrieved from /home/airflow/.local/lib/python3.7/site-packages/airflow/example_dags/example_latest_only_with_trigger.py
[2023-03-05T03:59:39.124+0000] {logging_mixin.py:137} INFO - [2023-03-05T03:59:39.124+0000] {dag.py:2690} INFO - Sync 1 DAGs
[2023-03-05T03:59:39.143+0000] {logging_mixin.py:137} INFO - [2023-03-05T03:59:39.143+0000] {dag.py:3441} INFO - Setting next_dagrun for latest_only_with_trigger to 2023-03-04T23:59:39.143673+00:00, run_after=2023-03-05T03:59:39.143673+00:00
[2023-03-05T03:59:39.165+0000] {processor.py:175} INFO - Processing /home/airflow/.local/lib/python3.7/site-packages/airflow/example_dags/example_latest_only_with_trigger.py took 0.090 seconds
[2023-03-05T05:35:19.994+0000] {processor.py:153} INFO - Started process (PID=6687) to work on /home/airflow/.local/lib/python3.7/site-packages/airflow/example_dags/example_latest_only_with_trigger.py
[2023-03-05T05:35:19.995+0000] {processor.py:743} INFO - Processing file /home/airflow/.local/lib/python3.7/site-packages/airflow/example_dags/example_latest_only_with_trigger.py for tasks to queue
[2023-03-05T05:35:19.995+0000] {logging_mixin.py:137} INFO - [2023-03-05T05:35:19.995+0000] {dagbag.py:538} INFO - Filling up the DagBag from /home/airflow/.local/lib/python3.7/site-packages/airflow/example_dags/example_latest_only_with_trigger.py
[2023-03-05T05:35:20.006+0000] {processor.py:753} INFO - DAG(s) dict_keys(['latest_only_with_trigger']) retrieved from /home/airflow/.local/lib/python3.7/site-packages/airflow/example_dags/example_latest_only_with_trigger.py
[2023-03-05T05:35:20.028+0000] {logging_mixin.py:137} INFO - [2023-03-05T05:35:20.028+0000] {dag.py:2690} INFO - Sync 1 DAGs
[2023-03-05T05:35:20.044+0000] {logging_mixin.py:137} INFO - [2023-03-05T05:35:20.043+0000] {dag.py:3441} INFO - Setting next_dagrun for latest_only_with_trigger to 2023-03-05T01:35:20.043732+00:00, run_after=2023-03-05T05:35:20.043732+00:00
[2023-03-05T05:35:20.054+0000] {processor.py:175} INFO - Processing /home/airflow/.local/lib/python3.7/site-packages/airflow/example_dags/example_latest_only_with_trigger.py took 0.064 seconds
[2023-03-05T06:52:23.632+0000] {processor.py:153} INFO - Started process (PID=6761) to work on /home/airflow/.local/lib/python3.7/site-packages/airflow/example_dags/example_latest_only_with_trigger.py
[2023-03-05T06:52:23.637+0000] {processor.py:743} INFO - Processing file /home/airflow/.local/lib/python3.7/site-packages/airflow/example_dags/example_latest_only_with_trigger.py for tasks to queue
[2023-03-05T06:52:23.646+0000] {logging_mixin.py:137} INFO - [2023-03-05T06:52:23.645+0000] {dagbag.py:538} INFO - Filling up the DagBag from /home/airflow/.local/lib/python3.7/site-packages/airflow/example_dags/example_latest_only_with_trigger.py
[2023-03-05T06:52:23.851+0000] {processor.py:753} INFO - DAG(s) dict_keys(['latest_only_with_trigger']) retrieved from /home/airflow/.local/lib/python3.7/site-packages/airflow/example_dags/example_latest_only_with_trigger.py
[2023-03-05T06:52:24.033+0000] {logging_mixin.py:137} INFO - [2023-03-05T06:52:24.032+0000] {dag.py:2690} INFO - Sync 1 DAGs
[2023-03-05T06:52:24.147+0000] {logging_mixin.py:137} INFO - [2023-03-05T06:52:24.146+0000] {dag.py:3441} INFO - Setting next_dagrun for latest_only_with_trigger to 2023-03-05T02:52:24.145576+00:00, run_after=2023-03-05T06:52:24.145576+00:00
[2023-03-05T06:52:24.223+0000] {processor.py:175} INFO - Processing /home/airflow/.local/lib/python3.7/site-packages/airflow/example_dags/example_latest_only_with_trigger.py took 0.636 seconds
[2023-03-05T08:00:54.200+0000] {processor.py:153} INFO - Started process (PID=6824) to work on /home/airflow/.local/lib/python3.7/site-packages/airflow/example_dags/example_latest_only_with_trigger.py
[2023-03-05T08:00:54.202+0000] {processor.py:743} INFO - Processing file /home/airflow/.local/lib/python3.7/site-packages/airflow/example_dags/example_latest_only_with_trigger.py for tasks to queue
[2023-03-05T08:00:54.203+0000] {logging_mixin.py:137} INFO - [2023-03-05T08:00:54.203+0000] {dagbag.py:538} INFO - Filling up the DagBag from /home/airflow/.local/lib/python3.7/site-packages/airflow/example_dags/example_latest_only_with_trigger.py
[2023-03-05T08:00:54.221+0000] {processor.py:753} INFO - DAG(s) dict_keys(['latest_only_with_trigger']) retrieved from /home/airflow/.local/lib/python3.7/site-packages/airflow/example_dags/example_latest_only_with_trigger.py
[2023-03-05T08:00:54.262+0000] {logging_mixin.py:137} INFO - [2023-03-05T08:00:54.262+0000] {dag.py:2690} INFO - Sync 1 DAGs
[2023-03-05T08:00:54.288+0000] {logging_mixin.py:137} INFO - [2023-03-05T08:00:54.288+0000] {dag.py:3441} INFO - Setting next_dagrun for latest_only_with_trigger to 2023-03-05T04:00:54.288286+00:00, run_after=2023-03-05T08:00:54.288286+00:00
[2023-03-05T08:00:54.322+0000] {processor.py:175} INFO - Processing /home/airflow/.local/lib/python3.7/site-packages/airflow/example_dags/example_latest_only_with_trigger.py took 0.124 seconds
[2023-03-05T09:23:24.828+0000] {processor.py:153} INFO - Started process (PID=6887) to work on /home/airflow/.local/lib/python3.7/site-packages/airflow/example_dags/example_latest_only_with_trigger.py
[2023-03-05T09:23:24.829+0000] {processor.py:743} INFO - Processing file /home/airflow/.local/lib/python3.7/site-packages/airflow/example_dags/example_latest_only_with_trigger.py for tasks to queue
[2023-03-05T09:23:24.830+0000] {logging_mixin.py:137} INFO - [2023-03-05T09:23:24.830+0000] {dagbag.py:538} INFO - Filling up the DagBag from /home/airflow/.local/lib/python3.7/site-packages/airflow/example_dags/example_latest_only_with_trigger.py
[2023-03-05T09:23:24.843+0000] {processor.py:753} INFO - DAG(s) dict_keys(['latest_only_with_trigger']) retrieved from /home/airflow/.local/lib/python3.7/site-packages/airflow/example_dags/example_latest_only_with_trigger.py
[2023-03-05T09:23:24.866+0000] {logging_mixin.py:137} INFO - [2023-03-05T09:23:24.866+0000] {dag.py:2690} INFO - Sync 1 DAGs
[2023-03-05T09:23:24.884+0000] {logging_mixin.py:137} INFO - [2023-03-05T09:23:24.884+0000] {dag.py:3441} INFO - Setting next_dagrun for latest_only_with_trigger to 2023-03-05T05:23:24.884198+00:00, run_after=2023-03-05T09:23:24.884198+00:00
[2023-03-05T09:23:24.899+0000] {processor.py:175} INFO - Processing /home/airflow/.local/lib/python3.7/site-packages/airflow/example_dags/example_latest_only_with_trigger.py took 0.075 seconds
[2023-03-05T10:39:41.794+0000] {processor.py:153} INFO - Started process (PID=6959) to work on /home/airflow/.local/lib/python3.7/site-packages/airflow/example_dags/example_latest_only_with_trigger.py
[2023-03-05T10:39:41.796+0000] {processor.py:743} INFO - Processing file /home/airflow/.local/lib/python3.7/site-packages/airflow/example_dags/example_latest_only_with_trigger.py for tasks to queue
[2023-03-05T10:39:41.797+0000] {logging_mixin.py:137} INFO - [2023-03-05T10:39:41.796+0000] {dagbag.py:538} INFO - Filling up the DagBag from /home/airflow/.local/lib/python3.7/site-packages/airflow/example_dags/example_latest_only_with_trigger.py
[2023-03-05T10:39:41.829+0000] {processor.py:753} INFO - DAG(s) dict_keys(['latest_only_with_trigger']) retrieved from /home/airflow/.local/lib/python3.7/site-packages/airflow/example_dags/example_latest_only_with_trigger.py
[2023-03-05T10:39:41.887+0000] {logging_mixin.py:137} INFO - [2023-03-05T10:39:41.886+0000] {dag.py:2690} INFO - Sync 1 DAGs
[2023-03-05T10:39:41.914+0000] {logging_mixin.py:137} INFO - [2023-03-05T10:39:41.914+0000] {dag.py:3441} INFO - Setting next_dagrun for latest_only_with_trigger to 2023-03-05T06:39:41.914122+00:00, run_after=2023-03-05T10:39:41.914122+00:00
[2023-03-05T10:39:41.937+0000] {processor.py:175} INFO - Processing /home/airflow/.local/lib/python3.7/site-packages/airflow/example_dags/example_latest_only_with_trigger.py took 0.154 seconds
[2023-03-05T11:30:38.425+0000] {processor.py:153} INFO - Started process (PID=7025) to work on /home/airflow/.local/lib/python3.7/site-packages/airflow/example_dags/example_latest_only_with_trigger.py
[2023-03-05T11:30:38.428+0000] {processor.py:743} INFO - Processing file /home/airflow/.local/lib/python3.7/site-packages/airflow/example_dags/example_latest_only_with_trigger.py for tasks to queue
[2023-03-05T11:30:38.429+0000] {logging_mixin.py:137} INFO - [2023-03-05T11:30:38.429+0000] {dagbag.py:538} INFO - Filling up the DagBag from /home/airflow/.local/lib/python3.7/site-packages/airflow/example_dags/example_latest_only_with_trigger.py
[2023-03-05T11:30:38.443+0000] {processor.py:753} INFO - DAG(s) dict_keys(['latest_only_with_trigger']) retrieved from /home/airflow/.local/lib/python3.7/site-packages/airflow/example_dags/example_latest_only_with_trigger.py
[2023-03-05T11:30:38.471+0000] {logging_mixin.py:137} INFO - [2023-03-05T11:30:38.471+0000] {dag.py:2690} INFO - Sync 1 DAGs
[2023-03-05T11:30:38.495+0000] {logging_mixin.py:137} INFO - [2023-03-05T11:30:38.495+0000] {dag.py:3441} INFO - Setting next_dagrun for latest_only_with_trigger to 2023-03-05T07:30:38.494789+00:00, run_after=2023-03-05T11:30:38.494789+00:00
[2023-03-05T11:30:38.507+0000] {processor.py:175} INFO - Processing /home/airflow/.local/lib/python3.7/site-packages/airflow/example_dags/example_latest_only_with_trigger.py took 0.089 seconds
[2023-03-05T12:33:21.196+0000] {processor.py:153} INFO - Started process (PID=7098) to work on /home/airflow/.local/lib/python3.7/site-packages/airflow/example_dags/example_latest_only_with_trigger.py
[2023-03-05T12:33:21.205+0000] {processor.py:743} INFO - Processing file /home/airflow/.local/lib/python3.7/site-packages/airflow/example_dags/example_latest_only_with_trigger.py for tasks to queue
[2023-03-05T12:33:21.209+0000] {logging_mixin.py:137} INFO - [2023-03-05T12:33:21.209+0000] {dagbag.py:538} INFO - Filling up the DagBag from /home/airflow/.local/lib/python3.7/site-packages/airflow/example_dags/example_latest_only_with_trigger.py
[2023-03-05T12:33:21.311+0000] {processor.py:753} INFO - DAG(s) dict_keys(['latest_only_with_trigger']) retrieved from /home/airflow/.local/lib/python3.7/site-packages/airflow/example_dags/example_latest_only_with_trigger.py
[2023-03-05T12:33:21.461+0000] {logging_mixin.py:137} INFO - [2023-03-05T12:33:21.460+0000] {dag.py:2690} INFO - Sync 1 DAGs
[2023-03-05T12:33:21.638+0000] {logging_mixin.py:137} INFO - [2023-03-05T12:33:21.635+0000] {dag.py:3441} INFO - Setting next_dagrun for latest_only_with_trigger to 2023-03-05T08:33:21.634191+00:00, run_after=2023-03-05T12:33:21.634191+00:00
[2023-03-05T12:33:21.774+0000] {processor.py:175} INFO - Processing /home/airflow/.local/lib/python3.7/site-packages/airflow/example_dags/example_latest_only_with_trigger.py took 0.612 seconds
[2023-03-05T12:34:49.238+0000] {processor.py:153} INFO - Started process (PID=7176) to work on /home/airflow/.local/lib/python3.7/site-packages/airflow/example_dags/example_latest_only_with_trigger.py
[2023-03-05T12:34:49.277+0000] {processor.py:743} INFO - Processing file /home/airflow/.local/lib/python3.7/site-packages/airflow/example_dags/example_latest_only_with_trigger.py for tasks to queue
[2023-03-05T12:34:49.304+0000] {logging_mixin.py:137} INFO - [2023-03-05T12:34:49.303+0000] {dagbag.py:538} INFO - Filling up the DagBag from /home/airflow/.local/lib/python3.7/site-packages/airflow/example_dags/example_latest_only_with_trigger.py
[2023-03-05T12:34:49.681+0000] {processor.py:753} INFO - DAG(s) dict_keys(['latest_only_with_trigger']) retrieved from /home/airflow/.local/lib/python3.7/site-packages/airflow/example_dags/example_latest_only_with_trigger.py
[2023-03-05T12:34:50.518+0000] {logging_mixin.py:137} INFO - [2023-03-05T12:34:50.487+0000] {dag.py:2690} INFO - Sync 1 DAGs
[2023-03-05T12:34:50.917+0000] {logging_mixin.py:137} INFO - [2023-03-05T12:34:50.917+0000] {dag.py:3441} INFO - Setting next_dagrun for latest_only_with_trigger to 2023-03-05T08:34:50.916078+00:00, run_after=2023-03-05T12:34:50.916078+00:00
[2023-03-05T12:34:51.105+0000] {processor.py:175} INFO - Processing /home/airflow/.local/lib/python3.7/site-packages/airflow/example_dags/example_latest_only_with_trigger.py took 1.879 seconds
[2023-03-05T12:35:22.144+0000] {processor.py:153} INFO - Started process (PID=7243) to work on /home/airflow/.local/lib/python3.7/site-packages/airflow/example_dags/example_latest_only_with_trigger.py
[2023-03-05T12:35:22.153+0000] {processor.py:743} INFO - Processing file /home/airflow/.local/lib/python3.7/site-packages/airflow/example_dags/example_latest_only_with_trigger.py for tasks to queue
[2023-03-05T12:35:22.163+0000] {logging_mixin.py:137} INFO - [2023-03-05T12:35:22.163+0000] {dagbag.py:538} INFO - Filling up the DagBag from /home/airflow/.local/lib/python3.7/site-packages/airflow/example_dags/example_latest_only_with_trigger.py
[2023-03-05T12:35:22.302+0000] {processor.py:753} INFO - DAG(s) dict_keys(['latest_only_with_trigger']) retrieved from /home/airflow/.local/lib/python3.7/site-packages/airflow/example_dags/example_latest_only_with_trigger.py
[2023-03-05T12:35:22.761+0000] {logging_mixin.py:137} INFO - [2023-03-05T12:35:22.760+0000] {dag.py:2690} INFO - Sync 1 DAGs
[2023-03-05T12:35:22.979+0000] {logging_mixin.py:137} INFO - [2023-03-05T12:35:22.979+0000] {dag.py:3441} INFO - Setting next_dagrun for latest_only_with_trigger to 2023-03-05T08:35:22.977119+00:00, run_after=2023-03-05T12:35:22.977119+00:00
[2023-03-05T12:35:23.125+0000] {processor.py:175} INFO - Processing /home/airflow/.local/lib/python3.7/site-packages/airflow/example_dags/example_latest_only_with_trigger.py took 1.002 seconds
[2023-03-05T12:35:53.934+0000] {processor.py:153} INFO - Started process (PID=7306) to work on /home/airflow/.local/lib/python3.7/site-packages/airflow/example_dags/example_latest_only_with_trigger.py
[2023-03-05T12:35:53.964+0000] {processor.py:743} INFO - Processing file /home/airflow/.local/lib/python3.7/site-packages/airflow/example_dags/example_latest_only_with_trigger.py for tasks to queue
[2023-03-05T12:35:54.020+0000] {logging_mixin.py:137} INFO - [2023-03-05T12:35:54.019+0000] {dagbag.py:538} INFO - Filling up the DagBag from /home/airflow/.local/lib/python3.7/site-packages/airflow/example_dags/example_latest_only_with_trigger.py
[2023-03-05T12:35:54.262+0000] {processor.py:753} INFO - DAG(s) dict_keys(['latest_only_with_trigger']) retrieved from /home/airflow/.local/lib/python3.7/site-packages/airflow/example_dags/example_latest_only_with_trigger.py
[2023-03-05T12:35:54.406+0000] {logging_mixin.py:137} INFO - [2023-03-05T12:35:54.406+0000] {dag.py:2690} INFO - Sync 1 DAGs
[2023-03-05T12:35:54.535+0000] {logging_mixin.py:137} INFO - [2023-03-05T12:35:54.534+0000] {dag.py:3441} INFO - Setting next_dagrun for latest_only_with_trigger to 2023-03-05T08:35:54.532099+00:00, run_after=2023-03-05T12:35:54.532099+00:00
[2023-03-05T12:35:54.674+0000] {processor.py:175} INFO - Processing /home/airflow/.local/lib/python3.7/site-packages/airflow/example_dags/example_latest_only_with_trigger.py took 0.840 seconds
[2023-03-05T12:36:25.182+0000] {processor.py:153} INFO - Started process (PID=7369) to work on /home/airflow/.local/lib/python3.7/site-packages/airflow/example_dags/example_latest_only_with_trigger.py
[2023-03-05T12:36:25.184+0000] {processor.py:743} INFO - Processing file /home/airflow/.local/lib/python3.7/site-packages/airflow/example_dags/example_latest_only_with_trigger.py for tasks to queue
[2023-03-05T12:36:25.186+0000] {logging_mixin.py:137} INFO - [2023-03-05T12:36:25.186+0000] {dagbag.py:538} INFO - Filling up the DagBag from /home/airflow/.local/lib/python3.7/site-packages/airflow/example_dags/example_latest_only_with_trigger.py
[2023-03-05T12:36:25.230+0000] {processor.py:753} INFO - DAG(s) dict_keys(['latest_only_with_trigger']) retrieved from /home/airflow/.local/lib/python3.7/site-packages/airflow/example_dags/example_latest_only_with_trigger.py
[2023-03-05T12:36:25.300+0000] {logging_mixin.py:137} INFO - [2023-03-05T12:36:25.300+0000] {dag.py:2690} INFO - Sync 1 DAGs
[2023-03-05T12:36:25.352+0000] {logging_mixin.py:137} INFO - [2023-03-05T12:36:25.352+0000] {dag.py:3441} INFO - Setting next_dagrun for latest_only_with_trigger to 2023-03-05T08:36:25.351862+00:00, run_after=2023-03-05T12:36:25.351862+00:00
[2023-03-05T12:36:25.371+0000] {processor.py:175} INFO - Processing /home/airflow/.local/lib/python3.7/site-packages/airflow/example_dags/example_latest_only_with_trigger.py took 0.196 seconds
[2023-03-05T12:36:56.024+0000] {processor.py:153} INFO - Started process (PID=7431) to work on /home/airflow/.local/lib/python3.7/site-packages/airflow/example_dags/example_latest_only_with_trigger.py
[2023-03-05T12:36:56.034+0000] {processor.py:743} INFO - Processing file /home/airflow/.local/lib/python3.7/site-packages/airflow/example_dags/example_latest_only_with_trigger.py for tasks to queue
[2023-03-05T12:36:56.038+0000] {logging_mixin.py:137} INFO - [2023-03-05T12:36:56.038+0000] {dagbag.py:538} INFO - Filling up the DagBag from /home/airflow/.local/lib/python3.7/site-packages/airflow/example_dags/example_latest_only_with_trigger.py
[2023-03-05T12:36:56.079+0000] {processor.py:753} INFO - DAG(s) dict_keys(['latest_only_with_trigger']) retrieved from /home/airflow/.local/lib/python3.7/site-packages/airflow/example_dags/example_latest_only_with_trigger.py
[2023-03-05T12:36:56.152+0000] {logging_mixin.py:137} INFO - [2023-03-05T12:36:56.152+0000] {dag.py:2690} INFO - Sync 1 DAGs
[2023-03-05T12:36:56.185+0000] {logging_mixin.py:137} INFO - [2023-03-05T12:36:56.185+0000] {dag.py:3441} INFO - Setting next_dagrun for latest_only_with_trigger to 2023-03-05T08:36:56.184775+00:00, run_after=2023-03-05T12:36:56.184775+00:00
[2023-03-05T12:36:56.205+0000] {processor.py:175} INFO - Processing /home/airflow/.local/lib/python3.7/site-packages/airflow/example_dags/example_latest_only_with_trigger.py took 0.213 seconds
[2023-03-05T12:37:26.956+0000] {processor.py:153} INFO - Started process (PID=7502) to work on /home/airflow/.local/lib/python3.7/site-packages/airflow/example_dags/example_latest_only_with_trigger.py
[2023-03-05T12:37:26.970+0000] {processor.py:743} INFO - Processing file /home/airflow/.local/lib/python3.7/site-packages/airflow/example_dags/example_latest_only_with_trigger.py for tasks to queue
[2023-03-05T12:37:26.975+0000] {logging_mixin.py:137} INFO - [2023-03-05T12:37:26.974+0000] {dagbag.py:538} INFO - Filling up the DagBag from /home/airflow/.local/lib/python3.7/site-packages/airflow/example_dags/example_latest_only_with_trigger.py
[2023-03-05T12:37:27.034+0000] {processor.py:753} INFO - DAG(s) dict_keys(['latest_only_with_trigger']) retrieved from /home/airflow/.local/lib/python3.7/site-packages/airflow/example_dags/example_latest_only_with_trigger.py
[2023-03-05T12:37:27.152+0000] {logging_mixin.py:137} INFO - [2023-03-05T12:37:27.151+0000] {dag.py:2690} INFO - Sync 1 DAGs
[2023-03-05T12:37:27.205+0000] {logging_mixin.py:137} INFO - [2023-03-05T12:37:27.204+0000] {dag.py:3441} INFO - Setting next_dagrun for latest_only_with_trigger to 2023-03-05T08:37:27.201377+00:00, run_after=2023-03-05T12:37:27.201377+00:00
[2023-03-05T12:37:27.252+0000] {processor.py:175} INFO - Processing /home/airflow/.local/lib/python3.7/site-packages/airflow/example_dags/example_latest_only_with_trigger.py took 0.305 seconds
[2023-03-05T12:37:57.585+0000] {processor.py:153} INFO - Started process (PID=7571) to work on /home/airflow/.local/lib/python3.7/site-packages/airflow/example_dags/example_latest_only_with_trigger.py
[2023-03-05T12:37:57.594+0000] {processor.py:743} INFO - Processing file /home/airflow/.local/lib/python3.7/site-packages/airflow/example_dags/example_latest_only_with_trigger.py for tasks to queue
[2023-03-05T12:37:57.597+0000] {logging_mixin.py:137} INFO - [2023-03-05T12:37:57.597+0000] {dagbag.py:538} INFO - Filling up the DagBag from /home/airflow/.local/lib/python3.7/site-packages/airflow/example_dags/example_latest_only_with_trigger.py
[2023-03-05T12:37:57.629+0000] {processor.py:753} INFO - DAG(s) dict_keys(['latest_only_with_trigger']) retrieved from /home/airflow/.local/lib/python3.7/site-packages/airflow/example_dags/example_latest_only_with_trigger.py
[2023-03-05T12:37:57.691+0000] {logging_mixin.py:137} INFO - [2023-03-05T12:37:57.691+0000] {dag.py:2690} INFO - Sync 1 DAGs
[2023-03-05T12:37:57.731+0000] {logging_mixin.py:137} INFO - [2023-03-05T12:37:57.730+0000] {dag.py:3441} INFO - Setting next_dagrun for latest_only_with_trigger to 2023-03-05T08:37:57.730422+00:00, run_after=2023-03-05T12:37:57.730422+00:00
[2023-03-05T12:37:57.750+0000] {processor.py:175} INFO - Processing /home/airflow/.local/lib/python3.7/site-packages/airflow/example_dags/example_latest_only_with_trigger.py took 0.182 seconds
[2023-03-05T12:38:27.925+0000] {processor.py:153} INFO - Started process (PID=7634) to work on /home/airflow/.local/lib/python3.7/site-packages/airflow/example_dags/example_latest_only_with_trigger.py
[2023-03-05T12:38:27.929+0000] {processor.py:743} INFO - Processing file /home/airflow/.local/lib/python3.7/site-packages/airflow/example_dags/example_latest_only_with_trigger.py for tasks to queue
[2023-03-05T12:38:27.932+0000] {logging_mixin.py:137} INFO - [2023-03-05T12:38:27.931+0000] {dagbag.py:538} INFO - Filling up the DagBag from /home/airflow/.local/lib/python3.7/site-packages/airflow/example_dags/example_latest_only_with_trigger.py
[2023-03-05T12:38:27.980+0000] {processor.py:753} INFO - DAG(s) dict_keys(['latest_only_with_trigger']) retrieved from /home/airflow/.local/lib/python3.7/site-packages/airflow/example_dags/example_latest_only_with_trigger.py
[2023-03-05T12:38:28.052+0000] {logging_mixin.py:137} INFO - [2023-03-05T12:38:28.051+0000] {dag.py:2690} INFO - Sync 1 DAGs
[2023-03-05T12:38:28.092+0000] {logging_mixin.py:137} INFO - [2023-03-05T12:38:28.092+0000] {dag.py:3441} INFO - Setting next_dagrun for latest_only_with_trigger to 2023-03-05T08:38:28.092134+00:00, run_after=2023-03-05T12:38:28.092134+00:00
[2023-03-05T12:38:28.111+0000] {processor.py:175} INFO - Processing /home/airflow/.local/lib/python3.7/site-packages/airflow/example_dags/example_latest_only_with_trigger.py took 0.206 seconds
[2023-03-05T12:38:58.291+0000] {processor.py:153} INFO - Started process (PID=7697) to work on /home/airflow/.local/lib/python3.7/site-packages/airflow/example_dags/example_latest_only_with_trigger.py
[2023-03-05T12:38:58.294+0000] {processor.py:743} INFO - Processing file /home/airflow/.local/lib/python3.7/site-packages/airflow/example_dags/example_latest_only_with_trigger.py for tasks to queue
[2023-03-05T12:38:58.296+0000] {logging_mixin.py:137} INFO - [2023-03-05T12:38:58.296+0000] {dagbag.py:538} INFO - Filling up the DagBag from /home/airflow/.local/lib/python3.7/site-packages/airflow/example_dags/example_latest_only_with_trigger.py
[2023-03-05T12:38:58.319+0000] {processor.py:753} INFO - DAG(s) dict_keys(['latest_only_with_trigger']) retrieved from /home/airflow/.local/lib/python3.7/site-packages/airflow/example_dags/example_latest_only_with_trigger.py
[2023-03-05T12:38:58.363+0000] {logging_mixin.py:137} INFO - [2023-03-05T12:38:58.363+0000] {dag.py:2690} INFO - Sync 1 DAGs
[2023-03-05T12:38:58.404+0000] {logging_mixin.py:137} INFO - [2023-03-05T12:38:58.404+0000] {dag.py:3441} INFO - Setting next_dagrun for latest_only_with_trigger to 2023-03-05T08:38:58.403991+00:00, run_after=2023-03-05T12:38:58.403991+00:00
[2023-03-05T12:38:58.424+0000] {processor.py:175} INFO - Processing /home/airflow/.local/lib/python3.7/site-packages/airflow/example_dags/example_latest_only_with_trigger.py took 0.149 seconds
[2023-03-05T12:39:29.192+0000] {processor.py:153} INFO - Started process (PID=7758) to work on /home/airflow/.local/lib/python3.7/site-packages/airflow/example_dags/example_latest_only_with_trigger.py
[2023-03-05T12:39:29.195+0000] {processor.py:743} INFO - Processing file /home/airflow/.local/lib/python3.7/site-packages/airflow/example_dags/example_latest_only_with_trigger.py for tasks to queue
[2023-03-05T12:39:29.197+0000] {logging_mixin.py:137} INFO - [2023-03-05T12:39:29.196+0000] {dagbag.py:538} INFO - Filling up the DagBag from /home/airflow/.local/lib/python3.7/site-packages/airflow/example_dags/example_latest_only_with_trigger.py
[2023-03-05T12:39:29.218+0000] {processor.py:753} INFO - DAG(s) dict_keys(['latest_only_with_trigger']) retrieved from /home/airflow/.local/lib/python3.7/site-packages/airflow/example_dags/example_latest_only_with_trigger.py
[2023-03-05T12:39:29.248+0000] {logging_mixin.py:137} INFO - [2023-03-05T12:39:29.248+0000] {dag.py:2690} INFO - Sync 1 DAGs
[2023-03-05T12:39:29.266+0000] {logging_mixin.py:137} INFO - [2023-03-05T12:39:29.266+0000] {dag.py:3441} INFO - Setting next_dagrun for latest_only_with_trigger to 2023-03-05T08:39:29.266582+00:00, run_after=2023-03-05T12:39:29.266582+00:00
[2023-03-05T12:39:29.279+0000] {processor.py:175} INFO - Processing /home/airflow/.local/lib/python3.7/site-packages/airflow/example_dags/example_latest_only_with_trigger.py took 0.094 seconds
[2023-03-05T12:40:00.214+0000] {processor.py:153} INFO - Started process (PID=7826) to work on /home/airflow/.local/lib/python3.7/site-packages/airflow/example_dags/example_latest_only_with_trigger.py
[2023-03-05T12:40:00.224+0000] {processor.py:743} INFO - Processing file /home/airflow/.local/lib/python3.7/site-packages/airflow/example_dags/example_latest_only_with_trigger.py for tasks to queue
[2023-03-05T12:40:00.230+0000] {logging_mixin.py:137} INFO - [2023-03-05T12:40:00.230+0000] {dagbag.py:538} INFO - Filling up the DagBag from /home/airflow/.local/lib/python3.7/site-packages/airflow/example_dags/example_latest_only_with_trigger.py
[2023-03-05T12:40:00.287+0000] {processor.py:753} INFO - DAG(s) dict_keys(['latest_only_with_trigger']) retrieved from /home/airflow/.local/lib/python3.7/site-packages/airflow/example_dags/example_latest_only_with_trigger.py
[2023-03-05T12:40:00.361+0000] {logging_mixin.py:137} INFO - [2023-03-05T12:40:00.361+0000] {dag.py:2690} INFO - Sync 1 DAGs
[2023-03-05T12:40:00.403+0000] {logging_mixin.py:137} INFO - [2023-03-05T12:40:00.403+0000] {dag.py:3441} INFO - Setting next_dagrun for latest_only_with_trigger to 2023-03-05T08:40:00.402793+00:00, run_after=2023-03-05T12:40:00.402793+00:00
[2023-03-05T12:40:00.437+0000] {processor.py:175} INFO - Processing /home/airflow/.local/lib/python3.7/site-packages/airflow/example_dags/example_latest_only_with_trigger.py took 0.243 seconds
[2023-03-05T12:40:31.431+0000] {processor.py:153} INFO - Started process (PID=7895) to work on /home/airflow/.local/lib/python3.7/site-packages/airflow/example_dags/example_latest_only_with_trigger.py
[2023-03-05T12:40:31.462+0000] {processor.py:743} INFO - Processing file /home/airflow/.local/lib/python3.7/site-packages/airflow/example_dags/example_latest_only_with_trigger.py for tasks to queue
[2023-03-05T12:40:31.469+0000] {logging_mixin.py:137} INFO - [2023-03-05T12:40:31.469+0000] {dagbag.py:538} INFO - Filling up the DagBag from /home/airflow/.local/lib/python3.7/site-packages/airflow/example_dags/example_latest_only_with_trigger.py
[2023-03-05T12:40:31.774+0000] {processor.py:753} INFO - DAG(s) dict_keys(['latest_only_with_trigger']) retrieved from /home/airflow/.local/lib/python3.7/site-packages/airflow/example_dags/example_latest_only_with_trigger.py
[2023-03-05T12:40:31.878+0000] {logging_mixin.py:137} INFO - [2023-03-05T12:40:31.878+0000] {dag.py:2690} INFO - Sync 1 DAGs
[2023-03-05T12:40:31.920+0000] {logging_mixin.py:137} INFO - [2023-03-05T12:40:31.920+0000] {dag.py:3441} INFO - Setting next_dagrun for latest_only_with_trigger to 2023-03-05T08:40:31.920064+00:00, run_after=2023-03-05T12:40:31.920064+00:00
[2023-03-05T12:40:31.940+0000] {processor.py:175} INFO - Processing /home/airflow/.local/lib/python3.7/site-packages/airflow/example_dags/example_latest_only_with_trigger.py took 0.606 seconds
[2023-03-05T12:41:02.675+0000] {processor.py:153} INFO - Started process (PID=7968) to work on /home/airflow/.local/lib/python3.7/site-packages/airflow/example_dags/example_latest_only_with_trigger.py
[2023-03-05T12:41:02.678+0000] {processor.py:743} INFO - Processing file /home/airflow/.local/lib/python3.7/site-packages/airflow/example_dags/example_latest_only_with_trigger.py for tasks to queue
[2023-03-05T12:41:02.683+0000] {logging_mixin.py:137} INFO - [2023-03-05T12:41:02.682+0000] {dagbag.py:538} INFO - Filling up the DagBag from /home/airflow/.local/lib/python3.7/site-packages/airflow/example_dags/example_latest_only_with_trigger.py
[2023-03-05T12:41:02.847+0000] {processor.py:753} INFO - DAG(s) dict_keys(['latest_only_with_trigger']) retrieved from /home/airflow/.local/lib/python3.7/site-packages/airflow/example_dags/example_latest_only_with_trigger.py
[2023-03-05T12:41:03.030+0000] {logging_mixin.py:137} INFO - [2023-03-05T12:41:03.029+0000] {dag.py:2690} INFO - Sync 1 DAGs
[2023-03-05T12:41:03.165+0000] {logging_mixin.py:137} INFO - [2023-03-05T12:41:03.164+0000] {dag.py:3441} INFO - Setting next_dagrun for latest_only_with_trigger to 2023-03-05T08:41:03.162911+00:00, run_after=2023-03-05T12:41:03.162911+00:00
[2023-03-05T12:41:03.256+0000] {processor.py:175} INFO - Processing /home/airflow/.local/lib/python3.7/site-packages/airflow/example_dags/example_latest_only_with_trigger.py took 0.607 seconds
[2023-03-05T12:41:33.728+0000] {processor.py:153} INFO - Started process (PID=8021) to work on /home/airflow/.local/lib/python3.7/site-packages/airflow/example_dags/example_latest_only_with_trigger.py
[2023-03-05T12:41:33.737+0000] {processor.py:743} INFO - Processing file /home/airflow/.local/lib/python3.7/site-packages/airflow/example_dags/example_latest_only_with_trigger.py for tasks to queue
[2023-03-05T12:41:33.739+0000] {logging_mixin.py:137} INFO - [2023-03-05T12:41:33.738+0000] {dagbag.py:538} INFO - Filling up the DagBag from /home/airflow/.local/lib/python3.7/site-packages/airflow/example_dags/example_latest_only_with_trigger.py
[2023-03-05T12:41:33.781+0000] {processor.py:753} INFO - DAG(s) dict_keys(['latest_only_with_trigger']) retrieved from /home/airflow/.local/lib/python3.7/site-packages/airflow/example_dags/example_latest_only_with_trigger.py
[2023-03-05T12:41:33.862+0000] {logging_mixin.py:137} INFO - [2023-03-05T12:41:33.862+0000] {dag.py:2690} INFO - Sync 1 DAGs
[2023-03-05T12:41:33.899+0000] {logging_mixin.py:137} INFO - [2023-03-05T12:41:33.898+0000] {dag.py:3441} INFO - Setting next_dagrun for latest_only_with_trigger to 2023-03-05T08:41:33.896381+00:00, run_after=2023-03-05T12:41:33.896381+00:00
[2023-03-05T12:41:33.930+0000] {processor.py:175} INFO - Processing /home/airflow/.local/lib/python3.7/site-packages/airflow/example_dags/example_latest_only_with_trigger.py took 0.210 seconds
[2023-03-05T12:42:04.467+0000] {processor.py:153} INFO - Started process (PID=8084) to work on /home/airflow/.local/lib/python3.7/site-packages/airflow/example_dags/example_latest_only_with_trigger.py
[2023-03-05T12:42:04.470+0000] {processor.py:743} INFO - Processing file /home/airflow/.local/lib/python3.7/site-packages/airflow/example_dags/example_latest_only_with_trigger.py for tasks to queue
[2023-03-05T12:42:04.472+0000] {logging_mixin.py:137} INFO - [2023-03-05T12:42:04.472+0000] {dagbag.py:538} INFO - Filling up the DagBag from /home/airflow/.local/lib/python3.7/site-packages/airflow/example_dags/example_latest_only_with_trigger.py
[2023-03-05T12:42:04.492+0000] {processor.py:753} INFO - DAG(s) dict_keys(['latest_only_with_trigger']) retrieved from /home/airflow/.local/lib/python3.7/site-packages/airflow/example_dags/example_latest_only_with_trigger.py
[2023-03-05T12:42:04.518+0000] {logging_mixin.py:137} INFO - [2023-03-05T12:42:04.518+0000] {dag.py:2690} INFO - Sync 1 DAGs
[2023-03-05T12:42:04.535+0000] {logging_mixin.py:137} INFO - [2023-03-05T12:42:04.535+0000] {dag.py:3441} INFO - Setting next_dagrun for latest_only_with_trigger to 2023-03-05T08:42:04.535005+00:00, run_after=2023-03-05T12:42:04.535005+00:00
[2023-03-05T12:42:04.547+0000] {processor.py:175} INFO - Processing /home/airflow/.local/lib/python3.7/site-packages/airflow/example_dags/example_latest_only_with_trigger.py took 0.087 seconds
[2023-03-05T12:42:34.698+0000] {processor.py:153} INFO - Started process (PID=8155) to work on /home/airflow/.local/lib/python3.7/site-packages/airflow/example_dags/example_latest_only_with_trigger.py
[2023-03-05T12:42:34.700+0000] {processor.py:743} INFO - Processing file /home/airflow/.local/lib/python3.7/site-packages/airflow/example_dags/example_latest_only_with_trigger.py for tasks to queue
[2023-03-05T12:42:34.701+0000] {logging_mixin.py:137} INFO - [2023-03-05T12:42:34.701+0000] {dagbag.py:538} INFO - Filling up the DagBag from /home/airflow/.local/lib/python3.7/site-packages/airflow/example_dags/example_latest_only_with_trigger.py
[2023-03-05T12:42:34.724+0000] {processor.py:753} INFO - DAG(s) dict_keys(['latest_only_with_trigger']) retrieved from /home/airflow/.local/lib/python3.7/site-packages/airflow/example_dags/example_latest_only_with_trigger.py
[2023-03-05T12:42:34.817+0000] {logging_mixin.py:137} INFO - [2023-03-05T12:42:34.817+0000] {dag.py:2690} INFO - Sync 1 DAGs
[2023-03-05T12:42:34.963+0000] {logging_mixin.py:137} INFO - [2023-03-05T12:42:34.962+0000] {dag.py:3441} INFO - Setting next_dagrun for latest_only_with_trigger to 2023-03-05T08:42:34.962197+00:00, run_after=2023-03-05T12:42:34.962197+00:00
[2023-03-05T12:42:35.081+0000] {processor.py:175} INFO - Processing /home/airflow/.local/lib/python3.7/site-packages/airflow/example_dags/example_latest_only_with_trigger.py took 0.390 seconds
[2023-03-05T12:43:06.438+0000] {processor.py:153} INFO - Started process (PID=8208) to work on /home/airflow/.local/lib/python3.7/site-packages/airflow/example_dags/example_latest_only_with_trigger.py
[2023-03-05T12:43:06.443+0000] {processor.py:743} INFO - Processing file /home/airflow/.local/lib/python3.7/site-packages/airflow/example_dags/example_latest_only_with_trigger.py for tasks to queue
[2023-03-05T12:43:06.447+0000] {logging_mixin.py:137} INFO - [2023-03-05T12:43:06.447+0000] {dagbag.py:538} INFO - Filling up the DagBag from /home/airflow/.local/lib/python3.7/site-packages/airflow/example_dags/example_latest_only_with_trigger.py
[2023-03-05T12:43:06.505+0000] {processor.py:753} INFO - DAG(s) dict_keys(['latest_only_with_trigger']) retrieved from /home/airflow/.local/lib/python3.7/site-packages/airflow/example_dags/example_latest_only_with_trigger.py
[2023-03-05T12:43:06.577+0000] {logging_mixin.py:137} INFO - [2023-03-05T12:43:06.577+0000] {dag.py:2690} INFO - Sync 1 DAGs
[2023-03-05T12:43:06.628+0000] {logging_mixin.py:137} INFO - [2023-03-05T12:43:06.628+0000] {dag.py:3441} INFO - Setting next_dagrun for latest_only_with_trigger to 2023-03-05T08:43:06.624800+00:00, run_after=2023-03-05T12:43:06.624800+00:00
[2023-03-05T12:43:06.673+0000] {processor.py:175} INFO - Processing /home/airflow/.local/lib/python3.7/site-packages/airflow/example_dags/example_latest_only_with_trigger.py took 0.266 seconds
[2023-03-05T12:43:39.133+0000] {processor.py:153} INFO - Started process (PID=8271) to work on /home/airflow/.local/lib/python3.7/site-packages/airflow/example_dags/example_latest_only_with_trigger.py
[2023-03-05T12:43:39.143+0000] {processor.py:743} INFO - Processing file /home/airflow/.local/lib/python3.7/site-packages/airflow/example_dags/example_latest_only_with_trigger.py for tasks to queue
[2023-03-05T12:43:39.161+0000] {logging_mixin.py:137} INFO - [2023-03-05T12:43:39.159+0000] {dagbag.py:538} INFO - Filling up the DagBag from /home/airflow/.local/lib/python3.7/site-packages/airflow/example_dags/example_latest_only_with_trigger.py
[2023-03-05T12:43:39.242+0000] {processor.py:753} INFO - DAG(s) dict_keys(['latest_only_with_trigger']) retrieved from /home/airflow/.local/lib/python3.7/site-packages/airflow/example_dags/example_latest_only_with_trigger.py
[2023-03-05T12:43:39.306+0000] {logging_mixin.py:137} INFO - [2023-03-05T12:43:39.306+0000] {dag.py:2690} INFO - Sync 1 DAGs
[2023-03-05T12:43:39.351+0000] {logging_mixin.py:137} INFO - [2023-03-05T12:43:39.351+0000] {dag.py:3441} INFO - Setting next_dagrun for latest_only_with_trigger to 2023-03-05T08:43:39.350708+00:00, run_after=2023-03-05T12:43:39.350708+00:00
[2023-03-05T12:43:39.375+0000] {processor.py:175} INFO - Processing /home/airflow/.local/lib/python3.7/site-packages/airflow/example_dags/example_latest_only_with_trigger.py took 0.251 seconds
[2023-03-05T12:44:12.281+0000] {processor.py:153} INFO - Started process (PID=8330) to work on /home/airflow/.local/lib/python3.7/site-packages/airflow/example_dags/example_latest_only_with_trigger.py
[2023-03-05T12:44:12.286+0000] {processor.py:743} INFO - Processing file /home/airflow/.local/lib/python3.7/site-packages/airflow/example_dags/example_latest_only_with_trigger.py for tasks to queue
[2023-03-05T12:44:12.290+0000] {logging_mixin.py:137} INFO - [2023-03-05T12:44:12.290+0000] {dagbag.py:538} INFO - Filling up the DagBag from /home/airflow/.local/lib/python3.7/site-packages/airflow/example_dags/example_latest_only_with_trigger.py
[2023-03-05T12:44:12.403+0000] {processor.py:753} INFO - DAG(s) dict_keys(['latest_only_with_trigger']) retrieved from /home/airflow/.local/lib/python3.7/site-packages/airflow/example_dags/example_latest_only_with_trigger.py
[2023-03-05T12:44:12.651+0000] {logging_mixin.py:137} INFO - [2023-03-05T12:44:12.651+0000] {dag.py:2690} INFO - Sync 1 DAGs
[2023-03-05T12:44:12.814+0000] {logging_mixin.py:137} INFO - [2023-03-05T12:44:12.813+0000] {dag.py:3441} INFO - Setting next_dagrun for latest_only_with_trigger to 2023-03-05T08:44:12.812659+00:00, run_after=2023-03-05T12:44:12.812659+00:00
[2023-03-05T12:44:12.899+0000] {processor.py:175} INFO - Processing /home/airflow/.local/lib/python3.7/site-packages/airflow/example_dags/example_latest_only_with_trigger.py took 0.636 seconds
[2023-03-05T12:44:43.421+0000] {processor.py:153} INFO - Started process (PID=8396) to work on /home/airflow/.local/lib/python3.7/site-packages/airflow/example_dags/example_latest_only_with_trigger.py
[2023-03-05T12:44:43.426+0000] {processor.py:743} INFO - Processing file /home/airflow/.local/lib/python3.7/site-packages/airflow/example_dags/example_latest_only_with_trigger.py for tasks to queue
[2023-03-05T12:44:43.428+0000] {logging_mixin.py:137} INFO - [2023-03-05T12:44:43.428+0000] {dagbag.py:538} INFO - Filling up the DagBag from /home/airflow/.local/lib/python3.7/site-packages/airflow/example_dags/example_latest_only_with_trigger.py
[2023-03-05T12:44:43.465+0000] {processor.py:753} INFO - DAG(s) dict_keys(['latest_only_with_trigger']) retrieved from /home/airflow/.local/lib/python3.7/site-packages/airflow/example_dags/example_latest_only_with_trigger.py
[2023-03-05T12:44:43.552+0000] {logging_mixin.py:137} INFO - [2023-03-05T12:44:43.552+0000] {dag.py:2690} INFO - Sync 1 DAGs
[2023-03-05T12:44:43.604+0000] {logging_mixin.py:137} INFO - [2023-03-05T12:44:43.604+0000] {dag.py:3441} INFO - Setting next_dagrun for latest_only_with_trigger to 2023-03-05T08:44:43.604141+00:00, run_after=2023-03-05T12:44:43.604141+00:00
[2023-03-05T12:44:43.671+0000] {processor.py:175} INFO - Processing /home/airflow/.local/lib/python3.7/site-packages/airflow/example_dags/example_latest_only_with_trigger.py took 0.259 seconds
[2023-03-05T12:45:14.516+0000] {processor.py:153} INFO - Started process (PID=8458) to work on /home/airflow/.local/lib/python3.7/site-packages/airflow/example_dags/example_latest_only_with_trigger.py
[2023-03-05T12:45:14.519+0000] {processor.py:743} INFO - Processing file /home/airflow/.local/lib/python3.7/site-packages/airflow/example_dags/example_latest_only_with_trigger.py for tasks to queue
[2023-03-05T12:45:14.520+0000] {logging_mixin.py:137} INFO - [2023-03-05T12:45:14.519+0000] {dagbag.py:538} INFO - Filling up the DagBag from /home/airflow/.local/lib/python3.7/site-packages/airflow/example_dags/example_latest_only_with_trigger.py
[2023-03-05T12:45:14.550+0000] {processor.py:753} INFO - DAG(s) dict_keys(['latest_only_with_trigger']) retrieved from /home/airflow/.local/lib/python3.7/site-packages/airflow/example_dags/example_latest_only_with_trigger.py
[2023-03-05T12:45:14.584+0000] {logging_mixin.py:137} INFO - [2023-03-05T12:45:14.584+0000] {dag.py:2690} INFO - Sync 1 DAGs
[2023-03-05T12:45:14.618+0000] {logging_mixin.py:137} INFO - [2023-03-05T12:45:14.617+0000] {dag.py:3441} INFO - Setting next_dagrun for latest_only_with_trigger to 2023-03-05T08:45:14.617649+00:00, run_after=2023-03-05T12:45:14.617649+00:00
[2023-03-05T12:45:14.636+0000] {processor.py:175} INFO - Processing /home/airflow/.local/lib/python3.7/site-packages/airflow/example_dags/example_latest_only_with_trigger.py took 0.125 seconds
[2023-03-05T12:45:45.076+0000] {processor.py:153} INFO - Started process (PID=8521) to work on /home/airflow/.local/lib/python3.7/site-packages/airflow/example_dags/example_latest_only_with_trigger.py
[2023-03-05T12:45:45.079+0000] {processor.py:743} INFO - Processing file /home/airflow/.local/lib/python3.7/site-packages/airflow/example_dags/example_latest_only_with_trigger.py for tasks to queue
[2023-03-05T12:45:45.081+0000] {logging_mixin.py:137} INFO - [2023-03-05T12:45:45.080+0000] {dagbag.py:538} INFO - Filling up the DagBag from /home/airflow/.local/lib/python3.7/site-packages/airflow/example_dags/example_latest_only_with_trigger.py
[2023-03-05T12:45:45.132+0000] {processor.py:753} INFO - DAG(s) dict_keys(['latest_only_with_trigger']) retrieved from /home/airflow/.local/lib/python3.7/site-packages/airflow/example_dags/example_latest_only_with_trigger.py
[2023-03-05T12:45:45.209+0000] {logging_mixin.py:137} INFO - [2023-03-05T12:45:45.209+0000] {dag.py:2690} INFO - Sync 1 DAGs
[2023-03-05T12:45:45.260+0000] {logging_mixin.py:137} INFO - [2023-03-05T12:45:45.260+0000] {dag.py:3441} INFO - Setting next_dagrun for latest_only_with_trigger to 2023-03-05T08:45:45.259795+00:00, run_after=2023-03-05T12:45:45.259795+00:00
[2023-03-05T12:45:45.299+0000] {processor.py:175} INFO - Processing /home/airflow/.local/lib/python3.7/site-packages/airflow/example_dags/example_latest_only_with_trigger.py took 0.233 seconds
[2023-03-05T12:46:15.844+0000] {processor.py:153} INFO - Started process (PID=8596) to work on /home/airflow/.local/lib/python3.7/site-packages/airflow/example_dags/example_latest_only_with_trigger.py
[2023-03-05T12:46:15.848+0000] {processor.py:743} INFO - Processing file /home/airflow/.local/lib/python3.7/site-packages/airflow/example_dags/example_latest_only_with_trigger.py for tasks to queue
[2023-03-05T12:46:15.851+0000] {logging_mixin.py:137} INFO - [2023-03-05T12:46:15.851+0000] {dagbag.py:538} INFO - Filling up the DagBag from /home/airflow/.local/lib/python3.7/site-packages/airflow/example_dags/example_latest_only_with_trigger.py
[2023-03-05T12:46:15.942+0000] {processor.py:753} INFO - DAG(s) dict_keys(['latest_only_with_trigger']) retrieved from /home/airflow/.local/lib/python3.7/site-packages/airflow/example_dags/example_latest_only_with_trigger.py
[2023-03-05T12:46:16.033+0000] {logging_mixin.py:137} INFO - [2023-03-05T12:46:16.033+0000] {dag.py:2690} INFO - Sync 1 DAGs
[2023-03-05T12:46:16.079+0000] {logging_mixin.py:137} INFO - [2023-03-05T12:46:16.079+0000] {dag.py:3441} INFO - Setting next_dagrun for latest_only_with_trigger to 2023-03-05T08:46:16.076698+00:00, run_after=2023-03-05T12:46:16.076698+00:00
[2023-03-05T12:46:16.122+0000] {processor.py:175} INFO - Processing /home/airflow/.local/lib/python3.7/site-packages/airflow/example_dags/example_latest_only_with_trigger.py took 0.303 seconds
[2023-03-05T12:46:46.282+0000] {processor.py:153} INFO - Started process (PID=8659) to work on /home/airflow/.local/lib/python3.7/site-packages/airflow/example_dags/example_latest_only_with_trigger.py
[2023-03-05T12:46:46.286+0000] {processor.py:743} INFO - Processing file /home/airflow/.local/lib/python3.7/site-packages/airflow/example_dags/example_latest_only_with_trigger.py for tasks to queue
[2023-03-05T12:46:46.287+0000] {logging_mixin.py:137} INFO - [2023-03-05T12:46:46.287+0000] {dagbag.py:538} INFO - Filling up the DagBag from /home/airflow/.local/lib/python3.7/site-packages/airflow/example_dags/example_latest_only_with_trigger.py
[2023-03-05T12:46:46.348+0000] {processor.py:753} INFO - DAG(s) dict_keys(['latest_only_with_trigger']) retrieved from /home/airflow/.local/lib/python3.7/site-packages/airflow/example_dags/example_latest_only_with_trigger.py
[2023-03-05T12:46:46.529+0000] {logging_mixin.py:137} INFO - [2023-03-05T12:46:46.529+0000] {dag.py:2690} INFO - Sync 1 DAGs
[2023-03-05T12:46:46.654+0000] {logging_mixin.py:137} INFO - [2023-03-05T12:46:46.651+0000] {dag.py:3441} INFO - Setting next_dagrun for latest_only_with_trigger to 2023-03-05T08:46:46.650767+00:00, run_after=2023-03-05T12:46:46.650767+00:00
[2023-03-05T12:46:46.686+0000] {processor.py:175} INFO - Processing /home/airflow/.local/lib/python3.7/site-packages/airflow/example_dags/example_latest_only_with_trigger.py took 0.414 seconds
[2023-03-05T12:47:17.305+0000] {processor.py:153} INFO - Started process (PID=8735) to work on /home/airflow/.local/lib/python3.7/site-packages/airflow/example_dags/example_latest_only_with_trigger.py
[2023-03-05T12:47:17.311+0000] {processor.py:743} INFO - Processing file /home/airflow/.local/lib/python3.7/site-packages/airflow/example_dags/example_latest_only_with_trigger.py for tasks to queue
[2023-03-05T12:47:17.315+0000] {logging_mixin.py:137} INFO - [2023-03-05T12:47:17.314+0000] {dagbag.py:538} INFO - Filling up the DagBag from /home/airflow/.local/lib/python3.7/site-packages/airflow/example_dags/example_latest_only_with_trigger.py
[2023-03-05T12:47:17.358+0000] {processor.py:753} INFO - DAG(s) dict_keys(['latest_only_with_trigger']) retrieved from /home/airflow/.local/lib/python3.7/site-packages/airflow/example_dags/example_latest_only_with_trigger.py
[2023-03-05T12:47:17.397+0000] {logging_mixin.py:137} INFO - [2023-03-05T12:47:17.397+0000] {dag.py:2690} INFO - Sync 1 DAGs
[2023-03-05T12:47:17.431+0000] {logging_mixin.py:137} INFO - [2023-03-05T12:47:17.431+0000] {dag.py:3441} INFO - Setting next_dagrun for latest_only_with_trigger to 2023-03-05T08:47:17.431284+00:00, run_after=2023-03-05T12:47:17.431284+00:00
[2023-03-05T12:47:17.469+0000] {processor.py:175} INFO - Processing /home/airflow/.local/lib/python3.7/site-packages/airflow/example_dags/example_latest_only_with_trigger.py took 0.174 seconds
[2023-03-05T12:47:48.458+0000] {processor.py:153} INFO - Started process (PID=8796) to work on /home/airflow/.local/lib/python3.7/site-packages/airflow/example_dags/example_latest_only_with_trigger.py
[2023-03-05T12:47:48.460+0000] {processor.py:743} INFO - Processing file /home/airflow/.local/lib/python3.7/site-packages/airflow/example_dags/example_latest_only_with_trigger.py for tasks to queue
[2023-03-05T12:47:48.462+0000] {logging_mixin.py:137} INFO - [2023-03-05T12:47:48.461+0000] {dagbag.py:538} INFO - Filling up the DagBag from /home/airflow/.local/lib/python3.7/site-packages/airflow/example_dags/example_latest_only_with_trigger.py
[2023-03-05T12:47:48.480+0000] {processor.py:753} INFO - DAG(s) dict_keys(['latest_only_with_trigger']) retrieved from /home/airflow/.local/lib/python3.7/site-packages/airflow/example_dags/example_latest_only_with_trigger.py
[2023-03-05T12:47:48.507+0000] {logging_mixin.py:137} INFO - [2023-03-05T12:47:48.507+0000] {dag.py:2690} INFO - Sync 1 DAGs
[2023-03-05T12:47:48.531+0000] {logging_mixin.py:137} INFO - [2023-03-05T12:47:48.530+0000] {dag.py:3441} INFO - Setting next_dagrun for latest_only_with_trigger to 2023-03-05T08:47:48.530438+00:00, run_after=2023-03-05T12:47:48.530438+00:00
[2023-03-05T12:47:48.547+0000] {processor.py:175} INFO - Processing /home/airflow/.local/lib/python3.7/site-packages/airflow/example_dags/example_latest_only_with_trigger.py took 0.096 seconds
[2023-03-05T12:48:18.670+0000] {processor.py:153} INFO - Started process (PID=8872) to work on /home/airflow/.local/lib/python3.7/site-packages/airflow/example_dags/example_latest_only_with_trigger.py
[2023-03-05T12:48:18.674+0000] {processor.py:743} INFO - Processing file /home/airflow/.local/lib/python3.7/site-packages/airflow/example_dags/example_latest_only_with_trigger.py for tasks to queue
[2023-03-05T12:48:18.679+0000] {logging_mixin.py:137} INFO - [2023-03-05T12:48:18.679+0000] {dagbag.py:538} INFO - Filling up the DagBag from /home/airflow/.local/lib/python3.7/site-packages/airflow/example_dags/example_latest_only_with_trigger.py
[2023-03-05T12:48:18.728+0000] {processor.py:753} INFO - DAG(s) dict_keys(['latest_only_with_trigger']) retrieved from /home/airflow/.local/lib/python3.7/site-packages/airflow/example_dags/example_latest_only_with_trigger.py
[2023-03-05T12:48:18.838+0000] {logging_mixin.py:137} INFO - [2023-03-05T12:48:18.838+0000] {dag.py:2690} INFO - Sync 1 DAGs
[2023-03-05T12:48:18.868+0000] {logging_mixin.py:137} INFO - [2023-03-05T12:48:18.867+0000] {dag.py:3441} INFO - Setting next_dagrun for latest_only_with_trigger to 2023-03-05T08:48:18.866522+00:00, run_after=2023-03-05T12:48:18.866522+00:00
[2023-03-05T12:48:18.900+0000] {processor.py:175} INFO - Processing /home/airflow/.local/lib/python3.7/site-packages/airflow/example_dags/example_latest_only_with_trigger.py took 0.260 seconds
[2023-03-05T13:00:14.342+0000] {processor.py:153} INFO - Started process (PID=204) to work on /home/airflow/.local/lib/python3.7/site-packages/airflow/example_dags/example_latest_only_with_trigger.py
[2023-03-05T13:00:14.344+0000] {processor.py:743} INFO - Processing file /home/airflow/.local/lib/python3.7/site-packages/airflow/example_dags/example_latest_only_with_trigger.py for tasks to queue
[2023-03-05T13:00:14.345+0000] {logging_mixin.py:137} INFO - [2023-03-05T13:00:14.345+0000] {dagbag.py:538} INFO - Filling up the DagBag from /home/airflow/.local/lib/python3.7/site-packages/airflow/example_dags/example_latest_only_with_trigger.py
[2023-03-05T13:00:14.377+0000] {processor.py:753} INFO - DAG(s) dict_keys(['latest_only_with_trigger']) retrieved from /home/airflow/.local/lib/python3.7/site-packages/airflow/example_dags/example_latest_only_with_trigger.py
[2023-03-05T13:00:14.407+0000] {logging_mixin.py:137} INFO - [2023-03-05T13:00:14.407+0000] {dag.py:2690} INFO - Sync 1 DAGs
[2023-03-05T13:00:14.427+0000] {logging_mixin.py:137} INFO - [2023-03-05T13:00:14.427+0000] {dag.py:3441} INFO - Setting next_dagrun for latest_only_with_trigger to 2023-03-05T09:00:14.427075+00:00, run_after=2023-03-05T13:00:14.427075+00:00
[2023-03-05T13:00:14.441+0000] {processor.py:175} INFO - Processing /home/airflow/.local/lib/python3.7/site-packages/airflow/example_dags/example_latest_only_with_trigger.py took 0.102 seconds
[2023-03-05T13:00:44.842+0000] {processor.py:153} INFO - Started process (PID=440) to work on /home/airflow/.local/lib/python3.7/site-packages/airflow/example_dags/example_latest_only_with_trigger.py
[2023-03-05T13:00:44.843+0000] {processor.py:743} INFO - Processing file /home/airflow/.local/lib/python3.7/site-packages/airflow/example_dags/example_latest_only_with_trigger.py for tasks to queue
[2023-03-05T13:00:44.844+0000] {logging_mixin.py:137} INFO - [2023-03-05T13:00:44.844+0000] {dagbag.py:538} INFO - Filling up the DagBag from /home/airflow/.local/lib/python3.7/site-packages/airflow/example_dags/example_latest_only_with_trigger.py
[2023-03-05T13:00:44.854+0000] {processor.py:753} INFO - DAG(s) dict_keys(['latest_only_with_trigger']) retrieved from /home/airflow/.local/lib/python3.7/site-packages/airflow/example_dags/example_latest_only_with_trigger.py
[2023-03-05T13:00:44.874+0000] {logging_mixin.py:137} INFO - [2023-03-05T13:00:44.874+0000] {dag.py:2690} INFO - Sync 1 DAGs
[2023-03-05T13:00:44.891+0000] {logging_mixin.py:137} INFO - [2023-03-05T13:00:44.891+0000] {dag.py:3441} INFO - Setting next_dagrun for latest_only_with_trigger to 2023-03-05T09:00:44.890811+00:00, run_after=2023-03-05T13:00:44.890811+00:00
[2023-03-05T13:00:44.901+0000] {processor.py:175} INFO - Processing /home/airflow/.local/lib/python3.7/site-packages/airflow/example_dags/example_latest_only_with_trigger.py took 0.062 seconds
[2023-03-05T13:01:15.279+0000] {processor.py:153} INFO - Started process (PID=663) to work on /home/airflow/.local/lib/python3.7/site-packages/airflow/example_dags/example_latest_only_with_trigger.py
[2023-03-05T13:01:15.281+0000] {processor.py:743} INFO - Processing file /home/airflow/.local/lib/python3.7/site-packages/airflow/example_dags/example_latest_only_with_trigger.py for tasks to queue
[2023-03-05T13:01:15.282+0000] {logging_mixin.py:137} INFO - [2023-03-05T13:01:15.282+0000] {dagbag.py:538} INFO - Filling up the DagBag from /home/airflow/.local/lib/python3.7/site-packages/airflow/example_dags/example_latest_only_with_trigger.py
[2023-03-05T13:01:15.296+0000] {processor.py:753} INFO - DAG(s) dict_keys(['latest_only_with_trigger']) retrieved from /home/airflow/.local/lib/python3.7/site-packages/airflow/example_dags/example_latest_only_with_trigger.py
[2023-03-05T13:01:15.318+0000] {logging_mixin.py:137} INFO - [2023-03-05T13:01:15.318+0000] {dag.py:2690} INFO - Sync 1 DAGs
[2023-03-05T13:01:15.335+0000] {logging_mixin.py:137} INFO - [2023-03-05T13:01:15.335+0000] {dag.py:3441} INFO - Setting next_dagrun for latest_only_with_trigger to 2023-03-05T09:01:15.335726+00:00, run_after=2023-03-05T13:01:15.335726+00:00
[2023-03-05T13:01:15.347+0000] {processor.py:175} INFO - Processing /home/airflow/.local/lib/python3.7/site-packages/airflow/example_dags/example_latest_only_with_trigger.py took 0.071 seconds
[2023-03-05T13:01:46.422+0000] {processor.py:153} INFO - Started process (PID=898) to work on /home/airflow/.local/lib/python3.7/site-packages/airflow/example_dags/example_latest_only_with_trigger.py
[2023-03-05T13:01:46.423+0000] {processor.py:743} INFO - Processing file /home/airflow/.local/lib/python3.7/site-packages/airflow/example_dags/example_latest_only_with_trigger.py for tasks to queue
[2023-03-05T13:01:46.424+0000] {logging_mixin.py:137} INFO - [2023-03-05T13:01:46.424+0000] {dagbag.py:538} INFO - Filling up the DagBag from /home/airflow/.local/lib/python3.7/site-packages/airflow/example_dags/example_latest_only_with_trigger.py
[2023-03-05T13:01:46.435+0000] {processor.py:753} INFO - DAG(s) dict_keys(['latest_only_with_trigger']) retrieved from /home/airflow/.local/lib/python3.7/site-packages/airflow/example_dags/example_latest_only_with_trigger.py
[2023-03-05T13:01:46.456+0000] {logging_mixin.py:137} INFO - [2023-03-05T13:01:46.456+0000] {dag.py:2690} INFO - Sync 1 DAGs
[2023-03-05T13:01:46.472+0000] {logging_mixin.py:137} INFO - [2023-03-05T13:01:46.472+0000] {dag.py:3441} INFO - Setting next_dagrun for latest_only_with_trigger to 2023-03-05T09:01:46.471830+00:00, run_after=2023-03-05T13:01:46.471830+00:00
[2023-03-05T13:01:46.485+0000] {processor.py:175} INFO - Processing /home/airflow/.local/lib/python3.7/site-packages/airflow/example_dags/example_latest_only_with_trigger.py took 0.066 seconds
[2023-03-05T13:02:16.750+0000] {processor.py:153} INFO - Started process (PID=1124) to work on /home/airflow/.local/lib/python3.7/site-packages/airflow/example_dags/example_latest_only_with_trigger.py
[2023-03-05T13:02:16.752+0000] {processor.py:743} INFO - Processing file /home/airflow/.local/lib/python3.7/site-packages/airflow/example_dags/example_latest_only_with_trigger.py for tasks to queue
[2023-03-05T13:02:16.752+0000] {logging_mixin.py:137} INFO - [2023-03-05T13:02:16.752+0000] {dagbag.py:538} INFO - Filling up the DagBag from /home/airflow/.local/lib/python3.7/site-packages/airflow/example_dags/example_latest_only_with_trigger.py
[2023-03-05T13:02:16.762+0000] {processor.py:753} INFO - DAG(s) dict_keys(['latest_only_with_trigger']) retrieved from /home/airflow/.local/lib/python3.7/site-packages/airflow/example_dags/example_latest_only_with_trigger.py
[2023-03-05T13:02:16.781+0000] {logging_mixin.py:137} INFO - [2023-03-05T13:02:16.781+0000] {dag.py:2690} INFO - Sync 1 DAGs
[2023-03-05T13:02:16.799+0000] {logging_mixin.py:137} INFO - [2023-03-05T13:02:16.799+0000] {dag.py:3441} INFO - Setting next_dagrun for latest_only_with_trigger to 2023-03-05T09:02:16.798830+00:00, run_after=2023-03-05T13:02:16.798830+00:00
[2023-03-05T13:02:16.815+0000] {processor.py:175} INFO - Processing /home/airflow/.local/lib/python3.7/site-packages/airflow/example_dags/example_latest_only_with_trigger.py took 0.067 seconds
