[2023-03-05T00:38:21.129+0000] {processor.py:153} INFO - Started process (PID=6455) to work on /home/airflow/.local/lib/python3.7/site-packages/airflow/example_dags/example_subdag_operator.py
[2023-03-05T00:38:21.132+0000] {processor.py:743} INFO - Processing file /home/airflow/.local/lib/python3.7/site-packages/airflow/example_dags/example_subdag_operator.py for tasks to queue
[2023-03-05T00:38:21.158+0000] {logging_mixin.py:137} INFO - [2023-03-05T00:38:21.154+0000] {dagbag.py:538} INFO - Filling up the DagBag from /home/airflow/.local/lib/python3.7/site-packages/airflow/example_dags/example_subdag_operator.py
[2023-03-05T00:38:21.342+0000] {processor.py:753} INFO - DAG(s) dict_keys(['example_subdag_operator.section-1', 'example_subdag_operator.section-2', 'example_subdag_operator']) retrieved from /home/airflow/.local/lib/python3.7/site-packages/airflow/example_dags/example_subdag_operator.py
[2023-03-05T00:38:21.409+0000] {logging_mixin.py:137} INFO - [2023-03-05T00:38:21.409+0000] {dag.py:2690} INFO - Sync 3 DAGs
[2023-03-05T00:38:21.484+0000] {logging_mixin.py:137} INFO - [2023-03-05T00:38:21.483+0000] {dag.py:3441} INFO - Setting next_dagrun for example_subdag_operator to 2022-01-01T00:00:00+00:00, run_after=2022-01-01T00:00:00+00:00
[2023-03-05T00:38:21.491+0000] {logging_mixin.py:137} INFO - [2023-03-05T00:38:21.491+0000] {dag.py:3441} INFO - Setting next_dagrun for example_subdag_operator.section-1 to None, run_after=None
[2023-03-05T00:38:21.495+0000] {logging_mixin.py:137} INFO - [2023-03-05T00:38:21.495+0000] {dag.py:3441} INFO - Setting next_dagrun for example_subdag_operator.section-2 to None, run_after=None
[2023-03-05T00:38:21.512+0000] {logging_mixin.py:137} INFO - [2023-03-05T00:38:21.512+0000] {dag.py:2690} INFO - Sync 2 DAGs
[2023-03-05T00:38:21.528+0000] {logging_mixin.py:137} INFO - [2023-03-05T00:38:21.526+0000] {dag.py:3441} INFO - Setting next_dagrun for example_subdag_operator.section-1 to None, run_after=None
[2023-03-05T00:38:21.532+0000] {logging_mixin.py:137} INFO - [2023-03-05T00:38:21.531+0000] {dag.py:3441} INFO - Setting next_dagrun for example_subdag_operator.section-2 to None, run_after=None
[2023-03-05T00:38:22.204+0000] {processor.py:175} INFO - Processing /home/airflow/.local/lib/python3.7/site-packages/airflow/example_dags/example_subdag_operator.py took 1.033 seconds
[2023-03-05T01:37:00.867+0000] {processor.py:153} INFO - Started process (PID=6518) to work on /home/airflow/.local/lib/python3.7/site-packages/airflow/example_dags/example_subdag_operator.py
[2023-03-05T01:37:00.870+0000] {processor.py:743} INFO - Processing file /home/airflow/.local/lib/python3.7/site-packages/airflow/example_dags/example_subdag_operator.py for tasks to queue
[2023-03-05T01:37:00.871+0000] {logging_mixin.py:137} INFO - [2023-03-05T01:37:00.871+0000] {dagbag.py:538} INFO - Filling up the DagBag from /home/airflow/.local/lib/python3.7/site-packages/airflow/example_dags/example_subdag_operator.py
[2023-03-05T01:37:00.922+0000] {processor.py:753} INFO - DAG(s) dict_keys(['example_subdag_operator.section-1', 'example_subdag_operator.section-2', 'example_subdag_operator']) retrieved from /home/airflow/.local/lib/python3.7/site-packages/airflow/example_dags/example_subdag_operator.py
[2023-03-05T01:37:00.941+0000] {logging_mixin.py:137} INFO - [2023-03-05T01:37:00.941+0000] {dag.py:2690} INFO - Sync 3 DAGs
[2023-03-05T01:37:00.963+0000] {logging_mixin.py:137} INFO - [2023-03-05T01:37:00.963+0000] {dag.py:3441} INFO - Setting next_dagrun for example_subdag_operator to 2022-01-01T00:00:00+00:00, run_after=2022-01-01T00:00:00+00:00
[2023-03-05T01:37:00.969+0000] {logging_mixin.py:137} INFO - [2023-03-05T01:37:00.969+0000] {dag.py:3441} INFO - Setting next_dagrun for example_subdag_operator.section-1 to None, run_after=None
[2023-03-05T01:37:00.972+0000] {logging_mixin.py:137} INFO - [2023-03-05T01:37:00.971+0000] {dag.py:3441} INFO - Setting next_dagrun for example_subdag_operator.section-2 to None, run_after=None
[2023-03-05T01:37:00.979+0000] {logging_mixin.py:137} INFO - [2023-03-05T01:37:00.979+0000] {dag.py:2690} INFO - Sync 2 DAGs
[2023-03-05T01:37:00.985+0000] {logging_mixin.py:137} INFO - [2023-03-05T01:37:00.985+0000] {dag.py:3441} INFO - Setting next_dagrun for example_subdag_operator.section-1 to None, run_after=None
[2023-03-05T01:37:00.986+0000] {logging_mixin.py:137} INFO - [2023-03-05T01:37:00.986+0000] {dag.py:3441} INFO - Setting next_dagrun for example_subdag_operator.section-2 to None, run_after=None
[2023-03-05T01:37:00.994+0000] {processor.py:175} INFO - Processing /home/airflow/.local/lib/python3.7/site-packages/airflow/example_dags/example_subdag_operator.py took 0.134 seconds
[2023-03-05T02:44:37.974+0000] {processor.py:153} INFO - Started process (PID=6581) to work on /home/airflow/.local/lib/python3.7/site-packages/airflow/example_dags/example_subdag_operator.py
[2023-03-05T02:44:37.976+0000] {processor.py:743} INFO - Processing file /home/airflow/.local/lib/python3.7/site-packages/airflow/example_dags/example_subdag_operator.py for tasks to queue
[2023-03-05T02:44:37.978+0000] {logging_mixin.py:137} INFO - [2023-03-05T02:44:37.978+0000] {dagbag.py:538} INFO - Filling up the DagBag from /home/airflow/.local/lib/python3.7/site-packages/airflow/example_dags/example_subdag_operator.py
[2023-03-05T02:44:38.015+0000] {processor.py:753} INFO - DAG(s) dict_keys(['example_subdag_operator.section-1', 'example_subdag_operator.section-2', 'example_subdag_operator']) retrieved from /home/airflow/.local/lib/python3.7/site-packages/airflow/example_dags/example_subdag_operator.py
[2023-03-05T02:44:38.028+0000] {logging_mixin.py:137} INFO - [2023-03-05T02:44:38.028+0000] {dag.py:2690} INFO - Sync 3 DAGs
[2023-03-05T02:44:38.048+0000] {logging_mixin.py:137} INFO - [2023-03-05T02:44:38.047+0000] {dag.py:3441} INFO - Setting next_dagrun for example_subdag_operator to 2022-01-01T00:00:00+00:00, run_after=2022-01-01T00:00:00+00:00
[2023-03-05T02:44:38.050+0000] {logging_mixin.py:137} INFO - [2023-03-05T02:44:38.050+0000] {dag.py:3441} INFO - Setting next_dagrun for example_subdag_operator.section-1 to None, run_after=None
[2023-03-05T02:44:38.052+0000] {logging_mixin.py:137} INFO - [2023-03-05T02:44:38.052+0000] {dag.py:3441} INFO - Setting next_dagrun for example_subdag_operator.section-2 to None, run_after=None
[2023-03-05T02:44:38.057+0000] {logging_mixin.py:137} INFO - [2023-03-05T02:44:38.057+0000] {dag.py:2690} INFO - Sync 2 DAGs
[2023-03-05T02:44:38.061+0000] {logging_mixin.py:137} INFO - [2023-03-05T02:44:38.061+0000] {dag.py:3441} INFO - Setting next_dagrun for example_subdag_operator.section-1 to None, run_after=None
[2023-03-05T02:44:38.062+0000] {logging_mixin.py:137} INFO - [2023-03-05T02:44:38.061+0000] {dag.py:3441} INFO - Setting next_dagrun for example_subdag_operator.section-2 to None, run_after=None
[2023-03-05T02:44:38.068+0000] {processor.py:175} INFO - Processing /home/airflow/.local/lib/python3.7/site-packages/airflow/example_dags/example_subdag_operator.py took 0.099 seconds
[2023-03-05T03:59:40.350+0000] {processor.py:153} INFO - Started process (PID=6644) to work on /home/airflow/.local/lib/python3.7/site-packages/airflow/example_dags/example_subdag_operator.py
[2023-03-05T03:59:40.351+0000] {processor.py:743} INFO - Processing file /home/airflow/.local/lib/python3.7/site-packages/airflow/example_dags/example_subdag_operator.py for tasks to queue
[2023-03-05T03:59:40.352+0000] {logging_mixin.py:137} INFO - [2023-03-05T03:59:40.352+0000] {dagbag.py:538} INFO - Filling up the DagBag from /home/airflow/.local/lib/python3.7/site-packages/airflow/example_dags/example_subdag_operator.py
[2023-03-05T03:59:40.380+0000] {processor.py:753} INFO - DAG(s) dict_keys(['example_subdag_operator.section-1', 'example_subdag_operator.section-2', 'example_subdag_operator']) retrieved from /home/airflow/.local/lib/python3.7/site-packages/airflow/example_dags/example_subdag_operator.py
[2023-03-05T03:59:40.400+0000] {logging_mixin.py:137} INFO - [2023-03-05T03:59:40.400+0000] {dag.py:2690} INFO - Sync 3 DAGs
[2023-03-05T03:59:40.420+0000] {logging_mixin.py:137} INFO - [2023-03-05T03:59:40.419+0000] {dag.py:3441} INFO - Setting next_dagrun for example_subdag_operator to 2022-01-01T00:00:00+00:00, run_after=2022-01-01T00:00:00+00:00
[2023-03-05T03:59:40.423+0000] {logging_mixin.py:137} INFO - [2023-03-05T03:59:40.423+0000] {dag.py:3441} INFO - Setting next_dagrun for example_subdag_operator.section-1 to None, run_after=None
[2023-03-05T03:59:40.424+0000] {logging_mixin.py:137} INFO - [2023-03-05T03:59:40.424+0000] {dag.py:3441} INFO - Setting next_dagrun for example_subdag_operator.section-2 to None, run_after=None
[2023-03-05T03:59:40.429+0000] {logging_mixin.py:137} INFO - [2023-03-05T03:59:40.429+0000] {dag.py:2690} INFO - Sync 2 DAGs
[2023-03-05T03:59:40.432+0000] {logging_mixin.py:137} INFO - [2023-03-05T03:59:40.432+0000] {dag.py:3441} INFO - Setting next_dagrun for example_subdag_operator.section-1 to None, run_after=None
[2023-03-05T03:59:40.433+0000] {logging_mixin.py:137} INFO - [2023-03-05T03:59:40.433+0000] {dag.py:3441} INFO - Setting next_dagrun for example_subdag_operator.section-2 to None, run_after=None
[2023-03-05T03:59:40.440+0000] {processor.py:175} INFO - Processing /home/airflow/.local/lib/python3.7/site-packages/airflow/example_dags/example_subdag_operator.py took 0.093 seconds
[2023-03-05T05:35:21.669+0000] {processor.py:153} INFO - Started process (PID=6719) to work on /home/airflow/.local/lib/python3.7/site-packages/airflow/example_dags/example_subdag_operator.py
[2023-03-05T05:35:21.670+0000] {processor.py:743} INFO - Processing file /home/airflow/.local/lib/python3.7/site-packages/airflow/example_dags/example_subdag_operator.py for tasks to queue
[2023-03-05T05:35:21.672+0000] {logging_mixin.py:137} INFO - [2023-03-05T05:35:21.672+0000] {dagbag.py:538} INFO - Filling up the DagBag from /home/airflow/.local/lib/python3.7/site-packages/airflow/example_dags/example_subdag_operator.py
[2023-03-05T05:35:21.717+0000] {processor.py:753} INFO - DAG(s) dict_keys(['example_subdag_operator.section-1', 'example_subdag_operator.section-2', 'example_subdag_operator']) retrieved from /home/airflow/.local/lib/python3.7/site-packages/airflow/example_dags/example_subdag_operator.py
[2023-03-05T05:35:21.735+0000] {logging_mixin.py:137} INFO - [2023-03-05T05:35:21.735+0000] {dag.py:2690} INFO - Sync 3 DAGs
[2023-03-05T05:35:21.776+0000] {logging_mixin.py:137} INFO - [2023-03-05T05:35:21.776+0000] {dag.py:3441} INFO - Setting next_dagrun for example_subdag_operator to 2022-01-01T00:00:00+00:00, run_after=2022-01-01T00:00:00+00:00
[2023-03-05T05:35:21.783+0000] {logging_mixin.py:137} INFO - [2023-03-05T05:35:21.783+0000] {dag.py:3441} INFO - Setting next_dagrun for example_subdag_operator.section-1 to None, run_after=None
[2023-03-05T05:35:21.785+0000] {logging_mixin.py:137} INFO - [2023-03-05T05:35:21.785+0000] {dag.py:3441} INFO - Setting next_dagrun for example_subdag_operator.section-2 to None, run_after=None
[2023-03-05T05:35:21.794+0000] {logging_mixin.py:137} INFO - [2023-03-05T05:35:21.794+0000] {dag.py:2690} INFO - Sync 2 DAGs
[2023-03-05T05:35:21.804+0000] {logging_mixin.py:137} INFO - [2023-03-05T05:35:21.804+0000] {dag.py:3441} INFO - Setting next_dagrun for example_subdag_operator.section-1 to None, run_after=None
[2023-03-05T05:35:21.807+0000] {logging_mixin.py:137} INFO - [2023-03-05T05:35:21.807+0000] {dag.py:3441} INFO - Setting next_dagrun for example_subdag_operator.section-2 to None, run_after=None
[2023-03-05T05:35:21.824+0000] {processor.py:175} INFO - Processing /home/airflow/.local/lib/python3.7/site-packages/airflow/example_dags/example_subdag_operator.py took 0.159 seconds
[2023-03-05T06:52:27.613+0000] {processor.py:153} INFO - Started process (PID=6782) to work on /home/airflow/.local/lib/python3.7/site-packages/airflow/example_dags/example_subdag_operator.py
[2023-03-05T06:52:27.615+0000] {processor.py:743} INFO - Processing file /home/airflow/.local/lib/python3.7/site-packages/airflow/example_dags/example_subdag_operator.py for tasks to queue
[2023-03-05T06:52:27.616+0000] {logging_mixin.py:137} INFO - [2023-03-05T06:52:27.616+0000] {dagbag.py:538} INFO - Filling up the DagBag from /home/airflow/.local/lib/python3.7/site-packages/airflow/example_dags/example_subdag_operator.py
[2023-03-05T06:52:27.661+0000] {processor.py:753} INFO - DAG(s) dict_keys(['example_subdag_operator.section-1', 'example_subdag_operator.section-2', 'example_subdag_operator']) retrieved from /home/airflow/.local/lib/python3.7/site-packages/airflow/example_dags/example_subdag_operator.py
[2023-03-05T06:52:27.691+0000] {logging_mixin.py:137} INFO - [2023-03-05T06:52:27.690+0000] {dag.py:2690} INFO - Sync 3 DAGs
[2023-03-05T06:52:27.714+0000] {logging_mixin.py:137} INFO - [2023-03-05T06:52:27.713+0000] {dag.py:3441} INFO - Setting next_dagrun for example_subdag_operator to 2022-01-01T00:00:00+00:00, run_after=2022-01-01T00:00:00+00:00
[2023-03-05T06:52:27.717+0000] {logging_mixin.py:137} INFO - [2023-03-05T06:52:27.717+0000] {dag.py:3441} INFO - Setting next_dagrun for example_subdag_operator.section-1 to None, run_after=None
[2023-03-05T06:52:27.721+0000] {logging_mixin.py:137} INFO - [2023-03-05T06:52:27.720+0000] {dag.py:3441} INFO - Setting next_dagrun for example_subdag_operator.section-2 to None, run_after=None
[2023-03-05T06:52:27.733+0000] {logging_mixin.py:137} INFO - [2023-03-05T06:52:27.733+0000] {dag.py:2690} INFO - Sync 2 DAGs
[2023-03-05T06:52:27.741+0000] {logging_mixin.py:137} INFO - [2023-03-05T06:52:27.741+0000] {dag.py:3441} INFO - Setting next_dagrun for example_subdag_operator.section-1 to None, run_after=None
[2023-03-05T06:52:27.742+0000] {logging_mixin.py:137} INFO - [2023-03-05T06:52:27.742+0000] {dag.py:3441} INFO - Setting next_dagrun for example_subdag_operator.section-2 to None, run_after=None
[2023-03-05T06:52:27.753+0000] {processor.py:175} INFO - Processing /home/airflow/.local/lib/python3.7/site-packages/airflow/example_dags/example_subdag_operator.py took 0.144 seconds
[2023-03-05T08:00:56.123+0000] {processor.py:153} INFO - Started process (PID=6845) to work on /home/airflow/.local/lib/python3.7/site-packages/airflow/example_dags/example_subdag_operator.py
[2023-03-05T08:00:56.125+0000] {processor.py:743} INFO - Processing file /home/airflow/.local/lib/python3.7/site-packages/airflow/example_dags/example_subdag_operator.py for tasks to queue
[2023-03-05T08:00:56.125+0000] {logging_mixin.py:137} INFO - [2023-03-05T08:00:56.125+0000] {dagbag.py:538} INFO - Filling up the DagBag from /home/airflow/.local/lib/python3.7/site-packages/airflow/example_dags/example_subdag_operator.py
[2023-03-05T08:00:56.151+0000] {processor.py:753} INFO - DAG(s) dict_keys(['example_subdag_operator.section-1', 'example_subdag_operator.section-2', 'example_subdag_operator']) retrieved from /home/airflow/.local/lib/python3.7/site-packages/airflow/example_dags/example_subdag_operator.py
[2023-03-05T08:00:56.165+0000] {logging_mixin.py:137} INFO - [2023-03-05T08:00:56.164+0000] {dag.py:2690} INFO - Sync 3 DAGs
[2023-03-05T08:00:56.181+0000] {logging_mixin.py:137} INFO - [2023-03-05T08:00:56.181+0000] {dag.py:3441} INFO - Setting next_dagrun for example_subdag_operator to 2022-01-01T00:00:00+00:00, run_after=2022-01-01T00:00:00+00:00
[2023-03-05T08:00:56.184+0000] {logging_mixin.py:137} INFO - [2023-03-05T08:00:56.184+0000] {dag.py:3441} INFO - Setting next_dagrun for example_subdag_operator.section-1 to None, run_after=None
[2023-03-05T08:00:56.185+0000] {logging_mixin.py:137} INFO - [2023-03-05T08:00:56.185+0000] {dag.py:3441} INFO - Setting next_dagrun for example_subdag_operator.section-2 to None, run_after=None
[2023-03-05T08:00:56.190+0000] {logging_mixin.py:137} INFO - [2023-03-05T08:00:56.189+0000] {dag.py:2690} INFO - Sync 2 DAGs
[2023-03-05T08:00:56.193+0000] {logging_mixin.py:137} INFO - [2023-03-05T08:00:56.193+0000] {dag.py:3441} INFO - Setting next_dagrun for example_subdag_operator.section-1 to None, run_after=None
[2023-03-05T08:00:56.194+0000] {logging_mixin.py:137} INFO - [2023-03-05T08:00:56.194+0000] {dag.py:3441} INFO - Setting next_dagrun for example_subdag_operator.section-2 to None, run_after=None
[2023-03-05T08:00:56.200+0000] {processor.py:175} INFO - Processing /home/airflow/.local/lib/python3.7/site-packages/airflow/example_dags/example_subdag_operator.py took 0.080 seconds
[2023-03-05T09:23:26.034+0000] {processor.py:153} INFO - Started process (PID=6908) to work on /home/airflow/.local/lib/python3.7/site-packages/airflow/example_dags/example_subdag_operator.py
[2023-03-05T09:23:26.037+0000] {processor.py:743} INFO - Processing file /home/airflow/.local/lib/python3.7/site-packages/airflow/example_dags/example_subdag_operator.py for tasks to queue
[2023-03-05T09:23:26.065+0000] {logging_mixin.py:137} INFO - [2023-03-05T09:23:26.064+0000] {dagbag.py:538} INFO - Filling up the DagBag from /home/airflow/.local/lib/python3.7/site-packages/airflow/example_dags/example_subdag_operator.py
[2023-03-05T09:23:26.111+0000] {processor.py:753} INFO - DAG(s) dict_keys(['example_subdag_operator.section-1', 'example_subdag_operator.section-2', 'example_subdag_operator']) retrieved from /home/airflow/.local/lib/python3.7/site-packages/airflow/example_dags/example_subdag_operator.py
[2023-03-05T09:23:26.126+0000] {logging_mixin.py:137} INFO - [2023-03-05T09:23:26.126+0000] {dag.py:2690} INFO - Sync 3 DAGs
[2023-03-05T09:23:26.143+0000] {logging_mixin.py:137} INFO - [2023-03-05T09:23:26.143+0000] {dag.py:3441} INFO - Setting next_dagrun for example_subdag_operator to 2022-01-01T00:00:00+00:00, run_after=2022-01-01T00:00:00+00:00
[2023-03-05T09:23:26.146+0000] {logging_mixin.py:137} INFO - [2023-03-05T09:23:26.145+0000] {dag.py:3441} INFO - Setting next_dagrun for example_subdag_operator.section-1 to None, run_after=None
[2023-03-05T09:23:26.147+0000] {logging_mixin.py:137} INFO - [2023-03-05T09:23:26.147+0000] {dag.py:3441} INFO - Setting next_dagrun for example_subdag_operator.section-2 to None, run_after=None
[2023-03-05T09:23:26.151+0000] {logging_mixin.py:137} INFO - [2023-03-05T09:23:26.151+0000] {dag.py:2690} INFO - Sync 2 DAGs
[2023-03-05T09:23:26.155+0000] {logging_mixin.py:137} INFO - [2023-03-05T09:23:26.155+0000] {dag.py:3441} INFO - Setting next_dagrun for example_subdag_operator.section-1 to None, run_after=None
[2023-03-05T09:23:26.155+0000] {logging_mixin.py:137} INFO - [2023-03-05T09:23:26.155+0000] {dag.py:3441} INFO - Setting next_dagrun for example_subdag_operator.section-2 to None, run_after=None
[2023-03-05T09:23:26.161+0000] {processor.py:175} INFO - Processing /home/airflow/.local/lib/python3.7/site-packages/airflow/example_dags/example_subdag_operator.py took 0.133 seconds
[2023-03-05T10:39:45.030+0000] {processor.py:153} INFO - Started process (PID=6983) to work on /home/airflow/.local/lib/python3.7/site-packages/airflow/example_dags/example_subdag_operator.py
[2023-03-05T10:39:45.032+0000] {processor.py:743} INFO - Processing file /home/airflow/.local/lib/python3.7/site-packages/airflow/example_dags/example_subdag_operator.py for tasks to queue
[2023-03-05T10:39:45.033+0000] {logging_mixin.py:137} INFO - [2023-03-05T10:39:45.033+0000] {dagbag.py:538} INFO - Filling up the DagBag from /home/airflow/.local/lib/python3.7/site-packages/airflow/example_dags/example_subdag_operator.py
[2023-03-05T10:39:45.063+0000] {processor.py:753} INFO - DAG(s) dict_keys(['example_subdag_operator.section-1', 'example_subdag_operator.section-2', 'example_subdag_operator']) retrieved from /home/airflow/.local/lib/python3.7/site-packages/airflow/example_dags/example_subdag_operator.py
[2023-03-05T10:39:45.076+0000] {logging_mixin.py:137} INFO - [2023-03-05T10:39:45.076+0000] {dag.py:2690} INFO - Sync 3 DAGs
[2023-03-05T10:39:45.092+0000] {logging_mixin.py:137} INFO - [2023-03-05T10:39:45.092+0000] {dag.py:3441} INFO - Setting next_dagrun for example_subdag_operator to 2022-01-01T00:00:00+00:00, run_after=2022-01-01T00:00:00+00:00
[2023-03-05T10:39:45.095+0000] {logging_mixin.py:137} INFO - [2023-03-05T10:39:45.095+0000] {dag.py:3441} INFO - Setting next_dagrun for example_subdag_operator.section-1 to None, run_after=None
[2023-03-05T10:39:45.096+0000] {logging_mixin.py:137} INFO - [2023-03-05T10:39:45.096+0000] {dag.py:3441} INFO - Setting next_dagrun for example_subdag_operator.section-2 to None, run_after=None
[2023-03-05T10:39:45.102+0000] {logging_mixin.py:137} INFO - [2023-03-05T10:39:45.102+0000] {dag.py:2690} INFO - Sync 2 DAGs
[2023-03-05T10:39:45.107+0000] {logging_mixin.py:137} INFO - [2023-03-05T10:39:45.106+0000] {dag.py:3441} INFO - Setting next_dagrun for example_subdag_operator.section-1 to None, run_after=None
[2023-03-05T10:39:45.107+0000] {logging_mixin.py:137} INFO - [2023-03-05T10:39:45.107+0000] {dag.py:3441} INFO - Setting next_dagrun for example_subdag_operator.section-2 to None, run_after=None
[2023-03-05T10:39:45.114+0000] {processor.py:175} INFO - Processing /home/airflow/.local/lib/python3.7/site-packages/airflow/example_dags/example_subdag_operator.py took 0.090 seconds
[2023-03-05T11:30:39.822+0000] {processor.py:153} INFO - Started process (PID=7046) to work on /home/airflow/.local/lib/python3.7/site-packages/airflow/example_dags/example_subdag_operator.py
[2023-03-05T11:30:39.823+0000] {processor.py:743} INFO - Processing file /home/airflow/.local/lib/python3.7/site-packages/airflow/example_dags/example_subdag_operator.py for tasks to queue
[2023-03-05T11:30:39.824+0000] {logging_mixin.py:137} INFO - [2023-03-05T11:30:39.824+0000] {dagbag.py:538} INFO - Filling up the DagBag from /home/airflow/.local/lib/python3.7/site-packages/airflow/example_dags/example_subdag_operator.py
[2023-03-05T11:30:39.851+0000] {processor.py:753} INFO - DAG(s) dict_keys(['example_subdag_operator.section-1', 'example_subdag_operator.section-2', 'example_subdag_operator']) retrieved from /home/airflow/.local/lib/python3.7/site-packages/airflow/example_dags/example_subdag_operator.py
[2023-03-05T11:30:39.863+0000] {logging_mixin.py:137} INFO - [2023-03-05T11:30:39.863+0000] {dag.py:2690} INFO - Sync 3 DAGs
[2023-03-05T11:30:39.878+0000] {logging_mixin.py:137} INFO - [2023-03-05T11:30:39.878+0000] {dag.py:3441} INFO - Setting next_dagrun for example_subdag_operator to 2022-01-01T00:00:00+00:00, run_after=2022-01-01T00:00:00+00:00
[2023-03-05T11:30:39.881+0000] {logging_mixin.py:137} INFO - [2023-03-05T11:30:39.881+0000] {dag.py:3441} INFO - Setting next_dagrun for example_subdag_operator.section-1 to None, run_after=None
[2023-03-05T11:30:39.883+0000] {logging_mixin.py:137} INFO - [2023-03-05T11:30:39.883+0000] {dag.py:3441} INFO - Setting next_dagrun for example_subdag_operator.section-2 to None, run_after=None
[2023-03-05T11:30:39.887+0000] {logging_mixin.py:137} INFO - [2023-03-05T11:30:39.887+0000] {dag.py:2690} INFO - Sync 2 DAGs
[2023-03-05T11:30:39.891+0000] {logging_mixin.py:137} INFO - [2023-03-05T11:30:39.891+0000] {dag.py:3441} INFO - Setting next_dagrun for example_subdag_operator.section-1 to None, run_after=None
[2023-03-05T11:30:39.892+0000] {logging_mixin.py:137} INFO - [2023-03-05T11:30:39.892+0000] {dag.py:3441} INFO - Setting next_dagrun for example_subdag_operator.section-2 to None, run_after=None
[2023-03-05T11:30:39.898+0000] {processor.py:175} INFO - Processing /home/airflow/.local/lib/python3.7/site-packages/airflow/example_dags/example_subdag_operator.py took 0.079 seconds
[2023-03-05T12:34:00.002+0000] {processor.py:153} INFO - Started process (PID=7138) to work on /home/airflow/.local/lib/python3.7/site-packages/airflow/example_dags/example_subdag_operator.py
[2023-03-05T12:34:00.013+0000] {processor.py:743} INFO - Processing file /home/airflow/.local/lib/python3.7/site-packages/airflow/example_dags/example_subdag_operator.py for tasks to queue
[2023-03-05T12:34:00.030+0000] {logging_mixin.py:137} INFO - [2023-03-05T12:34:00.029+0000] {dagbag.py:538} INFO - Filling up the DagBag from /home/airflow/.local/lib/python3.7/site-packages/airflow/example_dags/example_subdag_operator.py
[2023-03-05T12:34:00.843+0000] {processor.py:753} INFO - DAG(s) dict_keys(['example_subdag_operator.section-1', 'example_subdag_operator.section-2', 'example_subdag_operator']) retrieved from /home/airflow/.local/lib/python3.7/site-packages/airflow/example_dags/example_subdag_operator.py
[2023-03-05T12:34:01.370+0000] {logging_mixin.py:137} INFO - [2023-03-05T12:34:01.369+0000] {dag.py:2690} INFO - Sync 3 DAGs
[2023-03-05T12:34:01.600+0000] {logging_mixin.py:137} INFO - [2023-03-05T12:34:01.600+0000] {dag.py:3441} INFO - Setting next_dagrun for example_subdag_operator to 2022-01-01T00:00:00+00:00, run_after=2022-01-01T00:00:00+00:00
[2023-03-05T12:34:01.629+0000] {logging_mixin.py:137} INFO - [2023-03-05T12:34:01.628+0000] {dag.py:3441} INFO - Setting next_dagrun for example_subdag_operator.section-1 to None, run_after=None
[2023-03-05T12:34:01.636+0000] {logging_mixin.py:137} INFO - [2023-03-05T12:34:01.635+0000] {dag.py:3441} INFO - Setting next_dagrun for example_subdag_operator.section-2 to None, run_after=None
[2023-03-05T12:34:01.701+0000] {logging_mixin.py:137} INFO - [2023-03-05T12:34:01.701+0000] {dag.py:2690} INFO - Sync 2 DAGs
[2023-03-05T12:34:01.721+0000] {logging_mixin.py:137} INFO - [2023-03-05T12:34:01.721+0000] {dag.py:3441} INFO - Setting next_dagrun for example_subdag_operator.section-1 to None, run_after=None
[2023-03-05T12:34:01.723+0000] {logging_mixin.py:137} INFO - [2023-03-05T12:34:01.722+0000] {dag.py:3441} INFO - Setting next_dagrun for example_subdag_operator.section-2 to None, run_after=None
[2023-03-05T12:34:01.811+0000] {processor.py:175} INFO - Processing /home/airflow/.local/lib/python3.7/site-packages/airflow/example_dags/example_subdag_operator.py took 1.834 seconds
[2023-03-05T12:34:57.721+0000] {processor.py:153} INFO - Started process (PID=7200) to work on /home/airflow/.local/lib/python3.7/site-packages/airflow/example_dags/example_subdag_operator.py
[2023-03-05T12:34:57.723+0000] {processor.py:743} INFO - Processing file /home/airflow/.local/lib/python3.7/site-packages/airflow/example_dags/example_subdag_operator.py for tasks to queue
[2023-03-05T12:34:57.724+0000] {logging_mixin.py:137} INFO - [2023-03-05T12:34:57.724+0000] {dagbag.py:538} INFO - Filling up the DagBag from /home/airflow/.local/lib/python3.7/site-packages/airflow/example_dags/example_subdag_operator.py
[2023-03-05T12:34:57.755+0000] {processor.py:753} INFO - DAG(s) dict_keys(['example_subdag_operator.section-1', 'example_subdag_operator.section-2', 'example_subdag_operator']) retrieved from /home/airflow/.local/lib/python3.7/site-packages/airflow/example_dags/example_subdag_operator.py
[2023-03-05T12:34:57.784+0000] {logging_mixin.py:137} INFO - [2023-03-05T12:34:57.784+0000] {dag.py:2690} INFO - Sync 3 DAGs
[2023-03-05T12:34:57.853+0000] {logging_mixin.py:137} INFO - [2023-03-05T12:34:57.853+0000] {dag.py:3441} INFO - Setting next_dagrun for example_subdag_operator to 2022-01-01T00:00:00+00:00, run_after=2022-01-01T00:00:00+00:00
[2023-03-05T12:34:57.859+0000] {logging_mixin.py:137} INFO - [2023-03-05T12:34:57.859+0000] {dag.py:3441} INFO - Setting next_dagrun for example_subdag_operator.section-1 to None, run_after=None
[2023-03-05T12:34:57.865+0000] {logging_mixin.py:137} INFO - [2023-03-05T12:34:57.865+0000] {dag.py:3441} INFO - Setting next_dagrun for example_subdag_operator.section-2 to None, run_after=None
[2023-03-05T12:34:57.883+0000] {logging_mixin.py:137} INFO - [2023-03-05T12:34:57.882+0000] {dag.py:2690} INFO - Sync 2 DAGs
[2023-03-05T12:34:57.902+0000] {logging_mixin.py:137} INFO - [2023-03-05T12:34:57.902+0000] {dag.py:3441} INFO - Setting next_dagrun for example_subdag_operator.section-1 to None, run_after=None
[2023-03-05T12:34:57.904+0000] {logging_mixin.py:137} INFO - [2023-03-05T12:34:57.904+0000] {dag.py:3441} INFO - Setting next_dagrun for example_subdag_operator.section-2 to None, run_after=None
[2023-03-05T12:34:57.920+0000] {processor.py:175} INFO - Processing /home/airflow/.local/lib/python3.7/site-packages/airflow/example_dags/example_subdag_operator.py took 0.204 seconds
[2023-03-05T12:35:28.114+0000] {processor.py:153} INFO - Started process (PID=7265) to work on /home/airflow/.local/lib/python3.7/site-packages/airflow/example_dags/example_subdag_operator.py
[2023-03-05T12:35:28.138+0000] {processor.py:743} INFO - Processing file /home/airflow/.local/lib/python3.7/site-packages/airflow/example_dags/example_subdag_operator.py for tasks to queue
[2023-03-05T12:35:28.140+0000] {logging_mixin.py:137} INFO - [2023-03-05T12:35:28.140+0000] {dagbag.py:538} INFO - Filling up the DagBag from /home/airflow/.local/lib/python3.7/site-packages/airflow/example_dags/example_subdag_operator.py
[2023-03-05T12:35:28.188+0000] {processor.py:753} INFO - DAG(s) dict_keys(['example_subdag_operator.section-1', 'example_subdag_operator.section-2', 'example_subdag_operator']) retrieved from /home/airflow/.local/lib/python3.7/site-packages/airflow/example_dags/example_subdag_operator.py
[2023-03-05T12:35:28.205+0000] {logging_mixin.py:137} INFO - [2023-03-05T12:35:28.205+0000] {dag.py:2690} INFO - Sync 3 DAGs
[2023-03-05T12:35:28.226+0000] {logging_mixin.py:137} INFO - [2023-03-05T12:35:28.225+0000] {dag.py:3441} INFO - Setting next_dagrun for example_subdag_operator to 2022-01-01T00:00:00+00:00, run_after=2022-01-01T00:00:00+00:00
[2023-03-05T12:35:28.229+0000] {logging_mixin.py:137} INFO - [2023-03-05T12:35:28.228+0000] {dag.py:3441} INFO - Setting next_dagrun for example_subdag_operator.section-1 to None, run_after=None
[2023-03-05T12:35:28.230+0000] {logging_mixin.py:137} INFO - [2023-03-05T12:35:28.230+0000] {dag.py:3441} INFO - Setting next_dagrun for example_subdag_operator.section-2 to None, run_after=None
[2023-03-05T12:35:28.235+0000] {logging_mixin.py:137} INFO - [2023-03-05T12:35:28.235+0000] {dag.py:2690} INFO - Sync 2 DAGs
[2023-03-05T12:35:28.241+0000] {logging_mixin.py:137} INFO - [2023-03-05T12:35:28.241+0000] {dag.py:3441} INFO - Setting next_dagrun for example_subdag_operator.section-1 to None, run_after=None
[2023-03-05T12:35:28.242+0000] {logging_mixin.py:137} INFO - [2023-03-05T12:35:28.242+0000] {dag.py:3441} INFO - Setting next_dagrun for example_subdag_operator.section-2 to None, run_after=None
[2023-03-05T12:35:28.249+0000] {processor.py:175} INFO - Processing /home/airflow/.local/lib/python3.7/site-packages/airflow/example_dags/example_subdag_operator.py took 0.138 seconds
[2023-03-05T12:35:58.749+0000] {processor.py:153} INFO - Started process (PID=7328) to work on /home/airflow/.local/lib/python3.7/site-packages/airflow/example_dags/example_subdag_operator.py
[2023-03-05T12:35:58.751+0000] {processor.py:743} INFO - Processing file /home/airflow/.local/lib/python3.7/site-packages/airflow/example_dags/example_subdag_operator.py for tasks to queue
[2023-03-05T12:35:58.752+0000] {logging_mixin.py:137} INFO - [2023-03-05T12:35:58.752+0000] {dagbag.py:538} INFO - Filling up the DagBag from /home/airflow/.local/lib/python3.7/site-packages/airflow/example_dags/example_subdag_operator.py
[2023-03-05T12:35:58.781+0000] {processor.py:753} INFO - DAG(s) dict_keys(['example_subdag_operator.section-1', 'example_subdag_operator.section-2', 'example_subdag_operator']) retrieved from /home/airflow/.local/lib/python3.7/site-packages/airflow/example_dags/example_subdag_operator.py
[2023-03-05T12:35:58.794+0000] {logging_mixin.py:137} INFO - [2023-03-05T12:35:58.794+0000] {dag.py:2690} INFO - Sync 3 DAGs
[2023-03-05T12:35:58.812+0000] {logging_mixin.py:137} INFO - [2023-03-05T12:35:58.812+0000] {dag.py:3441} INFO - Setting next_dagrun for example_subdag_operator to 2022-01-01T00:00:00+00:00, run_after=2022-01-01T00:00:00+00:00
[2023-03-05T12:35:58.815+0000] {logging_mixin.py:137} INFO - [2023-03-05T12:35:58.815+0000] {dag.py:3441} INFO - Setting next_dagrun for example_subdag_operator.section-1 to None, run_after=None
[2023-03-05T12:35:58.816+0000] {logging_mixin.py:137} INFO - [2023-03-05T12:35:58.816+0000] {dag.py:3441} INFO - Setting next_dagrun for example_subdag_operator.section-2 to None, run_after=None
[2023-03-05T12:35:58.824+0000] {logging_mixin.py:137} INFO - [2023-03-05T12:35:58.824+0000] {dag.py:2690} INFO - Sync 2 DAGs
[2023-03-05T12:35:58.833+0000] {logging_mixin.py:137} INFO - [2023-03-05T12:35:58.832+0000] {dag.py:3441} INFO - Setting next_dagrun for example_subdag_operator.section-1 to None, run_after=None
[2023-03-05T12:35:58.834+0000] {logging_mixin.py:137} INFO - [2023-03-05T12:35:58.834+0000] {dag.py:3441} INFO - Setting next_dagrun for example_subdag_operator.section-2 to None, run_after=None
[2023-03-05T12:35:58.847+0000] {processor.py:175} INFO - Processing /home/airflow/.local/lib/python3.7/site-packages/airflow/example_dags/example_subdag_operator.py took 0.102 seconds
[2023-03-05T12:36:28.899+0000] {processor.py:153} INFO - Started process (PID=7390) to work on /home/airflow/.local/lib/python3.7/site-packages/airflow/example_dags/example_subdag_operator.py
[2023-03-05T12:36:28.900+0000] {processor.py:743} INFO - Processing file /home/airflow/.local/lib/python3.7/site-packages/airflow/example_dags/example_subdag_operator.py for tasks to queue
[2023-03-05T12:36:28.901+0000] {logging_mixin.py:137} INFO - [2023-03-05T12:36:28.901+0000] {dagbag.py:538} INFO - Filling up the DagBag from /home/airflow/.local/lib/python3.7/site-packages/airflow/example_dags/example_subdag_operator.py
[2023-03-05T12:36:28.928+0000] {processor.py:753} INFO - DAG(s) dict_keys(['example_subdag_operator.section-1', 'example_subdag_operator.section-2', 'example_subdag_operator']) retrieved from /home/airflow/.local/lib/python3.7/site-packages/airflow/example_dags/example_subdag_operator.py
[2023-03-05T12:36:28.943+0000] {logging_mixin.py:137} INFO - [2023-03-05T12:36:28.943+0000] {dag.py:2690} INFO - Sync 3 DAGs
[2023-03-05T12:36:28.958+0000] {logging_mixin.py:137} INFO - [2023-03-05T12:36:28.958+0000] {dag.py:3441} INFO - Setting next_dagrun for example_subdag_operator to 2022-01-01T00:00:00+00:00, run_after=2022-01-01T00:00:00+00:00
[2023-03-05T12:36:28.961+0000] {logging_mixin.py:137} INFO - [2023-03-05T12:36:28.961+0000] {dag.py:3441} INFO - Setting next_dagrun for example_subdag_operator.section-1 to None, run_after=None
[2023-03-05T12:36:28.962+0000] {logging_mixin.py:137} INFO - [2023-03-05T12:36:28.962+0000] {dag.py:3441} INFO - Setting next_dagrun for example_subdag_operator.section-2 to None, run_after=None
[2023-03-05T12:36:28.966+0000] {logging_mixin.py:137} INFO - [2023-03-05T12:36:28.966+0000] {dag.py:2690} INFO - Sync 2 DAGs
[2023-03-05T12:36:28.969+0000] {logging_mixin.py:137} INFO - [2023-03-05T12:36:28.969+0000] {dag.py:3441} INFO - Setting next_dagrun for example_subdag_operator.section-1 to None, run_after=None
[2023-03-05T12:36:28.970+0000] {logging_mixin.py:137} INFO - [2023-03-05T12:36:28.970+0000] {dag.py:3441} INFO - Setting next_dagrun for example_subdag_operator.section-2 to None, run_after=None
[2023-03-05T12:36:28.976+0000] {processor.py:175} INFO - Processing /home/airflow/.local/lib/python3.7/site-packages/airflow/example_dags/example_subdag_operator.py took 0.081 seconds
[2023-03-05T12:36:59.620+0000] {processor.py:153} INFO - Started process (PID=7452) to work on /home/airflow/.local/lib/python3.7/site-packages/airflow/example_dags/example_subdag_operator.py
[2023-03-05T12:36:59.623+0000] {processor.py:743} INFO - Processing file /home/airflow/.local/lib/python3.7/site-packages/airflow/example_dags/example_subdag_operator.py for tasks to queue
[2023-03-05T12:36:59.631+0000] {logging_mixin.py:137} INFO - [2023-03-05T12:36:59.631+0000] {dagbag.py:538} INFO - Filling up the DagBag from /home/airflow/.local/lib/python3.7/site-packages/airflow/example_dags/example_subdag_operator.py
[2023-03-05T12:36:59.693+0000] {processor.py:753} INFO - DAG(s) dict_keys(['example_subdag_operator.section-1', 'example_subdag_operator.section-2', 'example_subdag_operator']) retrieved from /home/airflow/.local/lib/python3.7/site-packages/airflow/example_dags/example_subdag_operator.py
[2023-03-05T12:36:59.743+0000] {logging_mixin.py:137} INFO - [2023-03-05T12:36:59.743+0000] {dag.py:2690} INFO - Sync 3 DAGs
[2023-03-05T12:36:59.789+0000] {logging_mixin.py:137} INFO - [2023-03-05T12:36:59.788+0000] {dag.py:3441} INFO - Setting next_dagrun for example_subdag_operator to 2022-01-01T00:00:00+00:00, run_after=2022-01-01T00:00:00+00:00
[2023-03-05T12:36:59.796+0000] {logging_mixin.py:137} INFO - [2023-03-05T12:36:59.796+0000] {dag.py:3441} INFO - Setting next_dagrun for example_subdag_operator.section-1 to None, run_after=None
[2023-03-05T12:36:59.799+0000] {logging_mixin.py:137} INFO - [2023-03-05T12:36:59.798+0000] {dag.py:3441} INFO - Setting next_dagrun for example_subdag_operator.section-2 to None, run_after=None
[2023-03-05T12:36:59.814+0000] {logging_mixin.py:137} INFO - [2023-03-05T12:36:59.814+0000] {dag.py:2690} INFO - Sync 2 DAGs
[2023-03-05T12:36:59.820+0000] {logging_mixin.py:137} INFO - [2023-03-05T12:36:59.820+0000] {dag.py:3441} INFO - Setting next_dagrun for example_subdag_operator.section-1 to None, run_after=None
[2023-03-05T12:36:59.821+0000] {logging_mixin.py:137} INFO - [2023-03-05T12:36:59.821+0000] {dag.py:3441} INFO - Setting next_dagrun for example_subdag_operator.section-2 to None, run_after=None
[2023-03-05T12:36:59.829+0000] {processor.py:175} INFO - Processing /home/airflow/.local/lib/python3.7/site-packages/airflow/example_dags/example_subdag_operator.py took 0.219 seconds
[2023-03-05T12:37:31.746+0000] {processor.py:153} INFO - Started process (PID=7530) to work on /home/airflow/.local/lib/python3.7/site-packages/airflow/example_dags/example_subdag_operator.py
[2023-03-05T12:37:31.750+0000] {processor.py:743} INFO - Processing file /home/airflow/.local/lib/python3.7/site-packages/airflow/example_dags/example_subdag_operator.py for tasks to queue
[2023-03-05T12:37:31.751+0000] {logging_mixin.py:137} INFO - [2023-03-05T12:37:31.751+0000] {dagbag.py:538} INFO - Filling up the DagBag from /home/airflow/.local/lib/python3.7/site-packages/airflow/example_dags/example_subdag_operator.py
[2023-03-05T12:37:31.815+0000] {processor.py:753} INFO - DAG(s) dict_keys(['example_subdag_operator.section-1', 'example_subdag_operator.section-2', 'example_subdag_operator']) retrieved from /home/airflow/.local/lib/python3.7/site-packages/airflow/example_dags/example_subdag_operator.py
[2023-03-05T12:37:31.870+0000] {logging_mixin.py:137} INFO - [2023-03-05T12:37:31.870+0000] {dag.py:2690} INFO - Sync 3 DAGs
[2023-03-05T12:37:32.015+0000] {logging_mixin.py:137} INFO - [2023-03-05T12:37:32.014+0000] {dag.py:3441} INFO - Setting next_dagrun for example_subdag_operator to 2022-01-01T00:00:00+00:00, run_after=2022-01-01T00:00:00+00:00
[2023-03-05T12:37:32.034+0000] {logging_mixin.py:137} INFO - [2023-03-05T12:37:32.034+0000] {dag.py:3441} INFO - Setting next_dagrun for example_subdag_operator.section-1 to None, run_after=None
[2023-03-05T12:37:32.038+0000] {logging_mixin.py:137} INFO - [2023-03-05T12:37:32.038+0000] {dag.py:3441} INFO - Setting next_dagrun for example_subdag_operator.section-2 to None, run_after=None
[2023-03-05T12:37:32.055+0000] {logging_mixin.py:137} INFO - [2023-03-05T12:37:32.054+0000] {dag.py:2690} INFO - Sync 2 DAGs
[2023-03-05T12:37:32.063+0000] {logging_mixin.py:137} INFO - [2023-03-05T12:37:32.063+0000] {dag.py:3441} INFO - Setting next_dagrun for example_subdag_operator.section-1 to None, run_after=None
[2023-03-05T12:37:32.070+0000] {logging_mixin.py:137} INFO - [2023-03-05T12:37:32.069+0000] {dag.py:3441} INFO - Setting next_dagrun for example_subdag_operator.section-2 to None, run_after=None
[2023-03-05T12:37:32.090+0000] {processor.py:175} INFO - Processing /home/airflow/.local/lib/python3.7/site-packages/airflow/example_dags/example_subdag_operator.py took 0.351 seconds
[2023-03-05T12:38:03.472+0000] {processor.py:153} INFO - Started process (PID=7594) to work on /home/airflow/.local/lib/python3.7/site-packages/airflow/example_dags/example_subdag_operator.py
[2023-03-05T12:38:03.476+0000] {processor.py:743} INFO - Processing file /home/airflow/.local/lib/python3.7/site-packages/airflow/example_dags/example_subdag_operator.py for tasks to queue
[2023-03-05T12:38:03.483+0000] {logging_mixin.py:137} INFO - [2023-03-05T12:38:03.482+0000] {dagbag.py:538} INFO - Filling up the DagBag from /home/airflow/.local/lib/python3.7/site-packages/airflow/example_dags/example_subdag_operator.py
[2023-03-05T12:38:03.634+0000] {processor.py:753} INFO - DAG(s) dict_keys(['example_subdag_operator.section-1', 'example_subdag_operator.section-2', 'example_subdag_operator']) retrieved from /home/airflow/.local/lib/python3.7/site-packages/airflow/example_dags/example_subdag_operator.py
[2023-03-05T12:38:03.662+0000] {logging_mixin.py:137} INFO - [2023-03-05T12:38:03.662+0000] {dag.py:2690} INFO - Sync 3 DAGs
[2023-03-05T12:38:03.711+0000] {logging_mixin.py:137} INFO - [2023-03-05T12:38:03.711+0000] {dag.py:3441} INFO - Setting next_dagrun for example_subdag_operator to 2022-01-01T00:00:00+00:00, run_after=2022-01-01T00:00:00+00:00
[2023-03-05T12:38:03.718+0000] {logging_mixin.py:137} INFO - [2023-03-05T12:38:03.717+0000] {dag.py:3441} INFO - Setting next_dagrun for example_subdag_operator.section-1 to None, run_after=None
[2023-03-05T12:38:03.747+0000] {logging_mixin.py:137} INFO - [2023-03-05T12:38:03.746+0000] {dag.py:3441} INFO - Setting next_dagrun for example_subdag_operator.section-2 to None, run_after=None
[2023-03-05T12:38:03.778+0000] {logging_mixin.py:137} INFO - [2023-03-05T12:38:03.777+0000] {dag.py:2690} INFO - Sync 2 DAGs
[2023-03-05T12:38:03.806+0000] {logging_mixin.py:137} INFO - [2023-03-05T12:38:03.806+0000] {dag.py:3441} INFO - Setting next_dagrun for example_subdag_operator.section-1 to None, run_after=None
[2023-03-05T12:38:03.813+0000] {logging_mixin.py:137} INFO - [2023-03-05T12:38:03.812+0000] {dag.py:3441} INFO - Setting next_dagrun for example_subdag_operator.section-2 to None, run_after=None
[2023-03-05T12:38:03.847+0000] {processor.py:175} INFO - Processing /home/airflow/.local/lib/python3.7/site-packages/airflow/example_dags/example_subdag_operator.py took 0.385 seconds
[2023-03-05T12:38:34.694+0000] {processor.py:153} INFO - Started process (PID=7666) to work on /home/airflow/.local/lib/python3.7/site-packages/airflow/example_dags/example_subdag_operator.py
[2023-03-05T12:38:34.698+0000] {processor.py:743} INFO - Processing file /home/airflow/.local/lib/python3.7/site-packages/airflow/example_dags/example_subdag_operator.py for tasks to queue
[2023-03-05T12:38:34.702+0000] {logging_mixin.py:137} INFO - [2023-03-05T12:38:34.701+0000] {dagbag.py:538} INFO - Filling up the DagBag from /home/airflow/.local/lib/python3.7/site-packages/airflow/example_dags/example_subdag_operator.py
[2023-03-05T12:38:34.830+0000] {processor.py:753} INFO - DAG(s) dict_keys(['example_subdag_operator.section-1', 'example_subdag_operator.section-2', 'example_subdag_operator']) retrieved from /home/airflow/.local/lib/python3.7/site-packages/airflow/example_dags/example_subdag_operator.py
[2023-03-05T12:38:34.896+0000] {logging_mixin.py:137} INFO - [2023-03-05T12:38:34.896+0000] {dag.py:2690} INFO - Sync 3 DAGs
[2023-03-05T12:38:34.981+0000] {logging_mixin.py:137} INFO - [2023-03-05T12:38:34.980+0000] {dag.py:3441} INFO - Setting next_dagrun for example_subdag_operator to 2022-01-01T00:00:00+00:00, run_after=2022-01-01T00:00:00+00:00
[2023-03-05T12:38:35.003+0000] {logging_mixin.py:137} INFO - [2023-03-05T12:38:35.003+0000] {dag.py:3441} INFO - Setting next_dagrun for example_subdag_operator.section-1 to None, run_after=None
[2023-03-05T12:38:35.007+0000] {logging_mixin.py:137} INFO - [2023-03-05T12:38:35.007+0000] {dag.py:3441} INFO - Setting next_dagrun for example_subdag_operator.section-2 to None, run_after=None
[2023-03-05T12:38:35.072+0000] {logging_mixin.py:137} INFO - [2023-03-05T12:38:35.071+0000] {dag.py:2690} INFO - Sync 2 DAGs
[2023-03-05T12:38:35.117+0000] {logging_mixin.py:137} INFO - [2023-03-05T12:38:35.117+0000] {dag.py:3441} INFO - Setting next_dagrun for example_subdag_operator.section-1 to None, run_after=None
[2023-03-05T12:38:35.121+0000] {logging_mixin.py:137} INFO - [2023-03-05T12:38:35.121+0000] {dag.py:3441} INFO - Setting next_dagrun for example_subdag_operator.section-2 to None, run_after=None
[2023-03-05T12:38:35.287+0000] {processor.py:175} INFO - Processing /home/airflow/.local/lib/python3.7/site-packages/airflow/example_dags/example_subdag_operator.py took 0.600 seconds
[2023-03-05T12:39:05.933+0000] {processor.py:153} INFO - Started process (PID=7728) to work on /home/airflow/.local/lib/python3.7/site-packages/airflow/example_dags/example_subdag_operator.py
[2023-03-05T12:39:05.938+0000] {processor.py:743} INFO - Processing file /home/airflow/.local/lib/python3.7/site-packages/airflow/example_dags/example_subdag_operator.py for tasks to queue
[2023-03-05T12:39:05.942+0000] {logging_mixin.py:137} INFO - [2023-03-05T12:39:05.941+0000] {dagbag.py:538} INFO - Filling up the DagBag from /home/airflow/.local/lib/python3.7/site-packages/airflow/example_dags/example_subdag_operator.py
[2023-03-05T12:39:06.154+0000] {processor.py:753} INFO - DAG(s) dict_keys(['example_subdag_operator.section-1', 'example_subdag_operator.section-2', 'example_subdag_operator']) retrieved from /home/airflow/.local/lib/python3.7/site-packages/airflow/example_dags/example_subdag_operator.py
[2023-03-05T12:39:06.196+0000] {logging_mixin.py:137} INFO - [2023-03-05T12:39:06.195+0000] {dag.py:2690} INFO - Sync 3 DAGs
[2023-03-05T12:39:06.227+0000] {logging_mixin.py:137} INFO - [2023-03-05T12:39:06.227+0000] {dag.py:3441} INFO - Setting next_dagrun for example_subdag_operator to 2022-01-01T00:00:00+00:00, run_after=2022-01-01T00:00:00+00:00
[2023-03-05T12:39:06.231+0000] {logging_mixin.py:137} INFO - [2023-03-05T12:39:06.231+0000] {dag.py:3441} INFO - Setting next_dagrun for example_subdag_operator.section-1 to None, run_after=None
[2023-03-05T12:39:06.233+0000] {logging_mixin.py:137} INFO - [2023-03-05T12:39:06.233+0000] {dag.py:3441} INFO - Setting next_dagrun for example_subdag_operator.section-2 to None, run_after=None
[2023-03-05T12:39:06.243+0000] {logging_mixin.py:137} INFO - [2023-03-05T12:39:06.243+0000] {dag.py:2690} INFO - Sync 2 DAGs
[2023-03-05T12:39:06.249+0000] {logging_mixin.py:137} INFO - [2023-03-05T12:39:06.249+0000] {dag.py:3441} INFO - Setting next_dagrun for example_subdag_operator.section-1 to None, run_after=None
[2023-03-05T12:39:06.250+0000] {logging_mixin.py:137} INFO - [2023-03-05T12:39:06.250+0000] {dag.py:3441} INFO - Setting next_dagrun for example_subdag_operator.section-2 to None, run_after=None
[2023-03-05T12:39:06.286+0000] {processor.py:175} INFO - Processing /home/airflow/.local/lib/python3.7/site-packages/airflow/example_dags/example_subdag_operator.py took 0.393 seconds
[2023-03-05T12:39:37.680+0000] {processor.py:153} INFO - Started process (PID=7793) to work on /home/airflow/.local/lib/python3.7/site-packages/airflow/example_dags/example_subdag_operator.py
[2023-03-05T12:39:37.683+0000] {processor.py:743} INFO - Processing file /home/airflow/.local/lib/python3.7/site-packages/airflow/example_dags/example_subdag_operator.py for tasks to queue
[2023-03-05T12:39:37.684+0000] {logging_mixin.py:137} INFO - [2023-03-05T12:39:37.684+0000] {dagbag.py:538} INFO - Filling up the DagBag from /home/airflow/.local/lib/python3.7/site-packages/airflow/example_dags/example_subdag_operator.py
[2023-03-05T12:39:37.728+0000] {processor.py:753} INFO - DAG(s) dict_keys(['example_subdag_operator.section-1', 'example_subdag_operator.section-2', 'example_subdag_operator']) retrieved from /home/airflow/.local/lib/python3.7/site-packages/airflow/example_dags/example_subdag_operator.py
[2023-03-05T12:39:37.752+0000] {logging_mixin.py:137} INFO - [2023-03-05T12:39:37.752+0000] {dag.py:2690} INFO - Sync 3 DAGs
[2023-03-05T12:39:37.788+0000] {logging_mixin.py:137} INFO - [2023-03-05T12:39:37.788+0000] {dag.py:3441} INFO - Setting next_dagrun for example_subdag_operator to 2022-01-01T00:00:00+00:00, run_after=2022-01-01T00:00:00+00:00
[2023-03-05T12:39:37.794+0000] {logging_mixin.py:137} INFO - [2023-03-05T12:39:37.794+0000] {dag.py:3441} INFO - Setting next_dagrun for example_subdag_operator.section-1 to None, run_after=None
[2023-03-05T12:39:37.801+0000] {logging_mixin.py:137} INFO - [2023-03-05T12:39:37.801+0000] {dag.py:3441} INFO - Setting next_dagrun for example_subdag_operator.section-2 to None, run_after=None
[2023-03-05T12:39:37.815+0000] {logging_mixin.py:137} INFO - [2023-03-05T12:39:37.815+0000] {dag.py:2690} INFO - Sync 2 DAGs
[2023-03-05T12:39:37.827+0000] {logging_mixin.py:137} INFO - [2023-03-05T12:39:37.827+0000] {dag.py:3441} INFO - Setting next_dagrun for example_subdag_operator.section-1 to None, run_after=None
[2023-03-05T12:39:37.832+0000] {logging_mixin.py:137} INFO - [2023-03-05T12:39:37.832+0000] {dag.py:3441} INFO - Setting next_dagrun for example_subdag_operator.section-2 to None, run_after=None
[2023-03-05T12:39:37.851+0000] {processor.py:175} INFO - Processing /home/airflow/.local/lib/python3.7/site-packages/airflow/example_dags/example_subdag_operator.py took 0.181 seconds
[2023-03-05T12:40:08.168+0000] {processor.py:153} INFO - Started process (PID=7855) to work on /home/airflow/.local/lib/python3.7/site-packages/airflow/example_dags/example_subdag_operator.py
[2023-03-05T12:40:08.170+0000] {processor.py:743} INFO - Processing file /home/airflow/.local/lib/python3.7/site-packages/airflow/example_dags/example_subdag_operator.py for tasks to queue
[2023-03-05T12:40:08.172+0000] {logging_mixin.py:137} INFO - [2023-03-05T12:40:08.171+0000] {dagbag.py:538} INFO - Filling up the DagBag from /home/airflow/.local/lib/python3.7/site-packages/airflow/example_dags/example_subdag_operator.py
[2023-03-05T12:40:08.206+0000] {processor.py:753} INFO - DAG(s) dict_keys(['example_subdag_operator.section-1', 'example_subdag_operator.section-2', 'example_subdag_operator']) retrieved from /home/airflow/.local/lib/python3.7/site-packages/airflow/example_dags/example_subdag_operator.py
[2023-03-05T12:40:08.221+0000] {logging_mixin.py:137} INFO - [2023-03-05T12:40:08.221+0000] {dag.py:2690} INFO - Sync 3 DAGs
[2023-03-05T12:40:08.237+0000] {logging_mixin.py:137} INFO - [2023-03-05T12:40:08.237+0000] {dag.py:3441} INFO - Setting next_dagrun for example_subdag_operator to 2022-01-01T00:00:00+00:00, run_after=2022-01-01T00:00:00+00:00
[2023-03-05T12:40:08.240+0000] {logging_mixin.py:137} INFO - [2023-03-05T12:40:08.240+0000] {dag.py:3441} INFO - Setting next_dagrun for example_subdag_operator.section-1 to None, run_after=None
[2023-03-05T12:40:08.241+0000] {logging_mixin.py:137} INFO - [2023-03-05T12:40:08.241+0000] {dag.py:3441} INFO - Setting next_dagrun for example_subdag_operator.section-2 to None, run_after=None
[2023-03-05T12:40:08.246+0000] {logging_mixin.py:137} INFO - [2023-03-05T12:40:08.246+0000] {dag.py:2690} INFO - Sync 2 DAGs
[2023-03-05T12:40:08.250+0000] {logging_mixin.py:137} INFO - [2023-03-05T12:40:08.250+0000] {dag.py:3441} INFO - Setting next_dagrun for example_subdag_operator.section-1 to None, run_after=None
[2023-03-05T12:40:08.251+0000] {logging_mixin.py:137} INFO - [2023-03-05T12:40:08.251+0000] {dag.py:3441} INFO - Setting next_dagrun for example_subdag_operator.section-2 to None, run_after=None
[2023-03-05T12:40:08.259+0000] {processor.py:175} INFO - Processing /home/airflow/.local/lib/python3.7/site-packages/airflow/example_dags/example_subdag_operator.py took 0.096 seconds
