[2023-03-05T00:38:19.127+0000] {processor.py:153} INFO - Started process (PID=6437) to work on /home/airflow/.local/lib/python3.7/site-packages/airflow/example_dags/example_python_operator.py
[2023-03-05T00:38:19.132+0000] {processor.py:743} INFO - Processing file /home/airflow/.local/lib/python3.7/site-packages/airflow/example_dags/example_python_operator.py for tasks to queue
[2023-03-05T00:38:19.135+0000] {logging_mixin.py:137} INFO - [2023-03-05T00:38:19.135+0000] {dagbag.py:538} INFO - Filling up the DagBag from /home/airflow/.local/lib/python3.7/site-packages/airflow/example_dags/example_python_operator.py
[2023-03-05T00:38:19.192+0000] {logging_mixin.py:137} INFO - [2023-03-05T00:38:19.191+0000] {taskmixin.py:205} WARNING - Dependency <Task(_PythonDecoratedOperator): print_the_context>, log_sql_query already registered for DAG: example_python_operator
[2023-03-05T00:38:19.192+0000] {logging_mixin.py:137} INFO - [2023-03-05T00:38:19.192+0000] {taskmixin.py:205} WARNING - Dependency <Task(_PythonDecoratedOperator): log_sql_query>, print_the_context already registered for DAG: example_python_operator
[2023-03-05T00:38:19.197+0000] {logging_mixin.py:137} INFO - [2023-03-05T00:38:19.193+0000] {taskmixin.py:205} WARNING - Dependency <Task(_PythonDecoratedOperator): print_the_context>, log_sql_query already registered for DAG: example_python_operator
[2023-03-05T00:38:19.205+0000] {logging_mixin.py:137} INFO - [2023-03-05T00:38:19.205+0000] {taskmixin.py:205} WARNING - Dependency <Task(_PythonDecoratedOperator): log_sql_query>, print_the_context already registered for DAG: example_python_operator
[2023-03-05T00:38:19.209+0000] {logging_mixin.py:137} INFO - [2023-03-05T00:38:19.209+0000] {taskmixin.py:205} WARNING - Dependency <Task(_PythonDecoratedOperator): print_the_context>, log_sql_query already registered for DAG: example_python_operator
[2023-03-05T00:38:19.213+0000] {logging_mixin.py:137} INFO - [2023-03-05T00:38:19.213+0000] {taskmixin.py:205} WARNING - Dependency <Task(_PythonDecoratedOperator): log_sql_query>, print_the_context already registered for DAG: example_python_operator
[2023-03-05T00:38:19.216+0000] {logging_mixin.py:137} INFO - [2023-03-05T00:38:19.216+0000] {taskmixin.py:205} WARNING - Dependency <Task(_PythonDecoratedOperator): print_the_context>, log_sql_query already registered for DAG: example_python_operator
[2023-03-05T00:38:19.218+0000] {logging_mixin.py:137} INFO - [2023-03-05T00:38:19.217+0000] {taskmixin.py:205} WARNING - Dependency <Task(_PythonDecoratedOperator): log_sql_query>, print_the_context already registered for DAG: example_python_operator
[2023-03-05T00:38:19.234+0000] {processor.py:753} INFO - DAG(s) dict_keys(['example_python_operator']) retrieved from /home/airflow/.local/lib/python3.7/site-packages/airflow/example_dags/example_python_operator.py
[2023-03-05T00:38:19.325+0000] {logging_mixin.py:137} INFO - [2023-03-05T00:38:19.325+0000] {dag.py:2690} INFO - Sync 1 DAGs
[2023-03-05T00:38:19.414+0000] {logging_mixin.py:137} INFO - [2023-03-05T00:38:19.413+0000] {dag.py:3441} INFO - Setting next_dagrun for example_python_operator to None, run_after=None
[2023-03-05T00:38:19.462+0000] {processor.py:175} INFO - Processing /home/airflow/.local/lib/python3.7/site-packages/airflow/example_dags/example_python_operator.py took 0.339 seconds
[2023-03-05T01:36:57.785+0000] {processor.py:153} INFO - Started process (PID=6500) to work on /home/airflow/.local/lib/python3.7/site-packages/airflow/example_dags/example_python_operator.py
[2023-03-05T01:36:57.796+0000] {processor.py:743} INFO - Processing file /home/airflow/.local/lib/python3.7/site-packages/airflow/example_dags/example_python_operator.py for tasks to queue
[2023-03-05T01:36:57.798+0000] {logging_mixin.py:137} INFO - [2023-03-05T01:36:57.797+0000] {dagbag.py:538} INFO - Filling up the DagBag from /home/airflow/.local/lib/python3.7/site-packages/airflow/example_dags/example_python_operator.py
[2023-03-05T01:36:57.816+0000] {logging_mixin.py:137} INFO - [2023-03-05T01:36:57.816+0000] {taskmixin.py:205} WARNING - Dependency <Task(_PythonDecoratedOperator): print_the_context>, log_sql_query already registered for DAG: example_python_operator
[2023-03-05T01:36:57.818+0000] {logging_mixin.py:137} INFO - [2023-03-05T01:36:57.818+0000] {taskmixin.py:205} WARNING - Dependency <Task(_PythonDecoratedOperator): log_sql_query>, print_the_context already registered for DAG: example_python_operator
[2023-03-05T01:36:57.819+0000] {logging_mixin.py:137} INFO - [2023-03-05T01:36:57.819+0000] {taskmixin.py:205} WARNING - Dependency <Task(_PythonDecoratedOperator): print_the_context>, log_sql_query already registered for DAG: example_python_operator
[2023-03-05T01:36:57.819+0000] {logging_mixin.py:137} INFO - [2023-03-05T01:36:57.819+0000] {taskmixin.py:205} WARNING - Dependency <Task(_PythonDecoratedOperator): log_sql_query>, print_the_context already registered for DAG: example_python_operator
[2023-03-05T01:36:57.820+0000] {logging_mixin.py:137} INFO - [2023-03-05T01:36:57.820+0000] {taskmixin.py:205} WARNING - Dependency <Task(_PythonDecoratedOperator): print_the_context>, log_sql_query already registered for DAG: example_python_operator
[2023-03-05T01:36:57.821+0000] {logging_mixin.py:137} INFO - [2023-03-05T01:36:57.821+0000] {taskmixin.py:205} WARNING - Dependency <Task(_PythonDecoratedOperator): log_sql_query>, print_the_context already registered for DAG: example_python_operator
[2023-03-05T01:36:57.821+0000] {logging_mixin.py:137} INFO - [2023-03-05T01:36:57.821+0000] {taskmixin.py:205} WARNING - Dependency <Task(_PythonDecoratedOperator): print_the_context>, log_sql_query already registered for DAG: example_python_operator
[2023-03-05T01:36:57.822+0000] {logging_mixin.py:137} INFO - [2023-03-05T01:36:57.822+0000] {taskmixin.py:205} WARNING - Dependency <Task(_PythonDecoratedOperator): log_sql_query>, print_the_context already registered for DAG: example_python_operator
[2023-03-05T01:36:57.828+0000] {processor.py:753} INFO - DAG(s) dict_keys(['example_python_operator']) retrieved from /home/airflow/.local/lib/python3.7/site-packages/airflow/example_dags/example_python_operator.py
[2023-03-05T01:36:57.876+0000] {logging_mixin.py:137} INFO - [2023-03-05T01:36:57.876+0000] {dag.py:2690} INFO - Sync 1 DAGs
[2023-03-05T01:36:57.899+0000] {logging_mixin.py:137} INFO - [2023-03-05T01:36:57.899+0000] {dag.py:3441} INFO - Setting next_dagrun for example_python_operator to None, run_after=None
[2023-03-05T01:36:57.913+0000] {processor.py:175} INFO - Processing /home/airflow/.local/lib/python3.7/site-packages/airflow/example_dags/example_python_operator.py took 0.133 seconds
[2023-03-05T02:44:36.836+0000] {processor.py:153} INFO - Started process (PID=6566) to work on /home/airflow/.local/lib/python3.7/site-packages/airflow/example_dags/example_python_operator.py
[2023-03-05T02:44:36.841+0000] {processor.py:743} INFO - Processing file /home/airflow/.local/lib/python3.7/site-packages/airflow/example_dags/example_python_operator.py for tasks to queue
[2023-03-05T02:44:36.844+0000] {logging_mixin.py:137} INFO - [2023-03-05T02:44:36.843+0000] {dagbag.py:538} INFO - Filling up the DagBag from /home/airflow/.local/lib/python3.7/site-packages/airflow/example_dags/example_python_operator.py
[2023-03-05T02:44:36.870+0000] {logging_mixin.py:137} INFO - [2023-03-05T02:44:36.870+0000] {taskmixin.py:205} WARNING - Dependency <Task(_PythonDecoratedOperator): print_the_context>, log_sql_query already registered for DAG: example_python_operator
[2023-03-05T02:44:36.872+0000] {logging_mixin.py:137} INFO - [2023-03-05T02:44:36.871+0000] {taskmixin.py:205} WARNING - Dependency <Task(_PythonDecoratedOperator): log_sql_query>, print_the_context already registered for DAG: example_python_operator
[2023-03-05T02:44:36.873+0000] {logging_mixin.py:137} INFO - [2023-03-05T02:44:36.873+0000] {taskmixin.py:205} WARNING - Dependency <Task(_PythonDecoratedOperator): print_the_context>, log_sql_query already registered for DAG: example_python_operator
[2023-03-05T02:44:36.873+0000] {logging_mixin.py:137} INFO - [2023-03-05T02:44:36.873+0000] {taskmixin.py:205} WARNING - Dependency <Task(_PythonDecoratedOperator): log_sql_query>, print_the_context already registered for DAG: example_python_operator
[2023-03-05T02:44:36.875+0000] {logging_mixin.py:137} INFO - [2023-03-05T02:44:36.875+0000] {taskmixin.py:205} WARNING - Dependency <Task(_PythonDecoratedOperator): print_the_context>, log_sql_query already registered for DAG: example_python_operator
[2023-03-05T02:44:36.876+0000] {logging_mixin.py:137} INFO - [2023-03-05T02:44:36.875+0000] {taskmixin.py:205} WARNING - Dependency <Task(_PythonDecoratedOperator): log_sql_query>, print_the_context already registered for DAG: example_python_operator
[2023-03-05T02:44:36.876+0000] {logging_mixin.py:137} INFO - [2023-03-05T02:44:36.876+0000] {taskmixin.py:205} WARNING - Dependency <Task(_PythonDecoratedOperator): print_the_context>, log_sql_query already registered for DAG: example_python_operator
[2023-03-05T02:44:36.877+0000] {logging_mixin.py:137} INFO - [2023-03-05T02:44:36.877+0000] {taskmixin.py:205} WARNING - Dependency <Task(_PythonDecoratedOperator): log_sql_query>, print_the_context already registered for DAG: example_python_operator
[2023-03-05T02:44:36.884+0000] {processor.py:753} INFO - DAG(s) dict_keys(['example_python_operator']) retrieved from /home/airflow/.local/lib/python3.7/site-packages/airflow/example_dags/example_python_operator.py
[2023-03-05T02:44:36.909+0000] {logging_mixin.py:137} INFO - [2023-03-05T02:44:36.909+0000] {dag.py:2690} INFO - Sync 1 DAGs
[2023-03-05T02:44:36.927+0000] {logging_mixin.py:137} INFO - [2023-03-05T02:44:36.927+0000] {dag.py:3441} INFO - Setting next_dagrun for example_python_operator to None, run_after=None
[2023-03-05T02:44:36.942+0000] {processor.py:175} INFO - Processing /home/airflow/.local/lib/python3.7/site-packages/airflow/example_dags/example_python_operator.py took 0.113 seconds
[2023-03-05T03:59:39.509+0000] {processor.py:153} INFO - Started process (PID=6629) to work on /home/airflow/.local/lib/python3.7/site-packages/airflow/example_dags/example_python_operator.py
[2023-03-05T03:59:39.510+0000] {processor.py:743} INFO - Processing file /home/airflow/.local/lib/python3.7/site-packages/airflow/example_dags/example_python_operator.py for tasks to queue
[2023-03-05T03:59:39.511+0000] {logging_mixin.py:137} INFO - [2023-03-05T03:59:39.511+0000] {dagbag.py:538} INFO - Filling up the DagBag from /home/airflow/.local/lib/python3.7/site-packages/airflow/example_dags/example_python_operator.py
[2023-03-05T03:59:39.524+0000] {logging_mixin.py:137} INFO - [2023-03-05T03:59:39.524+0000] {taskmixin.py:205} WARNING - Dependency <Task(_PythonDecoratedOperator): print_the_context>, log_sql_query already registered for DAG: example_python_operator
[2023-03-05T03:59:39.525+0000] {logging_mixin.py:137} INFO - [2023-03-05T03:59:39.525+0000] {taskmixin.py:205} WARNING - Dependency <Task(_PythonDecoratedOperator): log_sql_query>, print_the_context already registered for DAG: example_python_operator
[2023-03-05T03:59:39.525+0000] {logging_mixin.py:137} INFO - [2023-03-05T03:59:39.525+0000] {taskmixin.py:205} WARNING - Dependency <Task(_PythonDecoratedOperator): print_the_context>, log_sql_query already registered for DAG: example_python_operator
[2023-03-05T03:59:39.526+0000] {logging_mixin.py:137} INFO - [2023-03-05T03:59:39.526+0000] {taskmixin.py:205} WARNING - Dependency <Task(_PythonDecoratedOperator): log_sql_query>, print_the_context already registered for DAG: example_python_operator
[2023-03-05T03:59:39.526+0000] {logging_mixin.py:137} INFO - [2023-03-05T03:59:39.526+0000] {taskmixin.py:205} WARNING - Dependency <Task(_PythonDecoratedOperator): print_the_context>, log_sql_query already registered for DAG: example_python_operator
[2023-03-05T03:59:39.527+0000] {logging_mixin.py:137} INFO - [2023-03-05T03:59:39.527+0000] {taskmixin.py:205} WARNING - Dependency <Task(_PythonDecoratedOperator): log_sql_query>, print_the_context already registered for DAG: example_python_operator
[2023-03-05T03:59:39.527+0000] {logging_mixin.py:137} INFO - [2023-03-05T03:59:39.527+0000] {taskmixin.py:205} WARNING - Dependency <Task(_PythonDecoratedOperator): print_the_context>, log_sql_query already registered for DAG: example_python_operator
[2023-03-05T03:59:39.528+0000] {logging_mixin.py:137} INFO - [2023-03-05T03:59:39.528+0000] {taskmixin.py:205} WARNING - Dependency <Task(_PythonDecoratedOperator): log_sql_query>, print_the_context already registered for DAG: example_python_operator
[2023-03-05T03:59:39.533+0000] {processor.py:753} INFO - DAG(s) dict_keys(['example_python_operator']) retrieved from /home/airflow/.local/lib/python3.7/site-packages/airflow/example_dags/example_python_operator.py
[2023-03-05T03:59:39.555+0000] {logging_mixin.py:137} INFO - [2023-03-05T03:59:39.555+0000] {dag.py:2690} INFO - Sync 1 DAGs
[2023-03-05T03:59:39.570+0000] {logging_mixin.py:137} INFO - [2023-03-05T03:59:39.570+0000] {dag.py:3441} INFO - Setting next_dagrun for example_python_operator to None, run_after=None
[2023-03-05T03:59:39.581+0000] {processor.py:175} INFO - Processing /home/airflow/.local/lib/python3.7/site-packages/airflow/example_dags/example_python_operator.py took 0.075 seconds
[2023-03-05T05:35:20.337+0000] {processor.py:153} INFO - Started process (PID=6693) to work on /home/airflow/.local/lib/python3.7/site-packages/airflow/example_dags/example_python_operator.py
[2023-03-05T05:35:20.339+0000] {processor.py:743} INFO - Processing file /home/airflow/.local/lib/python3.7/site-packages/airflow/example_dags/example_python_operator.py for tasks to queue
[2023-03-05T05:35:20.340+0000] {logging_mixin.py:137} INFO - [2023-03-05T05:35:20.340+0000] {dagbag.py:538} INFO - Filling up the DagBag from /home/airflow/.local/lib/python3.7/site-packages/airflow/example_dags/example_python_operator.py
[2023-03-05T05:35:20.354+0000] {logging_mixin.py:137} INFO - [2023-03-05T05:35:20.353+0000] {taskmixin.py:205} WARNING - Dependency <Task(_PythonDecoratedOperator): print_the_context>, log_sql_query already registered for DAG: example_python_operator
[2023-03-05T05:35:20.354+0000] {logging_mixin.py:137} INFO - [2023-03-05T05:35:20.354+0000] {taskmixin.py:205} WARNING - Dependency <Task(_PythonDecoratedOperator): log_sql_query>, print_the_context already registered for DAG: example_python_operator
[2023-03-05T05:35:20.355+0000] {logging_mixin.py:137} INFO - [2023-03-05T05:35:20.355+0000] {taskmixin.py:205} WARNING - Dependency <Task(_PythonDecoratedOperator): print_the_context>, log_sql_query already registered for DAG: example_python_operator
[2023-03-05T05:35:20.357+0000] {logging_mixin.py:137} INFO - [2023-03-05T05:35:20.356+0000] {taskmixin.py:205} WARNING - Dependency <Task(_PythonDecoratedOperator): log_sql_query>, print_the_context already registered for DAG: example_python_operator
[2023-03-05T05:35:20.357+0000] {logging_mixin.py:137} INFO - [2023-03-05T05:35:20.357+0000] {taskmixin.py:205} WARNING - Dependency <Task(_PythonDecoratedOperator): print_the_context>, log_sql_query already registered for DAG: example_python_operator
[2023-03-05T05:35:20.358+0000] {logging_mixin.py:137} INFO - [2023-03-05T05:35:20.358+0000] {taskmixin.py:205} WARNING - Dependency <Task(_PythonDecoratedOperator): log_sql_query>, print_the_context already registered for DAG: example_python_operator
[2023-03-05T05:35:20.358+0000] {logging_mixin.py:137} INFO - [2023-03-05T05:35:20.358+0000] {taskmixin.py:205} WARNING - Dependency <Task(_PythonDecoratedOperator): print_the_context>, log_sql_query already registered for DAG: example_python_operator
[2023-03-05T05:35:20.359+0000] {logging_mixin.py:137} INFO - [2023-03-05T05:35:20.359+0000] {taskmixin.py:205} WARNING - Dependency <Task(_PythonDecoratedOperator): log_sql_query>, print_the_context already registered for DAG: example_python_operator
[2023-03-05T05:35:20.364+0000] {processor.py:753} INFO - DAG(s) dict_keys(['example_python_operator']) retrieved from /home/airflow/.local/lib/python3.7/site-packages/airflow/example_dags/example_python_operator.py
[2023-03-05T05:35:20.387+0000] {logging_mixin.py:137} INFO - [2023-03-05T05:35:20.387+0000] {dag.py:2690} INFO - Sync 1 DAGs
[2023-03-05T05:35:20.405+0000] {logging_mixin.py:137} INFO - [2023-03-05T05:35:20.405+0000] {dag.py:3441} INFO - Setting next_dagrun for example_python_operator to None, run_after=None
[2023-03-05T05:35:20.420+0000] {processor.py:175} INFO - Processing /home/airflow/.local/lib/python3.7/site-packages/airflow/example_dags/example_python_operator.py took 0.086 seconds
[2023-03-05T06:52:25.632+0000] {processor.py:153} INFO - Started process (PID=6767) to work on /home/airflow/.local/lib/python3.7/site-packages/airflow/example_dags/example_python_operator.py
[2023-03-05T06:52:25.635+0000] {processor.py:743} INFO - Processing file /home/airflow/.local/lib/python3.7/site-packages/airflow/example_dags/example_python_operator.py for tasks to queue
[2023-03-05T06:52:25.637+0000] {logging_mixin.py:137} INFO - [2023-03-05T06:52:25.637+0000] {dagbag.py:538} INFO - Filling up the DagBag from /home/airflow/.local/lib/python3.7/site-packages/airflow/example_dags/example_python_operator.py
[2023-03-05T06:52:25.673+0000] {logging_mixin.py:137} INFO - [2023-03-05T06:52:25.673+0000] {taskmixin.py:205} WARNING - Dependency <Task(_PythonDecoratedOperator): print_the_context>, log_sql_query already registered for DAG: example_python_operator
[2023-03-05T06:52:25.674+0000] {logging_mixin.py:137} INFO - [2023-03-05T06:52:25.674+0000] {taskmixin.py:205} WARNING - Dependency <Task(_PythonDecoratedOperator): log_sql_query>, print_the_context already registered for DAG: example_python_operator
[2023-03-05T06:52:25.676+0000] {logging_mixin.py:137} INFO - [2023-03-05T06:52:25.676+0000] {taskmixin.py:205} WARNING - Dependency <Task(_PythonDecoratedOperator): print_the_context>, log_sql_query already registered for DAG: example_python_operator
[2023-03-05T06:52:25.676+0000] {logging_mixin.py:137} INFO - [2023-03-05T06:52:25.676+0000] {taskmixin.py:205} WARNING - Dependency <Task(_PythonDecoratedOperator): log_sql_query>, print_the_context already registered for DAG: example_python_operator
[2023-03-05T06:52:25.678+0000] {logging_mixin.py:137} INFO - [2023-03-05T06:52:25.677+0000] {taskmixin.py:205} WARNING - Dependency <Task(_PythonDecoratedOperator): print_the_context>, log_sql_query already registered for DAG: example_python_operator
[2023-03-05T06:52:25.679+0000] {logging_mixin.py:137} INFO - [2023-03-05T06:52:25.679+0000] {taskmixin.py:205} WARNING - Dependency <Task(_PythonDecoratedOperator): log_sql_query>, print_the_context already registered for DAG: example_python_operator
[2023-03-05T06:52:25.680+0000] {logging_mixin.py:137} INFO - [2023-03-05T06:52:25.680+0000] {taskmixin.py:205} WARNING - Dependency <Task(_PythonDecoratedOperator): print_the_context>, log_sql_query already registered for DAG: example_python_operator
[2023-03-05T06:52:25.681+0000] {logging_mixin.py:137} INFO - [2023-03-05T06:52:25.681+0000] {taskmixin.py:205} WARNING - Dependency <Task(_PythonDecoratedOperator): log_sql_query>, print_the_context already registered for DAG: example_python_operator
[2023-03-05T06:52:25.689+0000] {processor.py:753} INFO - DAG(s) dict_keys(['example_python_operator']) retrieved from /home/airflow/.local/lib/python3.7/site-packages/airflow/example_dags/example_python_operator.py
[2023-03-05T06:52:25.729+0000] {logging_mixin.py:137} INFO - [2023-03-05T06:52:25.729+0000] {dag.py:2690} INFO - Sync 1 DAGs
[2023-03-05T06:52:25.780+0000] {logging_mixin.py:137} INFO - [2023-03-05T06:52:25.780+0000] {dag.py:3441} INFO - Setting next_dagrun for example_python_operator to None, run_after=None
[2023-03-05T06:52:25.801+0000] {processor.py:175} INFO - Processing /home/airflow/.local/lib/python3.7/site-packages/airflow/example_dags/example_python_operator.py took 0.177 seconds
[2023-03-05T08:00:55.197+0000] {processor.py:153} INFO - Started process (PID=6830) to work on /home/airflow/.local/lib/python3.7/site-packages/airflow/example_dags/example_python_operator.py
[2023-03-05T08:00:55.199+0000] {processor.py:743} INFO - Processing file /home/airflow/.local/lib/python3.7/site-packages/airflow/example_dags/example_python_operator.py for tasks to queue
[2023-03-05T08:00:55.200+0000] {logging_mixin.py:137} INFO - [2023-03-05T08:00:55.200+0000] {dagbag.py:538} INFO - Filling up the DagBag from /home/airflow/.local/lib/python3.7/site-packages/airflow/example_dags/example_python_operator.py
[2023-03-05T08:00:55.227+0000] {logging_mixin.py:137} INFO - [2023-03-05T08:00:55.226+0000] {taskmixin.py:205} WARNING - Dependency <Task(_PythonDecoratedOperator): print_the_context>, log_sql_query already registered for DAG: example_python_operator
[2023-03-05T08:00:55.228+0000] {logging_mixin.py:137} INFO - [2023-03-05T08:00:55.228+0000] {taskmixin.py:205} WARNING - Dependency <Task(_PythonDecoratedOperator): log_sql_query>, print_the_context already registered for DAG: example_python_operator
[2023-03-05T08:00:55.229+0000] {logging_mixin.py:137} INFO - [2023-03-05T08:00:55.229+0000] {taskmixin.py:205} WARNING - Dependency <Task(_PythonDecoratedOperator): print_the_context>, log_sql_query already registered for DAG: example_python_operator
[2023-03-05T08:00:55.230+0000] {logging_mixin.py:137} INFO - [2023-03-05T08:00:55.230+0000] {taskmixin.py:205} WARNING - Dependency <Task(_PythonDecoratedOperator): log_sql_query>, print_the_context already registered for DAG: example_python_operator
[2023-03-05T08:00:55.231+0000] {logging_mixin.py:137} INFO - [2023-03-05T08:00:55.231+0000] {taskmixin.py:205} WARNING - Dependency <Task(_PythonDecoratedOperator): print_the_context>, log_sql_query already registered for DAG: example_python_operator
[2023-03-05T08:00:55.232+0000] {logging_mixin.py:137} INFO - [2023-03-05T08:00:55.232+0000] {taskmixin.py:205} WARNING - Dependency <Task(_PythonDecoratedOperator): log_sql_query>, print_the_context already registered for DAG: example_python_operator
[2023-03-05T08:00:55.233+0000] {logging_mixin.py:137} INFO - [2023-03-05T08:00:55.233+0000] {taskmixin.py:205} WARNING - Dependency <Task(_PythonDecoratedOperator): print_the_context>, log_sql_query already registered for DAG: example_python_operator
[2023-03-05T08:00:55.235+0000] {logging_mixin.py:137} INFO - [2023-03-05T08:00:55.235+0000] {taskmixin.py:205} WARNING - Dependency <Task(_PythonDecoratedOperator): log_sql_query>, print_the_context already registered for DAG: example_python_operator
[2023-03-05T08:00:55.245+0000] {processor.py:753} INFO - DAG(s) dict_keys(['example_python_operator']) retrieved from /home/airflow/.local/lib/python3.7/site-packages/airflow/example_dags/example_python_operator.py
[2023-03-05T08:00:55.274+0000] {logging_mixin.py:137} INFO - [2023-03-05T08:00:55.274+0000] {dag.py:2690} INFO - Sync 1 DAGs
[2023-03-05T08:00:55.294+0000] {logging_mixin.py:137} INFO - [2023-03-05T08:00:55.294+0000] {dag.py:3441} INFO - Setting next_dagrun for example_python_operator to None, run_after=None
[2023-03-05T08:00:55.306+0000] {processor.py:175} INFO - Processing /home/airflow/.local/lib/python3.7/site-packages/airflow/example_dags/example_python_operator.py took 0.120 seconds
[2023-03-05T09:23:25.258+0000] {processor.py:153} INFO - Started process (PID=6893) to work on /home/airflow/.local/lib/python3.7/site-packages/airflow/example_dags/example_python_operator.py
[2023-03-05T09:23:25.260+0000] {processor.py:743} INFO - Processing file /home/airflow/.local/lib/python3.7/site-packages/airflow/example_dags/example_python_operator.py for tasks to queue
[2023-03-05T09:23:25.263+0000] {logging_mixin.py:137} INFO - [2023-03-05T09:23:25.262+0000] {dagbag.py:538} INFO - Filling up the DagBag from /home/airflow/.local/lib/python3.7/site-packages/airflow/example_dags/example_python_operator.py
[2023-03-05T09:23:25.279+0000] {logging_mixin.py:137} INFO - [2023-03-05T09:23:25.279+0000] {taskmixin.py:205} WARNING - Dependency <Task(_PythonDecoratedOperator): print_the_context>, log_sql_query already registered for DAG: example_python_operator
[2023-03-05T09:23:25.280+0000] {logging_mixin.py:137} INFO - [2023-03-05T09:23:25.280+0000] {taskmixin.py:205} WARNING - Dependency <Task(_PythonDecoratedOperator): log_sql_query>, print_the_context already registered for DAG: example_python_operator
[2023-03-05T09:23:25.281+0000] {logging_mixin.py:137} INFO - [2023-03-05T09:23:25.281+0000] {taskmixin.py:205} WARNING - Dependency <Task(_PythonDecoratedOperator): print_the_context>, log_sql_query already registered for DAG: example_python_operator
[2023-03-05T09:23:25.282+0000] {logging_mixin.py:137} INFO - [2023-03-05T09:23:25.282+0000] {taskmixin.py:205} WARNING - Dependency <Task(_PythonDecoratedOperator): log_sql_query>, print_the_context already registered for DAG: example_python_operator
[2023-03-05T09:23:25.283+0000] {logging_mixin.py:137} INFO - [2023-03-05T09:23:25.283+0000] {taskmixin.py:205} WARNING - Dependency <Task(_PythonDecoratedOperator): print_the_context>, log_sql_query already registered for DAG: example_python_operator
[2023-03-05T09:23:25.284+0000] {logging_mixin.py:137} INFO - [2023-03-05T09:23:25.284+0000] {taskmixin.py:205} WARNING - Dependency <Task(_PythonDecoratedOperator): log_sql_query>, print_the_context already registered for DAG: example_python_operator
[2023-03-05T09:23:25.287+0000] {logging_mixin.py:137} INFO - [2023-03-05T09:23:25.287+0000] {taskmixin.py:205} WARNING - Dependency <Task(_PythonDecoratedOperator): print_the_context>, log_sql_query already registered for DAG: example_python_operator
[2023-03-05T09:23:25.289+0000] {logging_mixin.py:137} INFO - [2023-03-05T09:23:25.289+0000] {taskmixin.py:205} WARNING - Dependency <Task(_PythonDecoratedOperator): log_sql_query>, print_the_context already registered for DAG: example_python_operator
[2023-03-05T09:23:25.301+0000] {processor.py:753} INFO - DAG(s) dict_keys(['example_python_operator']) retrieved from /home/airflow/.local/lib/python3.7/site-packages/airflow/example_dags/example_python_operator.py
[2023-03-05T09:23:25.328+0000] {logging_mixin.py:137} INFO - [2023-03-05T09:23:25.328+0000] {dag.py:2690} INFO - Sync 1 DAGs
[2023-03-05T09:23:25.346+0000] {logging_mixin.py:137} INFO - [2023-03-05T09:23:25.346+0000] {dag.py:3441} INFO - Setting next_dagrun for example_python_operator to None, run_after=None
[2023-03-05T09:23:25.359+0000] {processor.py:175} INFO - Processing /home/airflow/.local/lib/python3.7/site-packages/airflow/example_dags/example_python_operator.py took 0.107 seconds
[2023-03-05T10:39:42.652+0000] {processor.py:153} INFO - Started process (PID=6965) to work on /home/airflow/.local/lib/python3.7/site-packages/airflow/example_dags/example_python_operator.py
[2023-03-05T10:39:42.654+0000] {processor.py:743} INFO - Processing file /home/airflow/.local/lib/python3.7/site-packages/airflow/example_dags/example_python_operator.py for tasks to queue
[2023-03-05T10:39:42.655+0000] {logging_mixin.py:137} INFO - [2023-03-05T10:39:42.655+0000] {dagbag.py:538} INFO - Filling up the DagBag from /home/airflow/.local/lib/python3.7/site-packages/airflow/example_dags/example_python_operator.py
[2023-03-05T10:39:42.690+0000] {logging_mixin.py:137} INFO - [2023-03-05T10:39:42.690+0000] {taskmixin.py:205} WARNING - Dependency <Task(_PythonDecoratedOperator): print_the_context>, log_sql_query already registered for DAG: example_python_operator
[2023-03-05T10:39:42.693+0000] {logging_mixin.py:137} INFO - [2023-03-05T10:39:42.691+0000] {taskmixin.py:205} WARNING - Dependency <Task(_PythonDecoratedOperator): log_sql_query>, print_the_context already registered for DAG: example_python_operator
[2023-03-05T10:39:42.694+0000] {logging_mixin.py:137} INFO - [2023-03-05T10:39:42.694+0000] {taskmixin.py:205} WARNING - Dependency <Task(_PythonDecoratedOperator): print_the_context>, log_sql_query already registered for DAG: example_python_operator
[2023-03-05T10:39:42.696+0000] {logging_mixin.py:137} INFO - [2023-03-05T10:39:42.695+0000] {taskmixin.py:205} WARNING - Dependency <Task(_PythonDecoratedOperator): log_sql_query>, print_the_context already registered for DAG: example_python_operator
[2023-03-05T10:39:42.697+0000] {logging_mixin.py:137} INFO - [2023-03-05T10:39:42.697+0000] {taskmixin.py:205} WARNING - Dependency <Task(_PythonDecoratedOperator): print_the_context>, log_sql_query already registered for DAG: example_python_operator
[2023-03-05T10:39:42.698+0000] {logging_mixin.py:137} INFO - [2023-03-05T10:39:42.698+0000] {taskmixin.py:205} WARNING - Dependency <Task(_PythonDecoratedOperator): log_sql_query>, print_the_context already registered for DAG: example_python_operator
[2023-03-05T10:39:42.704+0000] {logging_mixin.py:137} INFO - [2023-03-05T10:39:42.704+0000] {taskmixin.py:205} WARNING - Dependency <Task(_PythonDecoratedOperator): print_the_context>, log_sql_query already registered for DAG: example_python_operator
[2023-03-05T10:39:42.705+0000] {logging_mixin.py:137} INFO - [2023-03-05T10:39:42.705+0000] {taskmixin.py:205} WARNING - Dependency <Task(_PythonDecoratedOperator): log_sql_query>, print_the_context already registered for DAG: example_python_operator
[2023-03-05T10:39:42.728+0000] {processor.py:753} INFO - DAG(s) dict_keys(['example_python_operator']) retrieved from /home/airflow/.local/lib/python3.7/site-packages/airflow/example_dags/example_python_operator.py
[2023-03-05T10:39:42.841+0000] {logging_mixin.py:137} INFO - [2023-03-05T10:39:42.841+0000] {dag.py:2690} INFO - Sync 1 DAGs
[2023-03-05T10:39:42.888+0000] {logging_mixin.py:137} INFO - [2023-03-05T10:39:42.888+0000] {dag.py:3441} INFO - Setting next_dagrun for example_python_operator to None, run_after=None
[2023-03-05T10:39:42.915+0000] {processor.py:175} INFO - Processing /home/airflow/.local/lib/python3.7/site-packages/airflow/example_dags/example_python_operator.py took 0.269 seconds
[2023-03-05T11:30:38.912+0000] {processor.py:153} INFO - Started process (PID=7031) to work on /home/airflow/.local/lib/python3.7/site-packages/airflow/example_dags/example_python_operator.py
[2023-03-05T11:30:38.913+0000] {processor.py:743} INFO - Processing file /home/airflow/.local/lib/python3.7/site-packages/airflow/example_dags/example_python_operator.py for tasks to queue
[2023-03-05T11:30:38.914+0000] {logging_mixin.py:137} INFO - [2023-03-05T11:30:38.914+0000] {dagbag.py:538} INFO - Filling up the DagBag from /home/airflow/.local/lib/python3.7/site-packages/airflow/example_dags/example_python_operator.py
[2023-03-05T11:30:38.940+0000] {logging_mixin.py:137} INFO - [2023-03-05T11:30:38.940+0000] {taskmixin.py:205} WARNING - Dependency <Task(_PythonDecoratedOperator): print_the_context>, log_sql_query already registered for DAG: example_python_operator
[2023-03-05T11:30:38.941+0000] {logging_mixin.py:137} INFO - [2023-03-05T11:30:38.941+0000] {taskmixin.py:205} WARNING - Dependency <Task(_PythonDecoratedOperator): log_sql_query>, print_the_context already registered for DAG: example_python_operator
[2023-03-05T11:30:38.943+0000] {logging_mixin.py:137} INFO - [2023-03-05T11:30:38.943+0000] {taskmixin.py:205} WARNING - Dependency <Task(_PythonDecoratedOperator): print_the_context>, log_sql_query already registered for DAG: example_python_operator
[2023-03-05T11:30:38.944+0000] {logging_mixin.py:137} INFO - [2023-03-05T11:30:38.944+0000] {taskmixin.py:205} WARNING - Dependency <Task(_PythonDecoratedOperator): log_sql_query>, print_the_context already registered for DAG: example_python_operator
[2023-03-05T11:30:38.945+0000] {logging_mixin.py:137} INFO - [2023-03-05T11:30:38.945+0000] {taskmixin.py:205} WARNING - Dependency <Task(_PythonDecoratedOperator): print_the_context>, log_sql_query already registered for DAG: example_python_operator
[2023-03-05T11:30:38.946+0000] {logging_mixin.py:137} INFO - [2023-03-05T11:30:38.946+0000] {taskmixin.py:205} WARNING - Dependency <Task(_PythonDecoratedOperator): log_sql_query>, print_the_context already registered for DAG: example_python_operator
[2023-03-05T11:30:38.947+0000] {logging_mixin.py:137} INFO - [2023-03-05T11:30:38.947+0000] {taskmixin.py:205} WARNING - Dependency <Task(_PythonDecoratedOperator): print_the_context>, log_sql_query already registered for DAG: example_python_operator
[2023-03-05T11:30:38.948+0000] {logging_mixin.py:137} INFO - [2023-03-05T11:30:38.948+0000] {taskmixin.py:205} WARNING - Dependency <Task(_PythonDecoratedOperator): log_sql_query>, print_the_context already registered for DAG: example_python_operator
[2023-03-05T11:30:38.955+0000] {processor.py:753} INFO - DAG(s) dict_keys(['example_python_operator']) retrieved from /home/airflow/.local/lib/python3.7/site-packages/airflow/example_dags/example_python_operator.py
[2023-03-05T11:30:38.978+0000] {logging_mixin.py:137} INFO - [2023-03-05T11:30:38.978+0000] {dag.py:2690} INFO - Sync 1 DAGs
[2023-03-05T11:30:38.995+0000] {logging_mixin.py:137} INFO - [2023-03-05T11:30:38.995+0000] {dag.py:3441} INFO - Setting next_dagrun for example_python_operator to None, run_after=None
[2023-03-05T11:30:39.007+0000] {processor.py:175} INFO - Processing /home/airflow/.local/lib/python3.7/site-packages/airflow/example_dags/example_python_operator.py took 0.097 seconds
[2023-03-05T12:33:25.813+0000] {processor.py:153} INFO - Started process (PID=7107) to work on /home/airflow/.local/lib/python3.7/site-packages/airflow/example_dags/example_python_operator.py
[2023-03-05T12:33:25.847+0000] {processor.py:743} INFO - Processing file /home/airflow/.local/lib/python3.7/site-packages/airflow/example_dags/example_python_operator.py for tasks to queue
[2023-03-05T12:33:25.854+0000] {logging_mixin.py:137} INFO - [2023-03-05T12:33:25.853+0000] {dagbag.py:538} INFO - Filling up the DagBag from /home/airflow/.local/lib/python3.7/site-packages/airflow/example_dags/example_python_operator.py
[2023-03-05T12:33:26.257+0000] {logging_mixin.py:137} INFO - [2023-03-05T12:33:26.257+0000] {taskmixin.py:205} WARNING - Dependency <Task(_PythonDecoratedOperator): print_the_context>, log_sql_query already registered for DAG: example_python_operator
[2023-03-05T12:33:26.267+0000] {logging_mixin.py:137} INFO - [2023-03-05T12:33:26.267+0000] {taskmixin.py:205} WARNING - Dependency <Task(_PythonDecoratedOperator): log_sql_query>, print_the_context already registered for DAG: example_python_operator
[2023-03-05T12:33:26.272+0000] {logging_mixin.py:137} INFO - [2023-03-05T12:33:26.271+0000] {taskmixin.py:205} WARNING - Dependency <Task(_PythonDecoratedOperator): print_the_context>, log_sql_query already registered for DAG: example_python_operator
[2023-03-05T12:33:26.276+0000] {logging_mixin.py:137} INFO - [2023-03-05T12:33:26.276+0000] {taskmixin.py:205} WARNING - Dependency <Task(_PythonDecoratedOperator): log_sql_query>, print_the_context already registered for DAG: example_python_operator
[2023-03-05T12:33:26.285+0000] {logging_mixin.py:137} INFO - [2023-03-05T12:33:26.284+0000] {taskmixin.py:205} WARNING - Dependency <Task(_PythonDecoratedOperator): print_the_context>, log_sql_query already registered for DAG: example_python_operator
[2023-03-05T12:33:26.295+0000] {logging_mixin.py:137} INFO - [2023-03-05T12:33:26.295+0000] {taskmixin.py:205} WARNING - Dependency <Task(_PythonDecoratedOperator): log_sql_query>, print_the_context already registered for DAG: example_python_operator
[2023-03-05T12:33:26.300+0000] {logging_mixin.py:137} INFO - [2023-03-05T12:33:26.299+0000] {taskmixin.py:205} WARNING - Dependency <Task(_PythonDecoratedOperator): print_the_context>, log_sql_query already registered for DAG: example_python_operator
[2023-03-05T12:33:26.301+0000] {logging_mixin.py:137} INFO - [2023-03-05T12:33:26.301+0000] {taskmixin.py:205} WARNING - Dependency <Task(_PythonDecoratedOperator): log_sql_query>, print_the_context already registered for DAG: example_python_operator
[2023-03-05T12:33:26.366+0000] {processor.py:753} INFO - DAG(s) dict_keys(['example_python_operator']) retrieved from /home/airflow/.local/lib/python3.7/site-packages/airflow/example_dags/example_python_operator.py
[2023-03-05T12:33:26.846+0000] {logging_mixin.py:137} INFO - [2023-03-05T12:33:26.841+0000] {dag.py:2690} INFO - Sync 1 DAGs
[2023-03-05T12:33:27.020+0000] {logging_mixin.py:137} INFO - [2023-03-05T12:33:27.020+0000] {dag.py:3441} INFO - Setting next_dagrun for example_python_operator to None, run_after=None
[2023-03-05T12:33:27.086+0000] {processor.py:175} INFO - Processing /home/airflow/.local/lib/python3.7/site-packages/airflow/example_dags/example_python_operator.py took 1.296 seconds
[2023-03-05T12:34:54.622+0000] {processor.py:153} INFO - Started process (PID=7185) to work on /home/airflow/.local/lib/python3.7/site-packages/airflow/example_dags/example_python_operator.py
[2023-03-05T12:34:54.640+0000] {processor.py:743} INFO - Processing file /home/airflow/.local/lib/python3.7/site-packages/airflow/example_dags/example_python_operator.py for tasks to queue
[2023-03-05T12:34:54.644+0000] {logging_mixin.py:137} INFO - [2023-03-05T12:34:54.644+0000] {dagbag.py:538} INFO - Filling up the DagBag from /home/airflow/.local/lib/python3.7/site-packages/airflow/example_dags/example_python_operator.py
[2023-03-05T12:34:54.719+0000] {logging_mixin.py:137} INFO - [2023-03-05T12:34:54.719+0000] {taskmixin.py:205} WARNING - Dependency <Task(_PythonDecoratedOperator): print_the_context>, log_sql_query already registered for DAG: example_python_operator
[2023-03-05T12:34:54.725+0000] {logging_mixin.py:137} INFO - [2023-03-05T12:34:54.724+0000] {taskmixin.py:205} WARNING - Dependency <Task(_PythonDecoratedOperator): log_sql_query>, print_the_context already registered for DAG: example_python_operator
[2023-03-05T12:34:54.730+0000] {logging_mixin.py:137} INFO - [2023-03-05T12:34:54.729+0000] {taskmixin.py:205} WARNING - Dependency <Task(_PythonDecoratedOperator): print_the_context>, log_sql_query already registered for DAG: example_python_operator
[2023-03-05T12:34:54.734+0000] {logging_mixin.py:137} INFO - [2023-03-05T12:34:54.734+0000] {taskmixin.py:205} WARNING - Dependency <Task(_PythonDecoratedOperator): log_sql_query>, print_the_context already registered for DAG: example_python_operator
[2023-03-05T12:34:54.752+0000] {logging_mixin.py:137} INFO - [2023-03-05T12:34:54.752+0000] {taskmixin.py:205} WARNING - Dependency <Task(_PythonDecoratedOperator): print_the_context>, log_sql_query already registered for DAG: example_python_operator
[2023-03-05T12:34:54.755+0000] {logging_mixin.py:137} INFO - [2023-03-05T12:34:54.755+0000] {taskmixin.py:205} WARNING - Dependency <Task(_PythonDecoratedOperator): log_sql_query>, print_the_context already registered for DAG: example_python_operator
[2023-03-05T12:34:54.760+0000] {logging_mixin.py:137} INFO - [2023-03-05T12:34:54.760+0000] {taskmixin.py:205} WARNING - Dependency <Task(_PythonDecoratedOperator): print_the_context>, log_sql_query already registered for DAG: example_python_operator
[2023-03-05T12:34:54.762+0000] {logging_mixin.py:137} INFO - [2023-03-05T12:34:54.762+0000] {taskmixin.py:205} WARNING - Dependency <Task(_PythonDecoratedOperator): log_sql_query>, print_the_context already registered for DAG: example_python_operator
[2023-03-05T12:34:54.803+0000] {processor.py:753} INFO - DAG(s) dict_keys(['example_python_operator']) retrieved from /home/airflow/.local/lib/python3.7/site-packages/airflow/example_dags/example_python_operator.py
[2023-03-05T12:34:54.948+0000] {logging_mixin.py:137} INFO - [2023-03-05T12:34:54.948+0000] {dag.py:2690} INFO - Sync 1 DAGs
[2023-03-05T12:34:55.171+0000] {logging_mixin.py:137} INFO - [2023-03-05T12:34:55.169+0000] {dag.py:3441} INFO - Setting next_dagrun for example_python_operator to None, run_after=None
[2023-03-05T12:34:55.251+0000] {processor.py:175} INFO - Processing /home/airflow/.local/lib/python3.7/site-packages/airflow/example_dags/example_python_operator.py took 0.654 seconds
[2023-03-05T12:35:26.290+0000] {processor.py:153} INFO - Started process (PID=7249) to work on /home/airflow/.local/lib/python3.7/site-packages/airflow/example_dags/example_python_operator.py
[2023-03-05T12:35:26.300+0000] {processor.py:743} INFO - Processing file /home/airflow/.local/lib/python3.7/site-packages/airflow/example_dags/example_python_operator.py for tasks to queue
[2023-03-05T12:35:26.303+0000] {logging_mixin.py:137} INFO - [2023-03-05T12:35:26.303+0000] {dagbag.py:538} INFO - Filling up the DagBag from /home/airflow/.local/lib/python3.7/site-packages/airflow/example_dags/example_python_operator.py
[2023-03-05T12:35:26.360+0000] {logging_mixin.py:137} INFO - [2023-03-05T12:35:26.360+0000] {taskmixin.py:205} WARNING - Dependency <Task(_PythonDecoratedOperator): print_the_context>, log_sql_query already registered for DAG: example_python_operator
[2023-03-05T12:35:26.367+0000] {logging_mixin.py:137} INFO - [2023-03-05T12:35:26.366+0000] {taskmixin.py:205} WARNING - Dependency <Task(_PythonDecoratedOperator): log_sql_query>, print_the_context already registered for DAG: example_python_operator
[2023-03-05T12:35:26.376+0000] {logging_mixin.py:137} INFO - [2023-03-05T12:35:26.376+0000] {taskmixin.py:205} WARNING - Dependency <Task(_PythonDecoratedOperator): print_the_context>, log_sql_query already registered for DAG: example_python_operator
[2023-03-05T12:35:26.378+0000] {logging_mixin.py:137} INFO - [2023-03-05T12:35:26.378+0000] {taskmixin.py:205} WARNING - Dependency <Task(_PythonDecoratedOperator): log_sql_query>, print_the_context already registered for DAG: example_python_operator
[2023-03-05T12:35:26.380+0000] {logging_mixin.py:137} INFO - [2023-03-05T12:35:26.380+0000] {taskmixin.py:205} WARNING - Dependency <Task(_PythonDecoratedOperator): print_the_context>, log_sql_query already registered for DAG: example_python_operator
[2023-03-05T12:35:26.380+0000] {logging_mixin.py:137} INFO - [2023-03-05T12:35:26.380+0000] {taskmixin.py:205} WARNING - Dependency <Task(_PythonDecoratedOperator): log_sql_query>, print_the_context already registered for DAG: example_python_operator
[2023-03-05T12:35:26.383+0000] {logging_mixin.py:137} INFO - [2023-03-05T12:35:26.383+0000] {taskmixin.py:205} WARNING - Dependency <Task(_PythonDecoratedOperator): print_the_context>, log_sql_query already registered for DAG: example_python_operator
[2023-03-05T12:35:26.385+0000] {logging_mixin.py:137} INFO - [2023-03-05T12:35:26.385+0000] {taskmixin.py:205} WARNING - Dependency <Task(_PythonDecoratedOperator): log_sql_query>, print_the_context already registered for DAG: example_python_operator
[2023-03-05T12:35:26.397+0000] {processor.py:753} INFO - DAG(s) dict_keys(['example_python_operator']) retrieved from /home/airflow/.local/lib/python3.7/site-packages/airflow/example_dags/example_python_operator.py
[2023-03-05T12:35:26.448+0000] {logging_mixin.py:137} INFO - [2023-03-05T12:35:26.447+0000] {dag.py:2690} INFO - Sync 1 DAGs
[2023-03-05T12:35:26.469+0000] {logging_mixin.py:137} INFO - [2023-03-05T12:35:26.469+0000] {dag.py:3441} INFO - Setting next_dagrun for example_python_operator to None, run_after=None
[2023-03-05T12:35:26.487+0000] {processor.py:175} INFO - Processing /home/airflow/.local/lib/python3.7/site-packages/airflow/example_dags/example_python_operator.py took 0.213 seconds
[2023-03-05T12:35:57.470+0000] {processor.py:153} INFO - Started process (PID=7312) to work on /home/airflow/.local/lib/python3.7/site-packages/airflow/example_dags/example_python_operator.py
[2023-03-05T12:35:57.474+0000] {processor.py:743} INFO - Processing file /home/airflow/.local/lib/python3.7/site-packages/airflow/example_dags/example_python_operator.py for tasks to queue
[2023-03-05T12:35:57.476+0000] {logging_mixin.py:137} INFO - [2023-03-05T12:35:57.475+0000] {dagbag.py:538} INFO - Filling up the DagBag from /home/airflow/.local/lib/python3.7/site-packages/airflow/example_dags/example_python_operator.py
[2023-03-05T12:35:57.553+0000] {logging_mixin.py:137} INFO - [2023-03-05T12:35:57.552+0000] {taskmixin.py:205} WARNING - Dependency <Task(_PythonDecoratedOperator): print_the_context>, log_sql_query already registered for DAG: example_python_operator
[2023-03-05T12:35:57.556+0000] {logging_mixin.py:137} INFO - [2023-03-05T12:35:57.556+0000] {taskmixin.py:205} WARNING - Dependency <Task(_PythonDecoratedOperator): log_sql_query>, print_the_context already registered for DAG: example_python_operator
[2023-03-05T12:35:57.558+0000] {logging_mixin.py:137} INFO - [2023-03-05T12:35:57.558+0000] {taskmixin.py:205} WARNING - Dependency <Task(_PythonDecoratedOperator): print_the_context>, log_sql_query already registered for DAG: example_python_operator
[2023-03-05T12:35:57.560+0000] {logging_mixin.py:137} INFO - [2023-03-05T12:35:57.560+0000] {taskmixin.py:205} WARNING - Dependency <Task(_PythonDecoratedOperator): log_sql_query>, print_the_context already registered for DAG: example_python_operator
[2023-03-05T12:35:57.561+0000] {logging_mixin.py:137} INFO - [2023-03-05T12:35:57.561+0000] {taskmixin.py:205} WARNING - Dependency <Task(_PythonDecoratedOperator): print_the_context>, log_sql_query already registered for DAG: example_python_operator
[2023-03-05T12:35:57.570+0000] {logging_mixin.py:137} INFO - [2023-03-05T12:35:57.570+0000] {taskmixin.py:205} WARNING - Dependency <Task(_PythonDecoratedOperator): log_sql_query>, print_the_context already registered for DAG: example_python_operator
[2023-03-05T12:35:57.572+0000] {logging_mixin.py:137} INFO - [2023-03-05T12:35:57.572+0000] {taskmixin.py:205} WARNING - Dependency <Task(_PythonDecoratedOperator): print_the_context>, log_sql_query already registered for DAG: example_python_operator
[2023-03-05T12:35:57.574+0000] {logging_mixin.py:137} INFO - [2023-03-05T12:35:57.574+0000] {taskmixin.py:205} WARNING - Dependency <Task(_PythonDecoratedOperator): log_sql_query>, print_the_context already registered for DAG: example_python_operator
[2023-03-05T12:35:57.586+0000] {processor.py:753} INFO - DAG(s) dict_keys(['example_python_operator']) retrieved from /home/airflow/.local/lib/python3.7/site-packages/airflow/example_dags/example_python_operator.py
[2023-03-05T12:35:57.642+0000] {logging_mixin.py:137} INFO - [2023-03-05T12:35:57.642+0000] {dag.py:2690} INFO - Sync 1 DAGs
[2023-03-05T12:35:57.683+0000] {logging_mixin.py:137} INFO - [2023-03-05T12:35:57.683+0000] {dag.py:3441} INFO - Setting next_dagrun for example_python_operator to None, run_after=None
[2023-03-05T12:35:57.703+0000] {processor.py:175} INFO - Processing /home/airflow/.local/lib/python3.7/site-packages/airflow/example_dags/example_python_operator.py took 0.250 seconds
[2023-03-05T12:36:27.799+0000] {processor.py:153} INFO - Started process (PID=7376) to work on /home/airflow/.local/lib/python3.7/site-packages/airflow/example_dags/example_python_operator.py
[2023-03-05T12:36:27.801+0000] {processor.py:743} INFO - Processing file /home/airflow/.local/lib/python3.7/site-packages/airflow/example_dags/example_python_operator.py for tasks to queue
[2023-03-05T12:36:27.802+0000] {logging_mixin.py:137} INFO - [2023-03-05T12:36:27.802+0000] {dagbag.py:538} INFO - Filling up the DagBag from /home/airflow/.local/lib/python3.7/site-packages/airflow/example_dags/example_python_operator.py
[2023-03-05T12:36:27.837+0000] {logging_mixin.py:137} INFO - [2023-03-05T12:36:27.837+0000] {taskmixin.py:205} WARNING - Dependency <Task(_PythonDecoratedOperator): print_the_context>, log_sql_query already registered for DAG: example_python_operator
[2023-03-05T12:36:27.838+0000] {logging_mixin.py:137} INFO - [2023-03-05T12:36:27.838+0000] {taskmixin.py:205} WARNING - Dependency <Task(_PythonDecoratedOperator): log_sql_query>, print_the_context already registered for DAG: example_python_operator
[2023-03-05T12:36:27.840+0000] {logging_mixin.py:137} INFO - [2023-03-05T12:36:27.840+0000] {taskmixin.py:205} WARNING - Dependency <Task(_PythonDecoratedOperator): print_the_context>, log_sql_query already registered for DAG: example_python_operator
[2023-03-05T12:36:27.840+0000] {logging_mixin.py:137} INFO - [2023-03-05T12:36:27.840+0000] {taskmixin.py:205} WARNING - Dependency <Task(_PythonDecoratedOperator): log_sql_query>, print_the_context already registered for DAG: example_python_operator
[2023-03-05T12:36:27.841+0000] {logging_mixin.py:137} INFO - [2023-03-05T12:36:27.841+0000] {taskmixin.py:205} WARNING - Dependency <Task(_PythonDecoratedOperator): print_the_context>, log_sql_query already registered for DAG: example_python_operator
[2023-03-05T12:36:27.842+0000] {logging_mixin.py:137} INFO - [2023-03-05T12:36:27.842+0000] {taskmixin.py:205} WARNING - Dependency <Task(_PythonDecoratedOperator): log_sql_query>, print_the_context already registered for DAG: example_python_operator
[2023-03-05T12:36:27.843+0000] {logging_mixin.py:137} INFO - [2023-03-05T12:36:27.843+0000] {taskmixin.py:205} WARNING - Dependency <Task(_PythonDecoratedOperator): print_the_context>, log_sql_query already registered for DAG: example_python_operator
[2023-03-05T12:36:27.844+0000] {logging_mixin.py:137} INFO - [2023-03-05T12:36:27.844+0000] {taskmixin.py:205} WARNING - Dependency <Task(_PythonDecoratedOperator): log_sql_query>, print_the_context already registered for DAG: example_python_operator
[2023-03-05T12:36:27.853+0000] {processor.py:753} INFO - DAG(s) dict_keys(['example_python_operator']) retrieved from /home/airflow/.local/lib/python3.7/site-packages/airflow/example_dags/example_python_operator.py
[2023-03-05T12:36:27.906+0000] {logging_mixin.py:137} INFO - [2023-03-05T12:36:27.906+0000] {dag.py:2690} INFO - Sync 1 DAGs
[2023-03-05T12:36:27.927+0000] {logging_mixin.py:137} INFO - [2023-03-05T12:36:27.927+0000] {dag.py:3441} INFO - Setting next_dagrun for example_python_operator to None, run_after=None
[2023-03-05T12:36:27.939+0000] {processor.py:175} INFO - Processing /home/airflow/.local/lib/python3.7/site-packages/airflow/example_dags/example_python_operator.py took 0.146 seconds
[2023-03-05T12:36:58.494+0000] {processor.py:153} INFO - Started process (PID=7437) to work on /home/airflow/.local/lib/python3.7/site-packages/airflow/example_dags/example_python_operator.py
[2023-03-05T12:36:58.497+0000] {processor.py:743} INFO - Processing file /home/airflow/.local/lib/python3.7/site-packages/airflow/example_dags/example_python_operator.py for tasks to queue
[2023-03-05T12:36:58.499+0000] {logging_mixin.py:137} INFO - [2023-03-05T12:36:58.499+0000] {dagbag.py:538} INFO - Filling up the DagBag from /home/airflow/.local/lib/python3.7/site-packages/airflow/example_dags/example_python_operator.py
[2023-03-05T12:36:58.542+0000] {logging_mixin.py:137} INFO - [2023-03-05T12:36:58.541+0000] {taskmixin.py:205} WARNING - Dependency <Task(_PythonDecoratedOperator): print_the_context>, log_sql_query already registered for DAG: example_python_operator
[2023-03-05T12:36:58.544+0000] {logging_mixin.py:137} INFO - [2023-03-05T12:36:58.544+0000] {taskmixin.py:205} WARNING - Dependency <Task(_PythonDecoratedOperator): log_sql_query>, print_the_context already registered for DAG: example_python_operator
[2023-03-05T12:36:58.547+0000] {logging_mixin.py:137} INFO - [2023-03-05T12:36:58.547+0000] {taskmixin.py:205} WARNING - Dependency <Task(_PythonDecoratedOperator): print_the_context>, log_sql_query already registered for DAG: example_python_operator
[2023-03-05T12:36:58.548+0000] {logging_mixin.py:137} INFO - [2023-03-05T12:36:58.548+0000] {taskmixin.py:205} WARNING - Dependency <Task(_PythonDecoratedOperator): log_sql_query>, print_the_context already registered for DAG: example_python_operator
[2023-03-05T12:36:58.550+0000] {logging_mixin.py:137} INFO - [2023-03-05T12:36:58.550+0000] {taskmixin.py:205} WARNING - Dependency <Task(_PythonDecoratedOperator): print_the_context>, log_sql_query already registered for DAG: example_python_operator
[2023-03-05T12:36:58.555+0000] {logging_mixin.py:137} INFO - [2023-03-05T12:36:58.553+0000] {taskmixin.py:205} WARNING - Dependency <Task(_PythonDecoratedOperator): log_sql_query>, print_the_context already registered for DAG: example_python_operator
[2023-03-05T12:36:58.556+0000] {logging_mixin.py:137} INFO - [2023-03-05T12:36:58.556+0000] {taskmixin.py:205} WARNING - Dependency <Task(_PythonDecoratedOperator): print_the_context>, log_sql_query already registered for DAG: example_python_operator
[2023-03-05T12:36:58.556+0000] {logging_mixin.py:137} INFO - [2023-03-05T12:36:58.556+0000] {taskmixin.py:205} WARNING - Dependency <Task(_PythonDecoratedOperator): log_sql_query>, print_the_context already registered for DAG: example_python_operator
[2023-03-05T12:36:58.563+0000] {processor.py:753} INFO - DAG(s) dict_keys(['example_python_operator']) retrieved from /home/airflow/.local/lib/python3.7/site-packages/airflow/example_dags/example_python_operator.py
[2023-03-05T12:36:58.611+0000] {logging_mixin.py:137} INFO - [2023-03-05T12:36:58.611+0000] {dag.py:2690} INFO - Sync 1 DAGs
[2023-03-05T12:36:58.638+0000] {logging_mixin.py:137} INFO - [2023-03-05T12:36:58.638+0000] {dag.py:3441} INFO - Setting next_dagrun for example_python_operator to None, run_after=None
[2023-03-05T12:36:58.652+0000] {processor.py:175} INFO - Processing /home/airflow/.local/lib/python3.7/site-packages/airflow/example_dags/example_python_operator.py took 0.164 seconds
[2023-03-05T12:37:29.536+0000] {processor.py:153} INFO - Started process (PID=7513) to work on /home/airflow/.local/lib/python3.7/site-packages/airflow/example_dags/example_python_operator.py
[2023-03-05T12:37:29.539+0000] {processor.py:743} INFO - Processing file /home/airflow/.local/lib/python3.7/site-packages/airflow/example_dags/example_python_operator.py for tasks to queue
[2023-03-05T12:37:29.541+0000] {logging_mixin.py:137} INFO - [2023-03-05T12:37:29.541+0000] {dagbag.py:538} INFO - Filling up the DagBag from /home/airflow/.local/lib/python3.7/site-packages/airflow/example_dags/example_python_operator.py
[2023-03-05T12:37:29.592+0000] {logging_mixin.py:137} INFO - [2023-03-05T12:37:29.592+0000] {taskmixin.py:205} WARNING - Dependency <Task(_PythonDecoratedOperator): print_the_context>, log_sql_query already registered for DAG: example_python_operator
[2023-03-05T12:37:29.596+0000] {logging_mixin.py:137} INFO - [2023-03-05T12:37:29.596+0000] {taskmixin.py:205} WARNING - Dependency <Task(_PythonDecoratedOperator): log_sql_query>, print_the_context already registered for DAG: example_python_operator
[2023-03-05T12:37:29.599+0000] {logging_mixin.py:137} INFO - [2023-03-05T12:37:29.599+0000] {taskmixin.py:205} WARNING - Dependency <Task(_PythonDecoratedOperator): print_the_context>, log_sql_query already registered for DAG: example_python_operator
[2023-03-05T12:37:29.607+0000] {logging_mixin.py:137} INFO - [2023-03-05T12:37:29.607+0000] {taskmixin.py:205} WARNING - Dependency <Task(_PythonDecoratedOperator): log_sql_query>, print_the_context already registered for DAG: example_python_operator
[2023-03-05T12:37:29.610+0000] {logging_mixin.py:137} INFO - [2023-03-05T12:37:29.609+0000] {taskmixin.py:205} WARNING - Dependency <Task(_PythonDecoratedOperator): print_the_context>, log_sql_query already registered for DAG: example_python_operator
[2023-03-05T12:37:29.611+0000] {logging_mixin.py:137} INFO - [2023-03-05T12:37:29.611+0000] {taskmixin.py:205} WARNING - Dependency <Task(_PythonDecoratedOperator): log_sql_query>, print_the_context already registered for DAG: example_python_operator
[2023-03-05T12:37:29.613+0000] {logging_mixin.py:137} INFO - [2023-03-05T12:37:29.613+0000] {taskmixin.py:205} WARNING - Dependency <Task(_PythonDecoratedOperator): print_the_context>, log_sql_query already registered for DAG: example_python_operator
[2023-03-05T12:37:29.614+0000] {logging_mixin.py:137} INFO - [2023-03-05T12:37:29.614+0000] {taskmixin.py:205} WARNING - Dependency <Task(_PythonDecoratedOperator): log_sql_query>, print_the_context already registered for DAG: example_python_operator
[2023-03-05T12:37:29.624+0000] {processor.py:753} INFO - DAG(s) dict_keys(['example_python_operator']) retrieved from /home/airflow/.local/lib/python3.7/site-packages/airflow/example_dags/example_python_operator.py
[2023-03-05T12:37:29.675+0000] {logging_mixin.py:137} INFO - [2023-03-05T12:37:29.675+0000] {dag.py:2690} INFO - Sync 1 DAGs
[2023-03-05T12:37:29.707+0000] {logging_mixin.py:137} INFO - [2023-03-05T12:37:29.707+0000] {dag.py:3441} INFO - Setting next_dagrun for example_python_operator to None, run_after=None
[2023-03-05T12:37:29.741+0000] {processor.py:175} INFO - Processing /home/airflow/.local/lib/python3.7/site-packages/airflow/example_dags/example_python_operator.py took 0.212 seconds
[2023-03-05T12:38:00.088+0000] {processor.py:153} INFO - Started process (PID=7577) to work on /home/airflow/.local/lib/python3.7/site-packages/airflow/example_dags/example_python_operator.py
[2023-03-05T12:38:00.091+0000] {processor.py:743} INFO - Processing file /home/airflow/.local/lib/python3.7/site-packages/airflow/example_dags/example_python_operator.py for tasks to queue
[2023-03-05T12:38:00.093+0000] {logging_mixin.py:137} INFO - [2023-03-05T12:38:00.093+0000] {dagbag.py:538} INFO - Filling up the DagBag from /home/airflow/.local/lib/python3.7/site-packages/airflow/example_dags/example_python_operator.py
[2023-03-05T12:38:00.118+0000] {logging_mixin.py:137} INFO - [2023-03-05T12:38:00.117+0000] {taskmixin.py:205} WARNING - Dependency <Task(_PythonDecoratedOperator): print_the_context>, log_sql_query already registered for DAG: example_python_operator
[2023-03-05T12:38:00.119+0000] {logging_mixin.py:137} INFO - [2023-03-05T12:38:00.119+0000] {taskmixin.py:205} WARNING - Dependency <Task(_PythonDecoratedOperator): log_sql_query>, print_the_context already registered for DAG: example_python_operator
[2023-03-05T12:38:00.120+0000] {logging_mixin.py:137} INFO - [2023-03-05T12:38:00.120+0000] {taskmixin.py:205} WARNING - Dependency <Task(_PythonDecoratedOperator): print_the_context>, log_sql_query already registered for DAG: example_python_operator
[2023-03-05T12:38:00.121+0000] {logging_mixin.py:137} INFO - [2023-03-05T12:38:00.121+0000] {taskmixin.py:205} WARNING - Dependency <Task(_PythonDecoratedOperator): log_sql_query>, print_the_context already registered for DAG: example_python_operator
[2023-03-05T12:38:00.122+0000] {logging_mixin.py:137} INFO - [2023-03-05T12:38:00.122+0000] {taskmixin.py:205} WARNING - Dependency <Task(_PythonDecoratedOperator): print_the_context>, log_sql_query already registered for DAG: example_python_operator
[2023-03-05T12:38:00.123+0000] {logging_mixin.py:137} INFO - [2023-03-05T12:38:00.123+0000] {taskmixin.py:205} WARNING - Dependency <Task(_PythonDecoratedOperator): log_sql_query>, print_the_context already registered for DAG: example_python_operator
[2023-03-05T12:38:00.124+0000] {logging_mixin.py:137} INFO - [2023-03-05T12:38:00.124+0000] {taskmixin.py:205} WARNING - Dependency <Task(_PythonDecoratedOperator): print_the_context>, log_sql_query already registered for DAG: example_python_operator
[2023-03-05T12:38:00.125+0000] {logging_mixin.py:137} INFO - [2023-03-05T12:38:00.125+0000] {taskmixin.py:205} WARNING - Dependency <Task(_PythonDecoratedOperator): log_sql_query>, print_the_context already registered for DAG: example_python_operator
[2023-03-05T12:38:00.132+0000] {processor.py:753} INFO - DAG(s) dict_keys(['example_python_operator']) retrieved from /home/airflow/.local/lib/python3.7/site-packages/airflow/example_dags/example_python_operator.py
[2023-03-05T12:38:00.175+0000] {logging_mixin.py:137} INFO - [2023-03-05T12:38:00.175+0000] {dag.py:2690} INFO - Sync 1 DAGs
[2023-03-05T12:38:00.212+0000] {logging_mixin.py:137} INFO - [2023-03-05T12:38:00.212+0000] {dag.py:3441} INFO - Setting next_dagrun for example_python_operator to None, run_after=None
[2023-03-05T12:38:00.228+0000] {processor.py:175} INFO - Processing /home/airflow/.local/lib/python3.7/site-packages/airflow/example_dags/example_python_operator.py took 0.148 seconds
[2023-03-05T12:38:30.474+0000] {processor.py:153} INFO - Started process (PID=7640) to work on /home/airflow/.local/lib/python3.7/site-packages/airflow/example_dags/example_python_operator.py
[2023-03-05T12:38:30.480+0000] {processor.py:743} INFO - Processing file /home/airflow/.local/lib/python3.7/site-packages/airflow/example_dags/example_python_operator.py for tasks to queue
[2023-03-05T12:38:30.486+0000] {logging_mixin.py:137} INFO - [2023-03-05T12:38:30.486+0000] {dagbag.py:538} INFO - Filling up the DagBag from /home/airflow/.local/lib/python3.7/site-packages/airflow/example_dags/example_python_operator.py
[2023-03-05T12:38:30.528+0000] {logging_mixin.py:137} INFO - [2023-03-05T12:38:30.528+0000] {taskmixin.py:205} WARNING - Dependency <Task(_PythonDecoratedOperator): print_the_context>, log_sql_query already registered for DAG: example_python_operator
[2023-03-05T12:38:30.530+0000] {logging_mixin.py:137} INFO - [2023-03-05T12:38:30.530+0000] {taskmixin.py:205} WARNING - Dependency <Task(_PythonDecoratedOperator): log_sql_query>, print_the_context already registered for DAG: example_python_operator
[2023-03-05T12:38:30.535+0000] {logging_mixin.py:137} INFO - [2023-03-05T12:38:30.534+0000] {taskmixin.py:205} WARNING - Dependency <Task(_PythonDecoratedOperator): print_the_context>, log_sql_query already registered for DAG: example_python_operator
[2023-03-05T12:38:30.540+0000] {logging_mixin.py:137} INFO - [2023-03-05T12:38:30.539+0000] {taskmixin.py:205} WARNING - Dependency <Task(_PythonDecoratedOperator): log_sql_query>, print_the_context already registered for DAG: example_python_operator
[2023-03-05T12:38:30.549+0000] {logging_mixin.py:137} INFO - [2023-03-05T12:38:30.549+0000] {taskmixin.py:205} WARNING - Dependency <Task(_PythonDecoratedOperator): print_the_context>, log_sql_query already registered for DAG: example_python_operator
[2023-03-05T12:38:30.550+0000] {logging_mixin.py:137} INFO - [2023-03-05T12:38:30.550+0000] {taskmixin.py:205} WARNING - Dependency <Task(_PythonDecoratedOperator): log_sql_query>, print_the_context already registered for DAG: example_python_operator
[2023-03-05T12:38:30.552+0000] {logging_mixin.py:137} INFO - [2023-03-05T12:38:30.552+0000] {taskmixin.py:205} WARNING - Dependency <Task(_PythonDecoratedOperator): print_the_context>, log_sql_query already registered for DAG: example_python_operator
[2023-03-05T12:38:30.555+0000] {logging_mixin.py:137} INFO - [2023-03-05T12:38:30.554+0000] {taskmixin.py:205} WARNING - Dependency <Task(_PythonDecoratedOperator): log_sql_query>, print_the_context already registered for DAG: example_python_operator
[2023-03-05T12:38:30.573+0000] {processor.py:753} INFO - DAG(s) dict_keys(['example_python_operator']) retrieved from /home/airflow/.local/lib/python3.7/site-packages/airflow/example_dags/example_python_operator.py
[2023-03-05T12:38:30.661+0000] {logging_mixin.py:137} INFO - [2023-03-05T12:38:30.660+0000] {dag.py:2690} INFO - Sync 1 DAGs
[2023-03-05T12:38:30.738+0000] {logging_mixin.py:137} INFO - [2023-03-05T12:38:30.738+0000] {dag.py:3441} INFO - Setting next_dagrun for example_python_operator to None, run_after=None
[2023-03-05T12:38:30.817+0000] {processor.py:175} INFO - Processing /home/airflow/.local/lib/python3.7/site-packages/airflow/example_dags/example_python_operator.py took 0.354 seconds
[2023-03-05T12:39:01.812+0000] {processor.py:153} INFO - Started process (PID=7703) to work on /home/airflow/.local/lib/python3.7/site-packages/airflow/example_dags/example_python_operator.py
[2023-03-05T12:39:01.815+0000] {processor.py:743} INFO - Processing file /home/airflow/.local/lib/python3.7/site-packages/airflow/example_dags/example_python_operator.py for tasks to queue
[2023-03-05T12:39:01.817+0000] {logging_mixin.py:137} INFO - [2023-03-05T12:39:01.817+0000] {dagbag.py:538} INFO - Filling up the DagBag from /home/airflow/.local/lib/python3.7/site-packages/airflow/example_dags/example_python_operator.py
[2023-03-05T12:39:01.865+0000] {logging_mixin.py:137} INFO - [2023-03-05T12:39:01.864+0000] {taskmixin.py:205} WARNING - Dependency <Task(_PythonDecoratedOperator): print_the_context>, log_sql_query already registered for DAG: example_python_operator
[2023-03-05T12:39:01.866+0000] {logging_mixin.py:137} INFO - [2023-03-05T12:39:01.866+0000] {taskmixin.py:205} WARNING - Dependency <Task(_PythonDecoratedOperator): log_sql_query>, print_the_context already registered for DAG: example_python_operator
[2023-03-05T12:39:01.867+0000] {logging_mixin.py:137} INFO - [2023-03-05T12:39:01.867+0000] {taskmixin.py:205} WARNING - Dependency <Task(_PythonDecoratedOperator): print_the_context>, log_sql_query already registered for DAG: example_python_operator
[2023-03-05T12:39:01.868+0000] {logging_mixin.py:137} INFO - [2023-03-05T12:39:01.868+0000] {taskmixin.py:205} WARNING - Dependency <Task(_PythonDecoratedOperator): log_sql_query>, print_the_context already registered for DAG: example_python_operator
[2023-03-05T12:39:01.869+0000] {logging_mixin.py:137} INFO - [2023-03-05T12:39:01.869+0000] {taskmixin.py:205} WARNING - Dependency <Task(_PythonDecoratedOperator): print_the_context>, log_sql_query already registered for DAG: example_python_operator
[2023-03-05T12:39:01.870+0000] {logging_mixin.py:137} INFO - [2023-03-05T12:39:01.870+0000] {taskmixin.py:205} WARNING - Dependency <Task(_PythonDecoratedOperator): log_sql_query>, print_the_context already registered for DAG: example_python_operator
[2023-03-05T12:39:01.871+0000] {logging_mixin.py:137} INFO - [2023-03-05T12:39:01.871+0000] {taskmixin.py:205} WARNING - Dependency <Task(_PythonDecoratedOperator): print_the_context>, log_sql_query already registered for DAG: example_python_operator
[2023-03-05T12:39:01.872+0000] {logging_mixin.py:137} INFO - [2023-03-05T12:39:01.872+0000] {taskmixin.py:205} WARNING - Dependency <Task(_PythonDecoratedOperator): log_sql_query>, print_the_context already registered for DAG: example_python_operator
[2023-03-05T12:39:01.881+0000] {processor.py:753} INFO - DAG(s) dict_keys(['example_python_operator']) retrieved from /home/airflow/.local/lib/python3.7/site-packages/airflow/example_dags/example_python_operator.py
[2023-03-05T12:39:01.917+0000] {logging_mixin.py:137} INFO - [2023-03-05T12:39:01.917+0000] {dag.py:2690} INFO - Sync 1 DAGs
[2023-03-05T12:39:01.946+0000] {logging_mixin.py:137} INFO - [2023-03-05T12:39:01.946+0000] {dag.py:3441} INFO - Setting next_dagrun for example_python_operator to None, run_after=None
[2023-03-05T12:39:01.971+0000] {processor.py:175} INFO - Processing /home/airflow/.local/lib/python3.7/site-packages/airflow/example_dags/example_python_operator.py took 0.167 seconds
[2023-03-05T12:39:32.058+0000] {processor.py:153} INFO - Started process (PID=7773) to work on /home/airflow/.local/lib/python3.7/site-packages/airflow/example_dags/example_python_operator.py
[2023-03-05T12:39:32.063+0000] {processor.py:743} INFO - Processing file /home/airflow/.local/lib/python3.7/site-packages/airflow/example_dags/example_python_operator.py for tasks to queue
[2023-03-05T12:39:32.073+0000] {logging_mixin.py:137} INFO - [2023-03-05T12:39:32.072+0000] {dagbag.py:538} INFO - Filling up the DagBag from /home/airflow/.local/lib/python3.7/site-packages/airflow/example_dags/example_python_operator.py
[2023-03-05T12:39:32.123+0000] {logging_mixin.py:137} INFO - [2023-03-05T12:39:32.123+0000] {taskmixin.py:205} WARNING - Dependency <Task(_PythonDecoratedOperator): print_the_context>, log_sql_query already registered for DAG: example_python_operator
[2023-03-05T12:39:32.124+0000] {logging_mixin.py:137} INFO - [2023-03-05T12:39:32.124+0000] {taskmixin.py:205} WARNING - Dependency <Task(_PythonDecoratedOperator): log_sql_query>, print_the_context already registered for DAG: example_python_operator
[2023-03-05T12:39:32.126+0000] {logging_mixin.py:137} INFO - [2023-03-05T12:39:32.126+0000] {taskmixin.py:205} WARNING - Dependency <Task(_PythonDecoratedOperator): print_the_context>, log_sql_query already registered for DAG: example_python_operator
[2023-03-05T12:39:32.126+0000] {logging_mixin.py:137} INFO - [2023-03-05T12:39:32.126+0000] {taskmixin.py:205} WARNING - Dependency <Task(_PythonDecoratedOperator): log_sql_query>, print_the_context already registered for DAG: example_python_operator
[2023-03-05T12:39:32.127+0000] {logging_mixin.py:137} INFO - [2023-03-05T12:39:32.127+0000] {taskmixin.py:205} WARNING - Dependency <Task(_PythonDecoratedOperator): print_the_context>, log_sql_query already registered for DAG: example_python_operator
[2023-03-05T12:39:32.128+0000] {logging_mixin.py:137} INFO - [2023-03-05T12:39:32.128+0000] {taskmixin.py:205} WARNING - Dependency <Task(_PythonDecoratedOperator): log_sql_query>, print_the_context already registered for DAG: example_python_operator
[2023-03-05T12:39:32.129+0000] {logging_mixin.py:137} INFO - [2023-03-05T12:39:32.129+0000] {taskmixin.py:205} WARNING - Dependency <Task(_PythonDecoratedOperator): print_the_context>, log_sql_query already registered for DAG: example_python_operator
[2023-03-05T12:39:32.129+0000] {logging_mixin.py:137} INFO - [2023-03-05T12:39:32.129+0000] {taskmixin.py:205} WARNING - Dependency <Task(_PythonDecoratedOperator): log_sql_query>, print_the_context already registered for DAG: example_python_operator
[2023-03-05T12:39:32.139+0000] {processor.py:753} INFO - DAG(s) dict_keys(['example_python_operator']) retrieved from /home/airflow/.local/lib/python3.7/site-packages/airflow/example_dags/example_python_operator.py
[2023-03-05T12:39:32.213+0000] {logging_mixin.py:137} INFO - [2023-03-05T12:39:32.213+0000] {dag.py:2690} INFO - Sync 1 DAGs
[2023-03-05T12:39:32.252+0000] {logging_mixin.py:137} INFO - [2023-03-05T12:39:32.252+0000] {dag.py:3441} INFO - Setting next_dagrun for example_python_operator to None, run_after=None
[2023-03-05T12:39:32.270+0000] {processor.py:175} INFO - Processing /home/airflow/.local/lib/python3.7/site-packages/airflow/example_dags/example_python_operator.py took 0.218 seconds
[2023-03-05T12:40:02.565+0000] {processor.py:153} INFO - Started process (PID=7838) to work on /home/airflow/.local/lib/python3.7/site-packages/airflow/example_dags/example_python_operator.py
[2023-03-05T12:40:02.568+0000] {processor.py:743} INFO - Processing file /home/airflow/.local/lib/python3.7/site-packages/airflow/example_dags/example_python_operator.py for tasks to queue
[2023-03-05T12:40:02.569+0000] {logging_mixin.py:137} INFO - [2023-03-05T12:40:02.569+0000] {dagbag.py:538} INFO - Filling up the DagBag from /home/airflow/.local/lib/python3.7/site-packages/airflow/example_dags/example_python_operator.py
[2023-03-05T12:40:02.597+0000] {logging_mixin.py:137} INFO - [2023-03-05T12:40:02.597+0000] {taskmixin.py:205} WARNING - Dependency <Task(_PythonDecoratedOperator): print_the_context>, log_sql_query already registered for DAG: example_python_operator
[2023-03-05T12:40:02.600+0000] {logging_mixin.py:137} INFO - [2023-03-05T12:40:02.600+0000] {taskmixin.py:205} WARNING - Dependency <Task(_PythonDecoratedOperator): log_sql_query>, print_the_context already registered for DAG: example_python_operator
[2023-03-05T12:40:02.605+0000] {logging_mixin.py:137} INFO - [2023-03-05T12:40:02.605+0000] {taskmixin.py:205} WARNING - Dependency <Task(_PythonDecoratedOperator): print_the_context>, log_sql_query already registered for DAG: example_python_operator
[2023-03-05T12:40:02.606+0000] {logging_mixin.py:137} INFO - [2023-03-05T12:40:02.605+0000] {taskmixin.py:205} WARNING - Dependency <Task(_PythonDecoratedOperator): log_sql_query>, print_the_context already registered for DAG: example_python_operator
[2023-03-05T12:40:02.608+0000] {logging_mixin.py:137} INFO - [2023-03-05T12:40:02.608+0000] {taskmixin.py:205} WARNING - Dependency <Task(_PythonDecoratedOperator): print_the_context>, log_sql_query already registered for DAG: example_python_operator
[2023-03-05T12:40:02.609+0000] {logging_mixin.py:137} INFO - [2023-03-05T12:40:02.609+0000] {taskmixin.py:205} WARNING - Dependency <Task(_PythonDecoratedOperator): log_sql_query>, print_the_context already registered for DAG: example_python_operator
[2023-03-05T12:40:02.611+0000] {logging_mixin.py:137} INFO - [2023-03-05T12:40:02.611+0000] {taskmixin.py:205} WARNING - Dependency <Task(_PythonDecoratedOperator): print_the_context>, log_sql_query already registered for DAG: example_python_operator
[2023-03-05T12:40:02.613+0000] {logging_mixin.py:137} INFO - [2023-03-05T12:40:02.613+0000] {taskmixin.py:205} WARNING - Dependency <Task(_PythonDecoratedOperator): log_sql_query>, print_the_context already registered for DAG: example_python_operator
[2023-03-05T12:40:02.628+0000] {processor.py:753} INFO - DAG(s) dict_keys(['example_python_operator']) retrieved from /home/airflow/.local/lib/python3.7/site-packages/airflow/example_dags/example_python_operator.py
[2023-03-05T12:40:02.663+0000] {logging_mixin.py:137} INFO - [2023-03-05T12:40:02.663+0000] {dag.py:2690} INFO - Sync 1 DAGs
[2023-03-05T12:40:02.684+0000] {logging_mixin.py:137} INFO - [2023-03-05T12:40:02.684+0000] {dag.py:3441} INFO - Setting next_dagrun for example_python_operator to None, run_after=None
[2023-03-05T12:40:02.717+0000] {processor.py:175} INFO - Processing /home/airflow/.local/lib/python3.7/site-packages/airflow/example_dags/example_python_operator.py took 0.159 seconds
