[2023-03-05T00:38:18.884+0000] {processor.py:153} INFO - Started process (PID=6435) to work on /home/airflow/.local/lib/python3.7/site-packages/airflow/example_dags/example_sensors.py
[2023-03-05T00:38:18.886+0000] {processor.py:743} INFO - Processing file /home/airflow/.local/lib/python3.7/site-packages/airflow/example_dags/example_sensors.py for tasks to queue
[2023-03-05T00:38:18.888+0000] {logging_mixin.py:137} INFO - [2023-03-05T00:38:18.887+0000] {dagbag.py:538} INFO - Filling up the DagBag from /home/airflow/.local/lib/python3.7/site-packages/airflow/example_dags/example_sensors.py
[2023-03-05T00:38:18.933+0000] {processor.py:753} INFO - DAG(s) dict_keys(['example_sensors']) retrieved from /home/airflow/.local/lib/python3.7/site-packages/airflow/example_dags/example_sensors.py
[2023-03-05T00:38:19.010+0000] {logging_mixin.py:137} INFO - [2023-03-05T00:38:19.010+0000] {dag.py:2690} INFO - Sync 1 DAGs
[2023-03-05T00:38:19.038+0000] {logging_mixin.py:137} INFO - [2023-03-05T00:38:19.038+0000] {dag.py:3441} INFO - Setting next_dagrun for example_sensors to None, run_after=None
[2023-03-05T00:38:19.067+0000] {processor.py:175} INFO - Processing /home/airflow/.local/lib/python3.7/site-packages/airflow/example_dags/example_sensors.py took 0.186 seconds
[2023-03-05T01:36:57.508+0000] {processor.py:153} INFO - Started process (PID=6498) to work on /home/airflow/.local/lib/python3.7/site-packages/airflow/example_dags/example_sensors.py
[2023-03-05T01:36:57.514+0000] {processor.py:743} INFO - Processing file /home/airflow/.local/lib/python3.7/site-packages/airflow/example_dags/example_sensors.py for tasks to queue
[2023-03-05T01:36:57.517+0000] {logging_mixin.py:137} INFO - [2023-03-05T01:36:57.517+0000] {dagbag.py:538} INFO - Filling up the DagBag from /home/airflow/.local/lib/python3.7/site-packages/airflow/example_dags/example_sensors.py
[2023-03-05T01:36:57.573+0000] {processor.py:753} INFO - DAG(s) dict_keys(['example_sensors']) retrieved from /home/airflow/.local/lib/python3.7/site-packages/airflow/example_dags/example_sensors.py
[2023-03-05T01:36:57.622+0000] {logging_mixin.py:137} INFO - [2023-03-05T01:36:57.622+0000] {dag.py:2690} INFO - Sync 1 DAGs
[2023-03-05T01:36:57.684+0000] {logging_mixin.py:137} INFO - [2023-03-05T01:36:57.684+0000] {dag.py:3441} INFO - Setting next_dagrun for example_sensors to None, run_after=None
[2023-03-05T01:36:57.732+0000] {processor.py:175} INFO - Processing /home/airflow/.local/lib/python3.7/site-packages/airflow/example_dags/example_sensors.py took 0.236 seconds
[2023-03-05T02:44:36.678+0000] {processor.py:153} INFO - Started process (PID=6564) to work on /home/airflow/.local/lib/python3.7/site-packages/airflow/example_dags/example_sensors.py
[2023-03-05T02:44:36.680+0000] {processor.py:743} INFO - Processing file /home/airflow/.local/lib/python3.7/site-packages/airflow/example_dags/example_sensors.py for tasks to queue
[2023-03-05T02:44:36.681+0000] {logging_mixin.py:137} INFO - [2023-03-05T02:44:36.681+0000] {dagbag.py:538} INFO - Filling up the DagBag from /home/airflow/.local/lib/python3.7/site-packages/airflow/example_dags/example_sensors.py
[2023-03-05T02:44:36.718+0000] {processor.py:753} INFO - DAG(s) dict_keys(['example_sensors']) retrieved from /home/airflow/.local/lib/python3.7/site-packages/airflow/example_dags/example_sensors.py
[2023-03-05T02:44:36.752+0000] {logging_mixin.py:137} INFO - [2023-03-05T02:44:36.752+0000] {dag.py:2690} INFO - Sync 1 DAGs
[2023-03-05T02:44:36.771+0000] {logging_mixin.py:137} INFO - [2023-03-05T02:44:36.771+0000] {dag.py:3441} INFO - Setting next_dagrun for example_sensors to None, run_after=None
[2023-03-05T02:44:36.785+0000] {processor.py:175} INFO - Processing /home/airflow/.local/lib/python3.7/site-packages/airflow/example_dags/example_sensors.py took 0.110 seconds
[2023-03-05T03:59:39.401+0000] {processor.py:153} INFO - Started process (PID=6627) to work on /home/airflow/.local/lib/python3.7/site-packages/airflow/example_dags/example_sensors.py
[2023-03-05T03:59:39.402+0000] {processor.py:743} INFO - Processing file /home/airflow/.local/lib/python3.7/site-packages/airflow/example_dags/example_sensors.py for tasks to queue
[2023-03-05T03:59:39.403+0000] {logging_mixin.py:137} INFO - [2023-03-05T03:59:39.403+0000] {dagbag.py:538} INFO - Filling up the DagBag from /home/airflow/.local/lib/python3.7/site-packages/airflow/example_dags/example_sensors.py
[2023-03-05T03:59:39.419+0000] {processor.py:753} INFO - DAG(s) dict_keys(['example_sensors']) retrieved from /home/airflow/.local/lib/python3.7/site-packages/airflow/example_dags/example_sensors.py
[2023-03-05T03:59:39.441+0000] {logging_mixin.py:137} INFO - [2023-03-05T03:59:39.441+0000] {dag.py:2690} INFO - Sync 1 DAGs
[2023-03-05T03:59:39.464+0000] {logging_mixin.py:137} INFO - [2023-03-05T03:59:39.464+0000] {dag.py:3441} INFO - Setting next_dagrun for example_sensors to None, run_after=None
[2023-03-05T03:59:39.479+0000] {processor.py:175} INFO - Processing /home/airflow/.local/lib/python3.7/site-packages/airflow/example_dags/example_sensors.py took 0.082 seconds
[2023-03-05T05:35:20.197+0000] {processor.py:153} INFO - Started process (PID=6691) to work on /home/airflow/.local/lib/python3.7/site-packages/airflow/example_dags/example_sensors.py
[2023-03-05T05:35:20.198+0000] {processor.py:743} INFO - Processing file /home/airflow/.local/lib/python3.7/site-packages/airflow/example_dags/example_sensors.py for tasks to queue
[2023-03-05T05:35:20.199+0000] {logging_mixin.py:137} INFO - [2023-03-05T05:35:20.199+0000] {dagbag.py:538} INFO - Filling up the DagBag from /home/airflow/.local/lib/python3.7/site-packages/airflow/example_dags/example_sensors.py
[2023-03-05T05:35:20.215+0000] {processor.py:753} INFO - DAG(s) dict_keys(['example_sensors']) retrieved from /home/airflow/.local/lib/python3.7/site-packages/airflow/example_dags/example_sensors.py
[2023-03-05T05:35:20.237+0000] {logging_mixin.py:137} INFO - [2023-03-05T05:35:20.237+0000] {dag.py:2690} INFO - Sync 1 DAGs
[2023-03-05T05:35:20.253+0000] {logging_mixin.py:137} INFO - [2023-03-05T05:35:20.252+0000] {dag.py:3441} INFO - Setting next_dagrun for example_sensors to None, run_after=None
[2023-03-05T05:35:20.271+0000] {processor.py:175} INFO - Processing /home/airflow/.local/lib/python3.7/site-packages/airflow/example_dags/example_sensors.py took 0.077 seconds
[2023-03-05T06:52:25.426+0000] {processor.py:153} INFO - Started process (PID=6765) to work on /home/airflow/.local/lib/python3.7/site-packages/airflow/example_dags/example_sensors.py
[2023-03-05T06:52:25.429+0000] {processor.py:743} INFO - Processing file /home/airflow/.local/lib/python3.7/site-packages/airflow/example_dags/example_sensors.py for tasks to queue
[2023-03-05T06:52:25.439+0000] {logging_mixin.py:137} INFO - [2023-03-05T06:52:25.439+0000] {dagbag.py:538} INFO - Filling up the DagBag from /home/airflow/.local/lib/python3.7/site-packages/airflow/example_dags/example_sensors.py
[2023-03-05T06:52:25.474+0000] {processor.py:753} INFO - DAG(s) dict_keys(['example_sensors']) retrieved from /home/airflow/.local/lib/python3.7/site-packages/airflow/example_dags/example_sensors.py
[2023-03-05T06:52:25.512+0000] {logging_mixin.py:137} INFO - [2023-03-05T06:52:25.511+0000] {dag.py:2690} INFO - Sync 1 DAGs
[2023-03-05T06:52:25.557+0000] {logging_mixin.py:137} INFO - [2023-03-05T06:52:25.557+0000] {dag.py:3441} INFO - Setting next_dagrun for example_sensors to None, run_after=None
[2023-03-05T06:52:25.583+0000] {processor.py:175} INFO - Processing /home/airflow/.local/lib/python3.7/site-packages/airflow/example_dags/example_sensors.py took 0.162 seconds
[2023-03-05T08:00:54.820+0000] {processor.py:153} INFO - Started process (PID=6828) to work on /home/airflow/.local/lib/python3.7/site-packages/airflow/example_dags/example_sensors.py
[2023-03-05T08:00:54.821+0000] {processor.py:743} INFO - Processing file /home/airflow/.local/lib/python3.7/site-packages/airflow/example_dags/example_sensors.py for tasks to queue
[2023-03-05T08:00:54.822+0000] {logging_mixin.py:137} INFO - [2023-03-05T08:00:54.822+0000] {dagbag.py:538} INFO - Filling up the DagBag from /home/airflow/.local/lib/python3.7/site-packages/airflow/example_dags/example_sensors.py
[2023-03-05T08:00:54.843+0000] {processor.py:753} INFO - DAG(s) dict_keys(['example_sensors']) retrieved from /home/airflow/.local/lib/python3.7/site-packages/airflow/example_dags/example_sensors.py
[2023-03-05T08:00:55.000+0000] {logging_mixin.py:137} INFO - [2023-03-05T08:00:54.999+0000] {dag.py:2690} INFO - Sync 1 DAGs
[2023-03-05T08:00:55.054+0000] {logging_mixin.py:137} INFO - [2023-03-05T08:00:55.054+0000] {dag.py:3441} INFO - Setting next_dagrun for example_sensors to None, run_after=None
[2023-03-05T08:00:55.102+0000] {processor.py:175} INFO - Processing /home/airflow/.local/lib/python3.7/site-packages/airflow/example_dags/example_sensors.py took 0.285 seconds
[2023-03-05T09:23:25.143+0000] {processor.py:153} INFO - Started process (PID=6891) to work on /home/airflow/.local/lib/python3.7/site-packages/airflow/example_dags/example_sensors.py
[2023-03-05T09:23:25.145+0000] {processor.py:743} INFO - Processing file /home/airflow/.local/lib/python3.7/site-packages/airflow/example_dags/example_sensors.py for tasks to queue
[2023-03-05T09:23:25.146+0000] {logging_mixin.py:137} INFO - [2023-03-05T09:23:25.146+0000] {dagbag.py:538} INFO - Filling up the DagBag from /home/airflow/.local/lib/python3.7/site-packages/airflow/example_dags/example_sensors.py
[2023-03-05T09:23:25.162+0000] {processor.py:753} INFO - DAG(s) dict_keys(['example_sensors']) retrieved from /home/airflow/.local/lib/python3.7/site-packages/airflow/example_dags/example_sensors.py
[2023-03-05T09:23:25.191+0000] {logging_mixin.py:137} INFO - [2023-03-05T09:23:25.191+0000] {dag.py:2690} INFO - Sync 1 DAGs
[2023-03-05T09:23:25.209+0000] {logging_mixin.py:137} INFO - [2023-03-05T09:23:25.209+0000] {dag.py:3441} INFO - Setting next_dagrun for example_sensors to None, run_after=None
[2023-03-05T09:23:25.226+0000] {processor.py:175} INFO - Processing /home/airflow/.local/lib/python3.7/site-packages/airflow/example_dags/example_sensors.py took 0.086 seconds
[2023-03-05T10:39:42.276+0000] {processor.py:153} INFO - Started process (PID=6963) to work on /home/airflow/.local/lib/python3.7/site-packages/airflow/example_dags/example_sensors.py
[2023-03-05T10:39:42.280+0000] {processor.py:743} INFO - Processing file /home/airflow/.local/lib/python3.7/site-packages/airflow/example_dags/example_sensors.py for tasks to queue
[2023-03-05T10:39:42.281+0000] {logging_mixin.py:137} INFO - [2023-03-05T10:39:42.281+0000] {dagbag.py:538} INFO - Filling up the DagBag from /home/airflow/.local/lib/python3.7/site-packages/airflow/example_dags/example_sensors.py
[2023-03-05T10:39:42.345+0000] {processor.py:753} INFO - DAG(s) dict_keys(['example_sensors']) retrieved from /home/airflow/.local/lib/python3.7/site-packages/airflow/example_dags/example_sensors.py
[2023-03-05T10:39:42.426+0000] {logging_mixin.py:137} INFO - [2023-03-05T10:39:42.426+0000] {dag.py:2690} INFO - Sync 1 DAGs
[2023-03-05T10:39:42.480+0000] {logging_mixin.py:137} INFO - [2023-03-05T10:39:42.480+0000] {dag.py:3441} INFO - Setting next_dagrun for example_sensors to None, run_after=None
[2023-03-05T10:39:42.548+0000] {processor.py:175} INFO - Processing /home/airflow/.local/lib/python3.7/site-packages/airflow/example_dags/example_sensors.py took 0.275 seconds
[2023-03-05T11:30:38.808+0000] {processor.py:153} INFO - Started process (PID=7029) to work on /home/airflow/.local/lib/python3.7/site-packages/airflow/example_dags/example_sensors.py
[2023-03-05T11:30:38.810+0000] {processor.py:743} INFO - Processing file /home/airflow/.local/lib/python3.7/site-packages/airflow/example_dags/example_sensors.py for tasks to queue
[2023-03-05T11:30:38.812+0000] {logging_mixin.py:137} INFO - [2023-03-05T11:30:38.812+0000] {dagbag.py:538} INFO - Filling up the DagBag from /home/airflow/.local/lib/python3.7/site-packages/airflow/example_dags/example_sensors.py
[2023-03-05T11:30:38.831+0000] {processor.py:753} INFO - DAG(s) dict_keys(['example_sensors']) retrieved from /home/airflow/.local/lib/python3.7/site-packages/airflow/example_dags/example_sensors.py
[2023-03-05T11:30:38.855+0000] {logging_mixin.py:137} INFO - [2023-03-05T11:30:38.855+0000] {dag.py:2690} INFO - Sync 1 DAGs
[2023-03-05T11:30:38.873+0000] {logging_mixin.py:137} INFO - [2023-03-05T11:30:38.873+0000] {dag.py:3441} INFO - Setting next_dagrun for example_sensors to None, run_after=None
[2023-03-05T11:30:38.885+0000] {processor.py:175} INFO - Processing /home/airflow/.local/lib/python3.7/site-packages/airflow/example_dags/example_sensors.py took 0.085 seconds
[2023-03-05T12:33:23.058+0000] {processor.py:153} INFO - Started process (PID=7102) to work on /home/airflow/.local/lib/python3.7/site-packages/airflow/example_dags/example_sensors.py
[2023-03-05T12:33:23.069+0000] {processor.py:743} INFO - Processing file /home/airflow/.local/lib/python3.7/site-packages/airflow/example_dags/example_sensors.py for tasks to queue
[2023-03-05T12:33:23.073+0000] {logging_mixin.py:137} INFO - [2023-03-05T12:33:23.073+0000] {dagbag.py:538} INFO - Filling up the DagBag from /home/airflow/.local/lib/python3.7/site-packages/airflow/example_dags/example_sensors.py
[2023-03-05T12:33:23.647+0000] {processor.py:753} INFO - DAG(s) dict_keys(['example_sensors']) retrieved from /home/airflow/.local/lib/python3.7/site-packages/airflow/example_dags/example_sensors.py
[2023-03-05T12:33:24.205+0000] {logging_mixin.py:137} INFO - [2023-03-05T12:33:24.202+0000] {dag.py:2690} INFO - Sync 1 DAGs
[2023-03-05T12:33:24.425+0000] {logging_mixin.py:137} INFO - [2023-03-05T12:33:24.425+0000] {dag.py:3441} INFO - Setting next_dagrun for example_sensors to None, run_after=None
[2023-03-05T12:33:24.572+0000] {processor.py:175} INFO - Processing /home/airflow/.local/lib/python3.7/site-packages/airflow/example_dags/example_sensors.py took 1.557 seconds
[2023-03-05T12:34:53.739+0000] {processor.py:153} INFO - Started process (PID=7183) to work on /home/airflow/.local/lib/python3.7/site-packages/airflow/example_dags/example_sensors.py
[2023-03-05T12:34:53.742+0000] {processor.py:743} INFO - Processing file /home/airflow/.local/lib/python3.7/site-packages/airflow/example_dags/example_sensors.py for tasks to queue
[2023-03-05T12:34:53.747+0000] {logging_mixin.py:137} INFO - [2023-03-05T12:34:53.746+0000] {dagbag.py:538} INFO - Filling up the DagBag from /home/airflow/.local/lib/python3.7/site-packages/airflow/example_dags/example_sensors.py
[2023-03-05T12:34:54.038+0000] {processor.py:753} INFO - DAG(s) dict_keys(['example_sensors']) retrieved from /home/airflow/.local/lib/python3.7/site-packages/airflow/example_dags/example_sensors.py
[2023-03-05T12:34:54.203+0000] {logging_mixin.py:137} INFO - [2023-03-05T12:34:54.202+0000] {dag.py:2690} INFO - Sync 1 DAGs
[2023-03-05T12:34:54.327+0000] {logging_mixin.py:137} INFO - [2023-03-05T12:34:54.327+0000] {dag.py:3441} INFO - Setting next_dagrun for example_sensors to None, run_after=None
[2023-03-05T12:34:54.430+0000] {processor.py:175} INFO - Processing /home/airflow/.local/lib/python3.7/site-packages/airflow/example_dags/example_sensors.py took 0.699 seconds
[2023-03-05T12:35:25.620+0000] {processor.py:153} INFO - Started process (PID=7247) to work on /home/airflow/.local/lib/python3.7/site-packages/airflow/example_dags/example_sensors.py
[2023-03-05T12:35:25.631+0000] {processor.py:743} INFO - Processing file /home/airflow/.local/lib/python3.7/site-packages/airflow/example_dags/example_sensors.py for tasks to queue
[2023-03-05T12:35:25.636+0000] {logging_mixin.py:137} INFO - [2023-03-05T12:35:25.635+0000] {dagbag.py:538} INFO - Filling up the DagBag from /home/airflow/.local/lib/python3.7/site-packages/airflow/example_dags/example_sensors.py
[2023-03-05T12:35:25.740+0000] {processor.py:753} INFO - DAG(s) dict_keys(['example_sensors']) retrieved from /home/airflow/.local/lib/python3.7/site-packages/airflow/example_dags/example_sensors.py
[2023-03-05T12:35:26.039+0000] {logging_mixin.py:137} INFO - [2023-03-05T12:35:26.038+0000] {dag.py:2690} INFO - Sync 1 DAGs
[2023-03-05T12:35:26.135+0000] {logging_mixin.py:137} INFO - [2023-03-05T12:35:26.135+0000] {dag.py:3441} INFO - Setting next_dagrun for example_sensors to None, run_after=None
[2023-03-05T12:35:26.178+0000] {processor.py:175} INFO - Processing /home/airflow/.local/lib/python3.7/site-packages/airflow/example_dags/example_sensors.py took 0.566 seconds
[2023-03-05T12:35:56.230+0000] {processor.py:153} INFO - Started process (PID=7310) to work on /home/airflow/.local/lib/python3.7/site-packages/airflow/example_dags/example_sensors.py
[2023-03-05T12:35:56.232+0000] {processor.py:743} INFO - Processing file /home/airflow/.local/lib/python3.7/site-packages/airflow/example_dags/example_sensors.py for tasks to queue
[2023-03-05T12:35:56.233+0000] {logging_mixin.py:137} INFO - [2023-03-05T12:35:56.233+0000] {dagbag.py:538} INFO - Filling up the DagBag from /home/airflow/.local/lib/python3.7/site-packages/airflow/example_dags/example_sensors.py
[2023-03-05T12:35:56.255+0000] {processor.py:753} INFO - DAG(s) dict_keys(['example_sensors']) retrieved from /home/airflow/.local/lib/python3.7/site-packages/airflow/example_dags/example_sensors.py
[2023-03-05T12:35:56.290+0000] {logging_mixin.py:137} INFO - [2023-03-05T12:35:56.290+0000] {dag.py:2690} INFO - Sync 1 DAGs
[2023-03-05T12:35:56.309+0000] {logging_mixin.py:137} INFO - [2023-03-05T12:35:56.309+0000] {dag.py:3441} INFO - Setting next_dagrun for example_sensors to None, run_after=None
[2023-03-05T12:35:56.322+0000] {processor.py:175} INFO - Processing /home/airflow/.local/lib/python3.7/site-packages/airflow/example_dags/example_sensors.py took 0.096 seconds
[2023-03-05T12:36:26.600+0000] {processor.py:153} INFO - Started process (PID=7373) to work on /home/airflow/.local/lib/python3.7/site-packages/airflow/example_dags/example_sensors.py
[2023-03-05T12:36:26.602+0000] {processor.py:743} INFO - Processing file /home/airflow/.local/lib/python3.7/site-packages/airflow/example_dags/example_sensors.py for tasks to queue
[2023-03-05T12:36:26.603+0000] {logging_mixin.py:137} INFO - [2023-03-05T12:36:26.603+0000] {dagbag.py:538} INFO - Filling up the DagBag from /home/airflow/.local/lib/python3.7/site-packages/airflow/example_dags/example_sensors.py
[2023-03-05T12:36:26.621+0000] {processor.py:753} INFO - DAG(s) dict_keys(['example_sensors']) retrieved from /home/airflow/.local/lib/python3.7/site-packages/airflow/example_dags/example_sensors.py
[2023-03-05T12:36:26.660+0000] {logging_mixin.py:137} INFO - [2023-03-05T12:36:26.660+0000] {dag.py:2690} INFO - Sync 1 DAGs
[2023-03-05T12:36:26.682+0000] {logging_mixin.py:137} INFO - [2023-03-05T12:36:26.682+0000] {dag.py:3441} INFO - Setting next_dagrun for example_sensors to None, run_after=None
[2023-03-05T12:36:26.697+0000] {processor.py:175} INFO - Processing /home/airflow/.local/lib/python3.7/site-packages/airflow/example_dags/example_sensors.py took 0.100 seconds
[2023-03-05T12:36:57.292+0000] {processor.py:153} INFO - Started process (PID=7435) to work on /home/airflow/.local/lib/python3.7/site-packages/airflow/example_dags/example_sensors.py
[2023-03-05T12:36:57.294+0000] {processor.py:743} INFO - Processing file /home/airflow/.local/lib/python3.7/site-packages/airflow/example_dags/example_sensors.py for tasks to queue
[2023-03-05T12:36:57.295+0000] {logging_mixin.py:137} INFO - [2023-03-05T12:36:57.295+0000] {dagbag.py:538} INFO - Filling up the DagBag from /home/airflow/.local/lib/python3.7/site-packages/airflow/example_dags/example_sensors.py
[2023-03-05T12:36:57.314+0000] {processor.py:753} INFO - DAG(s) dict_keys(['example_sensors']) retrieved from /home/airflow/.local/lib/python3.7/site-packages/airflow/example_dags/example_sensors.py
[2023-03-05T12:36:57.348+0000] {logging_mixin.py:137} INFO - [2023-03-05T12:36:57.348+0000] {dag.py:2690} INFO - Sync 1 DAGs
[2023-03-05T12:36:57.403+0000] {logging_mixin.py:137} INFO - [2023-03-05T12:36:57.403+0000] {dag.py:3441} INFO - Setting next_dagrun for example_sensors to None, run_after=None
[2023-03-05T12:36:57.418+0000] {processor.py:175} INFO - Processing /home/airflow/.local/lib/python3.7/site-packages/airflow/example_dags/example_sensors.py took 0.129 seconds
[2023-03-05T12:37:27.735+0000] {processor.py:153} INFO - Started process (PID=7508) to work on /home/airflow/.local/lib/python3.7/site-packages/airflow/example_dags/example_sensors.py
[2023-03-05T12:37:27.748+0000] {processor.py:743} INFO - Processing file /home/airflow/.local/lib/python3.7/site-packages/airflow/example_dags/example_sensors.py for tasks to queue
[2023-03-05T12:37:27.762+0000] {logging_mixin.py:137} INFO - [2023-03-05T12:37:27.761+0000] {dagbag.py:538} INFO - Filling up the DagBag from /home/airflow/.local/lib/python3.7/site-packages/airflow/example_dags/example_sensors.py
[2023-03-05T12:37:27.869+0000] {processor.py:753} INFO - DAG(s) dict_keys(['example_sensors']) retrieved from /home/airflow/.local/lib/python3.7/site-packages/airflow/example_dags/example_sensors.py
[2023-03-05T12:37:28.318+0000] {logging_mixin.py:137} INFO - [2023-03-05T12:37:28.318+0000] {dag.py:2690} INFO - Sync 1 DAGs
[2023-03-05T12:37:28.394+0000] {logging_mixin.py:137} INFO - [2023-03-05T12:37:28.394+0000] {dag.py:3441} INFO - Setting next_dagrun for example_sensors to None, run_after=None
[2023-03-05T12:37:28.432+0000] {processor.py:175} INFO - Processing /home/airflow/.local/lib/python3.7/site-packages/airflow/example_dags/example_sensors.py took 0.704 seconds
[2023-03-05T12:37:58.948+0000] {processor.py:153} INFO - Started process (PID=7575) to work on /home/airflow/.local/lib/python3.7/site-packages/airflow/example_dags/example_sensors.py
[2023-03-05T12:37:58.952+0000] {processor.py:743} INFO - Processing file /home/airflow/.local/lib/python3.7/site-packages/airflow/example_dags/example_sensors.py for tasks to queue
[2023-03-05T12:37:58.953+0000] {logging_mixin.py:137} INFO - [2023-03-05T12:37:58.953+0000] {dagbag.py:538} INFO - Filling up the DagBag from /home/airflow/.local/lib/python3.7/site-packages/airflow/example_dags/example_sensors.py
[2023-03-05T12:37:58.988+0000] {processor.py:753} INFO - DAG(s) dict_keys(['example_sensors']) retrieved from /home/airflow/.local/lib/python3.7/site-packages/airflow/example_dags/example_sensors.py
[2023-03-05T12:37:59.025+0000] {logging_mixin.py:137} INFO - [2023-03-05T12:37:59.025+0000] {dag.py:2690} INFO - Sync 1 DAGs
[2023-03-05T12:37:59.063+0000] {logging_mixin.py:137} INFO - [2023-03-05T12:37:59.063+0000] {dag.py:3441} INFO - Setting next_dagrun for example_sensors to None, run_after=None
[2023-03-05T12:37:59.097+0000] {processor.py:175} INFO - Processing /home/airflow/.local/lib/python3.7/site-packages/airflow/example_dags/example_sensors.py took 0.158 seconds
[2023-03-05T12:38:29.369+0000] {processor.py:153} INFO - Started process (PID=7638) to work on /home/airflow/.local/lib/python3.7/site-packages/airflow/example_dags/example_sensors.py
[2023-03-05T12:38:29.374+0000] {processor.py:743} INFO - Processing file /home/airflow/.local/lib/python3.7/site-packages/airflow/example_dags/example_sensors.py for tasks to queue
[2023-03-05T12:38:29.377+0000] {logging_mixin.py:137} INFO - [2023-03-05T12:38:29.376+0000] {dagbag.py:538} INFO - Filling up the DagBag from /home/airflow/.local/lib/python3.7/site-packages/airflow/example_dags/example_sensors.py
[2023-03-05T12:38:29.450+0000] {processor.py:753} INFO - DAG(s) dict_keys(['example_sensors']) retrieved from /home/airflow/.local/lib/python3.7/site-packages/airflow/example_dags/example_sensors.py
[2023-03-05T12:38:29.563+0000] {logging_mixin.py:137} INFO - [2023-03-05T12:38:29.563+0000] {dag.py:2690} INFO - Sync 1 DAGs
[2023-03-05T12:38:29.640+0000] {logging_mixin.py:137} INFO - [2023-03-05T12:38:29.640+0000] {dag.py:3441} INFO - Setting next_dagrun for example_sensors to None, run_after=None
[2023-03-05T12:38:29.733+0000] {processor.py:175} INFO - Processing /home/airflow/.local/lib/python3.7/site-packages/airflow/example_dags/example_sensors.py took 0.397 seconds
[2023-03-05T12:39:00.654+0000] {processor.py:153} INFO - Started process (PID=7701) to work on /home/airflow/.local/lib/python3.7/site-packages/airflow/example_dags/example_sensors.py
[2023-03-05T12:39:00.656+0000] {processor.py:743} INFO - Processing file /home/airflow/.local/lib/python3.7/site-packages/airflow/example_dags/example_sensors.py for tasks to queue
[2023-03-05T12:39:00.657+0000] {logging_mixin.py:137} INFO - [2023-03-05T12:39:00.657+0000] {dagbag.py:538} INFO - Filling up the DagBag from /home/airflow/.local/lib/python3.7/site-packages/airflow/example_dags/example_sensors.py
[2023-03-05T12:39:00.706+0000] {processor.py:753} INFO - DAG(s) dict_keys(['example_sensors']) retrieved from /home/airflow/.local/lib/python3.7/site-packages/airflow/example_dags/example_sensors.py
[2023-03-05T12:39:00.762+0000] {logging_mixin.py:137} INFO - [2023-03-05T12:39:00.761+0000] {dag.py:2690} INFO - Sync 1 DAGs
[2023-03-05T12:39:00.796+0000] {logging_mixin.py:137} INFO - [2023-03-05T12:39:00.795+0000] {dag.py:3441} INFO - Setting next_dagrun for example_sensors to None, run_after=None
[2023-03-05T12:39:00.829+0000] {processor.py:175} INFO - Processing /home/airflow/.local/lib/python3.7/site-packages/airflow/example_dags/example_sensors.py took 0.181 seconds
[2023-03-05T12:39:31.507+0000] {processor.py:153} INFO - Started process (PID=7769) to work on /home/airflow/.local/lib/python3.7/site-packages/airflow/example_dags/example_sensors.py
[2023-03-05T12:39:31.519+0000] {processor.py:743} INFO - Processing file /home/airflow/.local/lib/python3.7/site-packages/airflow/example_dags/example_sensors.py for tasks to queue
[2023-03-05T12:39:31.524+0000] {logging_mixin.py:137} INFO - [2023-03-05T12:39:31.524+0000] {dagbag.py:538} INFO - Filling up the DagBag from /home/airflow/.local/lib/python3.7/site-packages/airflow/example_dags/example_sensors.py
[2023-03-05T12:39:31.619+0000] {processor.py:753} INFO - DAG(s) dict_keys(['example_sensors']) retrieved from /home/airflow/.local/lib/python3.7/site-packages/airflow/example_dags/example_sensors.py
[2023-03-05T12:39:31.827+0000] {logging_mixin.py:137} INFO - [2023-03-05T12:39:31.826+0000] {dag.py:2690} INFO - Sync 1 DAGs
[2023-03-05T12:39:31.879+0000] {logging_mixin.py:137} INFO - [2023-03-05T12:39:31.879+0000] {dag.py:3441} INFO - Setting next_dagrun for example_sensors to None, run_after=None
[2023-03-05T12:39:31.924+0000] {processor.py:175} INFO - Processing /home/airflow/.local/lib/python3.7/site-packages/airflow/example_dags/example_sensors.py took 0.445 seconds
[2023-03-05T12:40:02.216+0000] {processor.py:153} INFO - Started process (PID=7836) to work on /home/airflow/.local/lib/python3.7/site-packages/airflow/example_dags/example_sensors.py
[2023-03-05T12:40:02.227+0000] {processor.py:743} INFO - Processing file /home/airflow/.local/lib/python3.7/site-packages/airflow/example_dags/example_sensors.py for tasks to queue
[2023-03-05T12:40:02.229+0000] {logging_mixin.py:137} INFO - [2023-03-05T12:40:02.229+0000] {dagbag.py:538} INFO - Filling up the DagBag from /home/airflow/.local/lib/python3.7/site-packages/airflow/example_dags/example_sensors.py
[2023-03-05T12:40:02.321+0000] {processor.py:753} INFO - DAG(s) dict_keys(['example_sensors']) retrieved from /home/airflow/.local/lib/python3.7/site-packages/airflow/example_dags/example_sensors.py
[2023-03-05T12:40:02.429+0000] {logging_mixin.py:137} INFO - [2023-03-05T12:40:02.429+0000] {dag.py:2690} INFO - Sync 1 DAGs
[2023-03-05T12:40:02.484+0000] {logging_mixin.py:137} INFO - [2023-03-05T12:40:02.484+0000] {dag.py:3441} INFO - Setting next_dagrun for example_sensors to None, run_after=None
[2023-03-05T12:40:02.515+0000] {processor.py:175} INFO - Processing /home/airflow/.local/lib/python3.7/site-packages/airflow/example_dags/example_sensors.py took 0.331 seconds
[2023-03-05T12:40:33.283+0000] {processor.py:153} INFO - Started process (PID=7899) to work on /home/airflow/.local/lib/python3.7/site-packages/airflow/example_dags/example_sensors.py
[2023-03-05T12:40:33.291+0000] {processor.py:743} INFO - Processing file /home/airflow/.local/lib/python3.7/site-packages/airflow/example_dags/example_sensors.py for tasks to queue
[2023-03-05T12:40:33.294+0000] {logging_mixin.py:137} INFO - [2023-03-05T12:40:33.293+0000] {dagbag.py:538} INFO - Filling up the DagBag from /home/airflow/.local/lib/python3.7/site-packages/airflow/example_dags/example_sensors.py
[2023-03-05T12:40:33.364+0000] {processor.py:753} INFO - DAG(s) dict_keys(['example_sensors']) retrieved from /home/airflow/.local/lib/python3.7/site-packages/airflow/example_dags/example_sensors.py
[2023-03-05T12:40:33.414+0000] {logging_mixin.py:137} INFO - [2023-03-05T12:40:33.414+0000] {dag.py:2690} INFO - Sync 1 DAGs
[2023-03-05T12:40:33.443+0000] {logging_mixin.py:137} INFO - [2023-03-05T12:40:33.443+0000] {dag.py:3441} INFO - Setting next_dagrun for example_sensors to None, run_after=None
[2023-03-05T12:40:33.476+0000] {processor.py:175} INFO - Processing /home/airflow/.local/lib/python3.7/site-packages/airflow/example_dags/example_sensors.py took 0.218 seconds
[2023-03-05T12:41:04.008+0000] {processor.py:153} INFO - Started process (PID=7972) to work on /home/airflow/.local/lib/python3.7/site-packages/airflow/example_dags/example_sensors.py
[2023-03-05T12:41:04.011+0000] {processor.py:743} INFO - Processing file /home/airflow/.local/lib/python3.7/site-packages/airflow/example_dags/example_sensors.py for tasks to queue
[2023-03-05T12:41:04.015+0000] {logging_mixin.py:137} INFO - [2023-03-05T12:41:04.015+0000] {dagbag.py:538} INFO - Filling up the DagBag from /home/airflow/.local/lib/python3.7/site-packages/airflow/example_dags/example_sensors.py
[2023-03-05T12:41:04.110+0000] {processor.py:753} INFO - DAG(s) dict_keys(['example_sensors']) retrieved from /home/airflow/.local/lib/python3.7/site-packages/airflow/example_dags/example_sensors.py
[2023-03-05T12:41:04.573+0000] {logging_mixin.py:137} INFO - [2023-03-05T12:41:04.572+0000] {dag.py:2690} INFO - Sync 1 DAGs
[2023-03-05T12:41:04.964+0000] {logging_mixin.py:137} INFO - [2023-03-05T12:41:04.963+0000] {dag.py:3441} INFO - Setting next_dagrun for example_sensors to None, run_after=None
[2023-03-05T12:41:05.289+0000] {processor.py:175} INFO - Processing /home/airflow/.local/lib/python3.7/site-packages/airflow/example_dags/example_sensors.py took 1.288 seconds
[2023-03-05T12:41:36.152+0000] {processor.py:153} INFO - Started process (PID=8025) to work on /home/airflow/.local/lib/python3.7/site-packages/airflow/example_dags/example_sensors.py
[2023-03-05T12:41:36.154+0000] {processor.py:743} INFO - Processing file /home/airflow/.local/lib/python3.7/site-packages/airflow/example_dags/example_sensors.py for tasks to queue
[2023-03-05T12:41:36.155+0000] {logging_mixin.py:137} INFO - [2023-03-05T12:41:36.155+0000] {dagbag.py:538} INFO - Filling up the DagBag from /home/airflow/.local/lib/python3.7/site-packages/airflow/example_dags/example_sensors.py
[2023-03-05T12:41:36.210+0000] {processor.py:753} INFO - DAG(s) dict_keys(['example_sensors']) retrieved from /home/airflow/.local/lib/python3.7/site-packages/airflow/example_dags/example_sensors.py
[2023-03-05T12:41:36.276+0000] {logging_mixin.py:137} INFO - [2023-03-05T12:41:36.276+0000] {dag.py:2690} INFO - Sync 1 DAGs
[2023-03-05T12:41:36.319+0000] {logging_mixin.py:137} INFO - [2023-03-05T12:41:36.319+0000] {dag.py:3441} INFO - Setting next_dagrun for example_sensors to None, run_after=None
[2023-03-05T12:41:36.354+0000] {processor.py:175} INFO - Processing /home/airflow/.local/lib/python3.7/site-packages/airflow/example_dags/example_sensors.py took 0.210 seconds
[2023-03-05T12:42:06.672+0000] {processor.py:153} INFO - Started process (PID=8097) to work on /home/airflow/.local/lib/python3.7/site-packages/airflow/example_dags/example_sensors.py
[2023-03-05T12:42:06.677+0000] {processor.py:743} INFO - Processing file /home/airflow/.local/lib/python3.7/site-packages/airflow/example_dags/example_sensors.py for tasks to queue
[2023-03-05T12:42:06.684+0000] {logging_mixin.py:137} INFO - [2023-03-05T12:42:06.684+0000] {dagbag.py:538} INFO - Filling up the DagBag from /home/airflow/.local/lib/python3.7/site-packages/airflow/example_dags/example_sensors.py
[2023-03-05T12:42:06.730+0000] {processor.py:753} INFO - DAG(s) dict_keys(['example_sensors']) retrieved from /home/airflow/.local/lib/python3.7/site-packages/airflow/example_dags/example_sensors.py
[2023-03-05T12:42:06.826+0000] {logging_mixin.py:137} INFO - [2023-03-05T12:42:06.826+0000] {dag.py:2690} INFO - Sync 1 DAGs
[2023-03-05T12:42:06.868+0000] {logging_mixin.py:137} INFO - [2023-03-05T12:42:06.868+0000] {dag.py:3441} INFO - Setting next_dagrun for example_sensors to None, run_after=None
[2023-03-05T12:42:06.920+0000] {processor.py:175} INFO - Processing /home/airflow/.local/lib/python3.7/site-packages/airflow/example_dags/example_sensors.py took 0.253 seconds
[2023-03-05T12:42:39.337+0000] {processor.py:153} INFO - Started process (PID=8162) to work on /home/airflow/.local/lib/python3.7/site-packages/airflow/example_dags/example_sensors.py
[2023-03-05T12:42:39.418+0000] {processor.py:743} INFO - Processing file /home/airflow/.local/lib/python3.7/site-packages/airflow/example_dags/example_sensors.py for tasks to queue
[2023-03-05T12:42:39.468+0000] {logging_mixin.py:137} INFO - [2023-03-05T12:42:39.464+0000] {dagbag.py:538} INFO - Filling up the DagBag from /home/airflow/.local/lib/python3.7/site-packages/airflow/example_dags/example_sensors.py
[2023-03-05T12:42:40.726+0000] {processor.py:753} INFO - DAG(s) dict_keys(['example_sensors']) retrieved from /home/airflow/.local/lib/python3.7/site-packages/airflow/example_dags/example_sensors.py
[2023-03-05T12:42:41.187+0000] {logging_mixin.py:137} INFO - [2023-03-05T12:42:41.184+0000] {dag.py:2690} INFO - Sync 1 DAGs
[2023-03-05T12:42:41.769+0000] {logging_mixin.py:137} INFO - [2023-03-05T12:42:41.767+0000] {dag.py:3441} INFO - Setting next_dagrun for example_sensors to None, run_after=None
[2023-03-05T12:42:41.962+0000] {processor.py:175} INFO - Processing /home/airflow/.local/lib/python3.7/site-packages/airflow/example_dags/example_sensors.py took 3.193 seconds
[2023-03-05T12:43:13.216+0000] {processor.py:153} INFO - Started process (PID=8221) to work on /home/airflow/.local/lib/python3.7/site-packages/airflow/example_dags/example_sensors.py
[2023-03-05T12:43:13.220+0000] {processor.py:743} INFO - Processing file /home/airflow/.local/lib/python3.7/site-packages/airflow/example_dags/example_sensors.py for tasks to queue
[2023-03-05T12:43:13.231+0000] {logging_mixin.py:137} INFO - [2023-03-05T12:43:13.230+0000] {dagbag.py:538} INFO - Filling up the DagBag from /home/airflow/.local/lib/python3.7/site-packages/airflow/example_dags/example_sensors.py
[2023-03-05T12:43:13.627+0000] {processor.py:753} INFO - DAG(s) dict_keys(['example_sensors']) retrieved from /home/airflow/.local/lib/python3.7/site-packages/airflow/example_dags/example_sensors.py
[2023-03-05T12:43:14.741+0000] {logging_mixin.py:137} INFO - [2023-03-05T12:43:14.737+0000] {dag.py:2690} INFO - Sync 1 DAGs
[2023-03-05T12:43:15.068+0000] {logging_mixin.py:137} INFO - [2023-03-05T12:43:15.067+0000] {dag.py:3441} INFO - Setting next_dagrun for example_sensors to None, run_after=None
[2023-03-05T12:43:15.182+0000] {processor.py:175} INFO - Processing /home/airflow/.local/lib/python3.7/site-packages/airflow/example_dags/example_sensors.py took 2.009 seconds
[2023-03-05T12:43:46.037+0000] {processor.py:153} INFO - Started process (PID=8275) to work on /home/airflow/.local/lib/python3.7/site-packages/airflow/example_dags/example_sensors.py
[2023-03-05T12:43:46.070+0000] {processor.py:743} INFO - Processing file /home/airflow/.local/lib/python3.7/site-packages/airflow/example_dags/example_sensors.py for tasks to queue
[2023-03-05T12:43:46.086+0000] {logging_mixin.py:137} INFO - [2023-03-05T12:43:46.085+0000] {dagbag.py:538} INFO - Filling up the DagBag from /home/airflow/.local/lib/python3.7/site-packages/airflow/example_dags/example_sensors.py
[2023-03-05T12:43:46.389+0000] {processor.py:753} INFO - DAG(s) dict_keys(['example_sensors']) retrieved from /home/airflow/.local/lib/python3.7/site-packages/airflow/example_dags/example_sensors.py
[2023-03-05T12:43:46.994+0000] {logging_mixin.py:137} INFO - [2023-03-05T12:43:46.986+0000] {dag.py:2690} INFO - Sync 1 DAGs
[2023-03-05T12:43:47.479+0000] {logging_mixin.py:137} INFO - [2023-03-05T12:43:47.464+0000] {dag.py:3441} INFO - Setting next_dagrun for example_sensors to None, run_after=None
[2023-03-05T12:43:47.705+0000] {processor.py:175} INFO - Processing /home/airflow/.local/lib/python3.7/site-packages/airflow/example_dags/example_sensors.py took 1.758 seconds
[2023-03-05T12:44:19.073+0000] {processor.py:153} INFO - Started process (PID=8338) to work on /home/airflow/.local/lib/python3.7/site-packages/airflow/example_dags/example_sensors.py
[2023-03-05T12:44:19.077+0000] {processor.py:743} INFO - Processing file /home/airflow/.local/lib/python3.7/site-packages/airflow/example_dags/example_sensors.py for tasks to queue
[2023-03-05T12:44:19.081+0000] {logging_mixin.py:137} INFO - [2023-03-05T12:44:19.081+0000] {dagbag.py:538} INFO - Filling up the DagBag from /home/airflow/.local/lib/python3.7/site-packages/airflow/example_dags/example_sensors.py
[2023-03-05T12:44:19.166+0000] {processor.py:753} INFO - DAG(s) dict_keys(['example_sensors']) retrieved from /home/airflow/.local/lib/python3.7/site-packages/airflow/example_dags/example_sensors.py
[2023-03-05T12:44:19.206+0000] {logging_mixin.py:137} INFO - [2023-03-05T12:44:19.206+0000] {dag.py:2690} INFO - Sync 1 DAGs
[2023-03-05T12:44:19.240+0000] {logging_mixin.py:137} INFO - [2023-03-05T12:44:19.240+0000] {dag.py:3441} INFO - Setting next_dagrun for example_sensors to None, run_after=None
[2023-03-05T12:44:19.256+0000] {processor.py:175} INFO - Processing /home/airflow/.local/lib/python3.7/site-packages/airflow/example_dags/example_sensors.py took 0.189 seconds
[2023-03-05T12:44:49.493+0000] {processor.py:153} INFO - Started process (PID=8401) to work on /home/airflow/.local/lib/python3.7/site-packages/airflow/example_dags/example_sensors.py
[2023-03-05T12:44:49.497+0000] {processor.py:743} INFO - Processing file /home/airflow/.local/lib/python3.7/site-packages/airflow/example_dags/example_sensors.py for tasks to queue
[2023-03-05T12:44:49.498+0000] {logging_mixin.py:137} INFO - [2023-03-05T12:44:49.498+0000] {dagbag.py:538} INFO - Filling up the DagBag from /home/airflow/.local/lib/python3.7/site-packages/airflow/example_dags/example_sensors.py
[2023-03-05T12:44:49.534+0000] {processor.py:753} INFO - DAG(s) dict_keys(['example_sensors']) retrieved from /home/airflow/.local/lib/python3.7/site-packages/airflow/example_dags/example_sensors.py
[2023-03-05T12:44:49.571+0000] {logging_mixin.py:137} INFO - [2023-03-05T12:44:49.571+0000] {dag.py:2690} INFO - Sync 1 DAGs
[2023-03-05T12:44:49.603+0000] {logging_mixin.py:137} INFO - [2023-03-05T12:44:49.603+0000] {dag.py:3441} INFO - Setting next_dagrun for example_sensors to None, run_after=None
[2023-03-05T12:44:49.618+0000] {processor.py:175} INFO - Processing /home/airflow/.local/lib/python3.7/site-packages/airflow/example_dags/example_sensors.py took 0.129 seconds
[2023-03-05T12:45:20.455+0000] {processor.py:153} INFO - Started process (PID=8473) to work on /home/airflow/.local/lib/python3.7/site-packages/airflow/example_dags/example_sensors.py
[2023-03-05T12:45:20.456+0000] {processor.py:743} INFO - Processing file /home/airflow/.local/lib/python3.7/site-packages/airflow/example_dags/example_sensors.py for tasks to queue
[2023-03-05T12:45:20.457+0000] {logging_mixin.py:137} INFO - [2023-03-05T12:45:20.457+0000] {dagbag.py:538} INFO - Filling up the DagBag from /home/airflow/.local/lib/python3.7/site-packages/airflow/example_dags/example_sensors.py
[2023-03-05T12:45:20.488+0000] {processor.py:753} INFO - DAG(s) dict_keys(['example_sensors']) retrieved from /home/airflow/.local/lib/python3.7/site-packages/airflow/example_dags/example_sensors.py
[2023-03-05T12:45:20.522+0000] {logging_mixin.py:137} INFO - [2023-03-05T12:45:20.521+0000] {dag.py:2690} INFO - Sync 1 DAGs
[2023-03-05T12:45:20.562+0000] {logging_mixin.py:137} INFO - [2023-03-05T12:45:20.562+0000] {dag.py:3441} INFO - Setting next_dagrun for example_sensors to None, run_after=None
[2023-03-05T12:45:20.583+0000] {processor.py:175} INFO - Processing /home/airflow/.local/lib/python3.7/site-packages/airflow/example_dags/example_sensors.py took 0.133 seconds
[2023-03-05T12:45:50.856+0000] {processor.py:153} INFO - Started process (PID=8538) to work on /home/airflow/.local/lib/python3.7/site-packages/airflow/example_dags/example_sensors.py
[2023-03-05T12:45:50.859+0000] {processor.py:743} INFO - Processing file /home/airflow/.local/lib/python3.7/site-packages/airflow/example_dags/example_sensors.py for tasks to queue
[2023-03-05T12:45:50.861+0000] {logging_mixin.py:137} INFO - [2023-03-05T12:45:50.861+0000] {dagbag.py:538} INFO - Filling up the DagBag from /home/airflow/.local/lib/python3.7/site-packages/airflow/example_dags/example_sensors.py
[2023-03-05T12:45:50.881+0000] {processor.py:753} INFO - DAG(s) dict_keys(['example_sensors']) retrieved from /home/airflow/.local/lib/python3.7/site-packages/airflow/example_dags/example_sensors.py
[2023-03-05T12:45:50.910+0000] {logging_mixin.py:137} INFO - [2023-03-05T12:45:50.910+0000] {dag.py:2690} INFO - Sync 1 DAGs
[2023-03-05T12:45:50.931+0000] {logging_mixin.py:137} INFO - [2023-03-05T12:45:50.931+0000] {dag.py:3441} INFO - Setting next_dagrun for example_sensors to None, run_after=None
[2023-03-05T12:45:50.958+0000] {processor.py:175} INFO - Processing /home/airflow/.local/lib/python3.7/site-packages/airflow/example_dags/example_sensors.py took 0.107 seconds
[2023-03-05T12:46:22.098+0000] {processor.py:153} INFO - Started process (PID=8602) to work on /home/airflow/.local/lib/python3.7/site-packages/airflow/example_dags/example_sensors.py
[2023-03-05T12:46:22.108+0000] {processor.py:743} INFO - Processing file /home/airflow/.local/lib/python3.7/site-packages/airflow/example_dags/example_sensors.py for tasks to queue
[2023-03-05T12:46:22.110+0000] {logging_mixin.py:137} INFO - [2023-03-05T12:46:22.110+0000] {dagbag.py:538} INFO - Filling up the DagBag from /home/airflow/.local/lib/python3.7/site-packages/airflow/example_dags/example_sensors.py
[2023-03-05T12:46:22.165+0000] {processor.py:753} INFO - DAG(s) dict_keys(['example_sensors']) retrieved from /home/airflow/.local/lib/python3.7/site-packages/airflow/example_dags/example_sensors.py
[2023-03-05T12:46:22.214+0000] {logging_mixin.py:137} INFO - [2023-03-05T12:46:22.214+0000] {dag.py:2690} INFO - Sync 1 DAGs
[2023-03-05T12:46:22.252+0000] {logging_mixin.py:137} INFO - [2023-03-05T12:46:22.252+0000] {dag.py:3441} INFO - Setting next_dagrun for example_sensors to None, run_after=None
[2023-03-05T12:46:22.271+0000] {processor.py:175} INFO - Processing /home/airflow/.local/lib/python3.7/site-packages/airflow/example_dags/example_sensors.py took 0.179 seconds
[2023-03-05T12:46:52.633+0000] {processor.py:153} INFO - Started process (PID=8677) to work on /home/airflow/.local/lib/python3.7/site-packages/airflow/example_dags/example_sensors.py
[2023-03-05T12:46:52.635+0000] {processor.py:743} INFO - Processing file /home/airflow/.local/lib/python3.7/site-packages/airflow/example_dags/example_sensors.py for tasks to queue
[2023-03-05T12:46:52.635+0000] {logging_mixin.py:137} INFO - [2023-03-05T12:46:52.635+0000] {dagbag.py:538} INFO - Filling up the DagBag from /home/airflow/.local/lib/python3.7/site-packages/airflow/example_dags/example_sensors.py
[2023-03-05T12:46:52.662+0000] {processor.py:753} INFO - DAG(s) dict_keys(['example_sensors']) retrieved from /home/airflow/.local/lib/python3.7/site-packages/airflow/example_dags/example_sensors.py
[2023-03-05T12:46:52.692+0000] {logging_mixin.py:137} INFO - [2023-03-05T12:46:52.691+0000] {dag.py:2690} INFO - Sync 1 DAGs
[2023-03-05T12:46:52.713+0000] {logging_mixin.py:137} INFO - [2023-03-05T12:46:52.713+0000] {dag.py:3441} INFO - Setting next_dagrun for example_sensors to None, run_after=None
[2023-03-05T12:46:52.726+0000] {processor.py:175} INFO - Processing /home/airflow/.local/lib/python3.7/site-packages/airflow/example_dags/example_sensors.py took 0.097 seconds
[2023-03-05T12:47:23.171+0000] {processor.py:153} INFO - Started process (PID=8741) to work on /home/airflow/.local/lib/python3.7/site-packages/airflow/example_dags/example_sensors.py
[2023-03-05T12:47:23.172+0000] {processor.py:743} INFO - Processing file /home/airflow/.local/lib/python3.7/site-packages/airflow/example_dags/example_sensors.py for tasks to queue
[2023-03-05T12:47:23.175+0000] {logging_mixin.py:137} INFO - [2023-03-05T12:47:23.175+0000] {dagbag.py:538} INFO - Filling up the DagBag from /home/airflow/.local/lib/python3.7/site-packages/airflow/example_dags/example_sensors.py
[2023-03-05T12:47:23.192+0000] {processor.py:753} INFO - DAG(s) dict_keys(['example_sensors']) retrieved from /home/airflow/.local/lib/python3.7/site-packages/airflow/example_dags/example_sensors.py
[2023-03-05T12:47:23.221+0000] {logging_mixin.py:137} INFO - [2023-03-05T12:47:23.221+0000] {dag.py:2690} INFO - Sync 1 DAGs
[2023-03-05T12:47:23.277+0000] {logging_mixin.py:137} INFO - [2023-03-05T12:47:23.276+0000] {dag.py:3441} INFO - Setting next_dagrun for example_sensors to None, run_after=None
[2023-03-05T12:47:23.298+0000] {processor.py:175} INFO - Processing /home/airflow/.local/lib/python3.7/site-packages/airflow/example_dags/example_sensors.py took 0.131 seconds
[2023-03-05T12:47:54.196+0000] {processor.py:153} INFO - Started process (PID=8815) to work on /home/airflow/.local/lib/python3.7/site-packages/airflow/example_dags/example_sensors.py
[2023-03-05T12:47:54.198+0000] {processor.py:743} INFO - Processing file /home/airflow/.local/lib/python3.7/site-packages/airflow/example_dags/example_sensors.py for tasks to queue
[2023-03-05T12:47:54.199+0000] {logging_mixin.py:137} INFO - [2023-03-05T12:47:54.199+0000] {dagbag.py:538} INFO - Filling up the DagBag from /home/airflow/.local/lib/python3.7/site-packages/airflow/example_dags/example_sensors.py
[2023-03-05T12:47:54.215+0000] {processor.py:753} INFO - DAG(s) dict_keys(['example_sensors']) retrieved from /home/airflow/.local/lib/python3.7/site-packages/airflow/example_dags/example_sensors.py
[2023-03-05T12:47:54.239+0000] {logging_mixin.py:137} INFO - [2023-03-05T12:47:54.238+0000] {dag.py:2690} INFO - Sync 1 DAGs
[2023-03-05T12:47:54.255+0000] {logging_mixin.py:137} INFO - [2023-03-05T12:47:54.255+0000] {dag.py:3441} INFO - Setting next_dagrun for example_sensors to None, run_after=None
[2023-03-05T12:47:54.267+0000] {processor.py:175} INFO - Processing /home/airflow/.local/lib/python3.7/site-packages/airflow/example_dags/example_sensors.py took 0.074 seconds
[2023-03-05T12:48:24.494+0000] {processor.py:153} INFO - Started process (PID=8878) to work on /home/airflow/.local/lib/python3.7/site-packages/airflow/example_dags/example_sensors.py
[2023-03-05T12:48:24.496+0000] {processor.py:743} INFO - Processing file /home/airflow/.local/lib/python3.7/site-packages/airflow/example_dags/example_sensors.py for tasks to queue
[2023-03-05T12:48:24.497+0000] {logging_mixin.py:137} INFO - [2023-03-05T12:48:24.497+0000] {dagbag.py:538} INFO - Filling up the DagBag from /home/airflow/.local/lib/python3.7/site-packages/airflow/example_dags/example_sensors.py
[2023-03-05T12:48:24.533+0000] {processor.py:753} INFO - DAG(s) dict_keys(['example_sensors']) retrieved from /home/airflow/.local/lib/python3.7/site-packages/airflow/example_dags/example_sensors.py
[2023-03-05T12:48:24.588+0000] {logging_mixin.py:137} INFO - [2023-03-05T12:48:24.588+0000] {dag.py:2690} INFO - Sync 1 DAGs
[2023-03-05T12:48:24.611+0000] {logging_mixin.py:137} INFO - [2023-03-05T12:48:24.611+0000] {dag.py:3441} INFO - Setting next_dagrun for example_sensors to None, run_after=None
[2023-03-05T12:48:24.627+0000] {processor.py:175} INFO - Processing /home/airflow/.local/lib/python3.7/site-packages/airflow/example_dags/example_sensors.py took 0.136 seconds
[2023-03-05T13:00:14.708+0000] {processor.py:153} INFO - Started process (PID=224) to work on /home/airflow/.local/lib/python3.7/site-packages/airflow/example_dags/example_sensors.py
[2023-03-05T13:00:14.710+0000] {processor.py:743} INFO - Processing file /home/airflow/.local/lib/python3.7/site-packages/airflow/example_dags/example_sensors.py for tasks to queue
[2023-03-05T13:00:14.711+0000] {logging_mixin.py:137} INFO - [2023-03-05T13:00:14.711+0000] {dagbag.py:538} INFO - Filling up the DagBag from /home/airflow/.local/lib/python3.7/site-packages/airflow/example_dags/example_sensors.py
[2023-03-05T13:00:14.733+0000] {processor.py:753} INFO - DAG(s) dict_keys(['example_sensors']) retrieved from /home/airflow/.local/lib/python3.7/site-packages/airflow/example_dags/example_sensors.py
[2023-03-05T13:00:14.757+0000] {logging_mixin.py:137} INFO - [2023-03-05T13:00:14.757+0000] {dag.py:2690} INFO - Sync 1 DAGs
[2023-03-05T13:00:14.774+0000] {logging_mixin.py:137} INFO - [2023-03-05T13:00:14.774+0000] {dag.py:3441} INFO - Setting next_dagrun for example_sensors to None, run_after=None
[2023-03-05T13:00:14.793+0000] {processor.py:175} INFO - Processing /home/airflow/.local/lib/python3.7/site-packages/airflow/example_dags/example_sensors.py took 0.088 seconds
[2023-03-05T13:00:45.025+0000] {processor.py:153} INFO - Started process (PID=460) to work on /home/airflow/.local/lib/python3.7/site-packages/airflow/example_dags/example_sensors.py
[2023-03-05T13:00:45.027+0000] {processor.py:743} INFO - Processing file /home/airflow/.local/lib/python3.7/site-packages/airflow/example_dags/example_sensors.py for tasks to queue
[2023-03-05T13:00:45.028+0000] {logging_mixin.py:137} INFO - [2023-03-05T13:00:45.027+0000] {dagbag.py:538} INFO - Filling up the DagBag from /home/airflow/.local/lib/python3.7/site-packages/airflow/example_dags/example_sensors.py
[2023-03-05T13:00:45.042+0000] {processor.py:753} INFO - DAG(s) dict_keys(['example_sensors']) retrieved from /home/airflow/.local/lib/python3.7/site-packages/airflow/example_dags/example_sensors.py
[2023-03-05T13:00:45.069+0000] {logging_mixin.py:137} INFO - [2023-03-05T13:00:45.069+0000] {dag.py:2690} INFO - Sync 1 DAGs
[2023-03-05T13:00:45.085+0000] {logging_mixin.py:137} INFO - [2023-03-05T13:00:45.085+0000] {dag.py:3441} INFO - Setting next_dagrun for example_sensors to None, run_after=None
[2023-03-05T13:00:45.097+0000] {processor.py:175} INFO - Processing /home/airflow/.local/lib/python3.7/site-packages/airflow/example_dags/example_sensors.py took 0.076 seconds
[2023-03-05T13:01:15.481+0000] {processor.py:153} INFO - Started process (PID=683) to work on /home/airflow/.local/lib/python3.7/site-packages/airflow/example_dags/example_sensors.py
[2023-03-05T13:01:15.484+0000] {processor.py:743} INFO - Processing file /home/airflow/.local/lib/python3.7/site-packages/airflow/example_dags/example_sensors.py for tasks to queue
[2023-03-05T13:01:15.487+0000] {logging_mixin.py:137} INFO - [2023-03-05T13:01:15.487+0000] {dagbag.py:538} INFO - Filling up the DagBag from /home/airflow/.local/lib/python3.7/site-packages/airflow/example_dags/example_sensors.py
[2023-03-05T13:01:15.507+0000] {processor.py:753} INFO - DAG(s) dict_keys(['example_sensors']) retrieved from /home/airflow/.local/lib/python3.7/site-packages/airflow/example_dags/example_sensors.py
[2023-03-05T13:01:15.535+0000] {logging_mixin.py:137} INFO - [2023-03-05T13:01:15.535+0000] {dag.py:2690} INFO - Sync 1 DAGs
[2023-03-05T13:01:15.554+0000] {logging_mixin.py:137} INFO - [2023-03-05T13:01:15.553+0000] {dag.py:3441} INFO - Setting next_dagrun for example_sensors to None, run_after=None
[2023-03-05T13:01:15.573+0000] {processor.py:175} INFO - Processing /home/airflow/.local/lib/python3.7/site-packages/airflow/example_dags/example_sensors.py took 0.096 seconds
[2023-03-05T13:01:46.674+0000] {processor.py:153} INFO - Started process (PID=918) to work on /home/airflow/.local/lib/python3.7/site-packages/airflow/example_dags/example_sensors.py
[2023-03-05T13:01:46.676+0000] {processor.py:743} INFO - Processing file /home/airflow/.local/lib/python3.7/site-packages/airflow/example_dags/example_sensors.py for tasks to queue
[2023-03-05T13:01:46.677+0000] {logging_mixin.py:137} INFO - [2023-03-05T13:01:46.677+0000] {dagbag.py:538} INFO - Filling up the DagBag from /home/airflow/.local/lib/python3.7/site-packages/airflow/example_dags/example_sensors.py
[2023-03-05T13:01:46.698+0000] {processor.py:753} INFO - DAG(s) dict_keys(['example_sensors']) retrieved from /home/airflow/.local/lib/python3.7/site-packages/airflow/example_dags/example_sensors.py
[2023-03-05T13:01:46.724+0000] {logging_mixin.py:137} INFO - [2023-03-05T13:01:46.724+0000] {dag.py:2690} INFO - Sync 1 DAGs
[2023-03-05T13:01:46.761+0000] {logging_mixin.py:137} INFO - [2023-03-05T13:01:46.761+0000] {dag.py:3441} INFO - Setting next_dagrun for example_sensors to None, run_after=None
[2023-03-05T13:01:46.780+0000] {processor.py:175} INFO - Processing /home/airflow/.local/lib/python3.7/site-packages/airflow/example_dags/example_sensors.py took 0.110 seconds
[2023-03-05T13:02:17.134+0000] {processor.py:153} INFO - Started process (PID=1151) to work on /home/airflow/.local/lib/python3.7/site-packages/airflow/example_dags/example_sensors.py
[2023-03-05T13:02:17.136+0000] {processor.py:743} INFO - Processing file /home/airflow/.local/lib/python3.7/site-packages/airflow/example_dags/example_sensors.py for tasks to queue
[2023-03-05T13:02:17.137+0000] {logging_mixin.py:137} INFO - [2023-03-05T13:02:17.137+0000] {dagbag.py:538} INFO - Filling up the DagBag from /home/airflow/.local/lib/python3.7/site-packages/airflow/example_dags/example_sensors.py
[2023-03-05T13:02:17.153+0000] {processor.py:753} INFO - DAG(s) dict_keys(['example_sensors']) retrieved from /home/airflow/.local/lib/python3.7/site-packages/airflow/example_dags/example_sensors.py
[2023-03-05T13:02:17.175+0000] {logging_mixin.py:137} INFO - [2023-03-05T13:02:17.175+0000] {dag.py:2690} INFO - Sync 1 DAGs
[2023-03-05T13:02:17.193+0000] {logging_mixin.py:137} INFO - [2023-03-05T13:02:17.193+0000] {dag.py:3441} INFO - Setting next_dagrun for example_sensors to None, run_after=None
[2023-03-05T13:02:17.207+0000] {processor.py:175} INFO - Processing /home/airflow/.local/lib/python3.7/site-packages/airflow/example_dags/example_sensors.py took 0.076 seconds
