[2023-03-05T00:38:22.738+0000] {processor.py:153} INFO - Started process (PID=6458) to work on /home/airflow/.local/lib/python3.7/site-packages/airflow/example_dags/example_task_group.py
[2023-03-05T00:38:22.740+0000] {processor.py:743} INFO - Processing file /home/airflow/.local/lib/python3.7/site-packages/airflow/example_dags/example_task_group.py for tasks to queue
[2023-03-05T00:38:22.741+0000] {logging_mixin.py:137} INFO - [2023-03-05T00:38:22.741+0000] {dagbag.py:538} INFO - Filling up the DagBag from /home/airflow/.local/lib/python3.7/site-packages/airflow/example_dags/example_task_group.py
[2023-03-05T00:38:22.785+0000] {processor.py:753} INFO - DAG(s) dict_keys(['example_task_group']) retrieved from /home/airflow/.local/lib/python3.7/site-packages/airflow/example_dags/example_task_group.py
[2023-03-05T00:38:22.856+0000] {logging_mixin.py:137} INFO - [2023-03-05T00:38:22.855+0000] {dag.py:2690} INFO - Sync 1 DAGs
[2023-03-05T00:38:22.887+0000] {logging_mixin.py:137} INFO - [2023-03-05T00:38:22.887+0000] {dag.py:3441} INFO - Setting next_dagrun for example_task_group to 2023-03-04T00:38:22.886702+00:00, run_after=2023-03-05T00:38:22.886702+00:00
[2023-03-05T00:38:22.932+0000] {processor.py:175} INFO - Processing /home/airflow/.local/lib/python3.7/site-packages/airflow/example_dags/example_task_group.py took 0.197 seconds
[2023-03-05T01:37:01.026+0000] {processor.py:153} INFO - Started process (PID=6521) to work on /home/airflow/.local/lib/python3.7/site-packages/airflow/example_dags/example_task_group.py
[2023-03-05T01:37:01.027+0000] {processor.py:743} INFO - Processing file /home/airflow/.local/lib/python3.7/site-packages/airflow/example_dags/example_task_group.py for tasks to queue
[2023-03-05T01:37:01.028+0000] {logging_mixin.py:137} INFO - [2023-03-05T01:37:01.028+0000] {dagbag.py:538} INFO - Filling up the DagBag from /home/airflow/.local/lib/python3.7/site-packages/airflow/example_dags/example_task_group.py
[2023-03-05T01:37:01.045+0000] {processor.py:753} INFO - DAG(s) dict_keys(['example_task_group']) retrieved from /home/airflow/.local/lib/python3.7/site-packages/airflow/example_dags/example_task_group.py
[2023-03-05T01:37:01.077+0000] {logging_mixin.py:137} INFO - [2023-03-05T01:37:01.077+0000] {dag.py:2690} INFO - Sync 1 DAGs
[2023-03-05T01:37:01.100+0000] {logging_mixin.py:137} INFO - [2023-03-05T01:37:01.100+0000] {dag.py:3441} INFO - Setting next_dagrun for example_task_group to 2023-03-04T01:37:01.100151+00:00, run_after=2023-03-05T01:37:01.100151+00:00
[2023-03-05T01:37:01.116+0000] {processor.py:175} INFO - Processing /home/airflow/.local/lib/python3.7/site-packages/airflow/example_dags/example_task_group.py took 0.094 seconds
[2023-03-05T02:44:38.185+0000] {processor.py:153} INFO - Started process (PID=6584) to work on /home/airflow/.local/lib/python3.7/site-packages/airflow/example_dags/example_task_group.py
[2023-03-05T02:44:38.186+0000] {processor.py:743} INFO - Processing file /home/airflow/.local/lib/python3.7/site-packages/airflow/example_dags/example_task_group.py for tasks to queue
[2023-03-05T02:44:38.187+0000] {logging_mixin.py:137} INFO - [2023-03-05T02:44:38.187+0000] {dagbag.py:538} INFO - Filling up the DagBag from /home/airflow/.local/lib/python3.7/site-packages/airflow/example_dags/example_task_group.py
[2023-03-05T02:44:38.206+0000] {processor.py:753} INFO - DAG(s) dict_keys(['example_task_group']) retrieved from /home/airflow/.local/lib/python3.7/site-packages/airflow/example_dags/example_task_group.py
[2023-03-05T02:44:38.229+0000] {logging_mixin.py:137} INFO - [2023-03-05T02:44:38.229+0000] {dag.py:2690} INFO - Sync 1 DAGs
[2023-03-05T02:44:38.250+0000] {logging_mixin.py:137} INFO - [2023-03-05T02:44:38.250+0000] {dag.py:3441} INFO - Setting next_dagrun for example_task_group to 2023-03-04T02:44:38.249951+00:00, run_after=2023-03-05T02:44:38.249951+00:00
[2023-03-05T02:44:38.267+0000] {processor.py:175} INFO - Processing /home/airflow/.local/lib/python3.7/site-packages/airflow/example_dags/example_task_group.py took 0.086 seconds
[2023-03-05T03:59:40.515+0000] {processor.py:153} INFO - Started process (PID=6647) to work on /home/airflow/.local/lib/python3.7/site-packages/airflow/example_dags/example_task_group.py
[2023-03-05T03:59:40.517+0000] {processor.py:743} INFO - Processing file /home/airflow/.local/lib/python3.7/site-packages/airflow/example_dags/example_task_group.py for tasks to queue
[2023-03-05T03:59:40.518+0000] {logging_mixin.py:137} INFO - [2023-03-05T03:59:40.518+0000] {dagbag.py:538} INFO - Filling up the DagBag from /home/airflow/.local/lib/python3.7/site-packages/airflow/example_dags/example_task_group.py
[2023-03-05T03:59:40.531+0000] {processor.py:753} INFO - DAG(s) dict_keys(['example_task_group']) retrieved from /home/airflow/.local/lib/python3.7/site-packages/airflow/example_dags/example_task_group.py
[2023-03-05T03:59:40.557+0000] {logging_mixin.py:137} INFO - [2023-03-05T03:59:40.557+0000] {dag.py:2690} INFO - Sync 1 DAGs
[2023-03-05T03:59:40.576+0000] {logging_mixin.py:137} INFO - [2023-03-05T03:59:40.576+0000] {dag.py:3441} INFO - Setting next_dagrun for example_task_group to 2023-03-04T03:59:40.576457+00:00, run_after=2023-03-05T03:59:40.576457+00:00
[2023-03-05T03:59:40.590+0000] {processor.py:175} INFO - Processing /home/airflow/.local/lib/python3.7/site-packages/airflow/example_dags/example_task_group.py took 0.078 seconds
[2023-03-05T05:35:21.942+0000] {processor.py:153} INFO - Started process (PID=6722) to work on /home/airflow/.local/lib/python3.7/site-packages/airflow/example_dags/example_task_group.py
[2023-03-05T05:35:21.946+0000] {processor.py:743} INFO - Processing file /home/airflow/.local/lib/python3.7/site-packages/airflow/example_dags/example_task_group.py for tasks to queue
[2023-03-05T05:35:21.948+0000] {logging_mixin.py:137} INFO - [2023-03-05T05:35:21.948+0000] {dagbag.py:538} INFO - Filling up the DagBag from /home/airflow/.local/lib/python3.7/site-packages/airflow/example_dags/example_task_group.py
[2023-03-05T05:35:22.008+0000] {processor.py:753} INFO - DAG(s) dict_keys(['example_task_group']) retrieved from /home/airflow/.local/lib/python3.7/site-packages/airflow/example_dags/example_task_group.py
[2023-03-05T05:35:22.087+0000] {logging_mixin.py:137} INFO - [2023-03-05T05:35:22.080+0000] {dag.py:2690} INFO - Sync 1 DAGs
[2023-03-05T05:35:22.147+0000] {logging_mixin.py:137} INFO - [2023-03-05T05:35:22.147+0000] {dag.py:3441} INFO - Setting next_dagrun for example_task_group to 2023-03-04T05:35:22.147452+00:00, run_after=2023-03-05T05:35:22.147452+00:00
[2023-03-05T05:35:22.874+0000] {processor.py:175} INFO - Processing /home/airflow/.local/lib/python3.7/site-packages/airflow/example_dags/example_task_group.py took 0.939 seconds
[2023-03-05T06:52:27.873+0000] {processor.py:153} INFO - Started process (PID=6785) to work on /home/airflow/.local/lib/python3.7/site-packages/airflow/example_dags/example_task_group.py
[2023-03-05T06:52:27.877+0000] {processor.py:743} INFO - Processing file /home/airflow/.local/lib/python3.7/site-packages/airflow/example_dags/example_task_group.py for tasks to queue
[2023-03-05T06:52:27.880+0000] {logging_mixin.py:137} INFO - [2023-03-05T06:52:27.880+0000] {dagbag.py:538} INFO - Filling up the DagBag from /home/airflow/.local/lib/python3.7/site-packages/airflow/example_dags/example_task_group.py
[2023-03-05T06:52:27.917+0000] {processor.py:753} INFO - DAG(s) dict_keys(['example_task_group']) retrieved from /home/airflow/.local/lib/python3.7/site-packages/airflow/example_dags/example_task_group.py
[2023-03-05T06:52:27.956+0000] {logging_mixin.py:137} INFO - [2023-03-05T06:52:27.956+0000] {dag.py:2690} INFO - Sync 1 DAGs
[2023-03-05T06:52:27.982+0000] {logging_mixin.py:137} INFO - [2023-03-05T06:52:27.982+0000] {dag.py:3441} INFO - Setting next_dagrun for example_task_group to 2023-03-04T06:52:27.981802+00:00, run_after=2023-03-05T06:52:27.981802+00:00
[2023-03-05T06:52:28.006+0000] {processor.py:175} INFO - Processing /home/airflow/.local/lib/python3.7/site-packages/airflow/example_dags/example_task_group.py took 0.143 seconds
[2023-03-05T08:00:56.264+0000] {processor.py:153} INFO - Started process (PID=6848) to work on /home/airflow/.local/lib/python3.7/site-packages/airflow/example_dags/example_task_group.py
[2023-03-05T08:00:56.266+0000] {processor.py:743} INFO - Processing file /home/airflow/.local/lib/python3.7/site-packages/airflow/example_dags/example_task_group.py for tasks to queue
[2023-03-05T08:00:56.267+0000] {logging_mixin.py:137} INFO - [2023-03-05T08:00:56.267+0000] {dagbag.py:538} INFO - Filling up the DagBag from /home/airflow/.local/lib/python3.7/site-packages/airflow/example_dags/example_task_group.py
[2023-03-05T08:00:56.281+0000] {processor.py:753} INFO - DAG(s) dict_keys(['example_task_group']) retrieved from /home/airflow/.local/lib/python3.7/site-packages/airflow/example_dags/example_task_group.py
[2023-03-05T08:00:56.302+0000] {logging_mixin.py:137} INFO - [2023-03-05T08:00:56.301+0000] {dag.py:2690} INFO - Sync 1 DAGs
[2023-03-05T08:00:56.318+0000] {logging_mixin.py:137} INFO - [2023-03-05T08:00:56.318+0000] {dag.py:3441} INFO - Setting next_dagrun for example_task_group to 2023-03-04T08:00:56.318592+00:00, run_after=2023-03-05T08:00:56.318592+00:00
[2023-03-05T08:00:56.330+0000] {processor.py:175} INFO - Processing /home/airflow/.local/lib/python3.7/site-packages/airflow/example_dags/example_task_group.py took 0.068 seconds
[2023-03-05T09:23:26.228+0000] {processor.py:153} INFO - Started process (PID=6911) to work on /home/airflow/.local/lib/python3.7/site-packages/airflow/example_dags/example_task_group.py
[2023-03-05T09:23:26.229+0000] {processor.py:743} INFO - Processing file /home/airflow/.local/lib/python3.7/site-packages/airflow/example_dags/example_task_group.py for tasks to queue
[2023-03-05T09:23:26.230+0000] {logging_mixin.py:137} INFO - [2023-03-05T09:23:26.230+0000] {dagbag.py:538} INFO - Filling up the DagBag from /home/airflow/.local/lib/python3.7/site-packages/airflow/example_dags/example_task_group.py
[2023-03-05T09:23:26.242+0000] {processor.py:753} INFO - DAG(s) dict_keys(['example_task_group']) retrieved from /home/airflow/.local/lib/python3.7/site-packages/airflow/example_dags/example_task_group.py
[2023-03-05T09:23:26.267+0000] {logging_mixin.py:137} INFO - [2023-03-05T09:23:26.267+0000] {dag.py:2690} INFO - Sync 1 DAGs
[2023-03-05T09:23:26.283+0000] {logging_mixin.py:137} INFO - [2023-03-05T09:23:26.283+0000] {dag.py:3441} INFO - Setting next_dagrun for example_task_group to 2023-03-04T09:23:26.283638+00:00, run_after=2023-03-05T09:23:26.283638+00:00
[2023-03-05T09:23:26.295+0000] {processor.py:175} INFO - Processing /home/airflow/.local/lib/python3.7/site-packages/airflow/example_dags/example_task_group.py took 0.070 seconds
[2023-03-05T10:39:45.145+0000] {processor.py:153} INFO - Started process (PID=6986) to work on /home/airflow/.local/lib/python3.7/site-packages/airflow/example_dags/example_task_group.py
[2023-03-05T10:39:45.146+0000] {processor.py:743} INFO - Processing file /home/airflow/.local/lib/python3.7/site-packages/airflow/example_dags/example_task_group.py for tasks to queue
[2023-03-05T10:39:45.147+0000] {logging_mixin.py:137} INFO - [2023-03-05T10:39:45.147+0000] {dagbag.py:538} INFO - Filling up the DagBag from /home/airflow/.local/lib/python3.7/site-packages/airflow/example_dags/example_task_group.py
[2023-03-05T10:39:45.158+0000] {processor.py:753} INFO - DAG(s) dict_keys(['example_task_group']) retrieved from /home/airflow/.local/lib/python3.7/site-packages/airflow/example_dags/example_task_group.py
[2023-03-05T10:39:45.179+0000] {logging_mixin.py:137} INFO - [2023-03-05T10:39:45.179+0000] {dag.py:2690} INFO - Sync 1 DAGs
[2023-03-05T10:39:45.216+0000] {logging_mixin.py:137} INFO - [2023-03-05T10:39:45.216+0000] {dag.py:3441} INFO - Setting next_dagrun for example_task_group to 2023-03-04T10:39:45.216158+00:00, run_after=2023-03-05T10:39:45.216158+00:00
[2023-03-05T10:39:45.246+0000] {processor.py:175} INFO - Processing /home/airflow/.local/lib/python3.7/site-packages/airflow/example_dags/example_task_group.py took 0.104 seconds
[2023-03-05T11:30:39.948+0000] {processor.py:153} INFO - Started process (PID=7049) to work on /home/airflow/.local/lib/python3.7/site-packages/airflow/example_dags/example_task_group.py
[2023-03-05T11:30:39.950+0000] {processor.py:743} INFO - Processing file /home/airflow/.local/lib/python3.7/site-packages/airflow/example_dags/example_task_group.py for tasks to queue
[2023-03-05T11:30:39.951+0000] {logging_mixin.py:137} INFO - [2023-03-05T11:30:39.951+0000] {dagbag.py:538} INFO - Filling up the DagBag from /home/airflow/.local/lib/python3.7/site-packages/airflow/example_dags/example_task_group.py
[2023-03-05T11:30:39.977+0000] {processor.py:753} INFO - DAG(s) dict_keys(['example_task_group']) retrieved from /home/airflow/.local/lib/python3.7/site-packages/airflow/example_dags/example_task_group.py
[2023-03-05T11:30:40.010+0000] {logging_mixin.py:137} INFO - [2023-03-05T11:30:40.010+0000] {dag.py:2690} INFO - Sync 1 DAGs
[2023-03-05T11:30:40.029+0000] {logging_mixin.py:137} INFO - [2023-03-05T11:30:40.029+0000] {dag.py:3441} INFO - Setting next_dagrun for example_task_group to 2023-03-04T11:30:40.029531+00:00, run_after=2023-03-05T11:30:40.029531+00:00
[2023-03-05T11:30:40.044+0000] {processor.py:175} INFO - Processing /home/airflow/.local/lib/python3.7/site-packages/airflow/example_dags/example_task_group.py took 0.100 seconds
[2023-03-05T12:34:05.525+0000] {processor.py:153} INFO - Started process (PID=7143) to work on /home/airflow/.local/lib/python3.7/site-packages/airflow/example_dags/example_task_group.py
[2023-03-05T12:34:05.532+0000] {processor.py:743} INFO - Processing file /home/airflow/.local/lib/python3.7/site-packages/airflow/example_dags/example_task_group.py for tasks to queue
[2023-03-05T12:34:05.534+0000] {logging_mixin.py:137} INFO - [2023-03-05T12:34:05.534+0000] {dagbag.py:538} INFO - Filling up the DagBag from /home/airflow/.local/lib/python3.7/site-packages/airflow/example_dags/example_task_group.py
[2023-03-05T12:34:05.657+0000] {processor.py:753} INFO - DAG(s) dict_keys(['example_task_group']) retrieved from /home/airflow/.local/lib/python3.7/site-packages/airflow/example_dags/example_task_group.py
[2023-03-05T12:34:06.657+0000] {logging_mixin.py:137} INFO - [2023-03-05T12:34:06.656+0000] {dag.py:2690} INFO - Sync 1 DAGs
[2023-03-05T12:34:07.009+0000] {logging_mixin.py:137} INFO - [2023-03-05T12:34:07.009+0000] {dag.py:3441} INFO - Setting next_dagrun for example_task_group to 2023-03-04T12:34:06.988849+00:00, run_after=2023-03-05T12:34:06.988849+00:00
[2023-03-05T12:34:07.293+0000] {processor.py:175} INFO - Processing /home/airflow/.local/lib/python3.7/site-packages/airflow/example_dags/example_task_group.py took 1.816 seconds
[2023-03-05T12:34:58.031+0000] {processor.py:153} INFO - Started process (PID=7203) to work on /home/airflow/.local/lib/python3.7/site-packages/airflow/example_dags/example_task_group.py
[2023-03-05T12:34:58.034+0000] {processor.py:743} INFO - Processing file /home/airflow/.local/lib/python3.7/site-packages/airflow/example_dags/example_task_group.py for tasks to queue
[2023-03-05T12:34:58.039+0000] {logging_mixin.py:137} INFO - [2023-03-05T12:34:58.039+0000] {dagbag.py:538} INFO - Filling up the DagBag from /home/airflow/.local/lib/python3.7/site-packages/airflow/example_dags/example_task_group.py
[2023-03-05T12:34:58.086+0000] {processor.py:753} INFO - DAG(s) dict_keys(['example_task_group']) retrieved from /home/airflow/.local/lib/python3.7/site-packages/airflow/example_dags/example_task_group.py
[2023-03-05T12:34:58.114+0000] {logging_mixin.py:137} INFO - [2023-03-05T12:34:58.114+0000] {dag.py:2690} INFO - Sync 1 DAGs
[2023-03-05T12:34:58.142+0000] {logging_mixin.py:137} INFO - [2023-03-05T12:34:58.142+0000] {dag.py:3441} INFO - Setting next_dagrun for example_task_group to 2023-03-04T12:34:58.142240+00:00, run_after=2023-03-05T12:34:58.142240+00:00
[2023-03-05T12:34:58.165+0000] {processor.py:175} INFO - Processing /home/airflow/.local/lib/python3.7/site-packages/airflow/example_dags/example_task_group.py took 0.138 seconds
[2023-03-05T12:35:28.294+0000] {processor.py:153} INFO - Started process (PID=7267) to work on /home/airflow/.local/lib/python3.7/site-packages/airflow/example_dags/example_task_group.py
[2023-03-05T12:35:28.300+0000] {processor.py:743} INFO - Processing file /home/airflow/.local/lib/python3.7/site-packages/airflow/example_dags/example_task_group.py for tasks to queue
[2023-03-05T12:35:28.301+0000] {logging_mixin.py:137} INFO - [2023-03-05T12:35:28.301+0000] {dagbag.py:538} INFO - Filling up the DagBag from /home/airflow/.local/lib/python3.7/site-packages/airflow/example_dags/example_task_group.py
[2023-03-05T12:35:28.319+0000] {processor.py:753} INFO - DAG(s) dict_keys(['example_task_group']) retrieved from /home/airflow/.local/lib/python3.7/site-packages/airflow/example_dags/example_task_group.py
[2023-03-05T12:35:28.347+0000] {logging_mixin.py:137} INFO - [2023-03-05T12:35:28.347+0000] {dag.py:2690} INFO - Sync 1 DAGs
[2023-03-05T12:35:28.370+0000] {logging_mixin.py:137} INFO - [2023-03-05T12:35:28.370+0000] {dag.py:3441} INFO - Setting next_dagrun for example_task_group to 2023-03-04T12:35:28.370065+00:00, run_after=2023-03-05T12:35:28.370065+00:00
[2023-03-05T12:35:28.384+0000] {processor.py:175} INFO - Processing /home/airflow/.local/lib/python3.7/site-packages/airflow/example_dags/example_task_group.py took 0.094 seconds
[2023-03-05T12:35:58.879+0000] {processor.py:153} INFO - Started process (PID=7330) to work on /home/airflow/.local/lib/python3.7/site-packages/airflow/example_dags/example_task_group.py
[2023-03-05T12:35:58.881+0000] {processor.py:743} INFO - Processing file /home/airflow/.local/lib/python3.7/site-packages/airflow/example_dags/example_task_group.py for tasks to queue
[2023-03-05T12:35:58.881+0000] {logging_mixin.py:137} INFO - [2023-03-05T12:35:58.881+0000] {dagbag.py:538} INFO - Filling up the DagBag from /home/airflow/.local/lib/python3.7/site-packages/airflow/example_dags/example_task_group.py
[2023-03-05T12:35:58.895+0000] {processor.py:753} INFO - DAG(s) dict_keys(['example_task_group']) retrieved from /home/airflow/.local/lib/python3.7/site-packages/airflow/example_dags/example_task_group.py
[2023-03-05T12:35:58.919+0000] {logging_mixin.py:137} INFO - [2023-03-05T12:35:58.918+0000] {dag.py:2690} INFO - Sync 1 DAGs
[2023-03-05T12:35:58.938+0000] {logging_mixin.py:137} INFO - [2023-03-05T12:35:58.938+0000] {dag.py:3441} INFO - Setting next_dagrun for example_task_group to 2023-03-04T12:35:58.938301+00:00, run_after=2023-03-05T12:35:58.938301+00:00
[2023-03-05T12:35:58.955+0000] {processor.py:175} INFO - Processing /home/airflow/.local/lib/python3.7/site-packages/airflow/example_dags/example_task_group.py took 0.079 seconds
[2023-03-05T12:36:29.118+0000] {processor.py:153} INFO - Started process (PID=7393) to work on /home/airflow/.local/lib/python3.7/site-packages/airflow/example_dags/example_task_group.py
[2023-03-05T12:36:29.120+0000] {processor.py:743} INFO - Processing file /home/airflow/.local/lib/python3.7/site-packages/airflow/example_dags/example_task_group.py for tasks to queue
[2023-03-05T12:36:29.121+0000] {logging_mixin.py:137} INFO - [2023-03-05T12:36:29.121+0000] {dagbag.py:538} INFO - Filling up the DagBag from /home/airflow/.local/lib/python3.7/site-packages/airflow/example_dags/example_task_group.py
[2023-03-05T12:36:29.138+0000] {processor.py:753} INFO - DAG(s) dict_keys(['example_task_group']) retrieved from /home/airflow/.local/lib/python3.7/site-packages/airflow/example_dags/example_task_group.py
[2023-03-05T12:36:29.165+0000] {logging_mixin.py:137} INFO - [2023-03-05T12:36:29.165+0000] {dag.py:2690} INFO - Sync 1 DAGs
[2023-03-05T12:36:29.183+0000] {logging_mixin.py:137} INFO - [2023-03-05T12:36:29.183+0000] {dag.py:3441} INFO - Setting next_dagrun for example_task_group to 2023-03-04T12:36:29.183170+00:00, run_after=2023-03-05T12:36:29.183170+00:00
[2023-03-05T12:36:29.194+0000] {processor.py:175} INFO - Processing /home/airflow/.local/lib/python3.7/site-packages/airflow/example_dags/example_task_group.py took 0.080 seconds
[2023-03-05T12:37:01.014+0000] {processor.py:153} INFO - Started process (PID=7466) to work on /home/airflow/.local/lib/python3.7/site-packages/airflow/example_dags/example_task_group.py
[2023-03-05T12:37:01.022+0000] {processor.py:743} INFO - Processing file /home/airflow/.local/lib/python3.7/site-packages/airflow/example_dags/example_task_group.py for tasks to queue
[2023-03-05T12:37:01.029+0000] {logging_mixin.py:137} INFO - [2023-03-05T12:37:01.029+0000] {dagbag.py:538} INFO - Filling up the DagBag from /home/airflow/.local/lib/python3.7/site-packages/airflow/example_dags/example_task_group.py
[2023-03-05T12:37:01.079+0000] {processor.py:753} INFO - DAG(s) dict_keys(['example_task_group']) retrieved from /home/airflow/.local/lib/python3.7/site-packages/airflow/example_dags/example_task_group.py
[2023-03-05T12:37:01.150+0000] {logging_mixin.py:137} INFO - [2023-03-05T12:37:01.150+0000] {dag.py:2690} INFO - Sync 1 DAGs
[2023-03-05T12:37:01.178+0000] {logging_mixin.py:137} INFO - [2023-03-05T12:37:01.178+0000] {dag.py:3441} INFO - Setting next_dagrun for example_task_group to 2023-03-04T12:37:01.178394+00:00, run_after=2023-03-05T12:37:01.178394+00:00
[2023-03-05T12:37:01.196+0000] {processor.py:175} INFO - Processing /home/airflow/.local/lib/python3.7/site-packages/airflow/example_dags/example_task_group.py took 0.205 seconds
[2023-03-05T12:37:32.178+0000] {processor.py:153} INFO - Started process (PID=7533) to work on /home/airflow/.local/lib/python3.7/site-packages/airflow/example_dags/example_task_group.py
[2023-03-05T12:37:32.183+0000] {processor.py:743} INFO - Processing file /home/airflow/.local/lib/python3.7/site-packages/airflow/example_dags/example_task_group.py for tasks to queue
[2023-03-05T12:37:32.185+0000] {logging_mixin.py:137} INFO - [2023-03-05T12:37:32.185+0000] {dagbag.py:538} INFO - Filling up the DagBag from /home/airflow/.local/lib/python3.7/site-packages/airflow/example_dags/example_task_group.py
[2023-03-05T12:37:32.224+0000] {processor.py:753} INFO - DAG(s) dict_keys(['example_task_group']) retrieved from /home/airflow/.local/lib/python3.7/site-packages/airflow/example_dags/example_task_group.py
[2023-03-05T12:37:32.302+0000] {logging_mixin.py:137} INFO - [2023-03-05T12:37:32.300+0000] {dag.py:2690} INFO - Sync 1 DAGs
[2023-03-05T12:37:32.357+0000] {logging_mixin.py:137} INFO - [2023-03-05T12:37:32.357+0000] {dag.py:3441} INFO - Setting next_dagrun for example_task_group to 2023-03-04T12:37:32.356562+00:00, run_after=2023-03-05T12:37:32.356562+00:00
[2023-03-05T12:37:32.388+0000] {processor.py:175} INFO - Processing /home/airflow/.local/lib/python3.7/site-packages/airflow/example_dags/example_task_group.py took 0.216 seconds
[2023-03-05T12:38:03.958+0000] {processor.py:153} INFO - Started process (PID=7597) to work on /home/airflow/.local/lib/python3.7/site-packages/airflow/example_dags/example_task_group.py
[2023-03-05T12:38:03.961+0000] {processor.py:743} INFO - Processing file /home/airflow/.local/lib/python3.7/site-packages/airflow/example_dags/example_task_group.py for tasks to queue
[2023-03-05T12:38:03.964+0000] {logging_mixin.py:137} INFO - [2023-03-05T12:38:03.964+0000] {dagbag.py:538} INFO - Filling up the DagBag from /home/airflow/.local/lib/python3.7/site-packages/airflow/example_dags/example_task_group.py
[2023-03-05T12:38:04.015+0000] {processor.py:753} INFO - DAG(s) dict_keys(['example_task_group']) retrieved from /home/airflow/.local/lib/python3.7/site-packages/airflow/example_dags/example_task_group.py
[2023-03-05T12:38:04.102+0000] {logging_mixin.py:137} INFO - [2023-03-05T12:38:04.101+0000] {dag.py:2690} INFO - Sync 1 DAGs
[2023-03-05T12:38:04.225+0000] {logging_mixin.py:137} INFO - [2023-03-05T12:38:04.224+0000] {dag.py:3441} INFO - Setting next_dagrun for example_task_group to 2023-03-04T12:38:04.223770+00:00, run_after=2023-03-05T12:38:04.223770+00:00
[2023-03-05T12:38:04.274+0000] {processor.py:175} INFO - Processing /home/airflow/.local/lib/python3.7/site-packages/airflow/example_dags/example_task_group.py took 0.328 seconds
[2023-03-05T12:38:36.449+0000] {processor.py:153} INFO - Started process (PID=7669) to work on /home/airflow/.local/lib/python3.7/site-packages/airflow/example_dags/example_task_group.py
[2023-03-05T12:38:36.488+0000] {processor.py:743} INFO - Processing file /home/airflow/.local/lib/python3.7/site-packages/airflow/example_dags/example_task_group.py for tasks to queue
[2023-03-05T12:38:36.505+0000] {logging_mixin.py:137} INFO - [2023-03-05T12:38:36.500+0000] {dagbag.py:538} INFO - Filling up the DagBag from /home/airflow/.local/lib/python3.7/site-packages/airflow/example_dags/example_task_group.py
[2023-03-05T12:38:36.698+0000] {processor.py:753} INFO - DAG(s) dict_keys(['example_task_group']) retrieved from /home/airflow/.local/lib/python3.7/site-packages/airflow/example_dags/example_task_group.py
[2023-03-05T12:38:36.951+0000] {logging_mixin.py:137} INFO - [2023-03-05T12:38:36.949+0000] {dag.py:2690} INFO - Sync 1 DAGs
[2023-03-05T12:38:37.056+0000] {logging_mixin.py:137} INFO - [2023-03-05T12:38:37.055+0000] {dag.py:3441} INFO - Setting next_dagrun for example_task_group to 2023-03-04T12:38:37.055248+00:00, run_after=2023-03-05T12:38:37.055248+00:00
[2023-03-05T12:38:37.137+0000] {processor.py:175} INFO - Processing /home/airflow/.local/lib/python3.7/site-packages/airflow/example_dags/example_task_group.py took 0.737 seconds
[2023-03-05T12:39:07.376+0000] {processor.py:153} INFO - Started process (PID=7734) to work on /home/airflow/.local/lib/python3.7/site-packages/airflow/example_dags/example_task_group.py
[2023-03-05T12:39:07.378+0000] {processor.py:743} INFO - Processing file /home/airflow/.local/lib/python3.7/site-packages/airflow/example_dags/example_task_group.py for tasks to queue
[2023-03-05T12:39:07.381+0000] {logging_mixin.py:137} INFO - [2023-03-05T12:39:07.381+0000] {dagbag.py:538} INFO - Filling up the DagBag from /home/airflow/.local/lib/python3.7/site-packages/airflow/example_dags/example_task_group.py
[2023-03-05T12:39:07.423+0000] {processor.py:753} INFO - DAG(s) dict_keys(['example_task_group']) retrieved from /home/airflow/.local/lib/python3.7/site-packages/airflow/example_dags/example_task_group.py
[2023-03-05T12:39:07.491+0000] {logging_mixin.py:137} INFO - [2023-03-05T12:39:07.490+0000] {dag.py:2690} INFO - Sync 1 DAGs
[2023-03-05T12:39:07.563+0000] {logging_mixin.py:137} INFO - [2023-03-05T12:39:07.561+0000] {dag.py:3441} INFO - Setting next_dagrun for example_task_group to 2023-03-04T12:39:07.558643+00:00, run_after=2023-03-05T12:39:07.558643+00:00
[2023-03-05T12:39:07.686+0000] {processor.py:175} INFO - Processing /home/airflow/.local/lib/python3.7/site-packages/airflow/example_dags/example_task_group.py took 0.316 seconds
[2023-03-05T12:39:38.518+0000] {processor.py:153} INFO - Started process (PID=7796) to work on /home/airflow/.local/lib/python3.7/site-packages/airflow/example_dags/example_task_group.py
[2023-03-05T12:39:38.526+0000] {processor.py:743} INFO - Processing file /home/airflow/.local/lib/python3.7/site-packages/airflow/example_dags/example_task_group.py for tasks to queue
[2023-03-05T12:39:38.529+0000] {logging_mixin.py:137} INFO - [2023-03-05T12:39:38.528+0000] {dagbag.py:538} INFO - Filling up the DagBag from /home/airflow/.local/lib/python3.7/site-packages/airflow/example_dags/example_task_group.py
[2023-03-05T12:39:38.599+0000] {processor.py:753} INFO - DAG(s) dict_keys(['example_task_group']) retrieved from /home/airflow/.local/lib/python3.7/site-packages/airflow/example_dags/example_task_group.py
[2023-03-05T12:39:38.734+0000] {logging_mixin.py:137} INFO - [2023-03-05T12:39:38.733+0000] {dag.py:2690} INFO - Sync 1 DAGs
[2023-03-05T12:39:38.818+0000] {logging_mixin.py:137} INFO - [2023-03-05T12:39:38.818+0000] {dag.py:3441} INFO - Setting next_dagrun for example_task_group to 2023-03-04T12:39:38.817123+00:00, run_after=2023-03-05T12:39:38.817123+00:00
[2023-03-05T12:39:38.876+0000] {processor.py:175} INFO - Processing /home/airflow/.local/lib/python3.7/site-packages/airflow/example_dags/example_task_group.py took 0.385 seconds
[2023-03-05T12:40:09.446+0000] {processor.py:153} INFO - Started process (PID=7858) to work on /home/airflow/.local/lib/python3.7/site-packages/airflow/example_dags/example_task_group.py
[2023-03-05T12:40:09.451+0000] {processor.py:743} INFO - Processing file /home/airflow/.local/lib/python3.7/site-packages/airflow/example_dags/example_task_group.py for tasks to queue
[2023-03-05T12:40:09.454+0000] {logging_mixin.py:137} INFO - [2023-03-05T12:40:09.454+0000] {dagbag.py:538} INFO - Filling up the DagBag from /home/airflow/.local/lib/python3.7/site-packages/airflow/example_dags/example_task_group.py
[2023-03-05T12:40:09.478+0000] {processor.py:753} INFO - DAG(s) dict_keys(['example_task_group']) retrieved from /home/airflow/.local/lib/python3.7/site-packages/airflow/example_dags/example_task_group.py
[2023-03-05T12:40:09.511+0000] {logging_mixin.py:137} INFO - [2023-03-05T12:40:09.511+0000] {dag.py:2690} INFO - Sync 1 DAGs
[2023-03-05T12:40:09.529+0000] {logging_mixin.py:137} INFO - [2023-03-05T12:40:09.528+0000] {dag.py:3441} INFO - Setting next_dagrun for example_task_group to 2023-03-04T12:40:09.528744+00:00, run_after=2023-03-05T12:40:09.528744+00:00
[2023-03-05T12:40:09.540+0000] {processor.py:175} INFO - Processing /home/airflow/.local/lib/python3.7/site-packages/airflow/example_dags/example_task_group.py took 0.105 seconds
[2023-03-05T12:40:40.483+0000] {processor.py:153} INFO - Started process (PID=7934) to work on /home/airflow/.local/lib/python3.7/site-packages/airflow/example_dags/example_task_group.py
[2023-03-05T12:40:40.485+0000] {processor.py:743} INFO - Processing file /home/airflow/.local/lib/python3.7/site-packages/airflow/example_dags/example_task_group.py for tasks to queue
[2023-03-05T12:40:40.486+0000] {logging_mixin.py:137} INFO - [2023-03-05T12:40:40.486+0000] {dagbag.py:538} INFO - Filling up the DagBag from /home/airflow/.local/lib/python3.7/site-packages/airflow/example_dags/example_task_group.py
[2023-03-05T12:40:40.506+0000] {processor.py:753} INFO - DAG(s) dict_keys(['example_task_group']) retrieved from /home/airflow/.local/lib/python3.7/site-packages/airflow/example_dags/example_task_group.py
[2023-03-05T12:40:40.561+0000] {logging_mixin.py:137} INFO - [2023-03-05T12:40:40.561+0000] {dag.py:2690} INFO - Sync 1 DAGs
[2023-03-05T12:40:40.602+0000] {logging_mixin.py:137} INFO - [2023-03-05T12:40:40.601+0000] {dag.py:3441} INFO - Setting next_dagrun for example_task_group to 2023-03-04T12:40:40.601639+00:00, run_after=2023-03-05T12:40:40.601639+00:00
[2023-03-05T12:40:40.630+0000] {processor.py:175} INFO - Processing /home/airflow/.local/lib/python3.7/site-packages/airflow/example_dags/example_task_group.py took 0.150 seconds
[2023-03-05T12:41:13.024+0000] {processor.py:153} INFO - Started process (PID=7997) to work on /home/airflow/.local/lib/python3.7/site-packages/airflow/example_dags/example_task_group.py
[2023-03-05T12:41:13.026+0000] {processor.py:743} INFO - Processing file /home/airflow/.local/lib/python3.7/site-packages/airflow/example_dags/example_task_group.py for tasks to queue
[2023-03-05T12:41:13.028+0000] {logging_mixin.py:137} INFO - [2023-03-05T12:41:13.028+0000] {dagbag.py:538} INFO - Filling up the DagBag from /home/airflow/.local/lib/python3.7/site-packages/airflow/example_dags/example_task_group.py
[2023-03-05T12:41:13.119+0000] {processor.py:753} INFO - DAG(s) dict_keys(['example_task_group']) retrieved from /home/airflow/.local/lib/python3.7/site-packages/airflow/example_dags/example_task_group.py
[2023-03-05T12:41:13.196+0000] {logging_mixin.py:137} INFO - [2023-03-05T12:41:13.195+0000] {dag.py:2690} INFO - Sync 1 DAGs
[2023-03-05T12:41:13.265+0000] {logging_mixin.py:137} INFO - [2023-03-05T12:41:13.264+0000] {dag.py:3441} INFO - Setting next_dagrun for example_task_group to 2023-03-04T12:41:13.263039+00:00, run_after=2023-03-05T12:41:13.263039+00:00
[2023-03-05T12:41:13.383+0000] {processor.py:175} INFO - Processing /home/airflow/.local/lib/python3.7/site-packages/airflow/example_dags/example_task_group.py took 0.364 seconds
[2023-03-05T12:41:43.674+0000] {processor.py:153} INFO - Started process (PID=8059) to work on /home/airflow/.local/lib/python3.7/site-packages/airflow/example_dags/example_task_group.py
[2023-03-05T12:41:43.675+0000] {processor.py:743} INFO - Processing file /home/airflow/.local/lib/python3.7/site-packages/airflow/example_dags/example_task_group.py for tasks to queue
[2023-03-05T12:41:43.676+0000] {logging_mixin.py:137} INFO - [2023-03-05T12:41:43.676+0000] {dagbag.py:538} INFO - Filling up the DagBag from /home/airflow/.local/lib/python3.7/site-packages/airflow/example_dags/example_task_group.py
[2023-03-05T12:41:43.690+0000] {processor.py:753} INFO - DAG(s) dict_keys(['example_task_group']) retrieved from /home/airflow/.local/lib/python3.7/site-packages/airflow/example_dags/example_task_group.py
[2023-03-05T12:41:43.723+0000] {logging_mixin.py:137} INFO - [2023-03-05T12:41:43.723+0000] {dag.py:2690} INFO - Sync 1 DAGs
[2023-03-05T12:41:43.747+0000] {logging_mixin.py:137} INFO - [2023-03-05T12:41:43.747+0000] {dag.py:3441} INFO - Setting next_dagrun for example_task_group to 2023-03-04T12:41:43.746622+00:00, run_after=2023-03-05T12:41:43.746622+00:00
[2023-03-05T12:41:43.764+0000] {processor.py:175} INFO - Processing /home/airflow/.local/lib/python3.7/site-packages/airflow/example_dags/example_task_group.py took 0.094 seconds
[2023-03-05T12:42:13.838+0000] {processor.py:153} INFO - Started process (PID=8122) to work on /home/airflow/.local/lib/python3.7/site-packages/airflow/example_dags/example_task_group.py
[2023-03-05T12:42:13.839+0000] {processor.py:743} INFO - Processing file /home/airflow/.local/lib/python3.7/site-packages/airflow/example_dags/example_task_group.py for tasks to queue
[2023-03-05T12:42:13.840+0000] {logging_mixin.py:137} INFO - [2023-03-05T12:42:13.840+0000] {dagbag.py:538} INFO - Filling up the DagBag from /home/airflow/.local/lib/python3.7/site-packages/airflow/example_dags/example_task_group.py
[2023-03-05T12:42:13.852+0000] {processor.py:753} INFO - DAG(s) dict_keys(['example_task_group']) retrieved from /home/airflow/.local/lib/python3.7/site-packages/airflow/example_dags/example_task_group.py
[2023-03-05T12:42:13.871+0000] {logging_mixin.py:137} INFO - [2023-03-05T12:42:13.870+0000] {dag.py:2690} INFO - Sync 1 DAGs
[2023-03-05T12:42:13.887+0000] {logging_mixin.py:137} INFO - [2023-03-05T12:42:13.887+0000] {dag.py:3441} INFO - Setting next_dagrun for example_task_group to 2023-03-04T12:42:13.886998+00:00, run_after=2023-03-05T12:42:13.886998+00:00
[2023-03-05T12:42:13.902+0000] {processor.py:175} INFO - Processing /home/airflow/.local/lib/python3.7/site-packages/airflow/example_dags/example_task_group.py took 0.067 seconds
[2023-03-05T12:42:46.769+0000] {processor.py:153} INFO - Started process (PID=8184) to work on /home/airflow/.local/lib/python3.7/site-packages/airflow/example_dags/example_task_group.py
[2023-03-05T12:42:46.770+0000] {processor.py:743} INFO - Processing file /home/airflow/.local/lib/python3.7/site-packages/airflow/example_dags/example_task_group.py for tasks to queue
[2023-03-05T12:42:46.771+0000] {logging_mixin.py:137} INFO - [2023-03-05T12:42:46.771+0000] {dagbag.py:538} INFO - Filling up the DagBag from /home/airflow/.local/lib/python3.7/site-packages/airflow/example_dags/example_task_group.py
[2023-03-05T12:42:46.787+0000] {processor.py:753} INFO - DAG(s) dict_keys(['example_task_group']) retrieved from /home/airflow/.local/lib/python3.7/site-packages/airflow/example_dags/example_task_group.py
[2023-03-05T12:42:46.808+0000] {logging_mixin.py:137} INFO - [2023-03-05T12:42:46.808+0000] {dag.py:2690} INFO - Sync 1 DAGs
[2023-03-05T12:42:46.838+0000] {logging_mixin.py:137} INFO - [2023-03-05T12:42:46.838+0000] {dag.py:3441} INFO - Setting next_dagrun for example_task_group to 2023-03-04T12:42:46.838310+00:00, run_after=2023-03-05T12:42:46.838310+00:00
[2023-03-05T12:42:46.858+0000] {processor.py:175} INFO - Processing /home/airflow/.local/lib/python3.7/site-packages/airflow/example_dags/example_task_group.py took 0.093 seconds
[2023-03-05T12:43:21.108+0000] {processor.py:153} INFO - Started process (PID=8246) to work on /home/airflow/.local/lib/python3.7/site-packages/airflow/example_dags/example_task_group.py
[2023-03-05T12:43:21.110+0000] {processor.py:743} INFO - Processing file /home/airflow/.local/lib/python3.7/site-packages/airflow/example_dags/example_task_group.py for tasks to queue
[2023-03-05T12:43:21.111+0000] {logging_mixin.py:137} INFO - [2023-03-05T12:43:21.111+0000] {dagbag.py:538} INFO - Filling up the DagBag from /home/airflow/.local/lib/python3.7/site-packages/airflow/example_dags/example_task_group.py
[2023-03-05T12:43:21.128+0000] {processor.py:753} INFO - DAG(s) dict_keys(['example_task_group']) retrieved from /home/airflow/.local/lib/python3.7/site-packages/airflow/example_dags/example_task_group.py
[2023-03-05T12:43:21.153+0000] {logging_mixin.py:137} INFO - [2023-03-05T12:43:21.153+0000] {dag.py:2690} INFO - Sync 1 DAGs
[2023-03-05T12:43:21.177+0000] {logging_mixin.py:137} INFO - [2023-03-05T12:43:21.177+0000] {dag.py:3441} INFO - Setting next_dagrun for example_task_group to 2023-03-04T12:43:21.177273+00:00, run_after=2023-03-05T12:43:21.177273+00:00
[2023-03-05T12:43:21.192+0000] {processor.py:175} INFO - Processing /home/airflow/.local/lib/python3.7/site-packages/airflow/example_dags/example_task_group.py took 0.091 seconds
[2023-03-05T12:44:04.822+0000] {processor.py:153} INFO - Started process (PID=8309) to work on /home/airflow/.local/lib/python3.7/site-packages/airflow/example_dags/example_task_group.py
[2023-03-05T12:44:04.835+0000] {processor.py:743} INFO - Processing file /home/airflow/.local/lib/python3.7/site-packages/airflow/example_dags/example_task_group.py for tasks to queue
[2023-03-05T12:44:04.872+0000] {logging_mixin.py:137} INFO - [2023-03-05T12:44:04.870+0000] {dagbag.py:538} INFO - Filling up the DagBag from /home/airflow/.local/lib/python3.7/site-packages/airflow/example_dags/example_task_group.py
[2023-03-05T12:44:05.327+0000] {processor.py:753} INFO - DAG(s) dict_keys(['example_task_group']) retrieved from /home/airflow/.local/lib/python3.7/site-packages/airflow/example_dags/example_task_group.py
[2023-03-05T12:44:05.942+0000] {logging_mixin.py:137} INFO - [2023-03-05T12:44:05.938+0000] {dag.py:2690} INFO - Sync 1 DAGs
[2023-03-05T12:44:06.082+0000] {logging_mixin.py:137} INFO - [2023-03-05T12:44:06.082+0000] {dag.py:3441} INFO - Setting next_dagrun for example_task_group to 2023-03-04T12:44:06.077279+00:00, run_after=2023-03-05T12:44:06.077279+00:00
[2023-03-05T12:44:06.349+0000] {processor.py:175} INFO - Processing /home/airflow/.local/lib/python3.7/site-packages/airflow/example_dags/example_task_group.py took 1.555 seconds
[2023-03-05T12:44:36.717+0000] {processor.py:153} INFO - Started process (PID=8371) to work on /home/airflow/.local/lib/python3.7/site-packages/airflow/example_dags/example_task_group.py
[2023-03-05T12:44:36.720+0000] {processor.py:743} INFO - Processing file /home/airflow/.local/lib/python3.7/site-packages/airflow/example_dags/example_task_group.py for tasks to queue
[2023-03-05T12:44:36.721+0000] {logging_mixin.py:137} INFO - [2023-03-05T12:44:36.721+0000] {dagbag.py:538} INFO - Filling up the DagBag from /home/airflow/.local/lib/python3.7/site-packages/airflow/example_dags/example_task_group.py
[2023-03-05T12:44:36.742+0000] {processor.py:753} INFO - DAG(s) dict_keys(['example_task_group']) retrieved from /home/airflow/.local/lib/python3.7/site-packages/airflow/example_dags/example_task_group.py
[2023-03-05T12:44:36.774+0000] {logging_mixin.py:137} INFO - [2023-03-05T12:44:36.774+0000] {dag.py:2690} INFO - Sync 1 DAGs
[2023-03-05T12:44:36.795+0000] {logging_mixin.py:137} INFO - [2023-03-05T12:44:36.795+0000] {dag.py:3441} INFO - Setting next_dagrun for example_task_group to 2023-03-04T12:44:36.794902+00:00, run_after=2023-03-05T12:44:36.794902+00:00
[2023-03-05T12:44:36.814+0000] {processor.py:175} INFO - Processing /home/airflow/.local/lib/python3.7/site-packages/airflow/example_dags/example_task_group.py took 0.101 seconds
[2023-03-05T12:45:07.162+0000] {processor.py:153} INFO - Started process (PID=8440) to work on /home/airflow/.local/lib/python3.7/site-packages/airflow/example_dags/example_task_group.py
[2023-03-05T12:45:07.167+0000] {processor.py:743} INFO - Processing file /home/airflow/.local/lib/python3.7/site-packages/airflow/example_dags/example_task_group.py for tasks to queue
[2023-03-05T12:45:07.170+0000] {logging_mixin.py:137} INFO - [2023-03-05T12:45:07.169+0000] {dagbag.py:538} INFO - Filling up the DagBag from /home/airflow/.local/lib/python3.7/site-packages/airflow/example_dags/example_task_group.py
[2023-03-05T12:45:07.230+0000] {processor.py:753} INFO - DAG(s) dict_keys(['example_task_group']) retrieved from /home/airflow/.local/lib/python3.7/site-packages/airflow/example_dags/example_task_group.py
[2023-03-05T12:45:07.417+0000] {logging_mixin.py:137} INFO - [2023-03-05T12:45:07.416+0000] {dag.py:2690} INFO - Sync 1 DAGs
[2023-03-05T12:45:07.494+0000] {logging_mixin.py:137} INFO - [2023-03-05T12:45:07.494+0000] {dag.py:3441} INFO - Setting next_dagrun for example_task_group to 2023-03-04T12:45:07.493972+00:00, run_after=2023-03-05T12:45:07.493972+00:00
[2023-03-05T12:45:07.536+0000] {processor.py:175} INFO - Processing /home/airflow/.local/lib/python3.7/site-packages/airflow/example_dags/example_task_group.py took 0.399 seconds
[2023-03-05T12:45:38.278+0000] {processor.py:153} INFO - Started process (PID=8508) to work on /home/airflow/.local/lib/python3.7/site-packages/airflow/example_dags/example_task_group.py
[2023-03-05T12:45:38.280+0000] {processor.py:743} INFO - Processing file /home/airflow/.local/lib/python3.7/site-packages/airflow/example_dags/example_task_group.py for tasks to queue
[2023-03-05T12:45:38.281+0000] {logging_mixin.py:137} INFO - [2023-03-05T12:45:38.281+0000] {dagbag.py:538} INFO - Filling up the DagBag from /home/airflow/.local/lib/python3.7/site-packages/airflow/example_dags/example_task_group.py
[2023-03-05T12:45:38.303+0000] {processor.py:753} INFO - DAG(s) dict_keys(['example_task_group']) retrieved from /home/airflow/.local/lib/python3.7/site-packages/airflow/example_dags/example_task_group.py
[2023-03-05T12:45:38.349+0000] {logging_mixin.py:137} INFO - [2023-03-05T12:45:38.349+0000] {dag.py:2690} INFO - Sync 1 DAGs
[2023-03-05T12:45:38.375+0000] {logging_mixin.py:137} INFO - [2023-03-05T12:45:38.375+0000] {dag.py:3441} INFO - Setting next_dagrun for example_task_group to 2023-03-04T12:45:38.375280+00:00, run_after=2023-03-05T12:45:38.375280+00:00
[2023-03-05T12:45:38.393+0000] {processor.py:175} INFO - Processing /home/airflow/.local/lib/python3.7/site-packages/airflow/example_dags/example_task_group.py took 0.122 seconds
[2023-03-05T12:46:08.931+0000] {processor.py:153} INFO - Started process (PID=8571) to work on /home/airflow/.local/lib/python3.7/site-packages/airflow/example_dags/example_task_group.py
[2023-03-05T12:46:08.933+0000] {processor.py:743} INFO - Processing file /home/airflow/.local/lib/python3.7/site-packages/airflow/example_dags/example_task_group.py for tasks to queue
[2023-03-05T12:46:08.934+0000] {logging_mixin.py:137} INFO - [2023-03-05T12:46:08.934+0000] {dagbag.py:538} INFO - Filling up the DagBag from /home/airflow/.local/lib/python3.7/site-packages/airflow/example_dags/example_task_group.py
[2023-03-05T12:46:08.955+0000] {processor.py:753} INFO - DAG(s) dict_keys(['example_task_group']) retrieved from /home/airflow/.local/lib/python3.7/site-packages/airflow/example_dags/example_task_group.py
[2023-03-05T12:46:09.023+0000] {logging_mixin.py:137} INFO - [2023-03-05T12:46:09.023+0000] {dag.py:2690} INFO - Sync 1 DAGs
[2023-03-05T12:46:09.072+0000] {logging_mixin.py:137} INFO - [2023-03-05T12:46:09.072+0000] {dag.py:3441} INFO - Setting next_dagrun for example_task_group to 2023-03-04T12:46:09.071677+00:00, run_after=2023-03-05T12:46:09.071677+00:00
[2023-03-05T12:46:09.094+0000] {processor.py:175} INFO - Processing /home/airflow/.local/lib/python3.7/site-packages/airflow/example_dags/example_task_group.py took 0.168 seconds
[2023-03-05T12:46:39.962+0000] {processor.py:153} INFO - Started process (PID=8646) to work on /home/airflow/.local/lib/python3.7/site-packages/airflow/example_dags/example_task_group.py
[2023-03-05T12:46:39.964+0000] {processor.py:743} INFO - Processing file /home/airflow/.local/lib/python3.7/site-packages/airflow/example_dags/example_task_group.py for tasks to queue
[2023-03-05T12:46:39.965+0000] {logging_mixin.py:137} INFO - [2023-03-05T12:46:39.965+0000] {dagbag.py:538} INFO - Filling up the DagBag from /home/airflow/.local/lib/python3.7/site-packages/airflow/example_dags/example_task_group.py
[2023-03-05T12:46:39.986+0000] {processor.py:753} INFO - DAG(s) dict_keys(['example_task_group']) retrieved from /home/airflow/.local/lib/python3.7/site-packages/airflow/example_dags/example_task_group.py
[2023-03-05T12:46:40.010+0000] {logging_mixin.py:137} INFO - [2023-03-05T12:46:40.010+0000] {dag.py:2690} INFO - Sync 1 DAGs
[2023-03-05T12:46:40.027+0000] {logging_mixin.py:137} INFO - [2023-03-05T12:46:40.027+0000] {dag.py:3441} INFO - Setting next_dagrun for example_task_group to 2023-03-04T12:46:40.027388+00:00, run_after=2023-03-05T12:46:40.027388+00:00
[2023-03-05T12:46:40.039+0000] {processor.py:175} INFO - Processing /home/airflow/.local/lib/python3.7/site-packages/airflow/example_dags/example_task_group.py took 0.083 seconds
[2023-03-05T12:47:10.695+0000] {processor.py:153} INFO - Started process (PID=8710) to work on /home/airflow/.local/lib/python3.7/site-packages/airflow/example_dags/example_task_group.py
[2023-03-05T12:47:10.698+0000] {processor.py:743} INFO - Processing file /home/airflow/.local/lib/python3.7/site-packages/airflow/example_dags/example_task_group.py for tasks to queue
[2023-03-05T12:47:10.700+0000] {logging_mixin.py:137} INFO - [2023-03-05T12:47:10.700+0000] {dagbag.py:538} INFO - Filling up the DagBag from /home/airflow/.local/lib/python3.7/site-packages/airflow/example_dags/example_task_group.py
[2023-03-05T12:47:10.787+0000] {processor.py:753} INFO - DAG(s) dict_keys(['example_task_group']) retrieved from /home/airflow/.local/lib/python3.7/site-packages/airflow/example_dags/example_task_group.py
[2023-03-05T12:47:10.874+0000] {logging_mixin.py:137} INFO - [2023-03-05T12:47:10.874+0000] {dag.py:2690} INFO - Sync 1 DAGs
[2023-03-05T12:47:10.926+0000] {logging_mixin.py:137} INFO - [2023-03-05T12:47:10.925+0000] {dag.py:3441} INFO - Setting next_dagrun for example_task_group to 2023-03-04T12:47:10.925448+00:00, run_after=2023-03-05T12:47:10.925448+00:00
[2023-03-05T12:47:10.967+0000] {processor.py:175} INFO - Processing /home/airflow/.local/lib/python3.7/site-packages/airflow/example_dags/example_task_group.py took 0.282 seconds
[2023-03-05T12:47:41.580+0000] {processor.py:153} INFO - Started process (PID=8783) to work on /home/airflow/.local/lib/python3.7/site-packages/airflow/example_dags/example_task_group.py
[2023-03-05T12:47:41.588+0000] {processor.py:743} INFO - Processing file /home/airflow/.local/lib/python3.7/site-packages/airflow/example_dags/example_task_group.py for tasks to queue
[2023-03-05T12:47:41.590+0000] {logging_mixin.py:137} INFO - [2023-03-05T12:47:41.590+0000] {dagbag.py:538} INFO - Filling up the DagBag from /home/airflow/.local/lib/python3.7/site-packages/airflow/example_dags/example_task_group.py
[2023-03-05T12:47:41.629+0000] {processor.py:753} INFO - DAG(s) dict_keys(['example_task_group']) retrieved from /home/airflow/.local/lib/python3.7/site-packages/airflow/example_dags/example_task_group.py
[2023-03-05T12:47:41.688+0000] {logging_mixin.py:137} INFO - [2023-03-05T12:47:41.688+0000] {dag.py:2690} INFO - Sync 1 DAGs
[2023-03-05T12:47:41.725+0000] {logging_mixin.py:137} INFO - [2023-03-05T12:47:41.725+0000] {dag.py:3441} INFO - Setting next_dagrun for example_task_group to 2023-03-04T12:47:41.724468+00:00, run_after=2023-03-05T12:47:41.724468+00:00
[2023-03-05T12:47:41.744+0000] {processor.py:175} INFO - Processing /home/airflow/.local/lib/python3.7/site-packages/airflow/example_dags/example_task_group.py took 0.171 seconds
[2023-03-05T12:48:11.887+0000] {processor.py:153} INFO - Started process (PID=8847) to work on /home/airflow/.local/lib/python3.7/site-packages/airflow/example_dags/example_task_group.py
[2023-03-05T12:48:11.889+0000] {processor.py:743} INFO - Processing file /home/airflow/.local/lib/python3.7/site-packages/airflow/example_dags/example_task_group.py for tasks to queue
[2023-03-05T12:48:11.890+0000] {logging_mixin.py:137} INFO - [2023-03-05T12:48:11.890+0000] {dagbag.py:538} INFO - Filling up the DagBag from /home/airflow/.local/lib/python3.7/site-packages/airflow/example_dags/example_task_group.py
[2023-03-05T12:48:11.906+0000] {processor.py:753} INFO - DAG(s) dict_keys(['example_task_group']) retrieved from /home/airflow/.local/lib/python3.7/site-packages/airflow/example_dags/example_task_group.py
[2023-03-05T12:48:11.938+0000] {logging_mixin.py:137} INFO - [2023-03-05T12:48:11.938+0000] {dag.py:2690} INFO - Sync 1 DAGs
[2023-03-05T12:48:11.960+0000] {logging_mixin.py:137} INFO - [2023-03-05T12:48:11.959+0000] {dag.py:3441} INFO - Setting next_dagrun for example_task_group to 2023-03-04T12:48:11.959662+00:00, run_after=2023-03-05T12:48:11.959662+00:00
[2023-03-05T12:48:11.974+0000] {processor.py:175} INFO - Processing /home/airflow/.local/lib/python3.7/site-packages/airflow/example_dags/example_task_group.py took 0.090 seconds
[2023-03-05T13:00:18.114+0000] {processor.py:153} INFO - Started process (PID=335) to work on /home/airflow/.local/lib/python3.7/site-packages/airflow/example_dags/example_task_group.py
[2023-03-05T13:00:18.116+0000] {processor.py:743} INFO - Processing file /home/airflow/.local/lib/python3.7/site-packages/airflow/example_dags/example_task_group.py for tasks to queue
[2023-03-05T13:00:18.118+0000] {logging_mixin.py:137} INFO - [2023-03-05T13:00:18.118+0000] {dagbag.py:538} INFO - Filling up the DagBag from /home/airflow/.local/lib/python3.7/site-packages/airflow/example_dags/example_task_group.py
[2023-03-05T13:00:18.143+0000] {processor.py:753} INFO - DAG(s) dict_keys(['example_task_group']) retrieved from /home/airflow/.local/lib/python3.7/site-packages/airflow/example_dags/example_task_group.py
[2023-03-05T13:00:18.188+0000] {logging_mixin.py:137} INFO - [2023-03-05T13:00:18.188+0000] {dag.py:2690} INFO - Sync 1 DAGs
[2023-03-05T13:00:18.212+0000] {logging_mixin.py:137} INFO - [2023-03-05T13:00:18.212+0000] {dag.py:3441} INFO - Setting next_dagrun for example_task_group to 2023-03-04T13:00:18.212122+00:00, run_after=2023-03-05T13:00:18.212122+00:00
[2023-03-05T13:00:18.230+0000] {processor.py:175} INFO - Processing /home/airflow/.local/lib/python3.7/site-packages/airflow/example_dags/example_task_group.py took 0.123 seconds
[2023-03-05T13:00:48.386+0000] {processor.py:153} INFO - Started process (PID=560) to work on /home/airflow/.local/lib/python3.7/site-packages/airflow/example_dags/example_task_group.py
[2023-03-05T13:00:48.387+0000] {processor.py:743} INFO - Processing file /home/airflow/.local/lib/python3.7/site-packages/airflow/example_dags/example_task_group.py for tasks to queue
[2023-03-05T13:00:48.388+0000] {logging_mixin.py:137} INFO - [2023-03-05T13:00:48.388+0000] {dagbag.py:538} INFO - Filling up the DagBag from /home/airflow/.local/lib/python3.7/site-packages/airflow/example_dags/example_task_group.py
[2023-03-05T13:00:48.400+0000] {processor.py:753} INFO - DAG(s) dict_keys(['example_task_group']) retrieved from /home/airflow/.local/lib/python3.7/site-packages/airflow/example_dags/example_task_group.py
[2023-03-05T13:00:48.421+0000] {logging_mixin.py:137} INFO - [2023-03-05T13:00:48.421+0000] {dag.py:2690} INFO - Sync 1 DAGs
[2023-03-05T13:00:48.437+0000] {logging_mixin.py:137} INFO - [2023-03-05T13:00:48.437+0000] {dag.py:3441} INFO - Setting next_dagrun for example_task_group to 2023-03-04T13:00:48.437599+00:00, run_after=2023-03-05T13:00:48.437599+00:00
[2023-03-05T13:00:48.450+0000] {processor.py:175} INFO - Processing /home/airflow/.local/lib/python3.7/site-packages/airflow/example_dags/example_task_group.py took 0.067 seconds
[2023-03-05T13:01:18.961+0000] {processor.py:153} INFO - Started process (PID=795) to work on /home/airflow/.local/lib/python3.7/site-packages/airflow/example_dags/example_task_group.py
[2023-03-05T13:01:18.963+0000] {processor.py:743} INFO - Processing file /home/airflow/.local/lib/python3.7/site-packages/airflow/example_dags/example_task_group.py for tasks to queue
[2023-03-05T13:01:18.964+0000] {logging_mixin.py:137} INFO - [2023-03-05T13:01:18.964+0000] {dagbag.py:538} INFO - Filling up the DagBag from /home/airflow/.local/lib/python3.7/site-packages/airflow/example_dags/example_task_group.py
[2023-03-05T13:01:18.976+0000] {processor.py:753} INFO - DAG(s) dict_keys(['example_task_group']) retrieved from /home/airflow/.local/lib/python3.7/site-packages/airflow/example_dags/example_task_group.py
[2023-03-05T13:01:18.996+0000] {logging_mixin.py:137} INFO - [2023-03-05T13:01:18.996+0000] {dag.py:2690} INFO - Sync 1 DAGs
[2023-03-05T13:01:19.011+0000] {logging_mixin.py:137} INFO - [2023-03-05T13:01:19.011+0000] {dag.py:3441} INFO - Setting next_dagrun for example_task_group to 2023-03-04T13:01:19.011432+00:00, run_after=2023-03-05T13:01:19.011432+00:00
[2023-03-05T13:01:19.023+0000] {processor.py:175} INFO - Processing /home/airflow/.local/lib/python3.7/site-packages/airflow/example_dags/example_task_group.py took 0.065 seconds
[2023-03-05T13:01:50.135+0000] {processor.py:153} INFO - Started process (PID=1020) to work on /home/airflow/.local/lib/python3.7/site-packages/airflow/example_dags/example_task_group.py
[2023-03-05T13:01:50.138+0000] {processor.py:743} INFO - Processing file /home/airflow/.local/lib/python3.7/site-packages/airflow/example_dags/example_task_group.py for tasks to queue
[2023-03-05T13:01:50.138+0000] {logging_mixin.py:137} INFO - [2023-03-05T13:01:50.138+0000] {dagbag.py:538} INFO - Filling up the DagBag from /home/airflow/.local/lib/python3.7/site-packages/airflow/example_dags/example_task_group.py
[2023-03-05T13:01:50.150+0000] {processor.py:753} INFO - DAG(s) dict_keys(['example_task_group']) retrieved from /home/airflow/.local/lib/python3.7/site-packages/airflow/example_dags/example_task_group.py
[2023-03-05T13:01:50.172+0000] {logging_mixin.py:137} INFO - [2023-03-05T13:01:50.172+0000] {dag.py:2690} INFO - Sync 1 DAGs
[2023-03-05T13:01:50.196+0000] {logging_mixin.py:137} INFO - [2023-03-05T13:01:50.196+0000] {dag.py:3441} INFO - Setting next_dagrun for example_task_group to 2023-03-04T13:01:50.196093+00:00, run_after=2023-03-05T13:01:50.196093+00:00
[2023-03-05T13:01:50.211+0000] {processor.py:175} INFO - Processing /home/airflow/.local/lib/python3.7/site-packages/airflow/example_dags/example_task_group.py took 0.079 seconds
[2023-03-05T13:02:20.954+0000] {processor.py:153} INFO - Started process (PID=1254) to work on /home/airflow/.local/lib/python3.7/site-packages/airflow/example_dags/example_task_group.py
[2023-03-05T13:02:20.955+0000] {processor.py:743} INFO - Processing file /home/airflow/.local/lib/python3.7/site-packages/airflow/example_dags/example_task_group.py for tasks to queue
[2023-03-05T13:02:20.956+0000] {logging_mixin.py:137} INFO - [2023-03-05T13:02:20.956+0000] {dagbag.py:538} INFO - Filling up the DagBag from /home/airflow/.local/lib/python3.7/site-packages/airflow/example_dags/example_task_group.py
[2023-03-05T13:02:20.973+0000] {processor.py:753} INFO - DAG(s) dict_keys(['example_task_group']) retrieved from /home/airflow/.local/lib/python3.7/site-packages/airflow/example_dags/example_task_group.py
[2023-03-05T13:02:20.996+0000] {logging_mixin.py:137} INFO - [2023-03-05T13:02:20.996+0000] {dag.py:2690} INFO - Sync 1 DAGs
[2023-03-05T13:02:21.014+0000] {logging_mixin.py:137} INFO - [2023-03-05T13:02:21.013+0000] {dag.py:3441} INFO - Setting next_dagrun for example_task_group to 2023-03-04T13:02:21.013655+00:00, run_after=2023-03-05T13:02:21.013655+00:00
[2023-03-05T13:02:21.029+0000] {processor.py:175} INFO - Processing /home/airflow/.local/lib/python3.7/site-packages/airflow/example_dags/example_task_group.py took 0.078 seconds
