[2023-03-05T00:38:23.554+0000] {processor.py:153} INFO - Started process (PID=6462) to work on /home/airflow/.local/lib/python3.7/site-packages/airflow/example_dags/example_nested_branch_dag.py
[2023-03-05T00:38:23.558+0000] {processor.py:743} INFO - Processing file /home/airflow/.local/lib/python3.7/site-packages/airflow/example_dags/example_nested_branch_dag.py for tasks to queue
[2023-03-05T00:38:23.572+0000] {logging_mixin.py:137} INFO - [2023-03-05T00:38:23.569+0000] {dagbag.py:538} INFO - Filling up the DagBag from /home/airflow/.local/lib/python3.7/site-packages/airflow/example_dags/example_nested_branch_dag.py
[2023-03-05T00:38:23.696+0000] {processor.py:753} INFO - DAG(s) dict_keys(['example_nested_branch_dag']) retrieved from /home/airflow/.local/lib/python3.7/site-packages/airflow/example_dags/example_nested_branch_dag.py
[2023-03-05T00:38:23.774+0000] {logging_mixin.py:137} INFO - [2023-03-05T00:38:23.773+0000] {dag.py:2690} INFO - Sync 1 DAGs
[2023-03-05T00:38:23.830+0000] {logging_mixin.py:137} INFO - [2023-03-05T00:38:23.829+0000] {dag.py:3441} INFO - Setting next_dagrun for example_nested_branch_dag to 2023-03-04T00:00:00+00:00, run_after=2023-03-05T00:00:00+00:00
[2023-03-05T00:38:23.897+0000] {processor.py:175} INFO - Processing /home/airflow/.local/lib/python3.7/site-packages/airflow/example_dags/example_nested_branch_dag.py took 0.348 seconds
[2023-03-05T01:37:01.441+0000] {processor.py:153} INFO - Started process (PID=6525) to work on /home/airflow/.local/lib/python3.7/site-packages/airflow/example_dags/example_nested_branch_dag.py
[2023-03-05T01:37:01.443+0000] {processor.py:743} INFO - Processing file /home/airflow/.local/lib/python3.7/site-packages/airflow/example_dags/example_nested_branch_dag.py for tasks to queue
[2023-03-05T01:37:01.444+0000] {logging_mixin.py:137} INFO - [2023-03-05T01:37:01.444+0000] {dagbag.py:538} INFO - Filling up the DagBag from /home/airflow/.local/lib/python3.7/site-packages/airflow/example_dags/example_nested_branch_dag.py
[2023-03-05T01:37:01.475+0000] {processor.py:753} INFO - DAG(s) dict_keys(['example_nested_branch_dag']) retrieved from /home/airflow/.local/lib/python3.7/site-packages/airflow/example_dags/example_nested_branch_dag.py
[2023-03-05T01:37:01.506+0000] {logging_mixin.py:137} INFO - [2023-03-05T01:37:01.506+0000] {dag.py:2690} INFO - Sync 1 DAGs
[2023-03-05T01:37:01.531+0000] {logging_mixin.py:137} INFO - [2023-03-05T01:37:01.531+0000] {dag.py:3441} INFO - Setting next_dagrun for example_nested_branch_dag to 2023-03-04T00:00:00+00:00, run_after=2023-03-05T00:00:00+00:00
[2023-03-05T01:37:01.546+0000] {processor.py:175} INFO - Processing /home/airflow/.local/lib/python3.7/site-packages/airflow/example_dags/example_nested_branch_dag.py took 0.109 seconds
[2023-03-05T02:44:38.471+0000] {processor.py:153} INFO - Started process (PID=6588) to work on /home/airflow/.local/lib/python3.7/site-packages/airflow/example_dags/example_nested_branch_dag.py
[2023-03-05T02:44:38.472+0000] {processor.py:743} INFO - Processing file /home/airflow/.local/lib/python3.7/site-packages/airflow/example_dags/example_nested_branch_dag.py for tasks to queue
[2023-03-05T02:44:38.473+0000] {logging_mixin.py:137} INFO - [2023-03-05T02:44:38.473+0000] {dagbag.py:538} INFO - Filling up the DagBag from /home/airflow/.local/lib/python3.7/site-packages/airflow/example_dags/example_nested_branch_dag.py
[2023-03-05T02:44:38.500+0000] {processor.py:753} INFO - DAG(s) dict_keys(['example_nested_branch_dag']) retrieved from /home/airflow/.local/lib/python3.7/site-packages/airflow/example_dags/example_nested_branch_dag.py
[2023-03-05T02:44:38.527+0000] {logging_mixin.py:137} INFO - [2023-03-05T02:44:38.526+0000] {dag.py:2690} INFO - Sync 1 DAGs
[2023-03-05T02:44:38.545+0000] {logging_mixin.py:137} INFO - [2023-03-05T02:44:38.545+0000] {dag.py:3441} INFO - Setting next_dagrun for example_nested_branch_dag to 2023-03-04T00:00:00+00:00, run_after=2023-03-05T00:00:00+00:00
[2023-03-05T02:44:38.558+0000] {processor.py:175} INFO - Processing /home/airflow/.local/lib/python3.7/site-packages/airflow/example_dags/example_nested_branch_dag.py took 0.090 seconds
[2023-03-05T03:59:40.716+0000] {processor.py:153} INFO - Started process (PID=6651) to work on /home/airflow/.local/lib/python3.7/site-packages/airflow/example_dags/example_nested_branch_dag.py
[2023-03-05T03:59:40.717+0000] {processor.py:743} INFO - Processing file /home/airflow/.local/lib/python3.7/site-packages/airflow/example_dags/example_nested_branch_dag.py for tasks to queue
[2023-03-05T03:59:40.718+0000] {logging_mixin.py:137} INFO - [2023-03-05T03:59:40.718+0000] {dagbag.py:538} INFO - Filling up the DagBag from /home/airflow/.local/lib/python3.7/site-packages/airflow/example_dags/example_nested_branch_dag.py
[2023-03-05T03:59:40.738+0000] {processor.py:753} INFO - DAG(s) dict_keys(['example_nested_branch_dag']) retrieved from /home/airflow/.local/lib/python3.7/site-packages/airflow/example_dags/example_nested_branch_dag.py
[2023-03-05T03:59:40.759+0000] {logging_mixin.py:137} INFO - [2023-03-05T03:59:40.759+0000] {dag.py:2690} INFO - Sync 1 DAGs
[2023-03-05T03:59:40.777+0000] {logging_mixin.py:137} INFO - [2023-03-05T03:59:40.777+0000] {dag.py:3441} INFO - Setting next_dagrun for example_nested_branch_dag to 2023-03-04T00:00:00+00:00, run_after=2023-03-05T00:00:00+00:00
[2023-03-05T03:59:40.787+0000] {processor.py:175} INFO - Processing /home/airflow/.local/lib/python3.7/site-packages/airflow/example_dags/example_nested_branch_dag.py took 0.074 seconds
[2023-03-05T05:35:23.741+0000] {processor.py:153} INFO - Started process (PID=6726) to work on /home/airflow/.local/lib/python3.7/site-packages/airflow/example_dags/example_nested_branch_dag.py
[2023-03-05T05:35:23.744+0000] {processor.py:743} INFO - Processing file /home/airflow/.local/lib/python3.7/site-packages/airflow/example_dags/example_nested_branch_dag.py for tasks to queue
[2023-03-05T05:35:23.746+0000] {logging_mixin.py:137} INFO - [2023-03-05T05:35:23.746+0000] {dagbag.py:538} INFO - Filling up the DagBag from /home/airflow/.local/lib/python3.7/site-packages/airflow/example_dags/example_nested_branch_dag.py
[2023-03-05T05:35:23.791+0000] {processor.py:753} INFO - DAG(s) dict_keys(['example_nested_branch_dag']) retrieved from /home/airflow/.local/lib/python3.7/site-packages/airflow/example_dags/example_nested_branch_dag.py
[2023-03-05T05:35:23.882+0000] {logging_mixin.py:137} INFO - [2023-03-05T05:35:23.882+0000] {dag.py:2690} INFO - Sync 1 DAGs
[2023-03-05T05:35:24.073+0000] {logging_mixin.py:137} INFO - [2023-03-05T05:35:24.070+0000] {dag.py:3441} INFO - Setting next_dagrun for example_nested_branch_dag to 2023-03-04T00:00:00+00:00, run_after=2023-03-05T00:00:00+00:00
[2023-03-05T05:35:24.207+0000] {processor.py:175} INFO - Processing /home/airflow/.local/lib/python3.7/site-packages/airflow/example_dags/example_nested_branch_dag.py took 0.478 seconds
[2023-03-05T06:52:28.292+0000] {processor.py:153} INFO - Started process (PID=6789) to work on /home/airflow/.local/lib/python3.7/site-packages/airflow/example_dags/example_nested_branch_dag.py
[2023-03-05T06:52:28.295+0000] {processor.py:743} INFO - Processing file /home/airflow/.local/lib/python3.7/site-packages/airflow/example_dags/example_nested_branch_dag.py for tasks to queue
[2023-03-05T06:52:28.296+0000] {logging_mixin.py:137} INFO - [2023-03-05T06:52:28.296+0000] {dagbag.py:538} INFO - Filling up the DagBag from /home/airflow/.local/lib/python3.7/site-packages/airflow/example_dags/example_nested_branch_dag.py
[2023-03-05T06:52:28.329+0000] {processor.py:753} INFO - DAG(s) dict_keys(['example_nested_branch_dag']) retrieved from /home/airflow/.local/lib/python3.7/site-packages/airflow/example_dags/example_nested_branch_dag.py
[2023-03-05T06:52:28.384+0000] {logging_mixin.py:137} INFO - [2023-03-05T06:52:28.384+0000] {dag.py:2690} INFO - Sync 1 DAGs
[2023-03-05T06:52:28.409+0000] {logging_mixin.py:137} INFO - [2023-03-05T06:52:28.409+0000] {dag.py:3441} INFO - Setting next_dagrun for example_nested_branch_dag to 2023-03-04T00:00:00+00:00, run_after=2023-03-05T00:00:00+00:00
[2023-03-05T06:52:28.435+0000] {processor.py:175} INFO - Processing /home/airflow/.local/lib/python3.7/site-packages/airflow/example_dags/example_nested_branch_dag.py took 0.146 seconds
[2023-03-05T08:00:56.463+0000] {processor.py:153} INFO - Started process (PID=6852) to work on /home/airflow/.local/lib/python3.7/site-packages/airflow/example_dags/example_nested_branch_dag.py
[2023-03-05T08:00:56.464+0000] {processor.py:743} INFO - Processing file /home/airflow/.local/lib/python3.7/site-packages/airflow/example_dags/example_nested_branch_dag.py for tasks to queue
[2023-03-05T08:00:56.465+0000] {logging_mixin.py:137} INFO - [2023-03-05T08:00:56.465+0000] {dagbag.py:538} INFO - Filling up the DagBag from /home/airflow/.local/lib/python3.7/site-packages/airflow/example_dags/example_nested_branch_dag.py
[2023-03-05T08:00:56.482+0000] {processor.py:753} INFO - DAG(s) dict_keys(['example_nested_branch_dag']) retrieved from /home/airflow/.local/lib/python3.7/site-packages/airflow/example_dags/example_nested_branch_dag.py
[2023-03-05T08:00:56.502+0000] {logging_mixin.py:137} INFO - [2023-03-05T08:00:56.502+0000] {dag.py:2690} INFO - Sync 1 DAGs
[2023-03-05T08:00:56.522+0000] {logging_mixin.py:137} INFO - [2023-03-05T08:00:56.522+0000] {dag.py:3441} INFO - Setting next_dagrun for example_nested_branch_dag to 2023-03-04T00:00:00+00:00, run_after=2023-03-05T00:00:00+00:00
[2023-03-05T08:00:56.538+0000] {processor.py:175} INFO - Processing /home/airflow/.local/lib/python3.7/site-packages/airflow/example_dags/example_nested_branch_dag.py took 0.078 seconds
[2023-03-05T09:23:26.487+0000] {processor.py:153} INFO - Started process (PID=6915) to work on /home/airflow/.local/lib/python3.7/site-packages/airflow/example_dags/example_nested_branch_dag.py
[2023-03-05T09:23:26.489+0000] {processor.py:743} INFO - Processing file /home/airflow/.local/lib/python3.7/site-packages/airflow/example_dags/example_nested_branch_dag.py for tasks to queue
[2023-03-05T09:23:26.490+0000] {logging_mixin.py:137} INFO - [2023-03-05T09:23:26.490+0000] {dagbag.py:538} INFO - Filling up the DagBag from /home/airflow/.local/lib/python3.7/site-packages/airflow/example_dags/example_nested_branch_dag.py
[2023-03-05T09:23:26.527+0000] {processor.py:753} INFO - DAG(s) dict_keys(['example_nested_branch_dag']) retrieved from /home/airflow/.local/lib/python3.7/site-packages/airflow/example_dags/example_nested_branch_dag.py
[2023-03-05T09:23:26.582+0000] {logging_mixin.py:137} INFO - [2023-03-05T09:23:26.582+0000] {dag.py:2690} INFO - Sync 1 DAGs
[2023-03-05T09:23:26.606+0000] {logging_mixin.py:137} INFO - [2023-03-05T09:23:26.606+0000] {dag.py:3441} INFO - Setting next_dagrun for example_nested_branch_dag to 2023-03-04T00:00:00+00:00, run_after=2023-03-05T00:00:00+00:00
[2023-03-05T09:23:26.625+0000] {processor.py:175} INFO - Processing /home/airflow/.local/lib/python3.7/site-packages/airflow/example_dags/example_nested_branch_dag.py took 0.142 seconds
[2023-03-05T10:39:45.963+0000] {processor.py:153} INFO - Started process (PID=6990) to work on /home/airflow/.local/lib/python3.7/site-packages/airflow/example_dags/example_nested_branch_dag.py
[2023-03-05T10:39:45.967+0000] {processor.py:743} INFO - Processing file /home/airflow/.local/lib/python3.7/site-packages/airflow/example_dags/example_nested_branch_dag.py for tasks to queue
[2023-03-05T10:39:45.968+0000] {logging_mixin.py:137} INFO - [2023-03-05T10:39:45.968+0000] {dagbag.py:538} INFO - Filling up the DagBag from /home/airflow/.local/lib/python3.7/site-packages/airflow/example_dags/example_nested_branch_dag.py
[2023-03-05T10:39:45.991+0000] {processor.py:753} INFO - DAG(s) dict_keys(['example_nested_branch_dag']) retrieved from /home/airflow/.local/lib/python3.7/site-packages/airflow/example_dags/example_nested_branch_dag.py
[2023-03-05T10:39:46.013+0000] {logging_mixin.py:137} INFO - [2023-03-05T10:39:46.013+0000] {dag.py:2690} INFO - Sync 1 DAGs
[2023-03-05T10:39:46.030+0000] {logging_mixin.py:137} INFO - [2023-03-05T10:39:46.030+0000] {dag.py:3441} INFO - Setting next_dagrun for example_nested_branch_dag to 2023-03-04T00:00:00+00:00, run_after=2023-03-05T00:00:00+00:00
[2023-03-05T10:39:46.042+0000] {processor.py:175} INFO - Processing /home/airflow/.local/lib/python3.7/site-packages/airflow/example_dags/example_nested_branch_dag.py took 0.084 seconds
[2023-03-05T11:30:40.276+0000] {processor.py:153} INFO - Started process (PID=7053) to work on /home/airflow/.local/lib/python3.7/site-packages/airflow/example_dags/example_nested_branch_dag.py
[2023-03-05T11:30:40.277+0000] {processor.py:743} INFO - Processing file /home/airflow/.local/lib/python3.7/site-packages/airflow/example_dags/example_nested_branch_dag.py for tasks to queue
[2023-03-05T11:30:40.278+0000] {logging_mixin.py:137} INFO - [2023-03-05T11:30:40.278+0000] {dagbag.py:538} INFO - Filling up the DagBag from /home/airflow/.local/lib/python3.7/site-packages/airflow/example_dags/example_nested_branch_dag.py
[2023-03-05T11:30:40.296+0000] {processor.py:753} INFO - DAG(s) dict_keys(['example_nested_branch_dag']) retrieved from /home/airflow/.local/lib/python3.7/site-packages/airflow/example_dags/example_nested_branch_dag.py
[2023-03-05T11:30:40.318+0000] {logging_mixin.py:137} INFO - [2023-03-05T11:30:40.317+0000] {dag.py:2690} INFO - Sync 1 DAGs
[2023-03-05T11:30:40.339+0000] {logging_mixin.py:137} INFO - [2023-03-05T11:30:40.339+0000] {dag.py:3441} INFO - Setting next_dagrun for example_nested_branch_dag to 2023-03-04T00:00:00+00:00, run_after=2023-03-05T00:00:00+00:00
[2023-03-05T11:30:40.352+0000] {processor.py:175} INFO - Processing /home/airflow/.local/lib/python3.7/site-packages/airflow/example_dags/example_nested_branch_dag.py took 0.080 seconds
[2023-03-05T12:34:13.952+0000] {processor.py:153} INFO - Started process (PID=7147) to work on /home/airflow/.local/lib/python3.7/site-packages/airflow/example_dags/example_nested_branch_dag.py
[2023-03-05T12:34:13.957+0000] {processor.py:743} INFO - Processing file /home/airflow/.local/lib/python3.7/site-packages/airflow/example_dags/example_nested_branch_dag.py for tasks to queue
[2023-03-05T12:34:13.967+0000] {logging_mixin.py:137} INFO - [2023-03-05T12:34:13.966+0000] {dagbag.py:538} INFO - Filling up the DagBag from /home/airflow/.local/lib/python3.7/site-packages/airflow/example_dags/example_nested_branch_dag.py
[2023-03-05T12:34:14.106+0000] {processor.py:753} INFO - DAG(s) dict_keys(['example_nested_branch_dag']) retrieved from /home/airflow/.local/lib/python3.7/site-packages/airflow/example_dags/example_nested_branch_dag.py
[2023-03-05T12:34:14.433+0000] {logging_mixin.py:137} INFO - [2023-03-05T12:34:14.432+0000] {dag.py:2690} INFO - Sync 1 DAGs
[2023-03-05T12:34:14.644+0000] {logging_mixin.py:137} INFO - [2023-03-05T12:34:14.644+0000] {dag.py:3441} INFO - Setting next_dagrun for example_nested_branch_dag to 2023-03-04T00:00:00+00:00, run_after=2023-03-05T00:00:00+00:00
[2023-03-05T12:34:14.788+0000] {processor.py:175} INFO - Processing /home/airflow/.local/lib/python3.7/site-packages/airflow/example_dags/example_nested_branch_dag.py took 0.859 seconds
[2023-03-05T12:34:58.438+0000] {processor.py:153} INFO - Started process (PID=7207) to work on /home/airflow/.local/lib/python3.7/site-packages/airflow/example_dags/example_nested_branch_dag.py
[2023-03-05T12:34:58.442+0000] {processor.py:743} INFO - Processing file /home/airflow/.local/lib/python3.7/site-packages/airflow/example_dags/example_nested_branch_dag.py for tasks to queue
[2023-03-05T12:34:58.444+0000] {logging_mixin.py:137} INFO - [2023-03-05T12:34:58.444+0000] {dagbag.py:538} INFO - Filling up the DagBag from /home/airflow/.local/lib/python3.7/site-packages/airflow/example_dags/example_nested_branch_dag.py
[2023-03-05T12:34:58.480+0000] {processor.py:753} INFO - DAG(s) dict_keys(['example_nested_branch_dag']) retrieved from /home/airflow/.local/lib/python3.7/site-packages/airflow/example_dags/example_nested_branch_dag.py
[2023-03-05T12:34:58.512+0000] {logging_mixin.py:137} INFO - [2023-03-05T12:34:58.512+0000] {dag.py:2690} INFO - Sync 1 DAGs
[2023-03-05T12:34:58.541+0000] {logging_mixin.py:137} INFO - [2023-03-05T12:34:58.541+0000] {dag.py:3441} INFO - Setting next_dagrun for example_nested_branch_dag to 2023-03-04T00:00:00+00:00, run_after=2023-03-05T00:00:00+00:00
[2023-03-05T12:34:58.572+0000] {processor.py:175} INFO - Processing /home/airflow/.local/lib/python3.7/site-packages/airflow/example_dags/example_nested_branch_dag.py took 0.138 seconds
[2023-03-05T12:35:28.719+0000] {processor.py:153} INFO - Started process (PID=7271) to work on /home/airflow/.local/lib/python3.7/site-packages/airflow/example_dags/example_nested_branch_dag.py
[2023-03-05T12:35:28.756+0000] {processor.py:743} INFO - Processing file /home/airflow/.local/lib/python3.7/site-packages/airflow/example_dags/example_nested_branch_dag.py for tasks to queue
[2023-03-05T12:35:28.759+0000] {logging_mixin.py:137} INFO - [2023-03-05T12:35:28.759+0000] {dagbag.py:538} INFO - Filling up the DagBag from /home/airflow/.local/lib/python3.7/site-packages/airflow/example_dags/example_nested_branch_dag.py
[2023-03-05T12:35:28.785+0000] {processor.py:753} INFO - DAG(s) dict_keys(['example_nested_branch_dag']) retrieved from /home/airflow/.local/lib/python3.7/site-packages/airflow/example_dags/example_nested_branch_dag.py
[2023-03-05T12:35:28.816+0000] {logging_mixin.py:137} INFO - [2023-03-05T12:35:28.816+0000] {dag.py:2690} INFO - Sync 1 DAGs
[2023-03-05T12:35:28.843+0000] {logging_mixin.py:137} INFO - [2023-03-05T12:35:28.842+0000] {dag.py:3441} INFO - Setting next_dagrun for example_nested_branch_dag to 2023-03-04T00:00:00+00:00, run_after=2023-03-05T00:00:00+00:00
[2023-03-05T12:35:28.861+0000] {processor.py:175} INFO - Processing /home/airflow/.local/lib/python3.7/site-packages/airflow/example_dags/example_nested_branch_dag.py took 0.146 seconds
[2023-03-05T12:35:59.127+0000] {processor.py:153} INFO - Started process (PID=7334) to work on /home/airflow/.local/lib/python3.7/site-packages/airflow/example_dags/example_nested_branch_dag.py
[2023-03-05T12:35:59.130+0000] {processor.py:743} INFO - Processing file /home/airflow/.local/lib/python3.7/site-packages/airflow/example_dags/example_nested_branch_dag.py for tasks to queue
[2023-03-05T12:35:59.132+0000] {logging_mixin.py:137} INFO - [2023-03-05T12:35:59.131+0000] {dagbag.py:538} INFO - Filling up the DagBag from /home/airflow/.local/lib/python3.7/site-packages/airflow/example_dags/example_nested_branch_dag.py
[2023-03-05T12:35:59.153+0000] {processor.py:753} INFO - DAG(s) dict_keys(['example_nested_branch_dag']) retrieved from /home/airflow/.local/lib/python3.7/site-packages/airflow/example_dags/example_nested_branch_dag.py
[2023-03-05T12:35:59.178+0000] {logging_mixin.py:137} INFO - [2023-03-05T12:35:59.178+0000] {dag.py:2690} INFO - Sync 1 DAGs
[2023-03-05T12:35:59.207+0000] {logging_mixin.py:137} INFO - [2023-03-05T12:35:59.206+0000] {dag.py:3441} INFO - Setting next_dagrun for example_nested_branch_dag to 2023-03-04T00:00:00+00:00, run_after=2023-03-05T00:00:00+00:00
[2023-03-05T12:35:59.221+0000] {processor.py:175} INFO - Processing /home/airflow/.local/lib/python3.7/site-packages/airflow/example_dags/example_nested_branch_dag.py took 0.101 seconds
[2023-03-05T12:36:29.503+0000] {processor.py:153} INFO - Started process (PID=7397) to work on /home/airflow/.local/lib/python3.7/site-packages/airflow/example_dags/example_nested_branch_dag.py
[2023-03-05T12:36:29.504+0000] {processor.py:743} INFO - Processing file /home/airflow/.local/lib/python3.7/site-packages/airflow/example_dags/example_nested_branch_dag.py for tasks to queue
[2023-03-05T12:36:29.505+0000] {logging_mixin.py:137} INFO - [2023-03-05T12:36:29.505+0000] {dagbag.py:538} INFO - Filling up the DagBag from /home/airflow/.local/lib/python3.7/site-packages/airflow/example_dags/example_nested_branch_dag.py
[2023-03-05T12:36:29.524+0000] {processor.py:753} INFO - DAG(s) dict_keys(['example_nested_branch_dag']) retrieved from /home/airflow/.local/lib/python3.7/site-packages/airflow/example_dags/example_nested_branch_dag.py
[2023-03-05T12:36:29.544+0000] {logging_mixin.py:137} INFO - [2023-03-05T12:36:29.544+0000] {dag.py:2690} INFO - Sync 1 DAGs
[2023-03-05T12:36:29.562+0000] {logging_mixin.py:137} INFO - [2023-03-05T12:36:29.562+0000] {dag.py:3441} INFO - Setting next_dagrun for example_nested_branch_dag to 2023-03-04T00:00:00+00:00, run_after=2023-03-05T00:00:00+00:00
[2023-03-05T12:36:29.574+0000] {processor.py:175} INFO - Processing /home/airflow/.local/lib/python3.7/site-packages/airflow/example_dags/example_nested_branch_dag.py took 0.074 seconds
[2023-03-05T12:37:01.666+0000] {processor.py:153} INFO - Started process (PID=7473) to work on /home/airflow/.local/lib/python3.7/site-packages/airflow/example_dags/example_nested_branch_dag.py
[2023-03-05T12:37:01.671+0000] {processor.py:743} INFO - Processing file /home/airflow/.local/lib/python3.7/site-packages/airflow/example_dags/example_nested_branch_dag.py for tasks to queue
[2023-03-05T12:37:01.675+0000] {logging_mixin.py:137} INFO - [2023-03-05T12:37:01.675+0000] {dagbag.py:538} INFO - Filling up the DagBag from /home/airflow/.local/lib/python3.7/site-packages/airflow/example_dags/example_nested_branch_dag.py
[2023-03-05T12:37:01.712+0000] {processor.py:753} INFO - DAG(s) dict_keys(['example_nested_branch_dag']) retrieved from /home/airflow/.local/lib/python3.7/site-packages/airflow/example_dags/example_nested_branch_dag.py
[2023-03-05T12:37:01.819+0000] {logging_mixin.py:137} INFO - [2023-03-05T12:37:01.818+0000] {dag.py:2690} INFO - Sync 1 DAGs
[2023-03-05T12:37:01.918+0000] {logging_mixin.py:137} INFO - [2023-03-05T12:37:01.917+0000] {dag.py:3441} INFO - Setting next_dagrun for example_nested_branch_dag to 2023-03-04T00:00:00+00:00, run_after=2023-03-05T00:00:00+00:00
[2023-03-05T12:37:02.036+0000] {processor.py:175} INFO - Processing /home/airflow/.local/lib/python3.7/site-packages/airflow/example_dags/example_nested_branch_dag.py took 0.375 seconds
[2023-03-05T12:37:33.064+0000] {processor.py:153} INFO - Started process (PID=7536) to work on /home/airflow/.local/lib/python3.7/site-packages/airflow/example_dags/example_nested_branch_dag.py
[2023-03-05T12:37:33.107+0000] {processor.py:743} INFO - Processing file /home/airflow/.local/lib/python3.7/site-packages/airflow/example_dags/example_nested_branch_dag.py for tasks to queue
[2023-03-05T12:37:33.111+0000] {logging_mixin.py:137} INFO - [2023-03-05T12:37:33.111+0000] {dagbag.py:538} INFO - Filling up the DagBag from /home/airflow/.local/lib/python3.7/site-packages/airflow/example_dags/example_nested_branch_dag.py
[2023-03-05T12:37:33.182+0000] {processor.py:753} INFO - DAG(s) dict_keys(['example_nested_branch_dag']) retrieved from /home/airflow/.local/lib/python3.7/site-packages/airflow/example_dags/example_nested_branch_dag.py
[2023-03-05T12:37:33.528+0000] {logging_mixin.py:137} INFO - [2023-03-05T12:37:33.527+0000] {dag.py:2690} INFO - Sync 1 DAGs
[2023-03-05T12:37:33.855+0000] {logging_mixin.py:137} INFO - [2023-03-05T12:37:33.855+0000] {dag.py:3441} INFO - Setting next_dagrun for example_nested_branch_dag to 2023-03-04T00:00:00+00:00, run_after=2023-03-05T00:00:00+00:00
[2023-03-05T12:37:33.976+0000] {processor.py:175} INFO - Processing /home/airflow/.local/lib/python3.7/site-packages/airflow/example_dags/example_nested_branch_dag.py took 0.939 seconds
[2023-03-05T12:38:04.964+0000] {processor.py:153} INFO - Started process (PID=7601) to work on /home/airflow/.local/lib/python3.7/site-packages/airflow/example_dags/example_nested_branch_dag.py
[2023-03-05T12:38:04.969+0000] {processor.py:743} INFO - Processing file /home/airflow/.local/lib/python3.7/site-packages/airflow/example_dags/example_nested_branch_dag.py for tasks to queue
[2023-03-05T12:38:04.971+0000] {logging_mixin.py:137} INFO - [2023-03-05T12:38:04.971+0000] {dagbag.py:538} INFO - Filling up the DagBag from /home/airflow/.local/lib/python3.7/site-packages/airflow/example_dags/example_nested_branch_dag.py
[2023-03-05T12:38:05.027+0000] {processor.py:753} INFO - DAG(s) dict_keys(['example_nested_branch_dag']) retrieved from /home/airflow/.local/lib/python3.7/site-packages/airflow/example_dags/example_nested_branch_dag.py
[2023-03-05T12:38:05.089+0000] {logging_mixin.py:137} INFO - [2023-03-05T12:38:05.088+0000] {dag.py:2690} INFO - Sync 1 DAGs
[2023-03-05T12:38:05.218+0000] {logging_mixin.py:137} INFO - [2023-03-05T12:38:05.218+0000] {dag.py:3441} INFO - Setting next_dagrun for example_nested_branch_dag to 2023-03-04T00:00:00+00:00, run_after=2023-03-05T00:00:00+00:00
[2023-03-05T12:38:05.275+0000] {processor.py:175} INFO - Processing /home/airflow/.local/lib/python3.7/site-packages/airflow/example_dags/example_nested_branch_dag.py took 0.315 seconds
[2023-03-05T12:38:37.642+0000] {processor.py:153} INFO - Started process (PID=7676) to work on /home/airflow/.local/lib/python3.7/site-packages/airflow/example_dags/example_nested_branch_dag.py
[2023-03-05T12:38:37.657+0000] {processor.py:743} INFO - Processing file /home/airflow/.local/lib/python3.7/site-packages/airflow/example_dags/example_nested_branch_dag.py for tasks to queue
[2023-03-05T12:38:37.669+0000] {logging_mixin.py:137} INFO - [2023-03-05T12:38:37.668+0000] {dagbag.py:538} INFO - Filling up the DagBag from /home/airflow/.local/lib/python3.7/site-packages/airflow/example_dags/example_nested_branch_dag.py
[2023-03-05T12:38:37.797+0000] {processor.py:753} INFO - DAG(s) dict_keys(['example_nested_branch_dag']) retrieved from /home/airflow/.local/lib/python3.7/site-packages/airflow/example_dags/example_nested_branch_dag.py
[2023-03-05T12:38:38.065+0000] {logging_mixin.py:137} INFO - [2023-03-05T12:38:38.063+0000] {dag.py:2690} INFO - Sync 1 DAGs
[2023-03-05T12:38:38.234+0000] {logging_mixin.py:137} INFO - [2023-03-05T12:38:38.233+0000] {dag.py:3441} INFO - Setting next_dagrun for example_nested_branch_dag to 2023-03-04T00:00:00+00:00, run_after=2023-03-05T00:00:00+00:00
[2023-03-05T12:38:38.400+0000] {processor.py:175} INFO - Processing /home/airflow/.local/lib/python3.7/site-packages/airflow/example_dags/example_nested_branch_dag.py took 0.784 seconds
[2023-03-05T12:39:08.882+0000] {processor.py:153} INFO - Started process (PID=7738) to work on /home/airflow/.local/lib/python3.7/site-packages/airflow/example_dags/example_nested_branch_dag.py
[2023-03-05T12:39:08.887+0000] {processor.py:743} INFO - Processing file /home/airflow/.local/lib/python3.7/site-packages/airflow/example_dags/example_nested_branch_dag.py for tasks to queue
[2023-03-05T12:39:08.888+0000] {logging_mixin.py:137} INFO - [2023-03-05T12:39:08.888+0000] {dagbag.py:538} INFO - Filling up the DagBag from /home/airflow/.local/lib/python3.7/site-packages/airflow/example_dags/example_nested_branch_dag.py
[2023-03-05T12:39:08.965+0000] {processor.py:753} INFO - DAG(s) dict_keys(['example_nested_branch_dag']) retrieved from /home/airflow/.local/lib/python3.7/site-packages/airflow/example_dags/example_nested_branch_dag.py
[2023-03-05T12:39:09.043+0000] {logging_mixin.py:137} INFO - [2023-03-05T12:39:09.042+0000] {dag.py:2690} INFO - Sync 1 DAGs
[2023-03-05T12:39:09.088+0000] {logging_mixin.py:137} INFO - [2023-03-05T12:39:09.088+0000] {dag.py:3441} INFO - Setting next_dagrun for example_nested_branch_dag to 2023-03-04T00:00:00+00:00, run_after=2023-03-05T00:00:00+00:00
[2023-03-05T12:39:09.115+0000] {processor.py:175} INFO - Processing /home/airflow/.local/lib/python3.7/site-packages/airflow/example_dags/example_nested_branch_dag.py took 0.243 seconds
[2023-03-05T12:39:39.845+0000] {processor.py:153} INFO - Started process (PID=7800) to work on /home/airflow/.local/lib/python3.7/site-packages/airflow/example_dags/example_nested_branch_dag.py
[2023-03-05T12:39:39.853+0000] {processor.py:743} INFO - Processing file /home/airflow/.local/lib/python3.7/site-packages/airflow/example_dags/example_nested_branch_dag.py for tasks to queue
[2023-03-05T12:39:39.864+0000] {logging_mixin.py:137} INFO - [2023-03-05T12:39:39.863+0000] {dagbag.py:538} INFO - Filling up the DagBag from /home/airflow/.local/lib/python3.7/site-packages/airflow/example_dags/example_nested_branch_dag.py
[2023-03-05T12:39:39.909+0000] {processor.py:753} INFO - DAG(s) dict_keys(['example_nested_branch_dag']) retrieved from /home/airflow/.local/lib/python3.7/site-packages/airflow/example_dags/example_nested_branch_dag.py
[2023-03-05T12:39:39.945+0000] {logging_mixin.py:137} INFO - [2023-03-05T12:39:39.945+0000] {dag.py:2690} INFO - Sync 1 DAGs
[2023-03-05T12:39:39.978+0000] {logging_mixin.py:137} INFO - [2023-03-05T12:39:39.978+0000] {dag.py:3441} INFO - Setting next_dagrun for example_nested_branch_dag to 2023-03-04T00:00:00+00:00, run_after=2023-03-05T00:00:00+00:00
[2023-03-05T12:39:40.008+0000] {processor.py:175} INFO - Processing /home/airflow/.local/lib/python3.7/site-packages/airflow/example_dags/example_nested_branch_dag.py took 0.169 seconds
[2023-03-05T12:40:10.683+0000] {processor.py:153} INFO - Started process (PID=7862) to work on /home/airflow/.local/lib/python3.7/site-packages/airflow/example_dags/example_nested_branch_dag.py
[2023-03-05T12:40:10.685+0000] {processor.py:743} INFO - Processing file /home/airflow/.local/lib/python3.7/site-packages/airflow/example_dags/example_nested_branch_dag.py for tasks to queue
[2023-03-05T12:40:10.686+0000] {logging_mixin.py:137} INFO - [2023-03-05T12:40:10.686+0000] {dagbag.py:538} INFO - Filling up the DagBag from /home/airflow/.local/lib/python3.7/site-packages/airflow/example_dags/example_nested_branch_dag.py
[2023-03-05T12:40:10.707+0000] {processor.py:753} INFO - DAG(s) dict_keys(['example_nested_branch_dag']) retrieved from /home/airflow/.local/lib/python3.7/site-packages/airflow/example_dags/example_nested_branch_dag.py
[2023-03-05T12:40:10.733+0000] {logging_mixin.py:137} INFO - [2023-03-05T12:40:10.733+0000] {dag.py:2690} INFO - Sync 1 DAGs
[2023-03-05T12:40:10.758+0000] {logging_mixin.py:137} INFO - [2023-03-05T12:40:10.758+0000] {dag.py:3441} INFO - Setting next_dagrun for example_nested_branch_dag to 2023-03-04T00:00:00+00:00, run_after=2023-03-05T00:00:00+00:00
[2023-03-05T12:40:10.781+0000] {processor.py:175} INFO - Processing /home/airflow/.local/lib/python3.7/site-packages/airflow/example_dags/example_nested_branch_dag.py took 0.102 seconds
