[2023-03-05T00:38:20.648+0000] {processor.py:153} INFO - Started process (PID=6452) to work on /home/airflow/.local/lib/python3.7/site-packages/airflow/example_dags/example_bash_operator.py
[2023-03-05T00:38:20.651+0000] {processor.py:743} INFO - Processing file /home/airflow/.local/lib/python3.7/site-packages/airflow/example_dags/example_bash_operator.py for tasks to queue
[2023-03-05T00:38:20.654+0000] {logging_mixin.py:137} INFO - [2023-03-05T00:38:20.654+0000] {dagbag.py:538} INFO - Filling up the DagBag from /home/airflow/.local/lib/python3.7/site-packages/airflow/example_dags/example_bash_operator.py
[2023-03-05T00:38:20.706+0000] {processor.py:753} INFO - DAG(s) dict_keys(['example_bash_operator']) retrieved from /home/airflow/.local/lib/python3.7/site-packages/airflow/example_dags/example_bash_operator.py
[2023-03-05T00:38:20.816+0000] {logging_mixin.py:137} INFO - [2023-03-05T00:38:20.816+0000] {dag.py:2690} INFO - Sync 1 DAGs
[2023-03-05T00:38:20.877+0000] {logging_mixin.py:137} INFO - [2023-03-05T00:38:20.877+0000] {dag.py:3441} INFO - Setting next_dagrun for example_bash_operator to 2023-03-04T00:00:00+00:00, run_after=2023-03-05T00:00:00+00:00
[2023-03-05T00:38:20.925+0000] {processor.py:175} INFO - Processing /home/airflow/.local/lib/python3.7/site-packages/airflow/example_dags/example_bash_operator.py took 0.280 seconds
[2023-03-05T01:37:00.411+0000] {processor.py:153} INFO - Started process (PID=6515) to work on /home/airflow/.local/lib/python3.7/site-packages/airflow/example_dags/example_bash_operator.py
[2023-03-05T01:37:00.412+0000] {processor.py:743} INFO - Processing file /home/airflow/.local/lib/python3.7/site-packages/airflow/example_dags/example_bash_operator.py for tasks to queue
[2023-03-05T01:37:00.414+0000] {logging_mixin.py:137} INFO - [2023-03-05T01:37:00.414+0000] {dagbag.py:538} INFO - Filling up the DagBag from /home/airflow/.local/lib/python3.7/site-packages/airflow/example_dags/example_bash_operator.py
[2023-03-05T01:37:00.469+0000] {processor.py:753} INFO - DAG(s) dict_keys(['example_bash_operator']) retrieved from /home/airflow/.local/lib/python3.7/site-packages/airflow/example_dags/example_bash_operator.py
[2023-03-05T01:37:00.522+0000] {logging_mixin.py:137} INFO - [2023-03-05T01:37:00.522+0000] {dag.py:2690} INFO - Sync 1 DAGs
[2023-03-05T01:37:00.562+0000] {logging_mixin.py:137} INFO - [2023-03-05T01:37:00.562+0000] {dag.py:3441} INFO - Setting next_dagrun for example_bash_operator to 2023-03-04T00:00:00+00:00, run_after=2023-03-05T00:00:00+00:00
[2023-03-05T01:37:00.581+0000] {processor.py:175} INFO - Processing /home/airflow/.local/lib/python3.7/site-packages/airflow/example_dags/example_bash_operator.py took 0.176 seconds
[2023-03-05T02:44:37.819+0000] {processor.py:153} INFO - Started process (PID=6578) to work on /home/airflow/.local/lib/python3.7/site-packages/airflow/example_dags/example_bash_operator.py
[2023-03-05T02:44:37.821+0000] {processor.py:743} INFO - Processing file /home/airflow/.local/lib/python3.7/site-packages/airflow/example_dags/example_bash_operator.py for tasks to queue
[2023-03-05T02:44:37.823+0000] {logging_mixin.py:137} INFO - [2023-03-05T02:44:37.823+0000] {dagbag.py:538} INFO - Filling up the DagBag from /home/airflow/.local/lib/python3.7/site-packages/airflow/example_dags/example_bash_operator.py
[2023-03-05T02:44:37.857+0000] {processor.py:753} INFO - DAG(s) dict_keys(['example_bash_operator']) retrieved from /home/airflow/.local/lib/python3.7/site-packages/airflow/example_dags/example_bash_operator.py
[2023-03-05T02:44:37.888+0000] {logging_mixin.py:137} INFO - [2023-03-05T02:44:37.888+0000] {dag.py:2690} INFO - Sync 1 DAGs
[2023-03-05T02:44:37.906+0000] {logging_mixin.py:137} INFO - [2023-03-05T02:44:37.906+0000] {dag.py:3441} INFO - Setting next_dagrun for example_bash_operator to 2023-03-04T00:00:00+00:00, run_after=2023-03-05T00:00:00+00:00
[2023-03-05T02:44:37.919+0000] {processor.py:175} INFO - Processing /home/airflow/.local/lib/python3.7/site-packages/airflow/example_dags/example_bash_operator.py took 0.104 seconds
[2023-03-05T03:59:40.141+0000] {processor.py:153} INFO - Started process (PID=6641) to work on /home/airflow/.local/lib/python3.7/site-packages/airflow/example_dags/example_bash_operator.py
[2023-03-05T03:59:40.146+0000] {processor.py:743} INFO - Processing file /home/airflow/.local/lib/python3.7/site-packages/airflow/example_dags/example_bash_operator.py for tasks to queue
[2023-03-05T03:59:40.148+0000] {logging_mixin.py:137} INFO - [2023-03-05T03:59:40.148+0000] {dagbag.py:538} INFO - Filling up the DagBag from /home/airflow/.local/lib/python3.7/site-packages/airflow/example_dags/example_bash_operator.py
[2023-03-05T03:59:40.179+0000] {processor.py:753} INFO - DAG(s) dict_keys(['example_bash_operator']) retrieved from /home/airflow/.local/lib/python3.7/site-packages/airflow/example_dags/example_bash_operator.py
[2023-03-05T03:59:40.230+0000] {logging_mixin.py:137} INFO - [2023-03-05T03:59:40.230+0000] {dag.py:2690} INFO - Sync 1 DAGs
[2023-03-05T03:59:40.265+0000] {logging_mixin.py:137} INFO - [2023-03-05T03:59:40.265+0000] {dag.py:3441} INFO - Setting next_dagrun for example_bash_operator to 2023-03-04T00:00:00+00:00, run_after=2023-03-05T00:00:00+00:00
[2023-03-05T03:59:40.291+0000] {processor.py:175} INFO - Processing /home/airflow/.local/lib/python3.7/site-packages/airflow/example_dags/example_bash_operator.py took 0.157 seconds
[2023-03-05T05:35:21.270+0000] {processor.py:153} INFO - Started process (PID=6713) to work on /home/airflow/.local/lib/python3.7/site-packages/airflow/example_dags/example_bash_operator.py
[2023-03-05T05:35:21.273+0000] {processor.py:743} INFO - Processing file /home/airflow/.local/lib/python3.7/site-packages/airflow/example_dags/example_bash_operator.py for tasks to queue
[2023-03-05T05:35:21.274+0000] {logging_mixin.py:137} INFO - [2023-03-05T05:35:21.274+0000] {dagbag.py:538} INFO - Filling up the DagBag from /home/airflow/.local/lib/python3.7/site-packages/airflow/example_dags/example_bash_operator.py
[2023-03-05T05:35:21.308+0000] {processor.py:753} INFO - DAG(s) dict_keys(['example_bash_operator']) retrieved from /home/airflow/.local/lib/python3.7/site-packages/airflow/example_dags/example_bash_operator.py
[2023-03-05T05:35:21.355+0000] {logging_mixin.py:137} INFO - [2023-03-05T05:35:21.355+0000] {dag.py:2690} INFO - Sync 1 DAGs
[2023-03-05T05:35:21.410+0000] {logging_mixin.py:137} INFO - [2023-03-05T05:35:21.409+0000] {dag.py:3441} INFO - Setting next_dagrun for example_bash_operator to 2023-03-04T00:00:00+00:00, run_after=2023-03-05T00:00:00+00:00
[2023-03-05T05:35:21.432+0000] {processor.py:175} INFO - Processing /home/airflow/.local/lib/python3.7/site-packages/airflow/example_dags/example_bash_operator.py took 0.167 seconds
[2023-03-05T06:52:27.353+0000] {processor.py:153} INFO - Started process (PID=6779) to work on /home/airflow/.local/lib/python3.7/site-packages/airflow/example_dags/example_bash_operator.py
[2023-03-05T06:52:27.355+0000] {processor.py:743} INFO - Processing file /home/airflow/.local/lib/python3.7/site-packages/airflow/example_dags/example_bash_operator.py for tasks to queue
[2023-03-05T06:52:27.357+0000] {logging_mixin.py:137} INFO - [2023-03-05T06:52:27.357+0000] {dagbag.py:538} INFO - Filling up the DagBag from /home/airflow/.local/lib/python3.7/site-packages/airflow/example_dags/example_bash_operator.py
[2023-03-05T06:52:27.381+0000] {processor.py:753} INFO - DAG(s) dict_keys(['example_bash_operator']) retrieved from /home/airflow/.local/lib/python3.7/site-packages/airflow/example_dags/example_bash_operator.py
[2023-03-05T06:52:27.424+0000] {logging_mixin.py:137} INFO - [2023-03-05T06:52:27.424+0000] {dag.py:2690} INFO - Sync 1 DAGs
[2023-03-05T06:52:27.452+0000] {logging_mixin.py:137} INFO - [2023-03-05T06:52:27.451+0000] {dag.py:3441} INFO - Setting next_dagrun for example_bash_operator to 2023-03-04T00:00:00+00:00, run_after=2023-03-05T00:00:00+00:00
[2023-03-05T06:52:27.468+0000] {processor.py:175} INFO - Processing /home/airflow/.local/lib/python3.7/site-packages/airflow/example_dags/example_bash_operator.py took 0.124 seconds
[2023-03-05T08:00:55.927+0000] {processor.py:153} INFO - Started process (PID=6842) to work on /home/airflow/.local/lib/python3.7/site-packages/airflow/example_dags/example_bash_operator.py
[2023-03-05T08:00:55.930+0000] {processor.py:743} INFO - Processing file /home/airflow/.local/lib/python3.7/site-packages/airflow/example_dags/example_bash_operator.py for tasks to queue
[2023-03-05T08:00:55.930+0000] {logging_mixin.py:137} INFO - [2023-03-05T08:00:55.930+0000] {dagbag.py:538} INFO - Filling up the DagBag from /home/airflow/.local/lib/python3.7/site-packages/airflow/example_dags/example_bash_operator.py
[2023-03-05T08:00:55.959+0000] {processor.py:753} INFO - DAG(s) dict_keys(['example_bash_operator']) retrieved from /home/airflow/.local/lib/python3.7/site-packages/airflow/example_dags/example_bash_operator.py
[2023-03-05T08:00:55.988+0000] {logging_mixin.py:137} INFO - [2023-03-05T08:00:55.988+0000] {dag.py:2690} INFO - Sync 1 DAGs
[2023-03-05T08:00:56.029+0000] {logging_mixin.py:137} INFO - [2023-03-05T08:00:56.029+0000] {dag.py:3441} INFO - Setting next_dagrun for example_bash_operator to 2023-03-04T00:00:00+00:00, run_after=2023-03-05T00:00:00+00:00
[2023-03-05T08:00:56.041+0000] {processor.py:175} INFO - Processing /home/airflow/.local/lib/python3.7/site-packages/airflow/example_dags/example_bash_operator.py took 0.117 seconds
[2023-03-05T09:23:25.889+0000] {processor.py:153} INFO - Started process (PID=6905) to work on /home/airflow/.local/lib/python3.7/site-packages/airflow/example_dags/example_bash_operator.py
[2023-03-05T09:23:25.890+0000] {processor.py:743} INFO - Processing file /home/airflow/.local/lib/python3.7/site-packages/airflow/example_dags/example_bash_operator.py for tasks to queue
[2023-03-05T09:23:25.891+0000] {logging_mixin.py:137} INFO - [2023-03-05T09:23:25.891+0000] {dagbag.py:538} INFO - Filling up the DagBag from /home/airflow/.local/lib/python3.7/site-packages/airflow/example_dags/example_bash_operator.py
[2023-03-05T09:23:25.906+0000] {processor.py:753} INFO - DAG(s) dict_keys(['example_bash_operator']) retrieved from /home/airflow/.local/lib/python3.7/site-packages/airflow/example_dags/example_bash_operator.py
[2023-03-05T09:23:25.937+0000] {logging_mixin.py:137} INFO - [2023-03-05T09:23:25.937+0000] {dag.py:2690} INFO - Sync 1 DAGs
[2023-03-05T09:23:25.955+0000] {logging_mixin.py:137} INFO - [2023-03-05T09:23:25.955+0000] {dag.py:3441} INFO - Setting next_dagrun for example_bash_operator to 2023-03-04T00:00:00+00:00, run_after=2023-03-05T00:00:00+00:00
[2023-03-05T09:23:25.969+0000] {processor.py:175} INFO - Processing /home/airflow/.local/lib/python3.7/site-packages/airflow/example_dags/example_bash_operator.py took 0.084 seconds
[2023-03-05T10:39:44.751+0000] {processor.py:153} INFO - Started process (PID=6980) to work on /home/airflow/.local/lib/python3.7/site-packages/airflow/example_dags/example_bash_operator.py
[2023-03-05T10:39:44.759+0000] {processor.py:743} INFO - Processing file /home/airflow/.local/lib/python3.7/site-packages/airflow/example_dags/example_bash_operator.py for tasks to queue
[2023-03-05T10:39:44.764+0000] {logging_mixin.py:137} INFO - [2023-03-05T10:39:44.763+0000] {dagbag.py:538} INFO - Filling up the DagBag from /home/airflow/.local/lib/python3.7/site-packages/airflow/example_dags/example_bash_operator.py
[2023-03-05T10:39:44.798+0000] {processor.py:753} INFO - DAG(s) dict_keys(['example_bash_operator']) retrieved from /home/airflow/.local/lib/python3.7/site-packages/airflow/example_dags/example_bash_operator.py
[2023-03-05T10:39:44.840+0000] {logging_mixin.py:137} INFO - [2023-03-05T10:39:44.840+0000] {dag.py:2690} INFO - Sync 1 DAGs
[2023-03-05T10:39:44.858+0000] {logging_mixin.py:137} INFO - [2023-03-05T10:39:44.858+0000] {dag.py:3441} INFO - Setting next_dagrun for example_bash_operator to 2023-03-04T00:00:00+00:00, run_after=2023-03-05T00:00:00+00:00
[2023-03-05T10:39:44.871+0000] {processor.py:175} INFO - Processing /home/airflow/.local/lib/python3.7/site-packages/airflow/example_dags/example_bash_operator.py took 0.133 seconds
[2023-03-05T11:30:39.654+0000] {processor.py:153} INFO - Started process (PID=7043) to work on /home/airflow/.local/lib/python3.7/site-packages/airflow/example_dags/example_bash_operator.py
[2023-03-05T11:30:39.655+0000] {processor.py:743} INFO - Processing file /home/airflow/.local/lib/python3.7/site-packages/airflow/example_dags/example_bash_operator.py for tasks to queue
[2023-03-05T11:30:39.656+0000] {logging_mixin.py:137} INFO - [2023-03-05T11:30:39.656+0000] {dagbag.py:538} INFO - Filling up the DagBag from /home/airflow/.local/lib/python3.7/site-packages/airflow/example_dags/example_bash_operator.py
[2023-03-05T11:30:39.671+0000] {processor.py:753} INFO - DAG(s) dict_keys(['example_bash_operator']) retrieved from /home/airflow/.local/lib/python3.7/site-packages/airflow/example_dags/example_bash_operator.py
[2023-03-05T11:30:39.695+0000] {logging_mixin.py:137} INFO - [2023-03-05T11:30:39.695+0000] {dag.py:2690} INFO - Sync 1 DAGs
[2023-03-05T11:30:39.712+0000] {logging_mixin.py:137} INFO - [2023-03-05T11:30:39.712+0000] {dag.py:3441} INFO - Setting next_dagrun for example_bash_operator to 2023-03-04T00:00:00+00:00, run_after=2023-03-05T00:00:00+00:00
[2023-03-05T11:30:39.724+0000] {processor.py:175} INFO - Processing /home/airflow/.local/lib/python3.7/site-packages/airflow/example_dags/example_bash_operator.py took 0.074 seconds
[2023-03-05T12:33:55.629+0000] {processor.py:153} INFO - Started process (PID=7128) to work on /home/airflow/.local/lib/python3.7/site-packages/airflow/example_dags/example_bash_operator.py
[2023-03-05T12:33:55.678+0000] {processor.py:743} INFO - Processing file /home/airflow/.local/lib/python3.7/site-packages/airflow/example_dags/example_bash_operator.py for tasks to queue
[2023-03-05T12:33:55.691+0000] {logging_mixin.py:137} INFO - [2023-03-05T12:33:55.689+0000] {dagbag.py:538} INFO - Filling up the DagBag from /home/airflow/.local/lib/python3.7/site-packages/airflow/example_dags/example_bash_operator.py
[2023-03-05T12:33:57.253+0000] {processor.py:753} INFO - DAG(s) dict_keys(['example_bash_operator']) retrieved from /home/airflow/.local/lib/python3.7/site-packages/airflow/example_dags/example_bash_operator.py
[2023-03-05T12:33:57.799+0000] {logging_mixin.py:137} INFO - [2023-03-05T12:33:57.799+0000] {dag.py:2690} INFO - Sync 1 DAGs
[2023-03-05T12:33:57.992+0000] {logging_mixin.py:137} INFO - [2023-03-05T12:33:57.991+0000] {dag.py:3441} INFO - Setting next_dagrun for example_bash_operator to 2023-03-04T00:00:00+00:00, run_after=2023-03-05T00:00:00+00:00
[2023-03-05T12:33:58.043+0000] {processor.py:175} INFO - Processing /home/airflow/.local/lib/python3.7/site-packages/airflow/example_dags/example_bash_operator.py took 4.798 seconds
[2023-03-05T12:34:57.419+0000] {processor.py:153} INFO - Started process (PID=7197) to work on /home/airflow/.local/lib/python3.7/site-packages/airflow/example_dags/example_bash_operator.py
[2023-03-05T12:34:57.434+0000] {processor.py:743} INFO - Processing file /home/airflow/.local/lib/python3.7/site-packages/airflow/example_dags/example_bash_operator.py for tasks to queue
[2023-03-05T12:34:57.437+0000] {logging_mixin.py:137} INFO - [2023-03-05T12:34:57.437+0000] {dagbag.py:538} INFO - Filling up the DagBag from /home/airflow/.local/lib/python3.7/site-packages/airflow/example_dags/example_bash_operator.py
[2023-03-05T12:34:57.493+0000] {processor.py:753} INFO - DAG(s) dict_keys(['example_bash_operator']) retrieved from /home/airflow/.local/lib/python3.7/site-packages/airflow/example_dags/example_bash_operator.py
[2023-03-05T12:34:57.532+0000] {logging_mixin.py:137} INFO - [2023-03-05T12:34:57.532+0000] {dag.py:2690} INFO - Sync 1 DAGs
[2023-03-05T12:34:57.556+0000] {logging_mixin.py:137} INFO - [2023-03-05T12:34:57.556+0000] {dag.py:3441} INFO - Setting next_dagrun for example_bash_operator to 2023-03-04T00:00:00+00:00, run_after=2023-03-05T00:00:00+00:00
[2023-03-05T12:34:57.574+0000] {processor.py:175} INFO - Processing /home/airflow/.local/lib/python3.7/site-packages/airflow/example_dags/example_bash_operator.py took 0.170 seconds
[2023-03-05T12:35:27.686+0000] {processor.py:153} INFO - Started process (PID=7261) to work on /home/airflow/.local/lib/python3.7/site-packages/airflow/example_dags/example_bash_operator.py
[2023-03-05T12:35:27.693+0000] {processor.py:743} INFO - Processing file /home/airflow/.local/lib/python3.7/site-packages/airflow/example_dags/example_bash_operator.py for tasks to queue
[2023-03-05T12:35:27.694+0000] {logging_mixin.py:137} INFO - [2023-03-05T12:35:27.694+0000] {dagbag.py:538} INFO - Filling up the DagBag from /home/airflow/.local/lib/python3.7/site-packages/airflow/example_dags/example_bash_operator.py
[2023-03-05T12:35:27.717+0000] {processor.py:753} INFO - DAG(s) dict_keys(['example_bash_operator']) retrieved from /home/airflow/.local/lib/python3.7/site-packages/airflow/example_dags/example_bash_operator.py
[2023-03-05T12:35:27.767+0000] {logging_mixin.py:137} INFO - [2023-03-05T12:35:27.767+0000] {dag.py:2690} INFO - Sync 1 DAGs
[2023-03-05T12:35:27.792+0000] {logging_mixin.py:137} INFO - [2023-03-05T12:35:27.792+0000] {dag.py:3441} INFO - Setting next_dagrun for example_bash_operator to 2023-03-04T00:00:00+00:00, run_after=2023-03-05T00:00:00+00:00
[2023-03-05T12:35:27.825+0000] {processor.py:175} INFO - Processing /home/airflow/.local/lib/python3.7/site-packages/airflow/example_dags/example_bash_operator.py took 0.144 seconds
[2023-03-05T12:35:58.444+0000] {processor.py:153} INFO - Started process (PID=7324) to work on /home/airflow/.local/lib/python3.7/site-packages/airflow/example_dags/example_bash_operator.py
[2023-03-05T12:35:58.445+0000] {processor.py:743} INFO - Processing file /home/airflow/.local/lib/python3.7/site-packages/airflow/example_dags/example_bash_operator.py for tasks to queue
[2023-03-05T12:35:58.446+0000] {logging_mixin.py:137} INFO - [2023-03-05T12:35:58.446+0000] {dagbag.py:538} INFO - Filling up the DagBag from /home/airflow/.local/lib/python3.7/site-packages/airflow/example_dags/example_bash_operator.py
[2023-03-05T12:35:58.471+0000] {processor.py:753} INFO - DAG(s) dict_keys(['example_bash_operator']) retrieved from /home/airflow/.local/lib/python3.7/site-packages/airflow/example_dags/example_bash_operator.py
[2023-03-05T12:35:58.511+0000] {logging_mixin.py:137} INFO - [2023-03-05T12:35:58.511+0000] {dag.py:2690} INFO - Sync 1 DAGs
[2023-03-05T12:35:58.536+0000] {logging_mixin.py:137} INFO - [2023-03-05T12:35:58.536+0000] {dag.py:3441} INFO - Setting next_dagrun for example_bash_operator to 2023-03-04T00:00:00+00:00, run_after=2023-03-05T00:00:00+00:00
[2023-03-05T12:35:58.549+0000] {processor.py:175} INFO - Processing /home/airflow/.local/lib/python3.7/site-packages/airflow/example_dags/example_bash_operator.py took 0.109 seconds
[2023-03-05T12:36:28.674+0000] {processor.py:153} INFO - Started process (PID=7387) to work on /home/airflow/.local/lib/python3.7/site-packages/airflow/example_dags/example_bash_operator.py
[2023-03-05T12:36:28.676+0000] {processor.py:743} INFO - Processing file /home/airflow/.local/lib/python3.7/site-packages/airflow/example_dags/example_bash_operator.py for tasks to queue
[2023-03-05T12:36:28.677+0000] {logging_mixin.py:137} INFO - [2023-03-05T12:36:28.676+0000] {dagbag.py:538} INFO - Filling up the DagBag from /home/airflow/.local/lib/python3.7/site-packages/airflow/example_dags/example_bash_operator.py
[2023-03-05T12:36:28.696+0000] {processor.py:753} INFO - DAG(s) dict_keys(['example_bash_operator']) retrieved from /home/airflow/.local/lib/python3.7/site-packages/airflow/example_dags/example_bash_operator.py
[2023-03-05T12:36:28.721+0000] {logging_mixin.py:137} INFO - [2023-03-05T12:36:28.721+0000] {dag.py:2690} INFO - Sync 1 DAGs
[2023-03-05T12:36:28.738+0000] {logging_mixin.py:137} INFO - [2023-03-05T12:36:28.738+0000] {dag.py:3441} INFO - Setting next_dagrun for example_bash_operator to 2023-03-04T00:00:00+00:00, run_after=2023-03-05T00:00:00+00:00
[2023-03-05T12:36:28.749+0000] {processor.py:175} INFO - Processing /home/airflow/.local/lib/python3.7/site-packages/airflow/example_dags/example_bash_operator.py took 0.077 seconds
[2023-03-05T12:36:59.346+0000] {processor.py:153} INFO - Started process (PID=7449) to work on /home/airflow/.local/lib/python3.7/site-packages/airflow/example_dags/example_bash_operator.py
[2023-03-05T12:36:59.348+0000] {processor.py:743} INFO - Processing file /home/airflow/.local/lib/python3.7/site-packages/airflow/example_dags/example_bash_operator.py for tasks to queue
[2023-03-05T12:36:59.349+0000] {logging_mixin.py:137} INFO - [2023-03-05T12:36:59.349+0000] {dagbag.py:538} INFO - Filling up the DagBag from /home/airflow/.local/lib/python3.7/site-packages/airflow/example_dags/example_bash_operator.py
[2023-03-05T12:36:59.373+0000] {processor.py:753} INFO - DAG(s) dict_keys(['example_bash_operator']) retrieved from /home/airflow/.local/lib/python3.7/site-packages/airflow/example_dags/example_bash_operator.py
[2023-03-05T12:36:59.407+0000] {logging_mixin.py:137} INFO - [2023-03-05T12:36:59.407+0000] {dag.py:2690} INFO - Sync 1 DAGs
[2023-03-05T12:36:59.431+0000] {logging_mixin.py:137} INFO - [2023-03-05T12:36:59.431+0000] {dag.py:3441} INFO - Setting next_dagrun for example_bash_operator to 2023-03-04T00:00:00+00:00, run_after=2023-03-05T00:00:00+00:00
[2023-03-05T12:36:59.446+0000] {processor.py:175} INFO - Processing /home/airflow/.local/lib/python3.7/site-packages/airflow/example_dags/example_bash_operator.py took 0.104 seconds
[2023-03-05T12:37:30.715+0000] {processor.py:153} INFO - Started process (PID=7525) to work on /home/airflow/.local/lib/python3.7/site-packages/airflow/example_dags/example_bash_operator.py
[2023-03-05T12:37:30.716+0000] {processor.py:743} INFO - Processing file /home/airflow/.local/lib/python3.7/site-packages/airflow/example_dags/example_bash_operator.py for tasks to queue
[2023-03-05T12:37:30.718+0000] {logging_mixin.py:137} INFO - [2023-03-05T12:37:30.717+0000] {dagbag.py:538} INFO - Filling up the DagBag from /home/airflow/.local/lib/python3.7/site-packages/airflow/example_dags/example_bash_operator.py
[2023-03-05T12:37:30.780+0000] {processor.py:753} INFO - DAG(s) dict_keys(['example_bash_operator']) retrieved from /home/airflow/.local/lib/python3.7/site-packages/airflow/example_dags/example_bash_operator.py
[2023-03-05T12:37:30.845+0000] {logging_mixin.py:137} INFO - [2023-03-05T12:37:30.844+0000] {dag.py:2690} INFO - Sync 1 DAGs
[2023-03-05T12:37:30.895+0000] {logging_mixin.py:137} INFO - [2023-03-05T12:37:30.894+0000] {dag.py:3441} INFO - Setting next_dagrun for example_bash_operator to 2023-03-04T00:00:00+00:00, run_after=2023-03-05T00:00:00+00:00
[2023-03-05T12:37:30.953+0000] {processor.py:175} INFO - Processing /home/airflow/.local/lib/python3.7/site-packages/airflow/example_dags/example_bash_operator.py took 0.242 seconds
[2023-03-05T12:38:02.632+0000] {processor.py:153} INFO - Started process (PID=7591) to work on /home/airflow/.local/lib/python3.7/site-packages/airflow/example_dags/example_bash_operator.py
[2023-03-05T12:38:02.636+0000] {processor.py:743} INFO - Processing file /home/airflow/.local/lib/python3.7/site-packages/airflow/example_dags/example_bash_operator.py for tasks to queue
[2023-03-05T12:38:02.638+0000] {logging_mixin.py:137} INFO - [2023-03-05T12:38:02.638+0000] {dagbag.py:538} INFO - Filling up the DagBag from /home/airflow/.local/lib/python3.7/site-packages/airflow/example_dags/example_bash_operator.py
[2023-03-05T12:38:02.677+0000] {processor.py:753} INFO - DAG(s) dict_keys(['example_bash_operator']) retrieved from /home/airflow/.local/lib/python3.7/site-packages/airflow/example_dags/example_bash_operator.py
[2023-03-05T12:38:02.780+0000] {logging_mixin.py:137} INFO - [2023-03-05T12:38:02.780+0000] {dag.py:2690} INFO - Sync 1 DAGs
[2023-03-05T12:38:02.845+0000] {logging_mixin.py:137} INFO - [2023-03-05T12:38:02.844+0000] {dag.py:3441} INFO - Setting next_dagrun for example_bash_operator to 2023-03-04T00:00:00+00:00, run_after=2023-03-05T00:00:00+00:00
[2023-03-05T12:38:02.917+0000] {processor.py:175} INFO - Processing /home/airflow/.local/lib/python3.7/site-packages/airflow/example_dags/example_bash_operator.py took 0.291 seconds
[2023-03-05T12:38:33.664+0000] {processor.py:153} INFO - Started process (PID=7661) to work on /home/airflow/.local/lib/python3.7/site-packages/airflow/example_dags/example_bash_operator.py
[2023-03-05T12:38:33.667+0000] {processor.py:743} INFO - Processing file /home/airflow/.local/lib/python3.7/site-packages/airflow/example_dags/example_bash_operator.py for tasks to queue
[2023-03-05T12:38:33.670+0000] {logging_mixin.py:137} INFO - [2023-03-05T12:38:33.669+0000] {dagbag.py:538} INFO - Filling up the DagBag from /home/airflow/.local/lib/python3.7/site-packages/airflow/example_dags/example_bash_operator.py
[2023-03-05T12:38:33.766+0000] {processor.py:753} INFO - DAG(s) dict_keys(['example_bash_operator']) retrieved from /home/airflow/.local/lib/python3.7/site-packages/airflow/example_dags/example_bash_operator.py
[2023-03-05T12:38:33.838+0000] {logging_mixin.py:137} INFO - [2023-03-05T12:38:33.838+0000] {dag.py:2690} INFO - Sync 1 DAGs
[2023-03-05T12:38:33.893+0000] {logging_mixin.py:137} INFO - [2023-03-05T12:38:33.893+0000] {dag.py:3441} INFO - Setting next_dagrun for example_bash_operator to 2023-03-04T00:00:00+00:00, run_after=2023-03-05T00:00:00+00:00
[2023-03-05T12:38:33.924+0000] {processor.py:175} INFO - Processing /home/airflow/.local/lib/python3.7/site-packages/airflow/example_dags/example_bash_operator.py took 0.267 seconds
[2023-03-05T12:39:04.538+0000] {processor.py:153} INFO - Started process (PID=7717) to work on /home/airflow/.local/lib/python3.7/site-packages/airflow/example_dags/example_bash_operator.py
[2023-03-05T12:39:04.540+0000] {processor.py:743} INFO - Processing file /home/airflow/.local/lib/python3.7/site-packages/airflow/example_dags/example_bash_operator.py for tasks to queue
[2023-03-05T12:39:04.541+0000] {logging_mixin.py:137} INFO - [2023-03-05T12:39:04.541+0000] {dagbag.py:538} INFO - Filling up the DagBag from /home/airflow/.local/lib/python3.7/site-packages/airflow/example_dags/example_bash_operator.py
[2023-03-05T12:39:04.561+0000] {processor.py:753} INFO - DAG(s) dict_keys(['example_bash_operator']) retrieved from /home/airflow/.local/lib/python3.7/site-packages/airflow/example_dags/example_bash_operator.py
[2023-03-05T12:39:04.588+0000] {logging_mixin.py:137} INFO - [2023-03-05T12:39:04.588+0000] {dag.py:2690} INFO - Sync 1 DAGs
[2023-03-05T12:39:04.607+0000] {logging_mixin.py:137} INFO - [2023-03-05T12:39:04.607+0000] {dag.py:3441} INFO - Setting next_dagrun for example_bash_operator to 2023-03-04T00:00:00+00:00, run_after=2023-03-05T00:00:00+00:00
[2023-03-05T12:39:04.622+0000] {processor.py:175} INFO - Processing /home/airflow/.local/lib/python3.7/site-packages/airflow/example_dags/example_bash_operator.py took 0.088 seconds
[2023-03-05T12:39:36.980+0000] {processor.py:153} INFO - Started process (PID=7790) to work on /home/airflow/.local/lib/python3.7/site-packages/airflow/example_dags/example_bash_operator.py
[2023-03-05T12:39:36.998+0000] {processor.py:743} INFO - Processing file /home/airflow/.local/lib/python3.7/site-packages/airflow/example_dags/example_bash_operator.py for tasks to queue
[2023-03-05T12:39:37.007+0000] {logging_mixin.py:137} INFO - [2023-03-05T12:39:37.004+0000] {dagbag.py:538} INFO - Filling up the DagBag from /home/airflow/.local/lib/python3.7/site-packages/airflow/example_dags/example_bash_operator.py
[2023-03-05T12:39:37.154+0000] {processor.py:753} INFO - DAG(s) dict_keys(['example_bash_operator']) retrieved from /home/airflow/.local/lib/python3.7/site-packages/airflow/example_dags/example_bash_operator.py
[2023-03-05T12:39:37.352+0000] {logging_mixin.py:137} INFO - [2023-03-05T12:39:37.352+0000] {dag.py:2690} INFO - Sync 1 DAGs
[2023-03-05T12:39:37.384+0000] {logging_mixin.py:137} INFO - [2023-03-05T12:39:37.384+0000] {dag.py:3441} INFO - Setting next_dagrun for example_bash_operator to 2023-03-04T00:00:00+00:00, run_after=2023-03-05T00:00:00+00:00
[2023-03-05T12:39:37.421+0000] {processor.py:175} INFO - Processing /home/airflow/.local/lib/python3.7/site-packages/airflow/example_dags/example_bash_operator.py took 0.491 seconds
[2023-03-05T12:40:07.878+0000] {processor.py:153} INFO - Started process (PID=7852) to work on /home/airflow/.local/lib/python3.7/site-packages/airflow/example_dags/example_bash_operator.py
[2023-03-05T12:40:07.880+0000] {processor.py:743} INFO - Processing file /home/airflow/.local/lib/python3.7/site-packages/airflow/example_dags/example_bash_operator.py for tasks to queue
[2023-03-05T12:40:07.881+0000] {logging_mixin.py:137} INFO - [2023-03-05T12:40:07.881+0000] {dagbag.py:538} INFO - Filling up the DagBag from /home/airflow/.local/lib/python3.7/site-packages/airflow/example_dags/example_bash_operator.py
[2023-03-05T12:40:07.916+0000] {processor.py:753} INFO - DAG(s) dict_keys(['example_bash_operator']) retrieved from /home/airflow/.local/lib/python3.7/site-packages/airflow/example_dags/example_bash_operator.py
[2023-03-05T12:40:07.957+0000] {logging_mixin.py:137} INFO - [2023-03-05T12:40:07.956+0000] {dag.py:2690} INFO - Sync 1 DAGs
[2023-03-05T12:40:07.992+0000] {logging_mixin.py:137} INFO - [2023-03-05T12:40:07.991+0000] {dag.py:3441} INFO - Setting next_dagrun for example_bash_operator to 2023-03-04T00:00:00+00:00, run_after=2023-03-05T00:00:00+00:00
[2023-03-05T12:40:08.013+0000] {processor.py:175} INFO - Processing /home/airflow/.local/lib/python3.7/site-packages/airflow/example_dags/example_bash_operator.py took 0.140 seconds
