[2023-03-05T00:38:21.512+0000] {processor.py:153} INFO - Started process (PID=6456) to work on /home/airflow/.local/lib/python3.7/site-packages/airflow/example_dags/tutorial.py
[2023-03-05T00:38:21.518+0000] {processor.py:743} INFO - Processing file /home/airflow/.local/lib/python3.7/site-packages/airflow/example_dags/tutorial.py for tasks to queue
[2023-03-05T00:38:21.523+0000] {logging_mixin.py:137} INFO - [2023-03-05T00:38:21.522+0000] {dagbag.py:538} INFO - Filling up the DagBag from /home/airflow/.local/lib/python3.7/site-packages/airflow/example_dags/tutorial.py
[2023-03-05T00:38:22.316+0000] {processor.py:753} INFO - DAG(s) dict_keys(['tutorial']) retrieved from /home/airflow/.local/lib/python3.7/site-packages/airflow/example_dags/tutorial.py
[2023-03-05T00:38:22.553+0000] {logging_mixin.py:137} INFO - [2023-03-05T00:38:22.553+0000] {dag.py:2690} INFO - Sync 1 DAGs
[2023-03-05T00:38:22.617+0000] {logging_mixin.py:137} INFO - [2023-03-05T00:38:22.616+0000] {dag.py:3441} INFO - Setting next_dagrun for tutorial to 2023-03-04T00:38:22.616259+00:00, run_after=2023-03-05T00:38:22.616259+00:00
[2023-03-05T00:38:22.672+0000] {processor.py:175} INFO - Processing /home/airflow/.local/lib/python3.7/site-packages/airflow/example_dags/tutorial.py took 1.170 seconds
[2023-03-05T01:37:00.880+0000] {processor.py:153} INFO - Started process (PID=6519) to work on /home/airflow/.local/lib/python3.7/site-packages/airflow/example_dags/tutorial.py
[2023-03-05T01:37:00.882+0000] {processor.py:743} INFO - Processing file /home/airflow/.local/lib/python3.7/site-packages/airflow/example_dags/tutorial.py for tasks to queue
[2023-03-05T01:37:00.883+0000] {logging_mixin.py:137} INFO - [2023-03-05T01:37:00.883+0000] {dagbag.py:538} INFO - Filling up the DagBag from /home/airflow/.local/lib/python3.7/site-packages/airflow/example_dags/tutorial.py
[2023-03-05T01:37:00.902+0000] {processor.py:753} INFO - DAG(s) dict_keys(['tutorial']) retrieved from /home/airflow/.local/lib/python3.7/site-packages/airflow/example_dags/tutorial.py
[2023-03-05T01:37:00.936+0000] {logging_mixin.py:137} INFO - [2023-03-05T01:37:00.935+0000] {dag.py:2690} INFO - Sync 1 DAGs
[2023-03-05T01:37:00.958+0000] {logging_mixin.py:137} INFO - [2023-03-05T01:37:00.957+0000] {dag.py:3441} INFO - Setting next_dagrun for tutorial to 2023-03-04T01:37:00.957539+00:00, run_after=2023-03-05T01:37:00.957539+00:00
[2023-03-05T01:37:00.982+0000] {processor.py:175} INFO - Processing /home/airflow/.local/lib/python3.7/site-packages/airflow/example_dags/tutorial.py took 0.106 seconds
[2023-03-05T02:44:38.061+0000] {processor.py:153} INFO - Started process (PID=6582) to work on /home/airflow/.local/lib/python3.7/site-packages/airflow/example_dags/tutorial.py
[2023-03-05T02:44:38.062+0000] {processor.py:743} INFO - Processing file /home/airflow/.local/lib/python3.7/site-packages/airflow/example_dags/tutorial.py for tasks to queue
[2023-03-05T02:44:38.063+0000] {logging_mixin.py:137} INFO - [2023-03-05T02:44:38.063+0000] {dagbag.py:538} INFO - Filling up the DagBag from /home/airflow/.local/lib/python3.7/site-packages/airflow/example_dags/tutorial.py
[2023-03-05T02:44:38.078+0000] {processor.py:753} INFO - DAG(s) dict_keys(['tutorial']) retrieved from /home/airflow/.local/lib/python3.7/site-packages/airflow/example_dags/tutorial.py
[2023-03-05T02:44:38.107+0000] {logging_mixin.py:137} INFO - [2023-03-05T02:44:38.106+0000] {dag.py:2690} INFO - Sync 1 DAGs
[2023-03-05T02:44:38.131+0000] {logging_mixin.py:137} INFO - [2023-03-05T02:44:38.131+0000] {dag.py:3441} INFO - Setting next_dagrun for tutorial to 2023-03-04T02:44:38.131209+00:00, run_after=2023-03-05T02:44:38.131209+00:00
[2023-03-05T02:44:38.151+0000] {processor.py:175} INFO - Processing /home/airflow/.local/lib/python3.7/site-packages/airflow/example_dags/tutorial.py took 0.092 seconds
[2023-03-05T03:59:40.426+0000] {processor.py:153} INFO - Started process (PID=6645) to work on /home/airflow/.local/lib/python3.7/site-packages/airflow/example_dags/tutorial.py
[2023-03-05T03:59:40.427+0000] {processor.py:743} INFO - Processing file /home/airflow/.local/lib/python3.7/site-packages/airflow/example_dags/tutorial.py for tasks to queue
[2023-03-05T03:59:40.428+0000] {logging_mixin.py:137} INFO - [2023-03-05T03:59:40.428+0000] {dagbag.py:538} INFO - Filling up the DagBag from /home/airflow/.local/lib/python3.7/site-packages/airflow/example_dags/tutorial.py
[2023-03-05T03:59:40.441+0000] {processor.py:753} INFO - DAG(s) dict_keys(['tutorial']) retrieved from /home/airflow/.local/lib/python3.7/site-packages/airflow/example_dags/tutorial.py
[2023-03-05T03:59:40.463+0000] {logging_mixin.py:137} INFO - [2023-03-05T03:59:40.463+0000] {dag.py:2690} INFO - Sync 1 DAGs
[2023-03-05T03:59:40.479+0000] {logging_mixin.py:137} INFO - [2023-03-05T03:59:40.479+0000] {dag.py:3441} INFO - Setting next_dagrun for tutorial to 2023-03-04T03:59:40.479466+00:00, run_after=2023-03-05T03:59:40.479466+00:00
[2023-03-05T03:59:40.490+0000] {processor.py:175} INFO - Processing /home/airflow/.local/lib/python3.7/site-packages/airflow/example_dags/tutorial.py took 0.068 seconds
[2023-03-05T05:35:21.735+0000] {processor.py:153} INFO - Started process (PID=6720) to work on /home/airflow/.local/lib/python3.7/site-packages/airflow/example_dags/tutorial.py
[2023-03-05T05:35:21.738+0000] {processor.py:743} INFO - Processing file /home/airflow/.local/lib/python3.7/site-packages/airflow/example_dags/tutorial.py for tasks to queue
[2023-03-05T05:35:21.741+0000] {logging_mixin.py:137} INFO - [2023-03-05T05:35:21.741+0000] {dagbag.py:538} INFO - Filling up the DagBag from /home/airflow/.local/lib/python3.7/site-packages/airflow/example_dags/tutorial.py
[2023-03-05T05:35:21.778+0000] {processor.py:753} INFO - DAG(s) dict_keys(['tutorial']) retrieved from /home/airflow/.local/lib/python3.7/site-packages/airflow/example_dags/tutorial.py
[2023-03-05T05:35:21.823+0000] {logging_mixin.py:137} INFO - [2023-03-05T05:35:21.823+0000] {dag.py:2690} INFO - Sync 1 DAGs
[2023-03-05T05:35:21.855+0000] {logging_mixin.py:137} INFO - [2023-03-05T05:35:21.855+0000] {dag.py:3441} INFO - Setting next_dagrun for tutorial to 2023-03-04T05:35:21.855169+00:00, run_after=2023-03-05T05:35:21.855169+00:00
[2023-03-05T05:35:21.892+0000] {processor.py:175} INFO - Processing /home/airflow/.local/lib/python3.7/site-packages/airflow/example_dags/tutorial.py took 0.160 seconds
[2023-03-05T06:52:27.684+0000] {processor.py:153} INFO - Started process (PID=6783) to work on /home/airflow/.local/lib/python3.7/site-packages/airflow/example_dags/tutorial.py
[2023-03-05T06:52:27.686+0000] {processor.py:743} INFO - Processing file /home/airflow/.local/lib/python3.7/site-packages/airflow/example_dags/tutorial.py for tasks to queue
[2023-03-05T06:52:27.688+0000] {logging_mixin.py:137} INFO - [2023-03-05T06:52:27.687+0000] {dagbag.py:538} INFO - Filling up the DagBag from /home/airflow/.local/lib/python3.7/site-packages/airflow/example_dags/tutorial.py
[2023-03-05T06:52:27.705+0000] {processor.py:753} INFO - DAG(s) dict_keys(['tutorial']) retrieved from /home/airflow/.local/lib/python3.7/site-packages/airflow/example_dags/tutorial.py
[2023-03-05T06:52:27.756+0000] {logging_mixin.py:137} INFO - [2023-03-05T06:52:27.755+0000] {dag.py:2690} INFO - Sync 1 DAGs
[2023-03-05T06:52:27.789+0000] {logging_mixin.py:137} INFO - [2023-03-05T06:52:27.789+0000] {dag.py:3441} INFO - Setting next_dagrun for tutorial to 2023-03-04T06:52:27.788977+00:00, run_after=2023-03-05T06:52:27.788977+00:00
[2023-03-05T06:52:27.817+0000] {processor.py:175} INFO - Processing /home/airflow/.local/lib/python3.7/site-packages/airflow/example_dags/tutorial.py took 0.138 seconds
[2023-03-05T08:00:56.167+0000] {processor.py:153} INFO - Started process (PID=6846) to work on /home/airflow/.local/lib/python3.7/site-packages/airflow/example_dags/tutorial.py
[2023-03-05T08:00:56.168+0000] {processor.py:743} INFO - Processing file /home/airflow/.local/lib/python3.7/site-packages/airflow/example_dags/tutorial.py for tasks to queue
[2023-03-05T08:00:56.169+0000] {logging_mixin.py:137} INFO - [2023-03-05T08:00:56.169+0000] {dagbag.py:538} INFO - Filling up the DagBag from /home/airflow/.local/lib/python3.7/site-packages/airflow/example_dags/tutorial.py
[2023-03-05T08:00:56.181+0000] {processor.py:753} INFO - DAG(s) dict_keys(['tutorial']) retrieved from /home/airflow/.local/lib/python3.7/site-packages/airflow/example_dags/tutorial.py
[2023-03-05T08:00:56.201+0000] {logging_mixin.py:137} INFO - [2023-03-05T08:00:56.200+0000] {dag.py:2690} INFO - Sync 1 DAGs
[2023-03-05T08:00:56.218+0000] {logging_mixin.py:137} INFO - [2023-03-05T08:00:56.218+0000] {dag.py:3441} INFO - Setting next_dagrun for tutorial to 2023-03-04T08:00:56.218168+00:00, run_after=2023-03-05T08:00:56.218168+00:00
[2023-03-05T08:00:56.236+0000] {processor.py:175} INFO - Processing /home/airflow/.local/lib/python3.7/site-packages/airflow/example_dags/tutorial.py took 0.072 seconds
[2023-03-05T09:23:26.137+0000] {processor.py:153} INFO - Started process (PID=6909) to work on /home/airflow/.local/lib/python3.7/site-packages/airflow/example_dags/tutorial.py
[2023-03-05T09:23:26.139+0000] {processor.py:743} INFO - Processing file /home/airflow/.local/lib/python3.7/site-packages/airflow/example_dags/tutorial.py for tasks to queue
[2023-03-05T09:23:26.139+0000] {logging_mixin.py:137} INFO - [2023-03-05T09:23:26.139+0000] {dagbag.py:538} INFO - Filling up the DagBag from /home/airflow/.local/lib/python3.7/site-packages/airflow/example_dags/tutorial.py
[2023-03-05T09:23:26.150+0000] {processor.py:753} INFO - DAG(s) dict_keys(['tutorial']) retrieved from /home/airflow/.local/lib/python3.7/site-packages/airflow/example_dags/tutorial.py
[2023-03-05T09:23:26.172+0000] {logging_mixin.py:137} INFO - [2023-03-05T09:23:26.172+0000] {dag.py:2690} INFO - Sync 1 DAGs
[2023-03-05T09:23:26.188+0000] {logging_mixin.py:137} INFO - [2023-03-05T09:23:26.188+0000] {dag.py:3441} INFO - Setting next_dagrun for tutorial to 2023-03-04T09:23:26.188660+00:00, run_after=2023-03-05T09:23:26.188660+00:00
[2023-03-05T09:23:26.199+0000] {processor.py:175} INFO - Processing /home/airflow/.local/lib/python3.7/site-packages/airflow/example_dags/tutorial.py took 0.065 seconds
[2023-03-05T10:39:45.046+0000] {processor.py:153} INFO - Started process (PID=6984) to work on /home/airflow/.local/lib/python3.7/site-packages/airflow/example_dags/tutorial.py
[2023-03-05T10:39:45.047+0000] {processor.py:743} INFO - Processing file /home/airflow/.local/lib/python3.7/site-packages/airflow/example_dags/tutorial.py for tasks to queue
[2023-03-05T10:39:45.048+0000] {logging_mixin.py:137} INFO - [2023-03-05T10:39:45.048+0000] {dagbag.py:538} INFO - Filling up the DagBag from /home/airflow/.local/lib/python3.7/site-packages/airflow/example_dags/tutorial.py
[2023-03-05T10:39:45.062+0000] {processor.py:753} INFO - DAG(s) dict_keys(['tutorial']) retrieved from /home/airflow/.local/lib/python3.7/site-packages/airflow/example_dags/tutorial.py
[2023-03-05T10:39:45.083+0000] {logging_mixin.py:137} INFO - [2023-03-05T10:39:45.083+0000] {dag.py:2690} INFO - Sync 1 DAGs
[2023-03-05T10:39:45.101+0000] {logging_mixin.py:137} INFO - [2023-03-05T10:39:45.101+0000] {dag.py:3441} INFO - Setting next_dagrun for tutorial to 2023-03-04T10:39:45.101420+00:00, run_after=2023-03-05T10:39:45.101420+00:00
[2023-03-05T10:39:45.114+0000] {processor.py:175} INFO - Processing /home/airflow/.local/lib/python3.7/site-packages/airflow/example_dags/tutorial.py took 0.072 seconds
[2023-03-05T11:30:39.847+0000] {processor.py:153} INFO - Started process (PID=7047) to work on /home/airflow/.local/lib/python3.7/site-packages/airflow/example_dags/tutorial.py
[2023-03-05T11:30:39.848+0000] {processor.py:743} INFO - Processing file /home/airflow/.local/lib/python3.7/site-packages/airflow/example_dags/tutorial.py for tasks to queue
[2023-03-05T11:30:39.849+0000] {logging_mixin.py:137} INFO - [2023-03-05T11:30:39.849+0000] {dagbag.py:538} INFO - Filling up the DagBag from /home/airflow/.local/lib/python3.7/site-packages/airflow/example_dags/tutorial.py
[2023-03-05T11:30:39.860+0000] {processor.py:753} INFO - DAG(s) dict_keys(['tutorial']) retrieved from /home/airflow/.local/lib/python3.7/site-packages/airflow/example_dags/tutorial.py
[2023-03-05T11:30:39.879+0000] {logging_mixin.py:137} INFO - [2023-03-05T11:30:39.879+0000] {dag.py:2690} INFO - Sync 1 DAGs
[2023-03-05T11:30:39.895+0000] {logging_mixin.py:137} INFO - [2023-03-05T11:30:39.895+0000] {dag.py:3441} INFO - Setting next_dagrun for tutorial to 2023-03-04T11:30:39.895245+00:00, run_after=2023-03-05T11:30:39.895245+00:00
[2023-03-05T11:30:39.915+0000] {processor.py:175} INFO - Processing /home/airflow/.local/lib/python3.7/site-packages/airflow/example_dags/tutorial.py took 0.071 seconds
[2023-03-05T12:34:01.418+0000] {processor.py:153} INFO - Started process (PID=7141) to work on /home/airflow/.local/lib/python3.7/site-packages/airflow/example_dags/tutorial.py
[2023-03-05T12:34:01.447+0000] {processor.py:743} INFO - Processing file /home/airflow/.local/lib/python3.7/site-packages/airflow/example_dags/tutorial.py for tasks to queue
[2023-03-05T12:34:01.475+0000] {logging_mixin.py:137} INFO - [2023-03-05T12:34:01.454+0000] {dagbag.py:538} INFO - Filling up the DagBag from /home/airflow/.local/lib/python3.7/site-packages/airflow/example_dags/tutorial.py
[2023-03-05T12:34:01.745+0000] {processor.py:753} INFO - DAG(s) dict_keys(['tutorial']) retrieved from /home/airflow/.local/lib/python3.7/site-packages/airflow/example_dags/tutorial.py
[2023-03-05T12:34:02.887+0000] {logging_mixin.py:137} INFO - [2023-03-05T12:34:02.590+0000] {dag.py:2690} INFO - Sync 1 DAGs
[2023-03-05T12:34:04.107+0000] {logging_mixin.py:137} INFO - [2023-03-05T12:34:04.093+0000] {dag.py:3441} INFO - Setting next_dagrun for tutorial to 2023-03-04T12:34:04.078909+00:00, run_after=2023-03-05T12:34:04.078909+00:00
[2023-03-05T12:34:04.476+0000] {processor.py:175} INFO - Processing /home/airflow/.local/lib/python3.7/site-packages/airflow/example_dags/tutorial.py took 3.143 seconds
[2023-03-05T12:34:57.726+0000] {processor.py:153} INFO - Started process (PID=7201) to work on /home/airflow/.local/lib/python3.7/site-packages/airflow/example_dags/tutorial.py
[2023-03-05T12:34:57.727+0000] {processor.py:743} INFO - Processing file /home/airflow/.local/lib/python3.7/site-packages/airflow/example_dags/tutorial.py for tasks to queue
[2023-03-05T12:34:57.728+0000] {logging_mixin.py:137} INFO - [2023-03-05T12:34:57.728+0000] {dagbag.py:538} INFO - Filling up the DagBag from /home/airflow/.local/lib/python3.7/site-packages/airflow/example_dags/tutorial.py
[2023-03-05T12:34:57.741+0000] {processor.py:753} INFO - DAG(s) dict_keys(['tutorial']) retrieved from /home/airflow/.local/lib/python3.7/site-packages/airflow/example_dags/tutorial.py
[2023-03-05T12:34:57.765+0000] {logging_mixin.py:137} INFO - [2023-03-05T12:34:57.764+0000] {dag.py:2690} INFO - Sync 1 DAGs
[2023-03-05T12:34:57.849+0000] {logging_mixin.py:137} INFO - [2023-03-05T12:34:57.848+0000] {dag.py:3441} INFO - Setting next_dagrun for tutorial to 2023-03-04T12:34:57.848077+00:00, run_after=2023-03-05T12:34:57.848077+00:00
[2023-03-05T12:34:57.888+0000] {processor.py:175} INFO - Processing /home/airflow/.local/lib/python3.7/site-packages/airflow/example_dags/tutorial.py took 0.166 seconds
[2023-03-05T12:35:27.995+0000] {processor.py:153} INFO - Started process (PID=7264) to work on /home/airflow/.local/lib/python3.7/site-packages/airflow/example_dags/tutorial.py
[2023-03-05T12:35:27.997+0000] {processor.py:743} INFO - Processing file /home/airflow/.local/lib/python3.7/site-packages/airflow/example_dags/tutorial.py for tasks to queue
[2023-03-05T12:35:27.998+0000] {logging_mixin.py:137} INFO - [2023-03-05T12:35:27.998+0000] {dagbag.py:538} INFO - Filling up the DagBag from /home/airflow/.local/lib/python3.7/site-packages/airflow/example_dags/tutorial.py
[2023-03-05T12:35:28.020+0000] {processor.py:753} INFO - DAG(s) dict_keys(['tutorial']) retrieved from /home/airflow/.local/lib/python3.7/site-packages/airflow/example_dags/tutorial.py
[2023-03-05T12:35:28.046+0000] {logging_mixin.py:137} INFO - [2023-03-05T12:35:28.046+0000] {dag.py:2690} INFO - Sync 1 DAGs
[2023-03-05T12:35:28.063+0000] {logging_mixin.py:137} INFO - [2023-03-05T12:35:28.063+0000] {dag.py:3441} INFO - Setting next_dagrun for tutorial to 2023-03-04T12:35:28.063192+00:00, run_after=2023-03-05T12:35:28.063192+00:00
[2023-03-05T12:35:28.080+0000] {processor.py:175} INFO - Processing /home/airflow/.local/lib/python3.7/site-packages/airflow/example_dags/tutorial.py took 0.088 seconds
[2023-03-05T12:35:58.714+0000] {processor.py:153} INFO - Started process (PID=7327) to work on /home/airflow/.local/lib/python3.7/site-packages/airflow/example_dags/tutorial.py
[2023-03-05T12:35:58.715+0000] {processor.py:743} INFO - Processing file /home/airflow/.local/lib/python3.7/site-packages/airflow/example_dags/tutorial.py for tasks to queue
[2023-03-05T12:35:58.716+0000] {logging_mixin.py:137} INFO - [2023-03-05T12:35:58.716+0000] {dagbag.py:538} INFO - Filling up the DagBag from /home/airflow/.local/lib/python3.7/site-packages/airflow/example_dags/tutorial.py
[2023-03-05T12:35:58.735+0000] {processor.py:753} INFO - DAG(s) dict_keys(['tutorial']) retrieved from /home/airflow/.local/lib/python3.7/site-packages/airflow/example_dags/tutorial.py
[2023-03-05T12:35:58.759+0000] {logging_mixin.py:137} INFO - [2023-03-05T12:35:58.759+0000] {dag.py:2690} INFO - Sync 1 DAGs
[2023-03-05T12:35:58.777+0000] {logging_mixin.py:137} INFO - [2023-03-05T12:35:58.777+0000] {dag.py:3441} INFO - Setting next_dagrun for tutorial to 2023-03-04T12:35:58.777498+00:00, run_after=2023-03-05T12:35:58.777498+00:00
[2023-03-05T12:35:58.790+0000] {processor.py:175} INFO - Processing /home/airflow/.local/lib/python3.7/site-packages/airflow/example_dags/tutorial.py took 0.079 seconds
[2023-03-05T12:36:29.002+0000] {processor.py:153} INFO - Started process (PID=7391) to work on /home/airflow/.local/lib/python3.7/site-packages/airflow/example_dags/tutorial.py
[2023-03-05T12:36:29.004+0000] {processor.py:743} INFO - Processing file /home/airflow/.local/lib/python3.7/site-packages/airflow/example_dags/tutorial.py for tasks to queue
[2023-03-05T12:36:29.004+0000] {logging_mixin.py:137} INFO - [2023-03-05T12:36:29.004+0000] {dagbag.py:538} INFO - Filling up the DagBag from /home/airflow/.local/lib/python3.7/site-packages/airflow/example_dags/tutorial.py
[2023-03-05T12:36:29.024+0000] {processor.py:753} INFO - DAG(s) dict_keys(['tutorial']) retrieved from /home/airflow/.local/lib/python3.7/site-packages/airflow/example_dags/tutorial.py
[2023-03-05T12:36:29.049+0000] {logging_mixin.py:137} INFO - [2023-03-05T12:36:29.049+0000] {dag.py:2690} INFO - Sync 1 DAGs
[2023-03-05T12:36:29.065+0000] {logging_mixin.py:137} INFO - [2023-03-05T12:36:29.065+0000] {dag.py:3441} INFO - Setting next_dagrun for tutorial to 2023-03-04T12:36:29.065044+00:00, run_after=2023-03-05T12:36:29.065044+00:00
[2023-03-05T12:36:29.076+0000] {processor.py:175} INFO - Processing /home/airflow/.local/lib/python3.7/site-packages/airflow/example_dags/tutorial.py took 0.078 seconds
[2023-03-05T12:36:59.887+0000] {processor.py:153} INFO - Started process (PID=7460) to work on /home/airflow/.local/lib/python3.7/site-packages/airflow/example_dags/tutorial.py
[2023-03-05T12:36:59.891+0000] {processor.py:743} INFO - Processing file /home/airflow/.local/lib/python3.7/site-packages/airflow/example_dags/tutorial.py for tasks to queue
[2023-03-05T12:36:59.892+0000] {logging_mixin.py:137} INFO - [2023-03-05T12:36:59.892+0000] {dagbag.py:538} INFO - Filling up the DagBag from /home/airflow/.local/lib/python3.7/site-packages/airflow/example_dags/tutorial.py
[2023-03-05T12:36:59.918+0000] {processor.py:753} INFO - DAG(s) dict_keys(['tutorial']) retrieved from /home/airflow/.local/lib/python3.7/site-packages/airflow/example_dags/tutorial.py
[2023-03-05T12:36:59.976+0000] {logging_mixin.py:137} INFO - [2023-03-05T12:36:59.976+0000] {dag.py:2690} INFO - Sync 1 DAGs
[2023-03-05T12:37:00.032+0000] {logging_mixin.py:137} INFO - [2023-03-05T12:37:00.031+0000] {dag.py:3441} INFO - Setting next_dagrun for tutorial to 2023-03-04T12:37:00.031129+00:00, run_after=2023-03-05T12:37:00.031129+00:00
[2023-03-05T12:37:00.095+0000] {processor.py:175} INFO - Processing /home/airflow/.local/lib/python3.7/site-packages/airflow/example_dags/tutorial.py took 0.212 seconds
[2023-03-05T12:37:31.747+0000] {processor.py:153} INFO - Started process (PID=7531) to work on /home/airflow/.local/lib/python3.7/site-packages/airflow/example_dags/tutorial.py
[2023-03-05T12:37:31.750+0000] {processor.py:743} INFO - Processing file /home/airflow/.local/lib/python3.7/site-packages/airflow/example_dags/tutorial.py for tasks to queue
[2023-03-05T12:37:31.751+0000] {logging_mixin.py:137} INFO - [2023-03-05T12:37:31.751+0000] {dagbag.py:538} INFO - Filling up the DagBag from /home/airflow/.local/lib/python3.7/site-packages/airflow/example_dags/tutorial.py
[2023-03-05T12:37:31.777+0000] {processor.py:753} INFO - DAG(s) dict_keys(['tutorial']) retrieved from /home/airflow/.local/lib/python3.7/site-packages/airflow/example_dags/tutorial.py
[2023-03-05T12:37:31.825+0000] {logging_mixin.py:137} INFO - [2023-03-05T12:37:31.825+0000] {dag.py:2690} INFO - Sync 1 DAGs
[2023-03-05T12:37:31.959+0000] {logging_mixin.py:137} INFO - [2023-03-05T12:37:31.958+0000] {dag.py:3441} INFO - Setting next_dagrun for tutorial to 2023-03-04T12:37:31.957748+00:00, run_after=2023-03-05T12:37:31.957748+00:00
[2023-03-05T12:37:32.045+0000] {processor.py:175} INFO - Processing /home/airflow/.local/lib/python3.7/site-packages/airflow/example_dags/tutorial.py took 0.302 seconds
[2023-03-05T12:38:03.495+0000] {processor.py:153} INFO - Started process (PID=7595) to work on /home/airflow/.local/lib/python3.7/site-packages/airflow/example_dags/tutorial.py
[2023-03-05T12:38:03.500+0000] {processor.py:743} INFO - Processing file /home/airflow/.local/lib/python3.7/site-packages/airflow/example_dags/tutorial.py for tasks to queue
[2023-03-05T12:38:03.505+0000] {logging_mixin.py:137} INFO - [2023-03-05T12:38:03.505+0000] {dagbag.py:538} INFO - Filling up the DagBag from /home/airflow/.local/lib/python3.7/site-packages/airflow/example_dags/tutorial.py
[2023-03-05T12:38:03.556+0000] {processor.py:753} INFO - DAG(s) dict_keys(['tutorial']) retrieved from /home/airflow/.local/lib/python3.7/site-packages/airflow/example_dags/tutorial.py
[2023-03-05T12:38:03.650+0000] {logging_mixin.py:137} INFO - [2023-03-05T12:38:03.649+0000] {dag.py:2690} INFO - Sync 1 DAGs
[2023-03-05T12:38:03.701+0000] {logging_mixin.py:137} INFO - [2023-03-05T12:38:03.701+0000] {dag.py:3441} INFO - Setting next_dagrun for tutorial to 2023-03-04T12:38:03.701106+00:00, run_after=2023-03-05T12:38:03.701106+00:00
[2023-03-05T12:38:03.783+0000] {processor.py:175} INFO - Processing /home/airflow/.local/lib/python3.7/site-packages/airflow/example_dags/tutorial.py took 0.305 seconds
[2023-03-05T12:38:34.745+0000] {processor.py:153} INFO - Started process (PID=7667) to work on /home/airflow/.local/lib/python3.7/site-packages/airflow/example_dags/tutorial.py
[2023-03-05T12:38:34.748+0000] {processor.py:743} INFO - Processing file /home/airflow/.local/lib/python3.7/site-packages/airflow/example_dags/tutorial.py for tasks to queue
[2023-03-05T12:38:34.752+0000] {logging_mixin.py:137} INFO - [2023-03-05T12:38:34.751+0000] {dagbag.py:538} INFO - Filling up the DagBag from /home/airflow/.local/lib/python3.7/site-packages/airflow/example_dags/tutorial.py
[2023-03-05T12:38:34.827+0000] {processor.py:753} INFO - DAG(s) dict_keys(['tutorial']) retrieved from /home/airflow/.local/lib/python3.7/site-packages/airflow/example_dags/tutorial.py
[2023-03-05T12:38:34.970+0000] {logging_mixin.py:137} INFO - [2023-03-05T12:38:34.965+0000] {dag.py:2690} INFO - Sync 1 DAGs
[2023-03-05T12:38:35.126+0000] {logging_mixin.py:137} INFO - [2023-03-05T12:38:35.122+0000] {dag.py:3441} INFO - Setting next_dagrun for tutorial to 2023-03-04T12:38:35.119710+00:00, run_after=2023-03-05T12:38:35.119710+00:00
[2023-03-05T12:38:35.643+0000] {processor.py:175} INFO - Processing /home/airflow/.local/lib/python3.7/site-packages/airflow/example_dags/tutorial.py took 0.904 seconds
[2023-03-05T12:39:06.033+0000] {processor.py:153} INFO - Started process (PID=7729) to work on /home/airflow/.local/lib/python3.7/site-packages/airflow/example_dags/tutorial.py
[2023-03-05T12:39:06.043+0000] {processor.py:743} INFO - Processing file /home/airflow/.local/lib/python3.7/site-packages/airflow/example_dags/tutorial.py for tasks to queue
[2023-03-05T12:39:06.057+0000] {logging_mixin.py:137} INFO - [2023-03-05T12:39:06.056+0000] {dagbag.py:538} INFO - Filling up the DagBag from /home/airflow/.local/lib/python3.7/site-packages/airflow/example_dags/tutorial.py
[2023-03-05T12:39:06.129+0000] {processor.py:753} INFO - DAG(s) dict_keys(['tutorial']) retrieved from /home/airflow/.local/lib/python3.7/site-packages/airflow/example_dags/tutorial.py
[2023-03-05T12:39:06.202+0000] {logging_mixin.py:137} INFO - [2023-03-05T12:39:06.202+0000] {dag.py:2690} INFO - Sync 1 DAGs
[2023-03-05T12:39:06.227+0000] {logging_mixin.py:137} INFO - [2023-03-05T12:39:06.227+0000] {dag.py:3441} INFO - Setting next_dagrun for tutorial to 2023-03-04T12:39:06.227248+00:00, run_after=2023-03-05T12:39:06.227248+00:00
[2023-03-05T12:39:06.252+0000] {processor.py:175} INFO - Processing /home/airflow/.local/lib/python3.7/site-packages/airflow/example_dags/tutorial.py took 0.238 seconds
[2023-03-05T12:39:37.868+0000] {processor.py:153} INFO - Started process (PID=7794) to work on /home/airflow/.local/lib/python3.7/site-packages/airflow/example_dags/tutorial.py
[2023-03-05T12:39:37.870+0000] {processor.py:743} INFO - Processing file /home/airflow/.local/lib/python3.7/site-packages/airflow/example_dags/tutorial.py for tasks to queue
[2023-03-05T12:39:37.871+0000] {logging_mixin.py:137} INFO - [2023-03-05T12:39:37.871+0000] {dagbag.py:538} INFO - Filling up the DagBag from /home/airflow/.local/lib/python3.7/site-packages/airflow/example_dags/tutorial.py
[2023-03-05T12:39:37.892+0000] {processor.py:753} INFO - DAG(s) dict_keys(['tutorial']) retrieved from /home/airflow/.local/lib/python3.7/site-packages/airflow/example_dags/tutorial.py
[2023-03-05T12:39:37.971+0000] {logging_mixin.py:137} INFO - [2023-03-05T12:39:37.968+0000] {dag.py:2690} INFO - Sync 1 DAGs
[2023-03-05T12:39:38.197+0000] {logging_mixin.py:137} INFO - [2023-03-05T12:39:38.192+0000] {dag.py:3441} INFO - Setting next_dagrun for tutorial to 2023-03-04T12:39:38.182794+00:00, run_after=2023-03-05T12:39:38.182794+00:00
[2023-03-05T12:39:38.299+0000] {processor.py:175} INFO - Processing /home/airflow/.local/lib/python3.7/site-packages/airflow/example_dags/tutorial.py took 0.434 seconds
[2023-03-05T12:40:09.248+0000] {processor.py:153} INFO - Started process (PID=7856) to work on /home/airflow/.local/lib/python3.7/site-packages/airflow/example_dags/tutorial.py
[2023-03-05T12:40:09.250+0000] {processor.py:743} INFO - Processing file /home/airflow/.local/lib/python3.7/site-packages/airflow/example_dags/tutorial.py for tasks to queue
[2023-03-05T12:40:09.252+0000] {logging_mixin.py:137} INFO - [2023-03-05T12:40:09.252+0000] {dagbag.py:538} INFO - Filling up the DagBag from /home/airflow/.local/lib/python3.7/site-packages/airflow/example_dags/tutorial.py
[2023-03-05T12:40:09.290+0000] {processor.py:753} INFO - DAG(s) dict_keys(['tutorial']) retrieved from /home/airflow/.local/lib/python3.7/site-packages/airflow/example_dags/tutorial.py
[2023-03-05T12:40:09.340+0000] {logging_mixin.py:137} INFO - [2023-03-05T12:40:09.340+0000] {dag.py:2690} INFO - Sync 1 DAGs
[2023-03-05T12:40:09.371+0000] {logging_mixin.py:137} INFO - [2023-03-05T12:40:09.371+0000] {dag.py:3441} INFO - Setting next_dagrun for tutorial to 2023-03-04T12:40:09.370524+00:00, run_after=2023-03-05T12:40:09.370524+00:00
[2023-03-05T12:40:09.396+0000] {processor.py:175} INFO - Processing /home/airflow/.local/lib/python3.7/site-packages/airflow/example_dags/tutorial.py took 0.154 seconds
