[2023-03-05T00:38:19.552+0000] {processor.py:153} INFO - Started process (PID=6440) to work on /home/airflow/.local/lib/python3.7/site-packages/airflow/example_dags/tutorial_dag.py
[2023-03-05T00:38:19.554+0000] {processor.py:743} INFO - Processing file /home/airflow/.local/lib/python3.7/site-packages/airflow/example_dags/tutorial_dag.py for tasks to queue
[2023-03-05T00:38:19.555+0000] {logging_mixin.py:137} INFO - [2023-03-05T00:38:19.555+0000] {dagbag.py:538} INFO - Filling up the DagBag from /home/airflow/.local/lib/python3.7/site-packages/airflow/example_dags/tutorial_dag.py
[2023-03-05T00:38:19.581+0000] {processor.py:753} INFO - DAG(s) dict_keys(['tutorial_dag']) retrieved from /home/airflow/.local/lib/python3.7/site-packages/airflow/example_dags/tutorial_dag.py
[2023-03-05T00:38:19.663+0000] {logging_mixin.py:137} INFO - [2023-03-05T00:38:19.663+0000] {dag.py:2690} INFO - Sync 1 DAGs
[2023-03-05T00:38:19.720+0000] {logging_mixin.py:137} INFO - [2023-03-05T00:38:19.719+0000] {dag.py:3441} INFO - Setting next_dagrun for tutorial_dag to None, run_after=None
[2023-03-05T00:38:19.749+0000] {processor.py:175} INFO - Processing /home/airflow/.local/lib/python3.7/site-packages/airflow/example_dags/tutorial_dag.py took 0.201 seconds
[2023-03-05T01:36:58.276+0000] {processor.py:153} INFO - Started process (PID=6506) to work on /home/airflow/.local/lib/python3.7/site-packages/airflow/example_dags/tutorial_dag.py
[2023-03-05T01:36:58.278+0000] {processor.py:743} INFO - Processing file /home/airflow/.local/lib/python3.7/site-packages/airflow/example_dags/tutorial_dag.py for tasks to queue
[2023-03-05T01:36:58.279+0000] {logging_mixin.py:137} INFO - [2023-03-05T01:36:58.279+0000] {dagbag.py:538} INFO - Filling up the DagBag from /home/airflow/.local/lib/python3.7/site-packages/airflow/example_dags/tutorial_dag.py
[2023-03-05T01:36:58.311+0000] {processor.py:753} INFO - DAG(s) dict_keys(['tutorial_dag']) retrieved from /home/airflow/.local/lib/python3.7/site-packages/airflow/example_dags/tutorial_dag.py
[2023-03-05T01:36:58.369+0000] {logging_mixin.py:137} INFO - [2023-03-05T01:36:58.369+0000] {dag.py:2690} INFO - Sync 1 DAGs
[2023-03-05T01:36:58.419+0000] {logging_mixin.py:137} INFO - [2023-03-05T01:36:58.419+0000] {dag.py:3441} INFO - Setting next_dagrun for tutorial_dag to None, run_after=None
[2023-03-05T01:36:58.476+0000] {processor.py:175} INFO - Processing /home/airflow/.local/lib/python3.7/site-packages/airflow/example_dags/tutorial_dag.py took 0.206 seconds
[2023-03-05T02:44:37.037+0000] {processor.py:153} INFO - Started process (PID=6569) to work on /home/airflow/.local/lib/python3.7/site-packages/airflow/example_dags/tutorial_dag.py
[2023-03-05T02:44:37.039+0000] {processor.py:743} INFO - Processing file /home/airflow/.local/lib/python3.7/site-packages/airflow/example_dags/tutorial_dag.py for tasks to queue
[2023-03-05T02:44:37.040+0000] {logging_mixin.py:137} INFO - [2023-03-05T02:44:37.040+0000] {dagbag.py:538} INFO - Filling up the DagBag from /home/airflow/.local/lib/python3.7/site-packages/airflow/example_dags/tutorial_dag.py
[2023-03-05T02:44:37.053+0000] {processor.py:753} INFO - DAG(s) dict_keys(['tutorial_dag']) retrieved from /home/airflow/.local/lib/python3.7/site-packages/airflow/example_dags/tutorial_dag.py
[2023-03-05T02:44:37.095+0000] {logging_mixin.py:137} INFO - [2023-03-05T02:44:37.095+0000] {dag.py:2690} INFO - Sync 1 DAGs
[2023-03-05T02:44:37.130+0000] {logging_mixin.py:137} INFO - [2023-03-05T02:44:37.130+0000] {dag.py:3441} INFO - Setting next_dagrun for tutorial_dag to None, run_after=None
[2023-03-05T02:44:37.151+0000] {processor.py:175} INFO - Processing /home/airflow/.local/lib/python3.7/site-packages/airflow/example_dags/tutorial_dag.py took 0.117 seconds
[2023-03-05T03:59:39.647+0000] {processor.py:153} INFO - Started process (PID=6632) to work on /home/airflow/.local/lib/python3.7/site-packages/airflow/example_dags/tutorial_dag.py
[2023-03-05T03:59:39.649+0000] {processor.py:743} INFO - Processing file /home/airflow/.local/lib/python3.7/site-packages/airflow/example_dags/tutorial_dag.py for tasks to queue
[2023-03-05T03:59:39.650+0000] {logging_mixin.py:137} INFO - [2023-03-05T03:59:39.650+0000] {dagbag.py:538} INFO - Filling up the DagBag from /home/airflow/.local/lib/python3.7/site-packages/airflow/example_dags/tutorial_dag.py
[2023-03-05T03:59:39.661+0000] {processor.py:753} INFO - DAG(s) dict_keys(['tutorial_dag']) retrieved from /home/airflow/.local/lib/python3.7/site-packages/airflow/example_dags/tutorial_dag.py
[2023-03-05T03:59:39.682+0000] {logging_mixin.py:137} INFO - [2023-03-05T03:59:39.682+0000] {dag.py:2690} INFO - Sync 1 DAGs
[2023-03-05T03:59:39.698+0000] {logging_mixin.py:137} INFO - [2023-03-05T03:59:39.698+0000] {dag.py:3441} INFO - Setting next_dagrun for tutorial_dag to None, run_after=None
[2023-03-05T03:59:39.711+0000] {processor.py:175} INFO - Processing /home/airflow/.local/lib/python3.7/site-packages/airflow/example_dags/tutorial_dag.py took 0.068 seconds
[2023-03-05T05:35:20.565+0000] {processor.py:153} INFO - Started process (PID=6702) to work on /home/airflow/.local/lib/python3.7/site-packages/airflow/example_dags/tutorial_dag.py
[2023-03-05T05:35:20.566+0000] {processor.py:743} INFO - Processing file /home/airflow/.local/lib/python3.7/site-packages/airflow/example_dags/tutorial_dag.py for tasks to queue
[2023-03-05T05:35:20.573+0000] {logging_mixin.py:137} INFO - [2023-03-05T05:35:20.573+0000] {dagbag.py:538} INFO - Filling up the DagBag from /home/airflow/.local/lib/python3.7/site-packages/airflow/example_dags/tutorial_dag.py
[2023-03-05T05:35:20.589+0000] {processor.py:753} INFO - DAG(s) dict_keys(['tutorial_dag']) retrieved from /home/airflow/.local/lib/python3.7/site-packages/airflow/example_dags/tutorial_dag.py
[2023-03-05T05:35:20.623+0000] {logging_mixin.py:137} INFO - [2023-03-05T05:35:20.622+0000] {dag.py:2690} INFO - Sync 1 DAGs
[2023-03-05T05:35:20.646+0000] {logging_mixin.py:137} INFO - [2023-03-05T05:35:20.645+0000] {dag.py:3441} INFO - Setting next_dagrun for tutorial_dag to None, run_after=None
[2023-03-05T05:35:20.662+0000] {processor.py:175} INFO - Processing /home/airflow/.local/lib/python3.7/site-packages/airflow/example_dags/tutorial_dag.py took 0.100 seconds
[2023-03-05T06:52:25.938+0000] {processor.py:153} INFO - Started process (PID=6770) to work on /home/airflow/.local/lib/python3.7/site-packages/airflow/example_dags/tutorial_dag.py
[2023-03-05T06:52:25.941+0000] {processor.py:743} INFO - Processing file /home/airflow/.local/lib/python3.7/site-packages/airflow/example_dags/tutorial_dag.py for tasks to queue
[2023-03-05T06:52:25.944+0000] {logging_mixin.py:137} INFO - [2023-03-05T06:52:25.944+0000] {dagbag.py:538} INFO - Filling up the DagBag from /home/airflow/.local/lib/python3.7/site-packages/airflow/example_dags/tutorial_dag.py
[2023-03-05T06:52:25.962+0000] {processor.py:753} INFO - DAG(s) dict_keys(['tutorial_dag']) retrieved from /home/airflow/.local/lib/python3.7/site-packages/airflow/example_dags/tutorial_dag.py
[2023-03-05T06:52:25.994+0000] {logging_mixin.py:137} INFO - [2023-03-05T06:52:25.994+0000] {dag.py:2690} INFO - Sync 1 DAGs
[2023-03-05T06:52:26.026+0000] {logging_mixin.py:137} INFO - [2023-03-05T06:52:26.025+0000] {dag.py:3441} INFO - Setting next_dagrun for tutorial_dag to None, run_after=None
[2023-03-05T06:52:26.075+0000] {processor.py:175} INFO - Processing /home/airflow/.local/lib/python3.7/site-packages/airflow/example_dags/tutorial_dag.py took 0.137 seconds
[2023-03-05T08:00:55.421+0000] {processor.py:153} INFO - Started process (PID=6833) to work on /home/airflow/.local/lib/python3.7/site-packages/airflow/example_dags/tutorial_dag.py
[2023-03-05T08:00:55.423+0000] {processor.py:743} INFO - Processing file /home/airflow/.local/lib/python3.7/site-packages/airflow/example_dags/tutorial_dag.py for tasks to queue
[2023-03-05T08:00:55.425+0000] {logging_mixin.py:137} INFO - [2023-03-05T08:00:55.425+0000] {dagbag.py:538} INFO - Filling up the DagBag from /home/airflow/.local/lib/python3.7/site-packages/airflow/example_dags/tutorial_dag.py
[2023-03-05T08:00:55.440+0000] {processor.py:753} INFO - DAG(s) dict_keys(['tutorial_dag']) retrieved from /home/airflow/.local/lib/python3.7/site-packages/airflow/example_dags/tutorial_dag.py
[2023-03-05T08:00:55.464+0000] {logging_mixin.py:137} INFO - [2023-03-05T08:00:55.464+0000] {dag.py:2690} INFO - Sync 1 DAGs
[2023-03-05T08:00:55.482+0000] {logging_mixin.py:137} INFO - [2023-03-05T08:00:55.482+0000] {dag.py:3441} INFO - Setting next_dagrun for tutorial_dag to None, run_after=None
[2023-03-05T08:00:55.495+0000] {processor.py:175} INFO - Processing /home/airflow/.local/lib/python3.7/site-packages/airflow/example_dags/tutorial_dag.py took 0.079 seconds
[2023-03-05T09:23:25.414+0000] {processor.py:153} INFO - Started process (PID=6896) to work on /home/airflow/.local/lib/python3.7/site-packages/airflow/example_dags/tutorial_dag.py
[2023-03-05T09:23:25.415+0000] {processor.py:743} INFO - Processing file /home/airflow/.local/lib/python3.7/site-packages/airflow/example_dags/tutorial_dag.py for tasks to queue
[2023-03-05T09:23:25.416+0000] {logging_mixin.py:137} INFO - [2023-03-05T09:23:25.416+0000] {dagbag.py:538} INFO - Filling up the DagBag from /home/airflow/.local/lib/python3.7/site-packages/airflow/example_dags/tutorial_dag.py
[2023-03-05T09:23:25.426+0000] {processor.py:753} INFO - DAG(s) dict_keys(['tutorial_dag']) retrieved from /home/airflow/.local/lib/python3.7/site-packages/airflow/example_dags/tutorial_dag.py
[2023-03-05T09:23:25.447+0000] {logging_mixin.py:137} INFO - [2023-03-05T09:23:25.447+0000] {dag.py:2690} INFO - Sync 1 DAGs
[2023-03-05T09:23:25.464+0000] {logging_mixin.py:137} INFO - [2023-03-05T09:23:25.464+0000] {dag.py:3441} INFO - Setting next_dagrun for tutorial_dag to None, run_after=None
[2023-03-05T09:23:25.477+0000] {processor.py:175} INFO - Processing /home/airflow/.local/lib/python3.7/site-packages/airflow/example_dags/tutorial_dag.py took 0.065 seconds
[2023-03-05T10:39:43.421+0000] {processor.py:153} INFO - Started process (PID=6971) to work on /home/airflow/.local/lib/python3.7/site-packages/airflow/example_dags/tutorial_dag.py
[2023-03-05T10:39:43.431+0000] {processor.py:743} INFO - Processing file /home/airflow/.local/lib/python3.7/site-packages/airflow/example_dags/tutorial_dag.py for tasks to queue
[2023-03-05T10:39:43.437+0000] {logging_mixin.py:137} INFO - [2023-03-05T10:39:43.436+0000] {dagbag.py:538} INFO - Filling up the DagBag from /home/airflow/.local/lib/python3.7/site-packages/airflow/example_dags/tutorial_dag.py
[2023-03-05T10:39:43.494+0000] {processor.py:753} INFO - DAG(s) dict_keys(['tutorial_dag']) retrieved from /home/airflow/.local/lib/python3.7/site-packages/airflow/example_dags/tutorial_dag.py
[2023-03-05T10:39:43.599+0000] {logging_mixin.py:137} INFO - [2023-03-05T10:39:43.598+0000] {dag.py:2690} INFO - Sync 1 DAGs
[2023-03-05T10:39:43.690+0000] {logging_mixin.py:137} INFO - [2023-03-05T10:39:43.689+0000] {dag.py:3441} INFO - Setting next_dagrun for tutorial_dag to None, run_after=None
[2023-03-05T10:39:43.752+0000] {processor.py:175} INFO - Processing /home/airflow/.local/lib/python3.7/site-packages/airflow/example_dags/tutorial_dag.py took 0.347 seconds
[2023-03-05T11:30:39.115+0000] {processor.py:153} INFO - Started process (PID=7034) to work on /home/airflow/.local/lib/python3.7/site-packages/airflow/example_dags/tutorial_dag.py
[2023-03-05T11:30:39.116+0000] {processor.py:743} INFO - Processing file /home/airflow/.local/lib/python3.7/site-packages/airflow/example_dags/tutorial_dag.py for tasks to queue
[2023-03-05T11:30:39.117+0000] {logging_mixin.py:137} INFO - [2023-03-05T11:30:39.117+0000] {dagbag.py:538} INFO - Filling up the DagBag from /home/airflow/.local/lib/python3.7/site-packages/airflow/example_dags/tutorial_dag.py
[2023-03-05T11:30:39.128+0000] {processor.py:753} INFO - DAG(s) dict_keys(['tutorial_dag']) retrieved from /home/airflow/.local/lib/python3.7/site-packages/airflow/example_dags/tutorial_dag.py
[2023-03-05T11:30:39.149+0000] {logging_mixin.py:137} INFO - [2023-03-05T11:30:39.149+0000] {dag.py:2690} INFO - Sync 1 DAGs
[2023-03-05T11:30:39.164+0000] {logging_mixin.py:137} INFO - [2023-03-05T11:30:39.164+0000] {dag.py:3441} INFO - Setting next_dagrun for tutorial_dag to None, run_after=None
[2023-03-05T11:30:39.181+0000] {processor.py:175} INFO - Processing /home/airflow/.local/lib/python3.7/site-packages/airflow/example_dags/tutorial_dag.py took 0.069 seconds
[2023-03-05T12:33:28.505+0000] {processor.py:153} INFO - Started process (PID=7110) to work on /home/airflow/.local/lib/python3.7/site-packages/airflow/example_dags/tutorial_dag.py
[2023-03-05T12:33:28.517+0000] {processor.py:743} INFO - Processing file /home/airflow/.local/lib/python3.7/site-packages/airflow/example_dags/tutorial_dag.py for tasks to queue
[2023-03-05T12:33:28.536+0000] {logging_mixin.py:137} INFO - [2023-03-05T12:33:28.534+0000] {dagbag.py:538} INFO - Filling up the DagBag from /home/airflow/.local/lib/python3.7/site-packages/airflow/example_dags/tutorial_dag.py
[2023-03-05T12:33:28.810+0000] {processor.py:753} INFO - DAG(s) dict_keys(['tutorial_dag']) retrieved from /home/airflow/.local/lib/python3.7/site-packages/airflow/example_dags/tutorial_dag.py
[2023-03-05T12:33:29.079+0000] {logging_mixin.py:137} INFO - [2023-03-05T12:33:29.079+0000] {dag.py:2690} INFO - Sync 1 DAGs
[2023-03-05T12:33:29.170+0000] {logging_mixin.py:137} INFO - [2023-03-05T12:33:29.170+0000] {dag.py:3441} INFO - Setting next_dagrun for tutorial_dag to None, run_after=None
[2023-03-05T12:33:29.227+0000] {processor.py:175} INFO - Processing /home/airflow/.local/lib/python3.7/site-packages/airflow/example_dags/tutorial_dag.py took 0.767 seconds
[2023-03-05T12:34:55.680+0000] {processor.py:153} INFO - Started process (PID=7188) to work on /home/airflow/.local/lib/python3.7/site-packages/airflow/example_dags/tutorial_dag.py
[2023-03-05T12:34:55.693+0000] {processor.py:743} INFO - Processing file /home/airflow/.local/lib/python3.7/site-packages/airflow/example_dags/tutorial_dag.py for tasks to queue
[2023-03-05T12:34:55.696+0000] {logging_mixin.py:137} INFO - [2023-03-05T12:34:55.696+0000] {dagbag.py:538} INFO - Filling up the DagBag from /home/airflow/.local/lib/python3.7/site-packages/airflow/example_dags/tutorial_dag.py
[2023-03-05T12:34:55.729+0000] {processor.py:753} INFO - DAG(s) dict_keys(['tutorial_dag']) retrieved from /home/airflow/.local/lib/python3.7/site-packages/airflow/example_dags/tutorial_dag.py
[2023-03-05T12:34:55.793+0000] {logging_mixin.py:137} INFO - [2023-03-05T12:34:55.792+0000] {dag.py:2690} INFO - Sync 1 DAGs
[2023-03-05T12:34:55.846+0000] {logging_mixin.py:137} INFO - [2023-03-05T12:34:55.845+0000] {dag.py:3441} INFO - Setting next_dagrun for tutorial_dag to None, run_after=None
[2023-03-05T12:34:55.900+0000] {processor.py:175} INFO - Processing /home/airflow/.local/lib/python3.7/site-packages/airflow/example_dags/tutorial_dag.py took 0.233 seconds
[2023-03-05T12:35:26.688+0000] {processor.py:153} INFO - Started process (PID=7252) to work on /home/airflow/.local/lib/python3.7/site-packages/airflow/example_dags/tutorial_dag.py
[2023-03-05T12:35:26.692+0000] {processor.py:743} INFO - Processing file /home/airflow/.local/lib/python3.7/site-packages/airflow/example_dags/tutorial_dag.py for tasks to queue
[2023-03-05T12:35:26.695+0000] {logging_mixin.py:137} INFO - [2023-03-05T12:35:26.694+0000] {dagbag.py:538} INFO - Filling up the DagBag from /home/airflow/.local/lib/python3.7/site-packages/airflow/example_dags/tutorial_dag.py
[2023-03-05T12:35:26.717+0000] {processor.py:753} INFO - DAG(s) dict_keys(['tutorial_dag']) retrieved from /home/airflow/.local/lib/python3.7/site-packages/airflow/example_dags/tutorial_dag.py
[2023-03-05T12:35:26.749+0000] {logging_mixin.py:137} INFO - [2023-03-05T12:35:26.749+0000] {dag.py:2690} INFO - Sync 1 DAGs
[2023-03-05T12:35:26.773+0000] {logging_mixin.py:137} INFO - [2023-03-05T12:35:26.773+0000] {dag.py:3441} INFO - Setting next_dagrun for tutorial_dag to None, run_after=None
[2023-03-05T12:35:26.801+0000] {processor.py:175} INFO - Processing /home/airflow/.local/lib/python3.7/site-packages/airflow/example_dags/tutorial_dag.py took 0.115 seconds
[2023-03-05T12:35:57.856+0000] {processor.py:153} INFO - Started process (PID=7315) to work on /home/airflow/.local/lib/python3.7/site-packages/airflow/example_dags/tutorial_dag.py
[2023-03-05T12:35:57.860+0000] {processor.py:743} INFO - Processing file /home/airflow/.local/lib/python3.7/site-packages/airflow/example_dags/tutorial_dag.py for tasks to queue
[2023-03-05T12:35:57.863+0000] {logging_mixin.py:137} INFO - [2023-03-05T12:35:57.863+0000] {dagbag.py:538} INFO - Filling up the DagBag from /home/airflow/.local/lib/python3.7/site-packages/airflow/example_dags/tutorial_dag.py
[2023-03-05T12:35:57.876+0000] {processor.py:753} INFO - DAG(s) dict_keys(['tutorial_dag']) retrieved from /home/airflow/.local/lib/python3.7/site-packages/airflow/example_dags/tutorial_dag.py
[2023-03-05T12:35:57.901+0000] {logging_mixin.py:137} INFO - [2023-03-05T12:35:57.901+0000] {dag.py:2690} INFO - Sync 1 DAGs
[2023-03-05T12:35:57.919+0000] {logging_mixin.py:137} INFO - [2023-03-05T12:35:57.919+0000] {dag.py:3441} INFO - Setting next_dagrun for tutorial_dag to None, run_after=None
[2023-03-05T12:35:57.933+0000] {processor.py:175} INFO - Processing /home/airflow/.local/lib/python3.7/site-packages/airflow/example_dags/tutorial_dag.py took 0.080 seconds
[2023-03-05T12:36:27.975+0000] {processor.py:153} INFO - Started process (PID=7378) to work on /home/airflow/.local/lib/python3.7/site-packages/airflow/example_dags/tutorial_dag.py
[2023-03-05T12:36:27.976+0000] {processor.py:743} INFO - Processing file /home/airflow/.local/lib/python3.7/site-packages/airflow/example_dags/tutorial_dag.py for tasks to queue
[2023-03-05T12:36:27.977+0000] {logging_mixin.py:137} INFO - [2023-03-05T12:36:27.977+0000] {dagbag.py:538} INFO - Filling up the DagBag from /home/airflow/.local/lib/python3.7/site-packages/airflow/example_dags/tutorial_dag.py
[2023-03-05T12:36:27.988+0000] {processor.py:753} INFO - DAG(s) dict_keys(['tutorial_dag']) retrieved from /home/airflow/.local/lib/python3.7/site-packages/airflow/example_dags/tutorial_dag.py
[2023-03-05T12:36:28.013+0000] {logging_mixin.py:137} INFO - [2023-03-05T12:36:28.012+0000] {dag.py:2690} INFO - Sync 1 DAGs
[2023-03-05T12:36:28.036+0000] {logging_mixin.py:137} INFO - [2023-03-05T12:36:28.035+0000] {dag.py:3441} INFO - Setting next_dagrun for tutorial_dag to None, run_after=None
[2023-03-05T12:36:28.056+0000] {processor.py:175} INFO - Processing /home/airflow/.local/lib/python3.7/site-packages/airflow/example_dags/tutorial_dag.py took 0.084 seconds
[2023-03-05T12:36:58.692+0000] {processor.py:153} INFO - Started process (PID=7440) to work on /home/airflow/.local/lib/python3.7/site-packages/airflow/example_dags/tutorial_dag.py
[2023-03-05T12:36:58.694+0000] {processor.py:743} INFO - Processing file /home/airflow/.local/lib/python3.7/site-packages/airflow/example_dags/tutorial_dag.py for tasks to queue
[2023-03-05T12:36:58.695+0000] {logging_mixin.py:137} INFO - [2023-03-05T12:36:58.695+0000] {dagbag.py:538} INFO - Filling up the DagBag from /home/airflow/.local/lib/python3.7/site-packages/airflow/example_dags/tutorial_dag.py
[2023-03-05T12:36:58.707+0000] {processor.py:753} INFO - DAG(s) dict_keys(['tutorial_dag']) retrieved from /home/airflow/.local/lib/python3.7/site-packages/airflow/example_dags/tutorial_dag.py
[2023-03-05T12:36:58.728+0000] {logging_mixin.py:137} INFO - [2023-03-05T12:36:58.728+0000] {dag.py:2690} INFO - Sync 1 DAGs
[2023-03-05T12:36:58.753+0000] {logging_mixin.py:137} INFO - [2023-03-05T12:36:58.753+0000] {dag.py:3441} INFO - Setting next_dagrun for tutorial_dag to None, run_after=None
[2023-03-05T12:36:58.775+0000] {processor.py:175} INFO - Processing /home/airflow/.local/lib/python3.7/site-packages/airflow/example_dags/tutorial_dag.py took 0.087 seconds
[2023-03-05T12:37:29.977+0000] {processor.py:153} INFO - Started process (PID=7516) to work on /home/airflow/.local/lib/python3.7/site-packages/airflow/example_dags/tutorial_dag.py
[2023-03-05T12:37:29.979+0000] {processor.py:743} INFO - Processing file /home/airflow/.local/lib/python3.7/site-packages/airflow/example_dags/tutorial_dag.py for tasks to queue
[2023-03-05T12:37:29.980+0000] {logging_mixin.py:137} INFO - [2023-03-05T12:37:29.980+0000] {dagbag.py:538} INFO - Filling up the DagBag from /home/airflow/.local/lib/python3.7/site-packages/airflow/example_dags/tutorial_dag.py
[2023-03-05T12:37:29.994+0000] {processor.py:753} INFO - DAG(s) dict_keys(['tutorial_dag']) retrieved from /home/airflow/.local/lib/python3.7/site-packages/airflow/example_dags/tutorial_dag.py
[2023-03-05T12:37:30.044+0000] {logging_mixin.py:137} INFO - [2023-03-05T12:37:30.043+0000] {dag.py:2690} INFO - Sync 1 DAGs
[2023-03-05T12:37:30.107+0000] {logging_mixin.py:137} INFO - [2023-03-05T12:37:30.107+0000] {dag.py:3441} INFO - Setting next_dagrun for tutorial_dag to None, run_after=None
[2023-03-05T12:37:30.140+0000] {processor.py:175} INFO - Processing /home/airflow/.local/lib/python3.7/site-packages/airflow/example_dags/tutorial_dag.py took 0.167 seconds
[2023-03-05T12:38:00.358+0000] {processor.py:153} INFO - Started process (PID=7580) to work on /home/airflow/.local/lib/python3.7/site-packages/airflow/example_dags/tutorial_dag.py
[2023-03-05T12:38:00.360+0000] {processor.py:743} INFO - Processing file /home/airflow/.local/lib/python3.7/site-packages/airflow/example_dags/tutorial_dag.py for tasks to queue
[2023-03-05T12:38:00.360+0000] {logging_mixin.py:137} INFO - [2023-03-05T12:38:00.360+0000] {dagbag.py:538} INFO - Filling up the DagBag from /home/airflow/.local/lib/python3.7/site-packages/airflow/example_dags/tutorial_dag.py
[2023-03-05T12:38:00.373+0000] {processor.py:753} INFO - DAG(s) dict_keys(['tutorial_dag']) retrieved from /home/airflow/.local/lib/python3.7/site-packages/airflow/example_dags/tutorial_dag.py
[2023-03-05T12:38:00.408+0000] {logging_mixin.py:137} INFO - [2023-03-05T12:38:00.408+0000] {dag.py:2690} INFO - Sync 1 DAGs
[2023-03-05T12:38:00.429+0000] {logging_mixin.py:137} INFO - [2023-03-05T12:38:00.429+0000] {dag.py:3441} INFO - Setting next_dagrun for tutorial_dag to None, run_after=None
[2023-03-05T12:38:00.444+0000] {processor.py:175} INFO - Processing /home/airflow/.local/lib/python3.7/site-packages/airflow/example_dags/tutorial_dag.py took 0.088 seconds
[2023-03-05T12:38:31.347+0000] {processor.py:153} INFO - Started process (PID=7643) to work on /home/airflow/.local/lib/python3.7/site-packages/airflow/example_dags/tutorial_dag.py
[2023-03-05T12:38:31.353+0000] {processor.py:743} INFO - Processing file /home/airflow/.local/lib/python3.7/site-packages/airflow/example_dags/tutorial_dag.py for tasks to queue
[2023-03-05T12:38:31.359+0000] {logging_mixin.py:137} INFO - [2023-03-05T12:38:31.358+0000] {dagbag.py:538} INFO - Filling up the DagBag from /home/airflow/.local/lib/python3.7/site-packages/airflow/example_dags/tutorial_dag.py
[2023-03-05T12:38:31.388+0000] {processor.py:753} INFO - DAG(s) dict_keys(['tutorial_dag']) retrieved from /home/airflow/.local/lib/python3.7/site-packages/airflow/example_dags/tutorial_dag.py
[2023-03-05T12:38:31.438+0000] {logging_mixin.py:137} INFO - [2023-03-05T12:38:31.438+0000] {dag.py:2690} INFO - Sync 1 DAGs
[2023-03-05T12:38:31.488+0000] {logging_mixin.py:137} INFO - [2023-03-05T12:38:31.488+0000] {dag.py:3441} INFO - Setting next_dagrun for tutorial_dag to None, run_after=None
[2023-03-05T12:38:31.520+0000] {processor.py:175} INFO - Processing /home/airflow/.local/lib/python3.7/site-packages/airflow/example_dags/tutorial_dag.py took 0.178 seconds
[2023-03-05T12:39:02.003+0000] {processor.py:153} INFO - Started process (PID=7706) to work on /home/airflow/.local/lib/python3.7/site-packages/airflow/example_dags/tutorial_dag.py
[2023-03-05T12:39:02.005+0000] {processor.py:743} INFO - Processing file /home/airflow/.local/lib/python3.7/site-packages/airflow/example_dags/tutorial_dag.py for tasks to queue
[2023-03-05T12:39:02.006+0000] {logging_mixin.py:137} INFO - [2023-03-05T12:39:02.005+0000] {dagbag.py:538} INFO - Filling up the DagBag from /home/airflow/.local/lib/python3.7/site-packages/airflow/example_dags/tutorial_dag.py
[2023-03-05T12:39:02.017+0000] {processor.py:753} INFO - DAG(s) dict_keys(['tutorial_dag']) retrieved from /home/airflow/.local/lib/python3.7/site-packages/airflow/example_dags/tutorial_dag.py
[2023-03-05T12:39:02.039+0000] {logging_mixin.py:137} INFO - [2023-03-05T12:39:02.039+0000] {dag.py:2690} INFO - Sync 1 DAGs
[2023-03-05T12:39:02.059+0000] {logging_mixin.py:137} INFO - [2023-03-05T12:39:02.059+0000] {dag.py:3441} INFO - Setting next_dagrun for tutorial_dag to None, run_after=None
[2023-03-05T12:39:02.076+0000] {processor.py:175} INFO - Processing /home/airflow/.local/lib/python3.7/site-packages/airflow/example_dags/tutorial_dag.py took 0.075 seconds
[2023-03-05T12:39:32.467+0000] {processor.py:153} INFO - Started process (PID=7776) to work on /home/airflow/.local/lib/python3.7/site-packages/airflow/example_dags/tutorial_dag.py
[2023-03-05T12:39:32.468+0000] {processor.py:743} INFO - Processing file /home/airflow/.local/lib/python3.7/site-packages/airflow/example_dags/tutorial_dag.py for tasks to queue
[2023-03-05T12:39:32.469+0000] {logging_mixin.py:137} INFO - [2023-03-05T12:39:32.469+0000] {dagbag.py:538} INFO - Filling up the DagBag from /home/airflow/.local/lib/python3.7/site-packages/airflow/example_dags/tutorial_dag.py
[2023-03-05T12:39:32.485+0000] {processor.py:753} INFO - DAG(s) dict_keys(['tutorial_dag']) retrieved from /home/airflow/.local/lib/python3.7/site-packages/airflow/example_dags/tutorial_dag.py
[2023-03-05T12:39:32.545+0000] {logging_mixin.py:137} INFO - [2023-03-05T12:39:32.545+0000] {dag.py:2690} INFO - Sync 1 DAGs
[2023-03-05T12:39:32.611+0000] {logging_mixin.py:137} INFO - [2023-03-05T12:39:32.610+0000] {dag.py:3441} INFO - Setting next_dagrun for tutorial_dag to None, run_after=None
[2023-03-05T12:39:32.707+0000] {processor.py:175} INFO - Processing /home/airflow/.local/lib/python3.7/site-packages/airflow/example_dags/tutorial_dag.py took 0.245 seconds
[2023-03-05T12:40:03.098+0000] {processor.py:153} INFO - Started process (PID=7841) to work on /home/airflow/.local/lib/python3.7/site-packages/airflow/example_dags/tutorial_dag.py
[2023-03-05T12:40:03.102+0000] {processor.py:743} INFO - Processing file /home/airflow/.local/lib/python3.7/site-packages/airflow/example_dags/tutorial_dag.py for tasks to queue
[2023-03-05T12:40:03.107+0000] {logging_mixin.py:137} INFO - [2023-03-05T12:40:03.107+0000] {dagbag.py:538} INFO - Filling up the DagBag from /home/airflow/.local/lib/python3.7/site-packages/airflow/example_dags/tutorial_dag.py
[2023-03-05T12:40:03.141+0000] {processor.py:753} INFO - DAG(s) dict_keys(['tutorial_dag']) retrieved from /home/airflow/.local/lib/python3.7/site-packages/airflow/example_dags/tutorial_dag.py
[2023-03-05T12:40:03.279+0000] {logging_mixin.py:137} INFO - [2023-03-05T12:40:03.279+0000] {dag.py:2690} INFO - Sync 1 DAGs
[2023-03-05T12:40:03.420+0000] {logging_mixin.py:137} INFO - [2023-03-05T12:40:03.418+0000] {dag.py:3441} INFO - Setting next_dagrun for tutorial_dag to None, run_after=None
[2023-03-05T12:40:03.472+0000] {processor.py:175} INFO - Processing /home/airflow/.local/lib/python3.7/site-packages/airflow/example_dags/tutorial_dag.py took 0.388 seconds
