[2023-03-05T00:38:19.996+0000] {processor.py:153} INFO - Started process (PID=6446) to work on /home/airflow/.local/lib/python3.7/site-packages/airflow/example_dags/tutorial_taskflow_api.py
[2023-03-05T00:38:19.998+0000] {processor.py:743} INFO - Processing file /home/airflow/.local/lib/python3.7/site-packages/airflow/example_dags/tutorial_taskflow_api.py for tasks to queue
[2023-03-05T00:38:20.000+0000] {logging_mixin.py:137} INFO - [2023-03-05T00:38:20.000+0000] {dagbag.py:538} INFO - Filling up the DagBag from /home/airflow/.local/lib/python3.7/site-packages/airflow/example_dags/tutorial_taskflow_api.py
[2023-03-05T00:38:20.049+0000] {processor.py:753} INFO - DAG(s) dict_keys(['tutorial_taskflow_api']) retrieved from /home/airflow/.local/lib/python3.7/site-packages/airflow/example_dags/tutorial_taskflow_api.py
[2023-03-05T00:38:20.109+0000] {logging_mixin.py:137} INFO - [2023-03-05T00:38:20.108+0000] {dag.py:2690} INFO - Sync 1 DAGs
[2023-03-05T00:38:20.141+0000] {logging_mixin.py:137} INFO - [2023-03-05T00:38:20.141+0000] {dag.py:3441} INFO - Setting next_dagrun for tutorial_taskflow_api to None, run_after=None
[2023-03-05T00:38:20.180+0000] {processor.py:175} INFO - Processing /home/airflow/.local/lib/python3.7/site-packages/airflow/example_dags/tutorial_taskflow_api.py took 0.189 seconds
[2023-03-05T01:36:58.901+0000] {processor.py:153} INFO - Started process (PID=6509) to work on /home/airflow/.local/lib/python3.7/site-packages/airflow/example_dags/tutorial_taskflow_api.py
[2023-03-05T01:36:58.903+0000] {processor.py:743} INFO - Processing file /home/airflow/.local/lib/python3.7/site-packages/airflow/example_dags/tutorial_taskflow_api.py for tasks to queue
[2023-03-05T01:36:58.905+0000] {logging_mixin.py:137} INFO - [2023-03-05T01:36:58.905+0000] {dagbag.py:538} INFO - Filling up the DagBag from /home/airflow/.local/lib/python3.7/site-packages/airflow/example_dags/tutorial_taskflow_api.py
[2023-03-05T01:36:58.941+0000] {processor.py:753} INFO - DAG(s) dict_keys(['tutorial_taskflow_api']) retrieved from /home/airflow/.local/lib/python3.7/site-packages/airflow/example_dags/tutorial_taskflow_api.py
[2023-03-05T01:36:58.978+0000] {logging_mixin.py:137} INFO - [2023-03-05T01:36:58.978+0000] {dag.py:2690} INFO - Sync 1 DAGs
[2023-03-05T01:36:59.010+0000] {logging_mixin.py:137} INFO - [2023-03-05T01:36:59.010+0000] {dag.py:3441} INFO - Setting next_dagrun for tutorial_taskflow_api to None, run_after=None
[2023-03-05T01:36:59.045+0000] {processor.py:175} INFO - Processing /home/airflow/.local/lib/python3.7/site-packages/airflow/example_dags/tutorial_taskflow_api.py took 0.151 seconds
[2023-03-05T02:44:37.269+0000] {processor.py:153} INFO - Started process (PID=6572) to work on /home/airflow/.local/lib/python3.7/site-packages/airflow/example_dags/tutorial_taskflow_api.py
[2023-03-05T02:44:37.271+0000] {processor.py:743} INFO - Processing file /home/airflow/.local/lib/python3.7/site-packages/airflow/example_dags/tutorial_taskflow_api.py for tasks to queue
[2023-03-05T02:44:37.273+0000] {logging_mixin.py:137} INFO - [2023-03-05T02:44:37.273+0000] {dagbag.py:538} INFO - Filling up the DagBag from /home/airflow/.local/lib/python3.7/site-packages/airflow/example_dags/tutorial_taskflow_api.py
[2023-03-05T02:44:37.293+0000] {processor.py:753} INFO - DAG(s) dict_keys(['tutorial_taskflow_api']) retrieved from /home/airflow/.local/lib/python3.7/site-packages/airflow/example_dags/tutorial_taskflow_api.py
[2023-03-05T02:44:37.315+0000] {logging_mixin.py:137} INFO - [2023-03-05T02:44:37.315+0000] {dag.py:2690} INFO - Sync 1 DAGs
[2023-03-05T02:44:37.331+0000] {logging_mixin.py:137} INFO - [2023-03-05T02:44:37.331+0000] {dag.py:3441} INFO - Setting next_dagrun for tutorial_taskflow_api to None, run_after=None
[2023-03-05T02:44:37.349+0000] {processor.py:175} INFO - Processing /home/airflow/.local/lib/python3.7/site-packages/airflow/example_dags/tutorial_taskflow_api.py took 0.084 seconds
[2023-03-05T03:59:39.806+0000] {processor.py:153} INFO - Started process (PID=6635) to work on /home/airflow/.local/lib/python3.7/site-packages/airflow/example_dags/tutorial_taskflow_api.py
[2023-03-05T03:59:39.807+0000] {processor.py:743} INFO - Processing file /home/airflow/.local/lib/python3.7/site-packages/airflow/example_dags/tutorial_taskflow_api.py for tasks to queue
[2023-03-05T03:59:39.808+0000] {logging_mixin.py:137} INFO - [2023-03-05T03:59:39.808+0000] {dagbag.py:538} INFO - Filling up the DagBag from /home/airflow/.local/lib/python3.7/site-packages/airflow/example_dags/tutorial_taskflow_api.py
[2023-03-05T03:59:39.825+0000] {processor.py:753} INFO - DAG(s) dict_keys(['tutorial_taskflow_api']) retrieved from /home/airflow/.local/lib/python3.7/site-packages/airflow/example_dags/tutorial_taskflow_api.py
[2023-03-05T03:59:39.845+0000] {logging_mixin.py:137} INFO - [2023-03-05T03:59:39.845+0000] {dag.py:2690} INFO - Sync 1 DAGs
[2023-03-05T03:59:39.861+0000] {logging_mixin.py:137} INFO - [2023-03-05T03:59:39.861+0000] {dag.py:3441} INFO - Setting next_dagrun for tutorial_taskflow_api to None, run_after=None
[2023-03-05T03:59:39.872+0000] {processor.py:175} INFO - Processing /home/airflow/.local/lib/python3.7/site-packages/airflow/example_dags/tutorial_taskflow_api.py took 0.070 seconds
[2023-03-05T05:35:20.764+0000] {processor.py:153} INFO - Started process (PID=6707) to work on /home/airflow/.local/lib/python3.7/site-packages/airflow/example_dags/tutorial_taskflow_api.py
[2023-03-05T05:35:20.765+0000] {processor.py:743} INFO - Processing file /home/airflow/.local/lib/python3.7/site-packages/airflow/example_dags/tutorial_taskflow_api.py for tasks to queue
[2023-03-05T05:35:20.766+0000] {logging_mixin.py:137} INFO - [2023-03-05T05:35:20.766+0000] {dagbag.py:538} INFO - Filling up the DagBag from /home/airflow/.local/lib/python3.7/site-packages/airflow/example_dags/tutorial_taskflow_api.py
[2023-03-05T05:35:20.783+0000] {processor.py:753} INFO - DAG(s) dict_keys(['tutorial_taskflow_api']) retrieved from /home/airflow/.local/lib/python3.7/site-packages/airflow/example_dags/tutorial_taskflow_api.py
[2023-03-05T05:35:20.806+0000] {logging_mixin.py:137} INFO - [2023-03-05T05:35:20.806+0000] {dag.py:2690} INFO - Sync 1 DAGs
[2023-03-05T05:35:20.829+0000] {logging_mixin.py:137} INFO - [2023-03-05T05:35:20.828+0000] {dag.py:3441} INFO - Setting next_dagrun for tutorial_taskflow_api to None, run_after=None
[2023-03-05T05:35:20.849+0000] {processor.py:175} INFO - Processing /home/airflow/.local/lib/python3.7/site-packages/airflow/example_dags/tutorial_taskflow_api.py took 0.088 seconds
[2023-03-05T06:52:26.750+0000] {processor.py:153} INFO - Started process (PID=6773) to work on /home/airflow/.local/lib/python3.7/site-packages/airflow/example_dags/tutorial_taskflow_api.py
[2023-03-05T06:52:26.758+0000] {processor.py:743} INFO - Processing file /home/airflow/.local/lib/python3.7/site-packages/airflow/example_dags/tutorial_taskflow_api.py for tasks to queue
[2023-03-05T06:52:26.766+0000] {logging_mixin.py:137} INFO - [2023-03-05T06:52:26.763+0000] {dagbag.py:538} INFO - Filling up the DagBag from /home/airflow/.local/lib/python3.7/site-packages/airflow/example_dags/tutorial_taskflow_api.py
[2023-03-05T06:52:26.836+0000] {processor.py:753} INFO - DAG(s) dict_keys(['tutorial_taskflow_api']) retrieved from /home/airflow/.local/lib/python3.7/site-packages/airflow/example_dags/tutorial_taskflow_api.py
[2023-03-05T06:52:26.910+0000] {logging_mixin.py:137} INFO - [2023-03-05T06:52:26.909+0000] {dag.py:2690} INFO - Sync 1 DAGs
[2023-03-05T06:52:26.937+0000] {logging_mixin.py:137} INFO - [2023-03-05T06:52:26.937+0000] {dag.py:3441} INFO - Setting next_dagrun for tutorial_taskflow_api to None, run_after=None
[2023-03-05T06:52:26.959+0000] {processor.py:175} INFO - Processing /home/airflow/.local/lib/python3.7/site-packages/airflow/example_dags/tutorial_taskflow_api.py took 0.277 seconds
[2023-03-05T08:00:55.572+0000] {processor.py:153} INFO - Started process (PID=6836) to work on /home/airflow/.local/lib/python3.7/site-packages/airflow/example_dags/tutorial_taskflow_api.py
[2023-03-05T08:00:55.573+0000] {processor.py:743} INFO - Processing file /home/airflow/.local/lib/python3.7/site-packages/airflow/example_dags/tutorial_taskflow_api.py for tasks to queue
[2023-03-05T08:00:55.574+0000] {logging_mixin.py:137} INFO - [2023-03-05T08:00:55.574+0000] {dagbag.py:538} INFO - Filling up the DagBag from /home/airflow/.local/lib/python3.7/site-packages/airflow/example_dags/tutorial_taskflow_api.py
[2023-03-05T08:00:55.589+0000] {processor.py:753} INFO - DAG(s) dict_keys(['tutorial_taskflow_api']) retrieved from /home/airflow/.local/lib/python3.7/site-packages/airflow/example_dags/tutorial_taskflow_api.py
[2023-03-05T08:00:55.612+0000] {logging_mixin.py:137} INFO - [2023-03-05T08:00:55.612+0000] {dag.py:2690} INFO - Sync 1 DAGs
[2023-03-05T08:00:55.629+0000] {logging_mixin.py:137} INFO - [2023-03-05T08:00:55.629+0000] {dag.py:3441} INFO - Setting next_dagrun for tutorial_taskflow_api to None, run_after=None
[2023-03-05T08:00:55.640+0000] {processor.py:175} INFO - Processing /home/airflow/.local/lib/python3.7/site-packages/airflow/example_dags/tutorial_taskflow_api.py took 0.071 seconds
[2023-03-05T09:23:25.579+0000] {processor.py:153} INFO - Started process (PID=6899) to work on /home/airflow/.local/lib/python3.7/site-packages/airflow/example_dags/tutorial_taskflow_api.py
[2023-03-05T09:23:25.582+0000] {processor.py:743} INFO - Processing file /home/airflow/.local/lib/python3.7/site-packages/airflow/example_dags/tutorial_taskflow_api.py for tasks to queue
[2023-03-05T09:23:25.584+0000] {logging_mixin.py:137} INFO - [2023-03-05T09:23:25.584+0000] {dagbag.py:538} INFO - Filling up the DagBag from /home/airflow/.local/lib/python3.7/site-packages/airflow/example_dags/tutorial_taskflow_api.py
[2023-03-05T09:23:25.616+0000] {processor.py:753} INFO - DAG(s) dict_keys(['tutorial_taskflow_api']) retrieved from /home/airflow/.local/lib/python3.7/site-packages/airflow/example_dags/tutorial_taskflow_api.py
[2023-03-05T09:23:25.643+0000] {logging_mixin.py:137} INFO - [2023-03-05T09:23:25.643+0000] {dag.py:2690} INFO - Sync 1 DAGs
[2023-03-05T09:23:25.661+0000] {logging_mixin.py:137} INFO - [2023-03-05T09:23:25.660+0000] {dag.py:3441} INFO - Setting next_dagrun for tutorial_taskflow_api to None, run_after=None
[2023-03-05T09:23:25.672+0000] {processor.py:175} INFO - Processing /home/airflow/.local/lib/python3.7/site-packages/airflow/example_dags/tutorial_taskflow_api.py took 0.098 seconds
[2023-03-05T10:39:44.190+0000] {processor.py:153} INFO - Started process (PID=6974) to work on /home/airflow/.local/lib/python3.7/site-packages/airflow/example_dags/tutorial_taskflow_api.py
[2023-03-05T10:39:44.192+0000] {processor.py:743} INFO - Processing file /home/airflow/.local/lib/python3.7/site-packages/airflow/example_dags/tutorial_taskflow_api.py for tasks to queue
[2023-03-05T10:39:44.194+0000] {logging_mixin.py:137} INFO - [2023-03-05T10:39:44.194+0000] {dagbag.py:538} INFO - Filling up the DagBag from /home/airflow/.local/lib/python3.7/site-packages/airflow/example_dags/tutorial_taskflow_api.py
[2023-03-05T10:39:44.243+0000] {processor.py:753} INFO - DAG(s) dict_keys(['tutorial_taskflow_api']) retrieved from /home/airflow/.local/lib/python3.7/site-packages/airflow/example_dags/tutorial_taskflow_api.py
[2023-03-05T10:39:44.301+0000] {logging_mixin.py:137} INFO - [2023-03-05T10:39:44.300+0000] {dag.py:2690} INFO - Sync 1 DAGs
[2023-03-05T10:39:44.380+0000] {logging_mixin.py:137} INFO - [2023-03-05T10:39:44.379+0000] {dag.py:3441} INFO - Setting next_dagrun for tutorial_taskflow_api to None, run_after=None
[2023-03-05T10:39:44.411+0000] {processor.py:175} INFO - Processing /home/airflow/.local/lib/python3.7/site-packages/airflow/example_dags/tutorial_taskflow_api.py took 0.230 seconds
[2023-03-05T11:30:39.274+0000] {processor.py:153} INFO - Started process (PID=7037) to work on /home/airflow/.local/lib/python3.7/site-packages/airflow/example_dags/tutorial_taskflow_api.py
[2023-03-05T11:30:39.275+0000] {processor.py:743} INFO - Processing file /home/airflow/.local/lib/python3.7/site-packages/airflow/example_dags/tutorial_taskflow_api.py for tasks to queue
[2023-03-05T11:30:39.277+0000] {logging_mixin.py:137} INFO - [2023-03-05T11:30:39.276+0000] {dagbag.py:538} INFO - Filling up the DagBag from /home/airflow/.local/lib/python3.7/site-packages/airflow/example_dags/tutorial_taskflow_api.py
[2023-03-05T11:30:39.306+0000] {processor.py:753} INFO - DAG(s) dict_keys(['tutorial_taskflow_api']) retrieved from /home/airflow/.local/lib/python3.7/site-packages/airflow/example_dags/tutorial_taskflow_api.py
[2023-03-05T11:30:39.352+0000] {logging_mixin.py:137} INFO - [2023-03-05T11:30:39.352+0000] {dag.py:2690} INFO - Sync 1 DAGs
[2023-03-05T11:30:39.390+0000] {logging_mixin.py:137} INFO - [2023-03-05T11:30:39.389+0000] {dag.py:3441} INFO - Setting next_dagrun for tutorial_taskflow_api to None, run_after=None
[2023-03-05T11:30:39.410+0000] {processor.py:175} INFO - Processing /home/airflow/.local/lib/python3.7/site-packages/airflow/example_dags/tutorial_taskflow_api.py took 0.140 seconds
[2023-03-05T12:33:30.100+0000] {processor.py:153} INFO - Started process (PID=7113) to work on /home/airflow/.local/lib/python3.7/site-packages/airflow/example_dags/tutorial_taskflow_api.py
[2023-03-05T12:33:30.133+0000] {processor.py:743} INFO - Processing file /home/airflow/.local/lib/python3.7/site-packages/airflow/example_dags/tutorial_taskflow_api.py for tasks to queue
[2023-03-05T12:33:30.156+0000] {logging_mixin.py:137} INFO - [2023-03-05T12:33:30.155+0000] {dagbag.py:538} INFO - Filling up the DagBag from /home/airflow/.local/lib/python3.7/site-packages/airflow/example_dags/tutorial_taskflow_api.py
[2023-03-05T12:33:30.409+0000] {processor.py:753} INFO - DAG(s) dict_keys(['tutorial_taskflow_api']) retrieved from /home/airflow/.local/lib/python3.7/site-packages/airflow/example_dags/tutorial_taskflow_api.py
[2023-03-05T12:33:30.696+0000] {logging_mixin.py:137} INFO - [2023-03-05T12:33:30.693+0000] {dag.py:2690} INFO - Sync 1 DAGs
[2023-03-05T12:33:30.948+0000] {logging_mixin.py:137} INFO - [2023-03-05T12:33:30.947+0000] {dag.py:3441} INFO - Setting next_dagrun for tutorial_taskflow_api to None, run_after=None
[2023-03-05T12:33:31.242+0000] {processor.py:175} INFO - Processing /home/airflow/.local/lib/python3.7/site-packages/airflow/example_dags/tutorial_taskflow_api.py took 1.168 seconds
[2023-03-05T12:34:56.388+0000] {processor.py:153} INFO - Started process (PID=7191) to work on /home/airflow/.local/lib/python3.7/site-packages/airflow/example_dags/tutorial_taskflow_api.py
[2023-03-05T12:34:56.391+0000] {processor.py:743} INFO - Processing file /home/airflow/.local/lib/python3.7/site-packages/airflow/example_dags/tutorial_taskflow_api.py for tasks to queue
[2023-03-05T12:34:56.392+0000] {logging_mixin.py:137} INFO - [2023-03-05T12:34:56.392+0000] {dagbag.py:538} INFO - Filling up the DagBag from /home/airflow/.local/lib/python3.7/site-packages/airflow/example_dags/tutorial_taskflow_api.py
[2023-03-05T12:34:56.419+0000] {processor.py:753} INFO - DAG(s) dict_keys(['tutorial_taskflow_api']) retrieved from /home/airflow/.local/lib/python3.7/site-packages/airflow/example_dags/tutorial_taskflow_api.py
[2023-03-05T12:34:56.461+0000] {logging_mixin.py:137} INFO - [2023-03-05T12:34:56.461+0000] {dag.py:2690} INFO - Sync 1 DAGs
[2023-03-05T12:34:56.483+0000] {logging_mixin.py:137} INFO - [2023-03-05T12:34:56.483+0000] {dag.py:3441} INFO - Setting next_dagrun for tutorial_taskflow_api to None, run_after=None
[2023-03-05T12:34:56.501+0000] {processor.py:175} INFO - Processing /home/airflow/.local/lib/python3.7/site-packages/airflow/example_dags/tutorial_taskflow_api.py took 0.122 seconds
[2023-03-05T12:35:26.984+0000] {processor.py:153} INFO - Started process (PID=7255) to work on /home/airflow/.local/lib/python3.7/site-packages/airflow/example_dags/tutorial_taskflow_api.py
[2023-03-05T12:35:26.987+0000] {processor.py:743} INFO - Processing file /home/airflow/.local/lib/python3.7/site-packages/airflow/example_dags/tutorial_taskflow_api.py for tasks to queue
[2023-03-05T12:35:26.990+0000] {logging_mixin.py:137} INFO - [2023-03-05T12:35:26.989+0000] {dagbag.py:538} INFO - Filling up the DagBag from /home/airflow/.local/lib/python3.7/site-packages/airflow/example_dags/tutorial_taskflow_api.py
[2023-03-05T12:35:27.008+0000] {processor.py:753} INFO - DAG(s) dict_keys(['tutorial_taskflow_api']) retrieved from /home/airflow/.local/lib/python3.7/site-packages/airflow/example_dags/tutorial_taskflow_api.py
[2023-03-05T12:35:27.043+0000] {logging_mixin.py:137} INFO - [2023-03-05T12:35:27.043+0000] {dag.py:2690} INFO - Sync 1 DAGs
[2023-03-05T12:35:27.064+0000] {logging_mixin.py:137} INFO - [2023-03-05T12:35:27.064+0000] {dag.py:3441} INFO - Setting next_dagrun for tutorial_taskflow_api to None, run_after=None
[2023-03-05T12:35:27.084+0000] {processor.py:175} INFO - Processing /home/airflow/.local/lib/python3.7/site-packages/airflow/example_dags/tutorial_taskflow_api.py took 0.104 seconds
[2023-03-05T12:35:57.992+0000] {processor.py:153} INFO - Started process (PID=7318) to work on /home/airflow/.local/lib/python3.7/site-packages/airflow/example_dags/tutorial_taskflow_api.py
[2023-03-05T12:35:57.994+0000] {processor.py:743} INFO - Processing file /home/airflow/.local/lib/python3.7/site-packages/airflow/example_dags/tutorial_taskflow_api.py for tasks to queue
[2023-03-05T12:35:57.995+0000] {logging_mixin.py:137} INFO - [2023-03-05T12:35:57.995+0000] {dagbag.py:538} INFO - Filling up the DagBag from /home/airflow/.local/lib/python3.7/site-packages/airflow/example_dags/tutorial_taskflow_api.py
[2023-03-05T12:35:58.012+0000] {processor.py:753} INFO - DAG(s) dict_keys(['tutorial_taskflow_api']) retrieved from /home/airflow/.local/lib/python3.7/site-packages/airflow/example_dags/tutorial_taskflow_api.py
[2023-03-05T12:35:58.035+0000] {logging_mixin.py:137} INFO - [2023-03-05T12:35:58.035+0000] {dag.py:2690} INFO - Sync 1 DAGs
[2023-03-05T12:35:58.068+0000] {logging_mixin.py:137} INFO - [2023-03-05T12:35:58.067+0000] {dag.py:3441} INFO - Setting next_dagrun for tutorial_taskflow_api to None, run_after=None
[2023-03-05T12:35:58.081+0000] {processor.py:175} INFO - Processing /home/airflow/.local/lib/python3.7/site-packages/airflow/example_dags/tutorial_taskflow_api.py took 0.092 seconds
[2023-03-05T12:36:28.137+0000] {processor.py:153} INFO - Started process (PID=7381) to work on /home/airflow/.local/lib/python3.7/site-packages/airflow/example_dags/tutorial_taskflow_api.py
[2023-03-05T12:36:28.138+0000] {processor.py:743} INFO - Processing file /home/airflow/.local/lib/python3.7/site-packages/airflow/example_dags/tutorial_taskflow_api.py for tasks to queue
[2023-03-05T12:36:28.139+0000] {logging_mixin.py:137} INFO - [2023-03-05T12:36:28.139+0000] {dagbag.py:538} INFO - Filling up the DagBag from /home/airflow/.local/lib/python3.7/site-packages/airflow/example_dags/tutorial_taskflow_api.py
[2023-03-05T12:36:28.155+0000] {processor.py:753} INFO - DAG(s) dict_keys(['tutorial_taskflow_api']) retrieved from /home/airflow/.local/lib/python3.7/site-packages/airflow/example_dags/tutorial_taskflow_api.py
[2023-03-05T12:36:28.181+0000] {logging_mixin.py:137} INFO - [2023-03-05T12:36:28.181+0000] {dag.py:2690} INFO - Sync 1 DAGs
[2023-03-05T12:36:28.208+0000] {logging_mixin.py:137} INFO - [2023-03-05T12:36:28.208+0000] {dag.py:3441} INFO - Setting next_dagrun for tutorial_taskflow_api to None, run_after=None
[2023-03-05T12:36:28.228+0000] {processor.py:175} INFO - Processing /home/airflow/.local/lib/python3.7/site-packages/airflow/example_dags/tutorial_taskflow_api.py took 0.095 seconds
[2023-03-05T12:36:58.916+0000] {processor.py:153} INFO - Started process (PID=7443) to work on /home/airflow/.local/lib/python3.7/site-packages/airflow/example_dags/tutorial_taskflow_api.py
[2023-03-05T12:36:58.918+0000] {processor.py:743} INFO - Processing file /home/airflow/.local/lib/python3.7/site-packages/airflow/example_dags/tutorial_taskflow_api.py for tasks to queue
[2023-03-05T12:36:58.918+0000] {logging_mixin.py:137} INFO - [2023-03-05T12:36:58.918+0000] {dagbag.py:538} INFO - Filling up the DagBag from /home/airflow/.local/lib/python3.7/site-packages/airflow/example_dags/tutorial_taskflow_api.py
[2023-03-05T12:36:58.935+0000] {processor.py:753} INFO - DAG(s) dict_keys(['tutorial_taskflow_api']) retrieved from /home/airflow/.local/lib/python3.7/site-packages/airflow/example_dags/tutorial_taskflow_api.py
[2023-03-05T12:36:58.958+0000] {logging_mixin.py:137} INFO - [2023-03-05T12:36:58.958+0000] {dag.py:2690} INFO - Sync 1 DAGs
[2023-03-05T12:36:58.978+0000] {logging_mixin.py:137} INFO - [2023-03-05T12:36:58.978+0000] {dag.py:3441} INFO - Setting next_dagrun for tutorial_taskflow_api to None, run_after=None
[2023-03-05T12:36:58.994+0000] {processor.py:175} INFO - Processing /home/airflow/.local/lib/python3.7/site-packages/airflow/example_dags/tutorial_taskflow_api.py took 0.081 seconds
[2023-03-05T12:37:30.340+0000] {processor.py:153} INFO - Started process (PID=7519) to work on /home/airflow/.local/lib/python3.7/site-packages/airflow/example_dags/tutorial_taskflow_api.py
[2023-03-05T12:37:30.342+0000] {processor.py:743} INFO - Processing file /home/airflow/.local/lib/python3.7/site-packages/airflow/example_dags/tutorial_taskflow_api.py for tasks to queue
[2023-03-05T12:37:30.342+0000] {logging_mixin.py:137} INFO - [2023-03-05T12:37:30.342+0000] {dagbag.py:538} INFO - Filling up the DagBag from /home/airflow/.local/lib/python3.7/site-packages/airflow/example_dags/tutorial_taskflow_api.py
[2023-03-05T12:37:30.358+0000] {processor.py:753} INFO - DAG(s) dict_keys(['tutorial_taskflow_api']) retrieved from /home/airflow/.local/lib/python3.7/site-packages/airflow/example_dags/tutorial_taskflow_api.py
[2023-03-05T12:37:30.382+0000] {logging_mixin.py:137} INFO - [2023-03-05T12:37:30.382+0000] {dag.py:2690} INFO - Sync 1 DAGs
[2023-03-05T12:37:30.399+0000] {logging_mixin.py:137} INFO - [2023-03-05T12:37:30.399+0000] {dag.py:3441} INFO - Setting next_dagrun for tutorial_taskflow_api to None, run_after=None
[2023-03-05T12:37:30.417+0000] {processor.py:175} INFO - Processing /home/airflow/.local/lib/python3.7/site-packages/airflow/example_dags/tutorial_taskflow_api.py took 0.080 seconds
[2023-03-05T12:38:00.483+0000] {processor.py:153} INFO - Started process (PID=7583) to work on /home/airflow/.local/lib/python3.7/site-packages/airflow/example_dags/tutorial_taskflow_api.py
[2023-03-05T12:38:00.485+0000] {processor.py:743} INFO - Processing file /home/airflow/.local/lib/python3.7/site-packages/airflow/example_dags/tutorial_taskflow_api.py for tasks to queue
[2023-03-05T12:38:00.486+0000] {logging_mixin.py:137} INFO - [2023-03-05T12:38:00.486+0000] {dagbag.py:538} INFO - Filling up the DagBag from /home/airflow/.local/lib/python3.7/site-packages/airflow/example_dags/tutorial_taskflow_api.py
[2023-03-05T12:38:00.501+0000] {processor.py:753} INFO - DAG(s) dict_keys(['tutorial_taskflow_api']) retrieved from /home/airflow/.local/lib/python3.7/site-packages/airflow/example_dags/tutorial_taskflow_api.py
[2023-03-05T12:38:00.521+0000] {logging_mixin.py:137} INFO - [2023-03-05T12:38:00.521+0000] {dag.py:2690} INFO - Sync 1 DAGs
[2023-03-05T12:38:00.540+0000] {logging_mixin.py:137} INFO - [2023-03-05T12:38:00.540+0000] {dag.py:3441} INFO - Setting next_dagrun for tutorial_taskflow_api to None, run_after=None
[2023-03-05T12:38:00.553+0000] {processor.py:175} INFO - Processing /home/airflow/.local/lib/python3.7/site-packages/airflow/example_dags/tutorial_taskflow_api.py took 0.072 seconds
[2023-03-05T12:38:31.585+0000] {processor.py:153} INFO - Started process (PID=7646) to work on /home/airflow/.local/lib/python3.7/site-packages/airflow/example_dags/tutorial_taskflow_api.py
[2023-03-05T12:38:31.587+0000] {processor.py:743} INFO - Processing file /home/airflow/.local/lib/python3.7/site-packages/airflow/example_dags/tutorial_taskflow_api.py for tasks to queue
[2023-03-05T12:38:31.588+0000] {logging_mixin.py:137} INFO - [2023-03-05T12:38:31.588+0000] {dagbag.py:538} INFO - Filling up the DagBag from /home/airflow/.local/lib/python3.7/site-packages/airflow/example_dags/tutorial_taskflow_api.py
[2023-03-05T12:38:31.620+0000] {processor.py:753} INFO - DAG(s) dict_keys(['tutorial_taskflow_api']) retrieved from /home/airflow/.local/lib/python3.7/site-packages/airflow/example_dags/tutorial_taskflow_api.py
[2023-03-05T12:38:31.658+0000] {logging_mixin.py:137} INFO - [2023-03-05T12:38:31.657+0000] {dag.py:2690} INFO - Sync 1 DAGs
[2023-03-05T12:38:31.700+0000] {logging_mixin.py:137} INFO - [2023-03-05T12:38:31.700+0000] {dag.py:3441} INFO - Setting next_dagrun for tutorial_taskflow_api to None, run_after=None
[2023-03-05T12:38:31.719+0000] {processor.py:175} INFO - Processing /home/airflow/.local/lib/python3.7/site-packages/airflow/example_dags/tutorial_taskflow_api.py took 0.139 seconds
[2023-03-05T12:39:02.202+0000] {processor.py:153} INFO - Started process (PID=7709) to work on /home/airflow/.local/lib/python3.7/site-packages/airflow/example_dags/tutorial_taskflow_api.py
[2023-03-05T12:39:02.204+0000] {processor.py:743} INFO - Processing file /home/airflow/.local/lib/python3.7/site-packages/airflow/example_dags/tutorial_taskflow_api.py for tasks to queue
[2023-03-05T12:39:02.205+0000] {logging_mixin.py:137} INFO - [2023-03-05T12:39:02.205+0000] {dagbag.py:538} INFO - Filling up the DagBag from /home/airflow/.local/lib/python3.7/site-packages/airflow/example_dags/tutorial_taskflow_api.py
[2023-03-05T12:39:02.221+0000] {processor.py:753} INFO - DAG(s) dict_keys(['tutorial_taskflow_api']) retrieved from /home/airflow/.local/lib/python3.7/site-packages/airflow/example_dags/tutorial_taskflow_api.py
[2023-03-05T12:39:02.240+0000] {logging_mixin.py:137} INFO - [2023-03-05T12:39:02.240+0000] {dag.py:2690} INFO - Sync 1 DAGs
[2023-03-05T12:39:02.256+0000] {logging_mixin.py:137} INFO - [2023-03-05T12:39:02.256+0000] {dag.py:3441} INFO - Setting next_dagrun for tutorial_taskflow_api to None, run_after=None
[2023-03-05T12:39:02.271+0000] {processor.py:175} INFO - Processing /home/airflow/.local/lib/python3.7/site-packages/airflow/example_dags/tutorial_taskflow_api.py took 0.072 seconds
[2023-03-05T12:39:33.019+0000] {processor.py:153} INFO - Started process (PID=7782) to work on /home/airflow/.local/lib/python3.7/site-packages/airflow/example_dags/tutorial_taskflow_api.py
[2023-03-05T12:39:33.020+0000] {processor.py:743} INFO - Processing file /home/airflow/.local/lib/python3.7/site-packages/airflow/example_dags/tutorial_taskflow_api.py for tasks to queue
[2023-03-05T12:39:33.021+0000] {logging_mixin.py:137} INFO - [2023-03-05T12:39:33.021+0000] {dagbag.py:538} INFO - Filling up the DagBag from /home/airflow/.local/lib/python3.7/site-packages/airflow/example_dags/tutorial_taskflow_api.py
[2023-03-05T12:39:33.049+0000] {processor.py:753} INFO - DAG(s) dict_keys(['tutorial_taskflow_api']) retrieved from /home/airflow/.local/lib/python3.7/site-packages/airflow/example_dags/tutorial_taskflow_api.py
[2023-03-05T12:39:33.091+0000] {logging_mixin.py:137} INFO - [2023-03-05T12:39:33.091+0000] {dag.py:2690} INFO - Sync 1 DAGs
[2023-03-05T12:39:33.130+0000] {logging_mixin.py:137} INFO - [2023-03-05T12:39:33.130+0000] {dag.py:3441} INFO - Setting next_dagrun for tutorial_taskflow_api to None, run_after=None
[2023-03-05T12:39:33.166+0000] {processor.py:175} INFO - Processing /home/airflow/.local/lib/python3.7/site-packages/airflow/example_dags/tutorial_taskflow_api.py took 0.150 seconds
[2023-03-05T12:40:03.867+0000] {processor.py:153} INFO - Started process (PID=7844) to work on /home/airflow/.local/lib/python3.7/site-packages/airflow/example_dags/tutorial_taskflow_api.py
[2023-03-05T12:40:03.870+0000] {processor.py:743} INFO - Processing file /home/airflow/.local/lib/python3.7/site-packages/airflow/example_dags/tutorial_taskflow_api.py for tasks to queue
[2023-03-05T12:40:03.873+0000] {logging_mixin.py:137} INFO - [2023-03-05T12:40:03.873+0000] {dagbag.py:538} INFO - Filling up the DagBag from /home/airflow/.local/lib/python3.7/site-packages/airflow/example_dags/tutorial_taskflow_api.py
[2023-03-05T12:40:03.923+0000] {processor.py:753} INFO - DAG(s) dict_keys(['tutorial_taskflow_api']) retrieved from /home/airflow/.local/lib/python3.7/site-packages/airflow/example_dags/tutorial_taskflow_api.py
[2023-03-05T12:40:03.992+0000] {logging_mixin.py:137} INFO - [2023-03-05T12:40:03.992+0000] {dag.py:2690} INFO - Sync 1 DAGs
[2023-03-05T12:40:04.056+0000] {logging_mixin.py:137} INFO - [2023-03-05T12:40:04.055+0000] {dag.py:3441} INFO - Setting next_dagrun for tutorial_taskflow_api to None, run_after=None
[2023-03-05T12:40:04.087+0000] {processor.py:175} INFO - Processing /home/airflow/.local/lib/python3.7/site-packages/airflow/example_dags/tutorial_taskflow_api.py took 0.226 seconds
